[rospy.client][INFO] 2017-06-10 15:55:44,092: init_node, name[/rosbridge_websocket], pid[29650]
[xmlrpc][INFO] 2017-06-10 15:55:44,092: XML-RPC server binding to 0.0.0.0:0
[xmlrpc][INFO] 2017-06-10 15:55:44,097: Started XML-RPC server [http://ip-172-31-19-100:53339/]
[rospy.init][INFO] 2017-06-10 15:55:44,097: ROS Slave URI: [http://ip-172-31-19-100:53339/]
[rospy.impl.masterslave][INFO] 2017-06-10 15:55:44,100: _ready: http://ip-172-31-19-100:53339/
[xmlrpc][INFO] 2017-06-10 15:55:44,112: xml rpc node: starting XML-RPC server
[rospy.registration][INFO] 2017-06-10 15:55:44,112: Registering with master node http://localhost:36505
[rospy.init][INFO] 2017-06-10 15:55:44,207: registered with master
[rospy.rosout][INFO] 2017-06-10 15:55:44,213: initializing /rosout core topic
[rospy.rosout][INFO] 2017-06-10 15:55:44,223: connected to core topic /rosout
[rospy.simtime][INFO] 2017-06-10 15:55:44,227: /use_sim_time is not set, will not subscribe to simulated time [/clock] topic
[rosout][INFO] 2017-06-10 15:55:44,258: Rosbridge WebSocket server started on port 49951
[rospy.internal][INFO] 2017-06-10 15:55:44,481: topic[/rosout] adding connection to [/rosout], count 0
[rosout][INFO] 2017-06-10 15:55:56,675: Client connected.  1 clients total.
[rosout][INFO] 2017-06-10 15:55:56,853: [Client 0] Subscribed to /tf2_web_republisher/feedback
[rosout][INFO] 2017-06-10 15:55:56,878: [Client 0] Subscribed to /visualization_marker_array
[rospy.internal][INFO] 2017-06-10 15:55:56,895: topic[/tf2_web_republisher/feedback] adding connection to [http://ip-172-31-19-100:41820/], count 0
[rospy.internal][INFO] 2017-06-10 15:55:56,896: topic[/visualization_marker_array] adding connection to [http://ip-172-31-19-100:52813/], count 0
[rosout][INFO] 2017-06-10 15:55:56,901: [Client 0] Subscribed to /control_markers/tunneled/update
[rospy.internal][INFO] 2017-06-10 15:55:56,904: topic[/control_markers/tunneled/update] adding connection to [http://ip-172-31-19-100:52075/], count 0
[rospy.internal][INFO] 2017-06-10 15:55:56,985: topic[/control_markers/feedback] adding connection to [/marker_control_29845_1497135347175], count 0
[rosout][INFO] 2017-06-10 15:55:57,025: [Client 0] Subscribed to /tf2_web_republisher/feedback
[rosout][INFO] 2017-06-10 15:55:57,029: [Client 0] Subscribed to /tf2_web_republisher/feedback
[rosout][INFO] 2017-06-10 15:55:57,034: [Client 0] Subscribed to /tf2_web_republisher/feedback
[rosout][INFO] 2017-06-10 15:55:57,038: [Client 0] Subscribed to /tf2_web_republisher/feedback
[rosout][INFO] 2017-06-10 15:55:57,043: [Client 0] Subscribed to /tf2_web_republisher/feedback
[rosout][INFO] 2017-06-10 15:55:57,047: [Client 0] Subscribed to /tf2_web_republisher/feedback
[rosout][INFO] 2017-06-10 15:55:57,051: [Client 0] Subscribed to /tf2_web_republisher/feedback
[rospy.internal][INFO] 2017-06-10 15:55:57,097: topic[/tf2_web_republisher/goal] adding connection to [/tf2_web_republisher], count 0
[rospy.internal][INFO] 2017-06-10 15:55:57,103: topic[/tf2_web_republisher/cancel] adding connection to [/tf2_web_republisher], count 0
[rospy.internal][INFO] 2017-06-10 16:31:13,642: topic impl's ref count is zero, deleting topic /tf2_web_republisher/cancel...
[rospy.internal][INFO] 2017-06-10 16:31:13,642: topic[/tf2_web_republisher/cancel] removing connection to /tf2_web_republisher
[rospy.internal][INFO] 2017-06-10 16:31:13,648: topic impl's ref count is zero, deleting topic /tf2_web_republisher/goal...
[rospy.internal][INFO] 2017-06-10 16:31:13,652: topic[/tf2_web_republisher/goal] removing connection to /tf2_web_republisher
[rospy.internal][INFO] 2017-06-10 16:31:13,661: topic impl's ref count is zero, deleting topic /control_markers/feedback...
[rospy.internal][INFO] 2017-06-10 16:31:13,665: topic[/control_markers/feedback] removing connection to /marker_control_29845_1497135347175
[rospy.internal][INFO] 2017-06-10 16:31:13,674: topic impl's ref count is zero, deleting topic /control_markers/tunneled/update...
[rospy.internal][INFO] 2017-06-10 16:31:13,680: topic[/control_markers/tunneled/update] removing connection to http://ip-172-31-19-100:52075/
[rospy.internal][INFO] 2017-06-10 16:31:13,690: topic impl's ref count is zero, deleting topic /tf2_web_republisher/feedback...
[rospy.internal][INFO] 2017-06-10 16:31:13,693: topic[/tf2_web_republisher/feedback] removing connection to http://ip-172-31-19-100:41820/
[rospy.internal][INFO] 2017-06-10 16:31:13,706: topic impl's ref count is zero, deleting topic /visualization_marker_array...
[rospy.internal][INFO] 2017-06-10 16:31:13,711: topic[/visualization_marker_array] removing connection to http://ip-172-31-19-100:52813/
[rosout][INFO] 2017-06-10 16:31:13,720: Client disconnected. 0 clients total.
