[rosmaster.main][INFO] 2017-06-10 19:53:08,117: initialization complete, waiting for shutdown
[rosmaster.main][INFO] 2017-06-10 19:53:08,117: Starting ROS Master Node
[xmlrpc][INFO] 2017-06-10 19:53:08,128: XML-RPC server binding to 0.0.0.0:55681
[xmlrpc][INFO] 2017-06-10 19:53:08,131: Started XML-RPC server [http://ip-172-31-26-229:55681/]
[rosmaster.master][INFO] 2017-06-10 19:53:08,132: Master initialized: port[55681], uri[http://ip-172-31-26-229:55681/]
[xmlrpc][INFO] 2017-06-10 19:53:08,135: xml rpc node: starting XML-RPC server
[rosmaster.master][INFO] 2017-06-10 19:53:08,219: +PARAM [/run_id] by /roslaunch
[rosmaster.master][INFO] 2017-06-10 19:53:08,227: +PARAM [/roslaunch/uris/host_ip_172_31_26_229__34892] by /roslaunch
[rosmaster.master][INFO] 2017-06-10 19:53:08,315: +PARAM [/rosversion] by /roslaunch
[rosmaster.master][INFO] 2017-06-10 19:53:08,318: +PARAM [/rosdistro] by /roslaunch
[rosmaster.master][INFO] 2017-06-10 19:53:08,342: +SERVICE [/rosout/get_loggers] /rosout http://ip-172-31-26-229:38748/
[rosmaster.master][INFO] 2017-06-10 19:53:08,346: +SERVICE [/rosout/set_logger_level] /rosout http://ip-172-31-26-229:38748/
[rosmaster.master][INFO] 2017-06-10 19:53:08,352: +PUB [/rosout_agg] /rosout http://ip-172-31-26-229:38748/
[rosmaster.master][INFO] 2017-06-10 19:53:08,360: +SUB [/rosout] /rosout http://ip-172-31-26-229:38748/
[rosmaster.master][INFO] 2017-06-10 19:53:08,659: +PUB [/rosout] /tf2_web_republisher http://ip-172-31-26-229:39224/
[rosmaster.master][INFO] 2017-06-10 19:53:08,665: +SERVICE [/tf2_web_republisher/get_loggers] /tf2_web_republisher http://ip-172-31-26-229:39224/
[rosmaster.master][INFO] 2017-06-10 19:53:08,669: +SERVICE [/tf2_web_republisher/set_logger_level] /tf2_web_republisher http://ip-172-31-26-229:39224/
[rosmaster.master][INFO] 2017-06-10 19:53:08,677: +SUB [/tf] /tf2_web_republisher http://ip-172-31-26-229:39224/
[rosmaster.master][INFO] 2017-06-10 19:53:08,684: +SUB [/tf_static] /tf2_web_republisher http://ip-172-31-26-229:39224/
[rosmaster.master][INFO] 2017-06-10 19:53:08,688: +SERVICE [/republish_tfs] /tf2_web_republisher http://ip-172-31-26-229:39224/
[rosmaster.master][INFO] 2017-06-10 19:53:08,692: +PUB [/tf2_web_republisher/result] /tf2_web_republisher http://ip-172-31-26-229:39224/
[rosmaster.master][INFO] 2017-06-10 19:53:08,696: +PUB [/tf2_web_republisher/feedback] /tf2_web_republisher http://ip-172-31-26-229:39224/
[rosmaster.master][INFO] 2017-06-10 19:53:08,700: +PUB [/tf2_web_republisher/status] /tf2_web_republisher http://ip-172-31-26-229:39224/
[rosmaster.master][INFO] 2017-06-10 19:53:08,709: +SUB [/tf2_web_republisher/goal] /tf2_web_republisher http://ip-172-31-26-229:39224/
[rosmaster.master][INFO] 2017-06-10 19:53:08,718: +SUB [/tf2_web_republisher/cancel] /tf2_web_republisher http://ip-172-31-26-229:39224/
[rosmaster.master][INFO] 2017-06-10 19:53:08,728: publisherUpdate[/rosout] -> http://ip-172-31-26-229:38748/
[rosmaster.master][INFO] 2017-06-10 19:53:10,141: +PARAM [/roslaunch/uris/host_ip_172_31_26_229__45472] by /roslaunch
[rosmaster.master][INFO] 2017-06-10 19:53:10,151: +PARAM [/rosbridge_websocket/port] by /roslaunch
[rosmaster.master][INFO] 2017-06-10 19:53:10,154: +PARAM [/rosdistro] by /roslaunch
[rosmaster.master][INFO] 2017-06-10 19:53:10,158: +PARAM [/rosbridge_websocket/fragment_timeout] by /roslaunch
[rosmaster.master][INFO] 2017-06-10 19:53:10,166: +PARAM [/rosbridge_websocket/delay_between_messages] by /roslaunch
[rosmaster.master][INFO] 2017-06-10 19:53:10,170: +PARAM [/rosversion] by /roslaunch
[rosmaster.master][INFO] 2017-06-10 19:53:10,173: +PARAM [/rosbridge_websocket/authenticate] by /roslaunch
[rosmaster.master][INFO] 2017-06-10 19:53:10,177: +PARAM [/rosbridge_websocket/retry_startup_delay] by /roslaunch
[rosmaster.master][INFO] 2017-06-10 19:53:10,180: +PARAM [/rosbridge_websocket/address] by /roslaunch
[rosmaster.master][INFO] 2017-06-10 19:53:10,184: +PARAM [/rosbridge_websocket/max_message_size] by /roslaunch
[rosmaster.master][INFO] 2017-06-10 19:53:10,657: +PUB [/rosout] /interactive_marker_proxy http://ip-172-31-26-229:38254/
[rosmaster.master][INFO] 2017-06-10 19:53:10,664: +PUB [/rosout] /rosapi http://ip-172-31-26-229:48575/
[rosmaster.master][INFO] 2017-06-10 19:53:10,668: +SERVICE [/interactive_marker_proxy/get_loggers] /interactive_marker_proxy http://ip-172-31-26-229:38254/
[rosmaster.master][INFO] 2017-06-10 19:53:10,672: +SERVICE [/interactive_marker_proxy/set_logger_level] /interactive_marker_proxy http://ip-172-31-26-229:38254/
[rosmaster.master][INFO] 2017-06-10 19:53:10,678: +SERVICE [/rosapi/get_loggers] /rosapi http://ip-172-31-26-229:48575/
[rosmaster.master][INFO] 2017-06-10 19:53:10,682: +SUB [/tf] /interactive_marker_proxy http://ip-172-31-26-229:38254/
[rosmaster.master][INFO] 2017-06-10 19:53:10,685: +SERVICE [/rosapi/set_logger_level] /rosapi http://ip-172-31-26-229:48575/
[rosmaster.master][INFO] 2017-06-10 19:53:10,689: +SUB [/tf_static] /interactive_marker_proxy http://ip-172-31-26-229:38254/
[rosmaster.master][INFO] 2017-06-10 19:53:10,693: +SERVICE [/rosapi/topics] /rosapi http://ip-172-31-26-229:48575/
[rosmaster.master][INFO] 2017-06-10 19:53:10,698: +SERVICE [/rosapi/topics_for_type] /rosapi http://ip-172-31-26-229:48575/
[rosmaster.master][INFO] 2017-06-10 19:53:10,702: +SUB [/control_markers/update] /interactive_marker_proxy http://ip-172-31-26-229:38254/
[rosmaster.master][INFO] 2017-06-10 19:53:10,706: +SERVICE [/rosapi/services] /rosapi http://ip-172-31-26-229:48575/
[rosmaster.master][INFO] 2017-06-10 19:53:10,711: +SERVICE [/rosapi/services_for_type] /rosapi http://ip-172-31-26-229:48575/
[rosmaster.master][INFO] 2017-06-10 19:53:10,715: +SUB [/control_markers/update_full] /interactive_marker_proxy http://ip-172-31-26-229:38254/
[rosmaster.master][INFO] 2017-06-10 19:53:10,719: +SERVICE [/rosapi/nodes] /rosapi http://ip-172-31-26-229:48575/
[rosmaster.master][INFO] 2017-06-10 19:53:10,724: +PUB [/control_markers/tunneled/update] /interactive_marker_proxy http://ip-172-31-26-229:38254/
[rosmaster.master][INFO] 2017-06-10 19:53:10,727: +SERVICE [/rosapi/node_details] /rosapi http://ip-172-31-26-229:48575/
[rosmaster.master][INFO] 2017-06-10 19:53:10,732: publisherUpdate[/rosout] -> http://ip-172-31-26-229:38748/
[rosmaster.master][INFO] 2017-06-10 19:53:10,734: +SERVICE [/control_markers/tunneled/get_init] /interactive_marker_proxy http://ip-172-31-26-229:38254/
[rosmaster.master][INFO] 2017-06-10 19:53:10,739: publisherUpdate[/rosout] -> http://ip-172-31-26-229:38748/
[rosmaster.master][INFO] 2017-06-10 19:53:10,742: +SERVICE [/rosapi/topic_type] /rosapi http://ip-172-31-26-229:48575/
[rosmaster.master][INFO] 2017-06-10 19:53:10,750: +SERVICE [/rosapi/service_type] /rosapi http://ip-172-31-26-229:48575/
[rosmaster.master][INFO] 2017-06-10 19:53:10,755: +SERVICE [/rosapi/publishers] /rosapi http://ip-172-31-26-229:48575/
[rosmaster.master][INFO] 2017-06-10 19:53:10,759: +SERVICE [/rosapi/subscribers] /rosapi http://ip-172-31-26-229:48575/
[rosmaster.master][INFO] 2017-06-10 19:53:10,764: +SERVICE [/rosapi/service_providers] /rosapi http://ip-172-31-26-229:48575/
[rosmaster.master][INFO] 2017-06-10 19:53:10,769: +SERVICE [/rosapi/service_node] /rosapi http://ip-172-31-26-229:48575/
[rosmaster.master][INFO] 2017-06-10 19:53:10,773: +SERVICE [/rosapi/service_host] /rosapi http://ip-172-31-26-229:48575/
[rosmaster.master][INFO] 2017-06-10 19:53:10,777: +SERVICE [/rosapi/message_details] /rosapi http://ip-172-31-26-229:48575/
[rosmaster.master][INFO] 2017-06-10 19:53:10,781: -SUB [/control_markers/update_full] /interactive_marker_proxy http://ip-172-31-26-229:38254/
[rosmaster.master][INFO] 2017-06-10 19:53:10,785: +SERVICE [/rosapi/service_request_details] /rosapi http://ip-172-31-26-229:48575/
[rosmaster.master][INFO] 2017-06-10 19:53:10,789: +SERVICE [/rosapi/service_response_details] /rosapi http://ip-172-31-26-229:48575/
[rosmaster.master][INFO] 2017-06-10 19:53:10,794: +SERVICE [/rosapi/set_param] /rosapi http://ip-172-31-26-229:48575/
[rosmaster.master][INFO] 2017-06-10 19:53:10,798: +SERVICE [/rosapi/get_param] /rosapi http://ip-172-31-26-229:48575/
[rosmaster.master][INFO] 2017-06-10 19:53:10,809: +SERVICE [/rosapi/has_param] /rosapi http://ip-172-31-26-229:48575/
[rosmaster.master][INFO] 2017-06-10 19:53:10,814: +SERVICE [/rosapi/search_param] /rosapi http://ip-172-31-26-229:48575/
[rosmaster.master][INFO] 2017-06-10 19:53:10,818: +SERVICE [/rosapi/delete_param] /rosapi http://ip-172-31-26-229:48575/
[rosmaster.master][INFO] 2017-06-10 19:53:10,822: +SERVICE [/rosapi/get_param_names] /rosapi http://ip-172-31-26-229:48575/
[rosmaster.master][INFO] 2017-06-10 19:53:10,827: +SERVICE [/rosapi/get_time] /rosapi http://ip-172-31-26-229:48575/
[rosmaster.master][INFO] 2017-06-10 19:53:10,833: +PUB [/rosout] /rosbridge_websocket http://ip-172-31-26-229:34243/
[rosmaster.master][INFO] 2017-06-10 19:53:10,833: publisherUpdate[/rosout] -> http://ip-172-31-26-229:38748/
[rosmaster.master][INFO] 2017-06-10 19:53:10,846: +SERVICE [/rosbridge_websocket/get_loggers] /rosbridge_websocket http://ip-172-31-26-229:34243/
[rosmaster.master][INFO] 2017-06-10 19:53:10,851: +SERVICE [/rosbridge_websocket/set_logger_level] /rosbridge_websocket http://ip-172-31-26-229:34243/
[rosmaster.master][INFO] 2017-06-10 19:53:12,235: +PARAM [/roslaunch/uris/host_ip_172_31_26_229__33879] by /roslaunch
[rosmaster.master][INFO] 2017-06-10 19:53:12,251: +PARAM [/robot_description_kinematics/lwr_arm/kinematics_solver] by /roslaunch
[rosmaster.master][INFO] 2017-06-10 19:53:12,254: +PARAM [/move_group/planner_configs/RRTkConfigDefault/goal_bias] by /roslaunch
[rosmaster.master][INFO] 2017-06-10 19:53:12,258: +PARAM [/robot_description_semantic] by /roslaunch
[rosmaster.master][INFO] 2017-06-10 19:53:12,261: +PARAM [/robot_description_kinematics/lwr_arm/kinematics_solver_attempts] by /roslaunch
[rosmaster.master][INFO] 2017-06-10 19:53:12,265: +PARAM [/robot_description_planning/joint_limits/lwr_arm_6_joint/max_acceleration] by /roslaunch
[rosmaster.master][INFO] 2017-06-10 19:53:12,268: +PARAM [/robot_description_planning/joint_limits/lwr_arm_5_joint/has_acceleration_limits] by /roslaunch
[rosmaster.master][INFO] 2017-06-10 19:53:12,271: +PARAM [/move_group/planner_configs/RRTstarkConfigDefault/range] by /roslaunch
[rosmaster.master][INFO] 2017-06-10 19:53:12,275: +PARAM [/robot_description_planning/joint_limits/lwr_arm_0_joint/max_acceleration] by /roslaunch
[rosmaster.master][INFO] 2017-06-10 19:53:12,278: +PARAM [/robot_description_planning/joint_limits/lwr_arm_0_joint/has_velocity_limits] by /roslaunch
[rosmaster.master][INFO] 2017-06-10 19:53:12,282: +PARAM [/move_group/max_safe_path_cost] by /roslaunch
[rosmaster.master][INFO] 2017-06-10 19:53:12,286: +PARAM [/move_group/planner_configs/RRTstarkConfigDefault/goal_bias] by /roslaunch
[rosmaster.master][INFO] 2017-06-10 19:53:12,289: +PARAM [/move_group/planning_scene_monitor/publish_planning_scene] by /roslaunch
[rosmaster.master][INFO] 2017-06-10 19:53:12,292: +PARAM [/move_group/planner_configs/PRMkConfigDefault/type] by /roslaunch
[rosmaster.master][INFO] 2017-06-10 19:53:12,296: +PARAM [/move_group/planner_configs/ESTkConfigDefault/range] by /roslaunch
[rosmaster.master][INFO] 2017-06-10 19:53:12,299: +PARAM [/robot_description_planning/joint_limits/lwr_arm_2_joint/max_acceleration] by /roslaunch
[rosmaster.master][INFO] 2017-06-10 19:53:12,303: +PARAM [/move_group/planner_configs/KPIECEkConfigDefault/min_valid_path_fraction] by /roslaunch
[rosmaster.master][INFO] 2017-06-10 19:53:12,306: +PARAM [/move_group/planner_configs/BKPIECEkConfigDefault/border_fraction] by /roslaunch
[rosmaster.master][INFO] 2017-06-10 19:53:12,309: +PARAM [/move_group/planner_configs/PRMkConfigDefault/max_nearest_neighbors] by /roslaunch
[rosmaster.master][INFO] 2017-06-10 19:53:12,313: +PARAM [/move_group/planner_configs/TRRTkConfigDefault/goal_bias] by /roslaunch
[rosmaster.master][INFO] 2017-06-10 19:53:12,316: +PARAM [/move_group/planner_configs/BKPIECEkConfigDefault/min_valid_path_fraction] by /roslaunch
[rosmaster.master][INFO] 2017-06-10 19:53:12,319: +PARAM [/robot_description_planning/joint_limits/lwr_arm_2_joint/has_velocity_limits] by /roslaunch
[rosmaster.master][INFO] 2017-06-10 19:53:12,323: +PARAM [/robot_description_planning/joint_limits/lwr_arm_3_joint/max_velocity] by /roslaunch
[rosmaster.master][INFO] 2017-06-10 19:53:12,326: +PARAM [/robot_description_planning/joint_limits/lwr_arm_4_joint/max_acceleration] by /roslaunch
[rosmaster.master][INFO] 2017-06-10 19:53:12,330: +PARAM [/robot_description_planning/joint_limits/lwr_arm_0_joint/max_velocity] by /roslaunch
[rosmaster.master][INFO] 2017-06-10 19:53:12,333: +PARAM [/move_group/planner_configs/SBLkConfigDefault/range] by /roslaunch
[rosmaster.master][INFO] 2017-06-10 19:53:12,337: +PARAM [/move_group/planner_configs/TRRTkConfigDefault/frountierNodeRatio] by /roslaunch
[rosmaster.master][INFO] 2017-06-10 19:53:12,340: +PARAM [/robot_description_planning/joint_limits/lwr_arm_6_joint/has_acceleration_limits] by /roslaunch
[rosmaster.master][INFO] 2017-06-10 19:53:12,343: +PARAM [/move_group/planning_plugin] by /roslaunch
[rosmaster.master][INFO] 2017-06-10 19:53:12,346: +PARAM [/move_group/planning_scene_monitor/publish_geometry_updates] by /roslaunch
[rosmaster.master][INFO] 2017-06-10 19:53:12,350: +PARAM [/robot_description_planning/joint_limits/lwr_arm_3_joint/max_acceleration] by /roslaunch
[rosmaster.master][INFO] 2017-06-10 19:53:12,353: +PARAM [/move_group/planner_configs/TRRTkConfigDefault/max_states_failed] by /roslaunch
[rosmaster.master][INFO] 2017-06-10 19:53:12,357: +PARAM [/robot_description_planning/joint_limits/lwr_arm_3_joint/has_velocity_limits] by /roslaunch
[rosmaster.master][INFO] 2017-06-10 19:53:12,360: +PARAM [/robot_description_kinematics/lwr_arm/kinematics_solver_timeout] by /roslaunch
[rosmaster.master][INFO] 2017-06-10 19:53:12,363: +PARAM [/move_group/lwr_arm/projection_evaluator] by /roslaunch
[rosmaster.master][INFO] 2017-06-10 19:53:12,367: +PARAM [/robot_description_planning/joint_limits/lwr_arm_1_joint/has_acceleration_limits] by /roslaunch
[rosmaster.master][INFO] 2017-06-10 19:53:12,370: +PARAM [/rosdistro] by /roslaunch
[rosmaster.master][INFO] 2017-06-10 19:53:12,374: +PARAM [/robot_description_planning/joint_limits/lwr_arm_5_joint/max_velocity] by /roslaunch
[rosmaster.master][INFO] 2017-06-10 19:53:12,378: +PARAM [/move_group/planner_configs/PRMstarkConfigDefault/type] by /roslaunch
[rosmaster.master][INFO] 2017-06-10 19:53:12,381: +PARAM [/move_group/planner_configs/RRTkConfigDefault/range] by /roslaunch
[rosmaster.master][INFO] 2017-06-10 19:53:12,385: +PARAM [/move_group/allow_trajectory_execution] by /roslaunch
[rosmaster.master][INFO] 2017-06-10 19:53:12,388: +PARAM [/move_group/lwr_arm/planner_configs] by /roslaunch
[rosmaster.master][INFO] 2017-06-10 19:53:12,392: +PARAM [/move_group/planner_configs/ESTkConfigDefault/type] by /roslaunch
[rosmaster.master][INFO] 2017-06-10 19:53:12,397: +PARAM [/move_group/start_state_max_bounds_error] by /roslaunch
[rosmaster.master][INFO] 2017-06-10 19:53:12,400: +PARAM [/move_group/planner_configs/TRRTkConfigDefault/init_temperature] by /roslaunch
[rosmaster.master][INFO] 2017-06-10 19:53:12,404: +PARAM [/move_group/planner_configs/BKPIECEkConfigDefault/type] by /roslaunch
[rosmaster.master][INFO] 2017-06-10 19:53:12,407: +PARAM [/move_group/planner_configs/KPIECEkConfigDefault/border_fraction] by /roslaunch
[rosmaster.master][INFO] 2017-06-10 19:53:12,416: +PARAM [/robot_description_planning/joint_limits/lwr_arm_4_joint/has_velocity_limits] by /roslaunch
[rosmaster.master][INFO] 2017-06-10 19:53:12,420: +PARAM [/move_group/planner_configs/ESTkConfigDefault/goal_bias] by /roslaunch
[rosmaster.master][INFO] 2017-06-10 19:53:12,423: +PARAM [/move_group/planner_configs/LBKPIECEkConfigDefault/border_fraction] by /roslaunch
[rosmaster.master][INFO] 2017-06-10 19:53:12,427: +PARAM [/move_group/jiggle_fraction] by /roslaunch
[rosmaster.master][INFO] 2017-06-10 19:53:12,430: +PARAM [/move_group/planner_configs/TRRTkConfigDefault/range] by /roslaunch
[rosmaster.master][INFO] 2017-06-10 19:53:12,434: +PARAM [/move_group/planning_scene_monitor/publish_state_updates] by /roslaunch
[rosmaster.master][INFO] 2017-06-10 19:53:12,437: +PARAM [/move_group/planner_configs/TRRTkConfigDefault/temp_change_factor] by /roslaunch
[rosmaster.master][INFO] 2017-06-10 19:53:12,440: +PARAM [/robot_description_planning/joint_limits/lwr_arm_6_joint/max_velocity] by /roslaunch
[rosmaster.master][INFO] 2017-06-10 19:53:12,444: +PARAM [/robot_description_planning/joint_limits/lwr_arm_1_joint/max_velocity] by /roslaunch
[rosmaster.master][INFO] 2017-06-10 19:53:12,448: +PARAM [/move_group/planner_configs/SBLkConfigDefault/type] by /roslaunch
[rosmaster.master][INFO] 2017-06-10 19:53:12,451: +PARAM [/robot_description] by /roslaunch
[rosmaster.master][INFO] 2017-06-10 19:53:12,455: +PARAM [/move_group/capabilities] by /roslaunch
[rosmaster.master][INFO] 2017-06-10 19:53:12,458: +PARAM [/move_group/planner_configs/LBKPIECEkConfigDefault/range] by /roslaunch
[rosmaster.master][INFO] 2017-06-10 19:53:12,461: +PARAM [/robot_description_planning/joint_limits/lwr_arm_5_joint/max_acceleration] by /roslaunch
[rosmaster.master][INFO] 2017-06-10 19:53:12,465: +PARAM [/move_group/planner_configs/KPIECEkConfigDefault/range] by /roslaunch
[rosmaster.master][INFO] 2017-06-10 19:53:12,468: +PARAM [/move_group/planner_configs/BKPIECEkConfigDefault/range] by /roslaunch
[rosmaster.master][INFO] 2017-06-10 19:53:12,471: +PARAM [/move_group/planner_configs/TRRTkConfigDefault/type] by /roslaunch
[rosmaster.master][INFO] 2017-06-10 19:53:12,475: +PARAM [/move_group/planner_configs/KPIECEkConfigDefault/goal_bias] by /roslaunch
[rosmaster.master][INFO] 2017-06-10 19:53:12,478: +PARAM [/move_group/planner_configs/RRTConnectkConfigDefault/range] by /roslaunch
[rosmaster.master][INFO] 2017-06-10 19:53:12,482: +PARAM [/move_group/request_adapters] by /roslaunch
[rosmaster.master][INFO] 2017-06-10 19:53:12,485: +PARAM [/move_group/planner_configs/TRRTkConfigDefault/min_temperature] by /roslaunch
[rosmaster.master][INFO] 2017-06-10 19:53:12,489: +PARAM [/robot_description_planning/joint_limits/lwr_arm_6_joint/has_velocity_limits] by /roslaunch
[rosmaster.master][INFO] 2017-06-10 19:53:12,492: +PARAM [/robot_description_planning/joint_limits/lwr_arm_1_joint/has_velocity_limits] by /roslaunch
[rosmaster.master][INFO] 2017-06-10 19:53:12,496: +PARAM [/move_group/planner_configs/KPIECEkConfigDefault/failed_expansion_score_factor] by /roslaunch
[rosmaster.master][INFO] 2017-06-10 19:53:12,499: +PARAM [/move_group/planning_scene_monitor/publish_transforms_updates] by /roslaunch
[rosmaster.master][INFO] 2017-06-10 19:53:12,503: +PARAM [/robot_description_planning/joint_limits/lwr_arm_5_joint/has_velocity_limits] by /roslaunch
[rosmaster.master][INFO] 2017-06-10 19:53:12,506: +PARAM [/robot_description_planning/joint_limits/lwr_arm_3_joint/has_acceleration_limits] by /roslaunch
[rosmaster.master][INFO] 2017-06-10 19:53:12,510: +PARAM [/move_group/planner_configs/RRTstarkConfigDefault/type] by /roslaunch
[rosmaster.master][INFO] 2017-06-10 19:53:12,513: +PARAM [/move_group/lwr_arm/longest_valid_segment_fraction] by /roslaunch
[rosmaster.master][INFO] 2017-06-10 19:53:12,517: +PARAM [/move_group/planner_configs/RRTstarkConfigDefault/delay_collision_checking] by /roslaunch
[rosmaster.master][INFO] 2017-06-10 19:53:12,520: +PARAM [/move_group/planner_configs/KPIECEkConfigDefault/type] by /roslaunch
[rosmaster.master][INFO] 2017-06-10 19:53:12,523: +PARAM [/robot_description_kinematics/lwr_arm/kinematics_solver_search_resolution] by /roslaunch
[rosmaster.master][INFO] 2017-06-10 19:53:12,527: +PARAM [/move_group/planner_configs/RRTConnectkConfigDefault/type] by /roslaunch
[rosmaster.master][INFO] 2017-06-10 19:53:12,530: +PARAM [/robot_description_planning/joint_limits/lwr_arm_2_joint/has_acceleration_limits] by /roslaunch
[rosmaster.master][INFO] 2017-06-10 19:53:12,533: +PARAM [/move_group/planner_configs/BKPIECEkConfigDefault/failed_expansion_score_factor] by /roslaunch
[rosmaster.master][INFO] 2017-06-10 19:53:12,537: +PARAM [/robot_description_planning/joint_limits/lwr_arm_2_joint/max_velocity] by /roslaunch
[rosmaster.master][INFO] 2017-06-10 19:53:12,540: +PARAM [/move_group/planner_configs/LBKPIECEkConfigDefault/min_valid_path_fraction] by /roslaunch
[rosmaster.master][INFO] 2017-06-10 19:53:12,544: +PARAM [/rosversion] by /roslaunch
[rosmaster.master][INFO] 2017-06-10 19:53:12,547: +PARAM [/robot_description_planning/joint_limits/lwr_arm_4_joint/max_velocity] by /roslaunch
[rosmaster.master][INFO] 2017-06-10 19:53:12,551: +PARAM [/robot_description_planning/joint_limits/lwr_arm_4_joint/has_acceleration_limits] by /roslaunch
[rosmaster.master][INFO] 2017-06-10 19:53:12,554: +PARAM [/robot_description_planning/joint_limits/lwr_arm_0_joint/has_acceleration_limits] by /roslaunch
[rosmaster.master][INFO] 2017-06-10 19:53:12,558: +PARAM [/robot_description_planning/joint_limits/lwr_arm_1_joint/max_acceleration] by /roslaunch
[rosmaster.master][INFO] 2017-06-10 19:53:12,561: +PARAM [/move_group/planner_configs/TRRTkConfigDefault/k_constant] by /roslaunch
[rosmaster.master][INFO] 2017-06-10 19:53:12,565: +PARAM [/move_group/planner_configs/TRRTkConfigDefault/frountier_threshold] by /roslaunch
[rosmaster.master][INFO] 2017-06-10 19:53:12,568: +PARAM [/move_group/planner_configs/LBKPIECEkConfigDefault/type] by /roslaunch
[rosmaster.master][INFO] 2017-06-10 19:53:12,571: +PARAM [/move_group/planner_configs/RRTkConfigDefault/type] by /roslaunch
[rosmaster.master][INFO] 2017-06-10 19:53:12,736: +PUB [/rosout] /robot_sim http://ip-172-31-26-229:48655/
[rosmaster.master][INFO] 2017-06-10 19:53:12,740: +SERVICE [/robot_sim/get_loggers] /robot_sim http://ip-172-31-26-229:48655/
[rosmaster.master][INFO] 2017-06-10 19:53:12,743: publisherUpdate[/rosout] -> http://ip-172-31-26-229:38748/
[rosmaster.master][INFO] 2017-06-10 19:53:12,745: +SERVICE [/robot_sim/set_logger_level] /robot_sim http://ip-172-31-26-229:48655/
[rosmaster.master][INFO] 2017-06-10 19:53:12,757: +PUB [/joint_states] /robot_sim http://ip-172-31-26-229:48655/
[rosmaster.master][INFO] 2017-06-10 19:53:12,766: +SUB [/joint_velocities] /robot_sim http://ip-172-31-26-229:48655/
[rosmaster.master][INFO] 2017-06-10 19:53:12,776: +SUB [/joint_positions] /robot_sim http://ip-172-31-26-229:48655/
[rosmaster.master][INFO] 2017-06-10 19:53:12,785: +SUB [/joint_command] /robot_sim http://ip-172-31-26-229:48655/
[rosmaster.master][INFO] 2017-06-10 19:53:12,792: +PUB [/rosout] /robot_state_publisher http://ip-172-31-26-229:48017/
[rosmaster.master][INFO] 2017-06-10 19:53:12,796: +SUB [/joint_trajectory] /robot_sim http://ip-172-31-26-229:48655/
[rosmaster.master][INFO] 2017-06-10 19:53:12,799: +SERVICE [/robot_state_publisher/get_loggers] /robot_state_publisher http://ip-172-31-26-229:48017/
[rosmaster.master][INFO] 2017-06-10 19:53:12,807: +SERVICE [/robot_state_publisher/set_logger_level] /robot_state_publisher http://ip-172-31-26-229:48017/
[rosmaster.master][INFO] 2017-06-10 19:53:12,816: +PUB [/tf] /robot_state_publisher http://ip-172-31-26-229:48017/
[rosmaster.master][INFO] 2017-06-10 19:53:12,821: +PUB [/tf_static] /robot_state_publisher http://ip-172-31-26-229:48017/
[rosmaster.master][INFO] 2017-06-10 19:53:12,833: +SUB [/joint_states] /robot_state_publisher http://ip-172-31-26-229:48017/
[rosmaster.master][INFO] 2017-06-10 19:53:12,845: publisherUpdate[/rosout] -> http://ip-172-31-26-229:38748/
[rosmaster.master][INFO] 2017-06-10 19:53:12,848: publisherUpdate[/tf] -> http://ip-172-31-26-229:39224/
[rosmaster.master][INFO] 2017-06-10 19:53:12,849: publisherUpdate[/tf] -> http://ip-172-31-26-229:38254/
[rosmaster.master][INFO] 2017-06-10 19:53:12,854: publisherUpdate[/tf_static] -> http://ip-172-31-26-229:39224/
[rosmaster.master][INFO] 2017-06-10 19:53:12,858: publisherUpdate[/tf_static] -> http://ip-172-31-26-229:38254/
[rosmaster.master][INFO] 2017-06-10 19:53:12,984: +PUB [/rosout] /move_group http://ip-172-31-26-229:55988/
[rosmaster.master][INFO] 2017-06-10 19:53:12,989: +SERVICE [/move_group/get_loggers] /move_group http://ip-172-31-26-229:55988/
[rosmaster.master][INFO] 2017-06-10 19:53:12,993: +SERVICE [/move_group/set_logger_level] /move_group http://ip-172-31-26-229:55988/
[rosmaster.master][INFO] 2017-06-10 19:53:13,004: +SUB [/tf] /move_group http://ip-172-31-26-229:55988/
[rosmaster.master][INFO] 2017-06-10 19:53:13,013: +SUB [/tf_static] /move_group http://ip-172-31-26-229:55988/
[rosmaster.master][INFO] 2017-06-10 19:53:13,056: publisherUpdate[/rosout] -> http://ip-172-31-26-229:38748/
[rosmaster.master][INFO] 2017-06-10 19:53:13,202: +PUB [/rosout] /move_group_commander_wrappers_1497149593197753800 http://ip-172-31-26-229:57236/
[rosmaster.master][INFO] 2017-06-10 19:53:13,207: +SERVICE [/move_group_commander_wrappers_1497149593197753800/get_loggers] /move_group_commander_wrappers_1497149593197753800 http://ip-172-31-26-229:57236/
[rosmaster.master][INFO] 2017-06-10 19:53:13,211: +SERVICE [/move_group_commander_wrappers_1497149593197753800/set_logger_level] /move_group_commander_wrappers_1497149593197753800 http://ip-172-31-26-229:57236/
[rosmaster.master][INFO] 2017-06-10 19:53:13,214: +SERVICE [/move_group/planning_scene_monitor/set_parameters] /move_group http://ip-172-31-26-229:55988/
[rosmaster.master][INFO] 2017-06-10 19:53:13,219: +PUB [/move_group/planning_scene_monitor/parameter_descriptions] /move_group http://ip-172-31-26-229:55988/
[rosmaster.master][INFO] 2017-06-10 19:53:13,225: +PUB [/move_group/planning_scene_monitor/parameter_updates] /move_group http://ip-172-31-26-229:55988/
[rosmaster.master][INFO] 2017-06-10 19:53:13,234: +PARAM [/move_group/planning_scene_monitor/publish_planning_scene] by /move_group
[rosmaster.master][INFO] 2017-06-10 19:53:13,239: +PARAM [/move_group/planning_scene_monitor/publish_planning_scene_hz] by /move_group
[rosmaster.master][INFO] 2017-06-10 19:53:13,243: +PARAM [/move_group/planning_scene_monitor/publish_geometry_updates] by /move_group
[rosmaster.master][INFO] 2017-06-10 19:53:13,247: +PARAM [/move_group/planning_scene_monitor/publish_state_updates] by /move_group
[rosmaster.master][INFO] 2017-06-10 19:53:13,252: +PARAM [/move_group/planning_scene_monitor/publish_transforms_updates] by /move_group
[rosmaster.master][INFO] 2017-06-10 19:53:13,256: +PUB [/move_group/monitored_planning_scene] /move_group http://ip-172-31-26-229:55988/
[rosmaster.master][INFO] 2017-06-10 19:53:13,260: publisherUpdate[/rosout] -> http://ip-172-31-26-229:38748/
[rosmaster.master][INFO] 2017-06-10 19:53:13,262: +PARAM [/move_group/planning_scene_monitor/publish_planning_scene] by /move_group
[rosmaster.master][INFO] 2017-06-10 19:53:13,269: +PARAM [/move_group/planning_scene_monitor/publish_planning_scene_hz] by /move_group
[rosmaster.master][INFO] 2017-06-10 19:53:13,273: +PARAM [/move_group/planning_scene_monitor/publish_geometry_updates] by /move_group
[rosmaster.master][INFO] 2017-06-10 19:53:13,278: +PARAM [/move_group/planning_scene_monitor/publish_state_updates] by /move_group
[rosmaster.master][INFO] 2017-06-10 19:53:13,282: +PARAM [/move_group/planning_scene_monitor/publish_transforms_updates] by /move_group
[rosmaster.master][INFO] 2017-06-10 19:53:13,291: +SUB [/planning_scene] /move_group http://ip-172-31-26-229:55988/
[rosmaster.master][INFO] 2017-06-10 19:53:13,299: +SUB [/collision_object] /move_group http://ip-172-31-26-229:55988/
[rosmaster.master][INFO] 2017-06-10 19:53:13,309: +SUB [/planning_scene_world] /move_group http://ip-172-31-26-229:55988/
[rosmaster.master][INFO] 2017-06-10 19:53:13,316: +SERVICE [/move_group/save_map] /move_group http://ip-172-31-26-229:55988/
[rosmaster.master][INFO] 2017-06-10 19:53:13,320: +SERVICE [/move_group/load_map] /move_group http://ip-172-31-26-229:55988/
[rosmaster.master][INFO] 2017-06-10 19:53:13,328: +SUB [/joint_states] /move_group http://ip-172-31-26-229:55988/
[rosmaster.master][INFO] 2017-06-10 19:53:13,337: +SUB [/attached_collision_object] /move_group http://ip-172-31-26-229:55988/
[rosmaster.master][INFO] 2017-06-10 19:53:13,386: +PUB [/rosout] /marker_control_28274_1497149593215 http://ip-172-31-26-229:54470/
[rosmaster.master][INFO] 2017-06-10 19:53:13,399: +SERVICE [/marker_control_28274_1497149593215/get_loggers] /marker_control_28274_1497149593215 http://ip-172-31-26-229:54470/
[rosmaster.master][INFO] 2017-06-10 19:53:13,404: +SERVICE [/marker_control_28274_1497149593215/set_logger_level] /marker_control_28274_1497149593215 http://ip-172-31-26-229:54470/
[rosmaster.master][INFO] 2017-06-10 19:53:13,409: +PUB [/planning_scene] /move_group_commander_wrappers_1497149593197753800 http://ip-172-31-26-229:57236/
[rosmaster.master][INFO] 2017-06-10 19:53:13,415: +PUB [/collision_object] /marker_control_28274_1497149593215 http://ip-172-31-26-229:54470/
[rosmaster.master][INFO] 2017-06-10 19:53:13,422: +PUB [/attached_collision_object] /marker_control_28274_1497149593215 http://ip-172-31-26-229:54470/
[rosmaster.master][INFO] 2017-06-10 19:53:13,425: +SERVICE [/move_group/ompl/set_parameters] /move_group http://ip-172-31-26-229:55988/
[rosmaster.master][INFO] 2017-06-10 19:53:13,429: +PUB [/visualization_marker_array] /marker_control_28274_1497149593215 http://ip-172-31-26-229:54470/
[rosmaster.master][INFO] 2017-06-10 19:53:13,433: +PUB [/move_group/ompl/parameter_descriptions] /move_group http://ip-172-31-26-229:55988/
[rosmaster.master][INFO] 2017-06-10 19:53:13,436: +PUB [/motion_planning_goal] /marker_control_28274_1497149593215 http://ip-172-31-26-229:54470/
[rosmaster.master][INFO] 2017-06-10 19:53:13,440: +PUB [/move_group/ompl/parameter_updates] /move_group http://ip-172-31-26-229:55988/
[rosmaster.master][INFO] 2017-06-10 19:53:13,443: +SUB [/joint_trajectory] /marker_control_28274_1497149593215 http://ip-172-31-26-229:54470/
[rosmaster.master][INFO] 2017-06-10 19:53:13,448: +PUB [/control_markers/update_full] /marker_control_28274_1497149593215 http://ip-172-31-26-229:54470/
[rosmaster.master][INFO] 2017-06-10 19:53:13,448: +PARAM [/move_group/ompl/simplify_solutions] by /move_group
[rosmaster.master][INFO] 2017-06-10 19:53:13,453: +PUB [/control_markers/update] /marker_control_28274_1497149593215 http://ip-172-31-26-229:54470/
[rosmaster.master][INFO] 2017-06-10 19:53:13,456: +PARAM [/move_group/ompl/minimum_waypoint_count] by /move_group
[rosmaster.master][INFO] 2017-06-10 19:53:13,461: +SUB [/control_markers/feedback] /marker_control_28274_1497149593215 http://ip-172-31-26-229:54470/
[rosmaster.master][INFO] 2017-06-10 19:53:13,462: publisherUpdate[/rosout] -> http://ip-172-31-26-229:38748/
[rosmaster.master][INFO] 2017-06-10 19:53:13,463: +PARAM [/move_group/ompl/maximum_waypoint_distance] by /move_group
[rosmaster.master][INFO] 2017-06-10 19:53:13,465: publisherUpdate[/planning_scene] -> http://ip-172-31-26-229:55988/
[rosmaster.master][INFO] 2017-06-10 19:53:13,466: publisherUpdate[/control_markers/update] -> http://ip-172-31-26-229:38254/
[rosmaster.master][INFO] 2017-06-10 19:53:13,474: +PARAM [/move_group/ompl/link_for_exploration_tree] by /move_group
[rosmaster.master][INFO] 2017-06-10 19:53:13,478: publisherUpdate[/collision_object] -> http://ip-172-31-26-229:55988/
[rosmaster.master][INFO] 2017-06-10 19:53:13,492: +PARAM [/move_group/ompl/display_random_valid_states] by /move_group
[rosmaster.master][INFO] 2017-06-10 19:53:13,496: publisherUpdate[/attached_collision_object] -> http://ip-172-31-26-229:55988/
[rosmaster.master][INFO] 2017-06-10 19:53:13,499: +PARAM [/move_group/ompl/simplify_solutions] by /move_group
[rosmaster.master][INFO] 2017-06-10 19:53:13,506: +PARAM [/move_group/ompl/minimum_waypoint_count] by /move_group
[rosmaster.master][INFO] 2017-06-10 19:53:13,511: +PARAM [/move_group/ompl/maximum_waypoint_distance] by /move_group
[rosmaster.master][INFO] 2017-06-10 19:53:13,515: +PARAM [/move_group/ompl/link_for_exploration_tree] by /move_group
[rosmaster.master][INFO] 2017-06-10 19:53:13,520: +PARAM [/move_group/ompl/display_random_valid_states] by /move_group
[rosmaster.master][INFO] 2017-06-10 19:53:13,563: +PUB [/move_group/display_planned_path] /move_group http://ip-172-31-26-229:55988/
[rosmaster.master][INFO] 2017-06-10 19:53:13,567: +PUB [/move_group/display_contacts] /move_group http://ip-172-31-26-229:55988/
[rosmaster.master][INFO] 2017-06-10 19:53:13,609: +SERVICE [/apply_planning_scene] /move_group http://ip-172-31-26-229:55988/
[rosmaster.master][INFO] 2017-06-10 19:53:13,614: +SERVICE [/clear_octomap] /move_group http://ip-172-31-26-229:55988/
[rosmaster.master][INFO] 2017-06-10 19:53:13,619: +SERVICE [/compute_cartesian_path] /move_group http://ip-172-31-26-229:55988/
[rosmaster.master][INFO] 2017-06-10 19:53:13,623: +SERVICE [/execute_kinematic_path] /move_group http://ip-172-31-26-229:55988/
[rosmaster.master][INFO] 2017-06-10 19:53:13,629: +PUB [/execute_trajectory/result] /move_group http://ip-172-31-26-229:55988/
[rosmaster.master][INFO] 2017-06-10 19:53:13,634: +PUB [/execute_trajectory/feedback] /move_group http://ip-172-31-26-229:55988/
[rosmaster.master][INFO] 2017-06-10 19:53:13,638: +PUB [/execute_trajectory/status] /move_group http://ip-172-31-26-229:55988/
[rosmaster.master][INFO] 2017-06-10 19:53:13,649: +SUB [/execute_trajectory/goal] /move_group http://ip-172-31-26-229:55988/
[rosmaster.master][INFO] 2017-06-10 19:53:13,657: +SUB [/execute_trajectory/cancel] /move_group http://ip-172-31-26-229:55988/
[rosmaster.master][INFO] 2017-06-10 19:53:13,662: +SERVICE [/get_planning_scene] /move_group http://ip-172-31-26-229:55988/
[rosmaster.master][INFO] 2017-06-10 19:53:13,666: +SERVICE [/compute_fk] /move_group http://ip-172-31-26-229:55988/
[rosmaster.master][INFO] 2017-06-10 19:53:13,670: +SERVICE [/compute_ik] /move_group http://ip-172-31-26-229:55988/
[rosmaster.master][INFO] 2017-06-10 19:53:13,680: +PUB [/move_group/result] /move_group http://ip-172-31-26-229:55988/
[rosmaster.master][INFO] 2017-06-10 19:53:13,684: +PUB [/move_group/feedback] /move_group http://ip-172-31-26-229:55988/
[rosmaster.master][INFO] 2017-06-10 19:53:13,689: +PUB [/move_group/status] /move_group http://ip-172-31-26-229:55988/
[rosmaster.master][INFO] 2017-06-10 19:53:13,700: +SUB [/move_group/goal] /move_group http://ip-172-31-26-229:55988/
[rosmaster.master][INFO] 2017-06-10 19:53:13,708: +SUB [/move_group/cancel] /move_group http://ip-172-31-26-229:55988/
[rosmaster.master][INFO] 2017-06-10 19:53:13,748: +PUB [/pickup/result] /move_group http://ip-172-31-26-229:55988/
[rosmaster.master][INFO] 2017-06-10 19:53:13,753: +PUB [/pickup/feedback] /move_group http://ip-172-31-26-229:55988/
[rosmaster.master][INFO] 2017-06-10 19:53:13,757: +PUB [/pickup/status] /move_group http://ip-172-31-26-229:55988/
[rosmaster.master][INFO] 2017-06-10 19:53:13,768: +SUB [/pickup/goal] /move_group http://ip-172-31-26-229:55988/
[rosmaster.master][INFO] 2017-06-10 19:53:13,777: +SUB [/pickup/cancel] /move_group http://ip-172-31-26-229:55988/
[rosmaster.master][INFO] 2017-06-10 19:53:13,783: +PUB [/place/result] /move_group http://ip-172-31-26-229:55988/
[rosmaster.master][INFO] 2017-06-10 19:53:13,788: +PUB [/place/feedback] /move_group http://ip-172-31-26-229:55988/
[rosmaster.master][INFO] 2017-06-10 19:53:13,792: +PUB [/place/status] /move_group http://ip-172-31-26-229:55988/
[rosmaster.master][INFO] 2017-06-10 19:53:13,804: +SUB [/place/goal] /move_group http://ip-172-31-26-229:55988/
[rosmaster.master][INFO] 2017-06-10 19:53:13,813: +SUB [/place/cancel] /move_group http://ip-172-31-26-229:55988/
[rosmaster.master][INFO] 2017-06-10 19:53:13,817: +SERVICE [/plan_kinematic_path] /move_group http://ip-172-31-26-229:55988/
[rosmaster.master][INFO] 2017-06-10 19:53:13,821: +SERVICE [/query_planner_interface] /move_group http://ip-172-31-26-229:55988/
[rosmaster.master][INFO] 2017-06-10 19:53:13,826: +SERVICE [/check_state_validity] /move_group http://ip-172-31-26-229:55988/
[rosmaster.master][INFO] 2017-06-10 19:53:13,971: +SUB [/control_markers/update_full] /interactive_marker_proxy http://ip-172-31-26-229:38254/
[rosmaster.master][INFO] 2017-06-10 19:53:14,112: -SUB [/control_markers/update_full] /interactive_marker_proxy http://ip-172-31-26-229:38254/
[rosmaster.master][INFO] 2017-06-10 19:57:05,534: +PUB [/tf2_web_republisher/goal] /rosbridge_websocket http://ip-172-31-26-229:34243/
[rosmaster.master][INFO] 2017-06-10 19:57:05,541: +PUB [/tf2_web_republisher/cancel] /rosbridge_websocket http://ip-172-31-26-229:34243/
[rosmaster.master][INFO] 2017-06-10 19:57:05,544: publisherUpdate[/tf2_web_republisher/goal] -> http://ip-172-31-26-229:39224/
[rosmaster.master][INFO] 2017-06-10 19:57:05,550: publisherUpdate[/tf2_web_republisher/cancel] -> http://ip-172-31-26-229:39224/
[rosmaster.master][INFO] 2017-06-10 19:57:05,551: +SUB [/tf2_web_republisher/feedback] /rosbridge_websocket http://ip-172-31-26-229:34243/
[rosmaster.master][INFO] 2017-06-10 19:57:05,581: +SUB [/visualization_marker_array] /rosbridge_websocket http://ip-172-31-26-229:34243/
[rosmaster.master][INFO] 2017-06-10 19:57:05,594: +SUB [/control_markers/tunneled/update] /rosbridge_websocket http://ip-172-31-26-229:34243/
[rosmaster.master][INFO] 2017-06-10 19:57:05,613: +PUB [/control_markers/feedback] /rosbridge_websocket http://ip-172-31-26-229:34243/
[rosmaster.master][INFO] 2017-06-10 19:57:05,648: publisherUpdate[/control_markers/feedback] -> http://ip-172-31-26-229:54470/
