[rospy.client][INFO] 2017-06-10 19:53:10,713: init_node, name[/rosbridge_websocket], pid[28029]
[xmlrpc][INFO] 2017-06-10 19:53:10,714: XML-RPC server binding to 0.0.0.0:0
[xmlrpc][INFO] 2017-06-10 19:53:10,718: Started XML-RPC server [http://ip-172-31-26-229:34243/]
[rospy.init][INFO] 2017-06-10 19:53:10,718: ROS Slave URI: [http://ip-172-31-26-229:34243/]
[rospy.impl.masterslave][INFO] 2017-06-10 19:53:10,721: _ready: http://ip-172-31-26-229:34243/
[xmlrpc][INFO] 2017-06-10 19:53:10,729: xml rpc node: starting XML-RPC server
[rospy.registration][INFO] 2017-06-10 19:53:10,730: Registering with master node http://localhost:55681
[rospy.init][INFO] 2017-06-10 19:53:10,825: registered with master
[rospy.rosout][INFO] 2017-06-10 19:53:10,828: initializing /rosout core topic
[rospy.rosout][INFO] 2017-06-10 19:53:10,837: connected to core topic /rosout
[rospy.simtime][INFO] 2017-06-10 19:53:10,841: /use_sim_time is not set, will not subscribe to simulated time [/clock] topic
[rosout][INFO] 2017-06-10 19:53:10,867: Rosbridge WebSocket server started on port 56954
[rospy.internal][INFO] 2017-06-10 19:53:11,045: topic[/rosout] adding connection to [/rosout], count 0
[rosout][INFO] 2017-06-10 19:57:05,412: Client connected.  1 clients total.
[rosout][INFO] 2017-06-10 19:57:05,558: [Client 0] Subscribed to /tf2_web_republisher/feedback
[rospy.internal][INFO] 2017-06-10 19:57:05,574: topic[/tf2_web_republisher/feedback] adding connection to [http://ip-172-31-26-229:39224/], count 0
[rosout][INFO] 2017-06-10 19:57:05,585: [Client 0] Subscribed to /visualization_marker_array
[rospy.internal][INFO] 2017-06-10 19:57:05,594: topic[/visualization_marker_array] adding connection to [http://ip-172-31-26-229:54470/], count 0
[rosout][INFO] 2017-06-10 19:57:05,605: [Client 0] Subscribed to /control_markers/tunneled/update
[rospy.internal][INFO] 2017-06-10 19:57:05,609: topic[/control_markers/tunneled/update] adding connection to [http://ip-172-31-26-229:38254/], count 0
[rospy.internal][INFO] 2017-06-10 19:57:05,686: topic[/control_markers/feedback] adding connection to [/marker_control_28274_1497149593215], count 0
[rosout][INFO] 2017-06-10 19:57:05,706: [Client 0] Subscribed to /tf2_web_republisher/feedback
[rosout][INFO] 2017-06-10 19:57:05,712: [Client 0] Subscribed to /tf2_web_republisher/feedback
[rosout][INFO] 2017-06-10 19:57:05,716: [Client 0] Subscribed to /tf2_web_republisher/feedback
[rosout][INFO] 2017-06-10 19:57:05,720: [Client 0] Subscribed to /tf2_web_republisher/feedback
[rosout][INFO] 2017-06-10 19:57:05,725: [Client 0] Subscribed to /tf2_web_republisher/feedback
[rosout][INFO] 2017-06-10 19:57:05,729: [Client 0] Subscribed to /tf2_web_republisher/feedback
[rosout][INFO] 2017-06-10 19:57:05,733: [Client 0] Subscribed to /tf2_web_republisher/feedback
[rospy.internal][INFO] 2017-06-10 19:57:05,776: topic[/tf2_web_republisher/goal] adding connection to [/tf2_web_republisher], count 0
[rospy.internal][INFO] 2017-06-10 19:57:05,780: topic[/tf2_web_republisher/cancel] adding connection to [/tf2_web_republisher], count 0
