[rosmaster.main][INFO] 2017-06-10 00:59:19,691: initialization complete, waiting for shutdown
[rosmaster.main][INFO] 2017-06-10 00:59:19,692: Starting ROS Master Node
[xmlrpc][INFO] 2017-06-10 00:59:19,696: XML-RPC server binding to 0.0.0.0:40737
[xmlrpc][INFO] 2017-06-10 00:59:19,699: Started XML-RPC server [http://ip-172-31-26-229:40737/]
[rosmaster.master][INFO] 2017-06-10 00:59:19,700: Master initialized: port[40737], uri[http://ip-172-31-26-229:40737/]
[xmlrpc][INFO] 2017-06-10 00:59:19,703: xml rpc node: starting XML-RPC server
[rosmaster.master][INFO] 2017-06-10 00:59:19,778: +PARAM [/run_id] by /roslaunch
[rosmaster.master][INFO] 2017-06-10 00:59:19,786: +PARAM [/roslaunch/uris/host_ip_172_31_26_229__39997] by /roslaunch
[rosmaster.master][INFO] 2017-06-10 00:59:19,882: +PARAM [/rosversion] by /roslaunch
[rosmaster.master][INFO] 2017-06-10 00:59:19,885: +PARAM [/rosdistro] by /roslaunch
[rosmaster.master][INFO] 2017-06-10 00:59:19,914: +SERVICE [/rosout/get_loggers] /rosout http://ip-172-31-26-229:57719/
[rosmaster.master][INFO] 2017-06-10 00:59:19,918: +SERVICE [/rosout/set_logger_level] /rosout http://ip-172-31-26-229:57719/
[rosmaster.master][INFO] 2017-06-10 00:59:19,924: +PUB [/rosout_agg] /rosout http://ip-172-31-26-229:57719/
[rosmaster.master][INFO] 2017-06-10 00:59:19,933: +SUB [/rosout] /rosout http://ip-172-31-26-229:57719/
[rosmaster.master][INFO] 2017-06-10 00:59:20,252: +PUB [/rosout] /tf2_web_republisher http://ip-172-31-26-229:33437/
[rosmaster.master][INFO] 2017-06-10 00:59:20,257: +SERVICE [/tf2_web_republisher/get_loggers] /tf2_web_republisher http://ip-172-31-26-229:33437/
[rosmaster.master][INFO] 2017-06-10 00:59:20,260: +SERVICE [/tf2_web_republisher/set_logger_level] /tf2_web_republisher http://ip-172-31-26-229:33437/
[rosmaster.master][INFO] 2017-06-10 00:59:20,268: +SUB [/tf] /tf2_web_republisher http://ip-172-31-26-229:33437/
[rosmaster.master][INFO] 2017-06-10 00:59:20,275: +SUB [/tf_static] /tf2_web_republisher http://ip-172-31-26-229:33437/
[rosmaster.master][INFO] 2017-06-10 00:59:20,279: +SERVICE [/republish_tfs] /tf2_web_republisher http://ip-172-31-26-229:33437/
[rosmaster.master][INFO] 2017-06-10 00:59:20,283: +PUB [/tf2_web_republisher/result] /tf2_web_republisher http://ip-172-31-26-229:33437/
[rosmaster.master][INFO] 2017-06-10 00:59:20,287: +PUB [/tf2_web_republisher/feedback] /tf2_web_republisher http://ip-172-31-26-229:33437/
[rosmaster.master][INFO] 2017-06-10 00:59:20,291: +PUB [/tf2_web_republisher/status] /tf2_web_republisher http://ip-172-31-26-229:33437/
[rosmaster.master][INFO] 2017-06-10 00:59:20,297: publisherUpdate[/rosout] -> http://ip-172-31-26-229:57719/
[rosmaster.master][INFO] 2017-06-10 00:59:20,301: +SUB [/tf2_web_republisher/goal] /tf2_web_republisher http://ip-172-31-26-229:33437/
[rosmaster.master][INFO] 2017-06-10 00:59:20,311: +SUB [/tf2_web_republisher/cancel] /tf2_web_republisher http://ip-172-31-26-229:33437/
[rosmaster.master][INFO] 2017-06-10 00:59:21,680: +PARAM [/roslaunch/uris/host_ip_172_31_26_229__36095] by /roslaunch
[rosmaster.master][INFO] 2017-06-10 00:59:21,687: +PARAM [/rosbridge_websocket/port] by /roslaunch
[rosmaster.master][INFO] 2017-06-10 00:59:21,698: +PARAM [/rosdistro] by /roslaunch
[rosmaster.master][INFO] 2017-06-10 00:59:21,701: +PARAM [/rosbridge_websocket/fragment_timeout] by /roslaunch
[rosmaster.master][INFO] 2017-06-10 00:59:21,705: +PARAM [/rosbridge_websocket/delay_between_messages] by /roslaunch
[rosmaster.master][INFO] 2017-06-10 00:59:21,708: +PARAM [/rosversion] by /roslaunch
[rosmaster.master][INFO] 2017-06-10 00:59:21,711: +PARAM [/rosbridge_websocket/authenticate] by /roslaunch
[rosmaster.master][INFO] 2017-06-10 00:59:21,715: +PARAM [/rosbridge_websocket/retry_startup_delay] by /roslaunch
[rosmaster.master][INFO] 2017-06-10 00:59:21,718: +PARAM [/rosbridge_websocket/address] by /roslaunch
[rosmaster.master][INFO] 2017-06-10 00:59:21,722: +PARAM [/rosbridge_websocket/max_message_size] by /roslaunch
[rosmaster.master][INFO] 2017-06-10 00:59:22,239: +PUB [/rosout] /rosapi http://ip-172-31-26-229:43819/
[rosmaster.master][INFO] 2017-06-10 00:59:22,253: +SERVICE [/rosapi/get_loggers] /rosapi http://ip-172-31-26-229:43819/
[rosmaster.master][INFO] 2017-06-10 00:59:22,257: +SERVICE [/rosapi/set_logger_level] /rosapi http://ip-172-31-26-229:43819/
[rosmaster.master][INFO] 2017-06-10 00:59:22,262: +SERVICE [/rosapi/topics] /rosapi http://ip-172-31-26-229:43819/
[rosmaster.master][INFO] 2017-06-10 00:59:22,267: +SERVICE [/rosapi/topics_for_type] /rosapi http://ip-172-31-26-229:43819/
[rosmaster.master][INFO] 2017-06-10 00:59:22,271: +SERVICE [/rosapi/services] /rosapi http://ip-172-31-26-229:43819/
[rosmaster.master][INFO] 2017-06-10 00:59:22,277: +SERVICE [/rosapi/services_for_type] /rosapi http://ip-172-31-26-229:43819/
[rosmaster.master][INFO] 2017-06-10 00:59:22,282: +SERVICE [/rosapi/nodes] /rosapi http://ip-172-31-26-229:43819/
[rosmaster.master][INFO] 2017-06-10 00:59:22,286: +SERVICE [/rosapi/node_details] /rosapi http://ip-172-31-26-229:43819/
[rosmaster.master][INFO] 2017-06-10 00:59:22,291: +SERVICE [/rosapi/topic_type] /rosapi http://ip-172-31-26-229:43819/
[rosmaster.master][INFO] 2017-06-10 00:59:22,296: +SERVICE [/rosapi/service_type] /rosapi http://ip-172-31-26-229:43819/
[rosmaster.master][INFO] 2017-06-10 00:59:22,300: publisherUpdate[/rosout] -> http://ip-172-31-26-229:57719/
[rosmaster.master][INFO] 2017-06-10 00:59:22,301: +PUB [/rosout] /interactive_marker_proxy http://ip-172-31-26-229:33160/
[rosmaster.master][INFO] 2017-06-10 00:59:22,304: publisherUpdate[/rosout] -> http://ip-172-31-26-229:57719/
[rosmaster.master][INFO] 2017-06-10 00:59:22,307: +SERVICE [/rosapi/publishers] /rosapi http://ip-172-31-26-229:43819/
[rosmaster.master][INFO] 2017-06-10 00:59:22,314: +SERVICE [/interactive_marker_proxy/get_loggers] /interactive_marker_proxy http://ip-172-31-26-229:33160/
[rosmaster.master][INFO] 2017-06-10 00:59:22,318: +SERVICE [/rosapi/subscribers] /rosapi http://ip-172-31-26-229:43819/
[rosmaster.master][INFO] 2017-06-10 00:59:22,322: +SERVICE [/interactive_marker_proxy/set_logger_level] /interactive_marker_proxy http://ip-172-31-26-229:33160/
[rosmaster.master][INFO] 2017-06-10 00:59:22,325: +SERVICE [/rosapi/service_providers] /rosapi http://ip-172-31-26-229:43819/
[rosmaster.master][INFO] 2017-06-10 00:59:22,331: +SERVICE [/rosapi/service_node] /rosapi http://ip-172-31-26-229:43819/
[rosmaster.master][INFO] 2017-06-10 00:59:22,334: +SUB [/tf] /interactive_marker_proxy http://ip-172-31-26-229:33160/
[rosmaster.master][INFO] 2017-06-10 00:59:22,345: +SERVICE [/rosapi/service_host] /rosapi http://ip-172-31-26-229:43819/
[rosmaster.master][INFO] 2017-06-10 00:59:22,349: +SUB [/tf_static] /interactive_marker_proxy http://ip-172-31-26-229:33160/
[rosmaster.master][INFO] 2017-06-10 00:59:22,352: +SERVICE [/rosapi/message_details] /rosapi http://ip-172-31-26-229:43819/
[rosmaster.master][INFO] 2017-06-10 00:59:22,357: +SUB [/control_markers/update] /interactive_marker_proxy http://ip-172-31-26-229:33160/
[rosmaster.master][INFO] 2017-06-10 00:59:22,360: +SERVICE [/rosapi/service_request_details] /rosapi http://ip-172-31-26-229:43819/
[rosmaster.master][INFO] 2017-06-10 00:59:22,364: +SUB [/control_markers/update_full] /interactive_marker_proxy http://ip-172-31-26-229:33160/
[rosmaster.master][INFO] 2017-06-10 00:59:22,369: +SERVICE [/rosapi/service_response_details] /rosapi http://ip-172-31-26-229:43819/
[rosmaster.master][INFO] 2017-06-10 00:59:22,373: +PUB [/control_markers/tunneled/update] /interactive_marker_proxy http://ip-172-31-26-229:33160/
[rosmaster.master][INFO] 2017-06-10 00:59:22,377: +SERVICE [/rosapi/set_param] /rosapi http://ip-172-31-26-229:43819/
[rosmaster.master][INFO] 2017-06-10 00:59:22,381: +SERVICE [/control_markers/tunneled/get_init] /interactive_marker_proxy http://ip-172-31-26-229:33160/
[rosmaster.master][INFO] 2017-06-10 00:59:22,384: +SERVICE [/rosapi/get_param] /rosapi http://ip-172-31-26-229:43819/
[rosmaster.master][INFO] 2017-06-10 00:59:22,389: +SERVICE [/rosapi/has_param] /rosapi http://ip-172-31-26-229:43819/
[rosmaster.master][INFO] 2017-06-10 00:59:22,393: +SERVICE [/rosapi/search_param] /rosapi http://ip-172-31-26-229:43819/
[rosmaster.master][INFO] 2017-06-10 00:59:22,397: +SERVICE [/rosapi/delete_param] /rosapi http://ip-172-31-26-229:43819/
[rosmaster.master][INFO] 2017-06-10 00:59:22,402: +SERVICE [/rosapi/get_param_names] /rosapi http://ip-172-31-26-229:43819/
[rosmaster.master][INFO] 2017-06-10 00:59:22,407: +SERVICE [/rosapi/get_time] /rosapi http://ip-172-31-26-229:43819/
[rosmaster.master][INFO] 2017-06-10 00:59:22,414: +PUB [/rosout] /rosbridge_websocket http://ip-172-31-26-229:55662/
[rosmaster.master][INFO] 2017-06-10 00:59:22,420: -SUB [/control_markers/update_full] /interactive_marker_proxy http://ip-172-31-26-229:33160/
[rosmaster.master][INFO] 2017-06-10 00:59:22,426: +SERVICE [/rosbridge_websocket/get_loggers] /rosbridge_websocket http://ip-172-31-26-229:55662/
[rosmaster.master][INFO] 2017-06-10 00:59:22,431: +SERVICE [/rosbridge_websocket/set_logger_level] /rosbridge_websocket http://ip-172-31-26-229:55662/
[rosmaster.master][INFO] 2017-06-10 00:59:22,501: publisherUpdate[/rosout] -> http://ip-172-31-26-229:57719/
[rosmaster.master][INFO] 2017-06-10 00:59:24,083: +PARAM [/roslaunch/uris/host_ip_172_31_26_229__50062] by /roslaunch
[rosmaster.master][INFO] 2017-06-10 00:59:24,098: +PARAM [/robot_description_kinematics/lwr_arm/kinematics_solver] by /roslaunch
[rosmaster.master][INFO] 2017-06-10 00:59:24,101: +PARAM [/move_group/planner_configs/RRTkConfigDefault/goal_bias] by /roslaunch
[rosmaster.master][INFO] 2017-06-10 00:59:24,105: +PARAM [/robot_description_semantic] by /roslaunch
[rosmaster.master][INFO] 2017-06-10 00:59:24,108: +PARAM [/robot_description_kinematics/lwr_arm/kinematics_solver_attempts] by /roslaunch
[rosmaster.master][INFO] 2017-06-10 00:59:24,111: +PARAM [/robot_description_planning/joint_limits/lwr_arm_6_joint/max_acceleration] by /roslaunch
[rosmaster.master][INFO] 2017-06-10 00:59:24,115: +PARAM [/robot_description_planning/joint_limits/lwr_arm_5_joint/has_acceleration_limits] by /roslaunch
[rosmaster.master][INFO] 2017-06-10 00:59:24,118: +PARAM [/move_group/planner_configs/RRTstarkConfigDefault/range] by /roslaunch
[rosmaster.master][INFO] 2017-06-10 00:59:24,122: +PARAM [/robot_description_planning/joint_limits/lwr_arm_0_joint/max_acceleration] by /roslaunch
[rosmaster.master][INFO] 2017-06-10 00:59:24,125: +PARAM [/robot_description_planning/joint_limits/lwr_arm_0_joint/has_velocity_limits] by /roslaunch
[rosmaster.master][INFO] 2017-06-10 00:59:24,128: +PARAM [/move_group/max_safe_path_cost] by /roslaunch
[rosmaster.master][INFO] 2017-06-10 00:59:24,132: +PARAM [/move_group/planner_configs/RRTstarkConfigDefault/goal_bias] by /roslaunch
[rosmaster.master][INFO] 2017-06-10 00:59:24,135: +PARAM [/move_group/planning_scene_monitor/publish_planning_scene] by /roslaunch
[rosmaster.master][INFO] 2017-06-10 00:59:24,138: +PARAM [/move_group/planner_configs/PRMkConfigDefault/type] by /roslaunch
[rosmaster.master][INFO] 2017-06-10 00:59:24,142: +PARAM [/move_group/planner_configs/ESTkConfigDefault/range] by /roslaunch
[rosmaster.master][INFO] 2017-06-10 00:59:24,145: +PARAM [/robot_description_planning/joint_limits/lwr_arm_2_joint/max_acceleration] by /roslaunch
[rosmaster.master][INFO] 2017-06-10 00:59:24,149: +PARAM [/move_group/planner_configs/KPIECEkConfigDefault/min_valid_path_fraction] by /roslaunch
[rosmaster.master][INFO] 2017-06-10 00:59:24,153: +PARAM [/move_group/planner_configs/BKPIECEkConfigDefault/border_fraction] by /roslaunch
[rosmaster.master][INFO] 2017-06-10 00:59:24,156: +PARAM [/move_group/planner_configs/PRMkConfigDefault/max_nearest_neighbors] by /roslaunch
[rosmaster.master][INFO] 2017-06-10 00:59:24,160: +PARAM [/move_group/planner_configs/TRRTkConfigDefault/goal_bias] by /roslaunch
[rosmaster.master][INFO] 2017-06-10 00:59:24,163: +PARAM [/move_group/planner_configs/BKPIECEkConfigDefault/min_valid_path_fraction] by /roslaunch
[rosmaster.master][INFO] 2017-06-10 00:59:24,167: +PARAM [/robot_description_planning/joint_limits/lwr_arm_2_joint/has_velocity_limits] by /roslaunch
[rosmaster.master][INFO] 2017-06-10 00:59:24,170: +PARAM [/robot_description_planning/joint_limits/lwr_arm_3_joint/max_velocity] by /roslaunch
[rosmaster.master][INFO] 2017-06-10 00:59:24,173: +PARAM [/robot_description_planning/joint_limits/lwr_arm_4_joint/max_acceleration] by /roslaunch
[rosmaster.master][INFO] 2017-06-10 00:59:24,177: +PARAM [/robot_description_planning/joint_limits/lwr_arm_0_joint/max_velocity] by /roslaunch
[rosmaster.master][INFO] 2017-06-10 00:59:24,180: +PARAM [/move_group/planner_configs/SBLkConfigDefault/range] by /roslaunch
[rosmaster.master][INFO] 2017-06-10 00:59:24,184: +PARAM [/move_group/planner_configs/TRRTkConfigDefault/frountierNodeRatio] by /roslaunch
[rosmaster.master][INFO] 2017-06-10 00:59:24,187: +PARAM [/robot_description_planning/joint_limits/lwr_arm_6_joint/has_acceleration_limits] by /roslaunch
[rosmaster.master][INFO] 2017-06-10 00:59:24,191: +PARAM [/move_group/planning_plugin] by /roslaunch
[rosmaster.master][INFO] 2017-06-10 00:59:24,194: +PARAM [/move_group/planning_scene_monitor/publish_geometry_updates] by /roslaunch
[rosmaster.master][INFO] 2017-06-10 00:59:24,198: +PARAM [/robot_description_planning/joint_limits/lwr_arm_3_joint/max_acceleration] by /roslaunch
[rosmaster.master][INFO] 2017-06-10 00:59:24,201: +PARAM [/move_group/planner_configs/TRRTkConfigDefault/max_states_failed] by /roslaunch
[rosmaster.master][INFO] 2017-06-10 00:59:24,204: +PARAM [/robot_description_planning/joint_limits/lwr_arm_3_joint/has_velocity_limits] by /roslaunch
[rosmaster.master][INFO] 2017-06-10 00:59:24,208: +PARAM [/robot_description_kinematics/lwr_arm/kinematics_solver_timeout] by /roslaunch
[rosmaster.master][INFO] 2017-06-10 00:59:24,211: +PARAM [/move_group/lwr_arm/projection_evaluator] by /roslaunch
[rosmaster.master][INFO] 2017-06-10 00:59:24,215: +PARAM [/robot_description_planning/joint_limits/lwr_arm_1_joint/has_acceleration_limits] by /roslaunch
[rosmaster.master][INFO] 2017-06-10 00:59:24,218: +PARAM [/rosdistro] by /roslaunch
[rosmaster.master][INFO] 2017-06-10 00:59:24,221: +PARAM [/robot_description_planning/joint_limits/lwr_arm_5_joint/max_velocity] by /roslaunch
[rosmaster.master][INFO] 2017-06-10 00:59:24,225: +PARAM [/move_group/planner_configs/PRMstarkConfigDefault/type] by /roslaunch
[rosmaster.master][INFO] 2017-06-10 00:59:24,228: +PARAM [/move_group/planner_configs/RRTkConfigDefault/range] by /roslaunch
[rosmaster.master][INFO] 2017-06-10 00:59:24,232: +PARAM [/move_group/allow_trajectory_execution] by /roslaunch
[rosmaster.master][INFO] 2017-06-10 00:59:24,235: +PARAM [/move_group/lwr_arm/planner_configs] by /roslaunch
[rosmaster.master][INFO] 2017-06-10 00:59:24,238: +PARAM [/move_group/planner_configs/ESTkConfigDefault/type] by /roslaunch
[rosmaster.master][INFO] 2017-06-10 00:59:24,242: +PARAM [/move_group/start_state_max_bounds_error] by /roslaunch
[rosmaster.master][INFO] 2017-06-10 00:59:24,245: +PARAM [/move_group/planner_configs/TRRTkConfigDefault/init_temperature] by /roslaunch
[rosmaster.master][INFO] 2017-06-10 00:59:24,249: +PARAM [/move_group/planner_configs/BKPIECEkConfigDefault/type] by /roslaunch
[rosmaster.master][INFO] 2017-06-10 00:59:24,254: +PARAM [/move_group/planner_configs/KPIECEkConfigDefault/border_fraction] by /roslaunch
[rosmaster.master][INFO] 2017-06-10 00:59:24,257: +PARAM [/robot_description_planning/joint_limits/lwr_arm_4_joint/has_velocity_limits] by /roslaunch
[rosmaster.master][INFO] 2017-06-10 00:59:24,260: +PARAM [/move_group/planner_configs/ESTkConfigDefault/goal_bias] by /roslaunch
[rosmaster.master][INFO] 2017-06-10 00:59:24,264: +PARAM [/move_group/planner_configs/LBKPIECEkConfigDefault/border_fraction] by /roslaunch
[rosmaster.master][INFO] 2017-06-10 00:59:24,267: +PARAM [/move_group/jiggle_fraction] by /roslaunch
[rosmaster.master][INFO] 2017-06-10 00:59:24,271: +PARAM [/move_group/planner_configs/TRRTkConfigDefault/range] by /roslaunch
[rosmaster.master][INFO] 2017-06-10 00:59:24,282: +PARAM [/move_group/planning_scene_monitor/publish_state_updates] by /roslaunch
[rosmaster.master][INFO] 2017-06-10 00:59:24,286: +PARAM [/move_group/planner_configs/TRRTkConfigDefault/temp_change_factor] by /roslaunch
[rosmaster.master][INFO] 2017-06-10 00:59:24,289: +PARAM [/robot_description_planning/joint_limits/lwr_arm_6_joint/max_velocity] by /roslaunch
[rosmaster.master][INFO] 2017-06-10 00:59:24,294: +PARAM [/robot_description_planning/joint_limits/lwr_arm_1_joint/max_velocity] by /roslaunch
[rosmaster.master][INFO] 2017-06-10 00:59:24,297: +PARAM [/move_group/planner_configs/SBLkConfigDefault/type] by /roslaunch
[rosmaster.master][INFO] 2017-06-10 00:59:24,300: +PARAM [/robot_description] by /roslaunch
[rosmaster.master][INFO] 2017-06-10 00:59:24,304: +PARAM [/move_group/capabilities] by /roslaunch
[rosmaster.master][INFO] 2017-06-10 00:59:24,307: +PARAM [/move_group/planner_configs/LBKPIECEkConfigDefault/range] by /roslaunch
[rosmaster.master][INFO] 2017-06-10 00:59:24,310: +PARAM [/robot_description_planning/joint_limits/lwr_arm_5_joint/max_acceleration] by /roslaunch
[rosmaster.master][INFO] 2017-06-10 00:59:24,314: +PARAM [/move_group/planner_configs/KPIECEkConfigDefault/range] by /roslaunch
[rosmaster.master][INFO] 2017-06-10 00:59:24,317: +PARAM [/move_group/planner_configs/BKPIECEkConfigDefault/range] by /roslaunch
[rosmaster.master][INFO] 2017-06-10 00:59:24,321: +PARAM [/move_group/planner_configs/TRRTkConfigDefault/type] by /roslaunch
[rosmaster.master][INFO] 2017-06-10 00:59:24,324: +PARAM [/move_group/planner_configs/KPIECEkConfigDefault/goal_bias] by /roslaunch
[rosmaster.master][INFO] 2017-06-10 00:59:24,328: +PARAM [/move_group/planner_configs/RRTConnectkConfigDefault/range] by /roslaunch
[rosmaster.master][INFO] 2017-06-10 00:59:24,331: +PARAM [/move_group/request_adapters] by /roslaunch
[rosmaster.master][INFO] 2017-06-10 00:59:24,334: +PARAM [/move_group/planner_configs/TRRTkConfigDefault/min_temperature] by /roslaunch
[rosmaster.master][INFO] 2017-06-10 00:59:24,338: +PARAM [/robot_description_planning/joint_limits/lwr_arm_6_joint/has_velocity_limits] by /roslaunch
[rosmaster.master][INFO] 2017-06-10 00:59:24,341: +PARAM [/robot_description_planning/joint_limits/lwr_arm_1_joint/has_velocity_limits] by /roslaunch
[rosmaster.master][INFO] 2017-06-10 00:59:24,345: +PARAM [/move_group/planner_configs/KPIECEkConfigDefault/failed_expansion_score_factor] by /roslaunch
[rosmaster.master][INFO] 2017-06-10 00:59:24,351: +PARAM [/move_group/planning_scene_monitor/publish_transforms_updates] by /roslaunch
[rosmaster.master][INFO] 2017-06-10 00:59:24,354: +PARAM [/robot_description_planning/joint_limits/lwr_arm_5_joint/has_velocity_limits] by /roslaunch
[rosmaster.master][INFO] 2017-06-10 00:59:24,358: +PARAM [/robot_description_planning/joint_limits/lwr_arm_3_joint/has_acceleration_limits] by /roslaunch
[rosmaster.master][INFO] 2017-06-10 00:59:24,361: +PARAM [/move_group/planner_configs/RRTstarkConfigDefault/type] by /roslaunch
[rosmaster.master][INFO] 2017-06-10 00:59:24,365: +PARAM [/move_group/lwr_arm/longest_valid_segment_fraction] by /roslaunch
[rosmaster.master][INFO] 2017-06-10 00:59:24,369: +PARAM [/move_group/planner_configs/RRTstarkConfigDefault/delay_collision_checking] by /roslaunch
[rosmaster.master][INFO] 2017-06-10 00:59:24,372: +PARAM [/move_group/planner_configs/KPIECEkConfigDefault/type] by /roslaunch
[rosmaster.master][INFO] 2017-06-10 00:59:24,376: +PARAM [/robot_description_kinematics/lwr_arm/kinematics_solver_search_resolution] by /roslaunch
[rosmaster.master][INFO] 2017-06-10 00:59:24,379: +PARAM [/move_group/planner_configs/RRTConnectkConfigDefault/type] by /roslaunch
[rosmaster.master][INFO] 2017-06-10 00:59:24,390: +PARAM [/robot_description_planning/joint_limits/lwr_arm_2_joint/has_acceleration_limits] by /roslaunch
[rosmaster.master][INFO] 2017-06-10 00:59:24,393: +PARAM [/move_group/planner_configs/BKPIECEkConfigDefault/failed_expansion_score_factor] by /roslaunch
[rosmaster.master][INFO] 2017-06-10 00:59:24,397: +PARAM [/robot_description_planning/joint_limits/lwr_arm_2_joint/max_velocity] by /roslaunch
[rosmaster.master][INFO] 2017-06-10 00:59:24,401: +PARAM [/move_group/planner_configs/LBKPIECEkConfigDefault/min_valid_path_fraction] by /roslaunch
[rosmaster.master][INFO] 2017-06-10 00:59:24,405: +PARAM [/rosversion] by /roslaunch
[rosmaster.master][INFO] 2017-06-10 00:59:24,408: +PARAM [/robot_description_planning/joint_limits/lwr_arm_4_joint/max_velocity] by /roslaunch
[rosmaster.master][INFO] 2017-06-10 00:59:24,412: +PARAM [/robot_description_planning/joint_limits/lwr_arm_4_joint/has_acceleration_limits] by /roslaunch
[rosmaster.master][INFO] 2017-06-10 00:59:24,416: +PARAM [/robot_description_planning/joint_limits/lwr_arm_0_joint/has_acceleration_limits] by /roslaunch
[rosmaster.master][INFO] 2017-06-10 00:59:24,419: +PARAM [/robot_description_planning/joint_limits/lwr_arm_1_joint/max_acceleration] by /roslaunch
[rosmaster.master][INFO] 2017-06-10 00:59:24,423: +PARAM [/move_group/planner_configs/TRRTkConfigDefault/k_constant] by /roslaunch
[rosmaster.master][INFO] 2017-06-10 00:59:24,426: +PARAM [/move_group/planner_configs/TRRTkConfigDefault/frountier_threshold] by /roslaunch
[rosmaster.master][INFO] 2017-06-10 00:59:24,429: +PARAM [/move_group/planner_configs/LBKPIECEkConfigDefault/type] by /roslaunch
[rosmaster.master][INFO] 2017-06-10 00:59:24,433: +PARAM [/move_group/planner_configs/RRTkConfigDefault/type] by /roslaunch
[rosmaster.master][INFO] 2017-06-10 00:59:24,633: +PUB [/rosout] /robot_sim http://ip-172-31-26-229:41682/
[rosmaster.master][INFO] 2017-06-10 00:59:24,637: +SERVICE [/robot_sim/get_loggers] /robot_sim http://ip-172-31-26-229:41682/
[rosmaster.master][INFO] 2017-06-10 00:59:24,642: +SERVICE [/robot_sim/set_logger_level] /robot_sim http://ip-172-31-26-229:41682/
[rosmaster.master][INFO] 2017-06-10 00:59:24,653: +PUB [/joint_states] /robot_sim http://ip-172-31-26-229:41682/
[rosmaster.master][INFO] 2017-06-10 00:59:24,665: +SUB [/joint_velocities] /robot_sim http://ip-172-31-26-229:41682/
[rosmaster.master][INFO] 2017-06-10 00:59:24,675: +SUB [/joint_positions] /robot_sim http://ip-172-31-26-229:41682/
[rosmaster.master][INFO] 2017-06-10 00:59:24,685: +SUB [/joint_command] /robot_sim http://ip-172-31-26-229:41682/
[rosmaster.master][INFO] 2017-06-10 00:59:24,694: +SUB [/joint_trajectory] /robot_sim http://ip-172-31-26-229:41682/
[rosmaster.master][INFO] 2017-06-10 00:59:24,702: +PUB [/rosout] /robot_state_publisher http://ip-172-31-26-229:37297/
[rosmaster.master][INFO] 2017-06-10 00:59:24,710: publisherUpdate[/rosout] -> http://ip-172-31-26-229:57719/
[rosmaster.master][INFO] 2017-06-10 00:59:24,714: +SERVICE [/robot_state_publisher/get_loggers] /robot_state_publisher http://ip-172-31-26-229:37297/
[rosmaster.master][INFO] 2017-06-10 00:59:24,717: publisherUpdate[/rosout] -> http://ip-172-31-26-229:57719/
[rosmaster.master][INFO] 2017-06-10 00:59:24,721: +SERVICE [/robot_state_publisher/set_logger_level] /robot_state_publisher http://ip-172-31-26-229:37297/
[rosmaster.master][INFO] 2017-06-10 00:59:24,733: +PUB [/tf] /robot_state_publisher http://ip-172-31-26-229:37297/
[rosmaster.master][INFO] 2017-06-10 00:59:24,737: +PUB [/tf_static] /robot_state_publisher http://ip-172-31-26-229:37297/
[rosmaster.master][INFO] 2017-06-10 00:59:24,749: +SUB [/joint_states] /robot_state_publisher http://ip-172-31-26-229:37297/
[rosmaster.master][INFO] 2017-06-10 00:59:24,816: publisherUpdate[/tf] -> http://ip-172-31-26-229:33437/
[rosmaster.master][INFO] 2017-06-10 00:59:24,816: publisherUpdate[/tf] -> http://ip-172-31-26-229:33160/
[rosmaster.master][INFO] 2017-06-10 00:59:24,827: publisherUpdate[/tf_static] -> http://ip-172-31-26-229:33437/
[rosmaster.master][INFO] 2017-06-10 00:59:24,831: publisherUpdate[/tf_static] -> http://ip-172-31-26-229:33160/
[rosmaster.master][INFO] 2017-06-10 00:59:24,935: +PUB [/rosout] /move_group http://ip-172-31-26-229:38685/
[rosmaster.master][INFO] 2017-06-10 00:59:24,936: publisherUpdate[/rosout] -> http://ip-172-31-26-229:57719/
[rosmaster.master][INFO] 2017-06-10 00:59:24,940: +SERVICE [/move_group/get_loggers] /move_group http://ip-172-31-26-229:38685/
[rosmaster.master][INFO] 2017-06-10 00:59:24,948: +SERVICE [/move_group/set_logger_level] /move_group http://ip-172-31-26-229:38685/
[rosmaster.master][INFO] 2017-06-10 00:59:24,958: +SUB [/tf] /move_group http://ip-172-31-26-229:38685/
[rosmaster.master][INFO] 2017-06-10 00:59:24,968: +SUB [/tf_static] /move_group http://ip-172-31-26-229:38685/
[rosmaster.master][INFO] 2017-06-10 00:59:25,184: +SERVICE [/move_group/planning_scene_monitor/set_parameters] /move_group http://ip-172-31-26-229:38685/
[rosmaster.master][INFO] 2017-06-10 00:59:25,189: +PUB [/move_group/planning_scene_monitor/parameter_descriptions] /move_group http://ip-172-31-26-229:38685/
[rosmaster.master][INFO] 2017-06-10 00:59:25,194: +PUB [/move_group/planning_scene_monitor/parameter_updates] /move_group http://ip-172-31-26-229:38685/
[rosmaster.master][INFO] 2017-06-10 00:59:25,204: +PARAM [/move_group/planning_scene_monitor/publish_planning_scene] by /move_group
[rosmaster.master][INFO] 2017-06-10 00:59:25,207: +PUB [/rosout] /move_group_commander_wrappers_1497081565202137538 http://ip-172-31-26-229:37961/
[rosmaster.master][INFO] 2017-06-10 00:59:25,209: +PARAM [/move_group/planning_scene_monitor/publish_planning_scene_hz] by /move_group
[rosmaster.master][INFO] 2017-06-10 00:59:25,212: +SERVICE [/move_group_commander_wrappers_1497081565202137538/get_loggers] /move_group_commander_wrappers_1497081565202137538 http://ip-172-31-26-229:37961/
[rosmaster.master][INFO] 2017-06-10 00:59:25,216: +PARAM [/move_group/planning_scene_monitor/publish_geometry_updates] by /move_group
[rosmaster.master][INFO] 2017-06-10 00:59:25,219: +SERVICE [/move_group_commander_wrappers_1497081565202137538/set_logger_level] /move_group_commander_wrappers_1497081565202137538 http://ip-172-31-26-229:37961/
[rosmaster.master][INFO] 2017-06-10 00:59:25,223: +PARAM [/move_group/planning_scene_monitor/publish_state_updates] by /move_group
[rosmaster.master][INFO] 2017-06-10 00:59:25,225: publisherUpdate[/rosout] -> http://ip-172-31-26-229:57719/
[rosmaster.master][INFO] 2017-06-10 00:59:25,230: +PARAM [/move_group/planning_scene_monitor/publish_transforms_updates] by /move_group
[rosmaster.master][INFO] 2017-06-10 00:59:25,241: +PUB [/move_group/monitored_planning_scene] /move_group http://ip-172-31-26-229:38685/
[rosmaster.master][INFO] 2017-06-10 00:59:25,246: +PARAM [/move_group/planning_scene_monitor/publish_planning_scene] by /move_group
[rosmaster.master][INFO] 2017-06-10 00:59:25,254: +PARAM [/move_group/planning_scene_monitor/publish_planning_scene_hz] by /move_group
[rosmaster.master][INFO] 2017-06-10 00:59:25,258: +PARAM [/move_group/planning_scene_monitor/publish_geometry_updates] by /move_group
[rosmaster.master][INFO] 2017-06-10 00:59:25,263: +PARAM [/move_group/planning_scene_monitor/publish_state_updates] by /move_group
[rosmaster.master][INFO] 2017-06-10 00:59:25,267: +PARAM [/move_group/planning_scene_monitor/publish_transforms_updates] by /move_group
[rosmaster.master][INFO] 2017-06-10 00:59:25,280: +SUB [/planning_scene] /move_group http://ip-172-31-26-229:38685/
[rosmaster.master][INFO] 2017-06-10 00:59:25,289: +SUB [/collision_object] /move_group http://ip-172-31-26-229:38685/
[rosmaster.master][INFO] 2017-06-10 00:59:25,297: +SUB [/planning_scene_world] /move_group http://ip-172-31-26-229:38685/
[rosmaster.master][INFO] 2017-06-10 00:59:25,304: +SERVICE [/move_group/save_map] /move_group http://ip-172-31-26-229:38685/
[rosmaster.master][INFO] 2017-06-10 00:59:25,309: +SERVICE [/move_group/load_map] /move_group http://ip-172-31-26-229:38685/
[rosmaster.master][INFO] 2017-06-10 00:59:25,317: +SUB [/joint_states] /move_group http://ip-172-31-26-229:38685/
[rosmaster.master][INFO] 2017-06-10 00:59:25,326: +SUB [/attached_collision_object] /move_group http://ip-172-31-26-229:38685/
[rosmaster.master][INFO] 2017-06-10 00:59:25,393: +PUB [/rosout] /marker_control_27904_1497081565226 http://ip-172-31-26-229:36714/
[rosmaster.master][INFO] 2017-06-10 00:59:25,407: +SERVICE [/marker_control_27904_1497081565226/get_loggers] /marker_control_27904_1497081565226 http://ip-172-31-26-229:36714/
[rosmaster.master][INFO] 2017-06-10 00:59:25,413: +SERVICE [/marker_control_27904_1497081565226/set_logger_level] /marker_control_27904_1497081565226 http://ip-172-31-26-229:36714/
[rosmaster.master][INFO] 2017-06-10 00:59:25,417: +PUB [/planning_scene] /move_group_commander_wrappers_1497081565202137538 http://ip-172-31-26-229:37961/
[rosmaster.master][INFO] 2017-06-10 00:59:25,422: +PUB [/collision_object] /marker_control_27904_1497081565226 http://ip-172-31-26-229:36714/
[rosmaster.master][INFO] 2017-06-10 00:59:25,426: +SERVICE [/move_group/ompl/set_parameters] /move_group http://ip-172-31-26-229:38685/
[rosmaster.master][INFO] 2017-06-10 00:59:25,430: +PUB [/attached_collision_object] /marker_control_27904_1497081565226 http://ip-172-31-26-229:36714/
[rosmaster.master][INFO] 2017-06-10 00:59:25,432: publisherUpdate[/rosout] -> http://ip-172-31-26-229:57719/
[rosmaster.master][INFO] 2017-06-10 00:59:25,433: +PUB [/move_group/ompl/parameter_descriptions] /move_group http://ip-172-31-26-229:38685/
[rosmaster.master][INFO] 2017-06-10 00:59:25,434: publisherUpdate[/planning_scene] -> http://ip-172-31-26-229:38685/
[rosmaster.master][INFO] 2017-06-10 00:59:25,440: +PUB [/visualization_marker_array] /marker_control_27904_1497081565226 http://ip-172-31-26-229:36714/
[rosmaster.master][INFO] 2017-06-10 00:59:25,448: publisherUpdate[/collision_object] -> http://ip-172-31-26-229:38685/
[rosmaster.master][INFO] 2017-06-10 00:59:25,450: +PUB [/move_group/ompl/parameter_updates] /move_group http://ip-172-31-26-229:38685/
[rosmaster.master][INFO] 2017-06-10 00:59:25,454: publisherUpdate[/attached_collision_object] -> http://ip-172-31-26-229:38685/
[rosmaster.master][INFO] 2017-06-10 00:59:25,457: +PUB [/motion_planning_goal] /marker_control_27904_1497081565226 http://ip-172-31-26-229:36714/
[rosmaster.master][INFO] 2017-06-10 00:59:25,462: +PARAM [/move_group/ompl/simplify_solutions] by /move_group
[rosmaster.master][INFO] 2017-06-10 00:59:25,473: +SUB [/joint_trajectory] /marker_control_27904_1497081565226 http://ip-172-31-26-229:36714/
[rosmaster.master][INFO] 2017-06-10 00:59:25,476: +PARAM [/move_group/ompl/minimum_waypoint_count] by /move_group
[rosmaster.master][INFO] 2017-06-10 00:59:25,482: +PUB [/control_markers/update_full] /marker_control_27904_1497081565226 http://ip-172-31-26-229:36714/
[rosmaster.master][INFO] 2017-06-10 00:59:25,485: +PARAM [/move_group/ompl/maximum_waypoint_distance] by /move_group
[rosmaster.master][INFO] 2017-06-10 00:59:25,489: +PUB [/control_markers/update] /marker_control_27904_1497081565226 http://ip-172-31-26-229:36714/
[rosmaster.master][INFO] 2017-06-10 00:59:25,492: +PARAM [/move_group/ompl/link_for_exploration_tree] by /move_group
[rosmaster.master][INFO] 2017-06-10 00:59:25,498: +SUB [/control_markers/feedback] /marker_control_27904_1497081565226 http://ip-172-31-26-229:36714/
[rosmaster.master][INFO] 2017-06-10 00:59:25,501: +PARAM [/move_group/ompl/display_random_valid_states] by /move_group
[rosmaster.master][INFO] 2017-06-10 00:59:25,508: +PARAM [/move_group/ompl/simplify_solutions] by /move_group
[rosmaster.master][INFO] 2017-06-10 00:59:25,512: +PARAM [/move_group/ompl/minimum_waypoint_count] by /move_group
[rosmaster.master][INFO] 2017-06-10 00:59:25,517: +PARAM [/move_group/ompl/maximum_waypoint_distance] by /move_group
[rosmaster.master][INFO] 2017-06-10 00:59:25,521: +PARAM [/move_group/ompl/link_for_exploration_tree] by /move_group
[rosmaster.master][INFO] 2017-06-10 00:59:25,525: +PARAM [/move_group/ompl/display_random_valid_states] by /move_group
[rosmaster.master][INFO] 2017-06-10 00:59:25,538: publisherUpdate[/control_markers/update] -> http://ip-172-31-26-229:33160/
[rosmaster.master][INFO] 2017-06-10 00:59:25,576: +PUB [/move_group/display_planned_path] /move_group http://ip-172-31-26-229:38685/
[rosmaster.master][INFO] 2017-06-10 00:59:25,581: +PUB [/move_group/display_contacts] /move_group http://ip-172-31-26-229:38685/
[rosmaster.master][INFO] 2017-06-10 00:59:25,632: +SERVICE [/apply_planning_scene] /move_group http://ip-172-31-26-229:38685/
[rosmaster.master][INFO] 2017-06-10 00:59:25,637: +SERVICE [/clear_octomap] /move_group http://ip-172-31-26-229:38685/
[rosmaster.master][INFO] 2017-06-10 00:59:25,642: +SERVICE [/compute_cartesian_path] /move_group http://ip-172-31-26-229:38685/
[rosmaster.master][INFO] 2017-06-10 00:59:25,646: +SERVICE [/execute_kinematic_path] /move_group http://ip-172-31-26-229:38685/
[rosmaster.master][INFO] 2017-06-10 00:59:25,652: +PUB [/execute_trajectory/result] /move_group http://ip-172-31-26-229:38685/
[rosmaster.master][INFO] 2017-06-10 00:59:25,657: +PUB [/execute_trajectory/feedback] /move_group http://ip-172-31-26-229:38685/
[rosmaster.master][INFO] 2017-06-10 00:59:25,661: +PUB [/execute_trajectory/status] /move_group http://ip-172-31-26-229:38685/
[rosmaster.master][INFO] 2017-06-10 00:59:25,672: +SUB [/execute_trajectory/goal] /move_group http://ip-172-31-26-229:38685/
[rosmaster.master][INFO] 2017-06-10 00:59:25,681: +SUB [/execute_trajectory/cancel] /move_group http://ip-172-31-26-229:38685/
[rosmaster.master][INFO] 2017-06-10 00:59:25,686: +SERVICE [/get_planning_scene] /move_group http://ip-172-31-26-229:38685/
[rosmaster.master][INFO] 2017-06-10 00:59:25,690: +SERVICE [/compute_fk] /move_group http://ip-172-31-26-229:38685/
[rosmaster.master][INFO] 2017-06-10 00:59:25,694: +SERVICE [/compute_ik] /move_group http://ip-172-31-26-229:38685/
[rosmaster.master][INFO] 2017-06-10 00:59:25,701: +PUB [/move_group/result] /move_group http://ip-172-31-26-229:38685/
[rosmaster.master][INFO] 2017-06-10 00:59:25,705: +PUB [/move_group/feedback] /move_group http://ip-172-31-26-229:38685/
[rosmaster.master][INFO] 2017-06-10 00:59:25,710: +PUB [/move_group/status] /move_group http://ip-172-31-26-229:38685/
[rosmaster.master][INFO] 2017-06-10 00:59:25,721: +SUB [/move_group/goal] /move_group http://ip-172-31-26-229:38685/
[rosmaster.master][INFO] 2017-06-10 00:59:25,730: +SUB [/move_group/cancel] /move_group http://ip-172-31-26-229:38685/
[rosmaster.master][INFO] 2017-06-10 00:59:25,781: +PUB [/pickup/result] /move_group http://ip-172-31-26-229:38685/
[rosmaster.master][INFO] 2017-06-10 00:59:25,792: +PUB [/pickup/feedback] /move_group http://ip-172-31-26-229:38685/
[rosmaster.master][INFO] 2017-06-10 00:59:25,796: +PUB [/pickup/status] /move_group http://ip-172-31-26-229:38685/
[rosmaster.master][INFO] 2017-06-10 00:59:25,807: +SUB [/pickup/goal] /move_group http://ip-172-31-26-229:38685/
[rosmaster.master][INFO] 2017-06-10 00:59:25,815: +SUB [/pickup/cancel] /move_group http://ip-172-31-26-229:38685/
[rosmaster.master][INFO] 2017-06-10 00:59:25,822: +PUB [/place/result] /move_group http://ip-172-31-26-229:38685/
[rosmaster.master][INFO] 2017-06-10 00:59:25,826: +PUB [/place/feedback] /move_group http://ip-172-31-26-229:38685/
[rosmaster.master][INFO] 2017-06-10 00:59:25,830: +PUB [/place/status] /move_group http://ip-172-31-26-229:38685/
[rosmaster.master][INFO] 2017-06-10 00:59:25,841: +SUB [/place/goal] /move_group http://ip-172-31-26-229:38685/
[rosmaster.master][INFO] 2017-06-10 00:59:25,850: +SUB [/place/cancel] /move_group http://ip-172-31-26-229:38685/
[rosmaster.master][INFO] 2017-06-10 00:59:25,855: +SERVICE [/plan_kinematic_path] /move_group http://ip-172-31-26-229:38685/
[rosmaster.master][INFO] 2017-06-10 00:59:25,859: +SERVICE [/query_planner_interface] /move_group http://ip-172-31-26-229:38685/
[rosmaster.master][INFO] 2017-06-10 00:59:25,864: +SERVICE [/check_state_validity] /move_group http://ip-172-31-26-229:38685/
[rosmaster.master][INFO] 2017-06-10 00:59:26,011: +SUB [/control_markers/update_full] /interactive_marker_proxy http://ip-172-31-26-229:33160/
[rosmaster.master][INFO] 2017-06-10 00:59:26,153: -SUB [/control_markers/update_full] /interactive_marker_proxy http://ip-172-31-26-229:33160/
[rosmaster.master][INFO] 2017-06-10 00:59:29,841: +PUB [/tf2_web_republisher/goal] /rosbridge_websocket http://ip-172-31-26-229:55662/
[rosmaster.master][INFO] 2017-06-10 00:59:29,849: publisherUpdate[/tf2_web_republisher/goal] -> http://ip-172-31-26-229:33437/
[rosmaster.master][INFO] 2017-06-10 00:59:29,853: +PUB [/tf2_web_republisher/cancel] /rosbridge_websocket http://ip-172-31-26-229:55662/
[rosmaster.master][INFO] 2017-06-10 00:59:29,855: publisherUpdate[/tf2_web_republisher/cancel] -> http://ip-172-31-26-229:33437/
[rosmaster.master][INFO] 2017-06-10 00:59:29,862: +SUB [/tf2_web_republisher/feedback] /rosbridge_websocket http://ip-172-31-26-229:55662/
[rosmaster.master][INFO] 2017-06-10 00:59:29,880: +SUB [/visualization_marker_array] /rosbridge_websocket http://ip-172-31-26-229:55662/
[rosmaster.master][INFO] 2017-06-10 00:59:29,898: +SUB [/control_markers/tunneled/update] /rosbridge_websocket http://ip-172-31-26-229:55662/
[rosmaster.master][INFO] 2017-06-10 00:59:29,911: +PUB [/control_markers/feedback] /rosbridge_websocket http://ip-172-31-26-229:55662/
[rosmaster.master][INFO] 2017-06-10 00:59:29,953: publisherUpdate[/control_markers/feedback] -> http://ip-172-31-26-229:36714/
[rosmaster.master][INFO] 2017-06-10 00:59:37,279: +PUB [/rosout] /move_group_commander_wrappers_1497081577273117534 http://ip-172-31-26-229:36649/
[rosmaster.master][INFO] 2017-06-10 00:59:37,279: +SERVICE [/move_group_commander_wrappers_1497081577273117534/get_loggers] /move_group_commander_wrappers_1497081577273117534 http://ip-172-31-26-229:36649/
[rosmaster.master][INFO] 2017-06-10 00:59:37,284: +SERVICE [/move_group_commander_wrappers_1497081577273117534/set_logger_level] /move_group_commander_wrappers_1497081577273117534 http://ip-172-31-26-229:36649/
[rosmaster.master][INFO] 2017-06-10 00:59:37,288: publisherUpdate[/rosout] -> http://ip-172-31-26-229:57719/
[rosmaster.master][INFO] 2017-06-10 00:59:37,450: +PUB [/rosout] /move_arm_28593_1497081577289 http://ip-172-31-26-229:50014/
[rosmaster.master][INFO] 2017-06-10 00:59:37,463: +SERVICE [/move_arm_28593_1497081577289/get_loggers] /move_arm_28593_1497081577289 http://ip-172-31-26-229:50014/
[rosmaster.master][INFO] 2017-06-10 00:59:37,467: +SERVICE [/move_arm_28593_1497081577289/set_logger_level] /move_arm_28593_1497081577289 http://ip-172-31-26-229:50014/
