[rospy.client][INFO] 2017-06-09 18:25:43,105: init_node, name[/rosbridge_websocket], pid[9592]
[xmlrpc][INFO] 2017-06-09 18:25:43,105: XML-RPC server binding to 0.0.0.0:0
[xmlrpc][INFO] 2017-06-09 18:25:43,109: Started XML-RPC server [http://ip-172-31-19-100:34930/]
[rospy.init][INFO] 2017-06-09 18:25:43,109: ROS Slave URI: [http://ip-172-31-19-100:34930/]
[rospy.impl.masterslave][INFO] 2017-06-09 18:25:43,113: _ready: http://ip-172-31-19-100:34930/
[xmlrpc][INFO] 2017-06-09 18:25:43,121: xml rpc node: starting XML-RPC server
[rospy.registration][INFO] 2017-06-09 18:25:43,121: Registering with master node http://localhost:36288
[rospy.init][INFO] 2017-06-09 18:25:43,216: registered with master
[rospy.rosout][INFO] 2017-06-09 18:25:43,221: initializing /rosout core topic
[rospy.rosout][INFO] 2017-06-09 18:25:43,232: connected to core topic /rosout
[rospy.simtime][INFO] 2017-06-09 18:25:43,236: /use_sim_time is not set, will not subscribe to simulated time [/clock] topic
[rosout][INFO] 2017-06-09 18:25:43,271: Rosbridge WebSocket server started on port 47165
[rospy.internal][INFO] 2017-06-09 18:25:43,478: topic[/rosout] adding connection to [/rosout], count 0
[rosout][INFO] 2017-06-09 18:25:50,332: Client connected.  1 clients total.
[rosout][INFO] 2017-06-09 18:25:50,482: [Client 0] Subscribed to /tf2_web_republisher/feedback
[rospy.internal][INFO] 2017-06-09 18:25:50,502: topic[/tf2_web_republisher/feedback] adding connection to [http://ip-172-31-19-100:33641/], count 0
[rosout][INFO] 2017-06-09 18:25:50,505: [Client 0] Subscribed to /visualization_marker_array
[rospy.internal][INFO] 2017-06-09 18:25:50,511: topic[/visualization_marker_array] adding connection to [http://ip-172-31-19-100:34694/], count 0
[rosout][INFO] 2017-06-09 18:25:50,519: [Client 0] Subscribed to /control_markers/tunneled/update
[rospy.internal][INFO] 2017-06-09 18:25:50,529: topic[/control_markers/tunneled/update] adding connection to [http://ip-172-31-19-100:59452/], count 0
[rospy.internal][INFO] 2017-06-09 18:25:50,558: topic[/control_markers/feedback] adding connection to [/marker_control_9781_1497057946246], count 0
[rospy.internal][INFO] 2017-06-09 18:25:50,630: topic[/tf2_web_republisher/goal] adding connection to [/tf2_web_republisher], count 0
[rosout][INFO] 2017-06-09 18:25:50,644: [Client 0] Subscribed to /tf2_web_republisher/feedback
[rosout][INFO] 2017-06-09 18:25:50,653: [Client 0] Subscribed to /tf2_web_republisher/feedback
[rosout][INFO] 2017-06-09 18:25:50,657: [Client 0] Subscribed to /tf2_web_republisher/feedback
[rosout][INFO] 2017-06-09 18:25:50,661: [Client 0] Subscribed to /tf2_web_republisher/feedback
[rosout][INFO] 2017-06-09 18:25:50,666: [Client 0] Subscribed to /tf2_web_republisher/feedback
[rosout][INFO] 2017-06-09 18:25:50,671: [Client 0] Subscribed to /tf2_web_republisher/feedback
[rosout][INFO] 2017-06-09 18:25:50,678: [Client 0] Subscribed to /tf2_web_republisher/feedback
[rospy.internal][INFO] 2017-06-09 18:25:50,731: topic[/tf2_web_republisher/cancel] adding connection to [/tf2_web_republisher], count 0
[rospy.internal][INFO] 2017-06-09 18:29:25,431: topic impl's ref count is zero, deleting topic /tf2_web_republisher/cancel...
[rospy.internal][INFO] 2017-06-09 18:29:25,431: topic[/tf2_web_republisher/cancel] removing connection to /tf2_web_republisher
[rospy.internal][INFO] 2017-06-09 18:29:25,437: topic impl's ref count is zero, deleting topic /tf2_web_republisher/goal...
[rospy.internal][INFO] 2017-06-09 18:29:25,441: topic[/tf2_web_republisher/goal] removing connection to /tf2_web_republisher
[rospy.internal][INFO] 2017-06-09 18:29:25,450: topic impl's ref count is zero, deleting topic /control_markers/feedback...
[rospy.internal][INFO] 2017-06-09 18:29:25,457: topic[/control_markers/feedback] removing connection to /marker_control_9781_1497057946246
[rospy.internal][INFO] 2017-06-09 18:29:25,465: topic impl's ref count is zero, deleting topic /control_markers/tunneled/update...
[rospy.internal][INFO] 2017-06-09 18:29:25,468: topic[/control_markers/tunneled/update] removing connection to http://ip-172-31-19-100:59452/
[rospy.internal][INFO] 2017-06-09 18:29:25,480: topic impl's ref count is zero, deleting topic /tf2_web_republisher/feedback...
[rospy.internal][INFO] 2017-06-09 18:29:25,484: topic[/tf2_web_republisher/feedback] removing connection to http://ip-172-31-19-100:33641/
[rospy.internal][INFO] 2017-06-09 18:29:25,492: topic impl's ref count is zero, deleting topic /visualization_marker_array...
[rospy.internal][INFO] 2017-06-09 18:29:25,496: topic[/visualization_marker_array] removing connection to http://ip-172-31-19-100:34694/
[rosout][INFO] 2017-06-09 18:29:25,512: Client disconnected. 0 clients total.
