[roslaunch][INFO] 2017-06-09 18:25:40,055: Checking log directory for disk usage. This may take awhile.
Press Ctrl-C to interrupt
[roslaunch][INFO] 2017-06-09 18:25:40,076: Done checking log file disk usage. Usage is <1GB.
[roslaunch][INFO] 2017-06-09 18:25:40,076: roslaunch starting with args ['roscore', '--core', '-p', '36288']
[roslaunch][INFO] 2017-06-09 18:25:40,082: roslaunch env is {'ROS_DISTRO': 'indigo', 'ASNLIB': '/home/ccc_v1_s54106__48606/asn13529_Project_5/asn13530_Project_4/asnlib', 'LIB': '/home/ccc_v1_s54106__48606/lib', 'PKG_CONFIG_PATH': '/opt/ros/indigo/lib/pkgconfig:/opt/ros/indigo/lib/x86_64-linux-gnu/pkgconfig', 'SSH_CLIENT': '172.31.7.153 35204 22', 'CPATH': '/opt/ros/indigo/include', 'LOGNAME': 'ccc_v1_w_dd4cc_18220', 'USER': 'ccc_v1_w_dd4cc_18220', 'ROS_NODE_PORT': '36288', 'HOME': '/home/ccc_v1_w_dd4cc_18220/asn13529_Project_5/asn13530_Project_4/work', 'PATH': '/opt/ros/indigo/bin:/usr/local/sbin:/usr/local/bin:/usr/sbin:/usr/bin:/sbin:/bin:/usr/games:/usr/local/games:/home/local/bin:/home/ccc_v1_s54106__48606/lib:/home/ccc_v1_s54106__48606/asn13529_Project_5/asn13530_Project_4/asnlib:/home/vlibs:.', 'CMAKE_PREFIX_PATH': '/opt/ros/indigo', 'LD_LIBRARY_PATH': '/opt/ros/indigo/lib:/opt/ros/indigo/lib/x86_64-linux-gnu:/home/ccc_v1_s54106__48606/lib:/home/ccc_v1_s54106__48606/asn13529_Project_5/asn13530_Project_4/asnlib:/home/vlibs', 'LANG': 'en_US.UTF-8', 'TERM': 'xterm-256color', 'SHELL': '/bin/bash', 'HISTFILE': '/home/ccc_v1_w_dd4cc_18220/.bash_history', 'SHLVL': '2', 'VOC_WORKAREA': '/home/ccc_v1_w_dd4cc_18220/asn13529_Project_5/asn13530_Project_4/work', 'ROS_LOG_FILENAME': '/home/ccc_v1_w_dd4cc_18220/asn13529_Project_5/asn13530_Project_4/work/.ros/log/b6b9e0f2-4d7b-11e7-9359-06f360e4abc1/roslaunch-ip-172-31-19-100-9461.log', 'PART1': '/home/ccc_v1_s54106__48606/asn13529_Project_5/asn13530_Project_4', 'ROS_ETC_DIR': '/opt/ros/indigo/etc/ros', 'XDG_RUNTIME_DIR': '/run/user/18220', 'PYTHONPATH': '/opt/ros/indigo/lib/python2.7/dist-packages:/home/vlibs/python', 'VOC_PROXY_WRAPPER_PORT': '5100', 'VOC_XFER_TOKEN': '12948413134354243542135300593b4a892fe229.34775800', 'ROS_ROOT': '/opt/ros/indigo/share/ros', 'OLD_HOME': '/home/ccc_v1_w_dd4cc_18220', 'VOC_PROXY_TOKEN': '197006517843542435421353001593b4a89354a32.40958311', 'ROS_PACKAGE_PATH': '/opt/ros/indigo/share:/opt/ros/indigo/stacks', 'XDG_SESSION_ID': '317538', '_': '/usr/bin/stdbuf', 'LD_PRELOAD': '/usr/lib/coreutils/libstdbuf.so', '_STDBUF_O': 'L', 'SSH_TTY': '/dev/pts/6', 'OLDPWD': '/home/ccc_v1_w_dd4cc_18220', 'ROSLISP_PACKAGE_DIRECTORIES': '', 'VLIB': '/home/vlibs', 'PWD': '/home/ccc_v1_w_dd4cc_18220/asn13529_Project_5/asn13530_Project_4/work', 'VOC_PROXY_ID': '43542_43542_13530_0_1', 'ROS_MASTER_URI': 'http://localhost:36288', 'MAIL': '/var/mail/ccc_v1_w_dd4cc_18220', 'SSH_CONNECTION': '172.31.7.153 35204 172.31.19.100 22'}
[roslaunch][INFO] 2017-06-09 18:25:40,085: starting in server mode
[roslaunch.parent][INFO] 2017-06-09 18:25:40,089: starting roslaunch parent run
[roslaunch][INFO] 2017-06-09 18:25:40,092: loading roscore config file /opt/ros/indigo/etc/ros/roscore.xml
[roslaunch][INFO] 2017-06-09 18:25:40,221: Added core node of type [rosout/rosout] in namespace [/]
[roslaunch.pmon][INFO] 2017-06-09 18:25:40,222: start_process_monitor: creating ProcessMonitor
[roslaunch.pmon][INFO] 2017-06-09 18:25:40,226: created process monitor <ProcessMonitor(ProcessMonitor-1, initial daemon)>
[roslaunch.pmon][INFO] 2017-06-09 18:25:40,229: start_process_monitor: ProcessMonitor started
[roslaunch.parent][INFO] 2017-06-09 18:25:40,233: starting parent XML-RPC server
[roslaunch.server][INFO] 2017-06-09 18:25:40,237: starting roslaunch XML-RPC server
[roslaunch.server][INFO] 2017-06-09 18:25:40,240: waiting for roslaunch XML-RPC server to initialize
[xmlrpc][INFO] 2017-06-09 18:25:40,240: XML-RPC server binding to 0.0.0.0:0
[xmlrpc][INFO] 2017-06-09 18:25:40,247: Started XML-RPC server [http://ip-172-31-19-100:37388/]
[xmlrpc][INFO] 2017-06-09 18:25:40,251: xml rpc node: starting XML-RPC server
[roslaunch][INFO] 2017-06-09 18:25:40,261: started roslaunch server http://ip-172-31-19-100:37388/
[roslaunch.parent][INFO] 2017-06-09 18:25:40,264: ... parent XML-RPC server started
[roslaunch][INFO] 2017-06-09 18:25:40,268: master.is_running[http://ip-172-31-19-100:36288/]
[roslaunch][INFO] 2017-06-09 18:25:40,273: auto-starting new master
[roslaunch][INFO] 2017-06-09 18:25:40,279: create_master_process: rosmaster, /opt/ros/indigo/share/ros, 36288, 3, None
[roslaunch][INFO] 2017-06-09 18:25:40,283: process[master]: launching with args [['rosmaster', '--core', '-p', '36288', '-w', '3']]
[roslaunch.pmon][INFO] 2017-06-09 18:25:40,286: ProcessMonitor.register[master]
[roslaunch.pmon][INFO] 2017-06-09 18:25:40,297: ProcessMonitor.register[master] complete
[roslaunch][INFO] 2017-06-09 18:25:40,300: process[master]: starting os process
[roslaunch][INFO] 2017-06-09 18:25:40,304: process[master]: start w/ args [['rosmaster', '--core', '-p', '36288', '-w', '3', '__log:=/home/ccc_v1_w_dd4cc_18220/asn13529_Project_5/asn13530_Project_4/work/.ros/log/b6b9e0f2-4d7b-11e7-9359-06f360e4abc1/master.log']]
[roslaunch][INFO] 2017-06-09 18:25:40,307: process[master]: cwd will be [/home/ccc_v1_w_dd4cc_18220/asn13529_Project_5/asn13530_Project_4/work/.ros]
[roslaunch][INFO] 2017-06-09 18:25:40,316: process[master]: started with pid [9478]
[roslaunch][INFO] 2017-06-09 18:25:40,317: master.is_running[http://ip-172-31-19-100:36288/]
[roslaunch][INFO] 2017-06-09 18:25:40,421: master.is_running[http://ip-172-31-19-100:36288/]
[roslaunch][INFO] 2017-06-09 18:25:40,525: master.is_running[http://ip-172-31-19-100:36288/]
[roslaunch][INFO] 2017-06-09 18:25:40,531: master.is_running[http://ip-172-31-19-100:36288/]
[roslaunch][INFO] 2017-06-09 18:25:40,536: ROS_MASTER_URI=http://ip-172-31-19-100:36288/
[roslaunch][INFO] 2017-06-09 18:25:40,540: setting /run_id to b6b9e0f2-4d7b-11e7-9359-06f360e4abc1
[roslaunch][INFO] 2017-06-09 18:25:40,549: setting /roslaunch/uris/host_ip_172_31_19_100__37388' to http://ip-172-31-19-100:37388/
[roslaunch][INFO] 2017-06-09 18:25:40,558: ... preparing to launch node of type [rosout/rosout]
[roslaunch][INFO] 2017-06-09 18:25:40,562: create_node_process: package[rosout] type[rosout] machine[Machine(name[] env_loader[None] address[localhost] ssh_port[22] user[None] assignable[True] timeout[10.0])] master_uri[http://ip-172-31-19-100:36288/]
[roslaunch][INFO] 2017-06-09 18:25:40,565: process[rosout-1]: env[{'ROS_DISTRO': 'indigo', 'ASNLIB': '/home/ccc_v1_s54106__48606/asn13529_Project_5/asn13530_Project_4/asnlib', 'LIB': '/home/ccc_v1_s54106__48606/lib', 'VOC_PROXY_TOKEN': '197006517843542435421353001593b4a89354a32.40958311', 'SSH_CLIENT': '172.31.7.153 35204 22', 'CPATH': '/opt/ros/indigo/include', 'LOGNAME': 'ccc_v1_w_dd4cc_18220', 'USER': 'ccc_v1_w_dd4cc_18220', 'ROS_NODE_PORT': '36288', 'HOME': '/home/ccc_v1_w_dd4cc_18220/asn13529_Project_5/asn13530_Project_4/work', 'PATH': '/opt/ros/indigo/bin:/usr/local/sbin:/usr/local/bin:/usr/sbin:/usr/bin:/sbin:/bin:/usr/games:/usr/local/games:/home/local/bin:/home/ccc_v1_s54106__48606/lib:/home/ccc_v1_s54106__48606/asn13529_Project_5/asn13530_Project_4/asnlib:/home/vlibs:.', 'CMAKE_PREFIX_PATH': '/opt/ros/indigo', 'ROS_LOG_FILENAME': '/home/ccc_v1_w_dd4cc_18220/asn13529_Project_5/asn13530_Project_4/work/.ros/log/b6b9e0f2-4d7b-11e7-9359-06f360e4abc1/roslaunch-ip-172-31-19-100-9461.log', 'LANG': 'en_US.UTF-8', 'TERM': 'xterm-256color', 'SHELL': '/bin/bash', 'HISTFILE': '/home/ccc_v1_w_dd4cc_18220/.bash_history', 'SHLVL': '2', 'VOC_WORKAREA': '/home/ccc_v1_w_dd4cc_18220/asn13529_Project_5/asn13530_Project_4/work', 'LD_LIBRARY_PATH': '/opt/ros/indigo/lib:/opt/ros/indigo/lib/x86_64-linux-gnu:/home/ccc_v1_s54106__48606/lib:/home/ccc_v1_s54106__48606/asn13529_Project_5/asn13530_Project_4/asnlib:/home/vlibs', 'PART1': '/home/ccc_v1_s54106__48606/asn13529_Project_5/asn13530_Project_4', 'ROS_MASTER_URI': 'http://ip-172-31-19-100:36288/', 'XDG_RUNTIME_DIR': '/run/user/18220', 'PYTHONPATH': '/opt/ros/indigo/lib/python2.7/dist-packages:/home/vlibs/python', 'VOC_PROXY_WRAPPER_PORT': '5100', 'VOC_XFER_TOKEN': '12948413134354243542135300593b4a892fe229.34775800', 'ROS_ROOT': '/opt/ros/indigo/share/ros', 'OLD_HOME': '/home/ccc_v1_w_dd4cc_18220', 'PKG_CONFIG_PATH': '/opt/ros/indigo/lib/pkgconfig:/opt/ros/indigo/lib/x86_64-linux-gnu/pkgconfig', 'ROS_PACKAGE_PATH': '/opt/ros/indigo/share:/opt/ros/indigo/stacks', 'XDG_SESSION_ID': '317538', '_': '/usr/bin/stdbuf', 'LD_PRELOAD': '/usr/lib/coreutils/libstdbuf.so', '_STDBUF_O': 'L', 'SSH_TTY': '/dev/pts/6', 'OLDPWD': '/home/ccc_v1_w_dd4cc_18220', 'ROSLISP_PACKAGE_DIRECTORIES': '', 'VLIB': '/home/vlibs', 'PWD': '/home/ccc_v1_w_dd4cc_18220/asn13529_Project_5/asn13530_Project_4/work', 'VOC_PROXY_ID': '43542_43542_13530_0_1', 'ROS_ETC_DIR': '/opt/ros/indigo/etc/ros', 'MAIL': '/var/mail/ccc_v1_w_dd4cc_18220', 'SSH_CONNECTION': '172.31.7.153 35204 172.31.19.100 22'}]
[roslaunch][INFO] 2017-06-09 18:25:40,602: process[rosout-1]: args[[u'/opt/ros/indigo/lib/rosout/rosout', u'__name:=rosout']]
[roslaunch][INFO] 2017-06-09 18:25:40,606: ... created process [rosout-1]
[roslaunch.pmon][INFO] 2017-06-09 18:25:40,609: ProcessMonitor.register[rosout-1]
[roslaunch.pmon][INFO] 2017-06-09 18:25:40,613: ProcessMonitor.register[rosout-1] complete
[roslaunch][INFO] 2017-06-09 18:25:40,616: ... registered process [rosout-1]
[roslaunch][INFO] 2017-06-09 18:25:40,619: process[rosout-1]: starting os process
[roslaunch][INFO] 2017-06-09 18:25:40,624: process[rosout-1]: start w/ args [[u'/opt/ros/indigo/lib/rosout/rosout', u'__name:=rosout', u'__log:=/home/ccc_v1_w_dd4cc_18220/asn13529_Project_5/asn13530_Project_4/work/.ros/log/b6b9e0f2-4d7b-11e7-9359-06f360e4abc1/rosout-1.log']]
[roslaunch][INFO] 2017-06-09 18:25:40,628: process[rosout-1]: cwd will be [/home/ccc_v1_w_dd4cc_18220/asn13529_Project_5/asn13530_Project_4/work/.ros]
[roslaunch][INFO] 2017-06-09 18:25:40,636: process[rosout-1]: started with pid [9491]
[roslaunch][INFO] 2017-06-09 18:25:40,637: ... successfully launched [rosout-1]
[roslaunch][INFO] 2017-06-09 18:25:40,640: load_parameters starting ...
[roslaunch][INFO] 2017-06-09 18:25:40,654: ... load_parameters complete
[roslaunch][INFO] 2017-06-09 18:25:40,659: launch_nodes: launching local nodes ...
[roslaunch][INFO] 2017-06-09 18:25:40,662: ... launch_nodes complete
[roslaunch.pmon][INFO] 2017-06-09 18:25:40,665: registrations completed <ProcessMonitor(ProcessMonitor-1, started daemon 139964505011968)>
[roslaunch.parent][INFO] 2017-06-09 18:25:40,669: ... roslaunch parent running, waiting for process exit
[roslaunch][INFO] 2017-06-09 18:25:40,672: spin
