[roslaunch][INFO] 2017-06-09 18:25:42,230: Checking log directory for disk usage. This may take awhile.
Press Ctrl-C to interrupt
[roslaunch][INFO] 2017-06-09 18:25:42,257: Done checking log file disk usage. Usage is <1GB.
[roslaunch][INFO] 2017-06-09 18:25:42,257: roslaunch starting with args ['/opt/ros/indigo/bin/roslaunch', 'rosbridge_server', 'rosbridge_websocket.launch', 'port:=47165']
[roslaunch][INFO] 2017-06-09 18:25:42,260: roslaunch env is {'ROS_DISTRO': 'indigo', 'ASNLIB': '/home/ccc_v1_s54106__48606/asn13529_Project_5/asn13530_Project_4/asnlib', 'LIB': '/home/ccc_v1_s54106__48606/lib', 'PKG_CONFIG_PATH': '/opt/ros/indigo/lib/pkgconfig:/opt/ros/indigo/lib/x86_64-linux-gnu/pkgconfig', 'SSH_CLIENT': '172.31.7.153 35204 22', 'CPATH': '/opt/ros/indigo/include', 'LOGNAME': 'ccc_v1_w_dd4cc_18220', 'USER': 'ccc_v1_w_dd4cc_18220', 'ROS_NODE_PORT': '36288', 'HOME': '/home/ccc_v1_w_dd4cc_18220/asn13529_Project_5/asn13530_Project_4/work', 'PATH': '/opt/ros/indigo/bin:/usr/local/sbin:/usr/local/bin:/usr/sbin:/usr/bin:/sbin:/bin:/usr/games:/usr/local/games:/home/local/bin:/home/ccc_v1_s54106__48606/lib:/home/ccc_v1_s54106__48606/asn13529_Project_5/asn13530_Project_4/asnlib:/home/vlibs:.', 'CMAKE_PREFIX_PATH': '/opt/ros/indigo', 'LD_LIBRARY_PATH': '/opt/ros/indigo/lib:/opt/ros/indigo/lib/x86_64-linux-gnu:/home/ccc_v1_s54106__48606/lib:/home/ccc_v1_s54106__48606/asn13529_Project_5/asn13530_Project_4/asnlib:/home/vlibs', 'LANG': 'en_US.UTF-8', 'TERM': 'xterm-256color', 'SHELL': '/bin/bash', 'HISTFILE': '/home/ccc_v1_w_dd4cc_18220/.bash_history', 'SHLVL': '2', 'VOC_WORKAREA': '/home/ccc_v1_w_dd4cc_18220/asn13529_Project_5/asn13530_Project_4/work', 'ROS_LOG_FILENAME': '/home/ccc_v1_w_dd4cc_18220/asn13529_Project_5/asn13530_Project_4/work/.ros/log/b6b9e0f2-4d7b-11e7-9359-06f360e4abc1/roslaunch-ip-172-31-19-100-9574.log', 'PART1': '/home/ccc_v1_s54106__48606/asn13529_Project_5/asn13530_Project_4', 'ROS_ETC_DIR': '/opt/ros/indigo/etc/ros', 'XDG_RUNTIME_DIR': '/run/user/18220', 'PYTHONPATH': '/opt/ros/indigo/lib/python2.7/dist-packages:/home/vlibs/python', 'VOC_PROXY_WRAPPER_PORT': '5100', 'VOC_XFER_TOKEN': '12948413134354243542135300593b4a892fe229.34775800', 'ROS_ROOT': '/opt/ros/indigo/share/ros', 'OLD_HOME': '/home/ccc_v1_w_dd4cc_18220', 'VOC_PROXY_TOKEN': '197006517843542435421353001593b4a89354a32.40958311', 'ROS_PACKAGE_PATH': '/opt/ros/indigo/share:/opt/ros/indigo/stacks', 'XDG_SESSION_ID': '317538', '_': '/usr/bin/stdbuf', 'LD_PRELOAD': '/usr/lib/coreutils/libstdbuf.so', '_STDBUF_O': 'L', 'SSH_TTY': '/dev/pts/6', 'OLDPWD': '/home/ccc_v1_w_dd4cc_18220', 'ROSLISP_PACKAGE_DIRECTORIES': '', 'VLIB': '/home/vlibs', 'PWD': '/home/ccc_v1_w_dd4cc_18220/asn13529_Project_5/asn13530_Project_4/work', 'VOC_PROXY_ID': '43542_43542_13530_0_1', 'ROS_MASTER_URI': 'http://localhost:36288', 'MAIL': '/var/mail/ccc_v1_w_dd4cc_18220', 'SSH_CONNECTION': '172.31.7.153 35204 172.31.19.100 22'}
[roslaunch][INFO] 2017-06-09 18:25:42,264: starting in server mode
[roslaunch.parent][INFO] 2017-06-09 18:25:42,268: starting roslaunch parent run
[roslaunch][INFO] 2017-06-09 18:25:42,271: loading roscore config file /opt/ros/indigo/etc/ros/roscore.xml
[roslaunch][INFO] 2017-06-09 18:25:42,390: Added core node of type [rosout/rosout] in namespace [/]
[roslaunch.config][INFO] 2017-06-09 18:25:42,391: loading config file /opt/ros/indigo/share/rosbridge_server/launch/rosbridge_websocket.launch
[roslaunch][INFO] 2017-06-09 18:25:42,397: Added node of type [rosbridge_server/rosbridge_websocket] in namespace [/]
[roslaunch][INFO] 2017-06-09 18:25:42,401: Added node of type [rosapi/rosapi_node] in namespace [/]
[roslaunch][INFO] 2017-06-09 18:25:42,405: ... selected machine [] for node of type [rosbridge_server/rosbridge_websocket]
[roslaunch][INFO] 2017-06-09 18:25:42,409: ... selected machine [] for node of type [rosapi/rosapi_node]
[roslaunch.pmon][INFO] 2017-06-09 18:25:42,413: start_process_monitor: creating ProcessMonitor
[roslaunch.pmon][INFO] 2017-06-09 18:25:42,416: created process monitor <ProcessMonitor(ProcessMonitor-1, initial daemon)>
[roslaunch.pmon][INFO] 2017-06-09 18:25:42,420: start_process_monitor: ProcessMonitor started
[roslaunch.parent][INFO] 2017-06-09 18:25:42,424: starting parent XML-RPC server
[roslaunch.server][INFO] 2017-06-09 18:25:42,428: starting roslaunch XML-RPC server
[roslaunch.server][INFO] 2017-06-09 18:25:42,431: waiting for roslaunch XML-RPC server to initialize
[xmlrpc][INFO] 2017-06-09 18:25:42,431: XML-RPC server binding to 0.0.0.0:0
[xmlrpc][INFO] 2017-06-09 18:25:42,438: Started XML-RPC server [http://ip-172-31-19-100:45582/]
[xmlrpc][INFO] 2017-06-09 18:25:42,441: xml rpc node: starting XML-RPC server
[roslaunch][INFO] 2017-06-09 18:25:42,449: started roslaunch server http://ip-172-31-19-100:45582/
[roslaunch.parent][INFO] 2017-06-09 18:25:42,452: ... parent XML-RPC server started
[roslaunch][INFO] 2017-06-09 18:25:42,456: master.is_running[http://localhost:36288]
[roslaunch][INFO] 2017-06-09 18:25:42,460: master.is_running[http://localhost:36288]
[roslaunch][INFO] 2017-06-09 18:25:42,464: ROS_MASTER_URI=http://localhost:36288
[roslaunch][INFO] 2017-06-09 18:25:42,470: setting /roslaunch/uris/host_ip_172_31_19_100__45582' to http://ip-172-31-19-100:45582/
[roslaunch][INFO] 2017-06-09 18:25:42,475: load_parameters starting ...
[roslaunch][INFO] 2017-06-09 18:25:42,514: ... load_parameters complete
[roslaunch][INFO] 2017-06-09 18:25:42,517: launch_nodes: launching local nodes ...
[roslaunch][INFO] 2017-06-09 18:25:42,521: ... preparing to launch node of type [rosbridge_server/rosbridge_websocket]
[roslaunch][INFO] 2017-06-09 18:25:42,524: create_node_process: package[rosbridge_server] type[rosbridge_websocket] machine[Machine(name[] env_loader[None] address[localhost] ssh_port[22] user[None] assignable[True] timeout[10.0])] master_uri[http://localhost:36288]
[roslaunch][INFO] 2017-06-09 18:25:42,528: process[rosbridge_websocket-1]: env[{'ROS_DISTRO': 'indigo', 'ASNLIB': '/home/ccc_v1_s54106__48606/asn13529_Project_5/asn13530_Project_4/asnlib', 'LIB': '/home/ccc_v1_s54106__48606/lib', 'VOC_PROXY_TOKEN': '197006517843542435421353001593b4a89354a32.40958311', 'SSH_CLIENT': '172.31.7.153 35204 22', 'CPATH': '/opt/ros/indigo/include', 'LOGNAME': 'ccc_v1_w_dd4cc_18220', 'USER': 'ccc_v1_w_dd4cc_18220', 'ROS_NODE_PORT': '36288', 'HOME': '/home/ccc_v1_w_dd4cc_18220/asn13529_Project_5/asn13530_Project_4/work', 'PATH': '/opt/ros/indigo/bin:/usr/local/sbin:/usr/local/bin:/usr/sbin:/usr/bin:/sbin:/bin:/usr/games:/usr/local/games:/home/local/bin:/home/ccc_v1_s54106__48606/lib:/home/ccc_v1_s54106__48606/asn13529_Project_5/asn13530_Project_4/asnlib:/home/vlibs:.', 'CMAKE_PREFIX_PATH': '/opt/ros/indigo', 'ROS_LOG_FILENAME': '/home/ccc_v1_w_dd4cc_18220/asn13529_Project_5/asn13530_Project_4/work/.ros/log/b6b9e0f2-4d7b-11e7-9359-06f360e4abc1/roslaunch-ip-172-31-19-100-9574.log', 'LANG': 'en_US.UTF-8', 'TERM': 'xterm-256color', 'SHELL': '/bin/bash', 'HISTFILE': '/home/ccc_v1_w_dd4cc_18220/.bash_history', 'SHLVL': '2', 'VOC_WORKAREA': '/home/ccc_v1_w_dd4cc_18220/asn13529_Project_5/asn13530_Project_4/work', 'LD_LIBRARY_PATH': '/opt/ros/indigo/lib:/opt/ros/indigo/lib/x86_64-linux-gnu:/home/ccc_v1_s54106__48606/lib:/home/ccc_v1_s54106__48606/asn13529_Project_5/asn13530_Project_4/asnlib:/home/vlibs', 'PART1': '/home/ccc_v1_s54106__48606/asn13529_Project_5/asn13530_Project_4', 'ROS_MASTER_URI': 'http://localhost:36288', 'XDG_RUNTIME_DIR': '/run/user/18220', 'PYTHONPATH': '/opt/ros/indigo/lib/python2.7/dist-packages:/home/vlibs/python', 'VOC_PROXY_WRAPPER_PORT': '5100', 'VOC_XFER_TOKEN': '12948413134354243542135300593b4a892fe229.34775800', 'ROS_ROOT': '/opt/ros/indigo/share/ros', 'OLD_HOME': '/home/ccc_v1_w_dd4cc_18220', 'PKG_CONFIG_PATH': '/opt/ros/indigo/lib/pkgconfig:/opt/ros/indigo/lib/x86_64-linux-gnu/pkgconfig', 'ROS_PACKAGE_PATH': '/opt/ros/indigo/share:/opt/ros/indigo/stacks', 'XDG_SESSION_ID': '317538', '_': '/usr/bin/stdbuf', 'LD_PRELOAD': '/usr/lib/coreutils/libstdbuf.so', '_STDBUF_O': 'L', 'SSH_TTY': '/dev/pts/6', 'OLDPWD': '/home/ccc_v1_w_dd4cc_18220', 'ROSLISP_PACKAGE_DIRECTORIES': '', 'VLIB': '/home/vlibs', 'PWD': '/home/ccc_v1_w_dd4cc_18220/asn13529_Project_5/asn13530_Project_4/work', 'VOC_PROXY_ID': '43542_43542_13530_0_1', 'ROS_ETC_DIR': '/opt/ros/indigo/etc/ros', 'MAIL': '/var/mail/ccc_v1_w_dd4cc_18220', 'SSH_CONNECTION': '172.31.7.153 35204 172.31.19.100 22'}]
[roslaunch][INFO] 2017-06-09 18:25:42,558: process[rosbridge_websocket-1]: args[[u'/opt/ros/indigo/lib/rosbridge_server/rosbridge_websocket', u'__name:=rosbridge_websocket']]
[roslaunch][INFO] 2017-06-09 18:25:42,562: ... created process [rosbridge_websocket-1]
[roslaunch.pmon][INFO] 2017-06-09 18:25:42,565: ProcessMonitor.register[rosbridge_websocket-1]
[roslaunch.pmon][INFO] 2017-06-09 18:25:42,569: ProcessMonitor.register[rosbridge_websocket-1] complete
[roslaunch][INFO] 2017-06-09 18:25:42,572: ... registered process [rosbridge_websocket-1]
[roslaunch][INFO] 2017-06-09 18:25:42,575: process[rosbridge_websocket-1]: starting os process
[roslaunch][INFO] 2017-06-09 18:25:42,579: process[rosbridge_websocket-1]: start w/ args [[u'/opt/ros/indigo/lib/rosbridge_server/rosbridge_websocket', u'__name:=rosbridge_websocket', u'__log:=/home/ccc_v1_w_dd4cc_18220/asn13529_Project_5/asn13530_Project_4/work/.ros/log/b6b9e0f2-4d7b-11e7-9359-06f360e4abc1/rosbridge_websocket-1.log']]
[roslaunch][INFO] 2017-06-09 18:25:42,583: process[rosbridge_websocket-1]: cwd will be [/home/ccc_v1_w_dd4cc_18220/asn13529_Project_5/asn13530_Project_4/work/.ros]
[roslaunch][INFO] 2017-06-09 18:25:42,592: process[rosbridge_websocket-1]: started with pid [9592]
[roslaunch][INFO] 2017-06-09 18:25:42,593: ... successfully launched [rosbridge_websocket-1]
[roslaunch][INFO] 2017-06-09 18:25:42,597: ... preparing to launch node of type [rosapi/rosapi_node]
[roslaunch][INFO] 2017-06-09 18:25:42,600: create_node_process: package[rosapi] type[rosapi_node] machine[Machine(name[] env_loader[None] address[localhost] ssh_port[22] user[None] assignable[True] timeout[10.0])] master_uri[http://localhost:36288]
[roslaunch][INFO] 2017-06-09 18:25:42,604: process[rosapi-2]: env[{'ROS_DISTRO': 'indigo', 'ASNLIB': '/home/ccc_v1_s54106__48606/asn13529_Project_5/asn13530_Project_4/asnlib', 'LIB': '/home/ccc_v1_s54106__48606/lib', 'VOC_PROXY_TOKEN': '197006517843542435421353001593b4a89354a32.40958311', 'SSH_CLIENT': '172.31.7.153 35204 22', 'CPATH': '/opt/ros/indigo/include', 'LOGNAME': 'ccc_v1_w_dd4cc_18220', 'USER': 'ccc_v1_w_dd4cc_18220', 'ROS_NODE_PORT': '36288', 'HOME': '/home/ccc_v1_w_dd4cc_18220/asn13529_Project_5/asn13530_Project_4/work', 'PATH': '/opt/ros/indigo/bin:/usr/local/sbin:/usr/local/bin:/usr/sbin:/usr/bin:/sbin:/bin:/usr/games:/usr/local/games:/home/local/bin:/home/ccc_v1_s54106__48606/lib:/home/ccc_v1_s54106__48606/asn13529_Project_5/asn13530_Project_4/asnlib:/home/vlibs:.', 'CMAKE_PREFIX_PATH': '/opt/ros/indigo', 'ROS_LOG_FILENAME': '/home/ccc_v1_w_dd4cc_18220/asn13529_Project_5/asn13530_Project_4/work/.ros/log/b6b9e0f2-4d7b-11e7-9359-06f360e4abc1/roslaunch-ip-172-31-19-100-9574.log', 'LANG': 'en_US.UTF-8', 'TERM': 'xterm-256color', 'SHELL': '/bin/bash', 'HISTFILE': '/home/ccc_v1_w_dd4cc_18220/.bash_history', 'SHLVL': '2', 'VOC_WORKAREA': '/home/ccc_v1_w_dd4cc_18220/asn13529_Project_5/asn13530_Project_4/work', 'LD_LIBRARY_PATH': '/opt/ros/indigo/lib:/opt/ros/indigo/lib/x86_64-linux-gnu:/home/ccc_v1_s54106__48606/lib:/home/ccc_v1_s54106__48606/asn13529_Project_5/asn13530_Project_4/asnlib:/home/vlibs', 'PART1': '/home/ccc_v1_s54106__48606/asn13529_Project_5/asn13530_Project_4', 'ROS_MASTER_URI': 'http://localhost:36288', 'XDG_RUNTIME_DIR': '/run/user/18220', 'PYTHONPATH': '/opt/ros/indigo/lib/python2.7/dist-packages:/home/vlibs/python', 'VOC_PROXY_WRAPPER_PORT': '5100', 'VOC_XFER_TOKEN': '12948413134354243542135300593b4a892fe229.34775800', 'ROS_ROOT': '/opt/ros/indigo/share/ros', 'OLD_HOME': '/home/ccc_v1_w_dd4cc_18220', 'PKG_CONFIG_PATH': '/opt/ros/indigo/lib/pkgconfig:/opt/ros/indigo/lib/x86_64-linux-gnu/pkgconfig', 'ROS_PACKAGE_PATH': '/opt/ros/indigo/share:/opt/ros/indigo/stacks', 'XDG_SESSION_ID': '317538', '_': '/usr/bin/stdbuf', 'LD_PRELOAD': '/usr/lib/coreutils/libstdbuf.so', '_STDBUF_O': 'L', 'SSH_TTY': '/dev/pts/6', 'OLDPWD': '/home/ccc_v1_w_dd4cc_18220', 'ROSLISP_PACKAGE_DIRECTORIES': '', 'VLIB': '/home/vlibs', 'PWD': '/home/ccc_v1_w_dd4cc_18220/asn13529_Project_5/asn13530_Project_4/work', 'VOC_PROXY_ID': '43542_43542_13530_0_1', 'ROS_ETC_DIR': '/opt/ros/indigo/etc/ros', 'MAIL': '/var/mail/ccc_v1_w_dd4cc_18220', 'SSH_CONNECTION': '172.31.7.153 35204 172.31.19.100 22'}]
[roslaunch][INFO] 2017-06-09 18:25:42,608: process[rosapi-2]: args[[u'/opt/ros/indigo/lib/rosapi/rosapi_node', u'__name:=rosapi']]
[roslaunch][INFO] 2017-06-09 18:25:42,612: ... created process [rosapi-2]
[roslaunch.pmon][INFO] 2017-06-09 18:25:42,616: ProcessMonitor.register[rosapi-2]
[roslaunch.pmon][INFO] 2017-06-09 18:25:42,619: ProcessMonitor.register[rosapi-2] complete
[roslaunch][INFO] 2017-06-09 18:25:42,622: ... registered process [rosapi-2]
[roslaunch][INFO] 2017-06-09 18:25:42,626: process[rosapi-2]: starting os process
[roslaunch][INFO] 2017-06-09 18:25:42,632: process[rosapi-2]: start w/ args [[u'/opt/ros/indigo/lib/rosapi/rosapi_node', u'__name:=rosapi', u'__log:=/home/ccc_v1_w_dd4cc_18220/asn13529_Project_5/asn13530_Project_4/work/.ros/log/b6b9e0f2-4d7b-11e7-9359-06f360e4abc1/rosapi-2.log']]
[roslaunch][INFO] 2017-06-09 18:25:42,637: process[rosapi-2]: cwd will be [/home/ccc_v1_w_dd4cc_18220/asn13529_Project_5/asn13530_Project_4/work/.ros]
[roslaunch][INFO] 2017-06-09 18:25:42,645: process[rosapi-2]: started with pid [9593]
[roslaunch][INFO] 2017-06-09 18:25:42,646: ... successfully launched [rosapi-2]
[roslaunch][INFO] 2017-06-09 18:25:42,651: ... launch_nodes complete
[roslaunch.pmon][INFO] 2017-06-09 18:25:42,655: registrations completed <ProcessMonitor(ProcessMonitor-1, started daemon 140324008212224)>
[roslaunch.parent][INFO] 2017-06-09 18:25:42,658: ... roslaunch parent running, waiting for process exit
[roslaunch][INFO] 2017-06-09 18:25:42,662: spin
