

1497057940.688845003  Node Startup
1497057943.256683111 INFO [rosapi_node:184(<module>) [topics: /rosout] Rosapi started
1497057943.166873520 INFO [/tmp/binarydeb/ros-indigo-interactive-marker-proxy-0.1.2/src/proxy.cpp:143(statusCb) [topics: /rosout] (INFO) General: Waiting for messages.
1497057943.271614074 INFO [rosbridge_websocket:141(<module>) [topics: /rosout] Rosbridge WebSocket server started on port 47165
1497057945.739747609 INFO [/home/ccc_v1_w_dd4cc_18220/asn13529_Project_5/asn13530_Project_4/work/catkin_ws/src/robot_sim/src/robot_sim_bringup.cpp:100(main) [topics: /rosout, /joint_states] Simulated robot spinning
1497057945.740908592 WARN [/tmp/binarydeb/ros-indigo-kdl-parser-1.11.11/src/kdl_parser.cpp:196(treeFromUrdfModel) [topics: /rosout] The root link world_link has an inertia specified in the URDF, but KDL does not support a root link with an inertia.  As a workaround, you can add an extra dummy link to your URDF.
1497057946.154903478 WARN [/tmp/binarydeb/ros-indigo-kdl-parser-1.11.11/src/kdl_parser.cpp:196(treeFromUrdfModel) [topics: /rosout] The root link world_link has an inertia specified in the URDF, but KDL does not support a root link with an inertia.  As a workaround, you can add an extra dummy link to your URDF.
1497057946.215788463 INFO [/tmp/binarydeb/ros-indigo-moveit-ros-planning-0.7.9/planning_scene_monitor/src/planning_scene_monitor.cpp:318(PlanningSceneMonitor::startPublishingPlanningScene) [topics: /rosout, /move_group/planning_scene_monitor/parameter_descriptions, /move_group/planning_scene_monitor/parameter_updates, /move_group/monitored_planning_scene] Publishing maintained planning scene on 'monitored_planning_scene'
1497057946.254579082 INFO [/tmp/binarydeb/ros-indigo-moveit-ros-move-group-0.7.9/src/move_group.cpp:193(main) [topics: /rosout, /move_group/planning_scene_monitor/parameter_descriptions, /move_group/planning_scene_monitor/parameter_updates, /move_group/monitored_planning_scene] MoveGroup debug mode is OFF
1497057946.254649479 INFO [/tmp/binarydeb/ros-indigo-moveit-ros-planning-0.7.9/planning_scene_monitor/src/planning_scene_monitor.cpp:885(PlanningSceneMonitor::startSceneMonitor) [topics: /rosout, /move_group/planning_scene_monitor/parameter_descriptions, /move_group/planning_scene_monitor/parameter_updates, /move_group/monitored_planning_scene] Starting scene monitor
1497057946.264199763 INFO [/tmp/binarydeb/ros-indigo-moveit-ros-planning-0.7.9/planning_scene_monitor/src/planning_scene_monitor.cpp:891(PlanningSceneMonitor::startSceneMonitor) [topics: /rosout, /move_group/planning_scene_monitor/parameter_descriptions, /move_group/planning_scene_monitor/parameter_updates, /move_group/monitored_planning_scene] Listening to '/planning_scene'
1497057946.264247055 INFO [/tmp/binarydeb/ros-indigo-moveit-ros-planning-0.7.9/planning_scene_monitor/src/planning_scene_monitor.cpp:962(PlanningSceneMonitor::startWorldGeometryMonitor) [topics: /rosout, /move_group/planning_scene_monitor/parameter_descriptions, /move_group/planning_scene_monitor/parameter_updates, /move_group/monitored_planning_scene] Starting world geometry monitor
1497057946.272938021 INFO [/tmp/binarydeb/ros-indigo-moveit-ros-planning-0.7.9/planning_scene_monitor/src/planning_scene_monitor.cpp:978(PlanningSceneMonitor::startWorldGeometryMonitor) [topics: /rosout, /move_group/planning_scene_monitor/parameter_descriptions, /move_group/planning_scene_monitor/parameter_updates, /move_group/monitored_planning_scene] Listening to '/collision_object' using message notifier with target frame '/world_link '
1497057946.282429157 INFO [/tmp/binarydeb/ros-indigo-moveit-ros-planning-0.7.9/planning_scene_monitor/src/planning_scene_monitor.cpp:993(PlanningSceneMonitor::startWorldGeometryMonitor) [topics: /rosout, /move_group/planning_scene_monitor/parameter_descriptions, /move_group/planning_scene_monitor/parameter_updates, /move_group/monitored_planning_scene] Listening to '/planning_scene_world' for planning scene world geometry
1497057946.283394893 WARN [/tmp/binarydeb/ros-indigo-moveit-ros-perception-0.7.9/occupancy_map_monitor/src/occupancy_map_monitor.cpp:73(OccupancyMapMonitor::initialize) [topics: /rosout, /move_group/planning_scene_monitor/parameter_descriptions, /move_group/planning_scene_monitor/parameter_updates, /move_group/monitored_planning_scene] Resolution not specified for Octomap. Assuming resolution = 0.1 instead
1497057946.314712581 INFO [/tmp/binarydeb/ros-indigo-moveit-ros-planning-0.7.9/planning_scene_monitor/src/planning_scene_monitor.cpp:1055(PlanningSceneMonitor::startStateMonitor) [topics: /rosout, /move_group/planning_scene_monitor/parameter_descriptions, /move_group/planning_scene_monitor/parameter_updates, /move_group/monitored_planning_scene] Listening to '/attached_collision_object' for attached collision objects
1497057946.391371811 INFO [/tmp/binarydeb/ros-indigo-moveit-planners-ompl-0.7.9/ompl_interface/src/ompl_interface.cpp:53(OMPLInterface::OMPLInterface) [topics: /rosout, /move_group/planning_scene_monitor/parameter_descriptions, /move_group/planning_scene_monitor/parameter_updates, /move_group/monitored_planning_scene] Initializing OMPL interface using ROS parameters
1497057946.508068602 INFO [/tmp/binarydeb/ros-indigo-moveit-ros-planning-0.7.9/planning_pipeline/src/planning_pipeline.cpp:119(PlanningPipeline::configure) [topics: /rosout, /move_group/planning_scene_monitor/parameter_descriptions, /move_group/planning_scene_monitor/parameter_updates, /move_group/monitored_planning_scene, /move_group/ompl/parameter_descriptions, /move_group/ompl/parameter_updates] Using planning interface 'OMPL'
1497057946.552968040 INFO [/tmp/binarydeb/ros-indigo-moveit-ros-planning-0.7.9/planning_request_adapter_plugins/src/fix_workspace_bounds.cpp:53(FixWorkspaceBounds::FixWorkspaceBounds) [topics: /rosout, /move_group/planning_scene_monitor/parameter_descriptions, /move_group/planning_scene_monitor/parameter_updates, /move_group/monitored_planning_scene, /move_group/ompl/parameter_descriptions, /move_group/ompl/parameter_updates] Param 'default_workspace_bounds' was not set. Using default value: 10
1497057946.553851567 INFO [/tmp/binarydeb/ros-indigo-moveit-ros-planning-0.7.9/planning_request_adapter_plugins/src/fix_start_state_bounds.cpp:60(FixStartStateBounds::FixStartStateBounds) [topics: /rosout, /move_group/planning_scene_monitor/parameter_descriptions, /move_group/planning_scene_monitor/parameter_updates, /move_group/monitored_planning_scene, /move_group/ompl/parameter_descriptions, /move_group/ompl/parameter_updates] Param 'start_state_max_bounds_error' was set to 0.1
1497057946.555000562 INFO [/tmp/binarydeb/ros-indigo-moveit-ros-planning-0.7.9/planning_request_adapter_plugins/src/fix_start_state_bounds.cpp:65(FixStartStateBounds::FixStartStateBounds) [topics: /rosout, /move_group/planning_scene_monitor/parameter_descriptions, /move_group/planning_scene_monitor/parameter_updates, /move_group/monitored_planning_scene, /move_group/ompl/parameter_descriptions, /move_group/ompl/parameter_updates] Param 'start_state_max_dt' was not set. Using default value: 0.5
1497057946.556159920 INFO [/tmp/binarydeb/ros-indigo-moveit-ros-planning-0.7.9/planning_request_adapter_plugins/src/fix_start_state_collision.cpp:57(FixStartStateCollision::FixStartStateCollision) [topics: /rosout, /move_group/planning_scene_monitor/parameter_descriptions, /move_group/planning_scene_monitor/parameter_updates, /move_group/monitored_planning_scene, /move_group/ompl/parameter_descriptions, /move_group/ompl/parameter_updates] Param 'start_state_max_dt' was not set. Using default value: 0.5
1497057946.557068924 INFO [/tmp/binarydeb/ros-indigo-moveit-ros-planning-0.7.9/planning_request_adapter_plugins/src/fix_start_state_collision.cpp:68(FixStartStateCollision::FixStartStateCollision) [topics: /rosout, /move_group/planning_scene_monitor/parameter_descriptions, /move_group/planning_scene_monitor/parameter_updates, /move_group/monitored_planning_scene, /move_group/ompl/parameter_descriptions, /move_group/ompl/parameter_updates] Param 'jiggle_fraction' was set to 0.05
1497057946.557917158 INFO [/tmp/binarydeb/ros-indigo-moveit-ros-planning-0.7.9/planning_request_adapter_plugins/src/fix_start_state_collision.cpp:73(FixStartStateCollision::FixStartStateCollision) [topics: /rosout, /move_group/planning_scene_monitor/parameter_descriptions, /move_group/planning_scene_monitor/parameter_updates, /move_group/monitored_planning_scene, /move_group/ompl/parameter_descriptions, /move_group/ompl/parameter_updates] Param 'max_sampling_attempts' was not set. Using default value: 100
1497057946.557987432 INFO [/tmp/binarydeb/ros-indigo-moveit-ros-planning-0.7.9/planning_pipeline/src/planning_pipeline.cpp:163(PlanningPipeline::configure) [topics: /rosout, /move_group/planning_scene_monitor/parameter_descriptions, /move_group/planning_scene_monitor/parameter_updates, /move_group/monitored_planning_scene, /move_group/ompl/parameter_descriptions, /move_group/ompl/parameter_updates] Using planning request adapter 'Add Time Parameterization'
1497057946.558012990 INFO [/tmp/binarydeb/ros-indigo-moveit-ros-planning-0.7.9/planning_pipeline/src/planning_pipeline.cpp:163(PlanningPipeline::configure) [topics: /rosout, /move_group/planning_scene_monitor/parameter_descriptions, /move_group/planning_scene_monitor/parameter_updates, /move_group/monitored_planning_scene, /move_group/ompl/parameter_descriptions, /move_group/ompl/parameter_updates] Using planning request adapter 'Fix Workspace Bounds'
1497057946.558038835 INFO [/tmp/binarydeb/ros-indigo-moveit-ros-planning-0.7.9/planning_pipeline/src/planning_pipeline.cpp:163(PlanningPipeline::configure) [topics: /rosout, /move_group/planning_scene_monitor/parameter_descriptions, /move_group/planning_scene_monitor/parameter_updates, /move_group/monitored_planning_scene, /move_group/ompl/parameter_descriptions, /move_group/ompl/parameter_updates] Using planning request adapter 'Fix Start State Bounds'
1497057946.558064238 INFO [/tmp/binarydeb/ros-indigo-moveit-ros-planning-0.7.9/planning_pipeline/src/planning_pipeline.cpp:163(PlanningPipeline::configure) [topics: /rosout, /move_group/planning_scene_monitor/parameter_descriptions, /move_group/planning_scene_monitor/parameter_updates, /move_group/monitored_planning_scene, /move_group/ompl/parameter_descriptions, /move_group/ompl/parameter_updates] Using planning request adapter 'Fix Start State In Collision'
1497057946.558090994 INFO [/tmp/binarydeb/ros-indigo-moveit-ros-planning-0.7.9/planning_pipeline/src/planning_pipeline.cpp:163(PlanningPipeline::configure) [topics: /rosout, /move_group/planning_scene_monitor/parameter_descriptions, /move_group/planning_scene_monitor/parameter_updates, /move_group/monitored_planning_scene, /move_group/ompl/parameter_descriptions, /move_group/ompl/parameter_updates] Using planning request adapter 'Fix Start State Path Constraints'
1497057946.860480445 INFO [/tmp/binarydeb/ros-indigo-moveit-ros-move-group-0.7.9/src/move_group.cpp:159(MoveGroupExe::configureCapabilities) [topics: /rosout, /move_group/planning_scene_monitor/parameter_descriptions, /move_group/planning_scene_monitor/parameter_updates, /move_group/monitored_planning_scene, /move_group/ompl/parameter_descriptions, /move_group/ompl/parameter_updates, /move_group/display_planned_path, /move_group/display_contacts, /execute_trajectory/result, /execute_trajectory/feedback, /execute_trajectory/status, /move_group/result, /move_group/feedback, /move_group/status, /pickup/result, /pickup/feedback, /pickup/status, /place/result, /place/feedback, /place/status] 

********************************************************
* MoveGroup using: 
*     - ApplyPlanningSceneService
*     - ClearOctomapService
*     - CartesianPathService
*     - ExecuteTrajectoryService
*     - ExecuteTrajectoryAction
*     - GetPlanningSceneService
*     - KinematicsService
*     - MoveAction
*     - PickPlaceAction
*     - MotionPlanService
*     - QueryPlannersService
*     - StateValidationService
********************************************************

1497057946.860542641 INFO [/tmp/binarydeb/ros-indigo-moveit-ros-move-group-0.7.9/src/move_group_context.cpp:84(MoveGroupContext::status) [topics: /rosout, /move_group/planning_scene_monitor/parameter_descriptions, /move_group/planning_scene_monitor/parameter_updates, /move_group/monitored_planning_scene, /move_group/ompl/parameter_descriptions, /move_group/ompl/parameter_updates, /move_group/display_planned_path, /move_group/display_contacts, /execute_trajectory/result, /execute_trajectory/feedback, /execute_trajectory/status, /move_group/result, /move_group/feedback, /move_group/status, /pickup/result, /pickup/feedback, /pickup/status, /place/result, /place/feedback, /place/status] MoveGroup context using planning plugin ompl_interface/OMPLPlanner
1497057947.020162556 INFO [/tmp/binarydeb/ros-indigo-interactive-marker-proxy-0.1.2/src/proxy.cpp:143(statusCb) [topics: /rosout, /control_markers/tunneled/update] (INFO) General: Receiving messages.
1497057947.020227095 INFO [/tmp/binarydeb/ros-indigo-interactive-marker-proxy-0.1.2/src/proxy.cpp:143(statusCb) [topics: /rosout, /control_markers/tunneled/update] (INFO) /marker_control_9781_1497057946246: Waiting for init message.
1497057947.231298378 INFO [/tmp/binarydeb/ros-indigo-interactive-marker-proxy-0.1.2/src/proxy.cpp:143(statusCb) [topics: /rosout, /control_markers/tunneled/update] (INFO) /marker_control_9781_1497057946246: Init message received.
1497057947.250290993 INFO [/tmp/binarydeb/ros-indigo-interactive-marker-proxy-0.1.2/src/proxy.cpp:143(statusCb) [topics: /rosout, /control_markers/tunneled/update] (INFO) /marker_control_9781_1497057946246: Receiving updates.
1497057950.332526922 INFO [websocket_handler.py:74(open) [topics: /rosout] Client connected.  1 clients total.
1497057950.482695102 INFO [protocol.py:367(log) [topics: /tf2_web_republisher/cancel, /tf2_web_republisher/goal, /rosout, /tf2_web_republisher/feedback] [Client 0] Subscribed to /tf2_web_republisher/feedback
1497057950.505712985 INFO [protocol.py:367(log) [topics: /tf2_web_republisher/cancel, /tf2_web_republisher/goal, /visualization_marker_array, /rosout, /tf2_web_republisher/feedback] [Client 0] Subscribed to /visualization_marker_array
1497057950.519741058 INFO [protocol.py:367(log) [topics: /visualization_marker_array, /tf2_web_republisher/feedback, /rosout, /control_markers/tunneled/update, /tf2_web_republisher/cancel, /tf2_web_republisher/goal] [Client 0] Subscribed to /control_markers/tunneled/update
1497057950.540139327 INFO [/tmp/binarydeb/ros-indigo-interactive-marker-proxy-0.1.2/src/proxy.cpp:89(getInit) [topics: /rosout, /control_markers/tunneled/update] Init requested.
1497057950.644572973 INFO [protocol.py:367(log) [topics: /control_markers/feedback, /visualization_marker_array, /tf2_web_republisher/feedback, /rosout, /control_markers/tunneled/update, /tf2_web_republisher/cancel, /tf2_web_republisher/goal] [Client 0] Subscribed to /tf2_web_republisher/feedback
1497057950.653215885 INFO [protocol.py:367(log) [topics: /control_markers/feedback, /visualization_marker_array, /tf2_web_republisher/feedback, /rosout, /control_markers/tunneled/update, /tf2_web_republisher/cancel, /tf2_web_republisher/goal] [Client 0] Subscribed to /tf2_web_republisher/feedback
1497057950.657457113 INFO [protocol.py:367(log) [topics: /control_markers/feedback, /visualization_marker_array, /tf2_web_republisher/feedback, /rosout, /control_markers/tunneled/update, /tf2_web_republisher/cancel, /tf2_web_republisher/goal] [Client 0] Subscribed to /tf2_web_republisher/feedback
1497057950.661999940 INFO [protocol.py:367(log) [topics: /control_markers/feedback, /visualization_marker_array, /tf2_web_republisher/feedback, /rosout, /control_markers/tunneled/update, /tf2_web_republisher/cancel, /tf2_web_republisher/goal] [Client 0] Subscribed to /tf2_web_republisher/feedback
1497057950.666409015 INFO [protocol.py:367(log) [topics: /control_markers/feedback, /visualization_marker_array, /tf2_web_republisher/feedback, /rosout, /control_markers/tunneled/update, /tf2_web_republisher/cancel, /tf2_web_republisher/goal] [Client 0] Subscribed to /tf2_web_republisher/feedback
1497057950.671339035 INFO [protocol.py:367(log) [topics: /control_markers/feedback, /visualization_marker_array, /tf2_web_republisher/feedback, /rosout, /control_markers/tunneled/update, /tf2_web_republisher/cancel, /tf2_web_republisher/goal] [Client 0] Subscribed to /tf2_web_republisher/feedback
1497057950.678250074 INFO [protocol.py:367(log) [topics: /control_markers/feedback, /visualization_marker_array, /tf2_web_republisher/feedback, /rosout, /control_markers/tunneled/update, /tf2_web_republisher/cancel, /tf2_web_republisher/goal] [Client 0] Subscribed to /tf2_web_republisher/feedback
1497057965.616806324 WARN [/tmp/binarydeb/ros-indigo-moveit-core-0.7.9/robot_model/src/robot_model.cpp:634() [topics: /rosout] Could not identify parent group for end-effector 'end_effector'
1497057965.745523328 INFO [/tmp/binarydeb/ros-indigo-moveit-core-0.7.9/robot_model/src/robot_model.cpp:89() [topics: /rosout] Loading robot model 'lwr'...
1497057965.745574638 INFO [/tmp/binarydeb/ros-indigo-moveit-core-0.7.9/robot_model/src/robot_model.cpp:932() [topics: /rosout] No root/virtual joint specified in SRDF. Assuming fixed joint
1497057965.746184687 WARN [/tmp/binarydeb/ros-indigo-moveit-core-0.7.9/robot_model/src/robot_model.cpp:634() [topics: /rosout] Could not identify parent group for end-effector 'end_effector'
1497057965.746288562 WARN [/tmp/binarydeb/ros-indigo-kdl-parser-1.11.11/src/kdl_parser.cpp:196(treeFromUrdfModel) [topics: /rosout] The root link world_link has an inertia specified in the URDF, but KDL does not support a root link with an inertia.  As a workaround, you can add an extra dummy link to your URDF.
1497057966.759456011 INFO [/tmp/binarydeb/ros-indigo-moveit-ros-planning-interface-0.7.9/move_group_interface/src/move_group.cpp:293(planning_interface::MoveGroup::MoveGroupImpl::waitForExecuteActionOrService) [topics: /rosout, /planning_scene, /trajectory_execution_event, /attached_collision_object, /move_group/goal, /move_group/cancel, /pickup/goal, /pickup/cancel, /place/goal, /place/cancel] TrajectoryExecution will use old service capability.
1497057966.759521555 INFO [/tmp/binarydeb/ros-indigo-moveit-ros-planning-interface-0.7.9/move_group_interface/src/move_group.cpp:171(planning_interface::MoveGroup::MoveGroupImpl::MoveGroupImpl) [topics: /rosout, /planning_scene, /trajectory_execution_event, /attached_collision_object, /move_group/goal, /move_group/cancel, /pickup/goal, /pickup/cancel, /place/goal, /place/cancel] Ready to take MoveGroup commands for group lwr_arm.
1497057946.860566373 INFO [/tmp/binarydeb/ros-indigo-moveit-ros-move-group-0.7.9/src/move_group_context.cpp:85(MoveGroupContext::status) [topics: /rosout, /move_group/planning_scene_monitor/parameter_descriptions, /move_group/planning_scene_monitor/parameter_updates, /move_group/monitored_planning_scene, /move_group/ompl/parameter_descriptions, /move_group/ompl/parameter_updates, /move_group/display_planned_path, /move_group/display_contacts, /execute_trajectory/result, /execute_trajectory/feedback, /execute_trajectory/status, /move_group/result, /move_group/feedback, /move_group/status, /pickup/result, /pickup/feedback, /pickup/status, /place/result, /place/feedback, /place/status] MoveGroup context initialization complete
1497057989.081178770 WARN [/opt/ros/indigo/include/tf/message_filter.h:354(MessageFilter<M>::testMessage) [topics: /rosout, /move_group/planning_scene_monitor/parameter_descriptions, /move_group/planning_scene_monitor/parameter_updates, /move_group/monitored_planning_scene, /move_group/ompl/parameter_descriptions, /move_group/ompl/parameter_updates, /move_group/display_planned_path, /move_group/display_contacts, /execute_trajectory/result, /execute_trajectory/feedback, /execute_trajectory/status, /move_group/result, /move_group/feedback, /move_group/status, /pickup/result, /pickup/feedback, /pickup/status, /place/result, /place/feedback, /place/status] MessageFilter [target=/world_link ]: Discarding message from [/marker_control_9781_1497057946246] due to empty frame_id.  This message will only print once.
1497058016.417691034 INFO [/tmp/binarydeb/ros-indigo-interactive-marker-proxy-0.1.2/src/proxy.cpp:143(statusCb) [topics: /rosout, /control_markers/tunneled/update] (INFO) /marker_control_9781_1497057946246: OK
1497058165.512753009 INFO [websocket_handler.py:109(on_close) [topics: /rosout] Client disconnected. 0 clients total.
