[roslaunch][INFO] 2017-06-10 00:38:26,682: Checking log directory for disk usage. This may take awhile.
Press Ctrl-C to interrupt
[roslaunch][INFO] 2017-06-10 00:38:26,720: Done checking log file disk usage. Usage is <1GB.
[roslaunch][INFO] 2017-06-10 00:38:26,721: roslaunch starting with args ['roscore', '--core', '-p', '39746']
[roslaunch][INFO] 2017-06-10 00:38:26,724: roslaunch env is {'ROS_DISTRO': 'indigo', 'ASNLIB': '/home/ccc_v1_s54106__48606/asn13529_Project_5/asn13530_Project_4/asnlib', 'LIB': '/home/ccc_v1_s54106__48606/lib', 'PKG_CONFIG_PATH': '/opt/ros/indigo/lib/pkgconfig:/opt/ros/indigo/lib/x86_64-linux-gnu/pkgconfig', 'SSH_CLIENT': '172.31.7.153 54340 22', 'CPATH': '/opt/ros/indigo/include', 'LOGNAME': 'ccc_v1_w_dd4cc_18220', 'USER': 'ccc_v1_w_dd4cc_18220', 'ROS_NODE_PORT': '39746', 'HOME': '/home/ccc_v1_w_dd4cc_18220/asn13529_Project_5/asn13530_Project_4/work', 'PATH': '/opt/ros/indigo/bin:/usr/local/sbin:/usr/local/bin:/usr/sbin:/usr/bin:/sbin:/bin:/usr/games:/usr/local/games:/home/local/bin:/home/ccc_v1_s54106__48606/lib:/home/ccc_v1_s54106__48606/asn13529_Project_5/asn13530_Project_4/asnlib:/home/vlibs:.', 'CMAKE_PREFIX_PATH': '/opt/ros/indigo', 'LD_LIBRARY_PATH': '/opt/ros/indigo/lib:/opt/ros/indigo/lib/x86_64-linux-gnu:/home/ccc_v1_s54106__48606/lib:/home/ccc_v1_s54106__48606/asn13529_Project_5/asn13530_Project_4/asnlib:/home/vlibs', 'LANG': 'en_US.UTF-8', 'TERM': 'xterm-256color', 'SHELL': '/bin/bash', 'HISTFILE': '/home/ccc_v1_w_dd4cc_18220/.bash_history', 'SHLVL': '2', 'VOC_WORKAREA': '/home/ccc_v1_w_dd4cc_18220/asn13529_Project_5/asn13530_Project_4/work', 'ROS_LOG_FILENAME': '/home/ccc_v1_w_dd4cc_18220/asn13529_Project_5/asn13530_Project_4/work/.ros/log/ca45b946-4daf-11e7-8db4-06f360e4abc1/roslaunch-ip-172-31-19-100-5679.log', 'PART1': '/home/ccc_v1_s54106__48606/asn13529_Project_5/asn13530_Project_4', 'ROS_ETC_DIR': '/opt/ros/indigo/etc/ros', 'XDG_RUNTIME_DIR': '/run/user/18220', 'PYTHONPATH': '/opt/ros/indigo/lib/python2.7/dist-packages:/home/vlibs/python', 'VOC_PROXY_WRAPPER_PORT': '5100', 'VOC_XFER_TOKEN': '12127829064354243542135300593ba1ed498395.78144438', 'ROS_ROOT': '/opt/ros/indigo/share/ros', 'OLD_HOME': '/home/ccc_v1_w_dd4cc_18220', 'VOC_PROXY_TOKEN': '74198978743542435421353001593ba1ed4f2b46.86217382', 'ROS_PACKAGE_PATH': '/opt/ros/indigo/share:/opt/ros/indigo/stacks', 'XDG_SESSION_ID': '318685', '_': '/usr/bin/stdbuf', 'LD_PRELOAD': '/usr/lib/coreutils/libstdbuf.so', '_STDBUF_O': 'L', 'SSH_TTY': '/dev/pts/1', 'OLDPWD': '/home/ccc_v1_w_dd4cc_18220', 'ROSLISP_PACKAGE_DIRECTORIES': '', 'VLIB': '/home/vlibs', 'PWD': '/home/ccc_v1_w_dd4cc_18220/asn13529_Project_5/asn13530_Project_4/work', 'VOC_PROXY_ID': '43542_43542_13530_0_1', 'ROS_MASTER_URI': 'http://localhost:39746', 'MAIL': '/var/mail/ccc_v1_w_dd4cc_18220', 'SSH_CONNECTION': '172.31.7.153 54340 172.31.19.100 22'}
[roslaunch][INFO] 2017-06-10 00:38:26,727: starting in server mode
[roslaunch.parent][INFO] 2017-06-10 00:38:26,731: starting roslaunch parent run
[roslaunch][INFO] 2017-06-10 00:38:26,735: loading roscore config file /opt/ros/indigo/etc/ros/roscore.xml
[roslaunch][INFO] 2017-06-10 00:38:26,851: Added core node of type [rosout/rosout] in namespace [/]
[roslaunch.pmon][INFO] 2017-06-10 00:38:26,851: start_process_monitor: creating ProcessMonitor
[roslaunch.pmon][INFO] 2017-06-10 00:38:26,855: created process monitor <ProcessMonitor(ProcessMonitor-1, initial daemon)>
[roslaunch.pmon][INFO] 2017-06-10 00:38:26,859: start_process_monitor: ProcessMonitor started
[roslaunch.parent][INFO] 2017-06-10 00:38:26,862: starting parent XML-RPC server
[roslaunch.server][INFO] 2017-06-10 00:38:26,866: starting roslaunch XML-RPC server
[roslaunch.server][INFO] 2017-06-10 00:38:26,869: waiting for roslaunch XML-RPC server to initialize
[xmlrpc][INFO] 2017-06-10 00:38:26,869: XML-RPC server binding to 0.0.0.0:0
[xmlrpc][INFO] 2017-06-10 00:38:26,878: Started XML-RPC server [http://ip-172-31-19-100:47358/]
[xmlrpc][INFO] 2017-06-10 00:38:26,882: xml rpc node: starting XML-RPC server
[roslaunch][INFO] 2017-06-10 00:38:26,891: started roslaunch server http://ip-172-31-19-100:47358/
[roslaunch.parent][INFO] 2017-06-10 00:38:26,895: ... parent XML-RPC server started
[roslaunch][INFO] 2017-06-10 00:38:26,898: master.is_running[http://ip-172-31-19-100:39746/]
[roslaunch][INFO] 2017-06-10 00:38:26,903: auto-starting new master
[roslaunch][INFO] 2017-06-10 00:38:26,906: create_master_process: rosmaster, /opt/ros/indigo/share/ros, 39746, 3, None
[roslaunch][INFO] 2017-06-10 00:38:26,910: process[master]: launching with args [['rosmaster', '--core', '-p', '39746', '-w', '3']]
[roslaunch.pmon][INFO] 2017-06-10 00:38:26,913: ProcessMonitor.register[master]
[roslaunch.pmon][INFO] 2017-06-10 00:38:26,917: ProcessMonitor.register[master] complete
[roslaunch][INFO] 2017-06-10 00:38:26,920: process[master]: starting os process
[roslaunch][INFO] 2017-06-10 00:38:26,924: process[master]: start w/ args [['rosmaster', '--core', '-p', '39746', '-w', '3', '__log:=/home/ccc_v1_w_dd4cc_18220/asn13529_Project_5/asn13530_Project_4/work/.ros/log/ca45b946-4daf-11e7-8db4-06f360e4abc1/master.log']]
[roslaunch][INFO] 2017-06-10 00:38:26,927: process[master]: cwd will be [/home/ccc_v1_w_dd4cc_18220/asn13529_Project_5/asn13530_Project_4/work/.ros]
[roslaunch][INFO] 2017-06-10 00:38:26,935: process[master]: started with pid [5695]
[roslaunch][INFO] 2017-06-10 00:38:26,936: master.is_running[http://ip-172-31-19-100:39746/]
[roslaunch][INFO] 2017-06-10 00:38:27,040: master.is_running[http://ip-172-31-19-100:39746/]
[roslaunch][INFO] 2017-06-10 00:38:27,145: master.is_running[http://ip-172-31-19-100:39746/]
[roslaunch][INFO] 2017-06-10 00:38:27,150: master.is_running[http://ip-172-31-19-100:39746/]
[roslaunch][INFO] 2017-06-10 00:38:27,154: ROS_MASTER_URI=http://ip-172-31-19-100:39746/
[roslaunch][INFO] 2017-06-10 00:38:27,159: setting /run_id to ca45b946-4daf-11e7-8db4-06f360e4abc1
[roslaunch][INFO] 2017-06-10 00:38:27,166: setting /roslaunch/uris/host_ip_172_31_19_100__47358' to http://ip-172-31-19-100:47358/
[roslaunch][INFO] 2017-06-10 00:38:27,175: ... preparing to launch node of type [rosout/rosout]
[roslaunch][INFO] 2017-06-10 00:38:27,178: create_node_process: package[rosout] type[rosout] machine[Machine(name[] env_loader[None] address[localhost] ssh_port[22] user[None] assignable[True] timeout[10.0])] master_uri[http://ip-172-31-19-100:39746/]
[roslaunch][INFO] 2017-06-10 00:38:27,182: process[rosout-1]: env[{'ROS_DISTRO': 'indigo', 'ASNLIB': '/home/ccc_v1_s54106__48606/asn13529_Project_5/asn13530_Project_4/asnlib', 'LIB': '/home/ccc_v1_s54106__48606/lib', 'VOC_PROXY_TOKEN': '74198978743542435421353001593ba1ed4f2b46.86217382', 'SSH_CLIENT': '172.31.7.153 54340 22', 'CPATH': '/opt/ros/indigo/include', 'LOGNAME': 'ccc_v1_w_dd4cc_18220', 'USER': 'ccc_v1_w_dd4cc_18220', 'ROS_NODE_PORT': '39746', 'HOME': '/home/ccc_v1_w_dd4cc_18220/asn13529_Project_5/asn13530_Project_4/work', 'PATH': '/opt/ros/indigo/bin:/usr/local/sbin:/usr/local/bin:/usr/sbin:/usr/bin:/sbin:/bin:/usr/games:/usr/local/games:/home/local/bin:/home/ccc_v1_s54106__48606/lib:/home/ccc_v1_s54106__48606/asn13529_Project_5/asn13530_Project_4/asnlib:/home/vlibs:.', 'CMAKE_PREFIX_PATH': '/opt/ros/indigo', 'ROS_LOG_FILENAME': '/home/ccc_v1_w_dd4cc_18220/asn13529_Project_5/asn13530_Project_4/work/.ros/log/ca45b946-4daf-11e7-8db4-06f360e4abc1/roslaunch-ip-172-31-19-100-5679.log', 'LANG': 'en_US.UTF-8', 'TERM': 'xterm-256color', 'SHELL': '/bin/bash', 'HISTFILE': '/home/ccc_v1_w_dd4cc_18220/.bash_history', 'SHLVL': '2', 'VOC_WORKAREA': '/home/ccc_v1_w_dd4cc_18220/asn13529_Project_5/asn13530_Project_4/work', 'LD_LIBRARY_PATH': '/opt/ros/indigo/lib:/opt/ros/indigo/lib/x86_64-linux-gnu:/home/ccc_v1_s54106__48606/lib:/home/ccc_v1_s54106__48606/asn13529_Project_5/asn13530_Project_4/asnlib:/home/vlibs', 'PART1': '/home/ccc_v1_s54106__48606/asn13529_Project_5/asn13530_Project_4', 'ROS_MASTER_URI': 'http://ip-172-31-19-100:39746/', 'XDG_RUNTIME_DIR': '/run/user/18220', 'PYTHONPATH': '/opt/ros/indigo/lib/python2.7/dist-packages:/home/vlibs/python', 'VOC_PROXY_WRAPPER_PORT': '5100', 'VOC_XFER_TOKEN': '12127829064354243542135300593ba1ed498395.78144438', 'ROS_ROOT': '/opt/ros/indigo/share/ros', 'OLD_HOME': '/home/ccc_v1_w_dd4cc_18220', 'PKG_CONFIG_PATH': '/opt/ros/indigo/lib/pkgconfig:/opt/ros/indigo/lib/x86_64-linux-gnu/pkgconfig', 'ROS_PACKAGE_PATH': '/opt/ros/indigo/share:/opt/ros/indigo/stacks', 'XDG_SESSION_ID': '318685', '_': '/usr/bin/stdbuf', 'LD_PRELOAD': '/usr/lib/coreutils/libstdbuf.so', '_STDBUF_O': 'L', 'SSH_TTY': '/dev/pts/1', 'OLDPWD': '/home/ccc_v1_w_dd4cc_18220', 'ROSLISP_PACKAGE_DIRECTORIES': '', 'VLIB': '/home/vlibs', 'PWD': '/home/ccc_v1_w_dd4cc_18220/asn13529_Project_5/asn13530_Project_4/work', 'VOC_PROXY_ID': '43542_43542_13530_0_1', 'ROS_ETC_DIR': '/opt/ros/indigo/etc/ros', 'MAIL': '/var/mail/ccc_v1_w_dd4cc_18220', 'SSH_CONNECTION': '172.31.7.153 54340 172.31.19.100 22'}]
[roslaunch][INFO] 2017-06-10 00:38:27,209: process[rosout-1]: args[[u'/opt/ros/indigo/lib/rosout/rosout', u'__name:=rosout']]
[roslaunch][INFO] 2017-06-10 00:38:27,217: ... created process [rosout-1]
[roslaunch.pmon][INFO] 2017-06-10 00:38:27,221: ProcessMonitor.register[rosout-1]
[roslaunch.pmon][INFO] 2017-06-10 00:38:27,224: ProcessMonitor.register[rosout-1] complete
[roslaunch][INFO] 2017-06-10 00:38:27,227: ... registered process [rosout-1]
[roslaunch][INFO] 2017-06-10 00:38:27,230: process[rosout-1]: starting os process
[roslaunch][INFO] 2017-06-10 00:38:27,235: process[rosout-1]: start w/ args [[u'/opt/ros/indigo/lib/rosout/rosout', u'__name:=rosout', u'__log:=/home/ccc_v1_w_dd4cc_18220/asn13529_Project_5/asn13530_Project_4/work/.ros/log/ca45b946-4daf-11e7-8db4-06f360e4abc1/rosout-1.log']]
[roslaunch][INFO] 2017-06-10 00:38:27,239: process[rosout-1]: cwd will be [/home/ccc_v1_w_dd4cc_18220/asn13529_Project_5/asn13530_Project_4/work/.ros]
[roslaunch][INFO] 2017-06-10 00:38:27,247: process[rosout-1]: started with pid [5708]
[roslaunch][INFO] 2017-06-10 00:38:27,248: ... successfully launched [rosout-1]
[roslaunch][INFO] 2017-06-10 00:38:27,252: load_parameters starting ...
[roslaunch][INFO] 2017-06-10 00:38:27,264: ... load_parameters complete
[roslaunch][INFO] 2017-06-10 00:38:27,268: launch_nodes: launching local nodes ...
[roslaunch][INFO] 2017-06-10 00:38:27,271: ... launch_nodes complete
[roslaunch.pmon][INFO] 2017-06-10 00:38:27,275: registrations completed <ProcessMonitor(ProcessMonitor-1, started daemon 140519739516672)>
[roslaunch.parent][INFO] 2017-06-10 00:38:27,278: ... roslaunch parent running, waiting for process exit
[roslaunch][INFO] 2017-06-10 00:38:27,284: spin
