[rosmaster.main][INFO] 2017-06-10 01:22:22,310: initialization complete, waiting for shutdown
[rosmaster.main][INFO] 2017-06-10 01:22:22,310: Starting ROS Master Node
[xmlrpc][INFO] 2017-06-10 01:22:22,314: XML-RPC server binding to 0.0.0.0:55235
[xmlrpc][INFO] 2017-06-10 01:22:22,318: Started XML-RPC server [http://ip-172-31-26-229:55235/]
[rosmaster.master][INFO] 2017-06-10 01:22:22,318: Master initialized: port[55235], uri[http://ip-172-31-26-229:55235/]
[xmlrpc][INFO] 2017-06-10 01:22:22,321: xml rpc node: starting XML-RPC server
[rosmaster.master][INFO] 2017-06-10 01:22:22,394: +PARAM [/run_id] by /roslaunch
[rosmaster.master][INFO] 2017-06-10 01:22:22,402: +PARAM [/roslaunch/uris/host_ip_172_31_26_229__33951] by /roslaunch
[rosmaster.master][INFO] 2017-06-10 01:22:22,501: +PARAM [/rosversion] by /roslaunch
[rosmaster.master][INFO] 2017-06-10 01:22:22,504: +PARAM [/rosdistro] by /roslaunch
[rosmaster.master][INFO] 2017-06-10 01:22:22,533: +SERVICE [/rosout/get_loggers] /rosout http://ip-172-31-26-229:42905/
[rosmaster.master][INFO] 2017-06-10 01:22:22,538: +SERVICE [/rosout/set_logger_level] /rosout http://ip-172-31-26-229:42905/
[rosmaster.master][INFO] 2017-06-10 01:22:22,544: +PUB [/rosout_agg] /rosout http://ip-172-31-26-229:42905/
[rosmaster.master][INFO] 2017-06-10 01:22:22,553: +SUB [/rosout] /rosout http://ip-172-31-26-229:42905/
[rosmaster.master][INFO] 2017-06-10 01:22:22,846: +PUB [/rosout] /tf2_web_republisher http://ip-172-31-26-229:54324/
[rosmaster.master][INFO] 2017-06-10 01:22:22,850: +SERVICE [/tf2_web_republisher/get_loggers] /tf2_web_republisher http://ip-172-31-26-229:54324/
[rosmaster.master][INFO] 2017-06-10 01:22:22,854: +SERVICE [/tf2_web_republisher/set_logger_level] /tf2_web_republisher http://ip-172-31-26-229:54324/
[rosmaster.master][INFO] 2017-06-10 01:22:22,862: +SUB [/tf] /tf2_web_republisher http://ip-172-31-26-229:54324/
[rosmaster.master][INFO] 2017-06-10 01:22:22,870: +SUB [/tf_static] /tf2_web_republisher http://ip-172-31-26-229:54324/
[rosmaster.master][INFO] 2017-06-10 01:22:22,874: +SERVICE [/republish_tfs] /tf2_web_republisher http://ip-172-31-26-229:54324/
[rosmaster.master][INFO] 2017-06-10 01:22:22,879: +PUB [/tf2_web_republisher/result] /tf2_web_republisher http://ip-172-31-26-229:54324/
[rosmaster.master][INFO] 2017-06-10 01:22:22,883: +PUB [/tf2_web_republisher/feedback] /tf2_web_republisher http://ip-172-31-26-229:54324/
[rosmaster.master][INFO] 2017-06-10 01:22:22,887: +PUB [/tf2_web_republisher/status] /tf2_web_republisher http://ip-172-31-26-229:54324/
[rosmaster.master][INFO] 2017-06-10 01:22:22,895: +SUB [/tf2_web_republisher/goal] /tf2_web_republisher http://ip-172-31-26-229:54324/
[rosmaster.master][INFO] 2017-06-10 01:22:22,902: +SUB [/tf2_web_republisher/cancel] /tf2_web_republisher http://ip-172-31-26-229:54324/
[rosmaster.master][INFO] 2017-06-10 01:22:22,915: publisherUpdate[/rosout] -> http://ip-172-31-26-229:42905/
[rosmaster.master][INFO] 2017-06-10 01:22:24,456: +PARAM [/roslaunch/uris/host_ip_172_31_26_229__54429] by /roslaunch
[rosmaster.master][INFO] 2017-06-10 01:22:24,463: +PARAM [/rosbridge_websocket/port] by /roslaunch
[rosmaster.master][INFO] 2017-06-10 01:22:24,466: +PARAM [/rosdistro] by /roslaunch
[rosmaster.master][INFO] 2017-06-10 01:22:24,470: +PARAM [/rosbridge_websocket/fragment_timeout] by /roslaunch
[rosmaster.master][INFO] 2017-06-10 01:22:24,473: +PARAM [/rosbridge_websocket/delay_between_messages] by /roslaunch
[rosmaster.master][INFO] 2017-06-10 01:22:24,476: +PARAM [/rosversion] by /roslaunch
[rosmaster.master][INFO] 2017-06-10 01:22:24,480: +PARAM [/rosbridge_websocket/authenticate] by /roslaunch
[rosmaster.master][INFO] 2017-06-10 01:22:24,483: +PARAM [/rosbridge_websocket/retry_startup_delay] by /roslaunch
[rosmaster.master][INFO] 2017-06-10 01:22:24,487: +PARAM [/rosbridge_websocket/address] by /roslaunch
[rosmaster.master][INFO] 2017-06-10 01:22:24,490: +PARAM [/rosbridge_websocket/max_message_size] by /roslaunch
[rosmaster.master][INFO] 2017-06-10 01:22:24,912: +PUB [/rosout] /interactive_marker_proxy http://ip-172-31-26-229:33435/
[rosmaster.master][INFO] 2017-06-10 01:22:24,917: +SERVICE [/interactive_marker_proxy/get_loggers] /interactive_marker_proxy http://ip-172-31-26-229:33435/
[rosmaster.master][INFO] 2017-06-10 01:22:24,920: publisherUpdate[/rosout] -> http://ip-172-31-26-229:42905/
[rosmaster.master][INFO] 2017-06-10 01:22:24,922: +SERVICE [/interactive_marker_proxy/set_logger_level] /interactive_marker_proxy http://ip-172-31-26-229:33435/
[rosmaster.master][INFO] 2017-06-10 01:22:24,934: +SUB [/tf] /interactive_marker_proxy http://ip-172-31-26-229:33435/
[rosmaster.master][INFO] 2017-06-10 01:22:24,944: +SUB [/tf_static] /interactive_marker_proxy http://ip-172-31-26-229:33435/
[rosmaster.master][INFO] 2017-06-10 01:22:24,956: +SUB [/control_markers/update] /interactive_marker_proxy http://ip-172-31-26-229:33435/
[rosmaster.master][INFO] 2017-06-10 01:22:24,966: +SUB [/control_markers/update_full] /interactive_marker_proxy http://ip-172-31-26-229:33435/
[rosmaster.master][INFO] 2017-06-10 01:22:24,975: +PUB [/control_markers/tunneled/update] /interactive_marker_proxy http://ip-172-31-26-229:33435/
[rosmaster.master][INFO] 2017-06-10 01:22:24,981: +SERVICE [/control_markers/tunneled/get_init] /interactive_marker_proxy http://ip-172-31-26-229:33435/
[rosmaster.master][INFO] 2017-06-10 01:22:25,020: -SUB [/control_markers/update_full] /interactive_marker_proxy http://ip-172-31-26-229:33435/
[rosmaster.master][INFO] 2017-06-10 01:22:25,073: +PUB [/rosout] /rosapi http://ip-172-31-26-229:34324/
[rosmaster.master][INFO] 2017-06-10 01:22:25,087: +SERVICE [/rosapi/get_loggers] /rosapi http://ip-172-31-26-229:34324/
[rosmaster.master][INFO] 2017-06-10 01:22:25,091: +SERVICE [/rosapi/set_logger_level] /rosapi http://ip-172-31-26-229:34324/
[rosmaster.master][INFO] 2017-06-10 01:22:25,096: +SERVICE [/rosapi/topics] /rosapi http://ip-172-31-26-229:34324/
[rosmaster.master][INFO] 2017-06-10 01:22:25,101: +SERVICE [/rosapi/topics_for_type] /rosapi http://ip-172-31-26-229:34324/
[rosmaster.master][INFO] 2017-06-10 01:22:25,107: +SERVICE [/rosapi/services] /rosapi http://ip-172-31-26-229:34324/
[rosmaster.master][INFO] 2017-06-10 01:22:25,111: +SERVICE [/rosapi/services_for_type] /rosapi http://ip-172-31-26-229:34324/
[rosmaster.master][INFO] 2017-06-10 01:22:25,115: +SERVICE [/rosapi/nodes] /rosapi http://ip-172-31-26-229:34324/
[rosmaster.master][INFO] 2017-06-10 01:22:25,120: +SERVICE [/rosapi/node_details] /rosapi http://ip-172-31-26-229:34324/
[rosmaster.master][INFO] 2017-06-10 01:22:25,120: publisherUpdate[/rosout] -> http://ip-172-31-26-229:42905/
[rosmaster.master][INFO] 2017-06-10 01:22:25,124: +SERVICE [/rosapi/topic_type] /rosapi http://ip-172-31-26-229:34324/
[rosmaster.master][INFO] 2017-06-10 01:22:25,131: +SERVICE [/rosapi/service_type] /rosapi http://ip-172-31-26-229:34324/
[rosmaster.master][INFO] 2017-06-10 01:22:25,136: +SERVICE [/rosapi/publishers] /rosapi http://ip-172-31-26-229:34324/
[rosmaster.master][INFO] 2017-06-10 01:22:25,140: +SERVICE [/rosapi/subscribers] /rosapi http://ip-172-31-26-229:34324/
[rosmaster.master][INFO] 2017-06-10 01:22:25,145: +SERVICE [/rosapi/service_providers] /rosapi http://ip-172-31-26-229:34324/
[rosmaster.master][INFO] 2017-06-10 01:22:25,150: +SERVICE [/rosapi/service_node] /rosapi http://ip-172-31-26-229:34324/
[rosmaster.master][INFO] 2017-06-10 01:22:25,155: +SERVICE [/rosapi/service_host] /rosapi http://ip-172-31-26-229:34324/
[rosmaster.master][INFO] 2017-06-10 01:22:25,159: +SERVICE [/rosapi/message_details] /rosapi http://ip-172-31-26-229:34324/
[rosmaster.master][INFO] 2017-06-10 01:22:25,164: +SERVICE [/rosapi/service_request_details] /rosapi http://ip-172-31-26-229:34324/
[rosmaster.master][INFO] 2017-06-10 01:22:25,168: +SERVICE [/rosapi/service_response_details] /rosapi http://ip-172-31-26-229:34324/
[rosmaster.master][INFO] 2017-06-10 01:22:25,172: +SERVICE [/rosapi/set_param] /rosapi http://ip-172-31-26-229:34324/
[rosmaster.master][INFO] 2017-06-10 01:22:25,177: +SERVICE [/rosapi/get_param] /rosapi http://ip-172-31-26-229:34324/
[rosmaster.master][INFO] 2017-06-10 01:22:25,182: +SERVICE [/rosapi/has_param] /rosapi http://ip-172-31-26-229:34324/
[rosmaster.master][INFO] 2017-06-10 01:22:25,186: +SERVICE [/rosapi/search_param] /rosapi http://ip-172-31-26-229:34324/
[rosmaster.master][INFO] 2017-06-10 01:22:25,191: +SERVICE [/rosapi/delete_param] /rosapi http://ip-172-31-26-229:34324/
[rosmaster.master][INFO] 2017-06-10 01:22:25,197: +SERVICE [/rosapi/get_param_names] /rosapi http://ip-172-31-26-229:34324/
[rosmaster.master][INFO] 2017-06-10 01:22:25,201: +SERVICE [/rosapi/get_time] /rosapi http://ip-172-31-26-229:34324/
[rosmaster.master][INFO] 2017-06-10 01:22:25,212: +PUB [/rosout] /rosbridge_websocket http://ip-172-31-26-229:42911/
[rosmaster.master][INFO] 2017-06-10 01:22:25,225: +SERVICE [/rosbridge_websocket/get_loggers] /rosbridge_websocket http://ip-172-31-26-229:42911/
[rosmaster.master][INFO] 2017-06-10 01:22:25,226: publisherUpdate[/rosout] -> http://ip-172-31-26-229:42905/
[rosmaster.master][INFO] 2017-06-10 01:22:25,230: +SERVICE [/rosbridge_websocket/set_logger_level] /rosbridge_websocket http://ip-172-31-26-229:42911/
[rosmaster.master][INFO] 2017-06-10 01:22:26,814: +PARAM [/roslaunch/uris/host_ip_172_31_26_229__56807] by /roslaunch
[rosmaster.master][INFO] 2017-06-10 01:22:26,830: +PARAM [/robot_description_kinematics/lwr_arm/kinematics_solver] by /roslaunch
[rosmaster.master][INFO] 2017-06-10 01:22:26,833: +PARAM [/move_group/planner_configs/RRTkConfigDefault/goal_bias] by /roslaunch
[rosmaster.master][INFO] 2017-06-10 01:22:26,837: +PARAM [/robot_description_semantic] by /roslaunch
[rosmaster.master][INFO] 2017-06-10 01:22:26,840: +PARAM [/robot_description_kinematics/lwr_arm/kinematics_solver_attempts] by /roslaunch
[rosmaster.master][INFO] 2017-06-10 01:22:26,844: +PARAM [/robot_description_planning/joint_limits/lwr_arm_6_joint/max_acceleration] by /roslaunch
[rosmaster.master][INFO] 2017-06-10 01:22:26,848: +PARAM [/robot_description_planning/joint_limits/lwr_arm_5_joint/has_acceleration_limits] by /roslaunch
[rosmaster.master][INFO] 2017-06-10 01:22:26,851: +PARAM [/move_group/planner_configs/RRTstarkConfigDefault/range] by /roslaunch
[rosmaster.master][INFO] 2017-06-10 01:22:26,854: +PARAM [/robot_description_planning/joint_limits/lwr_arm_0_joint/max_acceleration] by /roslaunch
[rosmaster.master][INFO] 2017-06-10 01:22:26,858: +PARAM [/robot_description_planning/joint_limits/lwr_arm_0_joint/has_velocity_limits] by /roslaunch
[rosmaster.master][INFO] 2017-06-10 01:22:26,861: +PARAM [/move_group/max_safe_path_cost] by /roslaunch
[rosmaster.master][INFO] 2017-06-10 01:22:26,864: +PARAM [/move_group/planner_configs/RRTstarkConfigDefault/goal_bias] by /roslaunch
[rosmaster.master][INFO] 2017-06-10 01:22:26,868: +PARAM [/move_group/planning_scene_monitor/publish_planning_scene] by /roslaunch
[rosmaster.master][INFO] 2017-06-10 01:22:26,873: +PARAM [/move_group/planner_configs/PRMkConfigDefault/type] by /roslaunch
[rosmaster.master][INFO] 2017-06-10 01:22:26,877: +PARAM [/move_group/planner_configs/ESTkConfigDefault/range] by /roslaunch
[rosmaster.master][INFO] 2017-06-10 01:22:26,887: +PARAM [/robot_description_planning/joint_limits/lwr_arm_2_joint/max_acceleration] by /roslaunch
[rosmaster.master][INFO] 2017-06-10 01:22:26,890: +PARAM [/move_group/planner_configs/KPIECEkConfigDefault/min_valid_path_fraction] by /roslaunch
[rosmaster.master][INFO] 2017-06-10 01:22:26,894: +PARAM [/move_group/planner_configs/BKPIECEkConfigDefault/border_fraction] by /roslaunch
[rosmaster.master][INFO] 2017-06-10 01:22:26,897: +PARAM [/move_group/planner_configs/PRMkConfigDefault/max_nearest_neighbors] by /roslaunch
[rosmaster.master][INFO] 2017-06-10 01:22:26,901: +PARAM [/move_group/planner_configs/TRRTkConfigDefault/goal_bias] by /roslaunch
[rosmaster.master][INFO] 2017-06-10 01:22:26,904: +PARAM [/move_group/planner_configs/BKPIECEkConfigDefault/min_valid_path_fraction] by /roslaunch
[rosmaster.master][INFO] 2017-06-10 01:22:26,907: +PARAM [/robot_description_planning/joint_limits/lwr_arm_2_joint/has_velocity_limits] by /roslaunch
[rosmaster.master][INFO] 2017-06-10 01:22:26,911: +PARAM [/robot_description_planning/joint_limits/lwr_arm_3_joint/max_velocity] by /roslaunch
[rosmaster.master][INFO] 2017-06-10 01:22:26,914: +PARAM [/robot_description_planning/joint_limits/lwr_arm_4_joint/max_acceleration] by /roslaunch
[rosmaster.master][INFO] 2017-06-10 01:22:26,918: +PARAM [/robot_description_planning/joint_limits/lwr_arm_0_joint/max_velocity] by /roslaunch
[rosmaster.master][INFO] 2017-06-10 01:22:26,921: +PARAM [/move_group/planner_configs/SBLkConfigDefault/range] by /roslaunch
[rosmaster.master][INFO] 2017-06-10 01:22:26,925: +PARAM [/move_group/planner_configs/TRRTkConfigDefault/frountierNodeRatio] by /roslaunch
[rosmaster.master][INFO] 2017-06-10 01:22:26,928: +PARAM [/robot_description_planning/joint_limits/lwr_arm_6_joint/has_acceleration_limits] by /roslaunch
[rosmaster.master][INFO] 2017-06-10 01:22:26,932: +PARAM [/move_group/planning_plugin] by /roslaunch
[rosmaster.master][INFO] 2017-06-10 01:22:26,935: +PARAM [/move_group/planning_scene_monitor/publish_geometry_updates] by /roslaunch
[rosmaster.master][INFO] 2017-06-10 01:22:26,939: +PARAM [/robot_description_planning/joint_limits/lwr_arm_3_joint/max_acceleration] by /roslaunch
[rosmaster.master][INFO] 2017-06-10 01:22:26,942: +PARAM [/move_group/planner_configs/TRRTkConfigDefault/max_states_failed] by /roslaunch
[rosmaster.master][INFO] 2017-06-10 01:22:26,946: +PARAM [/robot_description_planning/joint_limits/lwr_arm_3_joint/has_velocity_limits] by /roslaunch
[rosmaster.master][INFO] 2017-06-10 01:22:26,949: +PARAM [/robot_description_kinematics/lwr_arm/kinematics_solver_timeout] by /roslaunch
[rosmaster.master][INFO] 2017-06-10 01:22:26,952: +PARAM [/move_group/lwr_arm/projection_evaluator] by /roslaunch
[rosmaster.master][INFO] 2017-06-10 01:22:26,956: +PARAM [/robot_description_planning/joint_limits/lwr_arm_1_joint/has_acceleration_limits] by /roslaunch
[rosmaster.master][INFO] 2017-06-10 01:22:26,959: +PARAM [/rosdistro] by /roslaunch
[rosmaster.master][INFO] 2017-06-10 01:22:26,963: +PARAM [/robot_description_planning/joint_limits/lwr_arm_5_joint/max_velocity] by /roslaunch
[rosmaster.master][INFO] 2017-06-10 01:22:26,967: +PARAM [/move_group/planner_configs/PRMstarkConfigDefault/type] by /roslaunch
[rosmaster.master][INFO] 2017-06-10 01:22:26,970: +PARAM [/move_group/planner_configs/RRTkConfigDefault/range] by /roslaunch
[rosmaster.master][INFO] 2017-06-10 01:22:26,973: +PARAM [/move_group/allow_trajectory_execution] by /roslaunch
[rosmaster.master][INFO] 2017-06-10 01:22:26,977: +PARAM [/move_group/lwr_arm/planner_configs] by /roslaunch
[rosmaster.master][INFO] 2017-06-10 01:22:26,980: +PARAM [/move_group/planner_configs/ESTkConfigDefault/type] by /roslaunch
[rosmaster.master][INFO] 2017-06-10 01:22:26,984: +PARAM [/move_group/start_state_max_bounds_error] by /roslaunch
[rosmaster.master][INFO] 2017-06-10 01:22:26,994: +PARAM [/move_group/planner_configs/TRRTkConfigDefault/init_temperature] by /roslaunch
[rosmaster.master][INFO] 2017-06-10 01:22:26,999: +PARAM [/move_group/planner_configs/BKPIECEkConfigDefault/type] by /roslaunch
[rosmaster.master][INFO] 2017-06-10 01:22:27,003: +PARAM [/move_group/planner_configs/KPIECEkConfigDefault/border_fraction] by /roslaunch
[rosmaster.master][INFO] 2017-06-10 01:22:27,006: +PARAM [/robot_description_planning/joint_limits/lwr_arm_4_joint/has_velocity_limits] by /roslaunch
[rosmaster.master][INFO] 2017-06-10 01:22:27,009: +PARAM [/move_group/planner_configs/ESTkConfigDefault/goal_bias] by /roslaunch
[rosmaster.master][INFO] 2017-06-10 01:22:27,013: +PARAM [/move_group/planner_configs/LBKPIECEkConfigDefault/border_fraction] by /roslaunch
[rosmaster.master][INFO] 2017-06-10 01:22:27,016: +PARAM [/move_group/jiggle_fraction] by /roslaunch
[rosmaster.master][INFO] 2017-06-10 01:22:27,020: +PARAM [/move_group/planner_configs/TRRTkConfigDefault/range] by /roslaunch
[rosmaster.master][INFO] 2017-06-10 01:22:27,023: +PARAM [/move_group/planning_scene_monitor/publish_state_updates] by /roslaunch
[rosmaster.master][INFO] 2017-06-10 01:22:27,027: +PARAM [/move_group/planner_configs/TRRTkConfigDefault/temp_change_factor] by /roslaunch
[rosmaster.master][INFO] 2017-06-10 01:22:27,030: +PARAM [/robot_description_planning/joint_limits/lwr_arm_6_joint/max_velocity] by /roslaunch
[rosmaster.master][INFO] 2017-06-10 01:22:27,034: +PARAM [/robot_description_planning/joint_limits/lwr_arm_1_joint/max_velocity] by /roslaunch
[rosmaster.master][INFO] 2017-06-10 01:22:27,038: +PARAM [/move_group/planner_configs/SBLkConfigDefault/type] by /roslaunch
[rosmaster.master][INFO] 2017-06-10 01:22:27,041: +PARAM [/robot_description] by /roslaunch
[rosmaster.master][INFO] 2017-06-10 01:22:27,044: +PARAM [/move_group/capabilities] by /roslaunch
[rosmaster.master][INFO] 2017-06-10 01:22:27,048: +PARAM [/move_group/planner_configs/LBKPIECEkConfigDefault/range] by /roslaunch
[rosmaster.master][INFO] 2017-06-10 01:22:27,051: +PARAM [/robot_description_planning/joint_limits/lwr_arm_5_joint/max_acceleration] by /roslaunch
[rosmaster.master][INFO] 2017-06-10 01:22:27,055: +PARAM [/move_group/planner_configs/KPIECEkConfigDefault/range] by /roslaunch
[rosmaster.master][INFO] 2017-06-10 01:22:27,058: +PARAM [/move_group/planner_configs/BKPIECEkConfigDefault/range] by /roslaunch
[rosmaster.master][INFO] 2017-06-10 01:22:27,062: +PARAM [/move_group/planner_configs/TRRTkConfigDefault/type] by /roslaunch
[rosmaster.master][INFO] 2017-06-10 01:22:27,065: +PARAM [/move_group/planner_configs/KPIECEkConfigDefault/goal_bias] by /roslaunch
[rosmaster.master][INFO] 2017-06-10 01:22:27,069: +PARAM [/move_group/planner_configs/RRTConnectkConfigDefault/range] by /roslaunch
[rosmaster.master][INFO] 2017-06-10 01:22:27,072: +PARAM [/move_group/request_adapters] by /roslaunch
[rosmaster.master][INFO] 2017-06-10 01:22:27,078: +PARAM [/move_group/planner_configs/TRRTkConfigDefault/min_temperature] by /roslaunch
[rosmaster.master][INFO] 2017-06-10 01:22:27,081: +PARAM [/robot_description_planning/joint_limits/lwr_arm_6_joint/has_velocity_limits] by /roslaunch
[rosmaster.master][INFO] 2017-06-10 01:22:27,085: +PARAM [/robot_description_planning/joint_limits/lwr_arm_1_joint/has_velocity_limits] by /roslaunch
[rosmaster.master][INFO] 2017-06-10 01:22:27,088: +PARAM [/move_group/planner_configs/KPIECEkConfigDefault/failed_expansion_score_factor] by /roslaunch
[rosmaster.master][INFO] 2017-06-10 01:22:27,091: +PARAM [/move_group/planning_scene_monitor/publish_transforms_updates] by /roslaunch
[rosmaster.master][INFO] 2017-06-10 01:22:27,101: +PARAM [/robot_description_planning/joint_limits/lwr_arm_5_joint/has_velocity_limits] by /roslaunch
[rosmaster.master][INFO] 2017-06-10 01:22:27,104: +PARAM [/robot_description_planning/joint_limits/lwr_arm_3_joint/has_acceleration_limits] by /roslaunch
[rosmaster.master][INFO] 2017-06-10 01:22:27,108: +PARAM [/move_group/planner_configs/RRTstarkConfigDefault/type] by /roslaunch
[rosmaster.master][INFO] 2017-06-10 01:22:27,111: +PARAM [/move_group/lwr_arm/longest_valid_segment_fraction] by /roslaunch
[rosmaster.master][INFO] 2017-06-10 01:22:27,115: +PARAM [/move_group/planner_configs/RRTstarkConfigDefault/delay_collision_checking] by /roslaunch
[rosmaster.master][INFO] 2017-06-10 01:22:27,118: +PARAM [/move_group/planner_configs/KPIECEkConfigDefault/type] by /roslaunch
[rosmaster.master][INFO] 2017-06-10 01:22:27,123: +PARAM [/robot_description_kinematics/lwr_arm/kinematics_solver_search_resolution] by /roslaunch
[rosmaster.master][INFO] 2017-06-10 01:22:27,126: +PARAM [/move_group/planner_configs/RRTConnectkConfigDefault/type] by /roslaunch
[rosmaster.master][INFO] 2017-06-10 01:22:27,130: +PARAM [/robot_description_planning/joint_limits/lwr_arm_2_joint/has_acceleration_limits] by /roslaunch
[rosmaster.master][INFO] 2017-06-10 01:22:27,133: +PARAM [/move_group/planner_configs/BKPIECEkConfigDefault/failed_expansion_score_factor] by /roslaunch
[rosmaster.master][INFO] 2017-06-10 01:22:27,137: +PARAM [/robot_description_planning/joint_limits/lwr_arm_2_joint/max_velocity] by /roslaunch
[rosmaster.master][INFO] 2017-06-10 01:22:27,140: +PARAM [/move_group/planner_configs/LBKPIECEkConfigDefault/min_valid_path_fraction] by /roslaunch
[rosmaster.master][INFO] 2017-06-10 01:22:27,143: +PARAM [/rosversion] by /roslaunch
[rosmaster.master][INFO] 2017-06-10 01:22:27,147: +PARAM [/robot_description_planning/joint_limits/lwr_arm_4_joint/max_velocity] by /roslaunch
[rosmaster.master][INFO] 2017-06-10 01:22:27,151: +PARAM [/robot_description_planning/joint_limits/lwr_arm_4_joint/has_acceleration_limits] by /roslaunch
[rosmaster.master][INFO] 2017-06-10 01:22:27,154: +PARAM [/robot_description_planning/joint_limits/lwr_arm_0_joint/has_acceleration_limits] by /roslaunch
[rosmaster.master][INFO] 2017-06-10 01:22:27,158: +PARAM [/robot_description_planning/joint_limits/lwr_arm_1_joint/max_acceleration] by /roslaunch
[rosmaster.master][INFO] 2017-06-10 01:22:27,162: +PARAM [/move_group/planner_configs/TRRTkConfigDefault/k_constant] by /roslaunch
[rosmaster.master][INFO] 2017-06-10 01:22:27,165: +PARAM [/move_group/planner_configs/TRRTkConfigDefault/frountier_threshold] by /roslaunch
[rosmaster.master][INFO] 2017-06-10 01:22:27,168: +PARAM [/move_group/planner_configs/LBKPIECEkConfigDefault/type] by /roslaunch
[rosmaster.master][INFO] 2017-06-10 01:22:27,172: +PARAM [/move_group/planner_configs/RRTkConfigDefault/type] by /roslaunch
[rosmaster.master][INFO] 2017-06-10 01:22:27,380: +PUB [/rosout] /robot_sim http://ip-172-31-26-229:52201/
[rosmaster.master][INFO] 2017-06-10 01:22:27,386: +SERVICE [/robot_sim/get_loggers] /robot_sim http://ip-172-31-26-229:52201/
[rosmaster.master][INFO] 2017-06-10 01:22:27,392: +SERVICE [/robot_sim/set_logger_level] /robot_sim http://ip-172-31-26-229:52201/
[rosmaster.master][INFO] 2017-06-10 01:22:27,402: +PUB [/joint_states] /robot_sim http://ip-172-31-26-229:52201/
[rosmaster.master][INFO] 2017-06-10 01:22:27,412: +SUB [/joint_velocities] /robot_sim http://ip-172-31-26-229:52201/
[rosmaster.master][INFO] 2017-06-10 01:22:27,421: +SUB [/joint_positions] /robot_sim http://ip-172-31-26-229:52201/
[rosmaster.master][INFO] 2017-06-10 01:22:27,432: publisherUpdate[/rosout] -> http://ip-172-31-26-229:42905/
[rosmaster.master][INFO] 2017-06-10 01:22:27,432: +SUB [/joint_command] /robot_sim http://ip-172-31-26-229:52201/
[rosmaster.master][INFO] 2017-06-10 01:22:27,447: +SUB [/joint_trajectory] /robot_sim http://ip-172-31-26-229:52201/
[rosmaster.master][INFO] 2017-06-10 01:22:27,454: +PUB [/rosout] /robot_state_publisher http://ip-172-31-26-229:32963/
[rosmaster.master][INFO] 2017-06-10 01:22:27,458: +SERVICE [/robot_state_publisher/get_loggers] /robot_state_publisher http://ip-172-31-26-229:32963/
[rosmaster.master][INFO] 2017-06-10 01:22:27,463: +SERVICE [/robot_state_publisher/set_logger_level] /robot_state_publisher http://ip-172-31-26-229:32963/
[rosmaster.master][INFO] 2017-06-10 01:22:27,472: +PUB [/tf] /robot_state_publisher http://ip-172-31-26-229:32963/
[rosmaster.master][INFO] 2017-06-10 01:22:27,477: +PUB [/tf_static] /robot_state_publisher http://ip-172-31-26-229:32963/
[rosmaster.master][INFO] 2017-06-10 01:22:27,491: +SUB [/joint_states] /robot_state_publisher http://ip-172-31-26-229:32963/
[rosmaster.master][INFO] 2017-06-10 01:22:27,533: publisherUpdate[/rosout] -> http://ip-172-31-26-229:42905/
[rosmaster.master][INFO] 2017-06-10 01:22:27,537: publisherUpdate[/tf] -> http://ip-172-31-26-229:54324/
[rosmaster.master][INFO] 2017-06-10 01:22:27,537: publisherUpdate[/tf] -> http://ip-172-31-26-229:33435/
[rosmaster.master][INFO] 2017-06-10 01:22:27,548: publisherUpdate[/tf_static] -> http://ip-172-31-26-229:54324/
[rosmaster.master][INFO] 2017-06-10 01:22:27,552: publisherUpdate[/tf_static] -> http://ip-172-31-26-229:33435/
[rosmaster.master][INFO] 2017-06-10 01:22:27,668: +PUB [/rosout] /move_group http://ip-172-31-26-229:50470/
[rosmaster.master][INFO] 2017-06-10 01:22:27,673: +SERVICE [/move_group/get_loggers] /move_group http://ip-172-31-26-229:50470/
[rosmaster.master][INFO] 2017-06-10 01:22:27,678: +SERVICE [/move_group/set_logger_level] /move_group http://ip-172-31-26-229:50470/
[rosmaster.master][INFO] 2017-06-10 01:22:27,689: +SUB [/tf] /move_group http://ip-172-31-26-229:50470/
[rosmaster.master][INFO] 2017-06-10 01:22:27,698: +SUB [/tf_static] /move_group http://ip-172-31-26-229:50470/
[rosmaster.master][INFO] 2017-06-10 01:22:27,738: publisherUpdate[/rosout] -> http://ip-172-31-26-229:42905/
[rosmaster.master][INFO] 2017-06-10 01:22:27,920: +SERVICE [/move_group/planning_scene_monitor/set_parameters] /move_group http://ip-172-31-26-229:50470/
[rosmaster.master][INFO] 2017-06-10 01:22:27,925: +PUB [/move_group/planning_scene_monitor/parameter_descriptions] /move_group http://ip-172-31-26-229:50470/
[rosmaster.master][INFO] 2017-06-10 01:22:27,929: +PUB [/move_group/planning_scene_monitor/parameter_updates] /move_group http://ip-172-31-26-229:50470/
[rosmaster.master][INFO] 2017-06-10 01:22:27,938: +PARAM [/move_group/planning_scene_monitor/publish_planning_scene] by /move_group
[rosmaster.master][INFO] 2017-06-10 01:22:27,943: +PARAM [/move_group/planning_scene_monitor/publish_planning_scene_hz] by /move_group
[rosmaster.master][INFO] 2017-06-10 01:22:27,947: +PARAM [/move_group/planning_scene_monitor/publish_geometry_updates] by /move_group
[rosmaster.master][INFO] 2017-06-10 01:22:27,952: +PARAM [/move_group/planning_scene_monitor/publish_state_updates] by /move_group
[rosmaster.master][INFO] 2017-06-10 01:22:27,956: +PARAM [/move_group/planning_scene_monitor/publish_transforms_updates] by /move_group
[rosmaster.master][INFO] 2017-06-10 01:22:27,961: +PUB [/rosout] /move_group_commander_wrappers_1497082947956267820 http://ip-172-31-26-229:54014/
[rosmaster.master][INFO] 2017-06-10 01:22:27,966: +PUB [/move_group/monitored_planning_scene] /move_group http://ip-172-31-26-229:50470/
[rosmaster.master][INFO] 2017-06-10 01:22:27,970: +SERVICE [/move_group_commander_wrappers_1497082947956267820/get_loggers] /move_group_commander_wrappers_1497082947956267820 http://ip-172-31-26-229:54014/
[rosmaster.master][INFO] 2017-06-10 01:22:27,971: +PARAM [/move_group/planning_scene_monitor/publish_planning_scene] by /move_group
[rosmaster.master][INFO] 2017-06-10 01:22:27,974: +SERVICE [/move_group_commander_wrappers_1497082947956267820/set_logger_level] /move_group_commander_wrappers_1497082947956267820 http://ip-172-31-26-229:54014/
[rosmaster.master][INFO] 2017-06-10 01:22:27,979: +PARAM [/move_group/planning_scene_monitor/publish_planning_scene_hz] by /move_group
[rosmaster.master][INFO] 2017-06-10 01:22:27,986: +PARAM [/move_group/planning_scene_monitor/publish_geometry_updates] by /move_group
[rosmaster.master][INFO] 2017-06-10 01:22:27,991: +PARAM [/move_group/planning_scene_monitor/publish_state_updates] by /move_group
[rosmaster.master][INFO] 2017-06-10 01:22:27,996: +PARAM [/move_group/planning_scene_monitor/publish_transforms_updates] by /move_group
[rosmaster.master][INFO] 2017-06-10 01:22:28,006: +SUB [/planning_scene] /move_group http://ip-172-31-26-229:50470/
[rosmaster.master][INFO] 2017-06-10 01:22:28,015: +SUB [/collision_object] /move_group http://ip-172-31-26-229:50470/
[rosmaster.master][INFO] 2017-06-10 01:22:28,024: +SUB [/planning_scene_world] /move_group http://ip-172-31-26-229:50470/
[rosmaster.master][INFO] 2017-06-10 01:22:28,033: +SERVICE [/move_group/save_map] /move_group http://ip-172-31-26-229:50470/
[rosmaster.master][INFO] 2017-06-10 01:22:28,037: +SERVICE [/move_group/load_map] /move_group http://ip-172-31-26-229:50470/
[rosmaster.master][INFO] 2017-06-10 01:22:28,046: +SUB [/joint_states] /move_group http://ip-172-31-26-229:50470/
[rosmaster.master][INFO] 2017-06-10 01:22:28,050: publisherUpdate[/rosout] -> http://ip-172-31-26-229:42905/
[rosmaster.master][INFO] 2017-06-10 01:22:28,056: +SUB [/attached_collision_object] /move_group http://ip-172-31-26-229:50470/
[rosmaster.master][INFO] 2017-06-10 01:22:28,150: +SERVICE [/move_group/ompl/set_parameters] /move_group http://ip-172-31-26-229:50470/
[rosmaster.master][INFO] 2017-06-10 01:22:28,154: +PUB [/rosout] /marker_control_10054_1497082947983 http://ip-172-31-26-229:56260/
[rosmaster.master][INFO] 2017-06-10 01:22:28,155: publisherUpdate[/rosout] -> http://ip-172-31-26-229:42905/
[rosmaster.master][INFO] 2017-06-10 01:22:28,157: +PUB [/move_group/ompl/parameter_descriptions] /move_group http://ip-172-31-26-229:50470/
[rosmaster.master][INFO] 2017-06-10 01:22:28,166: +PUB [/move_group/ompl/parameter_updates] /move_group http://ip-172-31-26-229:50470/
[rosmaster.master][INFO] 2017-06-10 01:22:28,177: +SERVICE [/marker_control_10054_1497082947983/get_loggers] /marker_control_10054_1497082947983 http://ip-172-31-26-229:56260/
[rosmaster.master][INFO] 2017-06-10 01:22:28,183: +SERVICE [/marker_control_10054_1497082947983/set_logger_level] /marker_control_10054_1497082947983 http://ip-172-31-26-229:56260/
[rosmaster.master][INFO] 2017-06-10 01:22:28,183: +PARAM [/move_group/ompl/simplify_solutions] by /move_group
[rosmaster.master][INFO] 2017-06-10 01:22:28,187: +PUB [/planning_scene] /move_group_commander_wrappers_1497082947956267820 http://ip-172-31-26-229:54014/
[rosmaster.master][INFO] 2017-06-10 01:22:28,191: +PARAM [/move_group/ompl/minimum_waypoint_count] by /move_group
[rosmaster.master][INFO] 2017-06-10 01:22:28,194: +PUB [/collision_object] /marker_control_10054_1497082947983 http://ip-172-31-26-229:56260/
[rosmaster.master][INFO] 2017-06-10 01:22:28,198: +PARAM [/move_group/ompl/maximum_waypoint_distance] by /move_group
[rosmaster.master][INFO] 2017-06-10 01:22:28,201: +PUB [/attached_collision_object] /marker_control_10054_1497082947983 http://ip-172-31-26-229:56260/
[rosmaster.master][INFO] 2017-06-10 01:22:28,205: +PARAM [/move_group/ompl/link_for_exploration_tree] by /move_group
[rosmaster.master][INFO] 2017-06-10 01:22:28,211: +PUB [/visualization_marker_array] /marker_control_10054_1497082947983 http://ip-172-31-26-229:56260/
[rosmaster.master][INFO] 2017-06-10 01:22:28,214: +PARAM [/move_group/ompl/display_random_valid_states] by /move_group
[rosmaster.master][INFO] 2017-06-10 01:22:28,218: +PUB [/motion_planning_goal] /marker_control_10054_1497082947983 http://ip-172-31-26-229:56260/
[rosmaster.master][INFO] 2017-06-10 01:22:28,221: +PARAM [/move_group/ompl/simplify_solutions] by /move_group
[rosmaster.master][INFO] 2017-06-10 01:22:28,226: +SUB [/joint_trajectory] /marker_control_10054_1497082947983 http://ip-172-31-26-229:56260/
[rosmaster.master][INFO] 2017-06-10 01:22:28,229: +PARAM [/move_group/ompl/minimum_waypoint_count] by /move_group
[rosmaster.master][INFO] 2017-06-10 01:22:28,232: +PUB [/control_markers/update_full] /marker_control_10054_1497082947983 http://ip-172-31-26-229:56260/
[rosmaster.master][INFO] 2017-06-10 01:22:28,238: +PARAM [/move_group/ompl/maximum_waypoint_distance] by /move_group
[rosmaster.master][INFO] 2017-06-10 01:22:28,242: +PUB [/control_markers/update] /marker_control_10054_1497082947983 http://ip-172-31-26-229:56260/
[rosmaster.master][INFO] 2017-06-10 01:22:28,245: +PARAM [/move_group/ompl/link_for_exploration_tree] by /move_group
[rosmaster.master][INFO] 2017-06-10 01:22:28,250: +SUB [/control_markers/feedback] /marker_control_10054_1497082947983 http://ip-172-31-26-229:56260/
[rosmaster.master][INFO] 2017-06-10 01:22:28,252: +PARAM [/move_group/ompl/display_random_valid_states] by /move_group
[rosmaster.master][INFO] 2017-06-10 01:22:28,257: publisherUpdate[/planning_scene] -> http://ip-172-31-26-229:50470/
[rosmaster.master][INFO] 2017-06-10 01:22:28,257: publisherUpdate[/control_markers/update] -> http://ip-172-31-26-229:33435/
[rosmaster.master][INFO] 2017-06-10 01:22:28,264: publisherUpdate[/collision_object] -> http://ip-172-31-26-229:50470/
[rosmaster.master][INFO] 2017-06-10 01:22:28,272: publisherUpdate[/attached_collision_object] -> http://ip-172-31-26-229:50470/
[rosmaster.master][INFO] 2017-06-10 01:22:28,311: +PUB [/move_group/display_planned_path] /move_group http://ip-172-31-26-229:50470/
[rosmaster.master][INFO] 2017-06-10 01:22:28,316: +PUB [/move_group/display_contacts] /move_group http://ip-172-31-26-229:50470/
[rosmaster.master][INFO] 2017-06-10 01:22:28,369: +SERVICE [/apply_planning_scene] /move_group http://ip-172-31-26-229:50470/
[rosmaster.master][INFO] 2017-06-10 01:22:28,373: +SERVICE [/clear_octomap] /move_group http://ip-172-31-26-229:50470/
[rosmaster.master][INFO] 2017-06-10 01:22:28,378: +SERVICE [/compute_cartesian_path] /move_group http://ip-172-31-26-229:50470/
[rosmaster.master][INFO] 2017-06-10 01:22:28,382: +SERVICE [/execute_kinematic_path] /move_group http://ip-172-31-26-229:50470/
[rosmaster.master][INFO] 2017-06-10 01:22:28,397: +PUB [/execute_trajectory/result] /move_group http://ip-172-31-26-229:50470/
[rosmaster.master][INFO] 2017-06-10 01:22:28,402: +PUB [/execute_trajectory/feedback] /move_group http://ip-172-31-26-229:50470/
[rosmaster.master][INFO] 2017-06-10 01:22:28,406: +PUB [/execute_trajectory/status] /move_group http://ip-172-31-26-229:50470/
[rosmaster.master][INFO] 2017-06-10 01:22:28,417: +SUB [/execute_trajectory/goal] /move_group http://ip-172-31-26-229:50470/
[rosmaster.master][INFO] 2017-06-10 01:22:28,426: +SUB [/execute_trajectory/cancel] /move_group http://ip-172-31-26-229:50470/
[rosmaster.master][INFO] 2017-06-10 01:22:28,430: +SERVICE [/get_planning_scene] /move_group http://ip-172-31-26-229:50470/
[rosmaster.master][INFO] 2017-06-10 01:22:28,435: +SERVICE [/compute_fk] /move_group http://ip-172-31-26-229:50470/
[rosmaster.master][INFO] 2017-06-10 01:22:28,440: +SERVICE [/compute_ik] /move_group http://ip-172-31-26-229:50470/
[rosmaster.master][INFO] 2017-06-10 01:22:28,446: +PUB [/move_group/result] /move_group http://ip-172-31-26-229:50470/
[rosmaster.master][INFO] 2017-06-10 01:22:28,451: +PUB [/move_group/feedback] /move_group http://ip-172-31-26-229:50470/
[rosmaster.master][INFO] 2017-06-10 01:22:28,455: +PUB [/move_group/status] /move_group http://ip-172-31-26-229:50470/
[rosmaster.master][INFO] 2017-06-10 01:22:28,466: +SUB [/move_group/goal] /move_group http://ip-172-31-26-229:50470/
[rosmaster.master][INFO] 2017-06-10 01:22:28,474: +SUB [/move_group/cancel] /move_group http://ip-172-31-26-229:50470/
[rosmaster.master][INFO] 2017-06-10 01:22:28,527: +PUB [/pickup/result] /move_group http://ip-172-31-26-229:50470/
[rosmaster.master][INFO] 2017-06-10 01:22:28,531: +PUB [/pickup/feedback] /move_group http://ip-172-31-26-229:50470/
[rosmaster.master][INFO] 2017-06-10 01:22:28,536: +PUB [/pickup/status] /move_group http://ip-172-31-26-229:50470/
[rosmaster.master][INFO] 2017-06-10 01:22:28,547: +SUB [/pickup/goal] /move_group http://ip-172-31-26-229:50470/
[rosmaster.master][INFO] 2017-06-10 01:22:28,556: +SUB [/pickup/cancel] /move_group http://ip-172-31-26-229:50470/
[rosmaster.master][INFO] 2017-06-10 01:22:28,562: +PUB [/place/result] /move_group http://ip-172-31-26-229:50470/
[rosmaster.master][INFO] 2017-06-10 01:22:28,567: +PUB [/place/feedback] /move_group http://ip-172-31-26-229:50470/
[rosmaster.master][INFO] 2017-06-10 01:22:28,571: +PUB [/place/status] /move_group http://ip-172-31-26-229:50470/
[rosmaster.master][INFO] 2017-06-10 01:22:28,584: +SUB [/place/goal] /move_group http://ip-172-31-26-229:50470/
[rosmaster.master][INFO] 2017-06-10 01:22:28,592: +SUB [/place/cancel] /move_group http://ip-172-31-26-229:50470/
[rosmaster.master][INFO] 2017-06-10 01:22:28,597: +SERVICE [/plan_kinematic_path] /move_group http://ip-172-31-26-229:50470/
[rosmaster.master][INFO] 2017-06-10 01:22:28,611: +SERVICE [/query_planner_interface] /move_group http://ip-172-31-26-229:50470/
[rosmaster.master][INFO] 2017-06-10 01:22:28,615: +SERVICE [/check_state_validity] /move_group http://ip-172-31-26-229:50470/
[rosmaster.master][INFO] 2017-06-10 01:22:28,760: +SUB [/control_markers/update_full] /interactive_marker_proxy http://ip-172-31-26-229:33435/
[rosmaster.master][INFO] 2017-06-10 01:22:28,887: -SUB [/control_markers/update_full] /interactive_marker_proxy http://ip-172-31-26-229:33435/
[rosmaster.master][INFO] 2017-06-10 01:22:36,114: +PUB [/tf2_web_republisher/goal] /rosbridge_websocket http://ip-172-31-26-229:42911/
[rosmaster.master][INFO] 2017-06-10 01:22:36,126: +PUB [/tf2_web_republisher/cancel] /rosbridge_websocket http://ip-172-31-26-229:42911/
[rosmaster.master][INFO] 2017-06-10 01:22:36,142: +SUB [/tf2_web_republisher/feedback] /rosbridge_websocket http://ip-172-31-26-229:42911/
[rosmaster.master][INFO] 2017-06-10 01:22:36,162: +SUB [/visualization_marker_array] /rosbridge_websocket http://ip-172-31-26-229:42911/
[rosmaster.master][INFO] 2017-06-10 01:22:36,176: publisherUpdate[/tf2_web_republisher/goal] -> http://ip-172-31-26-229:54324/
[rosmaster.master][INFO] 2017-06-10 01:22:36,179: +SUB [/control_markers/tunneled/update] /rosbridge_websocket http://ip-172-31-26-229:42911/
[rosmaster.master][INFO] 2017-06-10 01:22:36,181: publisherUpdate[/tf2_web_republisher/cancel] -> http://ip-172-31-26-229:54324/
[rosmaster.master][INFO] 2017-06-10 01:22:36,193: +PUB [/control_markers/feedback] /rosbridge_websocket http://ip-172-31-26-229:42911/
[rosmaster.master][INFO] 2017-06-10 01:22:36,279: publisherUpdate[/control_markers/feedback] -> http://ip-172-31-26-229:56260/
