ROSCORE: ... logging to /home/ccc_v1_w_dd4cc_18220/asn13354_Project_4/asn13355_Project_4/work/.ros/log/dfa6133a-4cd8-11e7-8d93-06b0869cc04d/roslaunch-ip-172-31-26-229-18621.log
ROSCORE: Checking log directory for disk usage. This may take awhile.
ROSCORE: Press Ctrl-C to interrupt
ROSCORE: Done checking log file disk usage. Usage is <1GB.
ROSCORE: ]2;roscore
ROSCORE: [1mstarted roslaunch server http://ip-172-31-26-229:44203/[0m
ROSCORE: ros_comm version 1.11.20
ROSCORE: 
ROSCORE: 
ROSCORE: SUMMARY
ROSCORE: ========
ROSCORE: 
ROSCORE: PARAMETERS
ROSCORE:  * /rosdistro: indigo
ROSCORE:  * /rosversion: 1.11.20
ROSCORE: 
ROSCORE: NODES
ROSCORE: 
ROSCORE: auto-starting new master
ROSCORE: [1mprocess[master]: started with pid [18636][0m
ROSCORE: [1mROS_MASTER_URI=http://ip-172-31-26-229:32799/[0m
ROSCORE: ]2;roscore http://ip-172-31-26-229:32799/
ROSCORE: [1msetting /run_id to dfa6133a-4cd8-11e7-8d93-06b0869cc04d[0m
ROSCORE: [1mprocess[rosout-1]: started with pid [18650][0m
ROSCORE: started core service [/rosout]
BR: Port for WebSocketServer: 52188
BR: Running cmd: roslaunch rosbridge_server rosbridge_websocket.launch port:=52188
BR: ... logging to /home/ccc_v1_w_dd4cc_18220/asn13354_Project_4/asn13355_Project_4/work/.ros/log/dfa6133a-4cd8-11e7-8d93-06b0869cc04d/roslaunch-ip-172-31-26-229-18725.log
BR: Checking log directory for disk usage. This may take awhile.
BR: Press Ctrl-C to interrupt
BR: Done checking log file disk usage. Usage is <1GB.
BR: ]2;/opt/ros/indigo/share/rosbridge_server/launch/rosbridge_websocket.launch
BR: [1mstarted roslaunch server http://ip-172-31-26-229:39954/[0m
BR: 
BR: SUMMARY
BR: ========
BR: 
BR: PARAMETERS
BR:  * /rosbridge_websocket/address: 
BR:  * /rosbridge_websocket/authenticate: False
BR:  * /rosbridge_websocket/delay_between_messages: 0
BR:  * /rosbridge_websocket/fragment_timeout: 600
BR:  * /rosbridge_websocket/max_message_size: None
BR:  * /rosbridge_websocket/port: 52188
BR:  * /rosbridge_websocket/retry_startup_delay: 5
BR:  * /rosdistro: indigo
BR:  * /rosversion: 1.11.20
BR: 
BR: NODES
BR:   /
BR:     rosapi (rosapi/rosapi_node)
BR:     rosbridge_websocket (rosbridge_server/rosbridge_websocket)
BR: 
BR: [1mROS_MASTER_URI=http://localhost:32799[0m
BR: ]2;/opt/ros/indigo/share/rosbridge_server/launch/rosbridge_websocket.launch http://localhost:32799
BR: core service [/rosout] found
BR: [1mprocess[rosbridge_websocket-1]: started with pid [18751][0m
BR: [1mprocess[rosapi-2]: started with pid [18752][0m
BR: registered capabilities (classes):
BR:  - rosbridge_library.capabilities.call_service.CallService
BR:  - rosbridge_library.capabilities.advertise.Advertise
BR:  - rosbridge_library.capabilities.publish.Publish
BR:  - rosbridge_library.capabilities.subscribe.Subscribe
BR:  - <class 'rosbridge_library.capabilities.defragmentation.Defragment'>
BR:  - rosbridge_library.capabilities.advertise_service.AdvertiseService
BR:  - rosbridge_library.capabilities.service_response.ServiceResponse
BR:  - rosbridge_library.capabilities.unadvertise_service.UnadvertiseService
BR: the rosdep view is empty: call 'sudo rosdep init' and 'rosdep update'
PROXY: [0m[ INFO] [1496988003.800605604]: Subscribing to /control_markers[0m
PROXY: [0m[ INFO] [1496988003.800687840]: Target frame set to /world_link[0m
PROXY: [0m[ INFO] [1496988003.804072448]: (INFO) General: Waiting for messages.[0m
BR: [INFO] [WallTime: 1496988003.853953] Rosbridge WebSocket server started on port 52188
KUKA: [0m[ INFO] [1496988004.745426731]: Robot model read with 7 non-fixed joints.[0m
KUKA: [0m[ INFO] [1496988004.771088494]: Simulated robot spinning[0m
STATE_PUB: [33m[ WARN] [1496988005.708442415]: The root link world_link has an inertia specified in the URDF, but KDL does not support a root link with an inertia.  As a workaround, you can add an extra dummy link to your URDF.[0m
PROXY: [0m[ INFO] [1496988007.571726503]: (INFO) General: Receiving messages.[0m
PROXY: [0m[ INFO] [1496988007.571785266]: (INFO) /cartesian_control_18996_1496988007128: Waiting for init message.[0m
PROXY: [0m[ INFO] [1496988007.764259293]: (INFO) /cartesian_control_18996_1496988007128: Init message received.[0m
PROXY: [0m[ INFO] [1496988007.770458894]: (INFO) /cartesian_control_18996_1496988007128: Receiving updates.[0m
PROXY: [0m[ INFO] [1496988007.804279338]: (INFO) /cartesian_control_18996_1496988007128: OK[0m
BR: [INFO] [WallTime: 1496988157.628817] Client connected.  1 clients total.
BR: the rosdep view is empty: call 'sudo rosdep init' and 'rosdep update'
BR: [INFO] [WallTime: 1496988157.766997] [Client 0] Subscribed to /tf2_web_republisher/feedback
BR: [INFO] [WallTime: 1496988157.780779] [Client 0] Subscribed to /control_markers/tunneled/update
PROXY: [0m[ INFO] [1496988157.799797061]: Init requested.[0m
BR: [INFO] [WallTime: 1496988157.923583] [Client 0] Subscribed to /tf2_web_republisher/feedback
BR: [INFO] [WallTime: 1496988157.927803] [Client 0] Subscribed to /tf2_web_republisher/feedback
BR: [INFO] [WallTime: 1496988157.933525] [Client 0] Subscribed to /tf2_web_republisher/feedback
BR: [INFO] [WallTime: 1496988157.937841] [Client 0] Subscribed to /tf2_web_republisher/feedback
BR: [INFO] [WallTime: 1496988157.942431] [Client 0] Subscribed to /tf2_web_republisher/feedback
BR: [INFO] [WallTime: 1496988157.946556] [Client 0] Subscribed to /tf2_web_republisher/feedback
BR: [INFO] [WallTime: 1496988157.950654] [Client 0] Subscribed to /tf2_web_republisher/feedback
BR: [INFO] [WallTime: 1496988157.954897] [Client 0] Subscribed to /tf2_web_republisher/feedback
BR: [INFO] [WallTime: 1496988224.661371] [Client 0] Subscribed to /tf2_web_republisher/feedback
BR: [INFO] [WallTime: 1496988224.666759] [Client 0] Subscribed to /tf2_web_republisher/feedback
BR: [INFO] [WallTime: 1496988224.673281] [Client 0] Subscribed to /tf2_web_republisher/feedback
BR: [INFO] [WallTime: 1496988224.678012] [Client 0] Subscribed to /tf2_web_republisher/feedback
BR: [INFO] [WallTime: 1496988224.682518] [Client 0] Subscribed to /tf2_web_republisher/feedback
BR: [INFO] [WallTime: 1496988224.686672] [Client 0] Subscribed to /tf2_web_republisher/feedback
BR: [INFO] [WallTime: 1496988240.425773] [Client 0] Subscribed to /tf2_web_republisher/feedback
BR: [INFO] [WallTime: 1496988240.430536] [Client 0] Subscribed to /tf2_web_republisher/feedback
BR: [INFO] [WallTime: 1496988240.434775] [Client 0] Subscribed to /tf2_web_republisher/feedback
BR: [INFO] [WallTime: 1496988240.439487] [Client 0] Subscribed to /tf2_web_republisher/feedback
BR: [INFO] [WallTime: 1496988240.443615] [Client 0] Subscribed to /tf2_web_republisher/feedback
BR: [INFO] [WallTime: 1496988240.447846] [Client 0] Subscribed to /tf2_web_republisher/feedback
