[roslaunch][INFO] 2017-06-09 18:29:38,565: Checking log directory for disk usage. This may take awhile.
Press Ctrl-C to interrupt
[roslaunch][INFO] 2017-06-09 18:29:38,593: Done checking log file disk usage. Usage is <1GB.
[roslaunch][INFO] 2017-06-09 18:29:38,593: roslaunch starting with args ['/opt/ros/indigo/bin/roslaunch', 'rosbridge_server', 'rosbridge_websocket.launch', 'port:=38166']
[roslaunch][INFO] 2017-06-09 18:29:38,597: roslaunch env is {'ROS_DISTRO': 'indigo', 'ASNLIB': '/home/ccc_v1_s54106__48606/asn13529_Project_5/asn13530_Project_4/asnlib', 'LIB': '/home/ccc_v1_s54106__48606/lib', 'PKG_CONFIG_PATH': '/opt/ros/indigo/lib/pkgconfig:/opt/ros/indigo/lib/x86_64-linux-gnu/pkgconfig', 'SSH_CLIENT': '172.31.7.153 36142 22', 'CPATH': '/opt/ros/indigo/include', 'LOGNAME': 'ccc_v1_w_dd4cc_18220', 'USER': 'ccc_v1_w_dd4cc_18220', 'ROS_NODE_PORT': '37332', 'HOME': '/home/ccc_v1_w_dd4cc_18220/asn13529_Project_5/asn13530_Project_4/work', 'PATH': '/opt/ros/indigo/bin:/usr/local/sbin:/usr/local/bin:/usr/sbin:/usr/bin:/sbin:/bin:/usr/games:/usr/local/games:/home/local/bin:/home/ccc_v1_s54106__48606/lib:/home/ccc_v1_s54106__48606/asn13529_Project_5/asn13530_Project_4/asnlib:/home/vlibs:.', 'CMAKE_PREFIX_PATH': '/opt/ros/indigo', 'LD_LIBRARY_PATH': '/opt/ros/indigo/lib:/opt/ros/indigo/lib/x86_64-linux-gnu:/home/ccc_v1_s54106__48606/lib:/home/ccc_v1_s54106__48606/asn13529_Project_5/asn13530_Project_4/asnlib:/home/vlibs', 'LANG': 'en_US.UTF-8', 'TERM': 'xterm-256color', 'SHELL': '/bin/bash', 'HISTFILE': '/home/ccc_v1_w_dd4cc_18220/.bash_history', 'SHLVL': '2', 'VOC_WORKAREA': '/home/ccc_v1_w_dd4cc_18220/asn13529_Project_5/asn13530_Project_4/work', 'ROS_LOG_FILENAME': '/home/ccc_v1_w_dd4cc_18220/asn13529_Project_5/asn13530_Project_4/work/.ros/log/4396e6fa-4d7c-11e7-9d1d-06f360e4abc1/roslaunch-ip-172-31-19-100-8014.log', 'PART1': '/home/ccc_v1_s54106__48606/asn13529_Project_5/asn13530_Project_4', 'ROS_ETC_DIR': '/opt/ros/indigo/etc/ros', 'XDG_RUNTIME_DIR': '/run/user/18220', 'PYTHONPATH': '/opt/ros/indigo/lib/python2.7/dist-packages:/home/vlibs/python', 'VOC_PROXY_WRAPPER_PORT': '5100', 'VOC_XFER_TOKEN': '693859784354243542135300593b4b78629442.05065628', 'ROS_ROOT': '/opt/ros/indigo/share/ros', 'OLD_HOME': '/home/ccc_v1_w_dd4cc_18220', 'VOC_PROXY_TOKEN': '121196275343542435421353001593b4b786a6174.02931492', 'ROS_PACKAGE_PATH': '/opt/ros/indigo/share:/opt/ros/indigo/stacks', 'XDG_SESSION_ID': '317565', '_': '/usr/bin/stdbuf', 'LD_PRELOAD': '/usr/lib/coreutils/libstdbuf.so', '_STDBUF_O': 'L', 'SSH_TTY': '/dev/pts/6', 'OLDPWD': '/home/ccc_v1_w_dd4cc_18220', 'ROSLISP_PACKAGE_DIRECTORIES': '', 'VLIB': '/home/vlibs', 'PWD': '/home/ccc_v1_w_dd4cc_18220/asn13529_Project_5/asn13530_Project_4/work', 'VOC_PROXY_ID': '43542_43542_13530_0_1', 'ROS_MASTER_URI': 'http://localhost:37332', 'MAIL': '/var/mail/ccc_v1_w_dd4cc_18220', 'SSH_CONNECTION': '172.31.7.153 36142 172.31.19.100 22'}
[roslaunch][INFO] 2017-06-09 18:29:38,600: starting in server mode
[roslaunch.parent][INFO] 2017-06-09 18:29:38,604: starting roslaunch parent run
[roslaunch][INFO] 2017-06-09 18:29:38,608: loading roscore config file /opt/ros/indigo/etc/ros/roscore.xml
[roslaunch][INFO] 2017-06-09 18:29:38,737: Added core node of type [rosout/rosout] in namespace [/]
[roslaunch.config][INFO] 2017-06-09 18:29:38,738: loading config file /opt/ros/indigo/share/rosbridge_server/launch/rosbridge_websocket.launch
[roslaunch][INFO] 2017-06-09 18:29:38,745: Added node of type [rosbridge_server/rosbridge_websocket] in namespace [/]
[roslaunch][INFO] 2017-06-09 18:29:38,749: Added node of type [rosapi/rosapi_node] in namespace [/]
[roslaunch][INFO] 2017-06-09 18:29:38,753: ... selected machine [] for node of type [rosbridge_server/rosbridge_websocket]
[roslaunch][INFO] 2017-06-09 18:29:38,756: ... selected machine [] for node of type [rosapi/rosapi_node]
[roslaunch.pmon][INFO] 2017-06-09 18:29:38,760: start_process_monitor: creating ProcessMonitor
[roslaunch.pmon][INFO] 2017-06-09 18:29:38,763: created process monitor <ProcessMonitor(ProcessMonitor-1, initial daemon)>
[roslaunch.pmon][INFO] 2017-06-09 18:29:38,767: start_process_monitor: ProcessMonitor started
[roslaunch.parent][INFO] 2017-06-09 18:29:38,770: starting parent XML-RPC server
[roslaunch.server][INFO] 2017-06-09 18:29:38,774: starting roslaunch XML-RPC server
[roslaunch.server][INFO] 2017-06-09 18:29:38,778: waiting for roslaunch XML-RPC server to initialize
[xmlrpc][INFO] 2017-06-09 18:29:38,778: XML-RPC server binding to 0.0.0.0:0
[xmlrpc][INFO] 2017-06-09 18:29:38,785: Started XML-RPC server [http://ip-172-31-19-100:35094/]
[xmlrpc][INFO] 2017-06-09 18:29:38,788: xml rpc node: starting XML-RPC server
[roslaunch][INFO] 2017-06-09 18:29:38,796: started roslaunch server http://ip-172-31-19-100:35094/
[roslaunch.parent][INFO] 2017-06-09 18:29:38,800: ... parent XML-RPC server started
[roslaunch][INFO] 2017-06-09 18:29:38,803: master.is_running[http://localhost:37332]
[roslaunch][INFO] 2017-06-09 18:29:38,808: master.is_running[http://localhost:37332]
[roslaunch][INFO] 2017-06-09 18:29:38,812: ROS_MASTER_URI=http://localhost:37332
[roslaunch][INFO] 2017-06-09 18:29:38,817: setting /roslaunch/uris/host_ip_172_31_19_100__35094' to http://ip-172-31-19-100:35094/
[roslaunch][INFO] 2017-06-09 18:29:38,824: load_parameters starting ...
[roslaunch][INFO] 2017-06-09 18:29:38,864: ... load_parameters complete
[roslaunch][INFO] 2017-06-09 18:29:38,867: launch_nodes: launching local nodes ...
[roslaunch][INFO] 2017-06-09 18:29:38,871: ... preparing to launch node of type [rosbridge_server/rosbridge_websocket]
[roslaunch][INFO] 2017-06-09 18:29:38,880: create_node_process: package[rosbridge_server] type[rosbridge_websocket] machine[Machine(name[] env_loader[None] address[localhost] ssh_port[22] user[None] assignable[True] timeout[10.0])] master_uri[http://localhost:37332]
[roslaunch][INFO] 2017-06-09 18:29:38,886: process[rosbridge_websocket-1]: env[{'ROS_DISTRO': 'indigo', 'ASNLIB': '/home/ccc_v1_s54106__48606/asn13529_Project_5/asn13530_Project_4/asnlib', 'LIB': '/home/ccc_v1_s54106__48606/lib', 'VOC_PROXY_TOKEN': '121196275343542435421353001593b4b786a6174.02931492', 'SSH_CLIENT': '172.31.7.153 36142 22', 'CPATH': '/opt/ros/indigo/include', 'LOGNAME': 'ccc_v1_w_dd4cc_18220', 'USER': 'ccc_v1_w_dd4cc_18220', 'ROS_NODE_PORT': '37332', 'HOME': '/home/ccc_v1_w_dd4cc_18220/asn13529_Project_5/asn13530_Project_4/work', 'PATH': '/opt/ros/indigo/bin:/usr/local/sbin:/usr/local/bin:/usr/sbin:/usr/bin:/sbin:/bin:/usr/games:/usr/local/games:/home/local/bin:/home/ccc_v1_s54106__48606/lib:/home/ccc_v1_s54106__48606/asn13529_Project_5/asn13530_Project_4/asnlib:/home/vlibs:.', 'CMAKE_PREFIX_PATH': '/opt/ros/indigo', 'ROS_LOG_FILENAME': '/home/ccc_v1_w_dd4cc_18220/asn13529_Project_5/asn13530_Project_4/work/.ros/log/4396e6fa-4d7c-11e7-9d1d-06f360e4abc1/roslaunch-ip-172-31-19-100-8014.log', 'LANG': 'en_US.UTF-8', 'TERM': 'xterm-256color', 'SHELL': '/bin/bash', 'HISTFILE': '/home/ccc_v1_w_dd4cc_18220/.bash_history', 'SHLVL': '2', 'VOC_WORKAREA': '/home/ccc_v1_w_dd4cc_18220/asn13529_Project_5/asn13530_Project_4/work', 'LD_LIBRARY_PATH': '/opt/ros/indigo/lib:/opt/ros/indigo/lib/x86_64-linux-gnu:/home/ccc_v1_s54106__48606/lib:/home/ccc_v1_s54106__48606/asn13529_Project_5/asn13530_Project_4/asnlib:/home/vlibs', 'PART1': '/home/ccc_v1_s54106__48606/asn13529_Project_5/asn13530_Project_4', 'ROS_MASTER_URI': 'http://localhost:37332', 'XDG_RUNTIME_DIR': '/run/user/18220', 'PYTHONPATH': '/opt/ros/indigo/lib/python2.7/dist-packages:/home/vlibs/python', 'VOC_PROXY_WRAPPER_PORT': '5100', 'VOC_XFER_TOKEN': '693859784354243542135300593b4b78629442.05065628', 'ROS_ROOT': '/opt/ros/indigo/share/ros', 'OLD_HOME': '/home/ccc_v1_w_dd4cc_18220', 'PKG_CONFIG_PATH': '/opt/ros/indigo/lib/pkgconfig:/opt/ros/indigo/lib/x86_64-linux-gnu/pkgconfig', 'ROS_PACKAGE_PATH': '/opt/ros/indigo/share:/opt/ros/indigo/stacks', 'XDG_SESSION_ID': '317565', '_': '/usr/bin/stdbuf', 'LD_PRELOAD': '/usr/lib/coreutils/libstdbuf.so', '_STDBUF_O': 'L', 'SSH_TTY': '/dev/pts/6', 'OLDPWD': '/home/ccc_v1_w_dd4cc_18220', 'ROSLISP_PACKAGE_DIRECTORIES': '', 'VLIB': '/home/vlibs', 'PWD': '/home/ccc_v1_w_dd4cc_18220/asn13529_Project_5/asn13530_Project_4/work', 'VOC_PROXY_ID': '43542_43542_13530_0_1', 'ROS_ETC_DIR': '/opt/ros/indigo/etc/ros', 'MAIL': '/var/mail/ccc_v1_w_dd4cc_18220', 'SSH_CONNECTION': '172.31.7.153 36142 172.31.19.100 22'}]
[roslaunch][INFO] 2017-06-09 18:29:38,918: process[rosbridge_websocket-1]: args[[u'/opt/ros/indigo/lib/rosbridge_server/rosbridge_websocket', u'__name:=rosbridge_websocket']]
[roslaunch][INFO] 2017-06-09 18:29:38,923: ... created process [rosbridge_websocket-1]
[roslaunch.pmon][INFO] 2017-06-09 18:29:38,926: ProcessMonitor.register[rosbridge_websocket-1]
[roslaunch.pmon][INFO] 2017-06-09 18:29:38,930: ProcessMonitor.register[rosbridge_websocket-1] complete
[roslaunch][INFO] 2017-06-09 18:29:38,934: ... registered process [rosbridge_websocket-1]
[roslaunch][INFO] 2017-06-09 18:29:38,937: process[rosbridge_websocket-1]: starting os process
[roslaunch][INFO] 2017-06-09 18:29:38,941: process[rosbridge_websocket-1]: start w/ args [[u'/opt/ros/indigo/lib/rosbridge_server/rosbridge_websocket', u'__name:=rosbridge_websocket', u'__log:=/home/ccc_v1_w_dd4cc_18220/asn13529_Project_5/asn13530_Project_4/work/.ros/log/4396e6fa-4d7c-11e7-9d1d-06f360e4abc1/rosbridge_websocket-1.log']]
[roslaunch][INFO] 2017-06-09 18:29:38,945: process[rosbridge_websocket-1]: cwd will be [/home/ccc_v1_w_dd4cc_18220/asn13529_Project_5/asn13530_Project_4/work/.ros]
[roslaunch][INFO] 2017-06-09 18:29:38,954: process[rosbridge_websocket-1]: started with pid [8032]
[roslaunch][INFO] 2017-06-09 18:29:38,955: ... successfully launched [rosbridge_websocket-1]
[roslaunch][INFO] 2017-06-09 18:29:38,959: ... preparing to launch node of type [rosapi/rosapi_node]
[roslaunch][INFO] 2017-06-09 18:29:38,962: create_node_process: package[rosapi] type[rosapi_node] machine[Machine(name[] env_loader[None] address[localhost] ssh_port[22] user[None] assignable[True] timeout[10.0])] master_uri[http://localhost:37332]
[roslaunch][INFO] 2017-06-09 18:29:38,965: process[rosapi-2]: env[{'ROS_DISTRO': 'indigo', 'ASNLIB': '/home/ccc_v1_s54106__48606/asn13529_Project_5/asn13530_Project_4/asnlib', 'LIB': '/home/ccc_v1_s54106__48606/lib', 'VOC_PROXY_TOKEN': '121196275343542435421353001593b4b786a6174.02931492', 'SSH_CLIENT': '172.31.7.153 36142 22', 'CPATH': '/opt/ros/indigo/include', 'LOGNAME': 'ccc_v1_w_dd4cc_18220', 'USER': 'ccc_v1_w_dd4cc_18220', 'ROS_NODE_PORT': '37332', 'HOME': '/home/ccc_v1_w_dd4cc_18220/asn13529_Project_5/asn13530_Project_4/work', 'PATH': '/opt/ros/indigo/bin:/usr/local/sbin:/usr/local/bin:/usr/sbin:/usr/bin:/sbin:/bin:/usr/games:/usr/local/games:/home/local/bin:/home/ccc_v1_s54106__48606/lib:/home/ccc_v1_s54106__48606/asn13529_Project_5/asn13530_Project_4/asnlib:/home/vlibs:.', 'CMAKE_PREFIX_PATH': '/opt/ros/indigo', 'ROS_LOG_FILENAME': '/home/ccc_v1_w_dd4cc_18220/asn13529_Project_5/asn13530_Project_4/work/.ros/log/4396e6fa-4d7c-11e7-9d1d-06f360e4abc1/roslaunch-ip-172-31-19-100-8014.log', 'LANG': 'en_US.UTF-8', 'TERM': 'xterm-256color', 'SHELL': '/bin/bash', 'HISTFILE': '/home/ccc_v1_w_dd4cc_18220/.bash_history', 'SHLVL': '2', 'VOC_WORKAREA': '/home/ccc_v1_w_dd4cc_18220/asn13529_Project_5/asn13530_Project_4/work', 'LD_LIBRARY_PATH': '/opt/ros/indigo/lib:/opt/ros/indigo/lib/x86_64-linux-gnu:/home/ccc_v1_s54106__48606/lib:/home/ccc_v1_s54106__48606/asn13529_Project_5/asn13530_Project_4/asnlib:/home/vlibs', 'PART1': '/home/ccc_v1_s54106__48606/asn13529_Project_5/asn13530_Project_4', 'ROS_MASTER_URI': 'http://localhost:37332', 'XDG_RUNTIME_DIR': '/run/user/18220', 'PYTHONPATH': '/opt/ros/indigo/lib/python2.7/dist-packages:/home/vlibs/python', 'VOC_PROXY_WRAPPER_PORT': '5100', 'VOC_XFER_TOKEN': '693859784354243542135300593b4b78629442.05065628', 'ROS_ROOT': '/opt/ros/indigo/share/ros', 'OLD_HOME': '/home/ccc_v1_w_dd4cc_18220', 'PKG_CONFIG_PATH': '/opt/ros/indigo/lib/pkgconfig:/opt/ros/indigo/lib/x86_64-linux-gnu/pkgconfig', 'ROS_PACKAGE_PATH': '/opt/ros/indigo/share:/opt/ros/indigo/stacks', 'XDG_SESSION_ID': '317565', '_': '/usr/bin/stdbuf', 'LD_PRELOAD': '/usr/lib/coreutils/libstdbuf.so', '_STDBUF_O': 'L', 'SSH_TTY': '/dev/pts/6', 'OLDPWD': '/home/ccc_v1_w_dd4cc_18220', 'ROSLISP_PACKAGE_DIRECTORIES': '', 'VLIB': '/home/vlibs', 'PWD': '/home/ccc_v1_w_dd4cc_18220/asn13529_Project_5/asn13530_Project_4/work', 'VOC_PROXY_ID': '43542_43542_13530_0_1', 'ROS_ETC_DIR': '/opt/ros/indigo/etc/ros', 'MAIL': '/var/mail/ccc_v1_w_dd4cc_18220', 'SSH_CONNECTION': '172.31.7.153 36142 172.31.19.100 22'}]
[roslaunch][INFO] 2017-06-09 18:29:38,970: process[rosapi-2]: args[[u'/opt/ros/indigo/lib/rosapi/rosapi_node', u'__name:=rosapi']]
[roslaunch][INFO] 2017-06-09 18:29:38,974: ... created process [rosapi-2]
[roslaunch.pmon][INFO] 2017-06-09 18:29:38,977: ProcessMonitor.register[rosapi-2]
[roslaunch.pmon][INFO] 2017-06-09 18:29:38,989: ProcessMonitor.register[rosapi-2] complete
[roslaunch][INFO] 2017-06-09 18:29:38,993: ... registered process [rosapi-2]
[roslaunch][INFO] 2017-06-09 18:29:38,996: process[rosapi-2]: starting os process
[roslaunch][INFO] 2017-06-09 18:29:39,003: process[rosapi-2]: start w/ args [[u'/opt/ros/indigo/lib/rosapi/rosapi_node', u'__name:=rosapi', u'__log:=/home/ccc_v1_w_dd4cc_18220/asn13529_Project_5/asn13530_Project_4/work/.ros/log/4396e6fa-4d7c-11e7-9d1d-06f360e4abc1/rosapi-2.log']]
[roslaunch][INFO] 2017-06-09 18:29:39,007: process[rosapi-2]: cwd will be [/home/ccc_v1_w_dd4cc_18220/asn13529_Project_5/asn13530_Project_4/work/.ros]
[roslaunch][INFO] 2017-06-09 18:29:39,016: process[rosapi-2]: started with pid [8033]
[roslaunch][INFO] 2017-06-09 18:29:39,017: ... successfully launched [rosapi-2]
[roslaunch][INFO] 2017-06-09 18:29:39,021: ... launch_nodes complete
[roslaunch.pmon][INFO] 2017-06-09 18:29:39,024: registrations completed <ProcessMonitor(ProcessMonitor-1, started daemon 139849679582976)>
[roslaunch.parent][INFO] 2017-06-09 18:29:39,029: ... roslaunch parent running, waiting for process exit
[roslaunch][INFO] 2017-06-09 18:29:39,033: spin
