[rospy.client][INFO] 2017-06-10 20:53:34,241: init_node, name[/rosbridge_websocket], pid[11309]
[xmlrpc][INFO] 2017-06-10 20:53:34,242: XML-RPC server binding to 0.0.0.0:0
[xmlrpc][INFO] 2017-06-10 20:53:34,246: Started XML-RPC server [http://ip-172-31-19-100:54342/]
[rospy.init][INFO] 2017-06-10 20:53:34,246: ROS Slave URI: [http://ip-172-31-19-100:54342/]
[rospy.impl.masterslave][INFO] 2017-06-10 20:53:34,251: _ready: http://ip-172-31-19-100:54342/
[xmlrpc][INFO] 2017-06-10 20:53:34,260: xml rpc node: starting XML-RPC server
[rospy.registration][INFO] 2017-06-10 20:53:34,260: Registering with master node http://localhost:54111
[rospy.init][INFO] 2017-06-10 20:53:34,355: registered with master
[rospy.rosout][INFO] 2017-06-10 20:53:34,359: initializing /rosout core topic
[rospy.rosout][INFO] 2017-06-10 20:53:34,370: connected to core topic /rosout
[rospy.simtime][INFO] 2017-06-10 20:53:34,375: /use_sim_time is not set, will not subscribe to simulated time [/clock] topic
[rosout][INFO] 2017-06-10 20:53:34,402: Rosbridge WebSocket server started on port 37990
[rospy.internal][INFO] 2017-06-10 20:53:34,612: topic[/rosout] adding connection to [/rosout], count 0
[rosout][INFO] 2017-06-10 20:55:42,842: Client connected.  1 clients total.
[rosout][INFO] 2017-06-10 20:55:43,009: [Client 0] Subscribed to /tf2_web_republisher/feedback
[rospy.internal][INFO] 2017-06-10 20:55:43,027: topic[/tf2_web_republisher/feedback] adding connection to [http://ip-172-31-19-100:55911/], count 0
[rosout][INFO] 2017-06-10 20:55:43,231: [Client 0] Subscribed to /visualization_marker_array
[rospy.internal][INFO] 2017-06-10 20:55:43,235: topic[/tf2_web_republisher/goal] adding connection to [/tf2_web_republisher], count 0
[rospy.internal][INFO] 2017-06-10 20:55:43,240: topic[/tf2_web_republisher/cancel] adding connection to [/tf2_web_republisher], count 0
[rospy.internal][INFO] 2017-06-10 20:55:43,243: topic[/visualization_marker_array] adding connection to [http://ip-172-31-19-100:51018/], count 0
[rosout][INFO] 2017-06-10 20:55:43,244: [Client 0] Subscribed to /control_markers/tunneled/update
[rospy.internal][INFO] 2017-06-10 20:55:43,250: topic[/control_markers/tunneled/update] adding connection to [http://ip-172-31-19-100:53279/], count 0
[rosout][INFO] 2017-06-10 20:55:43,363: [Client 0] Subscribed to /tf2_web_republisher/feedback
[rosout][INFO] 2017-06-10 20:55:43,369: [Client 0] Subscribed to /tf2_web_republisher/feedback
[rosout][INFO] 2017-06-10 20:55:43,375: [Client 0] Subscribed to /tf2_web_republisher/feedback
[rospy.internal][INFO] 2017-06-10 20:55:43,377: topic[/control_markers/feedback] adding connection to [/marker_control_11493_1497153217519], count 0
[rosout][INFO] 2017-06-10 20:55:43,393: [Client 0] Subscribed to /tf2_web_republisher/feedback
[rosout][INFO] 2017-06-10 20:55:43,398: [Client 0] Subscribed to /tf2_web_republisher/feedback
[rosout][INFO] 2017-06-10 20:55:43,402: [Client 0] Subscribed to /tf2_web_republisher/feedback
[rosout][INFO] 2017-06-10 20:55:43,407: [Client 0] Subscribed to /tf2_web_republisher/feedback
[rospy.internal][INFO] 2017-06-10 20:58:49,710: topic impl's ref count is zero, deleting topic /tf2_web_republisher/cancel...
[rospy.internal][INFO] 2017-06-10 20:58:49,710: topic[/tf2_web_republisher/cancel] removing connection to /tf2_web_republisher
[rospy.internal][INFO] 2017-06-10 20:58:49,715: topic impl's ref count is zero, deleting topic /tf2_web_republisher/goal...
[rospy.internal][INFO] 2017-06-10 20:58:49,719: topic[/tf2_web_republisher/goal] removing connection to /tf2_web_republisher
[rospy.internal][INFO] 2017-06-10 20:58:49,735: topic impl's ref count is zero, deleting topic /control_markers/feedback...
[rospy.internal][INFO] 2017-06-10 20:58:49,739: topic[/control_markers/feedback] removing connection to /marker_control_11493_1497153217519
[rospy.internal][INFO] 2017-06-10 20:58:49,747: topic impl's ref count is zero, deleting topic /control_markers/tunneled/update...
[rospy.internal][INFO] 2017-06-10 20:58:49,751: topic[/control_markers/tunneled/update] removing connection to http://ip-172-31-19-100:53279/
[rospy.internal][INFO] 2017-06-10 20:58:49,759: topic impl's ref count is zero, deleting topic /tf2_web_republisher/feedback...
[rospy.internal][INFO] 2017-06-10 20:58:49,763: topic[/tf2_web_republisher/feedback] removing connection to http://ip-172-31-19-100:55911/
[rospy.internal][INFO] 2017-06-10 20:58:49,771: topic impl's ref count is zero, deleting topic /visualization_marker_array...
[rospy.internal][INFO] 2017-06-10 20:58:49,774: topic[/visualization_marker_array] removing connection to http://ip-172-31-19-100:51018/
[rosout][INFO] 2017-06-10 20:58:49,782: Client disconnected. 0 clients total.
