[roslaunch][INFO] 2017-06-10 20:53:30,985: Checking log directory for disk usage. This may take awhile.
Press Ctrl-C to interrupt
[roslaunch][INFO] 2017-06-10 20:53:31,085: Done checking log file disk usage. Usage is <1GB.
[roslaunch][INFO] 2017-06-10 20:53:31,085: roslaunch starting with args ['roscore', '--core', '-p', '54111']
[roslaunch][INFO] 2017-06-10 20:53:31,090: roslaunch env is {'ROS_DISTRO': 'indigo', 'ASNLIB': '/home/ccc_v1_s54106__48606/asn13529_Project_5/asn13530_Project_4/asnlib', 'LIB': '/home/ccc_v1_s54106__48606/lib', 'PKG_CONFIG_PATH': '/opt/ros/indigo/lib/pkgconfig:/opt/ros/indigo/lib/x86_64-linux-gnu/pkgconfig', 'SSH_CLIENT': '172.31.7.153 58880 22', 'CPATH': '/opt/ros/indigo/include', 'LOGNAME': 'ccc_v1_w_dd4cc_18220', 'USER': 'ccc_v1_w_dd4cc_18220', 'ROS_NODE_PORT': '54111', 'HOME': '/home/ccc_v1_w_dd4cc_18220/asn13529_Project_5/asn13530_Project_4/work', 'PATH': '/opt/ros/indigo/bin:/usr/local/sbin:/usr/local/bin:/usr/sbin:/usr/bin:/sbin:/bin:/usr/games:/usr/local/games:/home/local/bin:/home/ccc_v1_s54106__48606/lib:/home/ccc_v1_s54106__48606/asn13529_Project_5/asn13530_Project_4/asnlib:/home/vlibs:.', 'CMAKE_PREFIX_PATH': '/opt/ros/indigo', 'LD_LIBRARY_PATH': '/opt/ros/indigo/lib:/opt/ros/indigo/lib/x86_64-linux-gnu:/home/ccc_v1_s54106__48606/lib:/home/ccc_v1_s54106__48606/asn13529_Project_5/asn13530_Project_4/asnlib:/home/vlibs', 'LANG': 'en_US.UTF-8', 'TERM': 'xterm-256color', 'SHELL': '/bin/bash', 'HISTFILE': '/home/ccc_v1_w_dd4cc_18220/.bash_history', 'SHLVL': '2', 'VOC_WORKAREA': '/home/ccc_v1_w_dd4cc_18220/asn13529_Project_5/asn13530_Project_4/work', 'ROS_LOG_FILENAME': '/home/ccc_v1_w_dd4cc_18220/asn13529_Project_5/asn13530_Project_4/work/.ros/log/889d81cc-4e59-11e7-a82e-06f360e4abc1/roslaunch-ip-172-31-19-100-11186.log', 'PART1': '/home/ccc_v1_s54106__48606/asn13529_Project_5/asn13530_Project_4', 'ROS_ETC_DIR': '/opt/ros/indigo/etc/ros', 'XDG_RUNTIME_DIR': '/run/user/18220', 'PYTHONPATH': '/opt/ros/indigo/lib/python2.7/dist-packages:/home/vlibs/python', 'VOC_PROXY_WRAPPER_PORT': '5100', 'VOC_XFER_TOKEN': '3377617644354243542135300593cbea6e81d34.07244510', 'ROS_ROOT': '/opt/ros/indigo/share/ros', 'OLD_HOME': '/home/ccc_v1_w_dd4cc_18220', 'VOC_PROXY_TOKEN': '576443243542435421353001593cbea6f0b396.29157944', 'ROS_PACKAGE_PATH': '/opt/ros/indigo/share:/opt/ros/indigo/stacks', 'XDG_SESSION_ID': '324085', '_': '/usr/bin/stdbuf', 'LD_PRELOAD': '/usr/lib/coreutils/libstdbuf.so', '_STDBUF_O': 'L', 'SSH_TTY': '/dev/pts/13', 'OLDPWD': '/home/ccc_v1_w_dd4cc_18220', 'ROSLISP_PACKAGE_DIRECTORIES': '', 'VLIB': '/home/vlibs', 'PWD': '/home/ccc_v1_w_dd4cc_18220/asn13529_Project_5/asn13530_Project_4/work', 'VOC_PROXY_ID': '43542_43542_13530_0_1', 'ROS_MASTER_URI': 'http://localhost:54111', 'MAIL': '/var/mail/ccc_v1_w_dd4cc_18220', 'SSH_CONNECTION': '172.31.7.153 58880 172.31.19.100 22'}
[roslaunch][INFO] 2017-06-10 20:53:31,094: starting in server mode
[roslaunch.parent][INFO] 2017-06-10 20:53:31,098: starting roslaunch parent run
[roslaunch][INFO] 2017-06-10 20:53:31,102: loading roscore config file /opt/ros/indigo/etc/ros/roscore.xml
[roslaunch][INFO] 2017-06-10 20:53:31,233: Added core node of type [rosout/rosout] in namespace [/]
[roslaunch.pmon][INFO] 2017-06-10 20:53:31,234: start_process_monitor: creating ProcessMonitor
[roslaunch.pmon][INFO] 2017-06-10 20:53:31,238: created process monitor <ProcessMonitor(ProcessMonitor-1, initial daemon)>
[roslaunch.pmon][INFO] 2017-06-10 20:53:31,242: start_process_monitor: ProcessMonitor started
[roslaunch.parent][INFO] 2017-06-10 20:53:31,245: starting parent XML-RPC server
[roslaunch.server][INFO] 2017-06-10 20:53:31,249: starting roslaunch XML-RPC server
[roslaunch.server][INFO] 2017-06-10 20:53:31,253: waiting for roslaunch XML-RPC server to initialize
[xmlrpc][INFO] 2017-06-10 20:53:31,254: XML-RPC server binding to 0.0.0.0:0
[xmlrpc][INFO] 2017-06-10 20:53:31,268: Started XML-RPC server [http://ip-172-31-19-100:51164/]
[xmlrpc][INFO] 2017-06-10 20:53:31,273: xml rpc node: starting XML-RPC server
[roslaunch][INFO] 2017-06-10 20:53:31,282: started roslaunch server http://ip-172-31-19-100:51164/
[roslaunch.parent][INFO] 2017-06-10 20:53:31,286: ... parent XML-RPC server started
[roslaunch][INFO] 2017-06-10 20:53:31,291: master.is_running[http://ip-172-31-19-100:54111/]
[roslaunch][INFO] 2017-06-10 20:53:31,296: auto-starting new master
[roslaunch][INFO] 2017-06-10 20:53:31,299: create_master_process: rosmaster, /opt/ros/indigo/share/ros, 54111, 3, None
[roslaunch][INFO] 2017-06-10 20:53:31,306: process[master]: launching with args [['rosmaster', '--core', '-p', '54111', '-w', '3']]
[roslaunch.pmon][INFO] 2017-06-10 20:53:31,309: ProcessMonitor.register[master]
[roslaunch.pmon][INFO] 2017-06-10 20:53:31,314: ProcessMonitor.register[master] complete
[roslaunch][INFO] 2017-06-10 20:53:31,317: process[master]: starting os process
[roslaunch][INFO] 2017-06-10 20:53:31,321: process[master]: start w/ args [['rosmaster', '--core', '-p', '54111', '-w', '3', '__log:=/home/ccc_v1_w_dd4cc_18220/asn13529_Project_5/asn13530_Project_4/work/.ros/log/889d81cc-4e59-11e7-a82e-06f360e4abc1/master.log']]
[roslaunch][INFO] 2017-06-10 20:53:31,325: process[master]: cwd will be [/home/ccc_v1_w_dd4cc_18220/asn13529_Project_5/asn13530_Project_4/work/.ros]
[roslaunch][INFO] 2017-06-10 20:53:31,334: process[master]: started with pid [11202]
[roslaunch][INFO] 2017-06-10 20:53:31,335: master.is_running[http://ip-172-31-19-100:54111/]
[roslaunch][INFO] 2017-06-10 20:53:31,440: master.is_running[http://ip-172-31-19-100:54111/]
[roslaunch][INFO] 2017-06-10 20:53:31,545: master.is_running[http://ip-172-31-19-100:54111/]
[roslaunch][INFO] 2017-06-10 20:53:31,551: master.is_running[http://ip-172-31-19-100:54111/]
[roslaunch][INFO] 2017-06-10 20:53:31,556: ROS_MASTER_URI=http://ip-172-31-19-100:54111/
[roslaunch][INFO] 2017-06-10 20:53:31,561: setting /run_id to 889d81cc-4e59-11e7-a82e-06f360e4abc1
[roslaunch][INFO] 2017-06-10 20:53:31,569: setting /roslaunch/uris/host_ip_172_31_19_100__51164' to http://ip-172-31-19-100:51164/
[roslaunch][INFO] 2017-06-10 20:53:31,579: ... preparing to launch node of type [rosout/rosout]
[roslaunch][INFO] 2017-06-10 20:53:31,587: create_node_process: package[rosout] type[rosout] machine[Machine(name[] env_loader[None] address[localhost] ssh_port[22] user[None] assignable[True] timeout[10.0])] master_uri[http://ip-172-31-19-100:54111/]
[roslaunch][INFO] 2017-06-10 20:53:31,591: process[rosout-1]: env[{'ROS_DISTRO': 'indigo', 'ASNLIB': '/home/ccc_v1_s54106__48606/asn13529_Project_5/asn13530_Project_4/asnlib', 'LIB': '/home/ccc_v1_s54106__48606/lib', 'VOC_PROXY_TOKEN': '576443243542435421353001593cbea6f0b396.29157944', 'SSH_CLIENT': '172.31.7.153 58880 22', 'CPATH': '/opt/ros/indigo/include', 'LOGNAME': 'ccc_v1_w_dd4cc_18220', 'USER': 'ccc_v1_w_dd4cc_18220', 'ROS_NODE_PORT': '54111', 'HOME': '/home/ccc_v1_w_dd4cc_18220/asn13529_Project_5/asn13530_Project_4/work', 'PATH': '/opt/ros/indigo/bin:/usr/local/sbin:/usr/local/bin:/usr/sbin:/usr/bin:/sbin:/bin:/usr/games:/usr/local/games:/home/local/bin:/home/ccc_v1_s54106__48606/lib:/home/ccc_v1_s54106__48606/asn13529_Project_5/asn13530_Project_4/asnlib:/home/vlibs:.', 'CMAKE_PREFIX_PATH': '/opt/ros/indigo', 'ROS_LOG_FILENAME': '/home/ccc_v1_w_dd4cc_18220/asn13529_Project_5/asn13530_Project_4/work/.ros/log/889d81cc-4e59-11e7-a82e-06f360e4abc1/roslaunch-ip-172-31-19-100-11186.log', 'LANG': 'en_US.UTF-8', 'TERM': 'xterm-256color', 'SHELL': '/bin/bash', 'HISTFILE': '/home/ccc_v1_w_dd4cc_18220/.bash_history', 'SHLVL': '2', 'VOC_WORKAREA': '/home/ccc_v1_w_dd4cc_18220/asn13529_Project_5/asn13530_Project_4/work', 'LD_LIBRARY_PATH': '/opt/ros/indigo/lib:/opt/ros/indigo/lib/x86_64-linux-gnu:/home/ccc_v1_s54106__48606/lib:/home/ccc_v1_s54106__48606/asn13529_Project_5/asn13530_Project_4/asnlib:/home/vlibs', 'PART1': '/home/ccc_v1_s54106__48606/asn13529_Project_5/asn13530_Project_4', 'ROS_MASTER_URI': 'http://ip-172-31-19-100:54111/', 'XDG_RUNTIME_DIR': '/run/user/18220', 'PYTHONPATH': '/opt/ros/indigo/lib/python2.7/dist-packages:/home/vlibs/python', 'VOC_PROXY_WRAPPER_PORT': '5100', 'VOC_XFER_TOKEN': '3377617644354243542135300593cbea6e81d34.07244510', 'ROS_ROOT': '/opt/ros/indigo/share/ros', 'OLD_HOME': '/home/ccc_v1_w_dd4cc_18220', 'PKG_CONFIG_PATH': '/opt/ros/indigo/lib/pkgconfig:/opt/ros/indigo/lib/x86_64-linux-gnu/pkgconfig', 'ROS_PACKAGE_PATH': '/opt/ros/indigo/share:/opt/ros/indigo/stacks', 'XDG_SESSION_ID': '324085', '_': '/usr/bin/stdbuf', 'LD_PRELOAD': '/usr/lib/coreutils/libstdbuf.so', '_STDBUF_O': 'L', 'SSH_TTY': '/dev/pts/13', 'OLDPWD': '/home/ccc_v1_w_dd4cc_18220', 'ROSLISP_PACKAGE_DIRECTORIES': '', 'VLIB': '/home/vlibs', 'PWD': '/home/ccc_v1_w_dd4cc_18220/asn13529_Project_5/asn13530_Project_4/work', 'VOC_PROXY_ID': '43542_43542_13530_0_1', 'ROS_ETC_DIR': '/opt/ros/indigo/etc/ros', 'MAIL': '/var/mail/ccc_v1_w_dd4cc_18220', 'SSH_CONNECTION': '172.31.7.153 58880 172.31.19.100 22'}]
[roslaunch][INFO] 2017-06-10 20:53:31,628: process[rosout-1]: args[[u'/opt/ros/indigo/lib/rosout/rosout', u'__name:=rosout']]
[roslaunch][INFO] 2017-06-10 20:53:31,631: ... created process [rosout-1]
[roslaunch.pmon][INFO] 2017-06-10 20:53:31,635: ProcessMonitor.register[rosout-1]
[roslaunch.pmon][INFO] 2017-06-10 20:53:31,638: ProcessMonitor.register[rosout-1] complete
[roslaunch][INFO] 2017-06-10 20:53:31,641: ... registered process [rosout-1]
[roslaunch][INFO] 2017-06-10 20:53:31,645: process[rosout-1]: starting os process
[roslaunch][INFO] 2017-06-10 20:53:31,650: process[rosout-1]: start w/ args [[u'/opt/ros/indigo/lib/rosout/rosout', u'__name:=rosout', u'__log:=/home/ccc_v1_w_dd4cc_18220/asn13529_Project_5/asn13530_Project_4/work/.ros/log/889d81cc-4e59-11e7-a82e-06f360e4abc1/rosout-1.log']]
[roslaunch][INFO] 2017-06-10 20:53:31,654: process[rosout-1]: cwd will be [/home/ccc_v1_w_dd4cc_18220/asn13529_Project_5/asn13530_Project_4/work/.ros]
[roslaunch][INFO] 2017-06-10 20:53:31,663: process[rosout-1]: started with pid [11215]
[roslaunch][INFO] 2017-06-10 20:53:31,664: ... successfully launched [rosout-1]
[roslaunch][INFO] 2017-06-10 20:53:31,669: load_parameters starting ...
[roslaunch][INFO] 2017-06-10 20:53:31,683: ... load_parameters complete
[roslaunch][INFO] 2017-06-10 20:53:31,687: launch_nodes: launching local nodes ...
[roslaunch][INFO] 2017-06-10 20:53:31,690: ... launch_nodes complete
[roslaunch.pmon][INFO] 2017-06-10 20:53:31,694: registrations completed <ProcessMonitor(ProcessMonitor-1, started daemon 139733079590656)>
[roslaunch.parent][INFO] 2017-06-10 20:53:31,697: ... roslaunch parent running, waiting for process exit
[roslaunch][INFO] 2017-06-10 20:53:31,701: spin
