[rospy.client][INFO] 2017-06-09 18:37:24,205: init_node, name[/rosbridge_websocket], pid[21503]
[xmlrpc][INFO] 2017-06-09 18:37:24,206: XML-RPC server binding to 0.0.0.0:0
[xmlrpc][INFO] 2017-06-09 18:37:24,210: Started XML-RPC server [http://ip-172-31-26-229:50245/]
[rospy.init][INFO] 2017-06-09 18:37:24,210: ROS Slave URI: [http://ip-172-31-26-229:50245/]
[rospy.impl.masterslave][INFO] 2017-06-09 18:37:24,213: _ready: http://ip-172-31-26-229:50245/
[xmlrpc][INFO] 2017-06-09 18:37:24,221: xml rpc node: starting XML-RPC server
[rospy.registration][INFO] 2017-06-09 18:37:24,221: Registering with master node http://localhost:42174
[rospy.init][INFO] 2017-06-09 18:37:24,318: registered with master
[rospy.rosout][INFO] 2017-06-09 18:37:24,321: initializing /rosout core topic
[rospy.rosout][INFO] 2017-06-09 18:37:24,336: connected to core topic /rosout
[rospy.simtime][INFO] 2017-06-09 18:37:24,340: /use_sim_time is not set, will not subscribe to simulated time [/clock] topic
[rosout][INFO] 2017-06-09 18:37:24,390: Rosbridge WebSocket server started on port 42287
[rospy.internal][INFO] 2017-06-09 18:37:24,570: topic[/rosout] adding connection to [/rosout], count 0
[rosout][INFO] 2017-06-09 18:37:33,146: Client connected.  1 clients total.
[rosout][INFO] 2017-06-09 18:37:33,289: [Client 0] Subscribed to /tf2_web_republisher/feedback
[rospy.internal][INFO] 2017-06-09 18:37:33,302: topic[/tf2_web_republisher/feedback] adding connection to [http://ip-172-31-26-229:52353/], count 0
[rosout][INFO] 2017-06-09 18:37:33,313: [Client 0] Subscribed to /visualization_marker_array
[rospy.internal][INFO] 2017-06-09 18:37:33,324: topic[/visualization_marker_array] adding connection to [http://ip-172-31-26-229:58570/], count 0
[rosout][INFO] 2017-06-09 18:37:33,330: [Client 0] Subscribed to /control_markers/tunneled/update
[rospy.internal][INFO] 2017-06-09 18:37:33,332: topic[/control_markers/tunneled/update] adding connection to [http://ip-172-31-26-229:40906/], count 0
[rospy.internal][INFO] 2017-06-09 18:37:33,426: topic[/tf2_web_republisher/goal] adding connection to [/tf2_web_republisher], count 0
[rosout][INFO] 2017-06-09 18:37:33,447: [Client 0] Subscribed to /tf2_web_republisher/feedback
[rosout][INFO] 2017-06-09 18:37:33,463: [Client 0] Subscribed to /tf2_web_republisher/feedback
[rosout][INFO] 2017-06-09 18:37:33,468: [Client 0] Subscribed to /tf2_web_republisher/feedback
[rosout][INFO] 2017-06-09 18:37:33,472: [Client 0] Subscribed to /tf2_web_republisher/feedback
[rospy.internal][INFO] 2017-06-09 18:37:33,476: topic[/control_markers/feedback] adding connection to [/marker_control_21688_1497058647312], count 0
[rosout][INFO] 2017-06-09 18:37:33,477: [Client 0] Subscribed to /tf2_web_republisher/feedback
[rosout][INFO] 2017-06-09 18:37:33,484: [Client 0] Subscribed to /tf2_web_republisher/feedback
[rosout][INFO] 2017-06-09 18:37:33,489: [Client 0] Subscribed to /tf2_web_republisher/feedback
[rospy.internal][INFO] 2017-06-09 18:37:33,526: topic[/tf2_web_republisher/cancel] adding connection to [/tf2_web_republisher], count 0
[rospy.internal][INFO] 2017-06-09 18:41:37,651: topic impl's ref count is zero, deleting topic /tf2_web_republisher/cancel...
[rospy.internal][INFO] 2017-06-09 18:41:37,652: topic[/tf2_web_republisher/cancel] removing connection to /tf2_web_republisher
[rospy.internal][INFO] 2017-06-09 18:41:37,657: topic impl's ref count is zero, deleting topic /tf2_web_republisher/goal...
[rospy.internal][INFO] 2017-06-09 18:41:37,661: topic[/tf2_web_republisher/goal] removing connection to /tf2_web_republisher
[rospy.internal][INFO] 2017-06-09 18:41:37,669: topic impl's ref count is zero, deleting topic /control_markers/feedback...
[rospy.internal][INFO] 2017-06-09 18:41:37,673: topic[/control_markers/feedback] removing connection to /marker_control_21688_1497058647312
[rosout][WARNING] 2017-06-09 18:41:37,673: Could not process inbound connection: Internal error processing topic [/control_markers/feedback]{'message_definition': "# Time/frame info.\nHeader header\n\n# Identifying string. Must be unique in the topic namespace.\nstring client_id\n\n# Feedback message sent back from the GUI, e.g.\n# when the status of an interactive marker was modified by the user.\n\n# Specifies which interactive marker and control this message refers to\nstring marker_name\nstring control_name\n\n# Type of the event\n# KEEP_ALIVE: sent while dragging to keep up control of the marker\n# MENU_SELECT: a menu entry has been selected\n# BUTTON_CLICK: a button control has been clicked\n# POSE_UPDATE: the pose has been changed using one of the controls\nuint8 KEEP_ALIVE = 0\nuint8 POSE_UPDATE = 1\nuint8 MENU_SELECT = 2\nuint8 BUTTON_CLICK = 3\n\nuint8 MOUSE_DOWN = 4\nuint8 MOUSE_UP = 5\n\nuint8 event_type\n\n# Current pose of the marker\n# Note: Has to be valid for all feedback types.\ngeometry_msgs/Pose pose\n\n# Contains the ID of the selected menu entry\n# Only valid for MENU_SELECT events.\nuint32 menu_entry_id\n\n# If event_type is BUTTON_CLICK, MOUSE_DOWN, or MOUSE_UP, mouse_point\n# may contain the 3 dimensional position of the event on the\n# control.  If it does, mouse_point_valid will be true.  mouse_point\n# will be relative to the frame listed in the header.\ngeometry_msgs/Point mouse_point\nbool mouse_point_valid\n\n================================================================================\nMSG: std_msgs/Header\n# Standard metadata for higher-level stamped data types.\n# This is generally used to communicate timestamped data \n# in a particular coordinate frame.\n# \n# sequence ID: consecutively increasing ID \nuint32 seq\n#Two-integer timestamp that is expressed as:\n# * stamp.sec: seconds (stamp_secs) since epoch (in Python the variable is called 'secs')\n# * stamp.nsec: nanoseconds since stamp_secs (in Python the variable is called 'nsecs')\n# time-handling sugar is provided by the client library\ntime stamp\n#Frame this data is associated with\n# 0: no frame\n# 1: global frame\nstring frame_id\n\n================================================================================\nMSG: geometry_msgs/Pose\n# A representation of pose in free space, composed of postion and orientation. \nPoint position\nQuaternion orientation\n\n================================================================================\nMSG: geometry_msgs/Point\n# This contains the position of a point in free space\nfloat64 x\nfloat64 y\nfloat64 z\n\n================================================================================\nMSG: geometry_msgs/Quaternion\n# This represents an orientation in free space in quaternion form.\n\nfloat64 x\nfloat64 y\nfloat64 z\nfloat64 w\n", 'callerid': '/marker_control_21688_1497058647312', 'tcp_nodelay': '0', 'md5sum': 'ab0f1eee058667e28c19ff3ffc3f4b78', 'topic': '/control_markers/feedback', 'type': 'visualization_msgs/InteractiveMarkerFeedback'}
[rospy.internal][INFO] 2017-06-09 18:41:37,682: topic impl's ref count is zero, deleting topic /control_markers/tunneled/update...
[rospy.internal][INFO] 2017-06-09 18:41:37,685: topic[/control_markers/tunneled/update] removing connection to http://ip-172-31-26-229:40906/
[rospy.internal][INFO] 2017-06-09 18:41:37,694: topic impl's ref count is zero, deleting topic /tf2_web_republisher/feedback...
[rospy.internal][INFO] 2017-06-09 18:41:37,697: topic[/tf2_web_republisher/feedback] removing connection to http://ip-172-31-26-229:52353/
[rospy.internal][INFO] 2017-06-09 18:41:37,713: topic impl's ref count is zero, deleting topic /visualization_marker_array...
[rospy.internal][INFO] 2017-06-09 18:41:37,716: topic[/visualization_marker_array] removing connection to http://ip-172-31-26-229:58570/
[rosout][INFO] 2017-06-09 18:41:37,725: Client disconnected. 0 clients total.
[rosout][WARNING] 2017-06-09 18:41:38,675: Could not process inbound connection: [/rosbridge_websocket] is not a publisher of [/control_markers/feedback]. Topics are [['/rosout', 'rosgraph_msgs/Log']]{'message_definition': "# Time/frame info.\nHeader header\n\n# Identifying string. Must be unique in the topic namespace.\nstring client_id\n\n# Feedback message sent back from the GUI, e.g.\n# when the status of an interactive marker was modified by the user.\n\n# Specifies which interactive marker and control this message refers to\nstring marker_name\nstring control_name\n\n# Type of the event\n# KEEP_ALIVE: sent while dragging to keep up control of the marker\n# MENU_SELECT: a menu entry has been selected\n# BUTTON_CLICK: a button control has been clicked\n# POSE_UPDATE: the pose has been changed using one of the controls\nuint8 KEEP_ALIVE = 0\nuint8 POSE_UPDATE = 1\nuint8 MENU_SELECT = 2\nuint8 BUTTON_CLICK = 3\n\nuint8 MOUSE_DOWN = 4\nuint8 MOUSE_UP = 5\n\nuint8 event_type\n\n# Current pose of the marker\n# Note: Has to be valid for all feedback types.\ngeometry_msgs/Pose pose\n\n# Contains the ID of the selected menu entry\n# Only valid for MENU_SELECT events.\nuint32 menu_entry_id\n\n# If event_type is BUTTON_CLICK, MOUSE_DOWN, or MOUSE_UP, mouse_point\n# may contain the 3 dimensional position of the event on the\n# control.  If it does, mouse_point_valid will be true.  mouse_point\n# will be relative to the frame listed in the header.\ngeometry_msgs/Point mouse_point\nbool mouse_point_valid\n\n================================================================================\nMSG: std_msgs/Header\n# Standard metadata for higher-level stamped data types.\n# This is generally used to communicate timestamped data \n# in a particular coordinate frame.\n# \n# sequence ID: consecutively increasing ID \nuint32 seq\n#Two-integer timestamp that is expressed as:\n# * stamp.sec: seconds (stamp_secs) since epoch (in Python the variable is called 'secs')\n# * stamp.nsec: nanoseconds since stamp_secs (in Python the variable is called 'nsecs')\n# time-handling sugar is provided by the client library\ntime stamp\n#Frame this data is associated with\n# 0: no frame\n# 1: global frame\nstring frame_id\n\n================================================================================\nMSG: geometry_msgs/Pose\n# A representation of pose in free space, composed of postion and orientation. \nPoint position\nQuaternion orientation\n\n================================================================================\nMSG: geometry_msgs/Point\n# This contains the position of a point in free space\nfloat64 x\nfloat64 y\nfloat64 z\n\n================================================================================\nMSG: geometry_msgs/Quaternion\n# This represents an orientation in free space in quaternion form.\n\nfloat64 x\nfloat64 y\nfloat64 z\nfloat64 w\n", 'callerid': '/marker_control_21688_1497058647312', 'tcp_nodelay': '0', 'md5sum': 'ab0f1eee058667e28c19ff3ffc3f4b78', 'topic': '/control_markers/feedback', 'type': 'visualization_msgs/InteractiveMarkerFeedback'}
