[roslaunch][INFO] 2017-06-09 18:37:23,378: Checking log directory for disk usage. This may take awhile.
Press Ctrl-C to interrupt
[roslaunch][INFO] 2017-06-09 18:37:23,409: Done checking log file disk usage. Usage is <1GB.
[roslaunch][INFO] 2017-06-09 18:37:23,409: roslaunch starting with args ['/opt/ros/indigo/bin/roslaunch', 'rosbridge_server', 'rosbridge_websocket.launch', 'port:=42287']
[roslaunch][INFO] 2017-06-09 18:37:23,413: roslaunch env is {'ROS_DISTRO': 'indigo', 'ASNLIB': '/home/ccc_v1_s54106__48606/asn13529_Project_5/asn13530_Project_4/asnlib', 'LIB': '/home/ccc_v1_s54106__48606/lib', 'PKG_CONFIG_PATH': '/opt/ros/indigo/lib/pkgconfig:/opt/ros/indigo/lib/x86_64-linux-gnu/pkgconfig', 'SSH_CLIENT': '172.31.7.153 58366 22', 'CPATH': '/opt/ros/indigo/include', 'LOGNAME': 'ccc_v1_w_dd4cc_18220', 'USER': 'ccc_v1_w_dd4cc_18220', 'ROS_NODE_PORT': '42174', 'HOME': '/home/ccc_v1_w_dd4cc_18220/asn13529_Project_5/asn13530_Project_4/work', 'PATH': '/opt/ros/indigo/bin:/usr/local/sbin:/usr/local/bin:/usr/sbin:/usr/bin:/sbin:/bin:/usr/games:/usr/local/games:/home/local/bin:/home/ccc_v1_s54106__48606/lib:/home/ccc_v1_s54106__48606/asn13529_Project_5/asn13530_Project_4/asnlib:/home/vlibs:.', 'CMAKE_PREFIX_PATH': '/opt/ros/indigo', 'LD_LIBRARY_PATH': '/opt/ros/indigo/lib:/opt/ros/indigo/lib/x86_64-linux-gnu:/home/ccc_v1_s54106__48606/lib:/home/ccc_v1_s54106__48606/asn13529_Project_5/asn13530_Project_4/asnlib:/home/vlibs', 'LANG': 'en_US.UTF-8', 'TERM': 'xterm-256color', 'SHELL': '/bin/bash', 'HISTFILE': '/home/ccc_v1_w_dd4cc_18220/.bash_history', 'SHLVL': '2', 'VOC_WORKAREA': '/home/ccc_v1_w_dd4cc_18220/asn13529_Project_5/asn13530_Project_4/work', 'ROS_LOG_FILENAME': '/home/ccc_v1_w_dd4cc_18220/asn13529_Project_5/asn13530_Project_4/work/.ros/log/58a6ebca-4d7d-11e7-83b4-06b0869cc04d/roslaunch-ip-172-31-26-229-21485.log', 'PART1': '/home/ccc_v1_s54106__48606/asn13529_Project_5/asn13530_Project_4', 'ROS_ETC_DIR': '/opt/ros/indigo/etc/ros', 'XDG_RUNTIME_DIR': '/run/user/18220', 'PYTHONPATH': '/opt/ros/indigo/lib/python2.7/dist-packages:/home/vlibs/python', 'VOC_PROXY_WRAPPER_PORT': '5100', 'VOC_XFER_TOKEN': '9970410174354243542135300593b4d4666cd47.83196170', 'ROS_ROOT': '/opt/ros/indigo/share/ros', 'OLD_HOME': '/home/ccc_v1_w_dd4cc_18220', 'VOC_PROXY_TOKEN': '157789543243542435421353001593b4d467155f7.19060107', 'ROS_PACKAGE_PATH': '/opt/ros/indigo/share:/opt/ros/indigo/stacks', 'XDG_SESSION_ID': '316424', '_': '/usr/bin/stdbuf', 'LD_PRELOAD': '/usr/lib/coreutils/libstdbuf.so', '_STDBUF_O': 'L', 'SSH_TTY': '/dev/pts/3', 'OLDPWD': '/home/ccc_v1_w_dd4cc_18220', 'ROSLISP_PACKAGE_DIRECTORIES': '', 'VLIB': '/home/vlibs', 'PWD': '/home/ccc_v1_w_dd4cc_18220/asn13529_Project_5/asn13530_Project_4/work', 'VOC_PROXY_ID': '43542_43542_13530_0_1', 'ROS_MASTER_URI': 'http://localhost:42174', 'MAIL': '/var/mail/ccc_v1_w_dd4cc_18220', 'SSH_CONNECTION': '172.31.7.153 58366 172.31.26.229 22'}
[roslaunch][INFO] 2017-06-09 18:37:23,416: starting in server mode
[roslaunch.parent][INFO] 2017-06-09 18:37:23,420: starting roslaunch parent run
[roslaunch][INFO] 2017-06-09 18:37:23,423: loading roscore config file /opt/ros/indigo/etc/ros/roscore.xml
[roslaunch][INFO] 2017-06-09 18:37:23,545: Added core node of type [rosout/rosout] in namespace [/]
[roslaunch.config][INFO] 2017-06-09 18:37:23,546: loading config file /opt/ros/indigo/share/rosbridge_server/launch/rosbridge_websocket.launch
[roslaunch][INFO] 2017-06-09 18:37:23,553: Added node of type [rosbridge_server/rosbridge_websocket] in namespace [/]
[roslaunch][INFO] 2017-06-09 18:37:23,557: Added node of type [rosapi/rosapi_node] in namespace [/]
[roslaunch][INFO] 2017-06-09 18:37:23,560: ... selected machine [] for node of type [rosbridge_server/rosbridge_websocket]
[roslaunch][INFO] 2017-06-09 18:37:23,563: ... selected machine [] for node of type [rosapi/rosapi_node]
[roslaunch.pmon][INFO] 2017-06-09 18:37:23,568: start_process_monitor: creating ProcessMonitor
[roslaunch.pmon][INFO] 2017-06-09 18:37:23,571: created process monitor <ProcessMonitor(ProcessMonitor-1, initial daemon)>
[roslaunch.pmon][INFO] 2017-06-09 18:37:23,575: start_process_monitor: ProcessMonitor started
[roslaunch.parent][INFO] 2017-06-09 18:37:23,578: starting parent XML-RPC server
[roslaunch.server][INFO] 2017-06-09 18:37:23,582: starting roslaunch XML-RPC server
[roslaunch.server][INFO] 2017-06-09 18:37:23,586: waiting for roslaunch XML-RPC server to initialize
[xmlrpc][INFO] 2017-06-09 18:37:23,586: XML-RPC server binding to 0.0.0.0:0
[xmlrpc][INFO] 2017-06-09 18:37:23,593: Started XML-RPC server [http://ip-172-31-26-229:54678/]
[xmlrpc][INFO] 2017-06-09 18:37:23,596: xml rpc node: starting XML-RPC server
[roslaunch][INFO] 2017-06-09 18:37:23,604: started roslaunch server http://ip-172-31-26-229:54678/
[roslaunch.parent][INFO] 2017-06-09 18:37:23,608: ... parent XML-RPC server started
[roslaunch][INFO] 2017-06-09 18:37:23,611: master.is_running[http://localhost:42174]
[roslaunch][INFO] 2017-06-09 18:37:23,616: master.is_running[http://localhost:42174]
[roslaunch][INFO] 2017-06-09 18:37:23,620: ROS_MASTER_URI=http://localhost:42174
[roslaunch][INFO] 2017-06-09 18:37:23,625: setting /roslaunch/uris/host_ip_172_31_26_229__54678' to http://ip-172-31-26-229:54678/
[roslaunch][INFO] 2017-06-09 18:37:23,630: load_parameters starting ...
[roslaunch][INFO] 2017-06-09 18:37:23,668: ... load_parameters complete
[roslaunch][INFO] 2017-06-09 18:37:23,671: launch_nodes: launching local nodes ...
[roslaunch][INFO] 2017-06-09 18:37:23,676: ... preparing to launch node of type [rosbridge_server/rosbridge_websocket]
[roslaunch][INFO] 2017-06-09 18:37:23,679: create_node_process: package[rosbridge_server] type[rosbridge_websocket] machine[Machine(name[] env_loader[None] address[localhost] ssh_port[22] user[None] assignable[True] timeout[10.0])] master_uri[http://localhost:42174]
[roslaunch][INFO] 2017-06-09 18:37:23,682: process[rosbridge_websocket-1]: env[{'ROS_DISTRO': 'indigo', 'ASNLIB': '/home/ccc_v1_s54106__48606/asn13529_Project_5/asn13530_Project_4/asnlib', 'LIB': '/home/ccc_v1_s54106__48606/lib', 'VOC_PROXY_TOKEN': '157789543243542435421353001593b4d467155f7.19060107', 'SSH_CLIENT': '172.31.7.153 58366 22', 'CPATH': '/opt/ros/indigo/include', 'LOGNAME': 'ccc_v1_w_dd4cc_18220', 'USER': 'ccc_v1_w_dd4cc_18220', 'ROS_NODE_PORT': '42174', 'HOME': '/home/ccc_v1_w_dd4cc_18220/asn13529_Project_5/asn13530_Project_4/work', 'PATH': '/opt/ros/indigo/bin:/usr/local/sbin:/usr/local/bin:/usr/sbin:/usr/bin:/sbin:/bin:/usr/games:/usr/local/games:/home/local/bin:/home/ccc_v1_s54106__48606/lib:/home/ccc_v1_s54106__48606/asn13529_Project_5/asn13530_Project_4/asnlib:/home/vlibs:.', 'CMAKE_PREFIX_PATH': '/opt/ros/indigo', 'ROS_LOG_FILENAME': '/home/ccc_v1_w_dd4cc_18220/asn13529_Project_5/asn13530_Project_4/work/.ros/log/58a6ebca-4d7d-11e7-83b4-06b0869cc04d/roslaunch-ip-172-31-26-229-21485.log', 'LANG': 'en_US.UTF-8', 'TERM': 'xterm-256color', 'SHELL': '/bin/bash', 'HISTFILE': '/home/ccc_v1_w_dd4cc_18220/.bash_history', 'SHLVL': '2', 'VOC_WORKAREA': '/home/ccc_v1_w_dd4cc_18220/asn13529_Project_5/asn13530_Project_4/work', 'LD_LIBRARY_PATH': '/opt/ros/indigo/lib:/opt/ros/indigo/lib/x86_64-linux-gnu:/home/ccc_v1_s54106__48606/lib:/home/ccc_v1_s54106__48606/asn13529_Project_5/asn13530_Project_4/asnlib:/home/vlibs', 'PART1': '/home/ccc_v1_s54106__48606/asn13529_Project_5/asn13530_Project_4', 'ROS_MASTER_URI': 'http://localhost:42174', 'XDG_RUNTIME_DIR': '/run/user/18220', 'PYTHONPATH': '/opt/ros/indigo/lib/python2.7/dist-packages:/home/vlibs/python', 'VOC_PROXY_WRAPPER_PORT': '5100', 'VOC_XFER_TOKEN': '9970410174354243542135300593b4d4666cd47.83196170', 'ROS_ROOT': '/opt/ros/indigo/share/ros', 'OLD_HOME': '/home/ccc_v1_w_dd4cc_18220', 'PKG_CONFIG_PATH': '/opt/ros/indigo/lib/pkgconfig:/opt/ros/indigo/lib/x86_64-linux-gnu/pkgconfig', 'ROS_PACKAGE_PATH': '/opt/ros/indigo/share:/opt/ros/indigo/stacks', 'XDG_SESSION_ID': '316424', '_': '/usr/bin/stdbuf', 'LD_PRELOAD': '/usr/lib/coreutils/libstdbuf.so', '_STDBUF_O': 'L', 'SSH_TTY': '/dev/pts/3', 'OLDPWD': '/home/ccc_v1_w_dd4cc_18220', 'ROSLISP_PACKAGE_DIRECTORIES': '', 'VLIB': '/home/vlibs', 'PWD': '/home/ccc_v1_w_dd4cc_18220/asn13529_Project_5/asn13530_Project_4/work', 'VOC_PROXY_ID': '43542_43542_13530_0_1', 'ROS_ETC_DIR': '/opt/ros/indigo/etc/ros', 'MAIL': '/var/mail/ccc_v1_w_dd4cc_18220', 'SSH_CONNECTION': '172.31.7.153 58366 172.31.26.229 22'}]
[roslaunch][INFO] 2017-06-09 18:37:23,713: process[rosbridge_websocket-1]: args[[u'/opt/ros/indigo/lib/rosbridge_server/rosbridge_websocket', u'__name:=rosbridge_websocket']]
[roslaunch][INFO] 2017-06-09 18:37:23,717: ... created process [rosbridge_websocket-1]
[roslaunch.pmon][INFO] 2017-06-09 18:37:23,721: ProcessMonitor.register[rosbridge_websocket-1]
[roslaunch.pmon][INFO] 2017-06-09 18:37:23,724: ProcessMonitor.register[rosbridge_websocket-1] complete
[roslaunch][INFO] 2017-06-09 18:37:23,728: ... registered process [rosbridge_websocket-1]
[roslaunch][INFO] 2017-06-09 18:37:23,731: process[rosbridge_websocket-1]: starting os process
[roslaunch][INFO] 2017-06-09 18:37:23,735: process[rosbridge_websocket-1]: start w/ args [[u'/opt/ros/indigo/lib/rosbridge_server/rosbridge_websocket', u'__name:=rosbridge_websocket', u'__log:=/home/ccc_v1_w_dd4cc_18220/asn13529_Project_5/asn13530_Project_4/work/.ros/log/58a6ebca-4d7d-11e7-83b4-06b0869cc04d/rosbridge_websocket-1.log']]
[roslaunch][INFO] 2017-06-09 18:37:23,739: process[rosbridge_websocket-1]: cwd will be [/home/ccc_v1_w_dd4cc_18220/asn13529_Project_5/asn13530_Project_4/work/.ros]
[roslaunch][INFO] 2017-06-09 18:37:23,747: process[rosbridge_websocket-1]: started with pid [21503]
[roslaunch][INFO] 2017-06-09 18:37:23,748: ... successfully launched [rosbridge_websocket-1]
[roslaunch][INFO] 2017-06-09 18:37:23,752: ... preparing to launch node of type [rosapi/rosapi_node]
[roslaunch][INFO] 2017-06-09 18:37:23,763: create_node_process: package[rosapi] type[rosapi_node] machine[Machine(name[] env_loader[None] address[localhost] ssh_port[22] user[None] assignable[True] timeout[10.0])] master_uri[http://localhost:42174]
[roslaunch][INFO] 2017-06-09 18:37:23,766: process[rosapi-2]: env[{'ROS_DISTRO': 'indigo', 'ASNLIB': '/home/ccc_v1_s54106__48606/asn13529_Project_5/asn13530_Project_4/asnlib', 'LIB': '/home/ccc_v1_s54106__48606/lib', 'VOC_PROXY_TOKEN': '157789543243542435421353001593b4d467155f7.19060107', 'SSH_CLIENT': '172.31.7.153 58366 22', 'CPATH': '/opt/ros/indigo/include', 'LOGNAME': 'ccc_v1_w_dd4cc_18220', 'USER': 'ccc_v1_w_dd4cc_18220', 'ROS_NODE_PORT': '42174', 'HOME': '/home/ccc_v1_w_dd4cc_18220/asn13529_Project_5/asn13530_Project_4/work', 'PATH': '/opt/ros/indigo/bin:/usr/local/sbin:/usr/local/bin:/usr/sbin:/usr/bin:/sbin:/bin:/usr/games:/usr/local/games:/home/local/bin:/home/ccc_v1_s54106__48606/lib:/home/ccc_v1_s54106__48606/asn13529_Project_5/asn13530_Project_4/asnlib:/home/vlibs:.', 'CMAKE_PREFIX_PATH': '/opt/ros/indigo', 'ROS_LOG_FILENAME': '/home/ccc_v1_w_dd4cc_18220/asn13529_Project_5/asn13530_Project_4/work/.ros/log/58a6ebca-4d7d-11e7-83b4-06b0869cc04d/roslaunch-ip-172-31-26-229-21485.log', 'LANG': 'en_US.UTF-8', 'TERM': 'xterm-256color', 'SHELL': '/bin/bash', 'HISTFILE': '/home/ccc_v1_w_dd4cc_18220/.bash_history', 'SHLVL': '2', 'VOC_WORKAREA': '/home/ccc_v1_w_dd4cc_18220/asn13529_Project_5/asn13530_Project_4/work', 'LD_LIBRARY_PATH': '/opt/ros/indigo/lib:/opt/ros/indigo/lib/x86_64-linux-gnu:/home/ccc_v1_s54106__48606/lib:/home/ccc_v1_s54106__48606/asn13529_Project_5/asn13530_Project_4/asnlib:/home/vlibs', 'PART1': '/home/ccc_v1_s54106__48606/asn13529_Project_5/asn13530_Project_4', 'ROS_MASTER_URI': 'http://localhost:42174', 'XDG_RUNTIME_DIR': '/run/user/18220', 'PYTHONPATH': '/opt/ros/indigo/lib/python2.7/dist-packages:/home/vlibs/python', 'VOC_PROXY_WRAPPER_PORT': '5100', 'VOC_XFER_TOKEN': '9970410174354243542135300593b4d4666cd47.83196170', 'ROS_ROOT': '/opt/ros/indigo/share/ros', 'OLD_HOME': '/home/ccc_v1_w_dd4cc_18220', 'PKG_CONFIG_PATH': '/opt/ros/indigo/lib/pkgconfig:/opt/ros/indigo/lib/x86_64-linux-gnu/pkgconfig', 'ROS_PACKAGE_PATH': '/opt/ros/indigo/share:/opt/ros/indigo/stacks', 'XDG_SESSION_ID': '316424', '_': '/usr/bin/stdbuf', 'LD_PRELOAD': '/usr/lib/coreutils/libstdbuf.so', '_STDBUF_O': 'L', 'SSH_TTY': '/dev/pts/3', 'OLDPWD': '/home/ccc_v1_w_dd4cc_18220', 'ROSLISP_PACKAGE_DIRECTORIES': '', 'VLIB': '/home/vlibs', 'PWD': '/home/ccc_v1_w_dd4cc_18220/asn13529_Project_5/asn13530_Project_4/work', 'VOC_PROXY_ID': '43542_43542_13530_0_1', 'ROS_ETC_DIR': '/opt/ros/indigo/etc/ros', 'MAIL': '/var/mail/ccc_v1_w_dd4cc_18220', 'SSH_CONNECTION': '172.31.7.153 58366 172.31.26.229 22'}]
[roslaunch][INFO] 2017-06-09 18:37:23,770: process[rosapi-2]: args[[u'/opt/ros/indigo/lib/rosapi/rosapi_node', u'__name:=rosapi']]
[roslaunch][INFO] 2017-06-09 18:37:23,774: ... created process [rosapi-2]
[roslaunch.pmon][INFO] 2017-06-09 18:37:23,778: ProcessMonitor.register[rosapi-2]
[roslaunch.pmon][INFO] 2017-06-09 18:37:23,781: ProcessMonitor.register[rosapi-2] complete
[roslaunch][INFO] 2017-06-09 18:37:23,786: ... registered process [rosapi-2]
[roslaunch][INFO] 2017-06-09 18:37:23,789: process[rosapi-2]: starting os process
[roslaunch][INFO] 2017-06-09 18:37:23,795: process[rosapi-2]: start w/ args [[u'/opt/ros/indigo/lib/rosapi/rosapi_node', u'__name:=rosapi', u'__log:=/home/ccc_v1_w_dd4cc_18220/asn13529_Project_5/asn13530_Project_4/work/.ros/log/58a6ebca-4d7d-11e7-83b4-06b0869cc04d/rosapi-2.log']]
[roslaunch][INFO] 2017-06-09 18:37:23,798: process[rosapi-2]: cwd will be [/home/ccc_v1_w_dd4cc_18220/asn13529_Project_5/asn13530_Project_4/work/.ros]
[roslaunch][INFO] 2017-06-09 18:37:23,807: process[rosapi-2]: started with pid [21504]
[roslaunch][INFO] 2017-06-09 18:37:23,808: ... successfully launched [rosapi-2]
[roslaunch][INFO] 2017-06-09 18:37:23,812: ... launch_nodes complete
[roslaunch.pmon][INFO] 2017-06-09 18:37:23,815: registrations completed <ProcessMonitor(ProcessMonitor-1, started daemon 139906047911680)>
[roslaunch.parent][INFO] 2017-06-09 18:37:23,819: ... roslaunch parent running, waiting for process exit
[roslaunch][INFO] 2017-06-09 18:37:23,823: spin
