[roslaunch][INFO] 2017-06-09 18:37:21,217: Checking log directory for disk usage. This may take awhile.
Press Ctrl-C to interrupt
[roslaunch][INFO] 2017-06-09 18:37:21,238: Done checking log file disk usage. Usage is <1GB.
[roslaunch][INFO] 2017-06-09 18:37:21,238: roslaunch starting with args ['roscore', '--core', '-p', '42174']
[roslaunch][INFO] 2017-06-09 18:37:21,242: roslaunch env is {'ROS_DISTRO': 'indigo', 'ASNLIB': '/home/ccc_v1_s54106__48606/asn13529_Project_5/asn13530_Project_4/asnlib', 'LIB': '/home/ccc_v1_s54106__48606/lib', 'PKG_CONFIG_PATH': '/opt/ros/indigo/lib/pkgconfig:/opt/ros/indigo/lib/x86_64-linux-gnu/pkgconfig', 'SSH_CLIENT': '172.31.7.153 58366 22', 'CPATH': '/opt/ros/indigo/include', 'LOGNAME': 'ccc_v1_w_dd4cc_18220', 'USER': 'ccc_v1_w_dd4cc_18220', 'ROS_NODE_PORT': '42174', 'HOME': '/home/ccc_v1_w_dd4cc_18220/asn13529_Project_5/asn13530_Project_4/work', 'PATH': '/opt/ros/indigo/bin:/usr/local/sbin:/usr/local/bin:/usr/sbin:/usr/bin:/sbin:/bin:/usr/games:/usr/local/games:/home/local/bin:/home/ccc_v1_s54106__48606/lib:/home/ccc_v1_s54106__48606/asn13529_Project_5/asn13530_Project_4/asnlib:/home/vlibs:.', 'CMAKE_PREFIX_PATH': '/opt/ros/indigo', 'LD_LIBRARY_PATH': '/opt/ros/indigo/lib:/opt/ros/indigo/lib/x86_64-linux-gnu:/home/ccc_v1_s54106__48606/lib:/home/ccc_v1_s54106__48606/asn13529_Project_5/asn13530_Project_4/asnlib:/home/vlibs', 'LANG': 'en_US.UTF-8', 'TERM': 'xterm-256color', 'SHELL': '/bin/bash', 'HISTFILE': '/home/ccc_v1_w_dd4cc_18220/.bash_history', 'SHLVL': '2', 'VOC_WORKAREA': '/home/ccc_v1_w_dd4cc_18220/asn13529_Project_5/asn13530_Project_4/work', 'ROS_LOG_FILENAME': '/home/ccc_v1_w_dd4cc_18220/asn13529_Project_5/asn13530_Project_4/work/.ros/log/58a6ebca-4d7d-11e7-83b4-06b0869cc04d/roslaunch-ip-172-31-26-229-21379.log', 'PART1': '/home/ccc_v1_s54106__48606/asn13529_Project_5/asn13530_Project_4', 'ROS_ETC_DIR': '/opt/ros/indigo/etc/ros', 'XDG_RUNTIME_DIR': '/run/user/18220', 'PYTHONPATH': '/opt/ros/indigo/lib/python2.7/dist-packages:/home/vlibs/python', 'VOC_PROXY_WRAPPER_PORT': '5100', 'VOC_XFER_TOKEN': '9970410174354243542135300593b4d4666cd47.83196170', 'ROS_ROOT': '/opt/ros/indigo/share/ros', 'OLD_HOME': '/home/ccc_v1_w_dd4cc_18220', 'VOC_PROXY_TOKEN': '157789543243542435421353001593b4d467155f7.19060107', 'ROS_PACKAGE_PATH': '/opt/ros/indigo/share:/opt/ros/indigo/stacks', 'XDG_SESSION_ID': '316424', '_': '/usr/bin/stdbuf', 'LD_PRELOAD': '/usr/lib/coreutils/libstdbuf.so', '_STDBUF_O': 'L', 'SSH_TTY': '/dev/pts/3', 'OLDPWD': '/home/ccc_v1_w_dd4cc_18220', 'ROSLISP_PACKAGE_DIRECTORIES': '', 'VLIB': '/home/vlibs', 'PWD': '/home/ccc_v1_w_dd4cc_18220/asn13529_Project_5/asn13530_Project_4/work', 'VOC_PROXY_ID': '43542_43542_13530_0_1', 'ROS_MASTER_URI': 'http://localhost:42174', 'MAIL': '/var/mail/ccc_v1_w_dd4cc_18220', 'SSH_CONNECTION': '172.31.7.153 58366 172.31.26.229 22'}
[roslaunch][INFO] 2017-06-09 18:37:21,245: starting in server mode
[roslaunch.parent][INFO] 2017-06-09 18:37:21,249: starting roslaunch parent run
[roslaunch][INFO] 2017-06-09 18:37:21,253: loading roscore config file /opt/ros/indigo/etc/ros/roscore.xml
[roslaunch][INFO] 2017-06-09 18:37:21,375: Added core node of type [rosout/rosout] in namespace [/]
[roslaunch.pmon][INFO] 2017-06-09 18:37:21,376: start_process_monitor: creating ProcessMonitor
[roslaunch.pmon][INFO] 2017-06-09 18:37:21,380: created process monitor <ProcessMonitor(ProcessMonitor-1, initial daemon)>
[roslaunch.pmon][INFO] 2017-06-09 18:37:21,390: start_process_monitor: ProcessMonitor started
[roslaunch.parent][INFO] 2017-06-09 18:37:21,393: starting parent XML-RPC server
[roslaunch.server][INFO] 2017-06-09 18:37:21,397: starting roslaunch XML-RPC server
[roslaunch.server][INFO] 2017-06-09 18:37:21,400: waiting for roslaunch XML-RPC server to initialize
[xmlrpc][INFO] 2017-06-09 18:37:21,400: XML-RPC server binding to 0.0.0.0:0
[xmlrpc][INFO] 2017-06-09 18:37:21,407: Started XML-RPC server [http://ip-172-31-26-229:46127/]
[xmlrpc][INFO] 2017-06-09 18:37:21,411: xml rpc node: starting XML-RPC server
[roslaunch][INFO] 2017-06-09 18:37:21,453: started roslaunch server http://ip-172-31-26-229:46127/
[roslaunch.parent][INFO] 2017-06-09 18:37:21,456: ... parent XML-RPC server started
[roslaunch][INFO] 2017-06-09 18:37:21,460: master.is_running[http://ip-172-31-26-229:42174/]
[roslaunch][INFO] 2017-06-09 18:37:21,465: auto-starting new master
[roslaunch][INFO] 2017-06-09 18:37:21,468: create_master_process: rosmaster, /opt/ros/indigo/share/ros, 42174, 3, None
[roslaunch][INFO] 2017-06-09 18:37:21,472: process[master]: launching with args [['rosmaster', '--core', '-p', '42174', '-w', '3']]
[roslaunch.pmon][INFO] 2017-06-09 18:37:21,475: ProcessMonitor.register[master]
[roslaunch.pmon][INFO] 2017-06-09 18:37:21,479: ProcessMonitor.register[master] complete
[roslaunch][INFO] 2017-06-09 18:37:21,482: process[master]: starting os process
[roslaunch][INFO] 2017-06-09 18:37:21,487: process[master]: start w/ args [['rosmaster', '--core', '-p', '42174', '-w', '3', '__log:=/home/ccc_v1_w_dd4cc_18220/asn13529_Project_5/asn13530_Project_4/work/.ros/log/58a6ebca-4d7d-11e7-83b4-06b0869cc04d/master.log']]
[roslaunch][INFO] 2017-06-09 18:37:21,497: process[master]: cwd will be [/home/ccc_v1_w_dd4cc_18220/asn13529_Project_5/asn13530_Project_4/work/.ros]
[roslaunch][INFO] 2017-06-09 18:37:21,505: process[master]: started with pid [21395]
[roslaunch][INFO] 2017-06-09 18:37:21,506: master.is_running[http://ip-172-31-26-229:42174/]
[roslaunch][INFO] 2017-06-09 18:37:21,610: master.is_running[http://ip-172-31-26-229:42174/]
[roslaunch][INFO] 2017-06-09 18:37:21,714: master.is_running[http://ip-172-31-26-229:42174/]
[roslaunch][INFO] 2017-06-09 18:37:21,720: master.is_running[http://ip-172-31-26-229:42174/]
[roslaunch][INFO] 2017-06-09 18:37:21,725: ROS_MASTER_URI=http://ip-172-31-26-229:42174/
[roslaunch][INFO] 2017-06-09 18:37:21,729: setting /run_id to 58a6ebca-4d7d-11e7-83b4-06b0869cc04d
[roslaunch][INFO] 2017-06-09 18:37:21,737: setting /roslaunch/uris/host_ip_172_31_26_229__46127' to http://ip-172-31-26-229:46127/
[roslaunch][INFO] 2017-06-09 18:37:21,747: ... preparing to launch node of type [rosout/rosout]
[roslaunch][INFO] 2017-06-09 18:37:21,751: create_node_process: package[rosout] type[rosout] machine[Machine(name[] env_loader[None] address[localhost] ssh_port[22] user[None] assignable[True] timeout[10.0])] master_uri[http://ip-172-31-26-229:42174/]
[roslaunch][INFO] 2017-06-09 18:37:21,756: process[rosout-1]: env[{'ROS_DISTRO': 'indigo', 'ASNLIB': '/home/ccc_v1_s54106__48606/asn13529_Project_5/asn13530_Project_4/asnlib', 'LIB': '/home/ccc_v1_s54106__48606/lib', 'VOC_PROXY_TOKEN': '157789543243542435421353001593b4d467155f7.19060107', 'SSH_CLIENT': '172.31.7.153 58366 22', 'CPATH': '/opt/ros/indigo/include', 'LOGNAME': 'ccc_v1_w_dd4cc_18220', 'USER': 'ccc_v1_w_dd4cc_18220', 'ROS_NODE_PORT': '42174', 'HOME': '/home/ccc_v1_w_dd4cc_18220/asn13529_Project_5/asn13530_Project_4/work', 'PATH': '/opt/ros/indigo/bin:/usr/local/sbin:/usr/local/bin:/usr/sbin:/usr/bin:/sbin:/bin:/usr/games:/usr/local/games:/home/local/bin:/home/ccc_v1_s54106__48606/lib:/home/ccc_v1_s54106__48606/asn13529_Project_5/asn13530_Project_4/asnlib:/home/vlibs:.', 'CMAKE_PREFIX_PATH': '/opt/ros/indigo', 'ROS_LOG_FILENAME': '/home/ccc_v1_w_dd4cc_18220/asn13529_Project_5/asn13530_Project_4/work/.ros/log/58a6ebca-4d7d-11e7-83b4-06b0869cc04d/roslaunch-ip-172-31-26-229-21379.log', 'LANG': 'en_US.UTF-8', 'TERM': 'xterm-256color', 'SHELL': '/bin/bash', 'HISTFILE': '/home/ccc_v1_w_dd4cc_18220/.bash_history', 'SHLVL': '2', 'VOC_WORKAREA': '/home/ccc_v1_w_dd4cc_18220/asn13529_Project_5/asn13530_Project_4/work', 'LD_LIBRARY_PATH': '/opt/ros/indigo/lib:/opt/ros/indigo/lib/x86_64-linux-gnu:/home/ccc_v1_s54106__48606/lib:/home/ccc_v1_s54106__48606/asn13529_Project_5/asn13530_Project_4/asnlib:/home/vlibs', 'PART1': '/home/ccc_v1_s54106__48606/asn13529_Project_5/asn13530_Project_4', 'ROS_MASTER_URI': 'http://ip-172-31-26-229:42174/', 'XDG_RUNTIME_DIR': '/run/user/18220', 'PYTHONPATH': '/opt/ros/indigo/lib/python2.7/dist-packages:/home/vlibs/python', 'VOC_PROXY_WRAPPER_PORT': '5100', 'VOC_XFER_TOKEN': '9970410174354243542135300593b4d4666cd47.83196170', 'ROS_ROOT': '/opt/ros/indigo/share/ros', 'OLD_HOME': '/home/ccc_v1_w_dd4cc_18220', 'PKG_CONFIG_PATH': '/opt/ros/indigo/lib/pkgconfig:/opt/ros/indigo/lib/x86_64-linux-gnu/pkgconfig', 'ROS_PACKAGE_PATH': '/opt/ros/indigo/share:/opt/ros/indigo/stacks', 'XDG_SESSION_ID': '316424', '_': '/usr/bin/stdbuf', 'LD_PRELOAD': '/usr/lib/coreutils/libstdbuf.so', '_STDBUF_O': 'L', 'SSH_TTY': '/dev/pts/3', 'OLDPWD': '/home/ccc_v1_w_dd4cc_18220', 'ROSLISP_PACKAGE_DIRECTORIES': '', 'VLIB': '/home/vlibs', 'PWD': '/home/ccc_v1_w_dd4cc_18220/asn13529_Project_5/asn13530_Project_4/work', 'VOC_PROXY_ID': '43542_43542_13530_0_1', 'ROS_ETC_DIR': '/opt/ros/indigo/etc/ros', 'MAIL': '/var/mail/ccc_v1_w_dd4cc_18220', 'SSH_CONNECTION': '172.31.7.153 58366 172.31.26.229 22'}]
[roslaunch][INFO] 2017-06-09 18:37:21,789: process[rosout-1]: args[[u'/opt/ros/indigo/lib/rosout/rosout', u'__name:=rosout']]
[roslaunch][INFO] 2017-06-09 18:37:21,792: ... created process [rosout-1]
[roslaunch.pmon][INFO] 2017-06-09 18:37:21,796: ProcessMonitor.register[rosout-1]
[roslaunch.pmon][INFO] 2017-06-09 18:37:21,799: ProcessMonitor.register[rosout-1] complete
[roslaunch][INFO] 2017-06-09 18:37:21,802: ... registered process [rosout-1]
[roslaunch][INFO] 2017-06-09 18:37:21,806: process[rosout-1]: starting os process
[roslaunch][INFO] 2017-06-09 18:37:21,811: process[rosout-1]: start w/ args [[u'/opt/ros/indigo/lib/rosout/rosout', u'__name:=rosout', u'__log:=/home/ccc_v1_w_dd4cc_18220/asn13529_Project_5/asn13530_Project_4/work/.ros/log/58a6ebca-4d7d-11e7-83b4-06b0869cc04d/rosout-1.log']]
[roslaunch][INFO] 2017-06-09 18:37:21,815: process[rosout-1]: cwd will be [/home/ccc_v1_w_dd4cc_18220/asn13529_Project_5/asn13530_Project_4/work/.ros]
[roslaunch][INFO] 2017-06-09 18:37:21,823: process[rosout-1]: started with pid [21408]
[roslaunch][INFO] 2017-06-09 18:37:21,824: ... successfully launched [rosout-1]
[roslaunch][INFO] 2017-06-09 18:37:21,828: load_parameters starting ...
[roslaunch][INFO] 2017-06-09 18:37:21,842: ... load_parameters complete
[roslaunch][INFO] 2017-06-09 18:37:21,845: launch_nodes: launching local nodes ...
[roslaunch][INFO] 2017-06-09 18:37:21,849: ... launch_nodes complete
[roslaunch.pmon][INFO] 2017-06-09 18:37:21,852: registrations completed <ProcessMonitor(ProcessMonitor-1, started daemon 140173568538368)>
[roslaunch.parent][INFO] 2017-06-09 18:37:21,856: ... roslaunch parent running, waiting for process exit
[roslaunch][INFO] 2017-06-09 18:37:21,861: spin
