[rosmaster.main][INFO] 2017-06-10 18:55:56,236: initialization complete, waiting for shutdown
[rosmaster.main][INFO] 2017-06-10 18:55:56,236: Starting ROS Master Node
[xmlrpc][INFO] 2017-06-10 18:55:56,241: XML-RPC server binding to 0.0.0.0:45015
[xmlrpc][INFO] 2017-06-10 18:55:56,245: Started XML-RPC server [http://ip-172-31-19-100:45015/]
[rosmaster.master][INFO] 2017-06-10 18:55:56,245: Master initialized: port[45015], uri[http://ip-172-31-19-100:45015/]
[xmlrpc][INFO] 2017-06-10 18:55:56,248: xml rpc node: starting XML-RPC server
[rosmaster.master][INFO] 2017-06-10 18:55:56,317: +PARAM [/run_id] by /roslaunch
[rosmaster.master][INFO] 2017-06-10 18:55:56,325: +PARAM [/roslaunch/uris/host_ip_172_31_19_100__51615] by /roslaunch
[rosmaster.master][INFO] 2017-06-10 18:55:56,425: +PARAM [/rosversion] by /roslaunch
[rosmaster.master][INFO] 2017-06-10 18:55:56,428: +PARAM [/rosdistro] by /roslaunch
[rosmaster.master][INFO] 2017-06-10 18:55:56,458: +SERVICE [/rosout/get_loggers] /rosout http://ip-172-31-19-100:34997/
[rosmaster.master][INFO] 2017-06-10 18:55:56,462: +SERVICE [/rosout/set_logger_level] /rosout http://ip-172-31-19-100:34997/
[rosmaster.master][INFO] 2017-06-10 18:55:56,468: +PUB [/rosout_agg] /rosout http://ip-172-31-19-100:34997/
[rosmaster.master][INFO] 2017-06-10 18:55:56,477: +SUB [/rosout] /rosout http://ip-172-31-19-100:34997/
[rosmaster.master][INFO] 2017-06-10 18:55:56,758: +PUB [/rosout] /tf2_web_republisher http://ip-172-31-19-100:60127/
[rosmaster.master][INFO] 2017-06-10 18:55:56,763: +SERVICE [/tf2_web_republisher/get_loggers] /tf2_web_republisher http://ip-172-31-19-100:60127/
[rosmaster.master][INFO] 2017-06-10 18:55:56,767: +SERVICE [/tf2_web_republisher/set_logger_level] /tf2_web_republisher http://ip-172-31-19-100:60127/
[rosmaster.master][INFO] 2017-06-10 18:55:56,776: +SUB [/tf] /tf2_web_republisher http://ip-172-31-19-100:60127/
[rosmaster.master][INFO] 2017-06-10 18:55:56,784: +SUB [/tf_static] /tf2_web_republisher http://ip-172-31-19-100:60127/
[rosmaster.master][INFO] 2017-06-10 18:55:56,788: +SERVICE [/republish_tfs] /tf2_web_republisher http://ip-172-31-19-100:60127/
[rosmaster.master][INFO] 2017-06-10 18:55:56,793: +PUB [/tf2_web_republisher/result] /tf2_web_republisher http://ip-172-31-19-100:60127/
[rosmaster.master][INFO] 2017-06-10 18:55:56,797: +PUB [/tf2_web_republisher/feedback] /tf2_web_republisher http://ip-172-31-19-100:60127/
[rosmaster.master][INFO] 2017-06-10 18:55:56,801: +PUB [/tf2_web_republisher/status] /tf2_web_republisher http://ip-172-31-19-100:60127/
[rosmaster.master][INFO] 2017-06-10 18:55:56,811: +SUB [/tf2_web_republisher/goal] /tf2_web_republisher http://ip-172-31-19-100:60127/
[rosmaster.master][INFO] 2017-06-10 18:55:56,819: +SUB [/tf2_web_republisher/cancel] /tf2_web_republisher http://ip-172-31-19-100:60127/
[rosmaster.master][INFO] 2017-06-10 18:55:56,841: publisherUpdate[/rosout] -> http://ip-172-31-19-100:34997/
[rosmaster.master][INFO] 2017-06-10 18:55:58,276: +PARAM [/roslaunch/uris/host_ip_172_31_19_100__44188] by /roslaunch
[rosmaster.master][INFO] 2017-06-10 18:55:58,283: +PARAM [/rosbridge_websocket/port] by /roslaunch
[rosmaster.master][INFO] 2017-06-10 18:55:58,286: +PARAM [/rosdistro] by /roslaunch
[rosmaster.master][INFO] 2017-06-10 18:55:58,290: +PARAM [/rosbridge_websocket/fragment_timeout] by /roslaunch
[rosmaster.master][INFO] 2017-06-10 18:55:58,293: +PARAM [/rosbridge_websocket/delay_between_messages] by /roslaunch
[rosmaster.master][INFO] 2017-06-10 18:55:58,297: +PARAM [/rosversion] by /roslaunch
[rosmaster.master][INFO] 2017-06-10 18:55:58,300: +PARAM [/rosbridge_websocket/authenticate] by /roslaunch
[rosmaster.master][INFO] 2017-06-10 18:55:58,304: +PARAM [/rosbridge_websocket/retry_startup_delay] by /roslaunch
[rosmaster.master][INFO] 2017-06-10 18:55:58,307: +PARAM [/rosbridge_websocket/address] by /roslaunch
[rosmaster.master][INFO] 2017-06-10 18:55:58,311: +PARAM [/rosbridge_websocket/max_message_size] by /roslaunch
[rosmaster.master][INFO] 2017-06-10 18:55:58,843: +PUB [/rosout] /interactive_marker_proxy http://ip-172-31-19-100:41495/
[rosmaster.master][INFO] 2017-06-10 18:55:58,845: publisherUpdate[/rosout] -> http://ip-172-31-19-100:34997/
[rosmaster.master][INFO] 2017-06-10 18:55:58,848: +SERVICE [/interactive_marker_proxy/get_loggers] /interactive_marker_proxy http://ip-172-31-19-100:41495/
[rosmaster.master][INFO] 2017-06-10 18:55:58,855: +SERVICE [/interactive_marker_proxy/set_logger_level] /interactive_marker_proxy http://ip-172-31-19-100:41495/
[rosmaster.master][INFO] 2017-06-10 18:55:58,868: +SUB [/tf] /interactive_marker_proxy http://ip-172-31-19-100:41495/
[rosmaster.master][INFO] 2017-06-10 18:55:58,876: +SUB [/tf_static] /interactive_marker_proxy http://ip-172-31-19-100:41495/
[rosmaster.master][INFO] 2017-06-10 18:55:58,885: +SUB [/control_markers/update] /interactive_marker_proxy http://ip-172-31-19-100:41495/
[rosmaster.master][INFO] 2017-06-10 18:55:58,893: +SUB [/control_markers/update_full] /interactive_marker_proxy http://ip-172-31-19-100:41495/
[rosmaster.master][INFO] 2017-06-10 18:55:58,906: +PUB [/rosout] /rosapi http://ip-172-31-19-100:43270/
[rosmaster.master][INFO] 2017-06-10 18:55:58,912: +PUB [/control_markers/tunneled/update] /interactive_marker_proxy http://ip-172-31-19-100:41495/
[rosmaster.master][INFO] 2017-06-10 18:55:58,920: +SERVICE [/control_markers/tunneled/get_init] /interactive_marker_proxy http://ip-172-31-19-100:41495/
[rosmaster.master][INFO] 2017-06-10 18:55:58,924: +SERVICE [/rosapi/get_loggers] /rosapi http://ip-172-31-19-100:43270/
[rosmaster.master][INFO] 2017-06-10 18:55:58,929: +SERVICE [/rosapi/set_logger_level] /rosapi http://ip-172-31-19-100:43270/
[rosmaster.master][INFO] 2017-06-10 18:55:58,935: +SERVICE [/rosapi/topics] /rosapi http://ip-172-31-19-100:43270/
[rosmaster.master][INFO] 2017-06-10 18:55:58,939: +SERVICE [/rosapi/topics_for_type] /rosapi http://ip-172-31-19-100:43270/
[rosmaster.master][INFO] 2017-06-10 18:55:58,945: +SERVICE [/rosapi/services] /rosapi http://ip-172-31-19-100:43270/
[rosmaster.master][INFO] 2017-06-10 18:55:58,946: publisherUpdate[/rosout] -> http://ip-172-31-19-100:34997/
[rosmaster.master][INFO] 2017-06-10 18:55:58,951: +SERVICE [/rosapi/services_for_type] /rosapi http://ip-172-31-19-100:43270/
[rosmaster.master][INFO] 2017-06-10 18:55:58,960: -SUB [/control_markers/update_full] /interactive_marker_proxy http://ip-172-31-19-100:41495/
[rosmaster.master][INFO] 2017-06-10 18:55:58,965: +SERVICE [/rosapi/nodes] /rosapi http://ip-172-31-19-100:43270/
[rosmaster.master][INFO] 2017-06-10 18:55:58,970: +SERVICE [/rosapi/node_details] /rosapi http://ip-172-31-19-100:43270/
[rosmaster.master][INFO] 2017-06-10 18:55:58,975: +SERVICE [/rosapi/topic_type] /rosapi http://ip-172-31-19-100:43270/
[rosmaster.master][INFO] 2017-06-10 18:55:58,981: +SERVICE [/rosapi/service_type] /rosapi http://ip-172-31-19-100:43270/
[rosmaster.master][INFO] 2017-06-10 18:55:58,986: +SERVICE [/rosapi/publishers] /rosapi http://ip-172-31-19-100:43270/
[rosmaster.master][INFO] 2017-06-10 18:55:58,990: +SERVICE [/rosapi/subscribers] /rosapi http://ip-172-31-19-100:43270/
[rosmaster.master][INFO] 2017-06-10 18:55:58,995: +SERVICE [/rosapi/service_providers] /rosapi http://ip-172-31-19-100:43270/
[rosmaster.master][INFO] 2017-06-10 18:55:59,000: +SERVICE [/rosapi/service_node] /rosapi http://ip-172-31-19-100:43270/
[rosmaster.master][INFO] 2017-06-10 18:55:59,006: +SERVICE [/rosapi/service_host] /rosapi http://ip-172-31-19-100:43270/
[rosmaster.master][INFO] 2017-06-10 18:55:59,013: +SERVICE [/rosapi/message_details] /rosapi http://ip-172-31-19-100:43270/
[rosmaster.master][INFO] 2017-06-10 18:55:59,017: +SERVICE [/rosapi/service_request_details] /rosapi http://ip-172-31-19-100:43270/
[rosmaster.master][INFO] 2017-06-10 18:55:59,022: +SERVICE [/rosapi/service_response_details] /rosapi http://ip-172-31-19-100:43270/
[rosmaster.master][INFO] 2017-06-10 18:55:59,027: +SERVICE [/rosapi/set_param] /rosapi http://ip-172-31-19-100:43270/
[rosmaster.master][INFO] 2017-06-10 18:55:59,031: +SERVICE [/rosapi/get_param] /rosapi http://ip-172-31-19-100:43270/
[rosmaster.master][INFO] 2017-06-10 18:55:59,036: +SERVICE [/rosapi/has_param] /rosapi http://ip-172-31-19-100:43270/
[rosmaster.master][INFO] 2017-06-10 18:55:59,041: +SERVICE [/rosapi/search_param] /rosapi http://ip-172-31-19-100:43270/
[rosmaster.master][INFO] 2017-06-10 18:55:59,046: +SERVICE [/rosapi/delete_param] /rosapi http://ip-172-31-19-100:43270/
[rosmaster.master][INFO] 2017-06-10 18:55:59,053: +SERVICE [/rosapi/get_param_names] /rosapi http://ip-172-31-19-100:43270/
[rosmaster.master][INFO] 2017-06-10 18:55:59,061: +SERVICE [/rosapi/get_time] /rosapi http://ip-172-31-19-100:43270/
[rosmaster.master][INFO] 2017-06-10 18:55:59,088: +PUB [/rosout] /rosbridge_websocket http://ip-172-31-19-100:33888/
[rosmaster.master][INFO] 2017-06-10 18:55:59,104: +SERVICE [/rosbridge_websocket/get_loggers] /rosbridge_websocket http://ip-172-31-19-100:33888/
[rosmaster.master][INFO] 2017-06-10 18:55:59,111: +SERVICE [/rosbridge_websocket/set_logger_level] /rosbridge_websocket http://ip-172-31-19-100:33888/
[rosmaster.master][INFO] 2017-06-10 18:55:59,152: publisherUpdate[/rosout] -> http://ip-172-31-19-100:34997/
[rosmaster.master][INFO] 2017-06-10 18:56:00,853: +PARAM [/roslaunch/uris/host_ip_172_31_19_100__38946] by /roslaunch
[rosmaster.master][INFO] 2017-06-10 18:56:00,870: +PARAM [/robot_description_kinematics/lwr_arm/kinematics_solver] by /roslaunch
[rosmaster.master][INFO] 2017-06-10 18:56:00,873: +PARAM [/move_group/planner_configs/RRTkConfigDefault/goal_bias] by /roslaunch
[rosmaster.master][INFO] 2017-06-10 18:56:00,877: +PARAM [/robot_description_semantic] by /roslaunch
[rosmaster.master][INFO] 2017-06-10 18:56:00,880: +PARAM [/robot_description_kinematics/lwr_arm/kinematics_solver_attempts] by /roslaunch
[rosmaster.master][INFO] 2017-06-10 18:56:00,884: +PARAM [/robot_description_planning/joint_limits/lwr_arm_6_joint/max_acceleration] by /roslaunch
[rosmaster.master][INFO] 2017-06-10 18:56:00,888: +PARAM [/robot_description_planning/joint_limits/lwr_arm_5_joint/has_acceleration_limits] by /roslaunch
[rosmaster.master][INFO] 2017-06-10 18:56:00,899: +PARAM [/move_group/planner_configs/RRTstarkConfigDefault/range] by /roslaunch
[rosmaster.master][INFO] 2017-06-10 18:56:00,903: +PARAM [/robot_description_planning/joint_limits/lwr_arm_0_joint/max_acceleration] by /roslaunch
[rosmaster.master][INFO] 2017-06-10 18:56:00,906: +PARAM [/robot_description_planning/joint_limits/lwr_arm_0_joint/has_velocity_limits] by /roslaunch
[rosmaster.master][INFO] 2017-06-10 18:56:00,910: +PARAM [/move_group/max_safe_path_cost] by /roslaunch
[rosmaster.master][INFO] 2017-06-10 18:56:00,913: +PARAM [/move_group/planner_configs/RRTstarkConfigDefault/goal_bias] by /roslaunch
[rosmaster.master][INFO] 2017-06-10 18:56:00,917: +PARAM [/move_group/planning_scene_monitor/publish_planning_scene] by /roslaunch
[rosmaster.master][INFO] 2017-06-10 18:56:00,921: +PARAM [/move_group/planner_configs/PRMkConfigDefault/type] by /roslaunch
[rosmaster.master][INFO] 2017-06-10 18:56:00,924: +PARAM [/move_group/planner_configs/ESTkConfigDefault/range] by /roslaunch
[rosmaster.master][INFO] 2017-06-10 18:56:00,928: +PARAM [/robot_description_planning/joint_limits/lwr_arm_2_joint/max_acceleration] by /roslaunch
[rosmaster.master][INFO] 2017-06-10 18:56:00,932: +PARAM [/move_group/planner_configs/KPIECEkConfigDefault/min_valid_path_fraction] by /roslaunch
[rosmaster.master][INFO] 2017-06-10 18:56:00,935: +PARAM [/move_group/planner_configs/BKPIECEkConfigDefault/border_fraction] by /roslaunch
[rosmaster.master][INFO] 2017-06-10 18:56:00,939: +PARAM [/move_group/planner_configs/PRMkConfigDefault/max_nearest_neighbors] by /roslaunch
[rosmaster.master][INFO] 2017-06-10 18:56:00,943: +PARAM [/move_group/planner_configs/TRRTkConfigDefault/goal_bias] by /roslaunch
[rosmaster.master][INFO] 2017-06-10 18:56:00,946: +PARAM [/move_group/planner_configs/BKPIECEkConfigDefault/min_valid_path_fraction] by /roslaunch
[rosmaster.master][INFO] 2017-06-10 18:56:00,950: +PARAM [/robot_description_planning/joint_limits/lwr_arm_2_joint/has_velocity_limits] by /roslaunch
[rosmaster.master][INFO] 2017-06-10 18:56:00,954: +PARAM [/robot_description_planning/joint_limits/lwr_arm_3_joint/max_velocity] by /roslaunch
[rosmaster.master][INFO] 2017-06-10 18:56:00,957: +PARAM [/robot_description_planning/joint_limits/lwr_arm_4_joint/max_acceleration] by /roslaunch
[rosmaster.master][INFO] 2017-06-10 18:56:00,962: +PARAM [/robot_description_planning/joint_limits/lwr_arm_0_joint/max_velocity] by /roslaunch
[rosmaster.master][INFO] 2017-06-10 18:56:00,966: +PARAM [/move_group/planner_configs/SBLkConfigDefault/range] by /roslaunch
[rosmaster.master][INFO] 2017-06-10 18:56:00,969: +PARAM [/move_group/planner_configs/TRRTkConfigDefault/frountierNodeRatio] by /roslaunch
[rosmaster.master][INFO] 2017-06-10 18:56:00,973: +PARAM [/robot_description_planning/joint_limits/lwr_arm_6_joint/has_acceleration_limits] by /roslaunch
[rosmaster.master][INFO] 2017-06-10 18:56:00,977: +PARAM [/move_group/planning_plugin] by /roslaunch
[rosmaster.master][INFO] 2017-06-10 18:56:00,980: +PARAM [/move_group/planning_scene_monitor/publish_geometry_updates] by /roslaunch
[rosmaster.master][INFO] 2017-06-10 18:56:00,984: +PARAM [/robot_description_planning/joint_limits/lwr_arm_3_joint/max_acceleration] by /roslaunch
[rosmaster.master][INFO] 2017-06-10 18:56:00,988: +PARAM [/move_group/planner_configs/TRRTkConfigDefault/max_states_failed] by /roslaunch
[rosmaster.master][INFO] 2017-06-10 18:56:00,992: +PARAM [/robot_description_planning/joint_limits/lwr_arm_3_joint/has_velocity_limits] by /roslaunch
[rosmaster.master][INFO] 2017-06-10 18:56:00,995: +PARAM [/robot_description_kinematics/lwr_arm/kinematics_solver_timeout] by /roslaunch
[rosmaster.master][INFO] 2017-06-10 18:56:00,999: +PARAM [/move_group/lwr_arm/projection_evaluator] by /roslaunch
[rosmaster.master][INFO] 2017-06-10 18:56:01,007: +PARAM [/robot_description_planning/joint_limits/lwr_arm_1_joint/has_acceleration_limits] by /roslaunch
[rosmaster.master][INFO] 2017-06-10 18:56:01,012: +PARAM [/rosdistro] by /roslaunch
[rosmaster.master][INFO] 2017-06-10 18:56:01,015: +PARAM [/robot_description_planning/joint_limits/lwr_arm_5_joint/max_velocity] by /roslaunch
[rosmaster.master][INFO] 2017-06-10 18:56:01,020: +PARAM [/move_group/planner_configs/PRMstarkConfigDefault/type] by /roslaunch
[rosmaster.master][INFO] 2017-06-10 18:56:01,023: +PARAM [/move_group/planner_configs/RRTkConfigDefault/range] by /roslaunch
[rosmaster.master][INFO] 2017-06-10 18:56:01,027: +PARAM [/move_group/allow_trajectory_execution] by /roslaunch
[rosmaster.master][INFO] 2017-06-10 18:56:01,030: +PARAM [/move_group/lwr_arm/planner_configs] by /roslaunch
[rosmaster.master][INFO] 2017-06-10 18:56:01,034: +PARAM [/move_group/planner_configs/ESTkConfigDefault/type] by /roslaunch
[rosmaster.master][INFO] 2017-06-10 18:56:01,037: +PARAM [/move_group/start_state_max_bounds_error] by /roslaunch
[rosmaster.master][INFO] 2017-06-10 18:56:01,040: +PARAM [/move_group/planner_configs/TRRTkConfigDefault/init_temperature] by /roslaunch
[rosmaster.master][INFO] 2017-06-10 18:56:01,044: +PARAM [/move_group/planner_configs/BKPIECEkConfigDefault/type] by /roslaunch
[rosmaster.master][INFO] 2017-06-10 18:56:01,048: +PARAM [/move_group/planner_configs/KPIECEkConfigDefault/border_fraction] by /roslaunch
[rosmaster.master][INFO] 2017-06-10 18:56:01,051: +PARAM [/robot_description_planning/joint_limits/lwr_arm_4_joint/has_velocity_limits] by /roslaunch
[rosmaster.master][INFO] 2017-06-10 18:56:01,055: +PARAM [/move_group/planner_configs/ESTkConfigDefault/goal_bias] by /roslaunch
[rosmaster.master][INFO] 2017-06-10 18:56:01,058: +PARAM [/move_group/planner_configs/LBKPIECEkConfigDefault/border_fraction] by /roslaunch
[rosmaster.master][INFO] 2017-06-10 18:56:01,065: +PARAM [/move_group/jiggle_fraction] by /roslaunch
[rosmaster.master][INFO] 2017-06-10 18:56:01,069: +PARAM [/move_group/planner_configs/TRRTkConfigDefault/range] by /roslaunch
[rosmaster.master][INFO] 2017-06-10 18:56:01,073: +PARAM [/move_group/planning_scene_monitor/publish_state_updates] by /roslaunch
[rosmaster.master][INFO] 2017-06-10 18:56:01,076: +PARAM [/move_group/planner_configs/TRRTkConfigDefault/temp_change_factor] by /roslaunch
[rosmaster.master][INFO] 2017-06-10 18:56:01,080: +PARAM [/robot_description_planning/joint_limits/lwr_arm_6_joint/max_velocity] by /roslaunch
[rosmaster.master][INFO] 2017-06-10 18:56:01,083: +PARAM [/robot_description_planning/joint_limits/lwr_arm_1_joint/max_velocity] by /roslaunch
[rosmaster.master][INFO] 2017-06-10 18:56:01,087: +PARAM [/move_group/planner_configs/SBLkConfigDefault/type] by /roslaunch
[rosmaster.master][INFO] 2017-06-10 18:56:01,090: +PARAM [/robot_description] by /roslaunch
[rosmaster.master][INFO] 2017-06-10 18:56:01,094: +PARAM [/move_group/capabilities] by /roslaunch
[rosmaster.master][INFO] 2017-06-10 18:56:01,097: +PARAM [/move_group/planner_configs/LBKPIECEkConfigDefault/range] by /roslaunch
[rosmaster.master][INFO] 2017-06-10 18:56:01,101: +PARAM [/robot_description_planning/joint_limits/lwr_arm_5_joint/max_acceleration] by /roslaunch
[rosmaster.master][INFO] 2017-06-10 18:56:01,104: +PARAM [/move_group/planner_configs/KPIECEkConfigDefault/range] by /roslaunch
[rosmaster.master][INFO] 2017-06-10 18:56:01,114: +PARAM [/move_group/planner_configs/BKPIECEkConfigDefault/range] by /roslaunch
[rosmaster.master][INFO] 2017-06-10 18:56:01,117: +PARAM [/move_group/planner_configs/TRRTkConfigDefault/type] by /roslaunch
[rosmaster.master][INFO] 2017-06-10 18:56:01,121: +PARAM [/move_group/planner_configs/KPIECEkConfigDefault/goal_bias] by /roslaunch
[rosmaster.master][INFO] 2017-06-10 18:56:01,125: +PARAM [/move_group/planner_configs/RRTConnectkConfigDefault/range] by /roslaunch
[rosmaster.master][INFO] 2017-06-10 18:56:01,128: +PARAM [/move_group/request_adapters] by /roslaunch
[rosmaster.master][INFO] 2017-06-10 18:56:01,132: +PARAM [/move_group/planner_configs/TRRTkConfigDefault/min_temperature] by /roslaunch
[rosmaster.master][INFO] 2017-06-10 18:56:01,136: +PARAM [/robot_description_planning/joint_limits/lwr_arm_6_joint/has_velocity_limits] by /roslaunch
[rosmaster.master][INFO] 2017-06-10 18:56:01,139: +PARAM [/robot_description_planning/joint_limits/lwr_arm_1_joint/has_velocity_limits] by /roslaunch
[rosmaster.master][INFO] 2017-06-10 18:56:01,143: +PARAM [/move_group/planner_configs/KPIECEkConfigDefault/failed_expansion_score_factor] by /roslaunch
[rosmaster.master][INFO] 2017-06-10 18:56:01,147: +PARAM [/move_group/planning_scene_monitor/publish_transforms_updates] by /roslaunch
[rosmaster.master][INFO] 2017-06-10 18:56:01,150: +PARAM [/robot_description_planning/joint_limits/lwr_arm_5_joint/has_velocity_limits] by /roslaunch
[rosmaster.master][INFO] 2017-06-10 18:56:01,154: +PARAM [/robot_description_planning/joint_limits/lwr_arm_3_joint/has_acceleration_limits] by /roslaunch
[rosmaster.master][INFO] 2017-06-10 18:56:01,157: +PARAM [/move_group/planner_configs/RRTstarkConfigDefault/type] by /roslaunch
[rosmaster.master][INFO] 2017-06-10 18:56:01,161: +PARAM [/move_group/lwr_arm/longest_valid_segment_fraction] by /roslaunch
[rosmaster.master][INFO] 2017-06-10 18:56:01,168: +PARAM [/move_group/planner_configs/RRTstarkConfigDefault/delay_collision_checking] by /roslaunch
[rosmaster.master][INFO] 2017-06-10 18:56:01,172: +PARAM [/move_group/planner_configs/KPIECEkConfigDefault/type] by /roslaunch
[rosmaster.master][INFO] 2017-06-10 18:56:01,176: +PARAM [/robot_description_kinematics/lwr_arm/kinematics_solver_search_resolution] by /roslaunch
[rosmaster.master][INFO] 2017-06-10 18:56:01,180: +PARAM [/move_group/planner_configs/RRTConnectkConfigDefault/type] by /roslaunch
[rosmaster.master][INFO] 2017-06-10 18:56:01,183: +PARAM [/robot_description_planning/joint_limits/lwr_arm_2_joint/has_acceleration_limits] by /roslaunch
[rosmaster.master][INFO] 2017-06-10 18:56:01,187: +PARAM [/move_group/planner_configs/BKPIECEkConfigDefault/failed_expansion_score_factor] by /roslaunch
[rosmaster.master][INFO] 2017-06-10 18:56:01,191: +PARAM [/robot_description_planning/joint_limits/lwr_arm_2_joint/max_velocity] by /roslaunch
[rosmaster.master][INFO] 2017-06-10 18:56:01,194: +PARAM [/move_group/planner_configs/LBKPIECEkConfigDefault/min_valid_path_fraction] by /roslaunch
[rosmaster.master][INFO] 2017-06-10 18:56:01,198: +PARAM [/rosversion] by /roslaunch
[rosmaster.master][INFO] 2017-06-10 18:56:01,201: +PARAM [/robot_description_planning/joint_limits/lwr_arm_4_joint/max_velocity] by /roslaunch
[rosmaster.master][INFO] 2017-06-10 18:56:01,205: +PARAM [/robot_description_planning/joint_limits/lwr_arm_4_joint/has_acceleration_limits] by /roslaunch
[rosmaster.master][INFO] 2017-06-10 18:56:01,209: +PARAM [/robot_description_planning/joint_limits/lwr_arm_0_joint/has_acceleration_limits] by /roslaunch
[rosmaster.master][INFO] 2017-06-10 18:56:01,220: +PARAM [/robot_description_planning/joint_limits/lwr_arm_1_joint/max_acceleration] by /roslaunch
[rosmaster.master][INFO] 2017-06-10 18:56:01,223: +PARAM [/move_group/planner_configs/TRRTkConfigDefault/k_constant] by /roslaunch
[rosmaster.master][INFO] 2017-06-10 18:56:01,227: +PARAM [/move_group/planner_configs/TRRTkConfigDefault/frountier_threshold] by /roslaunch
[rosmaster.master][INFO] 2017-06-10 18:56:01,230: +PARAM [/move_group/planner_configs/LBKPIECEkConfigDefault/type] by /roslaunch
[rosmaster.master][INFO] 2017-06-10 18:56:01,234: +PARAM [/move_group/planner_configs/RRTkConfigDefault/type] by /roslaunch
[rosmaster.master][INFO] 2017-06-10 18:56:01,602: +PUB [/rosout] /robot_sim http://ip-172-31-19-100:54679/
[rosmaster.master][INFO] 2017-06-10 18:56:01,609: +SERVICE [/robot_sim/get_loggers] /robot_sim http://ip-172-31-19-100:54679/
[rosmaster.master][INFO] 2017-06-10 18:56:01,613: +SERVICE [/robot_sim/set_logger_level] /robot_sim http://ip-172-31-19-100:54679/
[rosmaster.master][INFO] 2017-06-10 18:56:01,625: +PUB [/joint_states] /robot_sim http://ip-172-31-19-100:54679/
[rosmaster.master][INFO] 2017-06-10 18:56:01,635: +SUB [/joint_velocities] /robot_sim http://ip-172-31-19-100:54679/
[rosmaster.master][INFO] 2017-06-10 18:56:01,644: +PUB [/rosout] /robot_state_publisher http://ip-172-31-19-100:56983/
[rosmaster.master][INFO] 2017-06-10 18:56:01,649: +SUB [/joint_positions] /robot_sim http://ip-172-31-19-100:54679/
[rosmaster.master][INFO] 2017-06-10 18:56:01,653: +SERVICE [/robot_state_publisher/get_loggers] /robot_state_publisher http://ip-172-31-19-100:56983/
[rosmaster.master][INFO] 2017-06-10 18:56:01,658: +SERVICE [/robot_state_publisher/set_logger_level] /robot_state_publisher http://ip-172-31-19-100:56983/
[rosmaster.master][INFO] 2017-06-10 18:56:01,659: publisherUpdate[/rosout] -> http://ip-172-31-19-100:34997/
[rosmaster.master][INFO] 2017-06-10 18:56:01,662: +SUB [/joint_command] /robot_sim http://ip-172-31-19-100:54679/
[rosmaster.master][INFO] 2017-06-10 18:56:01,667: publisherUpdate[/rosout] -> http://ip-172-31-19-100:34997/
[rosmaster.master][INFO] 2017-06-10 18:56:01,670: +PUB [/tf] /robot_state_publisher http://ip-172-31-19-100:56983/
[rosmaster.master][INFO] 2017-06-10 18:56:01,676: publisherUpdate[/tf] -> http://ip-172-31-19-100:60127/
[rosmaster.master][INFO] 2017-06-10 18:56:01,680: +SUB [/joint_trajectory] /robot_sim http://ip-172-31-19-100:54679/
[rosmaster.master][INFO] 2017-06-10 18:56:01,690: +PUB [/tf_static] /robot_state_publisher http://ip-172-31-19-100:56983/
[rosmaster.master][INFO] 2017-06-10 18:56:01,690: publisherUpdate[/tf] -> http://ip-172-31-19-100:41495/
[rosmaster.master][INFO] 2017-06-10 18:56:01,703: publisherUpdate[/tf_static] -> http://ip-172-31-19-100:60127/
[rosmaster.master][INFO] 2017-06-10 18:56:01,704: +SUB [/joint_states] /robot_state_publisher http://ip-172-31-19-100:56983/
[rosmaster.master][INFO] 2017-06-10 18:56:01,708: publisherUpdate[/tf_static] -> http://ip-172-31-19-100:41495/
[rosmaster.master][INFO] 2017-06-10 18:56:01,867: +PUB [/rosout] /move_group http://ip-172-31-19-100:50187/
[rosmaster.master][INFO] 2017-06-10 18:56:01,871: +SERVICE [/move_group/get_loggers] /move_group http://ip-172-31-19-100:50187/
[rosmaster.master][INFO] 2017-06-10 18:56:01,880: +SERVICE [/move_group/set_logger_level] /move_group http://ip-172-31-19-100:50187/
[rosmaster.master][INFO] 2017-06-10 18:56:01,890: +SUB [/tf] /move_group http://ip-172-31-19-100:50187/
[rosmaster.master][INFO] 2017-06-10 18:56:01,900: +SUB [/tf_static] /move_group http://ip-172-31-19-100:50187/
[rosmaster.master][INFO] 2017-06-10 18:56:01,916: publisherUpdate[/rosout] -> http://ip-172-31-19-100:34997/
[rosmaster.master][INFO] 2017-06-10 18:56:02,092: +PUB [/rosout] /move_group_commander_wrappers_1497146162085682469 http://ip-172-31-19-100:40223/
[rosmaster.master][INFO] 2017-06-10 18:56:02,100: +SERVICE [/move_group_commander_wrappers_1497146162085682469/get_loggers] /move_group_commander_wrappers_1497146162085682469 http://ip-172-31-19-100:40223/
[rosmaster.master][INFO] 2017-06-10 18:56:02,105: +SERVICE [/move_group_commander_wrappers_1497146162085682469/set_logger_level] /move_group_commander_wrappers_1497146162085682469 http://ip-172-31-19-100:40223/
[rosmaster.master][INFO] 2017-06-10 18:56:02,121: publisherUpdate[/rosout] -> http://ip-172-31-19-100:34997/
[rosmaster.master][INFO] 2017-06-10 18:56:02,137: +SERVICE [/move_group/planning_scene_monitor/set_parameters] /move_group http://ip-172-31-19-100:50187/
[rosmaster.master][INFO] 2017-06-10 18:56:02,195: +PUB [/move_group/planning_scene_monitor/parameter_descriptions] /move_group http://ip-172-31-19-100:50187/
[rosmaster.master][INFO] 2017-06-10 18:56:02,205: +PUB [/move_group/planning_scene_monitor/parameter_updates] /move_group http://ip-172-31-19-100:50187/
[rosmaster.master][INFO] 2017-06-10 18:56:02,215: +PARAM [/move_group/planning_scene_monitor/publish_planning_scene] by /move_group
[rosmaster.master][INFO] 2017-06-10 18:56:02,220: +PARAM [/move_group/planning_scene_monitor/publish_planning_scene_hz] by /move_group
[rosmaster.master][INFO] 2017-06-10 18:56:02,225: +PARAM [/move_group/planning_scene_monitor/publish_geometry_updates] by /move_group
[rosmaster.master][INFO] 2017-06-10 18:56:02,229: +PARAM [/move_group/planning_scene_monitor/publish_state_updates] by /move_group
[rosmaster.master][INFO] 2017-06-10 18:56:02,234: +PARAM [/move_group/planning_scene_monitor/publish_transforms_updates] by /move_group
[rosmaster.master][INFO] 2017-06-10 18:56:02,239: +PUB [/move_group/monitored_planning_scene] /move_group http://ip-172-31-19-100:50187/
[rosmaster.master][INFO] 2017-06-10 18:56:02,244: +PARAM [/move_group/planning_scene_monitor/publish_planning_scene] by /move_group
[rosmaster.master][INFO] 2017-06-10 18:56:02,248: +PARAM [/move_group/planning_scene_monitor/publish_planning_scene_hz] by /move_group
[rosmaster.master][INFO] 2017-06-10 18:56:02,253: +PARAM [/move_group/planning_scene_monitor/publish_geometry_updates] by /move_group
[rosmaster.master][INFO] 2017-06-10 18:56:02,257: +PARAM [/move_group/planning_scene_monitor/publish_state_updates] by /move_group
[rosmaster.master][INFO] 2017-06-10 18:56:02,262: +PARAM [/move_group/planning_scene_monitor/publish_transforms_updates] by /move_group
[rosmaster.master][INFO] 2017-06-10 18:56:02,272: +SUB [/planning_scene] /move_group http://ip-172-31-19-100:50187/
[rosmaster.master][INFO] 2017-06-10 18:56:02,282: +SUB [/collision_object] /move_group http://ip-172-31-19-100:50187/
[rosmaster.master][INFO] 2017-06-10 18:56:02,293: +SUB [/planning_scene_world] /move_group http://ip-172-31-19-100:50187/
[rosmaster.master][INFO] 2017-06-10 18:56:02,300: +SERVICE [/move_group/save_map] /move_group http://ip-172-31-19-100:50187/
[rosmaster.master][INFO] 2017-06-10 18:56:02,308: +SERVICE [/move_group/load_map] /move_group http://ip-172-31-19-100:50187/
[rosmaster.master][INFO] 2017-06-10 18:56:02,318: +SUB [/joint_states] /move_group http://ip-172-31-19-100:50187/
[rosmaster.master][INFO] 2017-06-10 18:56:02,327: +PUB [/rosout] /marker_control_26075_1497146162109 http://ip-172-31-19-100:48410/
[rosmaster.master][INFO] 2017-06-10 18:56:02,327: publisherUpdate[/rosout] -> http://ip-172-31-19-100:34997/
[rosmaster.master][INFO] 2017-06-10 18:56:02,331: +SUB [/attached_collision_object] /move_group http://ip-172-31-19-100:50187/
[rosmaster.master][INFO] 2017-06-10 18:56:02,342: +SERVICE [/marker_control_26075_1497146162109/get_loggers] /marker_control_26075_1497146162109 http://ip-172-31-19-100:48410/
[rosmaster.master][INFO] 2017-06-10 18:56:02,346: +SERVICE [/marker_control_26075_1497146162109/set_logger_level] /marker_control_26075_1497146162109 http://ip-172-31-19-100:48410/
[rosmaster.master][INFO] 2017-06-10 18:56:02,351: +PUB [/planning_scene] /move_group_commander_wrappers_1497146162085682469 http://ip-172-31-19-100:40223/
[rosmaster.master][INFO] 2017-06-10 18:56:02,356: +PUB [/collision_object] /marker_control_26075_1497146162109 http://ip-172-31-19-100:48410/
[rosmaster.master][INFO] 2017-06-10 18:56:02,360: publisherUpdate[/planning_scene] -> http://ip-172-31-19-100:50187/
[rosmaster.master][INFO] 2017-06-10 18:56:02,361: +PUB [/attached_collision_object] /marker_control_26075_1497146162109 http://ip-172-31-19-100:48410/
[rosmaster.master][INFO] 2017-06-10 18:56:02,365: publisherUpdate[/collision_object] -> http://ip-172-31-19-100:50187/
[rosmaster.master][INFO] 2017-06-10 18:56:02,369: +PUB [/visualization_marker_array] /marker_control_26075_1497146162109 http://ip-172-31-19-100:48410/
[rosmaster.master][INFO] 2017-06-10 18:56:02,372: publisherUpdate[/attached_collision_object] -> http://ip-172-31-19-100:50187/
[rosmaster.master][INFO] 2017-06-10 18:56:02,377: +PUB [/motion_planning_goal] /marker_control_26075_1497146162109 http://ip-172-31-19-100:48410/
[rosmaster.master][INFO] 2017-06-10 18:56:02,385: +SUB [/joint_trajectory] /marker_control_26075_1497146162109 http://ip-172-31-19-100:48410/
[rosmaster.master][INFO] 2017-06-10 18:56:02,391: +PUB [/control_markers/update_full] /marker_control_26075_1497146162109 http://ip-172-31-19-100:48410/
[rosmaster.master][INFO] 2017-06-10 18:56:02,404: +PUB [/control_markers/update] /marker_control_26075_1497146162109 http://ip-172-31-19-100:48410/
[rosmaster.master][INFO] 2017-06-10 18:56:02,413: +SUB [/control_markers/feedback] /marker_control_26075_1497146162109 http://ip-172-31-19-100:48410/
[rosmaster.master][INFO] 2017-06-10 18:56:02,437: publisherUpdate[/control_markers/update] -> http://ip-172-31-19-100:41495/
[rosmaster.master][INFO] 2017-06-10 18:56:02,448: +SERVICE [/move_group/ompl/set_parameters] /move_group http://ip-172-31-19-100:50187/
[rosmaster.master][INFO] 2017-06-10 18:56:02,452: +PUB [/move_group/ompl/parameter_descriptions] /move_group http://ip-172-31-19-100:50187/
[rosmaster.master][INFO] 2017-06-10 18:56:02,457: +PUB [/move_group/ompl/parameter_updates] /move_group http://ip-172-31-19-100:50187/
[rosmaster.master][INFO] 2017-06-10 18:56:02,465: +PARAM [/move_group/ompl/simplify_solutions] by /move_group
[rosmaster.master][INFO] 2017-06-10 18:56:02,470: +PARAM [/move_group/ompl/minimum_waypoint_count] by /move_group
[rosmaster.master][INFO] 2017-06-10 18:56:02,476: +PARAM [/move_group/ompl/maximum_waypoint_distance] by /move_group
[rosmaster.master][INFO] 2017-06-10 18:56:02,481: +PARAM [/move_group/ompl/link_for_exploration_tree] by /move_group
[rosmaster.master][INFO] 2017-06-10 18:56:02,485: +PARAM [/move_group/ompl/display_random_valid_states] by /move_group
[rosmaster.master][INFO] 2017-06-10 18:56:02,490: +PARAM [/move_group/ompl/simplify_solutions] by /move_group
[rosmaster.master][INFO] 2017-06-10 18:56:02,495: +PARAM [/move_group/ompl/minimum_waypoint_count] by /move_group
[rosmaster.master][INFO] 2017-06-10 18:56:02,499: +PARAM [/move_group/ompl/maximum_waypoint_distance] by /move_group
[rosmaster.master][INFO] 2017-06-10 18:56:02,514: +PARAM [/move_group/ompl/link_for_exploration_tree] by /move_group
[rosmaster.master][INFO] 2017-06-10 18:56:02,518: +PARAM [/move_group/ompl/display_random_valid_states] by /move_group
[rosmaster.master][INFO] 2017-06-10 18:56:02,577: +PUB [/move_group/display_planned_path] /move_group http://ip-172-31-19-100:50187/
[rosmaster.master][INFO] 2017-06-10 18:56:02,582: +PUB [/move_group/display_contacts] /move_group http://ip-172-31-19-100:50187/
[rosmaster.master][INFO] 2017-06-10 18:56:02,639: +SERVICE [/apply_planning_scene] /move_group http://ip-172-31-19-100:50187/
[rosmaster.master][INFO] 2017-06-10 18:56:02,644: +SERVICE [/clear_octomap] /move_group http://ip-172-31-19-100:50187/
[rosmaster.master][INFO] 2017-06-10 18:56:02,649: +SERVICE [/compute_cartesian_path] /move_group http://ip-172-31-19-100:50187/
[rosmaster.master][INFO] 2017-06-10 18:56:02,653: +SERVICE [/execute_kinematic_path] /move_group http://ip-172-31-19-100:50187/
[rosmaster.master][INFO] 2017-06-10 18:56:02,660: +PUB [/execute_trajectory/result] /move_group http://ip-172-31-19-100:50187/
[rosmaster.master][INFO] 2017-06-10 18:56:02,664: +PUB [/execute_trajectory/feedback] /move_group http://ip-172-31-19-100:50187/
[rosmaster.master][INFO] 2017-06-10 18:56:02,668: +PUB [/execute_trajectory/status] /move_group http://ip-172-31-19-100:50187/
[rosmaster.master][INFO] 2017-06-10 18:56:02,681: +SUB [/execute_trajectory/goal] /move_group http://ip-172-31-19-100:50187/
[rosmaster.master][INFO] 2017-06-10 18:56:02,690: +SUB [/execute_trajectory/cancel] /move_group http://ip-172-31-19-100:50187/
[rosmaster.master][INFO] 2017-06-10 18:56:02,694: +SERVICE [/get_planning_scene] /move_group http://ip-172-31-19-100:50187/
[rosmaster.master][INFO] 2017-06-10 18:56:02,699: +SERVICE [/compute_fk] /move_group http://ip-172-31-19-100:50187/
[rosmaster.master][INFO] 2017-06-10 18:56:02,704: +SERVICE [/compute_ik] /move_group http://ip-172-31-19-100:50187/
[rosmaster.master][INFO] 2017-06-10 18:56:02,710: +PUB [/move_group/result] /move_group http://ip-172-31-19-100:50187/
[rosmaster.master][INFO] 2017-06-10 18:56:02,714: +PUB [/move_group/feedback] /move_group http://ip-172-31-19-100:50187/
[rosmaster.master][INFO] 2017-06-10 18:56:02,726: +PUB [/move_group/status] /move_group http://ip-172-31-19-100:50187/
[rosmaster.master][INFO] 2017-06-10 18:56:02,739: +SUB [/move_group/goal] /move_group http://ip-172-31-19-100:50187/
[rosmaster.master][INFO] 2017-06-10 18:56:02,748: +SUB [/move_group/cancel] /move_group http://ip-172-31-19-100:50187/
[rosmaster.master][INFO] 2017-06-10 18:56:02,805: +PUB [/pickup/result] /move_group http://ip-172-31-19-100:50187/
[rosmaster.master][INFO] 2017-06-10 18:56:02,810: +PUB [/pickup/feedback] /move_group http://ip-172-31-19-100:50187/
[rosmaster.master][INFO] 2017-06-10 18:56:02,814: +PUB [/pickup/status] /move_group http://ip-172-31-19-100:50187/
[rosmaster.master][INFO] 2017-06-10 18:56:02,826: +SUB [/pickup/goal] /move_group http://ip-172-31-19-100:50187/
[rosmaster.master][INFO] 2017-06-10 18:56:02,839: +SUB [/pickup/cancel] /move_group http://ip-172-31-19-100:50187/
[rosmaster.master][INFO] 2017-06-10 18:56:02,846: +PUB [/place/result] /move_group http://ip-172-31-19-100:50187/
[rosmaster.master][INFO] 2017-06-10 18:56:02,850: +PUB [/place/feedback] /move_group http://ip-172-31-19-100:50187/
[rosmaster.master][INFO] 2017-06-10 18:56:02,855: +PUB [/place/status] /move_group http://ip-172-31-19-100:50187/
[rosmaster.master][INFO] 2017-06-10 18:56:02,867: +SUB [/place/goal] /move_group http://ip-172-31-19-100:50187/
[rosmaster.master][INFO] 2017-06-10 18:56:02,876: +SUB [/place/cancel] /move_group http://ip-172-31-19-100:50187/
[rosmaster.master][INFO] 2017-06-10 18:56:02,880: +SERVICE [/plan_kinematic_path] /move_group http://ip-172-31-19-100:50187/
[rosmaster.master][INFO] 2017-06-10 18:56:02,886: +SERVICE [/query_planner_interface] /move_group http://ip-172-31-19-100:50187/
[rosmaster.master][INFO] 2017-06-10 18:56:02,891: +SERVICE [/check_state_validity] /move_group http://ip-172-31-19-100:50187/
[rosmaster.master][INFO] 2017-06-10 18:56:02,924: +SUB [/control_markers/update_full] /interactive_marker_proxy http://ip-172-31-19-100:41495/
[rosmaster.master][INFO] 2017-06-10 18:56:03,060: -SUB [/control_markers/update_full] /interactive_marker_proxy http://ip-172-31-19-100:41495/
[rosmaster.master][INFO] 2017-06-10 18:56:12,322: +PUB [/tf2_web_republisher/goal] /rosbridge_websocket http://ip-172-31-19-100:33888/
[rosmaster.master][INFO] 2017-06-10 18:56:12,333: +PUB [/tf2_web_republisher/cancel] /rosbridge_websocket http://ip-172-31-19-100:33888/
[rosmaster.master][INFO] 2017-06-10 18:56:12,345: +SUB [/tf2_web_republisher/feedback] /rosbridge_websocket http://ip-172-31-19-100:33888/
[rosmaster.master][INFO] 2017-06-10 18:56:12,359: publisherUpdate[/tf2_web_republisher/goal] -> http://ip-172-31-19-100:60127/
[rosmaster.master][INFO] 2017-06-10 18:56:12,361: +SUB [/visualization_marker_array] /rosbridge_websocket http://ip-172-31-19-100:33888/
[rosmaster.master][INFO] 2017-06-10 18:56:12,370: publisherUpdate[/tf2_web_republisher/cancel] -> http://ip-172-31-19-100:60127/
[rosmaster.master][INFO] 2017-06-10 18:56:12,387: +SUB [/control_markers/tunneled/update] /rosbridge_websocket http://ip-172-31-19-100:33888/
[rosmaster.master][INFO] 2017-06-10 18:56:12,400: +PUB [/control_markers/feedback] /rosbridge_websocket http://ip-172-31-19-100:33888/
[rosmaster.master][INFO] 2017-06-10 18:56:12,478: publisherUpdate[/control_markers/feedback] -> http://ip-172-31-19-100:48410/
[rosmaster.master][INFO] 2017-06-10 18:56:27,932: +PUB [/rosout] /move_group_commander_wrappers_1497146187925139366 http://ip-172-31-19-100:46996/
[rosmaster.master][INFO] 2017-06-10 18:56:27,932: +SERVICE [/move_group_commander_wrappers_1497146187925139366/get_loggers] /move_group_commander_wrappers_1497146187925139366 http://ip-172-31-19-100:46996/
[rosmaster.master][INFO] 2017-06-10 18:56:27,937: +SERVICE [/move_group_commander_wrappers_1497146187925139366/set_logger_level] /move_group_commander_wrappers_1497146187925139366 http://ip-172-31-19-100:46996/
[rosmaster.master][INFO] 2017-06-10 18:56:28,007: publisherUpdate[/rosout] -> http://ip-172-31-19-100:34997/
[rosmaster.master][INFO] 2017-06-10 18:56:28,109: +PUB [/rosout] /move_arm_27058_1497146187942 http://ip-172-31-19-100:58817/
[rosmaster.master][INFO] 2017-06-10 18:56:28,110: publisherUpdate[/rosout] -> http://ip-172-31-19-100:34997/
[rosmaster.master][INFO] 2017-06-10 18:56:28,128: +SERVICE [/move_arm_27058_1497146187942/get_loggers] /move_arm_27058_1497146187942 http://ip-172-31-19-100:58817/
[rosmaster.master][INFO] 2017-06-10 18:56:28,134: +SERVICE [/move_arm_27058_1497146187942/set_logger_level] /move_arm_27058_1497146187942 http://ip-172-31-19-100:58817/
[rosmaster.master][INFO] 2017-06-10 18:56:28,140: +SUB [/joint_states] /move_arm_27058_1497146187942 http://ip-172-31-19-100:58817/
[rosmaster.master][INFO] 2017-06-10 18:56:28,146: +SUB [/motion_planning_goal] /move_arm_27058_1497146187942 http://ip-172-31-19-100:58817/
[rosmaster.master][INFO] 2017-06-10 18:56:28,150: +PUB [/joint_trajectory] /move_arm_27058_1497146187942 http://ip-172-31-19-100:58817/
[rosmaster.master][INFO] 2017-06-10 18:56:28,215: publisherUpdate[/joint_trajectory] -> http://ip-172-31-19-100:54679/
[rosmaster.master][INFO] 2017-06-10 18:56:28,223: publisherUpdate[/joint_trajectory] -> http://ip-172-31-19-100:48410/
[rosmaster.master][INFO] 2017-06-10 18:56:28,338: +SUB [/tf] /move_group_commander_wrappers_1497146187925139366 http://ip-172-31-19-100:46996/
[rosmaster.master][INFO] 2017-06-10 18:56:28,346: +SUB [/tf_static] /move_group_commander_wrappers_1497146187925139366 http://ip-172-31-19-100:46996/
[rosmaster.master][INFO] 2017-06-10 18:56:28,351: +PUB [/planning_scene] /move_group_commander_wrappers_1497146187925139366 http://ip-172-31-19-100:46996/
[rosmaster.master][INFO] 2017-06-10 18:56:28,356: +PUB [/collision_object] /move_arm_27058_1497146187942 http://ip-172-31-19-100:58817/
[rosmaster.master][INFO] 2017-06-10 18:56:28,362: +PUB [/attached_collision_object] /move_arm_27058_1497146187942 http://ip-172-31-19-100:58817/
[rosmaster.master][INFO] 2017-06-10 18:56:28,367: +PUB [/trajectory_execution_event] /move_group_commander_wrappers_1497146187925139366 http://ip-172-31-19-100:46996/
[rosmaster.master][INFO] 2017-06-10 18:56:28,371: +PUB [/attached_collision_object] /move_group_commander_wrappers_1497146187925139366 http://ip-172-31-19-100:46996/
[rosmaster.master][INFO] 2017-06-10 18:56:28,381: +SUB [/move_group/status] /move_group_commander_wrappers_1497146187925139366 http://ip-172-31-19-100:46996/
[rosmaster.master][INFO] 2017-06-10 18:56:28,388: +SUB [/move_group/feedback] /move_group_commander_wrappers_1497146187925139366 http://ip-172-31-19-100:46996/
[rosmaster.master][INFO] 2017-06-10 18:56:28,397: +SUB [/move_group/result] /move_group_commander_wrappers_1497146187925139366 http://ip-172-31-19-100:46996/
[rosmaster.master][INFO] 2017-06-10 18:56:28,402: +PUB [/move_group/goal] /move_group_commander_wrappers_1497146187925139366 http://ip-172-31-19-100:46996/
[rosmaster.master][INFO] 2017-06-10 18:56:28,406: +PUB [/move_group/cancel] /move_group_commander_wrappers_1497146187925139366 http://ip-172-31-19-100:46996/
[rosmaster.master][INFO] 2017-06-10 18:56:28,426: publisherUpdate[/planning_scene] -> http://ip-172-31-19-100:50187/
[rosmaster.master][INFO] 2017-06-10 18:56:28,430: publisherUpdate[/collision_object] -> http://ip-172-31-19-100:50187/
[rosmaster.master][INFO] 2017-06-10 18:56:28,443: publisherUpdate[/attached_collision_object] -> http://ip-172-31-19-100:50187/
[rosmaster.master][INFO] 2017-06-10 18:56:28,447: publisherUpdate[/attached_collision_object] -> http://ip-172-31-19-100:50187/
[rosmaster.master][INFO] 2017-06-10 18:56:28,452: publisherUpdate[/move_group/goal] -> http://ip-172-31-19-100:50187/
[rosmaster.master][INFO] 2017-06-10 18:56:28,456: publisherUpdate[/move_group/cancel] -> http://ip-172-31-19-100:50187/
[rosmaster.master][INFO] 2017-06-10 18:56:28,670: +SUB [/pickup/status] /move_group_commander_wrappers_1497146187925139366 http://ip-172-31-19-100:46996/
[rosmaster.master][INFO] 2017-06-10 18:56:28,679: +SUB [/pickup/feedback] /move_group_commander_wrappers_1497146187925139366 http://ip-172-31-19-100:46996/
[rosmaster.master][INFO] 2017-06-10 18:56:28,687: +SUB [/pickup/result] /move_group_commander_wrappers_1497146187925139366 http://ip-172-31-19-100:46996/
[rosmaster.master][INFO] 2017-06-10 18:56:28,692: +PUB [/pickup/goal] /move_group_commander_wrappers_1497146187925139366 http://ip-172-31-19-100:46996/
[rosmaster.master][INFO] 2017-06-10 18:56:28,696: +PUB [/pickup/cancel] /move_group_commander_wrappers_1497146187925139366 http://ip-172-31-19-100:46996/
[rosmaster.master][INFO] 2017-06-10 18:56:28,729: publisherUpdate[/pickup/goal] -> http://ip-172-31-19-100:50187/
[rosmaster.master][INFO] 2017-06-10 18:56:28,734: publisherUpdate[/pickup/cancel] -> http://ip-172-31-19-100:50187/
[rosmaster.master][INFO] 2017-06-10 18:56:28,946: +SUB [/place/status] /move_group_commander_wrappers_1497146187925139366 http://ip-172-31-19-100:46996/
[rosmaster.master][INFO] 2017-06-10 18:56:28,954: +SUB [/place/feedback] /move_group_commander_wrappers_1497146187925139366 http://ip-172-31-19-100:46996/
[rosmaster.master][INFO] 2017-06-10 18:56:28,965: +SUB [/place/result] /move_group_commander_wrappers_1497146187925139366 http://ip-172-31-19-100:46996/
[rosmaster.master][INFO] 2017-06-10 18:56:28,976: +PUB [/place/goal] /move_group_commander_wrappers_1497146187925139366 http://ip-172-31-19-100:46996/
[rosmaster.master][INFO] 2017-06-10 18:56:28,980: +PUB [/place/cancel] /move_group_commander_wrappers_1497146187925139366 http://ip-172-31-19-100:46996/
[rosmaster.master][INFO] 2017-06-10 18:56:29,033: publisherUpdate[/place/goal] -> http://ip-172-31-19-100:50187/
[rosmaster.master][INFO] 2017-06-10 18:56:29,038: publisherUpdate[/place/cancel] -> http://ip-172-31-19-100:50187/
[rosmaster.master][INFO] 2017-06-10 18:56:29,150: +SUB [/execute_trajectory/status] /move_group_commander_wrappers_1497146187925139366 http://ip-172-31-19-100:46996/
[rosmaster.master][INFO] 2017-06-10 18:56:29,158: +SUB [/execute_trajectory/feedback] /move_group_commander_wrappers_1497146187925139366 http://ip-172-31-19-100:46996/
[rosmaster.master][INFO] 2017-06-10 18:56:29,166: +SUB [/execute_trajectory/result] /move_group_commander_wrappers_1497146187925139366 http://ip-172-31-19-100:46996/
[rosmaster.master][INFO] 2017-06-10 18:56:29,171: +PUB [/execute_trajectory/goal] /move_group_commander_wrappers_1497146187925139366 http://ip-172-31-19-100:46996/
[rosmaster.master][INFO] 2017-06-10 18:56:29,175: +PUB [/execute_trajectory/cancel] /move_group_commander_wrappers_1497146187925139366 http://ip-172-31-19-100:46996/
[rosmaster.master][INFO] 2017-06-10 18:56:29,190: -SUB [/execute_trajectory/status] /move_group_commander_wrappers_1497146187925139366 http://ip-172-31-19-100:46996/
[rosmaster.master][INFO] 2017-06-10 18:56:29,194: -PUB [/execute_trajectory/cancel] /move_group_commander_wrappers_1497146187925139366 http://ip-172-31-19-100:46996/
[rosmaster.master][INFO] 2017-06-10 18:56:29,198: -PUB [/execute_trajectory/goal] /move_group_commander_wrappers_1497146187925139366 http://ip-172-31-19-100:46996/
[rosmaster.master][INFO] 2017-06-10 18:56:29,203: -SUB [/execute_trajectory/feedback] /move_group_commander_wrappers_1497146187925139366 http://ip-172-31-19-100:46996/
[rosmaster.master][INFO] 2017-06-10 18:56:29,207: -SUB [/execute_trajectory/result] /move_group_commander_wrappers_1497146187925139366 http://ip-172-31-19-100:46996/
[rosmaster.master][INFO] 2017-06-10 18:56:29,239: publisherUpdate[/execute_trajectory/goal] -> http://ip-172-31-19-100:50187/
[rosmaster.master][INFO] 2017-06-10 18:56:29,243: publisherUpdate[/execute_trajectory/cancel] -> http://ip-172-31-19-100:50187/
[rosmaster.master][INFO] 2017-06-10 18:56:29,247: publisherUpdate[/execute_trajectory/cancel] -> http://ip-172-31-19-100:50187/
[rosmaster.master][INFO] 2017-06-10 18:56:29,251: publisherUpdate[/execute_trajectory/goal] -> http://ip-172-31-19-100:50187/
