[rospy.client][INFO] 2017-06-10 18:55:58,964: init_node, name[/rosbridge_websocket], pid[25833]
[xmlrpc][INFO] 2017-06-10 18:55:58,965: XML-RPC server binding to 0.0.0.0:0
[xmlrpc][INFO] 2017-06-10 18:55:58,970: Started XML-RPC server [http://ip-172-31-19-100:33888/]
[rospy.init][INFO] 2017-06-10 18:55:58,970: ROS Slave URI: [http://ip-172-31-19-100:33888/]
[rospy.impl.masterslave][INFO] 2017-06-10 18:55:58,973: _ready: http://ip-172-31-19-100:33888/
[xmlrpc][INFO] 2017-06-10 18:55:58,983: xml rpc node: starting XML-RPC server
[rospy.registration][INFO] 2017-06-10 18:55:58,983: Registering with master node http://localhost:45015
[rospy.init][INFO] 2017-06-10 18:55:59,079: registered with master
[rospy.rosout][INFO] 2017-06-10 18:55:59,082: initializing /rosout core topic
[rospy.rosout][INFO] 2017-06-10 18:55:59,092: connected to core topic /rosout
[rospy.simtime][INFO] 2017-06-10 18:55:59,097: /use_sim_time is not set, will not subscribe to simulated time [/clock] topic
[rosout][INFO] 2017-06-10 18:55:59,130: Rosbridge WebSocket server started on port 57395
[rospy.internal][INFO] 2017-06-10 18:55:59,360: topic[/rosout] adding connection to [/rosout], count 0
[rosout][INFO] 2017-06-10 18:56:12,188: Client connected.  1 clients total.
[rosout][INFO] 2017-06-10 18:56:12,349: [Client 0] Subscribed to /tf2_web_republisher/feedback
[rospy.internal][INFO] 2017-06-10 18:56:12,367: topic[/tf2_web_republisher/feedback] adding connection to [http://ip-172-31-19-100:60127/], count 0
[rosout][INFO] 2017-06-10 18:56:12,374: [Client 0] Subscribed to /visualization_marker_array
[rospy.internal][INFO] 2017-06-10 18:56:12,378: topic[/visualization_marker_array] adding connection to [http://ip-172-31-19-100:48410/], count 0
[rosout][INFO] 2017-06-10 18:56:12,391: [Client 0] Subscribed to /control_markers/tunneled/update
[rospy.internal][INFO] 2017-06-10 18:56:12,393: topic[/control_markers/tunneled/update] adding connection to [http://ip-172-31-19-100:41495/], count 0
[rospy.internal][INFO] 2017-06-10 18:56:12,502: topic[/control_markers/feedback] adding connection to [/marker_control_26075_1497146162109], count 0
[rosout][INFO] 2017-06-10 18:56:12,505: [Client 0] Subscribed to /tf2_web_republisher/feedback
[rosout][INFO] 2017-06-10 18:56:12,520: [Client 0] Subscribed to /tf2_web_republisher/feedback
[rosout][INFO] 2017-06-10 18:56:12,525: [Client 0] Subscribed to /tf2_web_republisher/feedback
[rosout][INFO] 2017-06-10 18:56:12,529: [Client 0] Subscribed to /tf2_web_republisher/feedback
[rosout][INFO] 2017-06-10 18:56:12,533: [Client 0] Subscribed to /tf2_web_republisher/feedback
[rosout][INFO] 2017-06-10 18:56:12,538: [Client 0] Subscribed to /tf2_web_republisher/feedback
[rosout][INFO] 2017-06-10 18:56:12,545: [Client 0] Subscribed to /tf2_web_republisher/feedback
[rospy.internal][INFO] 2017-06-10 18:56:12,580: topic[/tf2_web_republisher/goal] adding connection to [/tf2_web_republisher], count 0
[rospy.internal][INFO] 2017-06-10 18:56:12,584: topic[/tf2_web_republisher/cancel] adding connection to [/tf2_web_republisher], count 0
[rospy.internal][INFO] 2017-06-10 18:58:08,521: topic impl's ref count is zero, deleting topic /tf2_web_republisher/cancel...
[rospy.internal][INFO] 2017-06-10 18:58:08,521: topic[/tf2_web_republisher/cancel] removing connection to /tf2_web_republisher
[rospy.internal][INFO] 2017-06-10 18:58:08,528: topic impl's ref count is zero, deleting topic /tf2_web_republisher/goal...
[rospy.internal][INFO] 2017-06-10 18:58:08,531: topic[/tf2_web_republisher/goal] removing connection to /tf2_web_republisher
[rospy.internal][INFO] 2017-06-10 18:58:08,540: topic impl's ref count is zero, deleting topic /control_markers/feedback...
[rospy.internal][INFO] 2017-06-10 18:58:08,544: topic[/control_markers/feedback] removing connection to /marker_control_26075_1497146162109
[rospy.internal][INFO] 2017-06-10 18:58:08,552: topic impl's ref count is zero, deleting topic /control_markers/tunneled/update...
[rospy.internal][INFO] 2017-06-10 18:58:08,556: topic[/control_markers/tunneled/update] removing connection to http://ip-172-31-19-100:41495/
[rospy.internal][INFO] 2017-06-10 18:58:08,566: topic impl's ref count is zero, deleting topic /tf2_web_republisher/feedback...
[rospy.internal][INFO] 2017-06-10 18:58:08,569: topic[/tf2_web_republisher/feedback] removing connection to http://ip-172-31-19-100:60127/
[rospy.internal][WARNING] 2017-06-10 18:58:08,570: Unknown error initiating TCP/IP socket to ip-172-31-19-100:59566 (http://ip-172-31-19-100:60127/): Traceback (most recent call last):
  File "/opt/ros/indigo/lib/python2.7/dist-packages/rospy/impl/tcpros_base.py", line 558, in connect
    self.local_endpoint = self.socket.getsockname()
AttributeError: 'NoneType' object has no attribute 'getsockname'

[rospy.internal][INFO] 2017-06-10 18:58:08,580: topic impl's ref count is zero, deleting topic /visualization_marker_array...
[rospy.internal][INFO] 2017-06-10 18:58:08,589: topic[/visualization_marker_array] removing connection to http://ip-172-31-19-100:48410/
[rospy.internal][WARNING] 2017-06-10 18:58:08,590: Unknown error initiating TCP/IP socket to ip-172-31-19-100:46928 (http://ip-172-31-19-100:48410/): Traceback (most recent call last):
  File "/opt/ros/indigo/lib/python2.7/dist-packages/rospy/impl/tcpros_base.py", line 558, in connect
    self.local_endpoint = self.socket.getsockname()
AttributeError: 'NoneType' object has no attribute 'getsockname'

[rosout][INFO] 2017-06-10 18:58:08,598: Client disconnected. 0 clients total.
