[roslaunch][INFO] 2017-06-10 18:56:00,158: Checking log directory for disk usage. This may take awhile.
Press Ctrl-C to interrupt
[roslaunch][INFO] 2017-06-10 18:56:00,210: Done checking log file disk usage. Usage is <1GB.
[roslaunch][INFO] 2017-06-10 18:56:00,210: roslaunch starting with args ['/opt/ros/indigo/bin/roslaunch', '-p', '45015', 'motion_planning', 'mp.launch']
[roslaunch][INFO] 2017-06-10 18:56:00,215: roslaunch env is {'ROS_DISTRO': 'indigo', 'ASNLIB': '/home/ccc_v1_s54106__48606/asn13529_Project_5/asn13530_Project_4/asnlib', 'LIB': '/home/ccc_v1_s54106__48606/lib', 'PKG_CONFIG_PATH': '/home/ccc_v1_w_dd4cc_18220/asn13529_Project_5/asn13530_Project_4/work/catkin_ws/devel/lib/pkgconfig:/opt/ros/indigo/lib/x86_64-linux-gnu/pkgconfig:/opt/ros/indigo/lib/pkgconfig', 'SSH_CLIENT': '172.31.7.153 53228 22', 'CPATH': '/opt/ros/indigo/include', 'LOGNAME': 'ccc_v1_w_dd4cc_18220', 'USER': 'ccc_v1_w_dd4cc_18220', 'ROS_NODE_PORT': '45015', 'HOME': '/home/ccc_v1_w_dd4cc_18220/asn13529_Project_5/asn13530_Project_4/work', 'PATH': '/opt/ros/indigo/bin:/usr/local/sbin:/usr/local/bin:/usr/sbin:/usr/bin:/sbin:/bin:/usr/games:/usr/local/games:/home/local/bin:/home/ccc_v1_s54106__48606/lib:/home/ccc_v1_s54106__48606/asn13529_Project_5/asn13530_Project_4/asnlib:/home/vlibs:.', 'CMAKE_PREFIX_PATH': '/home/ccc_v1_w_dd4cc_18220/asn13529_Project_5/asn13530_Project_4/work/catkin_ws/devel:/opt/ros/indigo', 'LD_LIBRARY_PATH': '/home/ccc_v1_w_dd4cc_18220/asn13529_Project_5/asn13530_Project_4/work/catkin_ws/devel/lib:/opt/ros/indigo/lib/x86_64-linux-gnu:/opt/ros/indigo/lib:/home/ccc_v1_s54106__48606/lib:/home/ccc_v1_s54106__48606/asn13529_Project_5/asn13530_Project_4/asnlib:/home/vlibs', 'LANG': 'en_US.UTF-8', 'TERM': 'xterm-256color', 'SHELL': '/bin/bash', 'HISTFILE': '/home/ccc_v1_w_dd4cc_18220/.bash_history', 'SHLVL': '2', 'VOC_WORKAREA': '/home/ccc_v1_w_dd4cc_18220/asn13529_Project_5/asn13530_Project_4/work', 'ROS_LOG_FILENAME': '/home/ccc_v1_w_dd4cc_18220/asn13529_Project_5/asn13530_Project_4/work/.ros/log/1b668db6-4e49-11e7-a824-06f360e4abc1/roslaunch-ip-172-31-19-100-26049.log', 'PART1': '/home/ccc_v1_s54106__48606/asn13529_Project_5/asn13530_Project_4', 'ROS_ETC_DIR': '/opt/ros/indigo/etc/ros', 'XDG_RUNTIME_DIR': '/run/user/18220', 'PYTHONPATH': '/opt/ros/indigo/lib/python2.7/dist-packages:/home/vlibs/python', 'VOC_PROXY_WRAPPER_PORT': '5100', 'VOC_XFER_TOKEN': '379564564354243542135300593ca323517b64.02643285', 'ROS_ROOT': '/opt/ros/indigo/share/ros', 'OLD_HOME': '/home/ccc_v1_w_dd4cc_18220', 'VOC_PROXY_TOKEN': '85692203643542435421353001593ca323576d30.63619090', 'ROS_PACKAGE_PATH': '/home/ccc_v1_w_dd4cc_18220/asn13529_Project_5/asn13530_Project_4/work/catkin_ws/src:/opt/ros/indigo/share:/opt/ros/indigo/stacks', 'XDG_SESSION_ID': '323457', '_': '/usr/bin/stdbuf', 'LD_PRELOAD': '/usr/lib/coreutils/libstdbuf.so', '_STDBUF_O': 'L', 'SSH_TTY': '/dev/pts/7', 'OLDPWD': '/home/ccc_v1_w_dd4cc_18220/asn13529_Project_5/asn13530_Project_4/work/catkin_ws', 'ROSLISP_PACKAGE_DIRECTORIES': '/home/ccc_v1_w_dd4cc_18220/asn13529_Project_5/asn13530_Project_4/work/catkin_ws/devel/share/common-lisp', 'VLIB': '/home/vlibs', 'PWD': '/home/ccc_v1_w_dd4cc_18220/asn13529_Project_5/asn13530_Project_4/work', 'VOC_PROXY_ID': '43542_43542_13530_0_1', 'ROS_MASTER_URI': 'http://localhost:45015', 'MAIL': '/var/mail/ccc_v1_w_dd4cc_18220', 'SSH_CONNECTION': '172.31.7.153 53228 172.31.19.100 22'}
[roslaunch][INFO] 2017-06-10 18:56:00,218: starting in server mode
[roslaunch.parent][INFO] 2017-06-10 18:56:00,222: starting roslaunch parent run
[roslaunch][INFO] 2017-06-10 18:56:00,226: loading roscore config file /opt/ros/indigo/etc/ros/roscore.xml
[roslaunch][INFO] 2017-06-10 18:56:00,387: Added core node of type [rosout/rosout] in namespace [/]
[roslaunch.config][INFO] 2017-06-10 18:56:00,389: loading config file /home/ccc_v1_w_dd4cc_18220/asn13529_Project_5/asn13530_Project_4/work/catkin_ws/src/motion_planning/launch/mp.launch
[roslaunch][INFO] 2017-06-10 18:56:00,716: Added node of type [robot_sim/robot_sim_bringup] in namespace [/]
[roslaunch][INFO] 2017-06-10 18:56:00,717: Added node of type [robot_state_publisher/robot_state_publisher] in namespace [/]
[roslaunch][INFO] 2017-06-10 18:56:00,762: Added node of type [moveit_ros_move_group/move_group] in namespace [/]
[roslaunch][INFO] 2017-06-10 18:56:00,766: ... selected machine [] for node of type [robot_sim/robot_sim_bringup]
[roslaunch][INFO] 2017-06-10 18:56:00,769: ... selected machine [] for node of type [robot_state_publisher/robot_state_publisher]
[roslaunch][INFO] 2017-06-10 18:56:00,773: ... selected machine [] for node of type [moveit_ros_move_group/move_group]
[roslaunch.pmon][INFO] 2017-06-10 18:56:00,778: start_process_monitor: creating ProcessMonitor
[roslaunch.pmon][INFO] 2017-06-10 18:56:00,782: created process monitor <ProcessMonitor(ProcessMonitor-1, initial daemon)>
[roslaunch.pmon][INFO] 2017-06-10 18:56:00,792: start_process_monitor: ProcessMonitor started
[roslaunch.parent][INFO] 2017-06-10 18:56:00,796: starting parent XML-RPC server
[roslaunch.server][INFO] 2017-06-10 18:56:00,800: starting roslaunch XML-RPC server
[roslaunch.server][INFO] 2017-06-10 18:56:00,803: waiting for roslaunch XML-RPC server to initialize
[xmlrpc][INFO] 2017-06-10 18:56:00,804: XML-RPC server binding to 0.0.0.0:0
[xmlrpc][INFO] 2017-06-10 18:56:00,811: Started XML-RPC server [http://ip-172-31-19-100:38946/]
[xmlrpc][INFO] 2017-06-10 18:56:00,814: xml rpc node: starting XML-RPC server
[roslaunch][INFO] 2017-06-10 18:56:00,823: started roslaunch server http://ip-172-31-19-100:38946/
[roslaunch.parent][INFO] 2017-06-10 18:56:00,827: ... parent XML-RPC server started
[roslaunch][INFO] 2017-06-10 18:56:00,831: master.is_running[http://ip-172-31-19-100:45015/]
[roslaunch][INFO] 2017-06-10 18:56:00,836: master.is_running[http://ip-172-31-19-100:45015/]
[roslaunch][INFO] 2017-06-10 18:56:00,842: ROS_MASTER_URI=http://ip-172-31-19-100:45015/
[roslaunch][INFO] 2017-06-10 18:56:00,848: setting /roslaunch/uris/host_ip_172_31_19_100__38946' to http://ip-172-31-19-100:38946/
[roslaunch][INFO] 2017-06-10 18:56:00,855: load_parameters starting ...
[roslaunch][INFO] 2017-06-10 18:56:01,243: ... load_parameters complete
[roslaunch][INFO] 2017-06-10 18:56:01,247: launch_nodes: launching local nodes ...
[roslaunch][INFO] 2017-06-10 18:56:01,250: ... preparing to launch node of type [robot_sim/robot_sim_bringup]
[roslaunch][INFO] 2017-06-10 18:56:01,254: create_node_process: package[robot_sim] type[robot_sim_bringup] machine[Machine(name[] env_loader[None] address[localhost] ssh_port[22] user[None] assignable[True] timeout[10.0])] master_uri[http://ip-172-31-19-100:45015/]
[roslaunch][INFO] 2017-06-10 18:56:01,257: process[robot_sim-1]: env[{'ROS_DISTRO': 'indigo', 'ASNLIB': '/home/ccc_v1_s54106__48606/asn13529_Project_5/asn13530_Project_4/asnlib', 'LIB': '/home/ccc_v1_s54106__48606/lib', 'VOC_PROXY_TOKEN': '85692203643542435421353001593ca323576d30.63619090', 'SSH_CLIENT': '172.31.7.153 53228 22', 'CPATH': '/opt/ros/indigo/include', 'LOGNAME': 'ccc_v1_w_dd4cc_18220', 'USER': 'ccc_v1_w_dd4cc_18220', 'ROS_NODE_PORT': '45015', 'HOME': '/home/ccc_v1_w_dd4cc_18220/asn13529_Project_5/asn13530_Project_4/work', 'PATH': '/opt/ros/indigo/bin:/usr/local/sbin:/usr/local/bin:/usr/sbin:/usr/bin:/sbin:/bin:/usr/games:/usr/local/games:/home/local/bin:/home/ccc_v1_s54106__48606/lib:/home/ccc_v1_s54106__48606/asn13529_Project_5/asn13530_Project_4/asnlib:/home/vlibs:.', 'CMAKE_PREFIX_PATH': '/home/ccc_v1_w_dd4cc_18220/asn13529_Project_5/asn13530_Project_4/work/catkin_ws/devel:/opt/ros/indigo', 'ROS_LOG_FILENAME': '/home/ccc_v1_w_dd4cc_18220/asn13529_Project_5/asn13530_Project_4/work/.ros/log/1b668db6-4e49-11e7-a824-06f360e4abc1/roslaunch-ip-172-31-19-100-26049.log', 'LANG': 'en_US.UTF-8', 'TERM': 'xterm-256color', 'SHELL': '/bin/bash', 'HISTFILE': '/home/ccc_v1_w_dd4cc_18220/.bash_history', 'SHLVL': '2', 'VOC_WORKAREA': '/home/ccc_v1_w_dd4cc_18220/asn13529_Project_5/asn13530_Project_4/work', 'LD_LIBRARY_PATH': '/home/ccc_v1_w_dd4cc_18220/asn13529_Project_5/asn13530_Project_4/work/catkin_ws/devel/lib:/opt/ros/indigo/lib/x86_64-linux-gnu:/opt/ros/indigo/lib:/home/ccc_v1_s54106__48606/lib:/home/ccc_v1_s54106__48606/asn13529_Project_5/asn13530_Project_4/asnlib:/home/vlibs', 'PART1': '/home/ccc_v1_s54106__48606/asn13529_Project_5/asn13530_Project_4', 'ROS_MASTER_URI': 'http://ip-172-31-19-100:45015/', 'XDG_RUNTIME_DIR': '/run/user/18220', 'PYTHONPATH': '/opt/ros/indigo/lib/python2.7/dist-packages:/home/vlibs/python', 'VOC_PROXY_WRAPPER_PORT': '5100', 'VOC_XFER_TOKEN': '379564564354243542135300593ca323517b64.02643285', 'ROS_ROOT': '/opt/ros/indigo/share/ros', 'OLD_HOME': '/home/ccc_v1_w_dd4cc_18220', 'PKG_CONFIG_PATH': '/home/ccc_v1_w_dd4cc_18220/asn13529_Project_5/asn13530_Project_4/work/catkin_ws/devel/lib/pkgconfig:/opt/ros/indigo/lib/x86_64-linux-gnu/pkgconfig:/opt/ros/indigo/lib/pkgconfig', 'ROS_PACKAGE_PATH': '/home/ccc_v1_w_dd4cc_18220/asn13529_Project_5/asn13530_Project_4/work/catkin_ws/src:/opt/ros/indigo/share:/opt/ros/indigo/stacks', 'XDG_SESSION_ID': '323457', '_': '/usr/bin/stdbuf', 'LD_PRELOAD': '/usr/lib/coreutils/libstdbuf.so', '_STDBUF_O': 'L', 'SSH_TTY': '/dev/pts/7', 'OLDPWD': '/home/ccc_v1_w_dd4cc_18220/asn13529_Project_5/asn13530_Project_4/work/catkin_ws', 'ROSLISP_PACKAGE_DIRECTORIES': '/home/ccc_v1_w_dd4cc_18220/asn13529_Project_5/asn13530_Project_4/work/catkin_ws/devel/share/common-lisp', 'VLIB': '/home/vlibs', 'PWD': '/home/ccc_v1_w_dd4cc_18220/asn13529_Project_5/asn13530_Project_4/work', 'VOC_PROXY_ID': '43542_43542_13530_0_1', 'ROS_ETC_DIR': '/opt/ros/indigo/etc/ros', 'MAIL': '/var/mail/ccc_v1_w_dd4cc_18220', 'SSH_CONNECTION': '172.31.7.153 53228 172.31.19.100 22'}]
[roslaunch][INFO] 2017-06-10 18:56:01,336: process[robot_sim-1]: args[[u'/home/ccc_v1_w_dd4cc_18220/asn13529_Project_5/asn13530_Project_4/work/catkin_ws/devel/lib/robot_sim/robot_sim_bringup', u'__name:=robot_sim']]
[roslaunch][INFO] 2017-06-10 18:56:01,340: ... created process [robot_sim-1]
[roslaunch.pmon][INFO] 2017-06-10 18:56:01,343: ProcessMonitor.register[robot_sim-1]
[roslaunch.pmon][INFO] 2017-06-10 18:56:01,347: ProcessMonitor.register[robot_sim-1] complete
[roslaunch][INFO] 2017-06-10 18:56:01,350: ... registered process [robot_sim-1]
[roslaunch][INFO] 2017-06-10 18:56:01,354: process[robot_sim-1]: starting os process
[roslaunch][INFO] 2017-06-10 18:56:01,358: process[robot_sim-1]: start w/ args [[u'/home/ccc_v1_w_dd4cc_18220/asn13529_Project_5/asn13530_Project_4/work/catkin_ws/devel/lib/robot_sim/robot_sim_bringup', u'__name:=robot_sim', u'__log:=/home/ccc_v1_w_dd4cc_18220/asn13529_Project_5/asn13530_Project_4/work/.ros/log/1b668db6-4e49-11e7-a824-06f360e4abc1/robot_sim-1.log']]
[roslaunch][INFO] 2017-06-10 18:56:01,361: process[robot_sim-1]: cwd will be [/home/ccc_v1_w_dd4cc_18220/asn13529_Project_5/asn13530_Project_4/work/.ros]
[roslaunch][INFO] 2017-06-10 18:56:01,371: process[robot_sim-1]: started with pid [26083]
[roslaunch][INFO] 2017-06-10 18:56:01,372: ... successfully launched [robot_sim-1]
[roslaunch][INFO] 2017-06-10 18:56:01,377: ... preparing to launch node of type [robot_state_publisher/robot_state_publisher]
[roslaunch][INFO] 2017-06-10 18:56:01,380: create_node_process: package[robot_state_publisher] type[robot_state_publisher] machine[Machine(name[] env_loader[None] address[localhost] ssh_port[22] user[None] assignable[True] timeout[10.0])] master_uri[http://ip-172-31-19-100:45015/]
[roslaunch][INFO] 2017-06-10 18:56:01,384: process[robot_state_publisher-2]: env[{'ROS_DISTRO': 'indigo', 'ASNLIB': '/home/ccc_v1_s54106__48606/asn13529_Project_5/asn13530_Project_4/asnlib', 'LIB': '/home/ccc_v1_s54106__48606/lib', 'VOC_PROXY_TOKEN': '85692203643542435421353001593ca323576d30.63619090', 'SSH_CLIENT': '172.31.7.153 53228 22', 'CPATH': '/opt/ros/indigo/include', 'LOGNAME': 'ccc_v1_w_dd4cc_18220', 'USER': 'ccc_v1_w_dd4cc_18220', 'ROS_NODE_PORT': '45015', 'HOME': '/home/ccc_v1_w_dd4cc_18220/asn13529_Project_5/asn13530_Project_4/work', 'PATH': '/opt/ros/indigo/bin:/usr/local/sbin:/usr/local/bin:/usr/sbin:/usr/bin:/sbin:/bin:/usr/games:/usr/local/games:/home/local/bin:/home/ccc_v1_s54106__48606/lib:/home/ccc_v1_s54106__48606/asn13529_Project_5/asn13530_Project_4/asnlib:/home/vlibs:.', 'CMAKE_PREFIX_PATH': '/home/ccc_v1_w_dd4cc_18220/asn13529_Project_5/asn13530_Project_4/work/catkin_ws/devel:/opt/ros/indigo', 'ROS_LOG_FILENAME': '/home/ccc_v1_w_dd4cc_18220/asn13529_Project_5/asn13530_Project_4/work/.ros/log/1b668db6-4e49-11e7-a824-06f360e4abc1/roslaunch-ip-172-31-19-100-26049.log', 'LANG': 'en_US.UTF-8', 'TERM': 'xterm-256color', 'SHELL': '/bin/bash', 'HISTFILE': '/home/ccc_v1_w_dd4cc_18220/.bash_history', 'SHLVL': '2', 'VOC_WORKAREA': '/home/ccc_v1_w_dd4cc_18220/asn13529_Project_5/asn13530_Project_4/work', 'LD_LIBRARY_PATH': '/home/ccc_v1_w_dd4cc_18220/asn13529_Project_5/asn13530_Project_4/work/catkin_ws/devel/lib:/opt/ros/indigo/lib/x86_64-linux-gnu:/opt/ros/indigo/lib:/home/ccc_v1_s54106__48606/lib:/home/ccc_v1_s54106__48606/asn13529_Project_5/asn13530_Project_4/asnlib:/home/vlibs', 'PART1': '/home/ccc_v1_s54106__48606/asn13529_Project_5/asn13530_Project_4', 'ROS_MASTER_URI': 'http://ip-172-31-19-100:45015/', 'XDG_RUNTIME_DIR': '/run/user/18220', 'PYTHONPATH': '/opt/ros/indigo/lib/python2.7/dist-packages:/home/vlibs/python', 'VOC_PROXY_WRAPPER_PORT': '5100', 'VOC_XFER_TOKEN': '379564564354243542135300593ca323517b64.02643285', 'ROS_ROOT': '/opt/ros/indigo/share/ros', 'OLD_HOME': '/home/ccc_v1_w_dd4cc_18220', 'PKG_CONFIG_PATH': '/home/ccc_v1_w_dd4cc_18220/asn13529_Project_5/asn13530_Project_4/work/catkin_ws/devel/lib/pkgconfig:/opt/ros/indigo/lib/x86_64-linux-gnu/pkgconfig:/opt/ros/indigo/lib/pkgconfig', 'ROS_PACKAGE_PATH': '/home/ccc_v1_w_dd4cc_18220/asn13529_Project_5/asn13530_Project_4/work/catkin_ws/src:/opt/ros/indigo/share:/opt/ros/indigo/stacks', 'XDG_SESSION_ID': '323457', '_': '/usr/bin/stdbuf', 'LD_PRELOAD': '/usr/lib/coreutils/libstdbuf.so', '_STDBUF_O': 'L', 'SSH_TTY': '/dev/pts/7', 'OLDPWD': '/home/ccc_v1_w_dd4cc_18220/asn13529_Project_5/asn13530_Project_4/work/catkin_ws', 'ROSLISP_PACKAGE_DIRECTORIES': '/home/ccc_v1_w_dd4cc_18220/asn13529_Project_5/asn13530_Project_4/work/catkin_ws/devel/share/common-lisp', 'VLIB': '/home/vlibs', 'PWD': '/home/ccc_v1_w_dd4cc_18220/asn13529_Project_5/asn13530_Project_4/work', 'VOC_PROXY_ID': '43542_43542_13530_0_1', 'ROS_ETC_DIR': '/opt/ros/indigo/etc/ros', 'MAIL': '/var/mail/ccc_v1_w_dd4cc_18220', 'SSH_CONNECTION': '172.31.7.153 53228 172.31.19.100 22'}]
[roslaunch][INFO] 2017-06-10 18:56:01,389: process[robot_state_publisher-2]: args[[u'/opt/ros/indigo/lib/robot_state_publisher/robot_state_publisher', u'__name:=robot_state_publisher']]
[roslaunch][INFO] 2017-06-10 18:56:01,393: ... created process [robot_state_publisher-2]
[roslaunch.pmon][INFO] 2017-06-10 18:56:01,396: ProcessMonitor.register[robot_state_publisher-2]
[roslaunch.pmon][INFO] 2017-06-10 18:56:01,400: ProcessMonitor.register[robot_state_publisher-2] complete
[roslaunch][INFO] 2017-06-10 18:56:01,404: ... registered process [robot_state_publisher-2]
[roslaunch][INFO] 2017-06-10 18:56:01,407: process[robot_state_publisher-2]: starting os process
[roslaunch][INFO] 2017-06-10 18:56:01,411: process[robot_state_publisher-2]: start w/ args [[u'/opt/ros/indigo/lib/robot_state_publisher/robot_state_publisher', u'__name:=robot_state_publisher', u'__log:=/home/ccc_v1_w_dd4cc_18220/asn13529_Project_5/asn13530_Project_4/work/.ros/log/1b668db6-4e49-11e7-a824-06f360e4abc1/robot_state_publisher-2.log']]
[roslaunch][INFO] 2017-06-10 18:56:01,414: process[robot_state_publisher-2]: cwd will be [/home/ccc_v1_w_dd4cc_18220/asn13529_Project_5/asn13530_Project_4/work/.ros]
[roslaunch][INFO] 2017-06-10 18:56:01,423: process[robot_state_publisher-2]: started with pid [26084]
[roslaunch][INFO] 2017-06-10 18:56:01,424: ... successfully launched [robot_state_publisher-2]
[roslaunch][INFO] 2017-06-10 18:56:01,434: ... preparing to launch node of type [moveit_ros_move_group/move_group]
[roslaunch][INFO] 2017-06-10 18:56:01,438: create_node_process: package[moveit_ros_move_group] type[move_group] machine[Machine(name[] env_loader[None] address[localhost] ssh_port[22] user[None] assignable[True] timeout[10.0])] master_uri[http://ip-172-31-19-100:45015/]
[roslaunch][INFO] 2017-06-10 18:56:01,441: process[move_group-3]: env[{'ROS_DISTRO': 'indigo', 'ASNLIB': '/home/ccc_v1_s54106__48606/asn13529_Project_5/asn13530_Project_4/asnlib', 'LIB': '/home/ccc_v1_s54106__48606/lib', 'VOC_PROXY_TOKEN': '85692203643542435421353001593ca323576d30.63619090', 'SSH_CLIENT': '172.31.7.153 53228 22', 'CPATH': '/opt/ros/indigo/include', 'LOGNAME': 'ccc_v1_w_dd4cc_18220', 'USER': 'ccc_v1_w_dd4cc_18220', 'ROS_NODE_PORT': '45015', 'HOME': '/home/ccc_v1_w_dd4cc_18220/asn13529_Project_5/asn13530_Project_4/work', 'PATH': '/opt/ros/indigo/bin:/usr/local/sbin:/usr/local/bin:/usr/sbin:/usr/bin:/sbin:/bin:/usr/games:/usr/local/games:/home/local/bin:/home/ccc_v1_s54106__48606/lib:/home/ccc_v1_s54106__48606/asn13529_Project_5/asn13530_Project_4/asnlib:/home/vlibs:.', 'CMAKE_PREFIX_PATH': '/home/ccc_v1_w_dd4cc_18220/asn13529_Project_5/asn13530_Project_4/work/catkin_ws/devel:/opt/ros/indigo', 'ROS_LOG_FILENAME': '/home/ccc_v1_w_dd4cc_18220/asn13529_Project_5/asn13530_Project_4/work/.ros/log/1b668db6-4e49-11e7-a824-06f360e4abc1/roslaunch-ip-172-31-19-100-26049.log', 'LANG': 'en_US.UTF-8', 'TERM': 'xterm-256color', 'SHELL': '/bin/bash', 'HISTFILE': '/home/ccc_v1_w_dd4cc_18220/.bash_history', 'SHLVL': '2', 'VOC_WORKAREA': '/home/ccc_v1_w_dd4cc_18220/asn13529_Project_5/asn13530_Project_4/work', 'LD_LIBRARY_PATH': '/home/ccc_v1_w_dd4cc_18220/asn13529_Project_5/asn13530_Project_4/work/catkin_ws/devel/lib:/opt/ros/indigo/lib/x86_64-linux-gnu:/opt/ros/indigo/lib:/home/ccc_v1_s54106__48606/lib:/home/ccc_v1_s54106__48606/asn13529_Project_5/asn13530_Project_4/asnlib:/home/vlibs', 'PART1': '/home/ccc_v1_s54106__48606/asn13529_Project_5/asn13530_Project_4', 'ROS_MASTER_URI': 'http://ip-172-31-19-100:45015/', 'XDG_RUNTIME_DIR': '/run/user/18220', 'PYTHONPATH': '/opt/ros/indigo/lib/python2.7/dist-packages:/home/vlibs/python', 'VOC_PROXY_WRAPPER_PORT': '5100', 'VOC_XFER_TOKEN': '379564564354243542135300593ca323517b64.02643285', 'ROS_ROOT': '/opt/ros/indigo/share/ros', 'OLD_HOME': '/home/ccc_v1_w_dd4cc_18220', 'PKG_CONFIG_PATH': '/home/ccc_v1_w_dd4cc_18220/asn13529_Project_5/asn13530_Project_4/work/catkin_ws/devel/lib/pkgconfig:/opt/ros/indigo/lib/x86_64-linux-gnu/pkgconfig:/opt/ros/indigo/lib/pkgconfig', 'ROS_PACKAGE_PATH': '/home/ccc_v1_w_dd4cc_18220/asn13529_Project_5/asn13530_Project_4/work/catkin_ws/src:/opt/ros/indigo/share:/opt/ros/indigo/stacks', 'XDG_SESSION_ID': '323457', '_': '/usr/bin/stdbuf', 'LD_PRELOAD': '/usr/lib/coreutils/libstdbuf.so', '_STDBUF_O': 'L', u'DISPLAY': u':0', 'SSH_TTY': '/dev/pts/7', 'OLDPWD': '/home/ccc_v1_w_dd4cc_18220/asn13529_Project_5/asn13530_Project_4/work/catkin_ws', 'ROSLISP_PACKAGE_DIRECTORIES': '/home/ccc_v1_w_dd4cc_18220/asn13529_Project_5/asn13530_Project_4/work/catkin_ws/devel/share/common-lisp', 'VLIB': '/home/vlibs', 'PWD': '/home/ccc_v1_w_dd4cc_18220/asn13529_Project_5/asn13530_Project_4/work', 'VOC_PROXY_ID': '43542_43542_13530_0_1', 'ROS_ETC_DIR': '/opt/ros/indigo/etc/ros', 'MAIL': '/var/mail/ccc_v1_w_dd4cc_18220', 'SSH_CONNECTION': '172.31.7.153 53228 172.31.19.100 22'}]
[roslaunch][INFO] 2017-06-10 18:56:01,447: process[move_group-3]: args[[u'/opt/ros/indigo/lib/moveit_ros_move_group/move_group', u'__name:=move_group']]
[roslaunch][INFO] 2017-06-10 18:56:01,451: ... created process [move_group-3]
[roslaunch.pmon][INFO] 2017-06-10 18:56:01,455: ProcessMonitor.register[move_group-3]
[roslaunch.pmon][INFO] 2017-06-10 18:56:01,459: ProcessMonitor.register[move_group-3] complete
[roslaunch][INFO] 2017-06-10 18:56:01,463: ... registered process [move_group-3]
[roslaunch][INFO] 2017-06-10 18:56:01,466: process[move_group-3]: starting os process
[roslaunch][INFO] 2017-06-10 18:56:01,470: process[move_group-3]: start w/ args [[u'/opt/ros/indigo/lib/moveit_ros_move_group/move_group', u'__name:=move_group', u'__log:=/home/ccc_v1_w_dd4cc_18220/asn13529_Project_5/asn13530_Project_4/work/.ros/log/1b668db6-4e49-11e7-a824-06f360e4abc1/move_group-3.log']]
[roslaunch][INFO] 2017-06-10 18:56:01,474: process[move_group-3]: cwd will be [/home/ccc_v1_w_dd4cc_18220/asn13529_Project_5/asn13530_Project_4/work/.ros]
[roslaunch][INFO] 2017-06-10 18:56:01,485: process[move_group-3]: started with pid [26085]
[roslaunch][INFO] 2017-06-10 18:56:01,486: ... successfully launched [move_group-3]
[roslaunch][INFO] 2017-06-10 18:56:01,489: ... launch_nodes complete
[roslaunch.pmon][INFO] 2017-06-10 18:56:01,494: registrations completed <ProcessMonitor(ProcessMonitor-1, started daemon 140391785887488)>
[roslaunch.parent][INFO] 2017-06-10 18:56:01,497: ... roslaunch parent running, waiting for process exit
[roslaunch][INFO] 2017-06-10 18:56:01,501: spin
