[rosmaster.main][INFO] 2017-06-10 00:54:37,089: initialization complete, waiting for shutdown
[rosmaster.main][INFO] 2017-06-10 00:54:37,089: Starting ROS Master Node
[xmlrpc][INFO] 2017-06-10 00:54:37,094: XML-RPC server binding to 0.0.0.0:50885
[xmlrpc][INFO] 2017-06-10 00:54:37,097: Started XML-RPC server [http://ip-172-31-26-229:50885/]
[rosmaster.master][INFO] 2017-06-10 00:54:37,098: Master initialized: port[50885], uri[http://ip-172-31-26-229:50885/]
[xmlrpc][INFO] 2017-06-10 00:54:37,101: xml rpc node: starting XML-RPC server
[rosmaster.master][INFO] 2017-06-10 00:54:37,186: +PARAM [/run_id] by /roslaunch
[rosmaster.master][INFO] 2017-06-10 00:54:37,193: +PARAM [/roslaunch/uris/host_ip_172_31_26_229__39224] by /roslaunch
[rosmaster.master][INFO] 2017-06-10 00:54:37,282: +PARAM [/rosversion] by /roslaunch
[rosmaster.master][INFO] 2017-06-10 00:54:37,291: +PARAM [/rosdistro] by /roslaunch
[rosmaster.master][INFO] 2017-06-10 00:54:37,314: +SERVICE [/rosout/get_loggers] /rosout http://ip-172-31-26-229:41136/
[rosmaster.master][INFO] 2017-06-10 00:54:37,319: +SERVICE [/rosout/set_logger_level] /rosout http://ip-172-31-26-229:41136/
[rosmaster.master][INFO] 2017-06-10 00:54:37,325: +PUB [/rosout_agg] /rosout http://ip-172-31-26-229:41136/
[rosmaster.master][INFO] 2017-06-10 00:54:37,333: +SUB [/rosout] /rosout http://ip-172-31-26-229:41136/
[rosmaster.master][INFO] 2017-06-10 00:54:37,643: +PUB [/rosout] /tf2_web_republisher http://ip-172-31-26-229:54923/
[rosmaster.master][INFO] 2017-06-10 00:54:37,647: +SERVICE [/tf2_web_republisher/get_loggers] /tf2_web_republisher http://ip-172-31-26-229:54923/
[rosmaster.master][INFO] 2017-06-10 00:54:37,651: +SERVICE [/tf2_web_republisher/set_logger_level] /tf2_web_republisher http://ip-172-31-26-229:54923/
[rosmaster.master][INFO] 2017-06-10 00:54:37,659: +SUB [/tf] /tf2_web_republisher http://ip-172-31-26-229:54923/
[rosmaster.master][INFO] 2017-06-10 00:54:37,666: +SUB [/tf_static] /tf2_web_republisher http://ip-172-31-26-229:54923/
[rosmaster.master][INFO] 2017-06-10 00:54:37,671: +SERVICE [/republish_tfs] /tf2_web_republisher http://ip-172-31-26-229:54923/
[rosmaster.master][INFO] 2017-06-10 00:54:37,675: +PUB [/tf2_web_republisher/result] /tf2_web_republisher http://ip-172-31-26-229:54923/
[rosmaster.master][INFO] 2017-06-10 00:54:37,679: +PUB [/tf2_web_republisher/feedback] /tf2_web_republisher http://ip-172-31-26-229:54923/
[rosmaster.master][INFO] 2017-06-10 00:54:37,683: +PUB [/tf2_web_republisher/status] /tf2_web_republisher http://ip-172-31-26-229:54923/
[rosmaster.master][INFO] 2017-06-10 00:54:37,694: +SUB [/tf2_web_republisher/goal] /tf2_web_republisher http://ip-172-31-26-229:54923/
[rosmaster.master][INFO] 2017-06-10 00:54:37,694: publisherUpdate[/rosout] -> http://ip-172-31-26-229:41136/
[rosmaster.master][INFO] 2017-06-10 00:54:37,704: +SUB [/tf2_web_republisher/cancel] /tf2_web_republisher http://ip-172-31-26-229:54923/
[rosmaster.master][INFO] 2017-06-10 00:54:39,136: +PARAM [/roslaunch/uris/host_ip_172_31_26_229__44556] by /roslaunch
[rosmaster.master][INFO] 2017-06-10 00:54:39,144: +PARAM [/rosbridge_websocket/port] by /roslaunch
[rosmaster.master][INFO] 2017-06-10 00:54:39,148: +PARAM [/rosdistro] by /roslaunch
[rosmaster.master][INFO] 2017-06-10 00:54:39,151: +PARAM [/rosbridge_websocket/fragment_timeout] by /roslaunch
[rosmaster.master][INFO] 2017-06-10 00:54:39,154: +PARAM [/rosbridge_websocket/delay_between_messages] by /roslaunch
[rosmaster.master][INFO] 2017-06-10 00:54:39,158: +PARAM [/rosversion] by /roslaunch
[rosmaster.master][INFO] 2017-06-10 00:54:39,162: +PARAM [/rosbridge_websocket/authenticate] by /roslaunch
[rosmaster.master][INFO] 2017-06-10 00:54:39,165: +PARAM [/rosbridge_websocket/retry_startup_delay] by /roslaunch
[rosmaster.master][INFO] 2017-06-10 00:54:39,169: +PARAM [/rosbridge_websocket/address] by /roslaunch
[rosmaster.master][INFO] 2017-06-10 00:54:39,172: +PARAM [/rosbridge_websocket/max_message_size] by /roslaunch
[rosmaster.master][INFO] 2017-06-10 00:54:39,734: +PUB [/rosout] /interactive_marker_proxy http://ip-172-31-26-229:48691/
[rosmaster.master][INFO] 2017-06-10 00:54:39,740: +SERVICE [/interactive_marker_proxy/get_loggers] /interactive_marker_proxy http://ip-172-31-26-229:48691/
[rosmaster.master][INFO] 2017-06-10 00:54:39,746: +SERVICE [/interactive_marker_proxy/set_logger_level] /interactive_marker_proxy http://ip-172-31-26-229:48691/
[rosmaster.master][INFO] 2017-06-10 00:54:39,751: +PUB [/rosout] /rosapi http://ip-172-31-26-229:52991/
[rosmaster.master][INFO] 2017-06-10 00:54:39,756: +SUB [/tf] /interactive_marker_proxy http://ip-172-31-26-229:48691/
[rosmaster.master][INFO] 2017-06-10 00:54:39,765: +SUB [/tf_static] /interactive_marker_proxy http://ip-172-31-26-229:48691/
[rosmaster.master][INFO] 2017-06-10 00:54:39,771: +SERVICE [/rosapi/get_loggers] /rosapi http://ip-172-31-26-229:52991/
[rosmaster.master][INFO] 2017-06-10 00:54:39,775: +SUB [/control_markers/update] /interactive_marker_proxy http://ip-172-31-26-229:48691/
[rosmaster.master][INFO] 2017-06-10 00:54:39,780: +SERVICE [/rosapi/set_logger_level] /rosapi http://ip-172-31-26-229:52991/
[rosmaster.master][INFO] 2017-06-10 00:54:39,784: +SUB [/control_markers/update_full] /interactive_marker_proxy http://ip-172-31-26-229:48691/
[rosmaster.master][INFO] 2017-06-10 00:54:39,787: +SERVICE [/rosapi/topics] /rosapi http://ip-172-31-26-229:52991/
[rosmaster.master][INFO] 2017-06-10 00:54:39,792: +PUB [/control_markers/tunneled/update] /interactive_marker_proxy http://ip-172-31-26-229:48691/
[rosmaster.master][INFO] 2017-06-10 00:54:39,796: +SERVICE [/rosapi/topics_for_type] /rosapi http://ip-172-31-26-229:52991/
[rosmaster.master][INFO] 2017-06-10 00:54:39,798: publisherUpdate[/rosout] -> http://ip-172-31-26-229:41136/
[rosmaster.master][INFO] 2017-06-10 00:54:39,800: +SERVICE [/control_markers/tunneled/get_init] /interactive_marker_proxy http://ip-172-31-26-229:48691/
[rosmaster.master][INFO] 2017-06-10 00:54:39,804: publisherUpdate[/rosout] -> http://ip-172-31-26-229:41136/
[rosmaster.master][INFO] 2017-06-10 00:54:39,808: +SERVICE [/rosapi/services] /rosapi http://ip-172-31-26-229:52991/
[rosmaster.master][INFO] 2017-06-10 00:54:39,815: +SERVICE [/rosapi/services_for_type] /rosapi http://ip-172-31-26-229:52991/
[rosmaster.master][INFO] 2017-06-10 00:54:39,820: +SERVICE [/rosapi/nodes] /rosapi http://ip-172-31-26-229:52991/
[rosmaster.master][INFO] 2017-06-10 00:54:39,824: +SERVICE [/rosapi/node_details] /rosapi http://ip-172-31-26-229:52991/
[rosmaster.master][INFO] 2017-06-10 00:54:39,829: +SERVICE [/rosapi/topic_type] /rosapi http://ip-172-31-26-229:52991/
[rosmaster.master][INFO] 2017-06-10 00:54:39,833: +SERVICE [/rosapi/service_type] /rosapi http://ip-172-31-26-229:52991/
[rosmaster.master][INFO] 2017-06-10 00:54:39,838: +SERVICE [/rosapi/publishers] /rosapi http://ip-172-31-26-229:52991/
[rosmaster.master][INFO] 2017-06-10 00:54:39,843: +SERVICE [/rosapi/subscribers] /rosapi http://ip-172-31-26-229:52991/
[rosmaster.master][INFO] 2017-06-10 00:54:39,846: -SUB [/control_markers/update_full] /interactive_marker_proxy http://ip-172-31-26-229:48691/
[rosmaster.master][INFO] 2017-06-10 00:54:39,850: +SERVICE [/rosapi/service_providers] /rosapi http://ip-172-31-26-229:52991/
[rosmaster.master][INFO] 2017-06-10 00:54:39,855: +SERVICE [/rosapi/service_node] /rosapi http://ip-172-31-26-229:52991/
[rosmaster.master][INFO] 2017-06-10 00:54:39,859: +SERVICE [/rosapi/service_host] /rosapi http://ip-172-31-26-229:52991/
[rosmaster.master][INFO] 2017-06-10 00:54:39,864: +SERVICE [/rosapi/message_details] /rosapi http://ip-172-31-26-229:52991/
[rosmaster.master][INFO] 2017-06-10 00:54:39,869: +SERVICE [/rosapi/service_request_details] /rosapi http://ip-172-31-26-229:52991/
[rosmaster.master][INFO] 2017-06-10 00:54:39,879: +SERVICE [/rosapi/service_response_details] /rosapi http://ip-172-31-26-229:52991/
[rosmaster.master][INFO] 2017-06-10 00:54:39,884: +SERVICE [/rosapi/set_param] /rosapi http://ip-172-31-26-229:52991/
[rosmaster.master][INFO] 2017-06-10 00:54:39,889: +SERVICE [/rosapi/get_param] /rosapi http://ip-172-31-26-229:52991/
[rosmaster.master][INFO] 2017-06-10 00:54:39,893: +SERVICE [/rosapi/has_param] /rosapi http://ip-172-31-26-229:52991/
[rosmaster.master][INFO] 2017-06-10 00:54:39,898: +SERVICE [/rosapi/search_param] /rosapi http://ip-172-31-26-229:52991/
[rosmaster.master][INFO] 2017-06-10 00:54:39,902: +PUB [/rosout] /rosbridge_websocket http://ip-172-31-26-229:37587/
[rosmaster.master][INFO] 2017-06-10 00:54:39,906: +SERVICE [/rosapi/delete_param] /rosapi http://ip-172-31-26-229:52991/
[rosmaster.master][INFO] 2017-06-10 00:54:39,912: +SERVICE [/rosapi/get_param_names] /rosapi http://ip-172-31-26-229:52991/
[rosmaster.master][INFO] 2017-06-10 00:54:39,912: publisherUpdate[/rosout] -> http://ip-172-31-26-229:41136/
[rosmaster.master][INFO] 2017-06-10 00:54:39,916: +SERVICE [/rosbridge_websocket/get_loggers] /rosbridge_websocket http://ip-172-31-26-229:37587/
[rosmaster.master][INFO] 2017-06-10 00:54:39,922: +SERVICE [/rosapi/get_time] /rosapi http://ip-172-31-26-229:52991/
[rosmaster.master][INFO] 2017-06-10 00:54:39,926: +SERVICE [/rosbridge_websocket/set_logger_level] /rosbridge_websocket http://ip-172-31-26-229:37587/
[rosmaster.master][INFO] 2017-06-10 00:54:41,759: +PARAM [/roslaunch/uris/host_ip_172_31_26_229__48805] by /roslaunch
[rosmaster.master][INFO] 2017-06-10 00:54:41,782: +PARAM [/robot_description_kinematics/lwr_arm/kinematics_solver] by /roslaunch
[rosmaster.master][INFO] 2017-06-10 00:54:41,786: +PARAM [/move_group/planner_configs/RRTkConfigDefault/goal_bias] by /roslaunch
[rosmaster.master][INFO] 2017-06-10 00:54:41,790: +PARAM [/robot_description_semantic] by /roslaunch
[rosmaster.master][INFO] 2017-06-10 00:54:41,793: +PARAM [/robot_description_kinematics/lwr_arm/kinematics_solver_attempts] by /roslaunch
[rosmaster.master][INFO] 2017-06-10 00:54:41,796: +PARAM [/robot_description_planning/joint_limits/lwr_arm_6_joint/max_acceleration] by /roslaunch
[rosmaster.master][INFO] 2017-06-10 00:54:41,800: +PARAM [/robot_description_planning/joint_limits/lwr_arm_5_joint/has_acceleration_limits] by /roslaunch
[rosmaster.master][INFO] 2017-06-10 00:54:41,803: +PARAM [/move_group/planner_configs/RRTstarkConfigDefault/range] by /roslaunch
[rosmaster.master][INFO] 2017-06-10 00:54:41,807: +PARAM [/robot_description_planning/joint_limits/lwr_arm_0_joint/max_acceleration] by /roslaunch
[rosmaster.master][INFO] 2017-06-10 00:54:41,810: +PARAM [/robot_description_planning/joint_limits/lwr_arm_0_joint/has_velocity_limits] by /roslaunch
[rosmaster.master][INFO] 2017-06-10 00:54:41,819: +PARAM [/move_group/max_safe_path_cost] by /roslaunch
[rosmaster.master][INFO] 2017-06-10 00:54:41,823: +PARAM [/move_group/planner_configs/RRTstarkConfigDefault/goal_bias] by /roslaunch
[rosmaster.master][INFO] 2017-06-10 00:54:41,827: +PARAM [/move_group/planning_scene_monitor/publish_planning_scene] by /roslaunch
[rosmaster.master][INFO] 2017-06-10 00:54:41,830: +PARAM [/move_group/planner_configs/PRMkConfigDefault/type] by /roslaunch
[rosmaster.master][INFO] 2017-06-10 00:54:41,834: +PARAM [/move_group/planner_configs/ESTkConfigDefault/range] by /roslaunch
[rosmaster.master][INFO] 2017-06-10 00:54:41,837: +PARAM [/robot_description_planning/joint_limits/lwr_arm_2_joint/max_acceleration] by /roslaunch
[rosmaster.master][INFO] 2017-06-10 00:54:41,841: +PARAM [/move_group/planner_configs/KPIECEkConfigDefault/min_valid_path_fraction] by /roslaunch
[rosmaster.master][INFO] 2017-06-10 00:54:41,845: +PARAM [/move_group/planner_configs/BKPIECEkConfigDefault/border_fraction] by /roslaunch
[rosmaster.master][INFO] 2017-06-10 00:54:41,849: +PARAM [/move_group/planner_configs/PRMkConfigDefault/max_nearest_neighbors] by /roslaunch
[rosmaster.master][INFO] 2017-06-10 00:54:41,853: +PARAM [/move_group/planner_configs/TRRTkConfigDefault/goal_bias] by /roslaunch
[rosmaster.master][INFO] 2017-06-10 00:54:41,856: +PARAM [/move_group/planner_configs/BKPIECEkConfigDefault/min_valid_path_fraction] by /roslaunch
[rosmaster.master][INFO] 2017-06-10 00:54:41,860: +PARAM [/robot_description_planning/joint_limits/lwr_arm_2_joint/has_velocity_limits] by /roslaunch
[rosmaster.master][INFO] 2017-06-10 00:54:41,863: +PARAM [/robot_description_planning/joint_limits/lwr_arm_3_joint/max_velocity] by /roslaunch
[rosmaster.master][INFO] 2017-06-10 00:54:41,867: +PARAM [/robot_description_planning/joint_limits/lwr_arm_4_joint/max_acceleration] by /roslaunch
[rosmaster.master][INFO] 2017-06-10 00:54:41,871: +PARAM [/robot_description_planning/joint_limits/lwr_arm_0_joint/max_velocity] by /roslaunch
[rosmaster.master][INFO] 2017-06-10 00:54:41,877: +PARAM [/move_group/planner_configs/SBLkConfigDefault/range] by /roslaunch
[rosmaster.master][INFO] 2017-06-10 00:54:41,881: +PARAM [/move_group/planner_configs/TRRTkConfigDefault/frountierNodeRatio] by /roslaunch
[rosmaster.master][INFO] 2017-06-10 00:54:41,885: +PARAM [/robot_description_planning/joint_limits/lwr_arm_6_joint/has_acceleration_limits] by /roslaunch
[rosmaster.master][INFO] 2017-06-10 00:54:41,888: +PARAM [/move_group/planning_plugin] by /roslaunch
[rosmaster.master][INFO] 2017-06-10 00:54:41,892: +PARAM [/move_group/planning_scene_monitor/publish_geometry_updates] by /roslaunch
[rosmaster.master][INFO] 2017-06-10 00:54:41,895: +PARAM [/robot_description_planning/joint_limits/lwr_arm_3_joint/max_acceleration] by /roslaunch
[rosmaster.master][INFO] 2017-06-10 00:54:41,899: +PARAM [/move_group/planner_configs/TRRTkConfigDefault/max_states_failed] by /roslaunch
[rosmaster.master][INFO] 2017-06-10 00:54:41,902: +PARAM [/robot_description_planning/joint_limits/lwr_arm_3_joint/has_velocity_limits] by /roslaunch
[rosmaster.master][INFO] 2017-06-10 00:54:41,905: +PARAM [/robot_description_kinematics/lwr_arm/kinematics_solver_timeout] by /roslaunch
[rosmaster.master][INFO] 2017-06-10 00:54:41,909: +PARAM [/move_group/lwr_arm/projection_evaluator] by /roslaunch
[rosmaster.master][INFO] 2017-06-10 00:54:41,913: +PARAM [/robot_description_planning/joint_limits/lwr_arm_1_joint/has_acceleration_limits] by /roslaunch
[rosmaster.master][INFO] 2017-06-10 00:54:41,916: +PARAM [/rosdistro] by /roslaunch
[rosmaster.master][INFO] 2017-06-10 00:54:41,926: +PARAM [/robot_description_planning/joint_limits/lwr_arm_5_joint/max_velocity] by /roslaunch
[rosmaster.master][INFO] 2017-06-10 00:54:41,930: +PARAM [/move_group/planner_configs/PRMstarkConfigDefault/type] by /roslaunch
[rosmaster.master][INFO] 2017-06-10 00:54:41,933: +PARAM [/move_group/planner_configs/RRTkConfigDefault/range] by /roslaunch
[rosmaster.master][INFO] 2017-06-10 00:54:41,936: +PARAM [/move_group/allow_trajectory_execution] by /roslaunch
[rosmaster.master][INFO] 2017-06-10 00:54:41,940: +PARAM [/move_group/lwr_arm/planner_configs] by /roslaunch
[rosmaster.master][INFO] 2017-06-10 00:54:41,944: +PARAM [/move_group/planner_configs/ESTkConfigDefault/type] by /roslaunch
[rosmaster.master][INFO] 2017-06-10 00:54:41,947: +PARAM [/move_group/start_state_max_bounds_error] by /roslaunch
[rosmaster.master][INFO] 2017-06-10 00:54:41,951: +PARAM [/move_group/planner_configs/TRRTkConfigDefault/init_temperature] by /roslaunch
[rosmaster.master][INFO] 2017-06-10 00:54:41,954: +PARAM [/move_group/planner_configs/BKPIECEkConfigDefault/type] by /roslaunch
[rosmaster.master][INFO] 2017-06-10 00:54:41,958: +PARAM [/move_group/planner_configs/KPIECEkConfigDefault/border_fraction] by /roslaunch
[rosmaster.master][INFO] 2017-06-10 00:54:41,961: +PARAM [/robot_description_planning/joint_limits/lwr_arm_4_joint/has_velocity_limits] by /roslaunch
[rosmaster.master][INFO] 2017-06-10 00:54:41,965: +PARAM [/move_group/planner_configs/ESTkConfigDefault/goal_bias] by /roslaunch
[rosmaster.master][INFO] 2017-06-10 00:54:41,968: +PARAM [/move_group/planner_configs/LBKPIECEkConfigDefault/border_fraction] by /roslaunch
[rosmaster.master][INFO] 2017-06-10 00:54:41,972: +PARAM [/move_group/jiggle_fraction] by /roslaunch
[rosmaster.master][INFO] 2017-06-10 00:54:41,975: +PARAM [/move_group/planner_configs/TRRTkConfigDefault/range] by /roslaunch
[rosmaster.master][INFO] 2017-06-10 00:54:41,978: +PARAM [/move_group/planning_scene_monitor/publish_state_updates] by /roslaunch
[rosmaster.master][INFO] 2017-06-10 00:54:41,982: +PARAM [/move_group/planner_configs/TRRTkConfigDefault/temp_change_factor] by /roslaunch
[rosmaster.master][INFO] 2017-06-10 00:54:41,985: +PARAM [/robot_description_planning/joint_limits/lwr_arm_6_joint/max_velocity] by /roslaunch
[rosmaster.master][INFO] 2017-06-10 00:54:41,989: +PARAM [/robot_description_planning/joint_limits/lwr_arm_1_joint/max_velocity] by /roslaunch
[rosmaster.master][INFO] 2017-06-10 00:54:41,994: +PARAM [/move_group/planner_configs/SBLkConfigDefault/type] by /roslaunch
[rosmaster.master][INFO] 2017-06-10 00:54:41,997: +PARAM [/robot_description] by /roslaunch
[rosmaster.master][INFO] 2017-06-10 00:54:42,001: +PARAM [/move_group/capabilities] by /roslaunch
[rosmaster.master][INFO] 2017-06-10 00:54:42,005: +PARAM [/move_group/planner_configs/LBKPIECEkConfigDefault/range] by /roslaunch
[rosmaster.master][INFO] 2017-06-10 00:54:42,008: +PARAM [/robot_description_planning/joint_limits/lwr_arm_5_joint/max_acceleration] by /roslaunch
[rosmaster.master][INFO] 2017-06-10 00:54:42,012: +PARAM [/move_group/planner_configs/KPIECEkConfigDefault/range] by /roslaunch
[rosmaster.master][INFO] 2017-06-10 00:54:42,015: +PARAM [/move_group/planner_configs/BKPIECEkConfigDefault/range] by /roslaunch
[rosmaster.master][INFO] 2017-06-10 00:54:42,019: +PARAM [/move_group/planner_configs/TRRTkConfigDefault/type] by /roslaunch
[rosmaster.master][INFO] 2017-06-10 00:54:42,022: +PARAM [/move_group/planner_configs/KPIECEkConfigDefault/goal_bias] by /roslaunch
[rosmaster.master][INFO] 2017-06-10 00:54:42,026: +PARAM [/move_group/planner_configs/RRTConnectkConfigDefault/range] by /roslaunch
[rosmaster.master][INFO] 2017-06-10 00:54:42,035: +PARAM [/move_group/request_adapters] by /roslaunch
[rosmaster.master][INFO] 2017-06-10 00:54:42,038: +PARAM [/move_group/planner_configs/TRRTkConfigDefault/min_temperature] by /roslaunch
[rosmaster.master][INFO] 2017-06-10 00:54:42,042: +PARAM [/robot_description_planning/joint_limits/lwr_arm_6_joint/has_velocity_limits] by /roslaunch
[rosmaster.master][INFO] 2017-06-10 00:54:42,046: +PARAM [/robot_description_planning/joint_limits/lwr_arm_1_joint/has_velocity_limits] by /roslaunch
[rosmaster.master][INFO] 2017-06-10 00:54:42,049: +PARAM [/move_group/planner_configs/KPIECEkConfigDefault/failed_expansion_score_factor] by /roslaunch
[rosmaster.master][INFO] 2017-06-10 00:54:42,053: +PARAM [/move_group/planning_scene_monitor/publish_transforms_updates] by /roslaunch
[rosmaster.master][INFO] 2017-06-10 00:54:42,056: +PARAM [/robot_description_planning/joint_limits/lwr_arm_5_joint/has_velocity_limits] by /roslaunch
[rosmaster.master][INFO] 2017-06-10 00:54:42,060: +PARAM [/robot_description_planning/joint_limits/lwr_arm_3_joint/has_acceleration_limits] by /roslaunch
[rosmaster.master][INFO] 2017-06-10 00:54:42,063: +PARAM [/move_group/planner_configs/RRTstarkConfigDefault/type] by /roslaunch
[rosmaster.master][INFO] 2017-06-10 00:54:42,067: +PARAM [/move_group/lwr_arm/longest_valid_segment_fraction] by /roslaunch
[rosmaster.master][INFO] 2017-06-10 00:54:42,070: +PARAM [/move_group/planner_configs/RRTstarkConfigDefault/delay_collision_checking] by /roslaunch
[rosmaster.master][INFO] 2017-06-10 00:54:42,074: +PARAM [/move_group/planner_configs/KPIECEkConfigDefault/type] by /roslaunch
[rosmaster.master][INFO] 2017-06-10 00:54:42,077: +PARAM [/robot_description_kinematics/lwr_arm/kinematics_solver_search_resolution] by /roslaunch
[rosmaster.master][INFO] 2017-06-10 00:54:42,081: +PARAM [/move_group/planner_configs/RRTConnectkConfigDefault/type] by /roslaunch
[rosmaster.master][INFO] 2017-06-10 00:54:42,085: +PARAM [/robot_description_planning/joint_limits/lwr_arm_2_joint/has_acceleration_limits] by /roslaunch
[rosmaster.master][INFO] 2017-06-10 00:54:42,088: +PARAM [/move_group/planner_configs/BKPIECEkConfigDefault/failed_expansion_score_factor] by /roslaunch
[rosmaster.master][INFO] 2017-06-10 00:54:42,092: +PARAM [/robot_description_planning/joint_limits/lwr_arm_2_joint/max_velocity] by /roslaunch
[rosmaster.master][INFO] 2017-06-10 00:54:42,095: +PARAM [/move_group/planner_configs/LBKPIECEkConfigDefault/min_valid_path_fraction] by /roslaunch
[rosmaster.master][INFO] 2017-06-10 00:54:42,099: +PARAM [/rosversion] by /roslaunch
[rosmaster.master][INFO] 2017-06-10 00:54:42,102: +PARAM [/robot_description_planning/joint_limits/lwr_arm_4_joint/max_velocity] by /roslaunch
[rosmaster.master][INFO] 2017-06-10 00:54:42,106: +PARAM [/robot_description_planning/joint_limits/lwr_arm_4_joint/has_acceleration_limits] by /roslaunch
[rosmaster.master][INFO] 2017-06-10 00:54:42,110: +PARAM [/robot_description_planning/joint_limits/lwr_arm_0_joint/has_acceleration_limits] by /roslaunch
[rosmaster.master][INFO] 2017-06-10 00:54:42,113: +PARAM [/robot_description_planning/joint_limits/lwr_arm_1_joint/max_acceleration] by /roslaunch
[rosmaster.master][INFO] 2017-06-10 00:54:42,117: +PARAM [/move_group/planner_configs/TRRTkConfigDefault/k_constant] by /roslaunch
[rosmaster.master][INFO] 2017-06-10 00:54:42,120: +PARAM [/move_group/planner_configs/TRRTkConfigDefault/frountier_threshold] by /roslaunch
[rosmaster.master][INFO] 2017-06-10 00:54:42,124: +PARAM [/move_group/planner_configs/LBKPIECEkConfigDefault/type] by /roslaunch
[rosmaster.master][INFO] 2017-06-10 00:54:42,127: +PARAM [/move_group/planner_configs/RRTkConfigDefault/type] by /roslaunch
[rosmaster.master][INFO] 2017-06-10 00:54:42,363: +PUB [/rosout] /robot_sim http://ip-172-31-26-229:45493/
[rosmaster.master][INFO] 2017-06-10 00:54:42,368: +SERVICE [/robot_sim/get_loggers] /robot_sim http://ip-172-31-26-229:45493/
[rosmaster.master][INFO] 2017-06-10 00:54:42,372: +SERVICE [/robot_sim/set_logger_level] /robot_sim http://ip-172-31-26-229:45493/
[rosmaster.master][INFO] 2017-06-10 00:54:42,383: +PUB [/joint_states] /robot_sim http://ip-172-31-26-229:45493/
[rosmaster.master][INFO] 2017-06-10 00:54:42,392: +SUB [/joint_velocities] /robot_sim http://ip-172-31-26-229:45493/
[rosmaster.master][INFO] 2017-06-10 00:54:42,403: +SUB [/joint_positions] /robot_sim http://ip-172-31-26-229:45493/
[rosmaster.master][INFO] 2017-06-10 00:54:42,405: publisherUpdate[/rosout] -> http://ip-172-31-26-229:41136/
[rosmaster.master][INFO] 2017-06-10 00:54:42,415: +SUB [/joint_command] /robot_sim http://ip-172-31-26-229:45493/
[rosmaster.master][INFO] 2017-06-10 00:54:42,423: +SUB [/joint_trajectory] /robot_sim http://ip-172-31-26-229:45493/
[rosmaster.master][INFO] 2017-06-10 00:54:42,427: +PUB [/rosout] /robot_state_publisher http://ip-172-31-26-229:34072/
[rosmaster.master][INFO] 2017-06-10 00:54:42,432: +SERVICE [/robot_state_publisher/get_loggers] /robot_state_publisher http://ip-172-31-26-229:34072/
[rosmaster.master][INFO] 2017-06-10 00:54:42,436: +SERVICE [/robot_state_publisher/set_logger_level] /robot_state_publisher http://ip-172-31-26-229:34072/
[rosmaster.master][INFO] 2017-06-10 00:54:42,447: +PUB [/tf] /robot_state_publisher http://ip-172-31-26-229:34072/
[rosmaster.master][INFO] 2017-06-10 00:54:42,452: +PUB [/tf_static] /robot_state_publisher http://ip-172-31-26-229:34072/
[rosmaster.master][INFO] 2017-06-10 00:54:42,465: +SUB [/joint_states] /robot_state_publisher http://ip-172-31-26-229:34072/
[rosmaster.master][INFO] 2017-06-10 00:54:42,513: publisherUpdate[/rosout] -> http://ip-172-31-26-229:41136/
[rosmaster.master][INFO] 2017-06-10 00:54:42,518: publisherUpdate[/tf] -> http://ip-172-31-26-229:54923/
[rosmaster.master][INFO] 2017-06-10 00:54:42,518: publisherUpdate[/tf] -> http://ip-172-31-26-229:48691/
[rosmaster.master][INFO] 2017-06-10 00:54:42,528: publisherUpdate[/tf_static] -> http://ip-172-31-26-229:54923/
[rosmaster.master][INFO] 2017-06-10 00:54:42,532: publisherUpdate[/tf_static] -> http://ip-172-31-26-229:48691/
[rosmaster.master][INFO] 2017-06-10 00:54:42,632: +PUB [/rosout] /move_group http://ip-172-31-26-229:48019/
[rosmaster.master][INFO] 2017-06-10 00:54:42,632: publisherUpdate[/rosout] -> http://ip-172-31-26-229:41136/
[rosmaster.master][INFO] 2017-06-10 00:54:42,636: +SERVICE [/move_group/get_loggers] /move_group http://ip-172-31-26-229:48019/
[rosmaster.master][INFO] 2017-06-10 00:54:42,648: +SERVICE [/move_group/set_logger_level] /move_group http://ip-172-31-26-229:48019/
[rosmaster.master][INFO] 2017-06-10 00:54:42,658: +SUB [/tf] /move_group http://ip-172-31-26-229:48019/
[rosmaster.master][INFO] 2017-06-10 00:54:42,667: +SUB [/tf_static] /move_group http://ip-172-31-26-229:48019/
[rosmaster.master][INFO] 2017-06-10 00:54:42,762: +PUB [/rosout] /move_group_commander_wrappers_1497081282756412402 http://ip-172-31-26-229:59703/
[rosmaster.master][INFO] 2017-06-10 00:54:42,767: +SERVICE [/move_group_commander_wrappers_1497081282756412402/get_loggers] /move_group_commander_wrappers_1497081282756412402 http://ip-172-31-26-229:59703/
[rosmaster.master][INFO] 2017-06-10 00:54:42,772: +SERVICE [/move_group_commander_wrappers_1497081282756412402/set_logger_level] /move_group_commander_wrappers_1497081282756412402 http://ip-172-31-26-229:59703/
[rosmaster.master][INFO] 2017-06-10 00:54:42,824: publisherUpdate[/rosout] -> http://ip-172-31-26-229:41136/
[rosmaster.master][INFO] 2017-06-10 00:54:42,886: +SERVICE [/move_group/planning_scene_monitor/set_parameters] /move_group http://ip-172-31-26-229:48019/
[rosmaster.master][INFO] 2017-06-10 00:54:42,899: +PUB [/move_group/planning_scene_monitor/parameter_descriptions] /move_group http://ip-172-31-26-229:48019/
[rosmaster.master][INFO] 2017-06-10 00:54:42,903: +PUB [/move_group/planning_scene_monitor/parameter_updates] /move_group http://ip-172-31-26-229:48019/
[rosmaster.master][INFO] 2017-06-10 00:54:42,912: +PARAM [/move_group/planning_scene_monitor/publish_planning_scene] by /move_group
[rosmaster.master][INFO] 2017-06-10 00:54:42,916: +PARAM [/move_group/planning_scene_monitor/publish_planning_scene_hz] by /move_group
[rosmaster.master][INFO] 2017-06-10 00:54:42,921: +PARAM [/move_group/planning_scene_monitor/publish_geometry_updates] by /move_group
[rosmaster.master][INFO] 2017-06-10 00:54:42,925: +PARAM [/move_group/planning_scene_monitor/publish_state_updates] by /move_group
[rosmaster.master][INFO] 2017-06-10 00:54:42,929: +PARAM [/move_group/planning_scene_monitor/publish_transforms_updates] by /move_group
[rosmaster.master][INFO] 2017-06-10 00:54:42,934: +PUB [/move_group/monitored_planning_scene] /move_group http://ip-172-31-26-229:48019/
[rosmaster.master][INFO] 2017-06-10 00:54:42,938: +PARAM [/move_group/planning_scene_monitor/publish_planning_scene] by /move_group
[rosmaster.master][INFO] 2017-06-10 00:54:42,943: +PARAM [/move_group/planning_scene_monitor/publish_planning_scene_hz] by /move_group
[rosmaster.master][INFO] 2017-06-10 00:54:42,948: +PARAM [/move_group/planning_scene_monitor/publish_geometry_updates] by /move_group
[rosmaster.master][INFO] 2017-06-10 00:54:42,952: +PARAM [/move_group/planning_scene_monitor/publish_state_updates] by /move_group
[rosmaster.master][INFO] 2017-06-10 00:54:42,955: +PUB [/rosout] /marker_control_21534_1497081282780 http://ip-172-31-26-229:43432/
[rosmaster.master][INFO] 2017-06-10 00:54:42,958: +PARAM [/move_group/planning_scene_monitor/publish_transforms_updates] by /move_group
[rosmaster.master][INFO] 2017-06-10 00:54:42,970: +SERVICE [/marker_control_21534_1497081282780/get_loggers] /marker_control_21534_1497081282780 http://ip-172-31-26-229:43432/
[rosmaster.master][INFO] 2017-06-10 00:54:42,974: +SUB [/planning_scene] /move_group http://ip-172-31-26-229:48019/
[rosmaster.master][INFO] 2017-06-10 00:54:42,977: +SERVICE [/marker_control_21534_1497081282780/set_logger_level] /marker_control_21534_1497081282780 http://ip-172-31-26-229:43432/
[rosmaster.master][INFO] 2017-06-10 00:54:42,983: +PUB [/planning_scene] /move_group_commander_wrappers_1497081282756412402 http://ip-172-31-26-229:59703/
[rosmaster.master][INFO] 2017-06-10 00:54:42,986: +SUB [/collision_object] /move_group http://ip-172-31-26-229:48019/
[rosmaster.master][INFO] 2017-06-10 00:54:42,990: +PUB [/collision_object] /marker_control_21534_1497081282780 http://ip-172-31-26-229:43432/
[rosmaster.master][INFO] 2017-06-10 00:54:42,995: +PUB [/attached_collision_object] /marker_control_21534_1497081282780 http://ip-172-31-26-229:43432/
[rosmaster.master][INFO] 2017-06-10 00:54:43,004: +SUB [/planning_scene_world] /move_group http://ip-172-31-26-229:48019/
[rosmaster.master][INFO] 2017-06-10 00:54:43,008: +PUB [/visualization_marker_array] /marker_control_21534_1497081282780 http://ip-172-31-26-229:43432/
[rosmaster.master][INFO] 2017-06-10 00:54:43,012: +SERVICE [/move_group/save_map] /move_group http://ip-172-31-26-229:48019/
[rosmaster.master][INFO] 2017-06-10 00:54:43,017: +PUB [/motion_planning_goal] /marker_control_21534_1497081282780 http://ip-172-31-26-229:43432/
[rosmaster.master][INFO] 2017-06-10 00:54:43,020: +SERVICE [/move_group/load_map] /move_group http://ip-172-31-26-229:48019/
[rosmaster.master][INFO] 2017-06-10 00:54:43,024: +SUB [/joint_trajectory] /marker_control_21534_1497081282780 http://ip-172-31-26-229:43432/
[rosmaster.master][INFO] 2017-06-10 00:54:43,029: +PUB [/control_markers/update_full] /marker_control_21534_1497081282780 http://ip-172-31-26-229:43432/
[rosmaster.master][INFO] 2017-06-10 00:54:43,030: publisherUpdate[/rosout] -> http://ip-172-31-26-229:41136/
[rosmaster.master][INFO] 2017-06-10 00:54:43,033: +SUB [/joint_states] /move_group http://ip-172-31-26-229:48019/
[rosmaster.master][INFO] 2017-06-10 00:54:43,037: publisherUpdate[/planning_scene] -> http://ip-172-31-26-229:48019/
[rosmaster.master][INFO] 2017-06-10 00:54:43,041: +PUB [/control_markers/update] /marker_control_21534_1497081282780 http://ip-172-31-26-229:43432/
[rosmaster.master][INFO] 2017-06-10 00:54:43,041: publisherUpdate[/control_markers/update] -> http://ip-172-31-26-229:48691/
[rosmaster.master][INFO] 2017-06-10 00:54:43,050: +SUB [/attached_collision_object] /move_group http://ip-172-31-26-229:48019/
[rosmaster.master][INFO] 2017-06-10 00:54:43,057: +SUB [/control_markers/feedback] /marker_control_21534_1497081282780 http://ip-172-31-26-229:43432/
[rosmaster.master][INFO] 2017-06-10 00:54:43,058: publisherUpdate[/collision_object] -> http://ip-172-31-26-229:48019/
[rosmaster.master][INFO] 2017-06-10 00:54:43,152: +SERVICE [/move_group/ompl/set_parameters] /move_group http://ip-172-31-26-229:48019/
[rosmaster.master][INFO] 2017-06-10 00:54:43,156: +PUB [/move_group/ompl/parameter_descriptions] /move_group http://ip-172-31-26-229:48019/
[rosmaster.master][INFO] 2017-06-10 00:54:43,161: +PUB [/move_group/ompl/parameter_updates] /move_group http://ip-172-31-26-229:48019/
[rosmaster.master][INFO] 2017-06-10 00:54:43,171: +PARAM [/move_group/ompl/simplify_solutions] by /move_group
[rosmaster.master][INFO] 2017-06-10 00:54:43,175: +PARAM [/move_group/ompl/minimum_waypoint_count] by /move_group
[rosmaster.master][INFO] 2017-06-10 00:54:43,179: +PARAM [/move_group/ompl/maximum_waypoint_distance] by /move_group
[rosmaster.master][INFO] 2017-06-10 00:54:43,184: +PARAM [/move_group/ompl/link_for_exploration_tree] by /move_group
[rosmaster.master][INFO] 2017-06-10 00:54:43,188: +PARAM [/move_group/ompl/display_random_valid_states] by /move_group
[rosmaster.master][INFO] 2017-06-10 00:54:43,193: +PARAM [/move_group/ompl/simplify_solutions] by /move_group
[rosmaster.master][INFO] 2017-06-10 00:54:43,197: +PARAM [/move_group/ompl/minimum_waypoint_count] by /move_group
[rosmaster.master][INFO] 2017-06-10 00:54:43,202: +PARAM [/move_group/ompl/maximum_waypoint_distance] by /move_group
[rosmaster.master][INFO] 2017-06-10 00:54:43,206: +PARAM [/move_group/ompl/link_for_exploration_tree] by /move_group
[rosmaster.master][INFO] 2017-06-10 00:54:43,211: +PARAM [/move_group/ompl/display_random_valid_states] by /move_group
[rosmaster.master][INFO] 2017-06-10 00:54:43,271: +PUB [/move_group/display_planned_path] /move_group http://ip-172-31-26-229:48019/
[rosmaster.master][INFO] 2017-06-10 00:54:43,276: +PUB [/move_group/display_contacts] /move_group http://ip-172-31-26-229:48019/
[rosmaster.master][INFO] 2017-06-10 00:54:43,329: +SERVICE [/apply_planning_scene] /move_group http://ip-172-31-26-229:48019/
[rosmaster.master][INFO] 2017-06-10 00:54:43,334: +SERVICE [/clear_octomap] /move_group http://ip-172-31-26-229:48019/
[rosmaster.master][INFO] 2017-06-10 00:54:43,339: +SERVICE [/compute_cartesian_path] /move_group http://ip-172-31-26-229:48019/
[rosmaster.master][INFO] 2017-06-10 00:54:43,343: +SERVICE [/execute_kinematic_path] /move_group http://ip-172-31-26-229:48019/
[rosmaster.master][INFO] 2017-06-10 00:54:43,350: +PUB [/execute_trajectory/result] /move_group http://ip-172-31-26-229:48019/
[rosmaster.master][INFO] 2017-06-10 00:54:43,355: +PUB [/execute_trajectory/feedback] /move_group http://ip-172-31-26-229:48019/
[rosmaster.master][INFO] 2017-06-10 00:54:43,359: +PUB [/execute_trajectory/status] /move_group http://ip-172-31-26-229:48019/
[rosmaster.master][INFO] 2017-06-10 00:54:43,371: +SUB [/execute_trajectory/goal] /move_group http://ip-172-31-26-229:48019/
[rosmaster.master][INFO] 2017-06-10 00:54:43,381: +SUB [/execute_trajectory/cancel] /move_group http://ip-172-31-26-229:48019/
[rosmaster.master][INFO] 2017-06-10 00:54:43,386: +SERVICE [/get_planning_scene] /move_group http://ip-172-31-26-229:48019/
[rosmaster.master][INFO] 2017-06-10 00:54:43,391: +SERVICE [/compute_fk] /move_group http://ip-172-31-26-229:48019/
[rosmaster.master][INFO] 2017-06-10 00:54:43,395: +SERVICE [/compute_ik] /move_group http://ip-172-31-26-229:48019/
[rosmaster.master][INFO] 2017-06-10 00:54:43,402: +PUB [/move_group/result] /move_group http://ip-172-31-26-229:48019/
[rosmaster.master][INFO] 2017-06-10 00:54:43,406: +PUB [/move_group/feedback] /move_group http://ip-172-31-26-229:48019/
[rosmaster.master][INFO] 2017-06-10 00:54:43,411: +PUB [/move_group/status] /move_group http://ip-172-31-26-229:48019/
[rosmaster.master][INFO] 2017-06-10 00:54:43,422: +SUB [/move_group/goal] /move_group http://ip-172-31-26-229:48019/
[rosmaster.master][INFO] 2017-06-10 00:54:43,431: +SUB [/move_group/cancel] /move_group http://ip-172-31-26-229:48019/
[rosmaster.master][INFO] 2017-06-10 00:54:43,486: +PUB [/pickup/result] /move_group http://ip-172-31-26-229:48019/
[rosmaster.master][INFO] 2017-06-10 00:54:43,490: +PUB [/pickup/feedback] /move_group http://ip-172-31-26-229:48019/
[rosmaster.master][INFO] 2017-06-10 00:54:43,494: +PUB [/pickup/status] /move_group http://ip-172-31-26-229:48019/
[rosmaster.master][INFO] 2017-06-10 00:54:43,505: +SUB [/pickup/goal] /move_group http://ip-172-31-26-229:48019/
[rosmaster.master][INFO] 2017-06-10 00:54:43,514: +SUB [/pickup/cancel] /move_group http://ip-172-31-26-229:48019/
[rosmaster.master][INFO] 2017-06-10 00:54:43,520: +PUB [/place/result] /move_group http://ip-172-31-26-229:48019/
[rosmaster.master][INFO] 2017-06-10 00:54:43,525: +PUB [/place/feedback] /move_group http://ip-172-31-26-229:48019/
[rosmaster.master][INFO] 2017-06-10 00:54:43,529: +PUB [/place/status] /move_group http://ip-172-31-26-229:48019/
[rosmaster.master][INFO] 2017-06-10 00:54:43,540: +SUB [/place/goal] /move_group http://ip-172-31-26-229:48019/
[rosmaster.master][INFO] 2017-06-10 00:54:43,549: +SUB [/place/cancel] /move_group http://ip-172-31-26-229:48019/
[rosmaster.master][INFO] 2017-06-10 00:54:43,554: +SERVICE [/plan_kinematic_path] /move_group http://ip-172-31-26-229:48019/
[rosmaster.master][INFO] 2017-06-10 00:54:43,559: +SERVICE [/query_planner_interface] /move_group http://ip-172-31-26-229:48019/
[rosmaster.master][INFO] 2017-06-10 00:54:43,564: +SERVICE [/check_state_validity] /move_group http://ip-172-31-26-229:48019/
[rosmaster.master][INFO] 2017-06-10 00:54:43,568: +SUB [/control_markers/update_full] /interactive_marker_proxy http://ip-172-31-26-229:48691/
[rosmaster.master][INFO] 2017-06-10 00:54:43,777: -SUB [/control_markers/update_full] /interactive_marker_proxy http://ip-172-31-26-229:48691/
[rosmaster.master][INFO] 2017-06-10 00:56:49,273: +PUB [/tf2_web_republisher/goal] /rosbridge_websocket http://ip-172-31-26-229:37587/
[rosmaster.master][INFO] 2017-06-10 00:56:49,280: +PUB [/tf2_web_republisher/cancel] /rosbridge_websocket http://ip-172-31-26-229:37587/
[rosmaster.master][INFO] 2017-06-10 00:56:49,289: +SUB [/tf2_web_republisher/feedback] /rosbridge_websocket http://ip-172-31-26-229:37587/
[rosmaster.master][INFO] 2017-06-10 00:56:49,318: +SUB [/visualization_marker_array] /rosbridge_websocket http://ip-172-31-26-229:37587/
[rosmaster.master][INFO] 2017-06-10 00:56:49,336: +SUB [/control_markers/tunneled/update] /rosbridge_websocket http://ip-172-31-26-229:37587/
[rosmaster.master][INFO] 2017-06-10 00:56:49,340: publisherUpdate[/tf2_web_republisher/goal] -> http://ip-172-31-26-229:54923/
[rosmaster.master][INFO] 2017-06-10 00:56:49,346: publisherUpdate[/tf2_web_republisher/cancel] -> http://ip-172-31-26-229:54923/
[rosmaster.master][INFO] 2017-06-10 00:56:49,349: +PUB [/control_markers/feedback] /rosbridge_websocket http://ip-172-31-26-229:37587/
[rosmaster.master][INFO] 2017-06-10 00:56:49,351: publisherUpdate[/control_markers/feedback] -> http://ip-172-31-26-229:43432/
