[roslaunch][INFO] 2017-06-10 00:54:36,666: Checking log directory for disk usage. This may take awhile.
Press Ctrl-C to interrupt
[roslaunch][INFO] 2017-06-10 00:54:36,707: Done checking log file disk usage. Usage is <1GB.
[roslaunch][INFO] 2017-06-10 00:54:36,707: roslaunch starting with args ['roscore', '--core', '-p', '50885']
[roslaunch][INFO] 2017-06-10 00:54:36,711: roslaunch env is {'ROS_DISTRO': 'indigo', 'ASNLIB': '/home/ccc_v1_s54106__48606/asn13529_Project_5/asn13530_Project_4/asnlib', 'LIB': '/home/ccc_v1_s54106__48606/lib', 'PKG_CONFIG_PATH': '/opt/ros/indigo/lib/pkgconfig:/opt/ros/indigo/lib/x86_64-linux-gnu/pkgconfig', 'SSH_CLIENT': '172.31.7.153 49452 22', 'CPATH': '/opt/ros/indigo/include', 'LOGNAME': 'ccc_v1_w_dd4cc_18220', 'USER': 'ccc_v1_w_dd4cc_18220', 'ROS_NODE_PORT': '50885', 'HOME': '/home/ccc_v1_w_dd4cc_18220/asn13529_Project_5/asn13530_Project_4/work', 'PATH': '/opt/ros/indigo/bin:/usr/local/sbin:/usr/local/bin:/usr/sbin:/usr/bin:/sbin:/bin:/usr/games:/usr/local/games:/home/local/bin:/home/ccc_v1_s54106__48606/lib:/home/ccc_v1_s54106__48606/asn13529_Project_5/asn13530_Project_4/asnlib:/home/vlibs:.', 'CMAKE_PREFIX_PATH': '/opt/ros/indigo', 'LD_LIBRARY_PATH': '/opt/ros/indigo/lib:/opt/ros/indigo/lib/x86_64-linux-gnu:/home/ccc_v1_s54106__48606/lib:/home/ccc_v1_s54106__48606/asn13529_Project_5/asn13530_Project_4/asnlib:/home/vlibs', 'LANG': 'en_US.UTF-8', 'TERM': 'xterm-256color', 'SHELL': '/bin/bash', 'HISTFILE': '/home/ccc_v1_w_dd4cc_18220/.bash_history', 'SHLVL': '2', 'VOC_WORKAREA': '/home/ccc_v1_w_dd4cc_18220/asn13529_Project_5/asn13530_Project_4/work', 'ROS_LOG_FILENAME': '/home/ccc_v1_w_dd4cc_18220/asn13529_Project_5/asn13530_Project_4/work/.ros/log/0c6ddf22-4db2-11e7-abbb-06b0869cc04d/roslaunch-ip-172-31-26-229-21177.log', 'PART1': '/home/ccc_v1_s54106__48606/asn13529_Project_5/asn13530_Project_4', 'ROS_ETC_DIR': '/opt/ros/indigo/etc/ros', 'XDG_RUNTIME_DIR': '/run/user/18220', 'PYTHONPATH': '/opt/ros/indigo/lib/python2.7/dist-packages:/home/vlibs/python', 'VOC_PROXY_WRAPPER_PORT': '5100', 'VOC_XFER_TOKEN': '7809902064354243542135300593ba5ae89ec22.86043647', 'ROS_ROOT': '/opt/ros/indigo/share/ros', 'OLD_HOME': '/home/ccc_v1_w_dd4cc_18220', 'VOC_PROXY_TOKEN': '42878626043542435421353001593ba5ae9111e4.53844039', 'ROS_PACKAGE_PATH': '/opt/ros/indigo/share:/opt/ros/indigo/stacks', 'XDG_SESSION_ID': '317231', '_': '/usr/bin/stdbuf', 'LD_PRELOAD': '/usr/lib/coreutils/libstdbuf.so', '_STDBUF_O': 'L', 'SSH_TTY': '/dev/pts/3', 'OLDPWD': '/home/ccc_v1_w_dd4cc_18220', 'ROSLISP_PACKAGE_DIRECTORIES': '', 'VLIB': '/home/vlibs', 'PWD': '/home/ccc_v1_w_dd4cc_18220/asn13529_Project_5/asn13530_Project_4/work', 'VOC_PROXY_ID': '43542_43542_13530_0_1', 'ROS_MASTER_URI': 'http://localhost:50885', 'MAIL': '/var/mail/ccc_v1_w_dd4cc_18220', 'SSH_CONNECTION': '172.31.7.153 49452 172.31.26.229 22'}
[roslaunch][INFO] 2017-06-10 00:54:36,714: starting in server mode
[roslaunch.parent][INFO] 2017-06-10 00:54:36,718: starting roslaunch parent run
[roslaunch][INFO] 2017-06-10 00:54:36,722: loading roscore config file /opt/ros/indigo/etc/ros/roscore.xml
[roslaunch][INFO] 2017-06-10 00:54:36,852: Added core node of type [rosout/rosout] in namespace [/]
[roslaunch.pmon][INFO] 2017-06-10 00:54:36,853: start_process_monitor: creating ProcessMonitor
[roslaunch.pmon][INFO] 2017-06-10 00:54:36,861: created process monitor <ProcessMonitor(ProcessMonitor-1, initial daemon)>
[roslaunch.pmon][INFO] 2017-06-10 00:54:36,864: start_process_monitor: ProcessMonitor started
[roslaunch.parent][INFO] 2017-06-10 00:54:36,868: starting parent XML-RPC server
[roslaunch.server][INFO] 2017-06-10 00:54:36,871: starting roslaunch XML-RPC server
[roslaunch.server][INFO] 2017-06-10 00:54:36,878: waiting for roslaunch XML-RPC server to initialize
[xmlrpc][INFO] 2017-06-10 00:54:36,878: XML-RPC server binding to 0.0.0.0:0
[xmlrpc][INFO] 2017-06-10 00:54:36,885: Started XML-RPC server [http://ip-172-31-26-229:39224/]
[xmlrpc][INFO] 2017-06-10 00:54:36,889: xml rpc node: starting XML-RPC server
[roslaunch][INFO] 2017-06-10 00:54:36,898: started roslaunch server http://ip-172-31-26-229:39224/
[roslaunch.parent][INFO] 2017-06-10 00:54:36,901: ... parent XML-RPC server started
[roslaunch][INFO] 2017-06-10 00:54:36,905: master.is_running[http://ip-172-31-26-229:50885/]
[roslaunch][INFO] 2017-06-10 00:54:36,916: auto-starting new master
[roslaunch][INFO] 2017-06-10 00:54:36,919: create_master_process: rosmaster, /opt/ros/indigo/share/ros, 50885, 3, None
[roslaunch][INFO] 2017-06-10 00:54:36,923: process[master]: launching with args [['rosmaster', '--core', '-p', '50885', '-w', '3']]
[roslaunch.pmon][INFO] 2017-06-10 00:54:36,926: ProcessMonitor.register[master]
[roslaunch.pmon][INFO] 2017-06-10 00:54:36,929: ProcessMonitor.register[master] complete
[roslaunch][INFO] 2017-06-10 00:54:36,933: process[master]: starting os process
[roslaunch][INFO] 2017-06-10 00:54:36,937: process[master]: start w/ args [['rosmaster', '--core', '-p', '50885', '-w', '3', '__log:=/home/ccc_v1_w_dd4cc_18220/asn13529_Project_5/asn13530_Project_4/work/.ros/log/0c6ddf22-4db2-11e7-abbb-06b0869cc04d/master.log']]
[roslaunch][INFO] 2017-06-10 00:54:36,940: process[master]: cwd will be [/home/ccc_v1_w_dd4cc_18220/asn13529_Project_5/asn13530_Project_4/work/.ros]
[roslaunch][INFO] 2017-06-10 00:54:36,948: process[master]: started with pid [21193]
[roslaunch][INFO] 2017-06-10 00:54:36,949: master.is_running[http://ip-172-31-26-229:50885/]
[roslaunch][INFO] 2017-06-10 00:54:37,054: master.is_running[http://ip-172-31-26-229:50885/]
[roslaunch][INFO] 2017-06-10 00:54:37,158: master.is_running[http://ip-172-31-26-229:50885/]
[roslaunch][INFO] 2017-06-10 00:54:37,164: master.is_running[http://ip-172-31-26-229:50885/]
[roslaunch][INFO] 2017-06-10 00:54:37,168: ROS_MASTER_URI=http://ip-172-31-26-229:50885/
[roslaunch][INFO] 2017-06-10 00:54:37,173: setting /run_id to 0c6ddf22-4db2-11e7-abbb-06b0869cc04d
[roslaunch][INFO] 2017-06-10 00:54:37,189: setting /roslaunch/uris/host_ip_172_31_26_229__39224' to http://ip-172-31-26-229:39224/
[roslaunch][INFO] 2017-06-10 00:54:37,198: ... preparing to launch node of type [rosout/rosout]
[roslaunch][INFO] 2017-06-10 00:54:37,202: create_node_process: package[rosout] type[rosout] machine[Machine(name[] env_loader[None] address[localhost] ssh_port[22] user[None] assignable[True] timeout[10.0])] master_uri[http://ip-172-31-26-229:50885/]
[roslaunch][INFO] 2017-06-10 00:54:37,206: process[rosout-1]: env[{'ROS_DISTRO': 'indigo', 'ASNLIB': '/home/ccc_v1_s54106__48606/asn13529_Project_5/asn13530_Project_4/asnlib', 'LIB': '/home/ccc_v1_s54106__48606/lib', 'VOC_PROXY_TOKEN': '42878626043542435421353001593ba5ae9111e4.53844039', 'SSH_CLIENT': '172.31.7.153 49452 22', 'CPATH': '/opt/ros/indigo/include', 'LOGNAME': 'ccc_v1_w_dd4cc_18220', 'USER': 'ccc_v1_w_dd4cc_18220', 'ROS_NODE_PORT': '50885', 'HOME': '/home/ccc_v1_w_dd4cc_18220/asn13529_Project_5/asn13530_Project_4/work', 'PATH': '/opt/ros/indigo/bin:/usr/local/sbin:/usr/local/bin:/usr/sbin:/usr/bin:/sbin:/bin:/usr/games:/usr/local/games:/home/local/bin:/home/ccc_v1_s54106__48606/lib:/home/ccc_v1_s54106__48606/asn13529_Project_5/asn13530_Project_4/asnlib:/home/vlibs:.', 'CMAKE_PREFIX_PATH': '/opt/ros/indigo', 'ROS_LOG_FILENAME': '/home/ccc_v1_w_dd4cc_18220/asn13529_Project_5/asn13530_Project_4/work/.ros/log/0c6ddf22-4db2-11e7-abbb-06b0869cc04d/roslaunch-ip-172-31-26-229-21177.log', 'LANG': 'en_US.UTF-8', 'TERM': 'xterm-256color', 'SHELL': '/bin/bash', 'HISTFILE': '/home/ccc_v1_w_dd4cc_18220/.bash_history', 'SHLVL': '2', 'VOC_WORKAREA': '/home/ccc_v1_w_dd4cc_18220/asn13529_Project_5/asn13530_Project_4/work', 'LD_LIBRARY_PATH': '/opt/ros/indigo/lib:/opt/ros/indigo/lib/x86_64-linux-gnu:/home/ccc_v1_s54106__48606/lib:/home/ccc_v1_s54106__48606/asn13529_Project_5/asn13530_Project_4/asnlib:/home/vlibs', 'PART1': '/home/ccc_v1_s54106__48606/asn13529_Project_5/asn13530_Project_4', 'ROS_MASTER_URI': 'http://ip-172-31-26-229:50885/', 'XDG_RUNTIME_DIR': '/run/user/18220', 'PYTHONPATH': '/opt/ros/indigo/lib/python2.7/dist-packages:/home/vlibs/python', 'VOC_PROXY_WRAPPER_PORT': '5100', 'VOC_XFER_TOKEN': '7809902064354243542135300593ba5ae89ec22.86043647', 'ROS_ROOT': '/opt/ros/indigo/share/ros', 'OLD_HOME': '/home/ccc_v1_w_dd4cc_18220', 'PKG_CONFIG_PATH': '/opt/ros/indigo/lib/pkgconfig:/opt/ros/indigo/lib/x86_64-linux-gnu/pkgconfig', 'ROS_PACKAGE_PATH': '/opt/ros/indigo/share:/opt/ros/indigo/stacks', 'XDG_SESSION_ID': '317231', '_': '/usr/bin/stdbuf', 'LD_PRELOAD': '/usr/lib/coreutils/libstdbuf.so', '_STDBUF_O': 'L', 'SSH_TTY': '/dev/pts/3', 'OLDPWD': '/home/ccc_v1_w_dd4cc_18220', 'ROSLISP_PACKAGE_DIRECTORIES': '', 'VLIB': '/home/vlibs', 'PWD': '/home/ccc_v1_w_dd4cc_18220/asn13529_Project_5/asn13530_Project_4/work', 'VOC_PROXY_ID': '43542_43542_13530_0_1', 'ROS_ETC_DIR': '/opt/ros/indigo/etc/ros', 'MAIL': '/var/mail/ccc_v1_w_dd4cc_18220', 'SSH_CONNECTION': '172.31.7.153 49452 172.31.26.229 22'}]
[roslaunch][INFO] 2017-06-10 00:54:37,237: process[rosout-1]: args[[u'/opt/ros/indigo/lib/rosout/rosout', u'__name:=rosout']]
[roslaunch][INFO] 2017-06-10 00:54:37,241: ... created process [rosout-1]
[roslaunch.pmon][INFO] 2017-06-10 00:54:37,244: ProcessMonitor.register[rosout-1]
[roslaunch.pmon][INFO] 2017-06-10 00:54:37,248: ProcessMonitor.register[rosout-1] complete
[roslaunch][INFO] 2017-06-10 00:54:37,251: ... registered process [rosout-1]
[roslaunch][INFO] 2017-06-10 00:54:37,254: process[rosout-1]: starting os process
[roslaunch][INFO] 2017-06-10 00:54:37,259: process[rosout-1]: start w/ args [[u'/opt/ros/indigo/lib/rosout/rosout', u'__name:=rosout', u'__log:=/home/ccc_v1_w_dd4cc_18220/asn13529_Project_5/asn13530_Project_4/work/.ros/log/0c6ddf22-4db2-11e7-abbb-06b0869cc04d/rosout-1.log']]
[roslaunch][INFO] 2017-06-10 00:54:37,263: process[rosout-1]: cwd will be [/home/ccc_v1_w_dd4cc_18220/asn13529_Project_5/asn13530_Project_4/work/.ros]
[roslaunch][INFO] 2017-06-10 00:54:37,271: process[rosout-1]: started with pid [21206]
[roslaunch][INFO] 2017-06-10 00:54:37,272: ... successfully launched [rosout-1]
[roslaunch][INFO] 2017-06-10 00:54:37,276: load_parameters starting ...
[roslaunch][INFO] 2017-06-10 00:54:37,295: ... load_parameters complete
[roslaunch][INFO] 2017-06-10 00:54:37,298: launch_nodes: launching local nodes ...
[roslaunch][INFO] 2017-06-10 00:54:37,301: ... launch_nodes complete
[roslaunch.pmon][INFO] 2017-06-10 00:54:37,305: registrations completed <ProcessMonitor(ProcessMonitor-1, started daemon 140683111020288)>
[roslaunch.parent][INFO] 2017-06-10 00:54:37,308: ... roslaunch parent running, waiting for process exit
[roslaunch][INFO] 2017-06-10 00:54:37,312: spin
