[rospy.client][INFO] 2017-06-10 22:55:34,596: init_node, name[/rosbridge_websocket], pid[19065]
[xmlrpc][INFO] 2017-06-10 22:55:34,596: XML-RPC server binding to 0.0.0.0:0
[xmlrpc][INFO] 2017-06-10 22:55:34,601: Started XML-RPC server [http://ip-172-31-26-229:46122/]
[rospy.init][INFO] 2017-06-10 22:55:34,601: ROS Slave URI: [http://ip-172-31-26-229:46122/]
[rospy.impl.masterslave][INFO] 2017-06-10 22:55:34,605: _ready: http://ip-172-31-26-229:46122/
[xmlrpc][INFO] 2017-06-10 22:55:34,612: xml rpc node: starting XML-RPC server
[rospy.registration][INFO] 2017-06-10 22:55:34,613: Registering with master node http://localhost:50353
[rospy.init][INFO] 2017-06-10 22:55:34,709: registered with master
[rospy.rosout][INFO] 2017-06-10 22:55:34,713: initializing /rosout core topic
[rospy.rosout][INFO] 2017-06-10 22:55:34,731: connected to core topic /rosout
[rospy.simtime][INFO] 2017-06-10 22:55:34,735: /use_sim_time is not set, will not subscribe to simulated time [/clock] topic
[rosout][INFO] 2017-06-10 22:55:34,764: Rosbridge WebSocket server started on port 33108
[rospy.internal][INFO] 2017-06-10 22:55:35,026: topic[/rosout] adding connection to [/rosout], count 0
[rosout][INFO] 2017-06-10 22:55:40,652: Client connected.  1 clients total.
[rosout][INFO] 2017-06-10 22:55:40,785: [Client 0] Subscribed to /tf2_web_republisher/feedback
[rospy.internal][INFO] 2017-06-10 22:55:40,793: topic[/tf2_web_republisher/feedback] adding connection to [http://ip-172-31-26-229:51617/], count 0
[rosout][INFO] 2017-06-10 22:55:40,805: [Client 0] Subscribed to /visualization_marker_array
[rospy.internal][INFO] 2017-06-10 22:55:40,808: topic[/visualization_marker_array] adding connection to [http://ip-172-31-26-229:53947/], count 0
[rosout][INFO] 2017-06-10 22:55:40,819: [Client 0] Subscribed to /control_markers/tunneled/update
[rospy.internal][INFO] 2017-06-10 22:55:40,823: topic[/control_markers/tunneled/update] adding connection to [http://ip-172-31-26-229:40552/], count 0
[rospy.internal][INFO] 2017-06-10 22:55:40,910: topic[/control_markers/feedback] adding connection to [/marker_control_19256_1497160537246], count 0
[rosout][INFO] 2017-06-10 22:55:40,923: [Client 0] Subscribed to /tf2_web_republisher/feedback
[rosout][INFO] 2017-06-10 22:55:40,932: [Client 0] Subscribed to /tf2_web_republisher/feedback
[rosout][INFO] 2017-06-10 22:55:40,943: [Client 0] Subscribed to /tf2_web_republisher/feedback
[rosout][INFO] 2017-06-10 22:55:40,947: [Client 0] Subscribed to /tf2_web_republisher/feedback
[rosout][INFO] 2017-06-10 22:55:40,951: [Client 0] Subscribed to /tf2_web_republisher/feedback
[rosout][INFO] 2017-06-10 22:55:40,955: [Client 0] Subscribed to /tf2_web_republisher/feedback
[rosout][INFO] 2017-06-10 22:55:40,968: [Client 0] Subscribed to /tf2_web_republisher/feedback
[rospy.internal][INFO] 2017-06-10 22:55:40,995: topic[/tf2_web_republisher/goal] adding connection to [/tf2_web_republisher], count 0
[rospy.internal][INFO] 2017-06-10 22:55:40,999: topic[/tf2_web_republisher/cancel] adding connection to [/tf2_web_republisher], count 0
[rospy.internal][INFO] 2017-06-10 22:57:57,123: topic impl's ref count is zero, deleting topic /tf2_web_republisher/cancel...
[rospy.internal][INFO] 2017-06-10 22:57:57,123: topic[/tf2_web_republisher/cancel] removing connection to /tf2_web_republisher
[rospy.internal][INFO] 2017-06-10 22:57:57,130: topic impl's ref count is zero, deleting topic /tf2_web_republisher/goal...
[rospy.internal][INFO] 2017-06-10 22:57:57,136: topic[/tf2_web_republisher/goal] removing connection to /tf2_web_republisher
[rospy.internal][INFO] 2017-06-10 22:57:57,144: topic impl's ref count is zero, deleting topic /control_markers/feedback...
[rospy.internal][INFO] 2017-06-10 22:57:57,148: topic[/control_markers/feedback] removing connection to /marker_control_19256_1497160537246
[rospy.internal][INFO] 2017-06-10 22:57:57,156: topic impl's ref count is zero, deleting topic /control_markers/tunneled/update...
[rospy.internal][INFO] 2017-06-10 22:57:57,159: topic[/control_markers/tunneled/update] removing connection to http://ip-172-31-26-229:40552/
[rospy.internal][INFO] 2017-06-10 22:57:57,167: topic impl's ref count is zero, deleting topic /tf2_web_republisher/feedback...
[rospy.internal][INFO] 2017-06-10 22:57:57,171: topic[/tf2_web_republisher/feedback] removing connection to http://ip-172-31-26-229:51617/
[rospy.internal][INFO] 2017-06-10 22:57:57,179: topic impl's ref count is zero, deleting topic /visualization_marker_array...
[rospy.internal][INFO] 2017-06-10 22:57:57,182: topic[/visualization_marker_array] removing connection to http://ip-172-31-26-229:53947/
[rosout][INFO] 2017-06-10 22:57:57,193: Client disconnected. 0 clients total.
