[roslaunch][INFO] 2017-06-10 22:55:31,675: Checking log directory for disk usage. This may take awhile.
Press Ctrl-C to interrupt
[roslaunch][INFO] 2017-06-10 22:55:31,769: Done checking log file disk usage. Usage is <1GB.
[roslaunch][INFO] 2017-06-10 22:55:31,769: roslaunch starting with args ['roscore', '--core', '-p', '50353']
[roslaunch][INFO] 2017-06-10 22:55:31,772: roslaunch env is {'ROS_DISTRO': 'indigo', 'ASNLIB': '/home/ccc_v1_s54106__48606/asn13529_Project_5/asn13530_Project_4/asnlib', 'LIB': '/home/ccc_v1_s54106__48606/lib', 'PKG_CONFIG_PATH': '/opt/ros/indigo/lib/pkgconfig:/opt/ros/indigo/lib/x86_64-linux-gnu/pkgconfig', 'SSH_CLIENT': '172.31.7.153 44404 22', 'CPATH': '/opt/ros/indigo/include', 'LOGNAME': 'ccc_v1_w_dd4cc_18220', 'USER': 'ccc_v1_w_dd4cc_18220', 'ROS_NODE_PORT': '50353', 'HOME': '/home/ccc_v1_w_dd4cc_18220/asn13529_Project_5/asn13530_Project_4/work', 'PATH': '/opt/ros/indigo/bin:/usr/local/sbin:/usr/local/bin:/usr/sbin:/usr/bin:/sbin:/bin:/usr/games:/usr/local/games:/home/local/bin:/home/ccc_v1_s54106__48606/lib:/home/ccc_v1_s54106__48606/asn13529_Project_5/asn13530_Project_4/asnlib:/home/vlibs:.', 'CMAKE_PREFIX_PATH': '/opt/ros/indigo', 'LD_LIBRARY_PATH': '/opt/ros/indigo/lib:/opt/ros/indigo/lib/x86_64-linux-gnu:/home/ccc_v1_s54106__48606/lib:/home/ccc_v1_s54106__48606/asn13529_Project_5/asn13530_Project_4/asnlib:/home/vlibs', 'LANG': 'en_US.UTF-8', 'TERM': 'xterm-256color', 'SHELL': '/bin/bash', 'HISTFILE': '/home/ccc_v1_w_dd4cc_18220/.bash_history', 'SHLVL': '2', 'VOC_WORKAREA': '/home/ccc_v1_w_dd4cc_18220/asn13529_Project_5/asn13530_Project_4/work', 'ROS_LOG_FILENAME': '/home/ccc_v1_w_dd4cc_18220/asn13529_Project_5/asn13530_Project_4/work/.ros/log/9418ef08-4e6a-11e7-b953-06b0869cc04d/roslaunch-ip-172-31-26-229-18943.log', 'PART1': '/home/ccc_v1_s54106__48606/asn13529_Project_5/asn13530_Project_4', 'ROS_ETC_DIR': '/opt/ros/indigo/etc/ros', 'XDG_RUNTIME_DIR': '/run/user/18220', 'PYTHONPATH': '/opt/ros/indigo/lib/python2.7/dist-packages:/home/vlibs/python', 'VOC_PROXY_WRAPPER_PORT': '5100', 'VOC_XFER_TOKEN': '18501898594354243542135300593cdb4c87e104.19302960', 'ROS_ROOT': '/opt/ros/indigo/share/ros', 'OLD_HOME': '/home/ccc_v1_w_dd4cc_18220', 'VOC_PROXY_TOKEN': '195988167043542435421353001593cdb4c8ec875.08813727', 'ROS_PACKAGE_PATH': '/opt/ros/indigo/share:/opt/ros/indigo/stacks', 'XDG_SESSION_ID': '322891', '_': '/usr/bin/stdbuf', 'LD_PRELOAD': '/usr/lib/coreutils/libstdbuf.so', '_STDBUF_O': 'L', 'SSH_TTY': '/dev/pts/0', 'OLDPWD': '/home/ccc_v1_w_dd4cc_18220', 'ROSLISP_PACKAGE_DIRECTORIES': '', 'VLIB': '/home/vlibs', 'PWD': '/home/ccc_v1_w_dd4cc_18220/asn13529_Project_5/asn13530_Project_4/work', 'VOC_PROXY_ID': '43542_43542_13530_0_1', 'ROS_MASTER_URI': 'http://localhost:50353', 'MAIL': '/var/mail/ccc_v1_w_dd4cc_18220', 'SSH_CONNECTION': '172.31.7.153 44404 172.31.26.229 22'}
[roslaunch][INFO] 2017-06-10 22:55:31,781: starting in server mode
[roslaunch.parent][INFO] 2017-06-10 22:55:31,785: starting roslaunch parent run
[roslaunch][INFO] 2017-06-10 22:55:31,791: loading roscore config file /opt/ros/indigo/etc/ros/roscore.xml
[roslaunch][INFO] 2017-06-10 22:55:31,897: Added core node of type [rosout/rosout] in namespace [/]
[roslaunch.pmon][INFO] 2017-06-10 22:55:31,898: start_process_monitor: creating ProcessMonitor
[roslaunch.pmon][INFO] 2017-06-10 22:55:31,902: created process monitor <ProcessMonitor(ProcessMonitor-1, initial daemon)>
[roslaunch.pmon][INFO] 2017-06-10 22:55:31,906: start_process_monitor: ProcessMonitor started
[roslaunch.parent][INFO] 2017-06-10 22:55:31,909: starting parent XML-RPC server
[roslaunch.server][INFO] 2017-06-10 22:55:31,913: starting roslaunch XML-RPC server
[roslaunch.server][INFO] 2017-06-10 22:55:31,916: waiting for roslaunch XML-RPC server to initialize
[xmlrpc][INFO] 2017-06-10 22:55:31,916: XML-RPC server binding to 0.0.0.0:0
[xmlrpc][INFO] 2017-06-10 22:55:31,923: Started XML-RPC server [http://ip-172-31-26-229:55655/]
[xmlrpc][INFO] 2017-06-10 22:55:31,926: xml rpc node: starting XML-RPC server
[roslaunch][INFO] 2017-06-10 22:55:31,935: started roslaunch server http://ip-172-31-26-229:55655/
[roslaunch.parent][INFO] 2017-06-10 22:55:31,939: ... parent XML-RPC server started
[roslaunch][INFO] 2017-06-10 22:55:31,943: master.is_running[http://ip-172-31-26-229:50353/]
[roslaunch][INFO] 2017-06-10 22:55:31,947: auto-starting new master
[roslaunch][INFO] 2017-06-10 22:55:31,951: create_master_process: rosmaster, /opt/ros/indigo/share/ros, 50353, 3, None
[roslaunch][INFO] 2017-06-10 22:55:31,954: process[master]: launching with args [['rosmaster', '--core', '-p', '50353', '-w', '3']]
[roslaunch.pmon][INFO] 2017-06-10 22:55:31,957: ProcessMonitor.register[master]
[roslaunch.pmon][INFO] 2017-06-10 22:55:31,961: ProcessMonitor.register[master] complete
[roslaunch][INFO] 2017-06-10 22:55:31,964: process[master]: starting os process
[roslaunch][INFO] 2017-06-10 22:55:31,968: process[master]: start w/ args [['rosmaster', '--core', '-p', '50353', '-w', '3', '__log:=/home/ccc_v1_w_dd4cc_18220/asn13529_Project_5/asn13530_Project_4/work/.ros/log/9418ef08-4e6a-11e7-b953-06b0869cc04d/master.log']]
[roslaunch][INFO] 2017-06-10 22:55:31,972: process[master]: cwd will be [/home/ccc_v1_w_dd4cc_18220/asn13529_Project_5/asn13530_Project_4/work/.ros]
[roslaunch][INFO] 2017-06-10 22:55:31,981: process[master]: started with pid [18958]
[roslaunch][INFO] 2017-06-10 22:55:31,982: master.is_running[http://ip-172-31-26-229:50353/]
[roslaunch][INFO] 2017-06-10 22:55:32,086: master.is_running[http://ip-172-31-26-229:50353/]
[roslaunch][INFO] 2017-06-10 22:55:32,190: master.is_running[http://ip-172-31-26-229:50353/]
[roslaunch][INFO] 2017-06-10 22:55:32,197: master.is_running[http://ip-172-31-26-229:50353/]
[roslaunch][INFO] 2017-06-10 22:55:32,201: ROS_MASTER_URI=http://ip-172-31-26-229:50353/
[roslaunch][INFO] 2017-06-10 22:55:32,215: setting /run_id to 9418ef08-4e6a-11e7-b953-06b0869cc04d
[roslaunch][INFO] 2017-06-10 22:55:32,240: setting /roslaunch/uris/host_ip_172_31_26_229__55655' to http://ip-172-31-26-229:55655/
[roslaunch][INFO] 2017-06-10 22:55:32,252: ... preparing to launch node of type [rosout/rosout]
[roslaunch][INFO] 2017-06-10 22:55:32,256: create_node_process: package[rosout] type[rosout] machine[Machine(name[] env_loader[None] address[localhost] ssh_port[22] user[None] assignable[True] timeout[10.0])] master_uri[http://ip-172-31-26-229:50353/]
[roslaunch][INFO] 2017-06-10 22:55:32,259: process[rosout-1]: env[{'ROS_DISTRO': 'indigo', 'ASNLIB': '/home/ccc_v1_s54106__48606/asn13529_Project_5/asn13530_Project_4/asnlib', 'LIB': '/home/ccc_v1_s54106__48606/lib', 'VOC_PROXY_TOKEN': '195988167043542435421353001593cdb4c8ec875.08813727', 'SSH_CLIENT': '172.31.7.153 44404 22', 'CPATH': '/opt/ros/indigo/include', 'LOGNAME': 'ccc_v1_w_dd4cc_18220', 'USER': 'ccc_v1_w_dd4cc_18220', 'ROS_NODE_PORT': '50353', 'HOME': '/home/ccc_v1_w_dd4cc_18220/asn13529_Project_5/asn13530_Project_4/work', 'PATH': '/opt/ros/indigo/bin:/usr/local/sbin:/usr/local/bin:/usr/sbin:/usr/bin:/sbin:/bin:/usr/games:/usr/local/games:/home/local/bin:/home/ccc_v1_s54106__48606/lib:/home/ccc_v1_s54106__48606/asn13529_Project_5/asn13530_Project_4/asnlib:/home/vlibs:.', 'CMAKE_PREFIX_PATH': '/opt/ros/indigo', 'ROS_LOG_FILENAME': '/home/ccc_v1_w_dd4cc_18220/asn13529_Project_5/asn13530_Project_4/work/.ros/log/9418ef08-4e6a-11e7-b953-06b0869cc04d/roslaunch-ip-172-31-26-229-18943.log', 'LANG': 'en_US.UTF-8', 'TERM': 'xterm-256color', 'SHELL': '/bin/bash', 'HISTFILE': '/home/ccc_v1_w_dd4cc_18220/.bash_history', 'SHLVL': '2', 'VOC_WORKAREA': '/home/ccc_v1_w_dd4cc_18220/asn13529_Project_5/asn13530_Project_4/work', 'LD_LIBRARY_PATH': '/opt/ros/indigo/lib:/opt/ros/indigo/lib/x86_64-linux-gnu:/home/ccc_v1_s54106__48606/lib:/home/ccc_v1_s54106__48606/asn13529_Project_5/asn13530_Project_4/asnlib:/home/vlibs', 'PART1': '/home/ccc_v1_s54106__48606/asn13529_Project_5/asn13530_Project_4', 'ROS_MASTER_URI': 'http://ip-172-31-26-229:50353/', 'XDG_RUNTIME_DIR': '/run/user/18220', 'PYTHONPATH': '/opt/ros/indigo/lib/python2.7/dist-packages:/home/vlibs/python', 'VOC_PROXY_WRAPPER_PORT': '5100', 'VOC_XFER_TOKEN': '18501898594354243542135300593cdb4c87e104.19302960', 'ROS_ROOT': '/opt/ros/indigo/share/ros', 'OLD_HOME': '/home/ccc_v1_w_dd4cc_18220', 'PKG_CONFIG_PATH': '/opt/ros/indigo/lib/pkgconfig:/opt/ros/indigo/lib/x86_64-linux-gnu/pkgconfig', 'ROS_PACKAGE_PATH': '/opt/ros/indigo/share:/opt/ros/indigo/stacks', 'XDG_SESSION_ID': '322891', '_': '/usr/bin/stdbuf', 'LD_PRELOAD': '/usr/lib/coreutils/libstdbuf.so', '_STDBUF_O': 'L', 'SSH_TTY': '/dev/pts/0', 'OLDPWD': '/home/ccc_v1_w_dd4cc_18220', 'ROSLISP_PACKAGE_DIRECTORIES': '', 'VLIB': '/home/vlibs', 'PWD': '/home/ccc_v1_w_dd4cc_18220/asn13529_Project_5/asn13530_Project_4/work', 'VOC_PROXY_ID': '43542_43542_13530_0_1', 'ROS_ETC_DIR': '/opt/ros/indigo/etc/ros', 'MAIL': '/var/mail/ccc_v1_w_dd4cc_18220', 'SSH_CONNECTION': '172.31.7.153 44404 172.31.26.229 22'}]
[roslaunch][INFO] 2017-06-10 22:55:32,289: process[rosout-1]: args[[u'/opt/ros/indigo/lib/rosout/rosout', u'__name:=rosout']]
[roslaunch][INFO] 2017-06-10 22:55:32,293: ... created process [rosout-1]
[roslaunch.pmon][INFO] 2017-06-10 22:55:32,296: ProcessMonitor.register[rosout-1]
[roslaunch.pmon][INFO] 2017-06-10 22:55:32,300: ProcessMonitor.register[rosout-1] complete
[roslaunch][INFO] 2017-06-10 22:55:32,303: ... registered process [rosout-1]
[roslaunch][INFO] 2017-06-10 22:55:32,306: process[rosout-1]: starting os process
[roslaunch][INFO] 2017-06-10 22:55:32,313: process[rosout-1]: start w/ args [[u'/opt/ros/indigo/lib/rosout/rosout', u'__name:=rosout', u'__log:=/home/ccc_v1_w_dd4cc_18220/asn13529_Project_5/asn13530_Project_4/work/.ros/log/9418ef08-4e6a-11e7-b953-06b0869cc04d/rosout-1.log']]
[roslaunch][INFO] 2017-06-10 22:55:32,317: process[rosout-1]: cwd will be [/home/ccc_v1_w_dd4cc_18220/asn13529_Project_5/asn13530_Project_4/work/.ros]
[roslaunch][INFO] 2017-06-10 22:55:32,325: process[rosout-1]: started with pid [18972]
[roslaunch][INFO] 2017-06-10 22:55:32,326: ... successfully launched [rosout-1]
[roslaunch][INFO] 2017-06-10 22:55:32,329: load_parameters starting ...
[roslaunch][INFO] 2017-06-10 22:55:32,342: ... load_parameters complete
[roslaunch][INFO] 2017-06-10 22:55:32,346: launch_nodes: launching local nodes ...
[roslaunch][INFO] 2017-06-10 22:55:32,350: ... launch_nodes complete
[roslaunch.pmon][INFO] 2017-06-10 22:55:32,354: registrations completed <ProcessMonitor(ProcessMonitor-1, started daemon 140621905909504)>
[roslaunch.parent][INFO] 2017-06-10 22:55:32,358: ... roslaunch parent running, waiting for process exit
[roslaunch][INFO] 2017-06-10 22:55:32,361: spin
