[rospy.client][INFO] 2017-06-05 17:20:03,867: init_node, name[/rosbridge_websocket], pid[21470]
[xmlrpc][INFO] 2017-06-05 17:20:03,867: XML-RPC server binding to 0.0.0.0:0
[xmlrpc][INFO] 2017-06-05 17:20:03,874: Started XML-RPC server [http://ip-172-31-26-229:48743/]
[rospy.impl.masterslave][INFO] 2017-06-05 17:20:03,880: _ready: http://ip-172-31-26-229:48743/
[rospy.init][INFO] 2017-06-05 17:20:03,874: ROS Slave URI: [http://ip-172-31-26-229:48743/]
[xmlrpc][INFO] 2017-06-05 17:20:03,883: xml rpc node: starting XML-RPC server
[rospy.registration][INFO] 2017-06-05 17:20:03,884: Registering with master node http://localhost:46002
[rospy.init][INFO] 2017-06-05 17:20:03,987: registered with master
[rospy.rosout][INFO] 2017-06-05 17:20:03,990: initializing /rosout core topic
[rospy.rosout][INFO] 2017-06-05 17:20:04,005: connected to core topic /rosout
[rospy.simtime][INFO] 2017-06-05 17:20:04,010: /use_sim_time is not set, will not subscribe to simulated time [/clock] topic
[rosout][INFO] 2017-06-05 17:20:04,039: Rosbridge WebSocket server started on port 51859
[rospy.internal][INFO] 2017-06-05 17:20:04,219: topic[/rosout] adding connection to [/rosout], count 0
[rosout][INFO] 2017-06-05 17:20:19,882: Client connected.  1 clients total.
[rosout][INFO] 2017-06-05 17:20:20,014: [Client 0] Subscribed to /tf2_web_republisher/feedback
[rosout][INFO] 2017-06-05 17:20:20,030: [Client 0] Subscribed to /control_markers/tunneled/update
[rospy.internal][INFO] 2017-06-05 17:20:20,065: topic[/control_markers/tunneled/update] adding connection to [http://ip-172-31-26-229:45937/], count 0
[rospy.internal][INFO] 2017-06-05 17:20:20,066: topic[/tf2_web_republisher/feedback] adding connection to [http://ip-172-31-26-229:43000/], count 0
[rospy.internal][INFO] 2017-06-05 17:20:20,091: topic[/control_markers/feedback] adding connection to [/cartesian_control_21713_1496708407399], count 0
[rosout][INFO] 2017-06-05 17:20:20,160: [Client 0] Subscribed to /tf2_web_republisher/feedback
[rosout][INFO] 2017-06-05 17:20:20,173: [Client 0] Subscribed to /tf2_web_republisher/feedback
[rosout][INFO] 2017-06-05 17:20:20,177: [Client 0] Subscribed to /tf2_web_republisher/feedback
[rosout][INFO] 2017-06-05 17:20:20,181: [Client 0] Subscribed to /tf2_web_republisher/feedback
[rosout][INFO] 2017-06-05 17:20:20,185: [Client 0] Subscribed to /tf2_web_republisher/feedback
[rosout][INFO] 2017-06-05 17:20:20,189: [Client 0] Subscribed to /tf2_web_republisher/feedback
[rosout][INFO] 2017-06-05 17:20:20,193: [Client 0] Subscribed to /tf2_web_republisher/feedback
[rosout][INFO] 2017-06-05 17:20:20,198: [Client 0] Subscribed to /tf2_web_republisher/feedback
[rospy.internal][INFO] 2017-06-05 17:20:20,277: topic[/tf2_web_republisher/goal] adding connection to [/tf2_web_republisher], count 0
[rospy.internal][INFO] 2017-06-05 17:20:20,284: topic[/tf2_web_republisher/cancel] adding connection to [/tf2_web_republisher], count 0
[rosout][INFO] 2017-06-05 17:30:01,498: [Client 0] Subscribed to /tf2_web_republisher/feedback
[rosout][INFO] 2017-06-05 17:30:01,506: [Client 0] Subscribed to /tf2_web_republisher/feedback
[rosout][INFO] 2017-06-05 17:30:01,511: [Client 0] Subscribed to /tf2_web_republisher/feedback
[rosout][INFO] 2017-06-05 17:30:01,515: [Client 0] Subscribed to /tf2_web_republisher/feedback
[rosout][INFO] 2017-06-05 17:30:01,520: [Client 0] Subscribed to /tf2_web_republisher/feedback
[rosout][INFO] 2017-06-05 17:30:01,524: [Client 0] Subscribed to /tf2_web_republisher/feedback
[rospy.internal][INFO] 2017-06-05 17:35:30,712: topic impl's ref count is zero, deleting topic /tf2_web_republisher/cancel...
[rospy.internal][INFO] 2017-06-05 17:35:30,713: topic[/tf2_web_republisher/cancel] removing connection to /tf2_web_republisher
[rospy.internal][INFO] 2017-06-05 17:35:30,723: topic impl's ref count is zero, deleting topic /tf2_web_republisher/goal...
[rospy.internal][INFO] 2017-06-05 17:35:30,727: topic[/tf2_web_republisher/goal] removing connection to /tf2_web_republisher
[rospy.internal][INFO] 2017-06-05 17:35:30,737: topic impl's ref count is zero, deleting topic /control_markers/feedback...
[rospy.internal][INFO] 2017-06-05 17:35:30,741: topic[/control_markers/feedback] removing connection to /cartesian_control_21713_1496708407399
[rosout][WARNING] 2017-06-05 17:35:30,742: Could not process inbound connection: Internal error processing topic [/control_markers/feedback]{'message_definition': "# Time/frame info.\nHeader header\n\n# Identifying string. Must be unique in the topic namespace.\nstring client_id\n\n# Feedback message sent back from the GUI, e.g.\n# when the status of an interactive marker was modified by the user.\n\n# Specifies which interactive marker and control this message refers to\nstring marker_name\nstring control_name\n\n# Type of the event\n# KEEP_ALIVE: sent while dragging to keep up control of the marker\n# MENU_SELECT: a menu entry has been selected\n# BUTTON_CLICK: a button control has been clicked\n# POSE_UPDATE: the pose has been changed using one of the controls\nuint8 KEEP_ALIVE = 0\nuint8 POSE_UPDATE = 1\nuint8 MENU_SELECT = 2\nuint8 BUTTON_CLICK = 3\n\nuint8 MOUSE_DOWN = 4\nuint8 MOUSE_UP = 5\n\nuint8 event_type\n\n# Current pose of the marker\n# Note: Has to be valid for all feedback types.\ngeometry_msgs/Pose pose\n\n# Contains the ID of the selected menu entry\n# Only valid for MENU_SELECT events.\nuint32 menu_entry_id\n\n# If event_type is BUTTON_CLICK, MOUSE_DOWN, or MOUSE_UP, mouse_point\n# may contain the 3 dimensional position of the event on the\n# control.  If it does, mouse_point_valid will be true.  mouse_point\n# will be relative to the frame listed in the header.\ngeometry_msgs/Point mouse_point\nbool mouse_point_valid\n\n================================================================================\nMSG: std_msgs/Header\n# Standard metadata for higher-level stamped data types.\n# This is generally used to communicate timestamped data \n# in a particular coordinate frame.\n# \n# sequence ID: consecutively increasing ID \nuint32 seq\n#Two-integer timestamp that is expressed as:\n# * stamp.sec: seconds (stamp_secs) since epoch (in Python the variable is called 'secs')\n# * stamp.nsec: nanoseconds since stamp_secs (in Python the variable is called 'nsecs')\n# time-handling sugar is provided by the client library\ntime stamp\n#Frame this data is associated with\n# 0: no frame\n# 1: global frame\nstring frame_id\n\n================================================================================\nMSG: geometry_msgs/Pose\n# A representation of pose in free space, composed of postion and orientation. \nPoint position\nQuaternion orientation\n\n================================================================================\nMSG: geometry_msgs/Point\n# This contains the position of a point in free space\nfloat64 x\nfloat64 y\nfloat64 z\n\n================================================================================\nMSG: geometry_msgs/Quaternion\n# This represents an orientation in free space in quaternion form.\n\nfloat64 x\nfloat64 y\nfloat64 z\nfloat64 w\n", 'callerid': '/cartesian_control_21713_1496708407399', 'tcp_nodelay': '0', 'md5sum': 'ab0f1eee058667e28c19ff3ffc3f4b78', 'topic': '/control_markers/feedback', 'type': 'visualization_msgs/InteractiveMarkerFeedback'}
[rospy.internal][INFO] 2017-06-05 17:35:30,750: topic impl's ref count is zero, deleting topic /control_markers/tunneled/update...
[rospy.internal][INFO] 2017-06-05 17:35:30,755: topic[/control_markers/tunneled/update] removing connection to http://ip-172-31-26-229:45937/
[rospy.internal][INFO] 2017-06-05 17:35:30,762: topic impl's ref count is zero, deleting topic /tf2_web_republisher/feedback...
[rospy.internal][INFO] 2017-06-05 17:35:30,766: topic[/tf2_web_republisher/feedback] removing connection to http://ip-172-31-26-229:43000/
[rospy.internal][WARNING] 2017-06-05 17:35:30,767: Unknown error initiating TCP/IP socket to ip-172-31-26-229:37953 (http://ip-172-31-26-229:43000/): Traceback (most recent call last):
  File "/opt/ros/indigo/lib/python2.7/dist-packages/rospy/impl/tcpros_base.py", line 558, in connect
    self.local_endpoint = self.socket.getsockname()
AttributeError: 'NoneType' object has no attribute 'getsockname'

[rosout][INFO] 2017-06-05 17:35:30,774: Client disconnected. 0 clients total.
[tornado.application][ERROR] 2017-06-05 17:35:30,777: Exception in callback <functools.partial object at 0x7f8b24d1c8e8>
Traceback (most recent call last):
  File "/opt/ros/indigo/lib/python2.7/dist-packages/tornado/ioloop.py", line 565, in _run_callback
    ret = callback()
  File "/opt/ros/indigo/lib/python2.7/dist-packages/tornado/stack_context.py", line 275, in null_wrapper
    return fn(*args, **kwargs)
  File "/opt/ros/indigo/lib/python2.7/dist-packages/tornado/websocket.py", line 198, in write_message
    raise WebSocketClosedError()
WebSocketClosedError
[tornado.application][ERROR] 2017-06-05 17:35:30,781: Exception in callback <functools.partial object at 0x7f8b24d1caa0>
Traceback (most recent call last):
  File "/opt/ros/indigo/lib/python2.7/dist-packages/tornado/ioloop.py", line 565, in _run_callback
    ret = callback()
  File "/opt/ros/indigo/lib/python2.7/dist-packages/tornado/stack_context.py", line 275, in null_wrapper
    return fn(*args, **kwargs)
  File "/opt/ros/indigo/lib/python2.7/dist-packages/tornado/websocket.py", line 198, in write_message
    raise WebSocketClosedError()
WebSocketClosedError
[tornado.application][ERROR] 2017-06-05 17:35:30,785: Exception in callback <functools.partial object at 0x7f8b24d1c940>
Traceback (most recent call last):
  File "/opt/ros/indigo/lib/python2.7/dist-packages/tornado/ioloop.py", line 565, in _run_callback
    ret = callback()
  File "/opt/ros/indigo/lib/python2.7/dist-packages/tornado/stack_context.py", line 275, in null_wrapper
    return fn(*args, **kwargs)
  File "/opt/ros/indigo/lib/python2.7/dist-packages/tornado/websocket.py", line 198, in write_message
    raise WebSocketClosedError()
WebSocketClosedError
[rosout][WARNING] 2017-06-05 17:35:31,748: Could not process inbound connection: [/rosbridge_websocket] is not a publisher of [/control_markers/feedback]. Topics are [['/rosout', 'rosgraph_msgs/Log']]{'message_definition': "# Time/frame info.\nHeader header\n\n# Identifying string. Must be unique in the topic namespace.\nstring client_id\n\n# Feedback message sent back from the GUI, e.g.\n# when the status of an interactive marker was modified by the user.\n\n# Specifies which interactive marker and control this message refers to\nstring marker_name\nstring control_name\n\n# Type of the event\n# KEEP_ALIVE: sent while dragging to keep up control of the marker\n# MENU_SELECT: a menu entry has been selected\n# BUTTON_CLICK: a button control has been clicked\n# POSE_UPDATE: the pose has been changed using one of the controls\nuint8 KEEP_ALIVE = 0\nuint8 POSE_UPDATE = 1\nuint8 MENU_SELECT = 2\nuint8 BUTTON_CLICK = 3\n\nuint8 MOUSE_DOWN = 4\nuint8 MOUSE_UP = 5\n\nuint8 event_type\n\n# Current pose of the marker\n# Note: Has to be valid for all feedback types.\ngeometry_msgs/Pose pose\n\n# Contains the ID of the selected menu entry\n# Only valid for MENU_SELECT events.\nuint32 menu_entry_id\n\n# If event_type is BUTTON_CLICK, MOUSE_DOWN, or MOUSE_UP, mouse_point\n# may contain the 3 dimensional position of the event on the\n# control.  If it does, mouse_point_valid will be true.  mouse_point\n# will be relative to the frame listed in the header.\ngeometry_msgs/Point mouse_point\nbool mouse_point_valid\n\n================================================================================\nMSG: std_msgs/Header\n# Standard metadata for higher-level stamped data types.\n# This is generally used to communicate timestamped data \n# in a particular coordinate frame.\n# \n# sequence ID: consecutively increasing ID \nuint32 seq\n#Two-integer timestamp that is expressed as:\n# * stamp.sec: seconds (stamp_secs) since epoch (in Python the variable is called 'secs')\n# * stamp.nsec: nanoseconds since stamp_secs (in Python the variable is called 'nsecs')\n# time-handling sugar is provided by the client library\ntime stamp\n#Frame this data is associated with\n# 0: no frame\n# 1: global frame\nstring frame_id\n\n================================================================================\nMSG: geometry_msgs/Pose\n# A representation of pose in free space, composed of postion and orientation. \nPoint position\nQuaternion orientation\n\n================================================================================\nMSG: geometry_msgs/Point\n# This contains the position of a point in free space\nfloat64 x\nfloat64 y\nfloat64 z\n\n================================================================================\nMSG: geometry_msgs/Quaternion\n# This represents an orientation in free space in quaternion form.\n\nfloat64 x\nfloat64 y\nfloat64 z\nfloat64 w\n", 'callerid': '/cartesian_control_21713_1496708407399', 'tcp_nodelay': '0', 'md5sum': 'ab0f1eee058667e28c19ff3ffc3f4b78', 'topic': '/control_markers/feedback', 'type': 'visualization_msgs/InteractiveMarkerFeedback'}
