[roslaunch][INFO] 2017-06-05 17:20:03,112: Checking log directory for disk usage. This may take awhile.
Press Ctrl-C to interrupt
[roslaunch][INFO] 2017-06-05 17:20:03,136: Done checking log file disk usage. Usage is <1GB.
[roslaunch][INFO] 2017-06-05 17:20:03,136: roslaunch starting with args ['/opt/ros/indigo/bin/roslaunch', 'rosbridge_server', 'rosbridge_websocket.launch', 'port:=51859']
[roslaunch][INFO] 2017-06-05 17:20:03,139: roslaunch env is {'ROS_DISTRO': 'indigo', 'ASNLIB': '/home/ccc_v1_s54106__48606/asn13354_Project_4/asn13355_Project_4/asnlib', 'LIB': '/home/ccc_v1_s54106__48606/lib', 'PKG_CONFIG_PATH': '/opt/ros/indigo/lib/pkgconfig:/opt/ros/indigo/lib/x86_64-linux-gnu/pkgconfig', 'SSH_CLIENT': '172.31.7.153 34602 22', 'CPATH': '/opt/ros/indigo/include', 'LOGNAME': 'ccc_v1_w_dd4cc_18220', 'USER': 'ccc_v1_w_dd4cc_18220', 'ROS_NODE_PORT': '46002', 'HOME': '/home/ccc_v1_w_dd4cc_18220/asn13354_Project_4/asn13355_Project_4/work', 'PATH': '/opt/ros/indigo/bin:/usr/local/sbin:/usr/local/bin:/usr/sbin:/usr/bin:/sbin:/bin:/usr/games:/usr/local/games:/home/local/bin:/home/ccc_v1_s54106__48606/lib:/home/ccc_v1_s54106__48606/asn13354_Project_4/asn13355_Project_4/asnlib:/home/vlibs:.', 'CMAKE_PREFIX_PATH': '/opt/ros/indigo', 'LD_LIBRARY_PATH': '/opt/ros/indigo/lib:/opt/ros/indigo/lib/x86_64-linux-gnu:/home/ccc_v1_s54106__48606/lib:/home/ccc_v1_s54106__48606/asn13354_Project_4/asn13355_Project_4/asnlib:/home/vlibs', 'LANG': 'en_US.UTF-8', 'TERM': 'xterm-256color', 'SHELL': '/bin/bash', 'HISTFILE': '/home/ccc_v1_w_dd4cc_18220/.bash_history', 'SHLVL': '2', 'VOC_WORKAREA': '/home/ccc_v1_w_dd4cc_18220/asn13354_Project_4/asn13355_Project_4/work', 'ROS_LOG_FILENAME': '/home/ccc_v1_w_dd4cc_18220/asn13354_Project_4/asn13355_Project_4/work/.ros/log/e1307688-4a4d-11e7-ad2c-06b0869cc04d/roslaunch-ip-172-31-26-229-21450.log', 'PART1': '/home/ccc_v1_s54106__48606/asn13354_Project_4/asn13355_Project_4', 'ROS_ETC_DIR': '/opt/ros/indigo/etc/ros', 'XDG_RUNTIME_DIR': '/run/user/18220', 'PYTHONPATH': '/opt/ros/indigo/lib/python2.7/dist-packages:/home/vlibs/python', 'VOC_PROXY_WRAPPER_PORT': '5100', 'VOC_XFER_TOKEN': '121809307243542435421335505935f5293dbf19.63217997', 'ROS_ROOT': '/opt/ros/indigo/share/ros', 'OLD_HOME': '/home/ccc_v1_w_dd4cc_18220', 'VOC_PROXY_TOKEN': '322145962435424354213355015935f52947f034.40767835', 'ROS_PACKAGE_PATH': '/opt/ros/indigo/share:/opt/ros/indigo/stacks', 'XDG_SESSION_ID': '298201', '_': '/usr/bin/stdbuf', 'LD_PRELOAD': '/usr/lib/coreutils/libstdbuf.so', '_STDBUF_O': 'L', 'SSH_TTY': '/dev/pts/0', 'OLDPWD': '/home/ccc_v1_w_dd4cc_18220', 'ROSLISP_PACKAGE_DIRECTORIES': '', 'VLIB': '/home/vlibs', 'PWD': '/home/ccc_v1_w_dd4cc_18220/asn13354_Project_4/asn13355_Project_4/work', 'VOC_PROXY_ID': '43542_43542_13355_0_1', 'ROS_MASTER_URI': 'http://localhost:46002', 'MAIL': '/var/mail/ccc_v1_w_dd4cc_18220', 'SSH_CONNECTION': '172.31.7.153 34602 172.31.26.229 22'}
[roslaunch][INFO] 2017-06-05 17:20:03,143: starting in server mode
[roslaunch.parent][INFO] 2017-06-05 17:20:03,154: starting roslaunch parent run
[roslaunch][INFO] 2017-06-05 17:20:03,158: loading roscore config file /opt/ros/indigo/etc/ros/roscore.xml
[roslaunch][INFO] 2017-06-05 17:20:03,262: Added core node of type [rosout/rosout] in namespace [/]
[roslaunch.config][INFO] 2017-06-05 17:20:03,263: loading config file /opt/ros/indigo/share/rosbridge_server/launch/rosbridge_websocket.launch
[roslaunch][INFO] 2017-06-05 17:20:03,268: Added node of type [rosbridge_server/rosbridge_websocket] in namespace [/]
[roslaunch][INFO] 2017-06-05 17:20:03,272: Added node of type [rosapi/rosapi_node] in namespace [/]
[roslaunch][INFO] 2017-06-05 17:20:03,276: ... selected machine [] for node of type [rosbridge_server/rosbridge_websocket]
[roslaunch][INFO] 2017-06-05 17:20:03,279: ... selected machine [] for node of type [rosapi/rosapi_node]
[roslaunch.pmon][INFO] 2017-06-05 17:20:03,283: start_process_monitor: creating ProcessMonitor
[roslaunch.pmon][INFO] 2017-06-05 17:20:03,287: created process monitor <ProcessMonitor(ProcessMonitor-1, initial daemon)>
[roslaunch.pmon][INFO] 2017-06-05 17:20:03,290: start_process_monitor: ProcessMonitor started
[roslaunch.parent][INFO] 2017-06-05 17:20:03,293: starting parent XML-RPC server
[roslaunch.server][INFO] 2017-06-05 17:20:03,297: starting roslaunch XML-RPC server
[roslaunch.server][INFO] 2017-06-05 17:20:03,300: waiting for roslaunch XML-RPC server to initialize
[xmlrpc][INFO] 2017-06-05 17:20:03,300: XML-RPC server binding to 0.0.0.0:0
[xmlrpc][INFO] 2017-06-05 17:20:03,307: Started XML-RPC server [http://ip-172-31-26-229:40524/]
[xmlrpc][INFO] 2017-06-05 17:20:03,310: xml rpc node: starting XML-RPC server
[roslaunch][INFO] 2017-06-05 17:20:03,335: started roslaunch server http://ip-172-31-26-229:40524/
[roslaunch.parent][INFO] 2017-06-05 17:20:03,339: ... parent XML-RPC server started
[roslaunch][INFO] 2017-06-05 17:20:03,342: master.is_running[http://localhost:46002]
[roslaunch][INFO] 2017-06-05 17:20:03,347: master.is_running[http://localhost:46002]
[roslaunch][INFO] 2017-06-05 17:20:03,352: ROS_MASTER_URI=http://localhost:46002
[roslaunch][INFO] 2017-06-05 17:20:03,359: setting /roslaunch/uris/host_ip_172_31_26_229__40524' to http://ip-172-31-26-229:40524/
[roslaunch][INFO] 2017-06-05 17:20:03,364: load_parameters starting ...
[roslaunch][INFO] 2017-06-05 17:20:03,401: ... load_parameters complete
[roslaunch][INFO] 2017-06-05 17:20:03,405: launch_nodes: launching local nodes ...
[roslaunch][INFO] 2017-06-05 17:20:03,408: ... preparing to launch node of type [rosbridge_server/rosbridge_websocket]
[roslaunch][INFO] 2017-06-05 17:20:03,412: create_node_process: package[rosbridge_server] type[rosbridge_websocket] machine[Machine(name[] env_loader[None] address[localhost] ssh_port[22] user[None] assignable[True] timeout[10.0])] master_uri[http://localhost:46002]
[roslaunch][INFO] 2017-06-05 17:20:03,415: process[rosbridge_websocket-1]: env[{'ROS_DISTRO': 'indigo', 'ASNLIB': '/home/ccc_v1_s54106__48606/asn13354_Project_4/asn13355_Project_4/asnlib', 'LIB': '/home/ccc_v1_s54106__48606/lib', 'VOC_PROXY_TOKEN': '322145962435424354213355015935f52947f034.40767835', 'SSH_CLIENT': '172.31.7.153 34602 22', 'CPATH': '/opt/ros/indigo/include', 'LOGNAME': 'ccc_v1_w_dd4cc_18220', 'USER': 'ccc_v1_w_dd4cc_18220', 'ROS_NODE_PORT': '46002', 'HOME': '/home/ccc_v1_w_dd4cc_18220/asn13354_Project_4/asn13355_Project_4/work', 'PATH': '/opt/ros/indigo/bin:/usr/local/sbin:/usr/local/bin:/usr/sbin:/usr/bin:/sbin:/bin:/usr/games:/usr/local/games:/home/local/bin:/home/ccc_v1_s54106__48606/lib:/home/ccc_v1_s54106__48606/asn13354_Project_4/asn13355_Project_4/asnlib:/home/vlibs:.', 'CMAKE_PREFIX_PATH': '/opt/ros/indigo', 'ROS_LOG_FILENAME': '/home/ccc_v1_w_dd4cc_18220/asn13354_Project_4/asn13355_Project_4/work/.ros/log/e1307688-4a4d-11e7-ad2c-06b0869cc04d/roslaunch-ip-172-31-26-229-21450.log', 'LANG': 'en_US.UTF-8', 'TERM': 'xterm-256color', 'SHELL': '/bin/bash', 'HISTFILE': '/home/ccc_v1_w_dd4cc_18220/.bash_history', 'SHLVL': '2', 'VOC_WORKAREA': '/home/ccc_v1_w_dd4cc_18220/asn13354_Project_4/asn13355_Project_4/work', 'LD_LIBRARY_PATH': '/opt/ros/indigo/lib:/opt/ros/indigo/lib/x86_64-linux-gnu:/home/ccc_v1_s54106__48606/lib:/home/ccc_v1_s54106__48606/asn13354_Project_4/asn13355_Project_4/asnlib:/home/vlibs', 'PART1': '/home/ccc_v1_s54106__48606/asn13354_Project_4/asn13355_Project_4', 'ROS_MASTER_URI': 'http://localhost:46002', 'XDG_RUNTIME_DIR': '/run/user/18220', 'PYTHONPATH': '/opt/ros/indigo/lib/python2.7/dist-packages:/home/vlibs/python', 'VOC_PROXY_WRAPPER_PORT': '5100', 'VOC_XFER_TOKEN': '121809307243542435421335505935f5293dbf19.63217997', 'ROS_ROOT': '/opt/ros/indigo/share/ros', 'OLD_HOME': '/home/ccc_v1_w_dd4cc_18220', 'PKG_CONFIG_PATH': '/opt/ros/indigo/lib/pkgconfig:/opt/ros/indigo/lib/x86_64-linux-gnu/pkgconfig', 'ROS_PACKAGE_PATH': '/opt/ros/indigo/share:/opt/ros/indigo/stacks', 'XDG_SESSION_ID': '298201', '_': '/usr/bin/stdbuf', 'LD_PRELOAD': '/usr/lib/coreutils/libstdbuf.so', '_STDBUF_O': 'L', 'SSH_TTY': '/dev/pts/0', 'OLDPWD': '/home/ccc_v1_w_dd4cc_18220', 'ROSLISP_PACKAGE_DIRECTORIES': '', 'VLIB': '/home/vlibs', 'PWD': '/home/ccc_v1_w_dd4cc_18220/asn13354_Project_4/asn13355_Project_4/work', 'VOC_PROXY_ID': '43542_43542_13355_0_1', 'ROS_ETC_DIR': '/opt/ros/indigo/etc/ros', 'MAIL': '/var/mail/ccc_v1_w_dd4cc_18220', 'SSH_CONNECTION': '172.31.7.153 34602 172.31.26.229 22'}]
[roslaunch][INFO] 2017-06-05 17:20:03,443: process[rosbridge_websocket-1]: args[[u'/opt/ros/indigo/lib/rosbridge_server/rosbridge_websocket', u'__name:=rosbridge_websocket']]
[roslaunch][INFO] 2017-06-05 17:20:03,446: ... created process [rosbridge_websocket-1]
[roslaunch.pmon][INFO] 2017-06-05 17:20:03,450: ProcessMonitor.register[rosbridge_websocket-1]
[roslaunch.pmon][INFO] 2017-06-05 17:20:03,453: ProcessMonitor.register[rosbridge_websocket-1] complete
[roslaunch][INFO] 2017-06-05 17:20:03,457: ... registered process [rosbridge_websocket-1]
[roslaunch][INFO] 2017-06-05 17:20:03,461: process[rosbridge_websocket-1]: starting os process
[roslaunch][INFO] 2017-06-05 17:20:03,465: process[rosbridge_websocket-1]: start w/ args [[u'/opt/ros/indigo/lib/rosbridge_server/rosbridge_websocket', u'__name:=rosbridge_websocket', u'__log:=/home/ccc_v1_w_dd4cc_18220/asn13354_Project_4/asn13355_Project_4/work/.ros/log/e1307688-4a4d-11e7-ad2c-06b0869cc04d/rosbridge_websocket-1.log']]
[roslaunch][INFO] 2017-06-05 17:20:03,468: process[rosbridge_websocket-1]: cwd will be [/home/ccc_v1_w_dd4cc_18220/asn13354_Project_4/asn13355_Project_4/work/.ros]
[roslaunch][INFO] 2017-06-05 17:20:03,476: process[rosbridge_websocket-1]: started with pid [21470]
[roslaunch][INFO] 2017-06-05 17:20:03,477: ... successfully launched [rosbridge_websocket-1]
[roslaunch][INFO] 2017-06-05 17:20:03,481: ... preparing to launch node of type [rosapi/rosapi_node]
[roslaunch][INFO] 2017-06-05 17:20:03,484: create_node_process: package[rosapi] type[rosapi_node] machine[Machine(name[] env_loader[None] address[localhost] ssh_port[22] user[None] assignable[True] timeout[10.0])] master_uri[http://localhost:46002]
[roslaunch][INFO] 2017-06-05 17:20:03,487: process[rosapi-2]: env[{'ROS_DISTRO': 'indigo', 'ASNLIB': '/home/ccc_v1_s54106__48606/asn13354_Project_4/asn13355_Project_4/asnlib', 'LIB': '/home/ccc_v1_s54106__48606/lib', 'VOC_PROXY_TOKEN': '322145962435424354213355015935f52947f034.40767835', 'SSH_CLIENT': '172.31.7.153 34602 22', 'CPATH': '/opt/ros/indigo/include', 'LOGNAME': 'ccc_v1_w_dd4cc_18220', 'USER': 'ccc_v1_w_dd4cc_18220', 'ROS_NODE_PORT': '46002', 'HOME': '/home/ccc_v1_w_dd4cc_18220/asn13354_Project_4/asn13355_Project_4/work', 'PATH': '/opt/ros/indigo/bin:/usr/local/sbin:/usr/local/bin:/usr/sbin:/usr/bin:/sbin:/bin:/usr/games:/usr/local/games:/home/local/bin:/home/ccc_v1_s54106__48606/lib:/home/ccc_v1_s54106__48606/asn13354_Project_4/asn13355_Project_4/asnlib:/home/vlibs:.', 'CMAKE_PREFIX_PATH': '/opt/ros/indigo', 'ROS_LOG_FILENAME': '/home/ccc_v1_w_dd4cc_18220/asn13354_Project_4/asn13355_Project_4/work/.ros/log/e1307688-4a4d-11e7-ad2c-06b0869cc04d/roslaunch-ip-172-31-26-229-21450.log', 'LANG': 'en_US.UTF-8', 'TERM': 'xterm-256color', 'SHELL': '/bin/bash', 'HISTFILE': '/home/ccc_v1_w_dd4cc_18220/.bash_history', 'SHLVL': '2', 'VOC_WORKAREA': '/home/ccc_v1_w_dd4cc_18220/asn13354_Project_4/asn13355_Project_4/work', 'LD_LIBRARY_PATH': '/opt/ros/indigo/lib:/opt/ros/indigo/lib/x86_64-linux-gnu:/home/ccc_v1_s54106__48606/lib:/home/ccc_v1_s54106__48606/asn13354_Project_4/asn13355_Project_4/asnlib:/home/vlibs', 'PART1': '/home/ccc_v1_s54106__48606/asn13354_Project_4/asn13355_Project_4', 'ROS_MASTER_URI': 'http://localhost:46002', 'XDG_RUNTIME_DIR': '/run/user/18220', 'PYTHONPATH': '/opt/ros/indigo/lib/python2.7/dist-packages:/home/vlibs/python', 'VOC_PROXY_WRAPPER_PORT': '5100', 'VOC_XFER_TOKEN': '121809307243542435421335505935f5293dbf19.63217997', 'ROS_ROOT': '/opt/ros/indigo/share/ros', 'OLD_HOME': '/home/ccc_v1_w_dd4cc_18220', 'PKG_CONFIG_PATH': '/opt/ros/indigo/lib/pkgconfig:/opt/ros/indigo/lib/x86_64-linux-gnu/pkgconfig', 'ROS_PACKAGE_PATH': '/opt/ros/indigo/share:/opt/ros/indigo/stacks', 'XDG_SESSION_ID': '298201', '_': '/usr/bin/stdbuf', 'LD_PRELOAD': '/usr/lib/coreutils/libstdbuf.so', '_STDBUF_O': 'L', 'SSH_TTY': '/dev/pts/0', 'OLDPWD': '/home/ccc_v1_w_dd4cc_18220', 'ROSLISP_PACKAGE_DIRECTORIES': '', 'VLIB': '/home/vlibs', 'PWD': '/home/ccc_v1_w_dd4cc_18220/asn13354_Project_4/asn13355_Project_4/work', 'VOC_PROXY_ID': '43542_43542_13355_0_1', 'ROS_ETC_DIR': '/opt/ros/indigo/etc/ros', 'MAIL': '/var/mail/ccc_v1_w_dd4cc_18220', 'SSH_CONNECTION': '172.31.7.153 34602 172.31.26.229 22'}]
[roslaunch][INFO] 2017-06-05 17:20:03,491: process[rosapi-2]: args[[u'/opt/ros/indigo/lib/rosapi/rosapi_node', u'__name:=rosapi']]
[roslaunch][INFO] 2017-06-05 17:20:03,495: ... created process [rosapi-2]
[roslaunch.pmon][INFO] 2017-06-05 17:20:03,498: ProcessMonitor.register[rosapi-2]
[roslaunch.pmon][INFO] 2017-06-05 17:20:03,501: ProcessMonitor.register[rosapi-2] complete
[roslaunch][INFO] 2017-06-05 17:20:03,505: ... registered process [rosapi-2]
[roslaunch][INFO] 2017-06-05 17:20:03,508: process[rosapi-2]: starting os process
[roslaunch][INFO] 2017-06-05 17:20:03,513: process[rosapi-2]: start w/ args [[u'/opt/ros/indigo/lib/rosapi/rosapi_node', u'__name:=rosapi', u'__log:=/home/ccc_v1_w_dd4cc_18220/asn13354_Project_4/asn13355_Project_4/work/.ros/log/e1307688-4a4d-11e7-ad2c-06b0869cc04d/rosapi-2.log']]
[roslaunch][INFO] 2017-06-05 17:20:03,517: process[rosapi-2]: cwd will be [/home/ccc_v1_w_dd4cc_18220/asn13354_Project_4/asn13355_Project_4/work/.ros]
[roslaunch][INFO] 2017-06-05 17:20:03,525: process[rosapi-2]: started with pid [21471]
[roslaunch][INFO] 2017-06-05 17:20:03,525: ... successfully launched [rosapi-2]
[roslaunch][INFO] 2017-06-05 17:20:03,529: ... launch_nodes complete
[roslaunch.pmon][INFO] 2017-06-05 17:20:03,532: registrations completed <ProcessMonitor(ProcessMonitor-1, started daemon 140551010670336)>
[roslaunch.parent][INFO] 2017-06-05 17:20:03,536: ... roslaunch parent running, waiting for process exit
[roslaunch][INFO] 2017-06-05 17:20:03,548: spin
