[roslaunch][INFO] 2017-06-05 17:20:00,953: Checking log directory for disk usage. This may take awhile.
Press Ctrl-C to interrupt
[roslaunch][INFO] 2017-06-05 17:20:00,969: Done checking log file disk usage. Usage is <1GB.
[roslaunch][INFO] 2017-06-05 17:20:00,969: roslaunch starting with args ['roscore', '--core', '-p', '46002']
[roslaunch][INFO] 2017-06-05 17:20:00,972: roslaunch env is {'ROS_DISTRO': 'indigo', 'ASNLIB': '/home/ccc_v1_s54106__48606/asn13354_Project_4/asn13355_Project_4/asnlib', 'LIB': '/home/ccc_v1_s54106__48606/lib', 'PKG_CONFIG_PATH': '/opt/ros/indigo/lib/pkgconfig:/opt/ros/indigo/lib/x86_64-linux-gnu/pkgconfig', 'SSH_CLIENT': '172.31.7.153 34602 22', 'CPATH': '/opt/ros/indigo/include', 'LOGNAME': 'ccc_v1_w_dd4cc_18220', 'USER': 'ccc_v1_w_dd4cc_18220', 'ROS_NODE_PORT': '46002', 'HOME': '/home/ccc_v1_w_dd4cc_18220/asn13354_Project_4/asn13355_Project_4/work', 'PATH': '/opt/ros/indigo/bin:/usr/local/sbin:/usr/local/bin:/usr/sbin:/usr/bin:/sbin:/bin:/usr/games:/usr/local/games:/home/local/bin:/home/ccc_v1_s54106__48606/lib:/home/ccc_v1_s54106__48606/asn13354_Project_4/asn13355_Project_4/asnlib:/home/vlibs:.', 'CMAKE_PREFIX_PATH': '/opt/ros/indigo', 'LD_LIBRARY_PATH': '/opt/ros/indigo/lib:/opt/ros/indigo/lib/x86_64-linux-gnu:/home/ccc_v1_s54106__48606/lib:/home/ccc_v1_s54106__48606/asn13354_Project_4/asn13355_Project_4/asnlib:/home/vlibs', 'LANG': 'en_US.UTF-8', 'TERM': 'xterm-256color', 'SHELL': '/bin/bash', 'HISTFILE': '/home/ccc_v1_w_dd4cc_18220/.bash_history', 'SHLVL': '2', 'VOC_WORKAREA': '/home/ccc_v1_w_dd4cc_18220/asn13354_Project_4/asn13355_Project_4/work', 'ROS_LOG_FILENAME': '/home/ccc_v1_w_dd4cc_18220/asn13354_Project_4/asn13355_Project_4/work/.ros/log/e1307688-4a4d-11e7-ad2c-06b0869cc04d/roslaunch-ip-172-31-26-229-21347.log', 'PART1': '/home/ccc_v1_s54106__48606/asn13354_Project_4/asn13355_Project_4', 'ROS_ETC_DIR': '/opt/ros/indigo/etc/ros', 'XDG_RUNTIME_DIR': '/run/user/18220', 'PYTHONPATH': '/opt/ros/indigo/lib/python2.7/dist-packages:/home/vlibs/python', 'VOC_PROXY_WRAPPER_PORT': '5100', 'VOC_XFER_TOKEN': '121809307243542435421335505935f5293dbf19.63217997', 'ROS_ROOT': '/opt/ros/indigo/share/ros', 'OLD_HOME': '/home/ccc_v1_w_dd4cc_18220', 'VOC_PROXY_TOKEN': '322145962435424354213355015935f52947f034.40767835', 'ROS_PACKAGE_PATH': '/opt/ros/indigo/share:/opt/ros/indigo/stacks', 'XDG_SESSION_ID': '298201', '_': '/usr/bin/stdbuf', 'LD_PRELOAD': '/usr/lib/coreutils/libstdbuf.so', '_STDBUF_O': 'L', 'SSH_TTY': '/dev/pts/0', 'OLDPWD': '/home/ccc_v1_w_dd4cc_18220', 'ROSLISP_PACKAGE_DIRECTORIES': '', 'VLIB': '/home/vlibs', 'PWD': '/home/ccc_v1_w_dd4cc_18220/asn13354_Project_4/asn13355_Project_4/work', 'VOC_PROXY_ID': '43542_43542_13355_0_1', 'ROS_MASTER_URI': 'http://localhost:46002', 'MAIL': '/var/mail/ccc_v1_w_dd4cc_18220', 'SSH_CONNECTION': '172.31.7.153 34602 172.31.26.229 22'}
[roslaunch][INFO] 2017-06-05 17:20:00,976: starting in server mode
[roslaunch.parent][INFO] 2017-06-05 17:20:00,979: starting roslaunch parent run
[roslaunch][INFO] 2017-06-05 17:20:00,983: loading roscore config file /opt/ros/indigo/etc/ros/roscore.xml
[roslaunch][INFO] 2017-06-05 17:20:01,089: Added core node of type [rosout/rosout] in namespace [/]
[roslaunch.pmon][INFO] 2017-06-05 17:20:01,090: start_process_monitor: creating ProcessMonitor
[roslaunch.pmon][INFO] 2017-06-05 17:20:01,094: created process monitor <ProcessMonitor(ProcessMonitor-1, initial daemon)>
[roslaunch.pmon][INFO] 2017-06-05 17:20:01,097: start_process_monitor: ProcessMonitor started
[roslaunch.parent][INFO] 2017-06-05 17:20:01,100: starting parent XML-RPC server
[roslaunch.server][INFO] 2017-06-05 17:20:01,104: starting roslaunch XML-RPC server
[roslaunch.server][INFO] 2017-06-05 17:20:01,107: waiting for roslaunch XML-RPC server to initialize
[xmlrpc][INFO] 2017-06-05 17:20:01,107: XML-RPC server binding to 0.0.0.0:0
[xmlrpc][INFO] 2017-06-05 17:20:01,114: Started XML-RPC server [http://ip-172-31-26-229:34164/]
[xmlrpc][INFO] 2017-06-05 17:20:01,119: xml rpc node: starting XML-RPC server
[roslaunch][INFO] 2017-06-05 17:20:01,126: started roslaunch server http://ip-172-31-26-229:34164/
[roslaunch.parent][INFO] 2017-06-05 17:20:01,130: ... parent XML-RPC server started
[roslaunch][INFO] 2017-06-05 17:20:01,134: master.is_running[http://ip-172-31-26-229:46002/]
[roslaunch][INFO] 2017-06-05 17:20:01,139: auto-starting new master
[roslaunch][INFO] 2017-06-05 17:20:01,143: create_master_process: rosmaster, /opt/ros/indigo/share/ros, 46002, 3, None
[roslaunch][INFO] 2017-06-05 17:20:01,146: process[master]: launching with args [['rosmaster', '--core', '-p', '46002', '-w', '3']]
[roslaunch.pmon][INFO] 2017-06-05 17:20:01,149: ProcessMonitor.register[master]
[roslaunch.pmon][INFO] 2017-06-05 17:20:01,152: ProcessMonitor.register[master] complete
[roslaunch][INFO] 2017-06-05 17:20:01,156: process[master]: starting os process
[roslaunch][INFO] 2017-06-05 17:20:01,160: process[master]: start w/ args [['rosmaster', '--core', '-p', '46002', '-w', '3', '__log:=/home/ccc_v1_w_dd4cc_18220/asn13354_Project_4/asn13355_Project_4/work/.ros/log/e1307688-4a4d-11e7-ad2c-06b0869cc04d/master.log']]
[roslaunch][INFO] 2017-06-05 17:20:01,163: process[master]: cwd will be [/home/ccc_v1_w_dd4cc_18220/asn13354_Project_4/asn13355_Project_4/work/.ros]
[roslaunch][INFO] 2017-06-05 17:20:01,171: process[master]: started with pid [21363]
[roslaunch][INFO] 2017-06-05 17:20:01,172: master.is_running[http://ip-172-31-26-229:46002/]
[roslaunch][INFO] 2017-06-05 17:20:01,276: master.is_running[http://ip-172-31-26-229:46002/]
[roslaunch][INFO] 2017-06-05 17:20:01,385: master.is_running[http://ip-172-31-26-229:46002/]
[roslaunch][INFO] 2017-06-05 17:20:01,393: master.is_running[http://ip-172-31-26-229:46002/]
[roslaunch][INFO] 2017-06-05 17:20:01,399: ROS_MASTER_URI=http://ip-172-31-26-229:46002/
[roslaunch][INFO] 2017-06-05 17:20:01,404: setting /run_id to e1307688-4a4d-11e7-ad2c-06b0869cc04d
[roslaunch][INFO] 2017-06-05 17:20:01,411: setting /roslaunch/uris/host_ip_172_31_26_229__34164' to http://ip-172-31-26-229:34164/
[roslaunch][INFO] 2017-06-05 17:20:01,420: ... preparing to launch node of type [rosout/rosout]
[roslaunch][INFO] 2017-06-05 17:20:01,425: create_node_process: package[rosout] type[rosout] machine[Machine(name[] env_loader[None] address[localhost] ssh_port[22] user[None] assignable[True] timeout[10.0])] master_uri[http://ip-172-31-26-229:46002/]
[roslaunch][INFO] 2017-06-05 17:20:01,428: process[rosout-1]: env[{'ROS_DISTRO': 'indigo', 'ASNLIB': '/home/ccc_v1_s54106__48606/asn13354_Project_4/asn13355_Project_4/asnlib', 'LIB': '/home/ccc_v1_s54106__48606/lib', 'VOC_PROXY_TOKEN': '322145962435424354213355015935f52947f034.40767835', 'SSH_CLIENT': '172.31.7.153 34602 22', 'CPATH': '/opt/ros/indigo/include', 'LOGNAME': 'ccc_v1_w_dd4cc_18220', 'USER': 'ccc_v1_w_dd4cc_18220', 'ROS_NODE_PORT': '46002', 'HOME': '/home/ccc_v1_w_dd4cc_18220/asn13354_Project_4/asn13355_Project_4/work', 'PATH': '/opt/ros/indigo/bin:/usr/local/sbin:/usr/local/bin:/usr/sbin:/usr/bin:/sbin:/bin:/usr/games:/usr/local/games:/home/local/bin:/home/ccc_v1_s54106__48606/lib:/home/ccc_v1_s54106__48606/asn13354_Project_4/asn13355_Project_4/asnlib:/home/vlibs:.', 'CMAKE_PREFIX_PATH': '/opt/ros/indigo', 'ROS_LOG_FILENAME': '/home/ccc_v1_w_dd4cc_18220/asn13354_Project_4/asn13355_Project_4/work/.ros/log/e1307688-4a4d-11e7-ad2c-06b0869cc04d/roslaunch-ip-172-31-26-229-21347.log', 'LANG': 'en_US.UTF-8', 'TERM': 'xterm-256color', 'SHELL': '/bin/bash', 'HISTFILE': '/home/ccc_v1_w_dd4cc_18220/.bash_history', 'SHLVL': '2', 'VOC_WORKAREA': '/home/ccc_v1_w_dd4cc_18220/asn13354_Project_4/asn13355_Project_4/work', 'LD_LIBRARY_PATH': '/opt/ros/indigo/lib:/opt/ros/indigo/lib/x86_64-linux-gnu:/home/ccc_v1_s54106__48606/lib:/home/ccc_v1_s54106__48606/asn13354_Project_4/asn13355_Project_4/asnlib:/home/vlibs', 'PART1': '/home/ccc_v1_s54106__48606/asn13354_Project_4/asn13355_Project_4', 'ROS_MASTER_URI': 'http://ip-172-31-26-229:46002/', 'XDG_RUNTIME_DIR': '/run/user/18220', 'PYTHONPATH': '/opt/ros/indigo/lib/python2.7/dist-packages:/home/vlibs/python', 'VOC_PROXY_WRAPPER_PORT': '5100', 'VOC_XFER_TOKEN': '121809307243542435421335505935f5293dbf19.63217997', 'ROS_ROOT': '/opt/ros/indigo/share/ros', 'OLD_HOME': '/home/ccc_v1_w_dd4cc_18220', 'PKG_CONFIG_PATH': '/opt/ros/indigo/lib/pkgconfig:/opt/ros/indigo/lib/x86_64-linux-gnu/pkgconfig', 'ROS_PACKAGE_PATH': '/opt/ros/indigo/share:/opt/ros/indigo/stacks', 'XDG_SESSION_ID': '298201', '_': '/usr/bin/stdbuf', 'LD_PRELOAD': '/usr/lib/coreutils/libstdbuf.so', '_STDBUF_O': 'L', 'SSH_TTY': '/dev/pts/0', 'OLDPWD': '/home/ccc_v1_w_dd4cc_18220', 'ROSLISP_PACKAGE_DIRECTORIES': '', 'VLIB': '/home/vlibs', 'PWD': '/home/ccc_v1_w_dd4cc_18220/asn13354_Project_4/asn13355_Project_4/work', 'VOC_PROXY_ID': '43542_43542_13355_0_1', 'ROS_ETC_DIR': '/opt/ros/indigo/etc/ros', 'MAIL': '/var/mail/ccc_v1_w_dd4cc_18220', 'SSH_CONNECTION': '172.31.7.153 34602 172.31.26.229 22'}]
[roslaunch][INFO] 2017-06-05 17:20:01,457: process[rosout-1]: args[[u'/opt/ros/indigo/lib/rosout/rosout', u'__name:=rosout']]
[roslaunch][INFO] 2017-06-05 17:20:01,461: ... created process [rosout-1]
[roslaunch.pmon][INFO] 2017-06-05 17:20:01,464: ProcessMonitor.register[rosout-1]
[roslaunch.pmon][INFO] 2017-06-05 17:20:01,468: ProcessMonitor.register[rosout-1] complete
[roslaunch][INFO] 2017-06-05 17:20:01,471: ... registered process [rosout-1]
[roslaunch][INFO] 2017-06-05 17:20:01,474: process[rosout-1]: starting os process
[roslaunch][INFO] 2017-06-05 17:20:01,479: process[rosout-1]: start w/ args [[u'/opt/ros/indigo/lib/rosout/rosout', u'__name:=rosout', u'__log:=/home/ccc_v1_w_dd4cc_18220/asn13354_Project_4/asn13355_Project_4/work/.ros/log/e1307688-4a4d-11e7-ad2c-06b0869cc04d/rosout-1.log']]
[roslaunch][INFO] 2017-06-05 17:20:01,483: process[rosout-1]: cwd will be [/home/ccc_v1_w_dd4cc_18220/asn13354_Project_4/asn13355_Project_4/work/.ros]
[roslaunch][INFO] 2017-06-05 17:20:01,491: process[rosout-1]: started with pid [21376]
[roslaunch][INFO] 2017-06-05 17:20:01,491: ... successfully launched [rosout-1]
[roslaunch][INFO] 2017-06-05 17:20:01,495: load_parameters starting ...
[roslaunch][INFO] 2017-06-05 17:20:01,508: ... load_parameters complete
[roslaunch][INFO] 2017-06-05 17:20:01,512: launch_nodes: launching local nodes ...
[roslaunch][INFO] 2017-06-05 17:20:01,515: ... launch_nodes complete
[roslaunch.pmon][INFO] 2017-06-05 17:20:01,518: registrations completed <ProcessMonitor(ProcessMonitor-1, started daemon 140551057196800)>
[roslaunch.parent][INFO] 2017-06-05 17:20:01,521: ... roslaunch parent running, waiting for process exit
[roslaunch][INFO] 2017-06-05 17:20:01,526: spin
