[rospy.client][INFO] 2017-06-10 02:12:31,641: init_node, name[/rosbridge_websocket], pid[2612]
[xmlrpc][INFO] 2017-06-10 02:12:31,642: XML-RPC server binding to 0.0.0.0:0
[xmlrpc][INFO] 2017-06-10 02:12:31,646: Started XML-RPC server [http://ip-172-31-26-229:55264/]
[rospy.init][INFO] 2017-06-10 02:12:31,646: ROS Slave URI: [http://ip-172-31-26-229:55264/]
[rospy.impl.masterslave][INFO] 2017-06-10 02:12:31,651: _ready: http://ip-172-31-26-229:55264/
[rospy.registration][INFO] 2017-06-10 02:12:31,659: Registering with master node http://localhost:51639
[xmlrpc][INFO] 2017-06-10 02:12:31,659: xml rpc node: starting XML-RPC server
[rospy.init][INFO] 2017-06-10 02:12:31,755: registered with master
[rospy.rosout][INFO] 2017-06-10 02:12:31,758: initializing /rosout core topic
[rospy.rosout][INFO] 2017-06-10 02:12:31,770: connected to core topic /rosout
[rospy.simtime][INFO] 2017-06-10 02:12:31,775: /use_sim_time is not set, will not subscribe to simulated time [/clock] topic
[rosout][INFO] 2017-06-10 02:12:31,799: Rosbridge WebSocket server started on port 38695
[rospy.internal][INFO] 2017-06-10 02:12:32,051: topic[/rosout] adding connection to [/rosout], count 0
[rosout][INFO] 2017-06-10 02:12:59,211: Client connected.  1 clients total.
[rosout][INFO] 2017-06-10 02:12:59,365: [Client 0] Subscribed to /tf2_web_republisher/feedback
[rospy.internal][INFO] 2017-06-10 02:12:59,389: topic[/tf2_web_republisher/feedback] adding connection to [http://ip-172-31-26-229:34891/], count 0
[rosout][INFO] 2017-06-10 02:12:59,389: [Client 0] Subscribed to /visualization_marker_array
[rospy.internal][INFO] 2017-06-10 02:12:59,392: topic[/visualization_marker_array] adding connection to [http://ip-172-31-26-229:51981/], count 0
[rosout][INFO] 2017-06-10 02:12:59,406: [Client 0] Subscribed to /control_markers/tunneled/update
[rospy.internal][INFO] 2017-06-10 02:12:59,425: topic[/control_markers/tunneled/update] adding connection to [http://ip-172-31-26-229:44881/], count 0
[rospy.internal][INFO] 2017-06-10 02:12:59,460: topic[/control_markers/feedback] adding connection to [/marker_control_2857_1497085954552], count 0
[rosout][INFO] 2017-06-10 02:12:59,520: [Client 0] Subscribed to /tf2_web_republisher/feedback
[rosout][INFO] 2017-06-10 02:12:59,527: [Client 0] Subscribed to /tf2_web_republisher/feedback
[rosout][INFO] 2017-06-10 02:12:59,532: [Client 0] Subscribed to /tf2_web_republisher/feedback
[rosout][INFO] 2017-06-10 02:12:59,536: [Client 0] Subscribed to /tf2_web_republisher/feedback
[rosout][INFO] 2017-06-10 02:12:59,540: [Client 0] Subscribed to /tf2_web_republisher/feedback
[rosout][INFO] 2017-06-10 02:12:59,544: [Client 0] Subscribed to /tf2_web_republisher/feedback
[rosout][INFO] 2017-06-10 02:12:59,548: [Client 0] Subscribed to /tf2_web_republisher/feedback
[rospy.internal][INFO] 2017-06-10 02:12:59,591: topic[/tf2_web_republisher/goal] adding connection to [/tf2_web_republisher], count 0
[rospy.internal][INFO] 2017-06-10 02:12:59,595: topic[/tf2_web_republisher/cancel] adding connection to [/tf2_web_republisher], count 0
