[roslaunch][INFO] 2017-06-10 02:12:30,641: Checking log directory for disk usage. This may take awhile.
Press Ctrl-C to interrupt
[roslaunch][INFO] 2017-06-10 02:12:30,693: Done checking log file disk usage. Usage is <1GB.
[roslaunch][INFO] 2017-06-10 02:12:30,694: roslaunch starting with args ['/opt/ros/indigo/bin/roslaunch', 'rosbridge_server', 'rosbridge_websocket.launch', 'port:=38695']
[roslaunch][INFO] 2017-06-10 02:12:30,697: roslaunch env is {'ROS_DISTRO': 'indigo', 'ASNLIB': '/home/ccc_v1_s54106__48606/asn13529_Project_5/asn13530_Project_4/asnlib', 'LIB': '/home/ccc_v1_s54106__48606/lib', 'PKG_CONFIG_PATH': '/opt/ros/indigo/lib/pkgconfig:/opt/ros/indigo/lib/x86_64-linux-gnu/pkgconfig', 'SSH_CLIENT': '172.31.7.153 57856 22', 'CPATH': '/opt/ros/indigo/include', 'LOGNAME': 'ccc_v1_w_dd4cc_18220', 'USER': 'ccc_v1_w_dd4cc_18220', 'ROS_NODE_PORT': '51639', 'HOME': '/home/ccc_v1_w_dd4cc_18220/asn13529_Project_5/asn13530_Project_4/work', 'PATH': '/opt/ros/indigo/bin:/usr/local/sbin:/usr/local/bin:/usr/sbin:/usr/bin:/sbin:/bin:/usr/games:/usr/local/games:/home/local/bin:/home/ccc_v1_s54106__48606/lib:/home/ccc_v1_s54106__48606/asn13529_Project_5/asn13530_Project_4/asnlib:/home/vlibs:.', 'CMAKE_PREFIX_PATH': '/opt/ros/indigo', 'LD_LIBRARY_PATH': '/opt/ros/indigo/lib:/opt/ros/indigo/lib/x86_64-linux-gnu:/home/ccc_v1_s54106__48606/lib:/home/ccc_v1_s54106__48606/asn13529_Project_5/asn13530_Project_4/asnlib:/home/vlibs', 'LANG': 'en_US.UTF-8', 'TERM': 'xterm-256color', 'SHELL': '/bin/bash', 'HISTFILE': '/home/ccc_v1_w_dd4cc_18220/.bash_history', 'SHLVL': '2', 'VOC_WORKAREA': '/home/ccc_v1_w_dd4cc_18220/asn13529_Project_5/asn13530_Project_4/work', 'ROS_LOG_FILENAME': '/home/ccc_v1_w_dd4cc_18220/asn13529_Project_5/asn13530_Project_4/work/.ros/log/ed0f7978-4dbc-11e7-ab8f-06b0869cc04d/roslaunch-ip-172-31-26-229-2594.log', 'PART1': '/home/ccc_v1_s54106__48606/asn13529_Project_5/asn13530_Project_4', 'ROS_ETC_DIR': '/opt/ros/indigo/etc/ros', 'XDG_RUNTIME_DIR': '/run/user/18220', 'PYTHONPATH': '/opt/ros/indigo/lib/python2.7/dist-packages:/home/vlibs/python', 'VOC_PROXY_WRAPPER_PORT': '5100', 'VOC_XFER_TOKEN': '18396250744354243542135300593bb7f6958154.16508551', 'ROS_ROOT': '/opt/ros/indigo/share/ros', 'OLD_HOME': '/home/ccc_v1_w_dd4cc_18220', 'VOC_PROXY_TOKEN': '74025735843542435421353001593bb7f69ffc55.70933311', 'ROS_PACKAGE_PATH': '/opt/ros/indigo/share:/opt/ros/indigo/stacks', 'XDG_SESSION_ID': '317484', '_': '/usr/bin/stdbuf', 'LD_PRELOAD': '/usr/lib/coreutils/libstdbuf.so', '_STDBUF_O': 'L', 'SSH_TTY': '/dev/pts/7', 'OLDPWD': '/home/ccc_v1_w_dd4cc_18220', 'ROSLISP_PACKAGE_DIRECTORIES': '', 'VLIB': '/home/vlibs', 'PWD': '/home/ccc_v1_w_dd4cc_18220/asn13529_Project_5/asn13530_Project_4/work', 'VOC_PROXY_ID': '43542_43542_13530_0_1', 'ROS_MASTER_URI': 'http://localhost:51639', 'MAIL': '/var/mail/ccc_v1_w_dd4cc_18220', 'SSH_CONNECTION': '172.31.7.153 57856 172.31.26.229 22'}
[roslaunch][INFO] 2017-06-10 02:12:30,701: starting in server mode
[roslaunch.parent][INFO] 2017-06-10 02:12:30,704: starting roslaunch parent run
[roslaunch][INFO] 2017-06-10 02:12:30,708: loading roscore config file /opt/ros/indigo/etc/ros/roscore.xml
[roslaunch][INFO] 2017-06-10 02:12:30,827: Added core node of type [rosout/rosout] in namespace [/]
[roslaunch.config][INFO] 2017-06-10 02:12:30,828: loading config file /opt/ros/indigo/share/rosbridge_server/launch/rosbridge_websocket.launch
[roslaunch][INFO] 2017-06-10 02:12:30,833: Added node of type [rosbridge_server/rosbridge_websocket] in namespace [/]
[roslaunch][INFO] 2017-06-10 02:12:30,837: Added node of type [rosapi/rosapi_node] in namespace [/]
[roslaunch][INFO] 2017-06-10 02:12:30,840: ... selected machine [] for node of type [rosbridge_server/rosbridge_websocket]
[roslaunch][INFO] 2017-06-10 02:12:30,844: ... selected machine [] for node of type [rosapi/rosapi_node]
[roslaunch.pmon][INFO] 2017-06-10 02:12:30,848: start_process_monitor: creating ProcessMonitor
[roslaunch.pmon][INFO] 2017-06-10 02:12:30,852: created process monitor <ProcessMonitor(ProcessMonitor-1, initial daemon)>
[roslaunch.pmon][INFO] 2017-06-10 02:12:30,856: start_process_monitor: ProcessMonitor started
[roslaunch.parent][INFO] 2017-06-10 02:12:30,859: starting parent XML-RPC server
[roslaunch.server][INFO] 2017-06-10 02:12:30,863: starting roslaunch XML-RPC server
[roslaunch.server][INFO] 2017-06-10 02:12:30,867: waiting for roslaunch XML-RPC server to initialize
[xmlrpc][INFO] 2017-06-10 02:12:30,867: XML-RPC server binding to 0.0.0.0:0
[xmlrpc][INFO] 2017-06-10 02:12:30,879: Started XML-RPC server [http://ip-172-31-26-229:53729/]
[xmlrpc][INFO] 2017-06-10 02:12:30,883: xml rpc node: starting XML-RPC server
[roslaunch][INFO] 2017-06-10 02:12:30,891: started roslaunch server http://ip-172-31-26-229:53729/
[roslaunch.parent][INFO] 2017-06-10 02:12:30,897: ... parent XML-RPC server started
[roslaunch][INFO] 2017-06-10 02:12:30,900: master.is_running[http://localhost:51639]
[roslaunch][INFO] 2017-06-10 02:12:30,905: master.is_running[http://localhost:51639]
[roslaunch][INFO] 2017-06-10 02:12:30,909: ROS_MASTER_URI=http://localhost:51639
[roslaunch][INFO] 2017-06-10 02:12:30,914: setting /roslaunch/uris/host_ip_172_31_26_229__53729' to http://ip-172-31-26-229:53729/
[roslaunch][INFO] 2017-06-10 02:12:30,920: load_parameters starting ...
[roslaunch][INFO] 2017-06-10 02:12:30,960: ... load_parameters complete
[roslaunch][INFO] 2017-06-10 02:12:30,963: launch_nodes: launching local nodes ...
[roslaunch][INFO] 2017-06-10 02:12:30,967: ... preparing to launch node of type [rosbridge_server/rosbridge_websocket]
[roslaunch][INFO] 2017-06-10 02:12:30,971: create_node_process: package[rosbridge_server] type[rosbridge_websocket] machine[Machine(name[] env_loader[None] address[localhost] ssh_port[22] user[None] assignable[True] timeout[10.0])] master_uri[http://localhost:51639]
[roslaunch][INFO] 2017-06-10 02:12:30,974: process[rosbridge_websocket-1]: env[{'ROS_DISTRO': 'indigo', 'ASNLIB': '/home/ccc_v1_s54106__48606/asn13529_Project_5/asn13530_Project_4/asnlib', 'LIB': '/home/ccc_v1_s54106__48606/lib', 'VOC_PROXY_TOKEN': '74025735843542435421353001593bb7f69ffc55.70933311', 'SSH_CLIENT': '172.31.7.153 57856 22', 'CPATH': '/opt/ros/indigo/include', 'LOGNAME': 'ccc_v1_w_dd4cc_18220', 'USER': 'ccc_v1_w_dd4cc_18220', 'ROS_NODE_PORT': '51639', 'HOME': '/home/ccc_v1_w_dd4cc_18220/asn13529_Project_5/asn13530_Project_4/work', 'PATH': '/opt/ros/indigo/bin:/usr/local/sbin:/usr/local/bin:/usr/sbin:/usr/bin:/sbin:/bin:/usr/games:/usr/local/games:/home/local/bin:/home/ccc_v1_s54106__48606/lib:/home/ccc_v1_s54106__48606/asn13529_Project_5/asn13530_Project_4/asnlib:/home/vlibs:.', 'CMAKE_PREFIX_PATH': '/opt/ros/indigo', 'ROS_LOG_FILENAME': '/home/ccc_v1_w_dd4cc_18220/asn13529_Project_5/asn13530_Project_4/work/.ros/log/ed0f7978-4dbc-11e7-ab8f-06b0869cc04d/roslaunch-ip-172-31-26-229-2594.log', 'LANG': 'en_US.UTF-8', 'TERM': 'xterm-256color', 'SHELL': '/bin/bash', 'HISTFILE': '/home/ccc_v1_w_dd4cc_18220/.bash_history', 'SHLVL': '2', 'VOC_WORKAREA': '/home/ccc_v1_w_dd4cc_18220/asn13529_Project_5/asn13530_Project_4/work', 'LD_LIBRARY_PATH': '/opt/ros/indigo/lib:/opt/ros/indigo/lib/x86_64-linux-gnu:/home/ccc_v1_s54106__48606/lib:/home/ccc_v1_s54106__48606/asn13529_Project_5/asn13530_Project_4/asnlib:/home/vlibs', 'PART1': '/home/ccc_v1_s54106__48606/asn13529_Project_5/asn13530_Project_4', 'ROS_MASTER_URI': 'http://localhost:51639', 'XDG_RUNTIME_DIR': '/run/user/18220', 'PYTHONPATH': '/opt/ros/indigo/lib/python2.7/dist-packages:/home/vlibs/python', 'VOC_PROXY_WRAPPER_PORT': '5100', 'VOC_XFER_TOKEN': '18396250744354243542135300593bb7f6958154.16508551', 'ROS_ROOT': '/opt/ros/indigo/share/ros', 'OLD_HOME': '/home/ccc_v1_w_dd4cc_18220', 'PKG_CONFIG_PATH': '/opt/ros/indigo/lib/pkgconfig:/opt/ros/indigo/lib/x86_64-linux-gnu/pkgconfig', 'ROS_PACKAGE_PATH': '/opt/ros/indigo/share:/opt/ros/indigo/stacks', 'XDG_SESSION_ID': '317484', '_': '/usr/bin/stdbuf', 'LD_PRELOAD': '/usr/lib/coreutils/libstdbuf.so', '_STDBUF_O': 'L', 'SSH_TTY': '/dev/pts/7', 'OLDPWD': '/home/ccc_v1_w_dd4cc_18220', 'ROSLISP_PACKAGE_DIRECTORIES': '', 'VLIB': '/home/vlibs', 'PWD': '/home/ccc_v1_w_dd4cc_18220/asn13529_Project_5/asn13530_Project_4/work', 'VOC_PROXY_ID': '43542_43542_13530_0_1', 'ROS_ETC_DIR': '/opt/ros/indigo/etc/ros', 'MAIL': '/var/mail/ccc_v1_w_dd4cc_18220', 'SSH_CONNECTION': '172.31.7.153 57856 172.31.26.229 22'}]
[roslaunch][INFO] 2017-06-10 02:12:31,010: process[rosbridge_websocket-1]: args[[u'/opt/ros/indigo/lib/rosbridge_server/rosbridge_websocket', u'__name:=rosbridge_websocket']]
[roslaunch][INFO] 2017-06-10 02:12:31,014: ... created process [rosbridge_websocket-1]
[roslaunch.pmon][INFO] 2017-06-10 02:12:31,017: ProcessMonitor.register[rosbridge_websocket-1]
[roslaunch.pmon][INFO] 2017-06-10 02:12:31,021: ProcessMonitor.register[rosbridge_websocket-1] complete
[roslaunch][INFO] 2017-06-10 02:12:31,024: ... registered process [rosbridge_websocket-1]
[roslaunch][INFO] 2017-06-10 02:12:31,027: process[rosbridge_websocket-1]: starting os process
[roslaunch][INFO] 2017-06-10 02:12:31,031: process[rosbridge_websocket-1]: start w/ args [[u'/opt/ros/indigo/lib/rosbridge_server/rosbridge_websocket', u'__name:=rosbridge_websocket', u'__log:=/home/ccc_v1_w_dd4cc_18220/asn13529_Project_5/asn13530_Project_4/work/.ros/log/ed0f7978-4dbc-11e7-ab8f-06b0869cc04d/rosbridge_websocket-1.log']]
[roslaunch][INFO] 2017-06-10 02:12:31,035: process[rosbridge_websocket-1]: cwd will be [/home/ccc_v1_w_dd4cc_18220/asn13529_Project_5/asn13530_Project_4/work/.ros]
[roslaunch][INFO] 2017-06-10 02:12:31,044: process[rosbridge_websocket-1]: started with pid [2612]
[roslaunch][INFO] 2017-06-10 02:12:31,045: ... successfully launched [rosbridge_websocket-1]
[roslaunch][INFO] 2017-06-10 02:12:31,048: ... preparing to launch node of type [rosapi/rosapi_node]
[roslaunch][INFO] 2017-06-10 02:12:31,052: create_node_process: package[rosapi] type[rosapi_node] machine[Machine(name[] env_loader[None] address[localhost] ssh_port[22] user[None] assignable[True] timeout[10.0])] master_uri[http://localhost:51639]
[roslaunch][INFO] 2017-06-10 02:12:31,056: process[rosapi-2]: env[{'ROS_DISTRO': 'indigo', 'ASNLIB': '/home/ccc_v1_s54106__48606/asn13529_Project_5/asn13530_Project_4/asnlib', 'LIB': '/home/ccc_v1_s54106__48606/lib', 'VOC_PROXY_TOKEN': '74025735843542435421353001593bb7f69ffc55.70933311', 'SSH_CLIENT': '172.31.7.153 57856 22', 'CPATH': '/opt/ros/indigo/include', 'LOGNAME': 'ccc_v1_w_dd4cc_18220', 'USER': 'ccc_v1_w_dd4cc_18220', 'ROS_NODE_PORT': '51639', 'HOME': '/home/ccc_v1_w_dd4cc_18220/asn13529_Project_5/asn13530_Project_4/work', 'PATH': '/opt/ros/indigo/bin:/usr/local/sbin:/usr/local/bin:/usr/sbin:/usr/bin:/sbin:/bin:/usr/games:/usr/local/games:/home/local/bin:/home/ccc_v1_s54106__48606/lib:/home/ccc_v1_s54106__48606/asn13529_Project_5/asn13530_Project_4/asnlib:/home/vlibs:.', 'CMAKE_PREFIX_PATH': '/opt/ros/indigo', 'ROS_LOG_FILENAME': '/home/ccc_v1_w_dd4cc_18220/asn13529_Project_5/asn13530_Project_4/work/.ros/log/ed0f7978-4dbc-11e7-ab8f-06b0869cc04d/roslaunch-ip-172-31-26-229-2594.log', 'LANG': 'en_US.UTF-8', 'TERM': 'xterm-256color', 'SHELL': '/bin/bash', 'HISTFILE': '/home/ccc_v1_w_dd4cc_18220/.bash_history', 'SHLVL': '2', 'VOC_WORKAREA': '/home/ccc_v1_w_dd4cc_18220/asn13529_Project_5/asn13530_Project_4/work', 'LD_LIBRARY_PATH': '/opt/ros/indigo/lib:/opt/ros/indigo/lib/x86_64-linux-gnu:/home/ccc_v1_s54106__48606/lib:/home/ccc_v1_s54106__48606/asn13529_Project_5/asn13530_Project_4/asnlib:/home/vlibs', 'PART1': '/home/ccc_v1_s54106__48606/asn13529_Project_5/asn13530_Project_4', 'ROS_MASTER_URI': 'http://localhost:51639', 'XDG_RUNTIME_DIR': '/run/user/18220', 'PYTHONPATH': '/opt/ros/indigo/lib/python2.7/dist-packages:/home/vlibs/python', 'VOC_PROXY_WRAPPER_PORT': '5100', 'VOC_XFER_TOKEN': '18396250744354243542135300593bb7f6958154.16508551', 'ROS_ROOT': '/opt/ros/indigo/share/ros', 'OLD_HOME': '/home/ccc_v1_w_dd4cc_18220', 'PKG_CONFIG_PATH': '/opt/ros/indigo/lib/pkgconfig:/opt/ros/indigo/lib/x86_64-linux-gnu/pkgconfig', 'ROS_PACKAGE_PATH': '/opt/ros/indigo/share:/opt/ros/indigo/stacks', 'XDG_SESSION_ID': '317484', '_': '/usr/bin/stdbuf', 'LD_PRELOAD': '/usr/lib/coreutils/libstdbuf.so', '_STDBUF_O': 'L', 'SSH_TTY': '/dev/pts/7', 'OLDPWD': '/home/ccc_v1_w_dd4cc_18220', 'ROSLISP_PACKAGE_DIRECTORIES': '', 'VLIB': '/home/vlibs', 'PWD': '/home/ccc_v1_w_dd4cc_18220/asn13529_Project_5/asn13530_Project_4/work', 'VOC_PROXY_ID': '43542_43542_13530_0_1', 'ROS_ETC_DIR': '/opt/ros/indigo/etc/ros', 'MAIL': '/var/mail/ccc_v1_w_dd4cc_18220', 'SSH_CONNECTION': '172.31.7.153 57856 172.31.26.229 22'}]
[roslaunch][INFO] 2017-06-10 02:12:31,060: process[rosapi-2]: args[[u'/opt/ros/indigo/lib/rosapi/rosapi_node', u'__name:=rosapi']]
[roslaunch][INFO] 2017-06-10 02:12:31,063: ... created process [rosapi-2]
[roslaunch.pmon][INFO] 2017-06-10 02:12:31,067: ProcessMonitor.register[rosapi-2]
[roslaunch.pmon][INFO] 2017-06-10 02:12:31,070: ProcessMonitor.register[rosapi-2] complete
[roslaunch][INFO] 2017-06-10 02:12:31,074: ... registered process [rosapi-2]
[roslaunch][INFO] 2017-06-10 02:12:31,077: process[rosapi-2]: starting os process
[roslaunch][INFO] 2017-06-10 02:12:31,089: process[rosapi-2]: start w/ args [[u'/opt/ros/indigo/lib/rosapi/rosapi_node', u'__name:=rosapi', u'__log:=/home/ccc_v1_w_dd4cc_18220/asn13529_Project_5/asn13530_Project_4/work/.ros/log/ed0f7978-4dbc-11e7-ab8f-06b0869cc04d/rosapi-2.log']]
[roslaunch][INFO] 2017-06-10 02:12:31,093: process[rosapi-2]: cwd will be [/home/ccc_v1_w_dd4cc_18220/asn13529_Project_5/asn13530_Project_4/work/.ros]
[roslaunch][INFO] 2017-06-10 02:12:31,103: process[rosapi-2]: started with pid [2613]
[roslaunch][INFO] 2017-06-10 02:12:31,103: ... successfully launched [rosapi-2]
[roslaunch][INFO] 2017-06-10 02:12:31,107: ... launch_nodes complete
[roslaunch.pmon][INFO] 2017-06-10 02:12:31,110: registrations completed <ProcessMonitor(ProcessMonitor-1, started daemon 140640857491200)>
[roslaunch.parent][INFO] 2017-06-10 02:12:31,114: ... roslaunch parent running, waiting for process exit
[roslaunch][INFO] 2017-06-10 02:12:31,117: spin
