[roslaunch][INFO] 2017-06-10 20:44:48,271: Checking log directory for disk usage. This may take awhile.
Press Ctrl-C to interrupt
[roslaunch][INFO] 2017-06-10 20:44:48,363: Done checking log file disk usage. Usage is <1GB.
[roslaunch][INFO] 2017-06-10 20:44:48,363: roslaunch starting with args ['roscore', '--core', '-p', '54259']
[roslaunch][INFO] 2017-06-10 20:44:48,366: roslaunch env is {'ROS_DISTRO': 'indigo', 'ASNLIB': '/home/ccc_v1_s54106__48606/asn13529_Project_5/asn13530_Project_4/asnlib', 'LIB': '/home/ccc_v1_s54106__48606/lib', 'PKG_CONFIG_PATH': '/opt/ros/indigo/lib/pkgconfig:/opt/ros/indigo/lib/x86_64-linux-gnu/pkgconfig', 'SSH_CLIENT': '172.31.7.153 56622 22', 'CPATH': '/opt/ros/indigo/include', 'LOGNAME': 'ccc_v1_w_dd4cc_18220', 'USER': 'ccc_v1_w_dd4cc_18220', 'ROS_NODE_PORT': '54259', 'HOME': '/home/ccc_v1_w_dd4cc_18220/asn13529_Project_5/asn13530_Project_4/work', 'PATH': '/opt/ros/indigo/bin:/usr/local/sbin:/usr/local/bin:/usr/sbin:/usr/bin:/sbin:/bin:/usr/games:/usr/local/games:/home/local/bin:/home/ccc_v1_s54106__48606/lib:/home/ccc_v1_s54106__48606/asn13529_Project_5/asn13530_Project_4/asnlib:/home/vlibs:.', 'CMAKE_PREFIX_PATH': '/opt/ros/indigo', 'LD_LIBRARY_PATH': '/opt/ros/indigo/lib:/opt/ros/indigo/lib/x86_64-linux-gnu:/home/ccc_v1_s54106__48606/lib:/home/ccc_v1_s54106__48606/asn13529_Project_5/asn13530_Project_4/asnlib:/home/vlibs', 'LANG': 'en_US.UTF-8', 'TERM': 'xterm-256color', 'SHELL': '/bin/bash', 'HISTFILE': '/home/ccc_v1_w_dd4cc_18220/.bash_history', 'SHLVL': '2', 'VOC_WORKAREA': '/home/ccc_v1_w_dd4cc_18220/asn13529_Project_5/asn13530_Project_4/work', 'ROS_LOG_FILENAME': '/home/ccc_v1_w_dd4cc_18220/asn13529_Project_5/asn13530_Project_4/work/.ros/log/510e6664-4e58-11e7-bf5f-06f360e4abc1/roslaunch-ip-172-31-19-100-8123.log', 'PART1': '/home/ccc_v1_s54106__48606/asn13529_Project_5/asn13530_Project_4', 'ROS_ETC_DIR': '/opt/ros/indigo/etc/ros', 'XDG_RUNTIME_DIR': '/run/user/18220', 'PYTHONPATH': '/opt/ros/indigo/lib/python2.7/dist-packages:/home/vlibs/python', 'VOC_PROXY_WRAPPER_PORT': '5100', 'VOC_XFER_TOKEN': '5665642934354243542135300593cbca215b6b4.27781764', 'ROS_ROOT': '/opt/ros/indigo/share/ros', 'OLD_HOME': '/home/ccc_v1_w_dd4cc_18220', 'VOC_PROXY_TOKEN': '143586924343542435421353001593cbca21b53f2.80826798', 'ROS_PACKAGE_PATH': '/opt/ros/indigo/share:/opt/ros/indigo/stacks', 'XDG_SESSION_ID': '324059', '_': '/usr/bin/stdbuf', 'LD_PRELOAD': '/usr/lib/coreutils/libstdbuf.so', '_STDBUF_O': 'L', 'SSH_TTY': '/dev/pts/13', 'OLDPWD': '/home/ccc_v1_w_dd4cc_18220', 'ROSLISP_PACKAGE_DIRECTORIES': '', 'VLIB': '/home/vlibs', 'PWD': '/home/ccc_v1_w_dd4cc_18220/asn13529_Project_5/asn13530_Project_4/work', 'VOC_PROXY_ID': '43542_43542_13530_0_1', 'ROS_MASTER_URI': 'http://localhost:54259', 'MAIL': '/var/mail/ccc_v1_w_dd4cc_18220', 'SSH_CONNECTION': '172.31.7.153 56622 172.31.19.100 22'}
[roslaunch][INFO] 2017-06-10 20:44:48,370: starting in server mode
[roslaunch.parent][INFO] 2017-06-10 20:44:48,375: starting roslaunch parent run
[roslaunch][INFO] 2017-06-10 20:44:48,378: loading roscore config file /opt/ros/indigo/etc/ros/roscore.xml
[roslaunch][INFO] 2017-06-10 20:44:48,527: Added core node of type [rosout/rosout] in namespace [/]
[roslaunch.pmon][INFO] 2017-06-10 20:44:48,528: start_process_monitor: creating ProcessMonitor
[roslaunch.pmon][INFO] 2017-06-10 20:44:48,532: created process monitor <ProcessMonitor(ProcessMonitor-1, initial daemon)>
[roslaunch.pmon][INFO] 2017-06-10 20:44:48,535: start_process_monitor: ProcessMonitor started
[roslaunch.parent][INFO] 2017-06-10 20:44:48,540: starting parent XML-RPC server
[roslaunch.server][INFO] 2017-06-10 20:44:48,544: starting roslaunch XML-RPC server
[roslaunch.server][INFO] 2017-06-10 20:44:48,548: waiting for roslaunch XML-RPC server to initialize
[xmlrpc][INFO] 2017-06-10 20:44:48,548: XML-RPC server binding to 0.0.0.0:0
[xmlrpc][INFO] 2017-06-10 20:44:48,555: Started XML-RPC server [http://ip-172-31-19-100:43315/]
[xmlrpc][INFO] 2017-06-10 20:44:48,558: xml rpc node: starting XML-RPC server
[roslaunch][INFO] 2017-06-10 20:44:48,568: started roslaunch server http://ip-172-31-19-100:43315/
[roslaunch.parent][INFO] 2017-06-10 20:44:48,572: ... parent XML-RPC server started
[roslaunch][INFO] 2017-06-10 20:44:48,576: master.is_running[http://ip-172-31-19-100:54259/]
[roslaunch][INFO] 2017-06-10 20:44:48,581: auto-starting new master
[roslaunch][INFO] 2017-06-10 20:44:48,585: create_master_process: rosmaster, /opt/ros/indigo/share/ros, 54259, 3, None
[roslaunch][INFO] 2017-06-10 20:44:48,588: process[master]: launching with args [['rosmaster', '--core', '-p', '54259', '-w', '3']]
[roslaunch.pmon][INFO] 2017-06-10 20:44:48,592: ProcessMonitor.register[master]
[roslaunch.pmon][INFO] 2017-06-10 20:44:48,595: ProcessMonitor.register[master] complete
[roslaunch][INFO] 2017-06-10 20:44:48,598: process[master]: starting os process
[roslaunch][INFO] 2017-06-10 20:44:48,602: process[master]: start w/ args [['rosmaster', '--core', '-p', '54259', '-w', '3', '__log:=/home/ccc_v1_w_dd4cc_18220/asn13529_Project_5/asn13530_Project_4/work/.ros/log/510e6664-4e58-11e7-bf5f-06f360e4abc1/master.log']]
[roslaunch][INFO] 2017-06-10 20:44:48,606: process[master]: cwd will be [/home/ccc_v1_w_dd4cc_18220/asn13529_Project_5/asn13530_Project_4/work/.ros]
[roslaunch][INFO] 2017-06-10 20:44:48,621: process[master]: started with pid [8139]
[roslaunch][INFO] 2017-06-10 20:44:48,622: master.is_running[http://ip-172-31-19-100:54259/]
[roslaunch][INFO] 2017-06-10 20:44:48,727: master.is_running[http://ip-172-31-19-100:54259/]
[roslaunch][INFO] 2017-06-10 20:44:48,831: master.is_running[http://ip-172-31-19-100:54259/]
[roslaunch][INFO] 2017-06-10 20:44:48,837: master.is_running[http://ip-172-31-19-100:54259/]
[roslaunch][INFO] 2017-06-10 20:44:48,842: ROS_MASTER_URI=http://ip-172-31-19-100:54259/
[roslaunch][INFO] 2017-06-10 20:44:48,847: setting /run_id to 510e6664-4e58-11e7-bf5f-06f360e4abc1
[roslaunch][INFO] 2017-06-10 20:44:48,855: setting /roslaunch/uris/host_ip_172_31_19_100__43315' to http://ip-172-31-19-100:43315/
[roslaunch][INFO] 2017-06-10 20:44:48,868: ... preparing to launch node of type [rosout/rosout]
[roslaunch][INFO] 2017-06-10 20:44:48,872: create_node_process: package[rosout] type[rosout] machine[Machine(name[] env_loader[None] address[localhost] ssh_port[22] user[None] assignable[True] timeout[10.0])] master_uri[http://ip-172-31-19-100:54259/]
[roslaunch][INFO] 2017-06-10 20:44:48,876: process[rosout-1]: env[{'ROS_DISTRO': 'indigo', 'ASNLIB': '/home/ccc_v1_s54106__48606/asn13529_Project_5/asn13530_Project_4/asnlib', 'LIB': '/home/ccc_v1_s54106__48606/lib', 'VOC_PROXY_TOKEN': '143586924343542435421353001593cbca21b53f2.80826798', 'SSH_CLIENT': '172.31.7.153 56622 22', 'CPATH': '/opt/ros/indigo/include', 'LOGNAME': 'ccc_v1_w_dd4cc_18220', 'USER': 'ccc_v1_w_dd4cc_18220', 'ROS_NODE_PORT': '54259', 'HOME': '/home/ccc_v1_w_dd4cc_18220/asn13529_Project_5/asn13530_Project_4/work', 'PATH': '/opt/ros/indigo/bin:/usr/local/sbin:/usr/local/bin:/usr/sbin:/usr/bin:/sbin:/bin:/usr/games:/usr/local/games:/home/local/bin:/home/ccc_v1_s54106__48606/lib:/home/ccc_v1_s54106__48606/asn13529_Project_5/asn13530_Project_4/asnlib:/home/vlibs:.', 'CMAKE_PREFIX_PATH': '/opt/ros/indigo', 'ROS_LOG_FILENAME': '/home/ccc_v1_w_dd4cc_18220/asn13529_Project_5/asn13530_Project_4/work/.ros/log/510e6664-4e58-11e7-bf5f-06f360e4abc1/roslaunch-ip-172-31-19-100-8123.log', 'LANG': 'en_US.UTF-8', 'TERM': 'xterm-256color', 'SHELL': '/bin/bash', 'HISTFILE': '/home/ccc_v1_w_dd4cc_18220/.bash_history', 'SHLVL': '2', 'VOC_WORKAREA': '/home/ccc_v1_w_dd4cc_18220/asn13529_Project_5/asn13530_Project_4/work', 'LD_LIBRARY_PATH': '/opt/ros/indigo/lib:/opt/ros/indigo/lib/x86_64-linux-gnu:/home/ccc_v1_s54106__48606/lib:/home/ccc_v1_s54106__48606/asn13529_Project_5/asn13530_Project_4/asnlib:/home/vlibs', 'PART1': '/home/ccc_v1_s54106__48606/asn13529_Project_5/asn13530_Project_4', 'ROS_MASTER_URI': 'http://ip-172-31-19-100:54259/', 'XDG_RUNTIME_DIR': '/run/user/18220', 'PYTHONPATH': '/opt/ros/indigo/lib/python2.7/dist-packages:/home/vlibs/python', 'VOC_PROXY_WRAPPER_PORT': '5100', 'VOC_XFER_TOKEN': '5665642934354243542135300593cbca215b6b4.27781764', 'ROS_ROOT': '/opt/ros/indigo/share/ros', 'OLD_HOME': '/home/ccc_v1_w_dd4cc_18220', 'PKG_CONFIG_PATH': '/opt/ros/indigo/lib/pkgconfig:/opt/ros/indigo/lib/x86_64-linux-gnu/pkgconfig', 'ROS_PACKAGE_PATH': '/opt/ros/indigo/share:/opt/ros/indigo/stacks', 'XDG_SESSION_ID': '324059', '_': '/usr/bin/stdbuf', 'LD_PRELOAD': '/usr/lib/coreutils/libstdbuf.so', '_STDBUF_O': 'L', 'SSH_TTY': '/dev/pts/13', 'OLDPWD': '/home/ccc_v1_w_dd4cc_18220', 'ROSLISP_PACKAGE_DIRECTORIES': '', 'VLIB': '/home/vlibs', 'PWD': '/home/ccc_v1_w_dd4cc_18220/asn13529_Project_5/asn13530_Project_4/work', 'VOC_PROXY_ID': '43542_43542_13530_0_1', 'ROS_ETC_DIR': '/opt/ros/indigo/etc/ros', 'MAIL': '/var/mail/ccc_v1_w_dd4cc_18220', 'SSH_CONNECTION': '172.31.7.153 56622 172.31.19.100 22'}]
[roslaunch][INFO] 2017-06-10 20:44:48,916: process[rosout-1]: args[[u'/opt/ros/indigo/lib/rosout/rosout', u'__name:=rosout']]
[roslaunch][INFO] 2017-06-10 20:44:48,920: ... created process [rosout-1]
[roslaunch.pmon][INFO] 2017-06-10 20:44:48,923: ProcessMonitor.register[rosout-1]
[roslaunch.pmon][INFO] 2017-06-10 20:44:48,927: ProcessMonitor.register[rosout-1] complete
[roslaunch][INFO] 2017-06-10 20:44:48,930: ... registered process [rosout-1]
[roslaunch][INFO] 2017-06-10 20:44:48,934: process[rosout-1]: starting os process
[roslaunch][INFO] 2017-06-10 20:44:48,938: process[rosout-1]: start w/ args [[u'/opt/ros/indigo/lib/rosout/rosout', u'__name:=rosout', u'__log:=/home/ccc_v1_w_dd4cc_18220/asn13529_Project_5/asn13530_Project_4/work/.ros/log/510e6664-4e58-11e7-bf5f-06f360e4abc1/rosout-1.log']]
[roslaunch][INFO] 2017-06-10 20:44:48,942: process[rosout-1]: cwd will be [/home/ccc_v1_w_dd4cc_18220/asn13529_Project_5/asn13530_Project_4/work/.ros]
[roslaunch][INFO] 2017-06-10 20:44:48,951: process[rosout-1]: started with pid [8152]
[roslaunch][INFO] 2017-06-10 20:44:48,952: ... successfully launched [rosout-1]
[roslaunch][INFO] 2017-06-10 20:44:48,955: load_parameters starting ...
[roslaunch][INFO] 2017-06-10 20:44:48,970: ... load_parameters complete
[roslaunch][INFO] 2017-06-10 20:44:48,975: launch_nodes: launching local nodes ...
[roslaunch][INFO] 2017-06-10 20:44:48,981: ... launch_nodes complete
[roslaunch.pmon][INFO] 2017-06-10 20:44:48,985: registrations completed <ProcessMonitor(ProcessMonitor-1, started daemon 139709542795008)>
[roslaunch.parent][INFO] 2017-06-10 20:44:48,988: ... roslaunch parent running, waiting for process exit
[roslaunch][INFO] 2017-06-10 20:44:48,992: spin
