[rospy.client][INFO] 2017-06-10 22:58:14,630: init_node, name[/marker_control_13197_1497160694578], pid[13197]
[xmlrpc][INFO] 2017-06-10 22:58:14,630: XML-RPC server binding to 0.0.0.0:0
[xmlrpc][INFO] 2017-06-10 22:58:14,634: Started XML-RPC server [http://ip-172-31-19-100:58210/]
[rospy.init][INFO] 2017-06-10 22:58:14,634: ROS Slave URI: [http://ip-172-31-19-100:58210/]
[rospy.impl.masterslave][INFO] 2017-06-10 22:58:14,640: _ready: http://ip-172-31-19-100:58210/
[rospy.registration][INFO] 2017-06-10 22:58:14,648: Registering with master node http://localhost:52840
[xmlrpc][INFO] 2017-06-10 22:58:14,648: xml rpc node: starting XML-RPC server
[rospy.init][INFO] 2017-06-10 22:58:14,743: registered with master
[rospy.rosout][INFO] 2017-06-10 22:58:14,747: initializing /rosout core topic
[rospy.rosout][INFO] 2017-06-10 22:58:14,758: connected to core topic /rosout
[rospy.simtime][INFO] 2017-06-10 22:58:14,763: /use_sim_time is not set, will not subscribe to simulated time [/clock] topic
[rospy.internal][INFO] 2017-06-10 22:58:15,002: topic[/rosout] adding connection to [/rosout], count 0
[rospy.internal][INFO] 2017-06-10 22:58:15,006: topic[/control_markers/update] adding connection to [/interactive_marker_proxy], count 0
[rospy.internal][INFO] 2017-06-10 22:58:15,042: topic[/collision_object] adding connection to [/move_group], count 0
[rospy.internal][INFO] 2017-06-10 22:58:15,046: topic[/attached_collision_object] adding connection to [/move_group], count 0
[rospy.internal][INFO] 2017-06-10 22:58:15,508: topic[/control_markers/update_full] adding connection to [/interactive_marker_proxy], count 0
[rospy.internal][INFO] 2017-06-10 22:58:18,610: topic[/visualization_marker_array] adding connection to [/rosbridge_websocket], count 0
[rospy.internal][INFO] 2017-06-10 22:58:18,701: topic[/control_markers/feedback] adding connection to [http://ip-172-31-19-100:58156/], count 0
[rospy.internal][INFO] 2017-06-10 23:00:33,919: topic[/joint_trajectory] adding connection to [http://ip-172-31-19-100:35573/], count 0
[rospy.internal][INFO] 2017-06-10 23:00:33,923: topic[/motion_planning_goal] adding connection to [/move_arm_15484_1497160833475], count 0
[rospy.internal][INFO] 2017-06-10 23:00:41,247: topic[/joint_states] adding connection to [http://ip-172-31-19-100:39134/], count 0
[rospy.internal][INFO] 2017-06-10 23:00:41,247: topic[/tf] adding connection to [http://ip-172-31-19-100:40379/], count 0
[rospy.internal][INFO] 2017-06-10 23:00:41,497: topic[/joint_command] adding connection to [/robot_sim], count 0
[rospy.internal][ERROR] 2017-06-10 23:00:46,307: Unable to initiate TCP/IP socket to ip-172-31-19-100:54281 (http://ip-172-31-19-100:35573/): Traceback (most recent call last):
  File "/opt/ros/indigo/lib/python2.7/dist-packages/rospy/impl/tcpros_base.py", line 557, in connect
    self.read_header()
  File "/opt/ros/indigo/lib/python2.7/dist-packages/rospy/impl/tcpros_base.py", line 619, in read_header
    self._validate_header(read_ros_handshake_header(sock, self.read_buff, self.protocol.buff_size))
  File "/opt/ros/indigo/lib/python2.7/dist-packages/rospy/impl/tcpros_base.py", line 580, in _validate_header
    raise TransportInitError("remote error reported: %s"%header['error'])
TransportInitError: remote error reported: node shutting down

[rospy.internal][WARNING] 2017-06-10 23:00:47,434: Unknown error initiating TCP/IP socket to ip-172-31-19-100:54281 (http://ip-172-31-19-100:35573/): Traceback (most recent call last):
  File "/opt/ros/indigo/lib/python2.7/dist-packages/rospy/impl/tcpros_base.py", line 557, in connect
    self.read_header()
  File "/opt/ros/indigo/lib/python2.7/dist-packages/rospy/impl/tcpros_base.py", line 619, in read_header
    self._validate_header(read_ros_handshake_header(sock, self.read_buff, self.protocol.buff_size))
  File "/opt/ros/indigo/lib/python2.7/dist-packages/rosgraph/network.py", line 363, in read_ros_handshake_header
    d = sock.recv(buff_size)
error: [Errno 104] Connection reset by peer

[rospy.internal][INFO] 2017-06-10 23:00:47,438: topic[/joint_trajectory] removing connection to http://ip-172-31-19-100:35573/
[rospy.internal][INFO] 2017-06-10 23:00:54,784: topic[/control_markers/update_full] removing connection to /interactive_marker_proxy
[rospy.internal][INFO] 2017-06-10 23:01:25,315: topic[/motion_planning_goal] removing connection to /move_arm_15484_1497160833475
