[rospy.client][INFO] 2017-06-10 20:14:37,167: init_node, name[/marker_control_4639_1497150877127], pid[4639]
[xmlrpc][INFO] 2017-06-10 20:14:37,168: XML-RPC server binding to 0.0.0.0:0
[xmlrpc][INFO] 2017-06-10 20:14:37,172: Started XML-RPC server [http://ip-172-31-26-229:59317/]
[rospy.init][INFO] 2017-06-10 20:14:37,172: ROS Slave URI: [http://ip-172-31-26-229:59317/]
[rospy.impl.masterslave][INFO] 2017-06-10 20:14:37,175: _ready: http://ip-172-31-26-229:59317/
[xmlrpc][INFO] 2017-06-10 20:14:37,182: xml rpc node: starting XML-RPC server
[rospy.registration][INFO] 2017-06-10 20:14:37,182: Registering with master node http://localhost:55910
[rospy.init][INFO] 2017-06-10 20:14:37,278: registered with master
[rospy.rosout][INFO] 2017-06-10 20:14:37,282: initializing /rosout core topic
[rospy.rosout][INFO] 2017-06-10 20:14:37,292: connected to core topic /rosout
[rospy.simtime][INFO] 2017-06-10 20:14:37,296: /use_sim_time is not set, will not subscribe to simulated time [/clock] topic
[rospy.internal][INFO] 2017-06-10 20:14:37,504: topic[/rosout] adding connection to [/rosout], count 0
[rospy.internal][INFO] 2017-06-10 20:14:37,615: topic[/control_markers/update] adding connection to [/interactive_marker_proxy], count 0
[rospy.internal][INFO] 2017-06-10 20:14:37,624: topic[/collision_object] adding connection to [/move_group], count 0
[rospy.internal][INFO] 2017-06-10 20:14:37,627: topic[/attached_collision_object] adding connection to [/move_group], count 0
[rospy.internal][INFO] 2017-06-10 20:14:38,017: topic[/control_markers/update_full] adding connection to [/interactive_marker_proxy], count 0
[rospy.internal][INFO] 2017-06-10 20:14:40,833: topic[/visualization_marker_array] adding connection to [/rosbridge_websocket], count 0
[rospy.internal][INFO] 2017-06-10 20:14:40,953: topic[/control_markers/feedback] adding connection to [http://ip-172-31-26-229:50732/], count 0
[rospy.internal][INFO] 2017-06-10 20:14:59,671: topic[/tf] adding connection to [http://ip-172-31-26-229:60717/], count 0
[rospy.internal][INFO] 2017-06-10 20:14:59,678: topic[/joint_states] adding connection to [http://ip-172-31-26-229:34245/], count 0
[rospy.internal][INFO] 2017-06-10 20:14:59,966: topic[/joint_command] adding connection to [/robot_sim], count 0
