[rospy.client][INFO] 2017-06-10 01:40:23,065: init_node, name[/marker_control_14440_1497084023024], pid[14440]
[xmlrpc][INFO] 2017-06-10 01:40:23,065: XML-RPC server binding to 0.0.0.0:0
[xmlrpc][INFO] 2017-06-10 01:40:23,069: Started XML-RPC server [http://ip-172-31-19-100:47078/]
[rospy.init][INFO] 2017-06-10 01:40:23,069: ROS Slave URI: [http://ip-172-31-19-100:47078/]
[rospy.impl.masterslave][INFO] 2017-06-10 01:40:23,072: _ready: http://ip-172-31-19-100:47078/
[xmlrpc][INFO] 2017-06-10 01:40:23,079: xml rpc node: starting XML-RPC server
[rospy.registration][INFO] 2017-06-10 01:40:23,080: Registering with master node http://localhost:60818
[rospy.init][INFO] 2017-06-10 01:40:23,176: registered with master
[rospy.rosout][INFO] 2017-06-10 01:40:23,179: initializing /rosout core topic
[rospy.rosout][INFO] 2017-06-10 01:40:23,188: connected to core topic /rosout
[rospy.simtime][INFO] 2017-06-10 01:40:23,192: /use_sim_time is not set, will not subscribe to simulated time [/clock] topic
[rospy.internal][INFO] 2017-06-10 01:40:23,426: topic[/rosout] adding connection to [/rosout], count 0
[rospy.internal][INFO] 2017-06-10 01:40:23,448: topic[/collision_object] adding connection to [/move_group], count 0
[rospy.internal][INFO] 2017-06-10 01:40:23,452: topic[/attached_collision_object] adding connection to [/move_group], count 0
[rospy.internal][INFO] 2017-06-10 01:40:23,530: topic[/control_markers/update] adding connection to [/interactive_marker_proxy], count 0
[rospy.internal][INFO] 2017-06-10 01:40:23,932: topic[/control_markers/update_full] adding connection to [/interactive_marker_proxy], count 0
[rospy.internal][INFO] 2017-06-10 01:40:25,292: topic[/visualization_marker_array] adding connection to [/rosbridge_websocket], count 0
[rospy.internal][INFO] 2017-06-10 01:40:25,385: topic[/control_markers/feedback] adding connection to [http://ip-172-31-19-100:37211/], count 0
[rospy.internal][INFO] 2017-06-10 01:41:42,532: topic[/joint_trajectory] adding connection to [http://ip-172-31-19-100:46852/], count 0
[rospy.internal][INFO] 2017-06-10 01:41:42,539: topic[/motion_planning_goal] adding connection to [/move_arm_15861_1497084102147], count 0
[rospy.internal][INFO] 2017-06-10 01:41:49,410: topic[/joint_states] adding connection to [http://ip-172-31-19-100:45110/], count 0
[rospy.internal][INFO] 2017-06-10 01:41:49,410: topic[/tf] adding connection to [http://ip-172-31-19-100:42837/], count 0
[rospy.internal][INFO] 2017-06-10 01:41:49,611: topic[/joint_command] adding connection to [/robot_sim], count 0
[rospy.internal][INFO] 2017-06-10 01:42:00,900: topic[/control_markers/update_full] removing connection to /interactive_marker_proxy
[rospy.internal][ERROR] 2017-06-10 01:42:21,612: Unable to initiate TCP/IP socket to ip-172-31-19-100:35204 (http://ip-172-31-19-100:46852/): Traceback (most recent call last):
  File "/opt/ros/indigo/lib/python2.7/dist-packages/rospy/impl/tcpros_base.py", line 557, in connect
    self.read_header()
  File "/opt/ros/indigo/lib/python2.7/dist-packages/rospy/impl/tcpros_base.py", line 619, in read_header
    self._validate_header(read_ros_handshake_header(sock, self.read_buff, self.protocol.buff_size))
  File "/opt/ros/indigo/lib/python2.7/dist-packages/rospy/impl/tcpros_base.py", line 580, in _validate_header
    raise TransportInitError("remote error reported: %s"%header['error'])
TransportInitError: remote error reported: node shutting down

[rospy.internal][WARNING] 2017-06-10 01:42:22,798: Unknown error initiating TCP/IP socket to ip-172-31-19-100:35204 (http://ip-172-31-19-100:46852/): Traceback (most recent call last):
  File "/opt/ros/indigo/lib/python2.7/dist-packages/rospy/impl/tcpros_base.py", line 557, in connect
    self.read_header()
  File "/opt/ros/indigo/lib/python2.7/dist-packages/rospy/impl/tcpros_base.py", line 619, in read_header
    self._validate_header(read_ros_handshake_header(sock, self.read_buff, self.protocol.buff_size))
  File "/opt/ros/indigo/lib/python2.7/dist-packages/rosgraph/network.py", line 363, in read_ros_handshake_header
    d = sock.recv(buff_size)
error: [Errno 104] Connection reset by peer

[rospy.internal][INFO] 2017-06-10 01:42:22,801: topic[/joint_trajectory] removing connection to http://ip-172-31-19-100:46852/
