[rospy.client][INFO] 2017-06-10 18:56:02,206: init_node, name[/marker_control_26075_1497146162109], pid[26075]
[xmlrpc][INFO] 2017-06-10 18:56:02,206: XML-RPC server binding to 0.0.0.0:0
[xmlrpc][INFO] 2017-06-10 18:56:02,211: Started XML-RPC server [http://ip-172-31-19-100:48410/]
[rospy.init][INFO] 2017-06-10 18:56:02,211: ROS Slave URI: [http://ip-172-31-19-100:48410/]
[rospy.impl.masterslave][INFO] 2017-06-10 18:56:02,215: _ready: http://ip-172-31-19-100:48410/
[xmlrpc][INFO] 2017-06-10 18:56:02,223: xml rpc node: starting XML-RPC server
[rospy.registration][INFO] 2017-06-10 18:56:02,223: Registering with master node http://localhost:45015
[rospy.init][INFO] 2017-06-10 18:56:02,319: registered with master
[rospy.rosout][INFO] 2017-06-10 18:56:02,322: initializing /rosout core topic
[rospy.rosout][INFO] 2017-06-10 18:56:02,332: connected to core topic /rosout
[rospy.simtime][INFO] 2017-06-10 18:56:02,337: /use_sim_time is not set, will not subscribe to simulated time [/clock] topic
[rospy.internal][INFO] 2017-06-10 18:56:02,538: topic[/rosout] adding connection to [/rosout], count 0
[rospy.internal][INFO] 2017-06-10 18:56:02,583: topic[/collision_object] adding connection to [/move_group], count 0
[rospy.internal][INFO] 2017-06-10 18:56:02,588: topic[/attached_collision_object] adding connection to [/move_group], count 0
[rospy.internal][INFO] 2017-06-10 18:56:02,643: topic[/control_markers/update] adding connection to [/interactive_marker_proxy], count 0
[rospy.internal][INFO] 2017-06-10 18:56:03,045: topic[/control_markers/update_full] adding connection to [/interactive_marker_proxy], count 0
[rospy.internal][INFO] 2017-06-10 18:56:12,386: topic[/visualization_marker_array] adding connection to [/rosbridge_websocket], count 0
[rospy.internal][INFO] 2017-06-10 18:56:12,496: topic[/control_markers/feedback] adding connection to [http://ip-172-31-19-100:33888/], count 0
[rospy.internal][INFO] 2017-06-10 18:56:28,362: topic[/joint_trajectory] adding connection to [http://ip-172-31-19-100:58817/], count 0
[rospy.internal][INFO] 2017-06-10 18:56:28,365: topic[/motion_planning_goal] adding connection to [/move_arm_27058_1497146187942], count 0
[rospy.internal][INFO] 2017-06-10 18:56:48,335: topic[/tf] adding connection to [http://ip-172-31-19-100:56983/], count 0
[rospy.internal][INFO] 2017-06-10 18:56:48,337: topic[/joint_states] adding connection to [http://ip-172-31-19-100:54679/], count 0
[rospy.internal][INFO] 2017-06-10 18:56:48,583: topic[/joint_command] adding connection to [/robot_sim], count 0
[rospy.internal][INFO] 2017-06-10 18:56:55,680: topic[/control_markers/update_full] removing connection to /interactive_marker_proxy
[rospy.internal][ERROR] 2017-06-10 18:57:02,531: Unable to initiate TCP/IP socket to ip-172-31-19-100:46216 (http://ip-172-31-19-100:58817/): Traceback (most recent call last):
  File "/opt/ros/indigo/lib/python2.7/dist-packages/rospy/impl/tcpros_base.py", line 557, in connect
    self.read_header()
  File "/opt/ros/indigo/lib/python2.7/dist-packages/rospy/impl/tcpros_base.py", line 619, in read_header
    self._validate_header(read_ros_handshake_header(sock, self.read_buff, self.protocol.buff_size))
  File "/opt/ros/indigo/lib/python2.7/dist-packages/rospy/impl/tcpros_base.py", line 580, in _validate_header
    raise TransportInitError("remote error reported: %s"%header['error'])
TransportInitError: remote error reported: node shutting down

[rospy.internal][WARNING] 2017-06-10 18:57:03,747: Unknown error initiating TCP/IP socket to ip-172-31-19-100:46216 (http://ip-172-31-19-100:58817/): Traceback (most recent call last):
  File "/opt/ros/indigo/lib/python2.7/dist-packages/rospy/impl/tcpros_base.py", line 557, in connect
    self.read_header()
  File "/opt/ros/indigo/lib/python2.7/dist-packages/rospy/impl/tcpros_base.py", line 619, in read_header
    self._validate_header(read_ros_handshake_header(sock, self.read_buff, self.protocol.buff_size))
  File "/opt/ros/indigo/lib/python2.7/dist-packages/rosgraph/network.py", line 363, in read_ros_handshake_header
    d = sock.recv(buff_size)
error: [Errno 104] Connection reset by peer

[rospy.internal][INFO] 2017-06-10 18:57:03,756: topic[/joint_trajectory] removing connection to http://ip-172-31-19-100:58817/
