[rospy.client][INFO] 2017-06-10 23:12:00,521: init_node, name[/marker_control_11602_1497161520474], pid[11602]
[xmlrpc][INFO] 2017-06-10 23:12:00,522: XML-RPC server binding to 0.0.0.0:0
[xmlrpc][INFO] 2017-06-10 23:12:00,526: Started XML-RPC server [http://ip-172-31-19-100:60040/]
[rospy.impl.masterslave][INFO] 2017-06-10 23:12:00,529: _ready: http://ip-172-31-19-100:60040/
[rospy.init][INFO] 2017-06-10 23:12:00,527: ROS Slave URI: [http://ip-172-31-19-100:60040/]
[rospy.registration][INFO] 2017-06-10 23:12:00,534: Registering with master node http://localhost:37945
[xmlrpc][INFO] 2017-06-10 23:12:00,537: xml rpc node: starting XML-RPC server
[rospy.init][INFO] 2017-06-10 23:12:00,638: registered with master
[rospy.rosout][INFO] 2017-06-10 23:12:00,641: initializing /rosout core topic
[rospy.rosout][INFO] 2017-06-10 23:12:00,654: connected to core topic /rosout
[rospy.simtime][INFO] 2017-06-10 23:12:00,659: /use_sim_time is not set, will not subscribe to simulated time [/clock] topic
[rospy.internal][INFO] 2017-06-10 23:12:00,895: topic[/rosout] adding connection to [/rosout], count 0
[rospy.internal][INFO] 2017-06-10 23:12:00,912: topic[/attached_collision_object] adding connection to [/move_group], count 0
[rospy.internal][INFO] 2017-06-10 23:12:00,917: topic[/collision_object] adding connection to [/move_group], count 0
[rospy.internal][INFO] 2017-06-10 23:12:01,000: topic[/control_markers/update] adding connection to [/interactive_marker_proxy], count 0
[rospy.internal][INFO] 2017-06-10 23:12:01,402: topic[/control_markers/update_full] adding connection to [/interactive_marker_proxy], count 0
[rospy.internal][INFO] 2017-06-10 23:12:02,312: topic[/visualization_marker_array] adding connection to [/rosbridge_websocket], count 0
[rospy.internal][INFO] 2017-06-10 23:12:02,446: topic[/control_markers/feedback] adding connection to [http://ip-172-31-19-100:44815/], count 0
[rospy.internal][INFO] 2017-06-10 23:12:10,944: topic[/joint_trajectory] adding connection to [http://ip-172-31-19-100:58755/], count 0
[rospy.internal][INFO] 2017-06-10 23:12:10,948: topic[/motion_planning_goal] adding connection to [/move_arm_12478_1497161530444], count 0
[rospy.internal][INFO] 2017-06-10 23:12:18,530: topic[/joint_states] adding connection to [http://ip-172-31-19-100:50486/], count 0
[rospy.internal][INFO] 2017-06-10 23:12:18,531: topic[/tf] adding connection to [http://ip-172-31-19-100:52808/], count 0
[rospy.internal][INFO] 2017-06-10 23:12:18,676: topic[/joint_command] adding connection to [/robot_sim], count 0
