[rospy.client][INFO] 2017-06-09 18:25:46,297: init_node, name[/marker_control_9781_1497057946246], pid[9781]
[xmlrpc][INFO] 2017-06-09 18:25:46,297: XML-RPC server binding to 0.0.0.0:0
[xmlrpc][INFO] 2017-06-09 18:25:46,301: Started XML-RPC server [http://ip-172-31-19-100:34694/]
[rospy.init][INFO] 2017-06-09 18:25:46,302: ROS Slave URI: [http://ip-172-31-19-100:34694/]
[rospy.impl.masterslave][INFO] 2017-06-09 18:25:46,305: _ready: http://ip-172-31-19-100:34694/
[xmlrpc][INFO] 2017-06-09 18:25:46,312: xml rpc node: starting XML-RPC server
[rospy.registration][INFO] 2017-06-09 18:25:46,313: Registering with master node http://localhost:36288
[rospy.init][INFO] 2017-06-09 18:25:46,408: registered with master
[rospy.rosout][INFO] 2017-06-09 18:25:46,412: initializing /rosout core topic
[rospy.rosout][INFO] 2017-06-09 18:25:46,423: connected to core topic /rosout
[rospy.simtime][INFO] 2017-06-09 18:25:46,427: /use_sim_time is not set, will not subscribe to simulated time [/clock] topic
[rospy.internal][INFO] 2017-06-09 18:25:46,713: topic[/rosout] adding connection to [/rosout], count 0
[rospy.internal][INFO] 2017-06-09 18:25:46,724: topic[/control_markers/update] adding connection to [/interactive_marker_proxy], count 0
[rospy.internal][INFO] 2017-06-09 18:25:46,733: topic[/collision_object] adding connection to [/move_group], count 0
[rospy.internal][INFO] 2017-06-09 18:25:46,737: topic[/attached_collision_object] adding connection to [/move_group], count 0
[rospy.internal][INFO] 2017-06-09 18:25:47,226: topic[/control_markers/update_full] adding connection to [/interactive_marker_proxy], count 0
[rospy.internal][INFO] 2017-06-09 18:25:50,517: topic[/visualization_marker_array] adding connection to [/rosbridge_websocket], count 0
[rospy.internal][INFO] 2017-06-09 18:25:50,549: topic[/control_markers/feedback] adding connection to [http://ip-172-31-19-100:34930/], count 0
[rospy.internal][INFO] 2017-06-09 18:26:05,773: topic[/joint_trajectory] adding connection to [http://ip-172-31-19-100:49928/], count 0
[rospy.internal][INFO] 2017-06-09 18:26:05,777: topic[/motion_planning_goal] adding connection to [/move_arm_10836_1497057965384], count 0
[rospy.internal][INFO] 2017-06-09 18:26:53,398: topic[/joint_states] adding connection to [http://ip-172-31-19-100:56137/], count 0
[rospy.internal][INFO] 2017-06-09 18:26:53,399: topic[/tf] adding connection to [http://ip-172-31-19-100:48377/], count 0
[rospy.internal][INFO] 2017-06-09 18:26:53,610: topic[/joint_command] adding connection to [/robot_sim], count 0
[rospy.internal][INFO] 2017-06-09 18:27:06,928: topic[/control_markers/update_full] removing connection to /interactive_marker_proxy
[rospy.internal][ERROR] 2017-06-09 18:29:19,088: Unable to initiate TCP/IP socket to ip-172-31-19-100:57090 (http://ip-172-31-19-100:49928/): Traceback (most recent call last):
  File "/opt/ros/indigo/lib/python2.7/dist-packages/rospy/impl/tcpros_base.py", line 557, in connect
    self.read_header()
  File "/opt/ros/indigo/lib/python2.7/dist-packages/rospy/impl/tcpros_base.py", line 619, in read_header
    self._validate_header(read_ros_handshake_header(sock, self.read_buff, self.protocol.buff_size))
  File "/opt/ros/indigo/lib/python2.7/dist-packages/rospy/impl/tcpros_base.py", line 580, in _validate_header
    raise TransportInitError("remote error reported: %s"%header['error'])
TransportInitError: remote error reported: node shutting down

[rospy.internal][WARNING] 2017-06-09 18:29:20,321: Unknown error initiating TCP/IP socket to ip-172-31-19-100:57090 (http://ip-172-31-19-100:49928/): Traceback (most recent call last):
  File "/opt/ros/indigo/lib/python2.7/dist-packages/rospy/impl/tcpros_base.py", line 557, in connect
    self.read_header()
  File "/opt/ros/indigo/lib/python2.7/dist-packages/rospy/impl/tcpros_base.py", line 619, in read_header
    self._validate_header(read_ros_handshake_header(sock, self.read_buff, self.protocol.buff_size))
  File "/opt/ros/indigo/lib/python2.7/dist-packages/rosgraph/network.py", line 363, in read_ros_handshake_header
    d = sock.recv(buff_size)
error: [Errno 104] Connection reset by peer

[rospy.internal][INFO] 2017-06-09 18:29:20,326: topic[/joint_trajectory] removing connection to http://ip-172-31-19-100:49928/
