[rospy.client][INFO] 2017-06-09 18:37:27,356: init_node, name[/marker_control_21688_1497058647312], pid[21688]
[xmlrpc][INFO] 2017-06-09 18:37:27,356: XML-RPC server binding to 0.0.0.0:0
[xmlrpc][INFO] 2017-06-09 18:37:27,366: Started XML-RPC server [http://ip-172-31-26-229:58570/]
[rospy.init][INFO] 2017-06-09 18:37:27,366: ROS Slave URI: [http://ip-172-31-26-229:58570/]
[rospy.impl.masterslave][INFO] 2017-06-09 18:37:27,370: _ready: http://ip-172-31-26-229:58570/
[xmlrpc][INFO] 2017-06-09 18:37:27,379: xml rpc node: starting XML-RPC server
[rospy.registration][INFO] 2017-06-09 18:37:27,379: Registering with master node http://localhost:42174
[rospy.init][INFO] 2017-06-09 18:37:27,475: registered with master
[rospy.rosout][INFO] 2017-06-09 18:37:27,479: initializing /rosout core topic
[rospy.rosout][INFO] 2017-06-09 18:37:27,493: connected to core topic /rosout
[rospy.simtime][INFO] 2017-06-09 18:37:27,499: /use_sim_time is not set, will not subscribe to simulated time [/clock] topic
[rospy.internal][INFO] 2017-06-09 18:37:27,709: topic[/rosout] adding connection to [/rosout], count 0
[rospy.internal][INFO] 2017-06-09 18:37:27,797: topic[/collision_object] adding connection to [/move_group], count 0
[rospy.internal][INFO] 2017-06-09 18:37:27,801: topic[/attached_collision_object] adding connection to [/move_group], count 0
[rospy.internal][INFO] 2017-06-09 18:37:27,805: topic[/control_markers/update] adding connection to [/interactive_marker_proxy], count 0
[rospy.internal][INFO] 2017-06-09 18:37:28,202: topic[/control_markers/update_full] adding connection to [/interactive_marker_proxy], count 0
[rospy.internal][INFO] 2017-06-09 18:37:33,329: topic[/visualization_marker_array] adding connection to [/rosbridge_websocket], count 0
[rospy.internal][INFO] 2017-06-09 18:37:33,470: topic[/control_markers/feedback] adding connection to [http://ip-172-31-26-229:50245/], count 0
[rospy.internal][INFO] 2017-06-09 18:37:50,945: topic[/joint_trajectory] adding connection to [http://ip-172-31-26-229:43399/], count 0
[rospy.internal][INFO] 2017-06-09 18:37:51,796: topic[/motion_planning_goal] adding connection to [/move_arm_22807_1497058670548], count 0
[rospy.internal][ERROR] 2017-06-09 18:41:31,609: Unable to initiate TCP/IP socket to ip-172-31-26-229:37076 (http://ip-172-31-26-229:43399/): Traceback (most recent call last):
  File "/opt/ros/indigo/lib/python2.7/dist-packages/rospy/impl/tcpros_base.py", line 557, in connect
    self.read_header()
  File "/opt/ros/indigo/lib/python2.7/dist-packages/rospy/impl/tcpros_base.py", line 619, in read_header
    self._validate_header(read_ros_handshake_header(sock, self.read_buff, self.protocol.buff_size))
  File "/opt/ros/indigo/lib/python2.7/dist-packages/rospy/impl/tcpros_base.py", line 580, in _validate_header
    raise TransportInitError("remote error reported: %s"%header['error'])
TransportInitError: remote error reported: node shutting down

[rospy.internal][WARNING] 2017-06-09 18:41:32,779: Unknown error initiating TCP/IP socket to ip-172-31-26-229:37076 (http://ip-172-31-26-229:43399/): Traceback (most recent call last):
  File "/opt/ros/indigo/lib/python2.7/dist-packages/rospy/impl/tcpros_base.py", line 557, in connect
    self.read_header()
  File "/opt/ros/indigo/lib/python2.7/dist-packages/rospy/impl/tcpros_base.py", line 619, in read_header
    self._validate_header(read_ros_handshake_header(sock, self.read_buff, self.protocol.buff_size))
  File "/opt/ros/indigo/lib/python2.7/dist-packages/rosgraph/network.py", line 363, in read_ros_handshake_header
    d = sock.recv(buff_size)
error: [Errno 104] Connection reset by peer

[rospy.internal][INFO] 2017-06-09 18:41:32,785: topic[/joint_trajectory] removing connection to http://ip-172-31-26-229:43399/
