[rospy.client][INFO] 2017-06-10 01:56:38,604: init_node, name[/marker_control_13876_1497084998562], pid[13876]
[xmlrpc][INFO] 2017-06-10 01:56:38,605: XML-RPC server binding to 0.0.0.0:0
[xmlrpc][INFO] 2017-06-10 01:56:38,608: Started XML-RPC server [http://ip-172-31-19-100:43715/]
[rospy.init][INFO] 2017-06-10 01:56:38,609: ROS Slave URI: [http://ip-172-31-19-100:43715/]
[rospy.impl.masterslave][INFO] 2017-06-10 01:56:38,611: _ready: http://ip-172-31-19-100:43715/
[xmlrpc][INFO] 2017-06-10 01:56:38,619: xml rpc node: starting XML-RPC server
[rospy.registration][INFO] 2017-06-10 01:56:38,619: Registering with master node http://localhost:40615
[rospy.init][INFO] 2017-06-10 01:56:38,715: registered with master
[rospy.rosout][INFO] 2017-06-10 01:56:38,719: initializing /rosout core topic
[rospy.rosout][INFO] 2017-06-10 01:56:38,727: connected to core topic /rosout
[rospy.simtime][INFO] 2017-06-10 01:56:38,731: /use_sim_time is not set, will not subscribe to simulated time [/clock] topic
[rospy.internal][INFO] 2017-06-10 01:56:39,025: topic[/rosout] adding connection to [/rosout], count 0
[rospy.internal][INFO] 2017-06-10 01:56:39,036: topic[/control_markers/update] adding connection to [/interactive_marker_proxy], count 0
[rospy.internal][INFO] 2017-06-10 01:56:39,048: topic[/collision_object] adding connection to [/move_group], count 0
[rospy.internal][INFO] 2017-06-10 01:56:39,052: topic[/attached_collision_object] adding connection to [/move_group], count 0
[rospy.internal][INFO] 2017-06-10 01:56:39,538: topic[/control_markers/update_full] adding connection to [/interactive_marker_proxy], count 0
[rospy.internal][INFO] 2017-06-10 01:56:39,985: topic[/visualization_marker_array] adding connection to [/rosbridge_websocket], count 0
[rospy.internal][INFO] 2017-06-10 01:56:40,059: topic[/control_markers/feedback] adding connection to [http://ip-172-31-19-100:38812/], count 0
[rospy.internal][INFO] 2017-06-10 01:56:47,956: topic[/joint_trajectory] adding connection to [http://ip-172-31-19-100:53281/], count 0
[rospy.internal][INFO] 2017-06-10 01:56:47,966: topic[/motion_planning_goal] adding connection to [/move_arm_14946_1497085007576], count 0
[rospy.internal][INFO] 2017-06-10 01:57:00,591: topic[/joint_states] adding connection to [http://ip-172-31-19-100:33712/], count 0
[rospy.internal][INFO] 2017-06-10 01:57:00,593: topic[/tf] adding connection to [http://ip-172-31-19-100:49582/], count 0
[rospy.internal][INFO] 2017-06-10 01:57:00,809: topic[/joint_command] adding connection to [/robot_sim], count 0
[rospy.internal][INFO] 2017-06-10 01:57:14,148: topic[/control_markers/update_full] removing connection to /interactive_marker_proxy
[rospy.internal][ERROR] 2017-06-10 01:57:26,886: Unable to initiate TCP/IP socket to ip-172-31-19-100:50063 (http://ip-172-31-19-100:53281/): Traceback (most recent call last):
  File "/opt/ros/indigo/lib/python2.7/dist-packages/rospy/impl/tcpros_base.py", line 557, in connect
    self.read_header()
  File "/opt/ros/indigo/lib/python2.7/dist-packages/rospy/impl/tcpros_base.py", line 619, in read_header
    self._validate_header(read_ros_handshake_header(sock, self.read_buff, self.protocol.buff_size))
  File "/opt/ros/indigo/lib/python2.7/dist-packages/rospy/impl/tcpros_base.py", line 580, in _validate_header
    raise TransportInitError("remote error reported: %s"%header['error'])
TransportInitError: remote error reported: node shutting down

[rospy.internal][WARNING] 2017-06-10 01:57:27,892: Unknown error initiating TCP/IP socket to ip-172-31-19-100:50063 (http://ip-172-31-19-100:53281/): Traceback (most recent call last):
  File "/opt/ros/indigo/lib/python2.7/dist-packages/rospy/impl/tcpros_base.py", line 555, in connect
    self.socket.connect((dest_addr, dest_port))
  File "/usr/lib/python2.7/socket.py", line 224, in meth
    return getattr(self._sock,name)(*args)
error: [Errno 111] Connection refused

[rospy.internal][INFO] 2017-06-10 01:57:27,900: topic[/joint_trajectory] removing connection to http://ip-172-31-19-100:53281/
