[rospy.client][INFO] 2017-06-10 22:55:37,299: init_node, name[/marker_control_19256_1497160537246], pid[19256]
[xmlrpc][INFO] 2017-06-10 22:55:37,300: XML-RPC server binding to 0.0.0.0:0
[xmlrpc][INFO] 2017-06-10 22:55:37,303: Started XML-RPC server [http://ip-172-31-26-229:53947/]
[rospy.init][INFO] 2017-06-10 22:55:37,304: ROS Slave URI: [http://ip-172-31-26-229:53947/]
[rospy.impl.masterslave][INFO] 2017-06-10 22:55:37,307: _ready: http://ip-172-31-26-229:53947/
[xmlrpc][INFO] 2017-06-10 22:55:37,315: xml rpc node: starting XML-RPC server
[rospy.registration][INFO] 2017-06-10 22:55:37,315: Registering with master node http://localhost:50353
[rospy.init][INFO] 2017-06-10 22:55:37,411: registered with master
[rospy.rosout][INFO] 2017-06-10 22:55:37,414: initializing /rosout core topic
[rospy.rosout][INFO] 2017-06-10 22:55:37,425: connected to core topic /rosout
[rospy.simtime][INFO] 2017-06-10 22:55:37,430: /use_sim_time is not set, will not subscribe to simulated time [/clock] topic
[rospy.internal][INFO] 2017-06-10 22:55:37,668: topic[/rosout] adding connection to [/rosout], count 0
[rospy.internal][INFO] 2017-06-10 22:55:37,681: topic[/collision_object] adding connection to [/move_group], count 0
[rospy.internal][INFO] 2017-06-10 22:55:37,685: topic[/attached_collision_object] adding connection to [/move_group], count 0
[rospy.internal][INFO] 2017-06-10 22:55:37,763: topic[/control_markers/update] adding connection to [/interactive_marker_proxy], count 0
[rospy.internal][INFO] 2017-06-10 22:55:38,165: topic[/control_markers/update_full] adding connection to [/interactive_marker_proxy], count 0
[rospy.internal][INFO] 2017-06-10 22:55:40,816: topic[/visualization_marker_array] adding connection to [/rosbridge_websocket], count 0
[rospy.internal][INFO] 2017-06-10 22:55:40,905: topic[/control_markers/feedback] adding connection to [http://ip-172-31-26-229:46122/], count 0
[rospy.internal][INFO] 2017-06-10 22:55:52,173: topic[/joint_trajectory] adding connection to [http://ip-172-31-26-229:55064/], count 0
[rospy.internal][INFO] 2017-06-10 22:55:52,175: topic[/motion_planning_goal] adding connection to [/move_arm_20138_1497160551781], count 0
[rospy.internal][INFO] 2017-06-10 22:55:58,237: topic[/joint_states] adding connection to [http://ip-172-31-26-229:41108/], count 0
[rospy.internal][INFO] 2017-06-10 22:55:58,238: topic[/tf] adding connection to [http://ip-172-31-26-229:33721/], count 0
[rospy.internal][INFO] 2017-06-10 22:55:58,450: topic[/joint_command] adding connection to [/robot_sim], count 0
[rospy.internal][INFO] 2017-06-10 22:56:05,737: topic[/control_markers/update_full] removing connection to /interactive_marker_proxy
[rospy.internal][ERROR] 2017-06-10 22:56:31,011: Unable to initiate TCP/IP socket to ip-172-31-26-229:60421 (http://ip-172-31-26-229:55064/): Traceback (most recent call last):
  File "/opt/ros/indigo/lib/python2.7/dist-packages/rospy/impl/tcpros_base.py", line 557, in connect
    self.read_header()
  File "/opt/ros/indigo/lib/python2.7/dist-packages/rospy/impl/tcpros_base.py", line 619, in read_header
    self._validate_header(read_ros_handshake_header(sock, self.read_buff, self.protocol.buff_size))
  File "/opt/ros/indigo/lib/python2.7/dist-packages/rospy/impl/tcpros_base.py", line 580, in _validate_header
    raise TransportInitError("remote error reported: %s"%header['error'])
TransportInitError: remote error reported: node shutting down

[rospy.internal][WARNING] 2017-06-10 22:56:32,231: Unknown error initiating TCP/IP socket to ip-172-31-26-229:60421 (http://ip-172-31-26-229:55064/): Traceback (most recent call last):
  File "/opt/ros/indigo/lib/python2.7/dist-packages/rospy/impl/tcpros_base.py", line 557, in connect
    self.read_header()
  File "/opt/ros/indigo/lib/python2.7/dist-packages/rospy/impl/tcpros_base.py", line 619, in read_header
    self._validate_header(read_ros_handshake_header(sock, self.read_buff, self.protocol.buff_size))
  File "/opt/ros/indigo/lib/python2.7/dist-packages/rosgraph/network.py", line 363, in read_ros_handshake_header
    d = sock.recv(buff_size)
error: [Errno 104] Connection reset by peer

[rospy.internal][INFO] 2017-06-10 22:56:32,234: topic[/joint_trajectory] removing connection to http://ip-172-31-26-229:55064/
