[rospy.client][INFO] 2017-06-09 19:09:09,557: init_node, name[/move_arm_30475_1497060549514], pid[30475]
[xmlrpc][INFO] 2017-06-09 19:09:09,557: XML-RPC server binding to 0.0.0.0:0
[xmlrpc][INFO] 2017-06-09 19:09:09,561: Started XML-RPC server [http://ip-172-31-19-100:38390/]
[rospy.init][INFO] 2017-06-09 19:09:09,561: ROS Slave URI: [http://ip-172-31-19-100:38390/]
[rospy.impl.masterslave][INFO] 2017-06-09 19:09:09,565: _ready: http://ip-172-31-19-100:38390/
[xmlrpc][INFO] 2017-06-09 19:09:09,574: xml rpc node: starting XML-RPC server
[rospy.registration][INFO] 2017-06-09 19:09:09,574: Registering with master node http://localhost:49670
[rospy.init][INFO] 2017-06-09 19:09:09,668: registered with master
[rospy.rosout][INFO] 2017-06-09 19:09:09,673: initializing /rosout core topic
[rospy.rosout][INFO] 2017-06-09 19:09:09,682: connected to core topic /rosout
[rospy.simtime][INFO] 2017-06-09 19:09:09,687: /use_sim_time is not set, will not subscribe to simulated time [/clock] topic
[rospy.internal][INFO] 2017-06-09 19:09:09,910: topic[/joint_states] adding connection to [http://ip-172-31-19-100:50362/], count 0
[rospy.internal][INFO] 2017-06-09 19:09:09,912: topic[/motion_planning_goal] adding connection to [http://ip-172-31-19-100:46302/], count 0
[rospy.internal][INFO] 2017-06-09 19:09:09,917: topic[/joint_trajectory] adding connection to [/marker_control_29742_1497060480468], count 0
[rospy.internal][INFO] 2017-06-09 19:09:10,910: topic[/rosout] adding connection to [/rosout], count 0
[rospy.internal][INFO] 2017-06-09 19:09:10,914: topic[/joint_trajectory] adding connection to [/robot_sim], count 1
[rospy.internal][INFO] 2017-06-09 19:09:10,943: topic[/collision_object] adding connection to [/move_group], count 0
[rospy.internal][INFO] 2017-06-09 19:09:10,947: topic[/attached_collision_object] adding connection to [/move_group], count 0
[rospy.core][INFO] 2017-06-09 19:23:54,011: signal_shutdown [signal-2]
[rospy.internal][INFO] 2017-06-09 19:23:54,047: topic[/collision_object] removing connection to /move_group
[rospy.internal][INFO] 2017-06-09 19:23:54,050: topic[/joint_trajectory] removing connection to /marker_control_29742_1497060480468
[rospy.internal][INFO] 2017-06-09 19:23:54,055: topic[/joint_trajectory] removing connection to /robot_sim
[rospy.internal][INFO] 2017-06-09 19:23:54,058: topic[/rosout] removing connection to /rosout
[rospy.internal][INFO] 2017-06-09 19:23:54,062: topic[/attached_collision_object] removing connection to /move_group
[rospy.internal][INFO] 2017-06-09 19:23:54,066: topic[/motion_planning_goal] removing connection to http://ip-172-31-19-100:46302/
[rospy.topics][ERROR] 2017-06-09 19:23:54,071: Traceback (most recent call last):
  File "/opt/ros/indigo/lib/python2.7/dist-packages/rospy/topics.py", line 307, in close
    c.close()
  File "/opt/ros/indigo/lib/python2.7/dist-packages/rospy/impl/tcpros_base.py", line 807, in close
    self.socket.close()
AttributeError: 'NoneType' object has no attribute 'close'

[rospy.internal][INFO] 2017-06-09 19:23:54,074: topic[/joint_states] removing connection to http://ip-172-31-19-100:50362/
[rospy.internal][WARNING] 2017-06-09 19:23:54,078: Unknown error initiating TCP/IP socket to ip-172-31-19-100:46930 (http://ip-172-31-19-100:46302/): Traceback (most recent call last):
  File "/opt/ros/indigo/lib/python2.7/dist-packages/rospy/impl/tcpros_base.py", line 557, in connect
    self.read_header()
  File "/opt/ros/indigo/lib/python2.7/dist-packages/rospy/impl/tcpros_base.py", line 619, in read_header
    self._validate_header(read_ros_handshake_header(sock, self.read_buff, self.protocol.buff_size))
AttributeError: 'NoneType' object has no attribute 'buff_size'

[rospy.impl.masterslave][INFO] 2017-06-09 19:23:54,078: signal-2
[rospy.core][INFO] 2017-06-09 19:23:54,650: signal_shutdown [atexit]
