[rospy.client][INFO] 2017-06-10 16:40:16,338: init_node, name[/move_arm_13287_1497138016288], pid[13287]
[xmlrpc][INFO] 2017-06-10 16:40:16,339: XML-RPC server binding to 0.0.0.0:0
[xmlrpc][INFO] 2017-06-10 16:40:16,348: Started XML-RPC server [http://ip-172-31-19-100:38311/]
[rospy.init][INFO] 2017-06-10 16:40:16,349: ROS Slave URI: [http://ip-172-31-19-100:38311/]
[rospy.impl.masterslave][INFO] 2017-06-10 16:40:16,352: _ready: http://ip-172-31-19-100:38311/
[xmlrpc][INFO] 2017-06-10 16:40:16,361: xml rpc node: starting XML-RPC server
[rospy.registration][INFO] 2017-06-10 16:40:16,363: Registering with master node http://localhost:51274
[rospy.init][INFO] 2017-06-10 16:40:16,456: registered with master
[rospy.rosout][INFO] 2017-06-10 16:40:16,461: initializing /rosout core topic
[rospy.rosout][INFO] 2017-06-10 16:40:16,470: connected to core topic /rosout
[rospy.simtime][INFO] 2017-06-10 16:40:16,474: /use_sim_time is not set, will not subscribe to simulated time [/clock] topic
[rospy.internal][INFO] 2017-06-10 16:40:16,756: topic[/motion_planning_goal] adding connection to [http://ip-172-31-19-100:52749/], count 0
[rospy.internal][INFO] 2017-06-10 16:40:16,757: topic[/joint_states] adding connection to [http://ip-172-31-19-100:48979/], count 0
[rospy.internal][INFO] 2017-06-10 16:40:16,761: topic[/joint_trajectory] adding connection to [/marker_control_18543_1497137490921], count 0
[rospy.internal][INFO] 2017-06-10 16:40:17,646: topic[/rosout] adding connection to [/rosout], count 0
[rospy.internal][INFO] 2017-06-10 16:40:17,650: topic[/joint_trajectory] adding connection to [/robot_sim], count 1
[rospy.internal][INFO] 2017-06-10 16:40:17,716: topic[/attached_collision_object] adding connection to [/move_group], count 0
[rospy.internal][INFO] 2017-06-10 16:40:17,720: topic[/collision_object] adding connection to [/move_group], count 0
[rospy.core][INFO] 2017-06-10 16:40:57,421: signal_shutdown [signal-2]
[rospy.internal][INFO] 2017-06-10 16:40:57,478: topic[/collision_object] removing connection to /move_group
[rospy.internal][INFO] 2017-06-10 16:40:57,482: topic[/joint_trajectory] removing connection to /marker_control_18543_1497137490921
[rospy.internal][INFO] 2017-06-10 16:40:57,486: topic[/joint_trajectory] removing connection to /robot_sim
[rospy.internal][INFO] 2017-06-10 16:40:57,490: topic[/rosout] removing connection to /rosout
[rospy.internal][INFO] 2017-06-10 16:40:57,494: topic[/attached_collision_object] removing connection to /move_group
[rospy.internal][INFO] 2017-06-10 16:40:57,498: topic[/motion_planning_goal] removing connection to http://ip-172-31-19-100:52749/
[rospy.internal][WARNING] 2017-06-10 16:40:57,499: Unknown error initiating TCP/IP socket to ip-172-31-19-100:36870 (http://ip-172-31-19-100:52749/): Traceback (most recent call last):
  File "/opt/ros/indigo/lib/python2.7/dist-packages/rospy/impl/tcpros_base.py", line 558, in connect
    self.local_endpoint = self.socket.getsockname()
AttributeError: 'NoneType' object has no attribute 'getsockname'

[rospy.internal][INFO] 2017-06-10 16:40:57,502: topic[/joint_states] removing connection to http://ip-172-31-19-100:48979/
[rospy.impl.masterslave][INFO] 2017-06-10 16:40:57,510: signal-2
[rospy.core][INFO] 2017-06-10 16:40:58,049: signal_shutdown [signal-2]
[rospy.core][INFO] 2017-06-10 16:40:58,054: signal_shutdown [atexit]
