[rospy.client][INFO] 2017-06-09 18:26:05,425: init_node, name[/move_arm_10836_1497057965384], pid[10836]
[xmlrpc][INFO] 2017-06-09 18:26:05,425: XML-RPC server binding to 0.0.0.0:0
[xmlrpc][INFO] 2017-06-09 18:26:05,428: Started XML-RPC server [http://ip-172-31-19-100:49928/]
[rospy.init][INFO] 2017-06-09 18:26:05,429: ROS Slave URI: [http://ip-172-31-19-100:49928/]
[rospy.impl.masterslave][INFO] 2017-06-09 18:26:05,432: _ready: http://ip-172-31-19-100:49928/
[xmlrpc][INFO] 2017-06-09 18:26:05,441: xml rpc node: starting XML-RPC server
[rospy.registration][INFO] 2017-06-09 18:26:05,441: Registering with master node http://localhost:36288
[rospy.init][INFO] 2017-06-09 18:26:05,536: registered with master
[rospy.rosout][INFO] 2017-06-09 18:26:05,539: initializing /rosout core topic
[rospy.rosout][INFO] 2017-06-09 18:26:05,549: connected to core topic /rosout
[rospy.simtime][INFO] 2017-06-09 18:26:05,553: /use_sim_time is not set, will not subscribe to simulated time [/clock] topic
[rospy.internal][INFO] 2017-06-09 18:26:05,773: topic[/motion_planning_goal] adding connection to [http://ip-172-31-19-100:34694/], count 0
[rospy.internal][INFO] 2017-06-09 18:26:05,776: topic[/joint_states] adding connection to [http://ip-172-31-19-100:56137/], count 0
[rospy.internal][INFO] 2017-06-09 18:26:05,776: topic[/joint_trajectory] adding connection to [/marker_control_9781_1497057946246], count 0
[rospy.internal][INFO] 2017-06-09 18:26:06,762: topic[/rosout] adding connection to [/rosout], count 0
[rospy.internal][INFO] 2017-06-09 18:26:06,765: topic[/joint_trajectory] adding connection to [/robot_sim], count 1
[rospy.internal][INFO] 2017-06-09 18:26:06,797: topic[/collision_object] adding connection to [/move_group], count 0
[rospy.internal][INFO] 2017-06-09 18:26:06,801: topic[/attached_collision_object] adding connection to [/move_group], count 0
[rospy.core][INFO] 2017-06-09 18:29:19,043: signal_shutdown [signal-2]
[rospy.internal][INFO] 2017-06-09 18:29:19,082: topic[/collision_object] removing connection to /move_group
[rospy.internal][INFO] 2017-06-09 18:29:19,086: topic[/joint_trajectory] removing connection to /marker_control_9781_1497057946246
[rospy.internal][INFO] 2017-06-09 18:29:19,090: topic[/joint_trajectory] removing connection to /robot_sim
[rospy.internal][INFO] 2017-06-09 18:29:19,095: topic[/rosout] removing connection to /rosout
[rospy.internal][INFO] 2017-06-09 18:29:19,099: topic[/attached_collision_object] removing connection to /move_group
[rospy.internal][INFO] 2017-06-09 18:29:19,103: topic[/motion_planning_goal] removing connection to http://ip-172-31-19-100:34694/
[rospy.internal][INFO] 2017-06-09 18:29:19,108: topic[/joint_states] removing connection to http://ip-172-31-19-100:56137/
[rospy.impl.masterslave][INFO] 2017-06-09 18:29:19,113: signal-2
[rospy.topics][WARNING] 2017-06-09 18:29:19,123: during shutdown, bad callback: <bound method MoveArm.move_arm_cb of <__main__.MoveArm object at 0x7f4b74d1f410>>
Traceback (most recent call last):
  File "/opt/ros/indigo/lib/python2.7/dist-packages/rospy/topics.py", line 720, in _invoke_callback
    cb(msg)
  File "/home/ccc_v1_w_dd4cc_18220/asn13529_Project_5/asn13530_Project_4/work/catkin_ws/src/motion_planning/scripts/motion_planning.py", line 332, in move_arm_cb
    trajectory = self.project_plan(numpy.array(q_start), q_goal, self.q_min, self.q_max)
  File "/home/ccc_v1_w_dd4cc_18220/asn13529_Project_5/asn13530_Project_4/work/catkin_ws/src/motion_planning/scripts/motion_planning.py", line 317, in project_plan
    q_list = self.motion_plan(q_start, q_goal, q_min, q_max)
  File "/home/ccc_v1_w_dd4cc_18220/asn13529_Project_5/asn13530_Project_4/work/catkin_ws/src/motion_planning/scripts/motion_planning.py", line 274, in motion_plan
    if self.is_collision_free(new_node.value, point):
  File "/home/ccc_v1_w_dd4cc_18220/asn13529_Project_5/asn13530_Project_4/work/catkin_ws/src/motion_planning/scripts/motion_planning.py", line 248, in is_collision_free
    if not self.is_state_valid(check_point):
  File "/home/ccc_v1_w_dd4cc_18220/asn13529_Project_5/asn13530_Project_4/work/catkin_ws/src/motion_planning/scripts/motion_planning.py", line 203, in is_state_valid
    res = self.state_valid_service(req)
  File "/opt/ros/indigo/lib/python2.7/dist-packages/rospy/impl/tcpros_service.py", line 435, in __call__
    return self.call(*args, **kwds)
  File "/opt/ros/indigo/lib/python2.7/dist-packages/rospy/impl/tcpros_service.py", line 517, in call
    raise ServiceException("service [%s] returned no response"%self.resolved_name)
ServiceException: service [/check_state_validity] returned no response

[rospy.core][INFO] 2017-06-09 18:29:19,682: signal_shutdown [atexit]
