[rospy.client][INFO] 2017-06-10 01:41:42,184: init_node, name[/move_arm_15861_1497084102147], pid[15861]
[xmlrpc][INFO] 2017-06-10 01:41:42,185: XML-RPC server binding to 0.0.0.0:0
[xmlrpc][INFO] 2017-06-10 01:41:42,189: Started XML-RPC server [http://ip-172-31-19-100:46852/]
[rospy.init][INFO] 2017-06-10 01:41:42,189: ROS Slave URI: [http://ip-172-31-19-100:46852/]
[rospy.impl.masterslave][INFO] 2017-06-10 01:41:42,193: _ready: http://ip-172-31-19-100:46852/
[xmlrpc][INFO] 2017-06-10 01:41:42,201: xml rpc node: starting XML-RPC server
[rospy.registration][INFO] 2017-06-10 01:41:42,201: Registering with master node http://localhost:60818
[rospy.init][INFO] 2017-06-10 01:41:42,296: registered with master
[rospy.rosout][INFO] 2017-06-10 01:41:42,300: initializing /rosout core topic
[rospy.rosout][INFO] 2017-06-10 01:41:42,313: connected to core topic /rosout
[rospy.simtime][INFO] 2017-06-10 01:41:42,318: /use_sim_time is not set, will not subscribe to simulated time [/clock] topic
[rospy.internal][INFO] 2017-06-10 01:41:42,532: topic[/joint_states] adding connection to [http://ip-172-31-19-100:45110/], count 0
[rospy.internal][INFO] 2017-06-10 01:41:42,534: topic[/motion_planning_goal] adding connection to [http://ip-172-31-19-100:47078/], count 0
[rospy.internal][INFO] 2017-06-10 01:41:42,535: topic[/joint_trajectory] adding connection to [/marker_control_14440_1497084023024], count 0
[rospy.internal][INFO] 2017-06-10 01:41:43,404: topic[/rosout] adding connection to [/rosout], count 0
[rospy.internal][INFO] 2017-06-10 01:41:43,407: topic[/joint_trajectory] adding connection to [/robot_sim], count 1
[rospy.internal][INFO] 2017-06-10 01:41:43,499: topic[/attached_collision_object] adding connection to [/move_group], count 0
[rospy.internal][INFO] 2017-06-10 01:41:43,503: topic[/collision_object] adding connection to [/move_group], count 0
[rospy.core][INFO] 2017-06-10 01:42:21,575: signal_shutdown [signal-2]
[rospy.internal][INFO] 2017-06-10 01:42:21,607: topic[/collision_object] removing connection to /move_group
[rospy.internal][INFO] 2017-06-10 01:42:21,611: topic[/joint_trajectory] removing connection to /marker_control_14440_1497084023024
[rospy.internal][INFO] 2017-06-10 01:42:21,615: topic[/joint_trajectory] removing connection to /robot_sim
[rospy.internal][INFO] 2017-06-10 01:42:21,619: topic[/rosout] removing connection to /rosout
[rospy.internal][INFO] 2017-06-10 01:42:21,623: topic[/attached_collision_object] removing connection to /move_group
[rospy.internal][INFO] 2017-06-10 01:42:21,627: topic[/motion_planning_goal] removing connection to http://ip-172-31-19-100:47078/
[rospy.internal][INFO] 2017-06-10 01:42:21,632: topic[/joint_states] removing connection to http://ip-172-31-19-100:45110/
[rospy.impl.masterslave][INFO] 2017-06-10 01:42:21,635: signal-2
[rospy.topics][WARNING] 2017-06-10 01:42:21,638: during shutdown, bad callback: <bound method MoveArm.move_arm_cb of <__main__.MoveArm object at 0x7fd4d7b443d0>>
Traceback (most recent call last):
  File "/opt/ros/indigo/lib/python2.7/dist-packages/rospy/topics.py", line 720, in _invoke_callback
    cb(msg)
  File "/home/ccc_v1_w_dd4cc_18220/asn13529_Project_5/asn13530_Project_4/work/catkin_ws/src/motion_planning/scripts/motion_planning.py", line 389, in move_arm_cb
    trajectory = self.project_plan(numpy.array(q_start), q_goal, self.q_min, self.q_max)
  File "/home/ccc_v1_w_dd4cc_18220/asn13529_Project_5/asn13530_Project_4/work/catkin_ws/src/motion_planning/scripts/motion_planning.py", line 374, in project_plan
    q_list = self.motion_plan(q_start, q_goal, q_min, q_max)
  File "/home/ccc_v1_w_dd4cc_18220/asn13529_Project_5/asn13530_Project_4/work/catkin_ws/src/motion_planning/scripts/motion_planning.py", line 322, in motion_plan
    if self.is_collision_free(closest_node.value, point):
  File "/home/ccc_v1_w_dd4cc_18220/asn13529_Project_5/asn13530_Project_4/work/catkin_ws/src/motion_planning/scripts/motion_planning.py", line 286, in is_collision_free
    if not self.is_state_valid(check_point):
  File "/home/ccc_v1_w_dd4cc_18220/asn13529_Project_5/asn13530_Project_4/work/catkin_ws/src/motion_planning/scripts/motion_planning.py", line 203, in is_state_valid
    res = self.state_valid_service(req)
  File "/opt/ros/indigo/lib/python2.7/dist-packages/rospy/impl/tcpros_service.py", line 435, in __call__
    return self.call(*args, **kwds)
  File "/opt/ros/indigo/lib/python2.7/dist-packages/rospy/impl/tcpros_service.py", line 517, in call
    raise ServiceException("service [%s] returned no response"%self.resolved_name)
ServiceException: service [/check_state_validity] returned no response

[rospy.core][INFO] 2017-06-10 01:42:22,204: signal_shutdown [atexit]
