[rospy.client][INFO] 2017-06-10 16:16:43,432: init_node, name[/move_arm_380_1497136603381], pid[380]
[xmlrpc][INFO] 2017-06-10 16:16:43,432: XML-RPC server binding to 0.0.0.0:0
[xmlrpc][INFO] 2017-06-10 16:16:43,436: Started XML-RPC server [http://ip-172-31-19-100:58231/]
[rospy.impl.masterslave][INFO] 2017-06-10 16:16:43,440: _ready: http://ip-172-31-19-100:58231/
[rospy.init][INFO] 2017-06-10 16:16:43,436: ROS Slave URI: [http://ip-172-31-19-100:58231/]
[xmlrpc][INFO] 2017-06-10 16:16:43,446: xml rpc node: starting XML-RPC server
[rospy.registration][INFO] 2017-06-10 16:16:43,446: Registering with master node http://localhost:36505
[rospy.init][INFO] 2017-06-10 16:16:43,550: registered with master
[rospy.rosout][INFO] 2017-06-10 16:16:43,554: initializing /rosout core topic
[rospy.rosout][INFO] 2017-06-10 16:16:43,565: connected to core topic /rosout
[rospy.simtime][INFO] 2017-06-10 16:16:43,570: /use_sim_time is not set, will not subscribe to simulated time [/clock] topic
[rospy.internal][INFO] 2017-06-10 16:16:43,846: topic[/joint_states] adding connection to [http://ip-172-31-19-100:49985/], count 0
[rospy.internal][INFO] 2017-06-10 16:16:43,847: topic[/motion_planning_goal] adding connection to [http://ip-172-31-19-100:52813/], count 0
[rospy.internal][INFO] 2017-06-10 16:16:43,852: topic[/joint_trajectory] adding connection to [/marker_control_29845_1497135347175], count 0
[rospy.internal][INFO] 2017-06-10 16:16:44,833: topic[/rosout] adding connection to [/rosout], count 0
[rospy.internal][INFO] 2017-06-10 16:16:44,837: topic[/joint_trajectory] adding connection to [/robot_sim], count 1
[rospy.internal][INFO] 2017-06-10 16:16:44,841: topic[/collision_object] adding connection to [/move_group], count 0
[rospy.internal][INFO] 2017-06-10 16:16:44,865: topic[/attached_collision_object] adding connection to [/move_group], count 0
[rosout][ERROR] 2017-06-10 16:16:47,085: bad callback: <bound method MoveArm.move_arm_cb of <__main__.MoveArm object at 0x7fec00d65410>>
Traceback (most recent call last):
  File "/opt/ros/indigo/lib/python2.7/dist-packages/rospy/topics.py", line 720, in _invoke_callback
    cb(msg)
  File "/home/ccc_v1_w_dd4cc_18220/asn13529_Project_5/asn13530_Project_4/work/catkin_ws/src/motion_planning/scripts/motion_planning.py", line 402, in move_arm_cb
    trajectory = self.project_plan(numpy.array(q_start), q_goal, self.q_min, self.q_max)
  File "/home/ccc_v1_w_dd4cc_18220/asn13529_Project_5/asn13530_Project_4/work/catkin_ws/src/motion_planning/scripts/motion_planning.py", line 387, in project_plan
    q_list = self.motion_plan(q_start, q_goal, q_min, q_max)
  File "/home/ccc_v1_w_dd4cc_18220/asn13529_Project_5/asn13530_Project_4/work/catkin_ws/src/motion_planning/scripts/motion_planning.py", line 335, in motion_plan
    if self.is_collision_free(closest_node.value, point):
  File "/home/ccc_v1_w_dd4cc_18220/asn13529_Project_5/asn13530_Project_4/work/catkin_ws/src/motion_planning/scripts/motion_planning.py", line 292, in is_collision_free
    print('max_diff={}'.format(max_dff))
NameError: global name 'max_dff' is not defined

[rospy.core][INFO] 2017-06-10 16:17:06,108: signal_shutdown [signal-2]
[rospy.internal][INFO] 2017-06-10 16:17:06,147: topic[/collision_object] removing connection to /move_group
[rospy.internal][INFO] 2017-06-10 16:17:06,150: topic[/joint_trajectory] removing connection to /marker_control_29845_1497135347175
[rospy.internal][INFO] 2017-06-10 16:17:06,155: topic[/joint_trajectory] removing connection to /robot_sim
[rospy.internal][INFO] 2017-06-10 16:17:06,159: topic[/rosout] removing connection to /rosout
[rospy.internal][INFO] 2017-06-10 16:17:06,163: topic[/attached_collision_object] removing connection to /move_group
[rospy.internal][INFO] 2017-06-10 16:17:06,167: topic[/motion_planning_goal] removing connection to http://ip-172-31-19-100:52813/
[rospy.internal][WARNING] 2017-06-10 16:17:06,168: Unknown error initiating TCP/IP socket to ip-172-31-19-100:59694 (http://ip-172-31-19-100:52813/): Traceback (most recent call last):
  File "/opt/ros/indigo/lib/python2.7/dist-packages/rospy/impl/tcpros_base.py", line 557, in connect
    self.read_header()
  File "/opt/ros/indigo/lib/python2.7/dist-packages/rospy/impl/tcpros_base.py", line 619, in read_header
    self._validate_header(read_ros_handshake_header(sock, self.read_buff, self.protocol.buff_size))
AttributeError: 'NoneType' object has no attribute 'buff_size'

[rospy.topics][ERROR] 2017-06-10 16:17:06,181: Traceback (most recent call last):
  File "/opt/ros/indigo/lib/python2.7/dist-packages/rospy/topics.py", line 307, in close
    c.close()
  File "/opt/ros/indigo/lib/python2.7/dist-packages/rospy/impl/tcpros_base.py", line 807, in close
    self.socket.close()
AttributeError: 'NoneType' object has no attribute 'close'

[rospy.internal][INFO] 2017-06-10 16:17:06,191: topic[/joint_states] removing connection to http://ip-172-31-19-100:49985/
[rospy.impl.masterslave][INFO] 2017-06-10 16:17:06,195: signal-2
[rospy.core][INFO] 2017-06-10 16:17:06,765: signal_shutdown [atexit]
