[rospy.client][INFO] 2017-06-10 20:50:56,116: init_node, name[/move_arm_20437_1497153056077], pid[20437]
[xmlrpc][INFO] 2017-06-10 20:50:56,116: XML-RPC server binding to 0.0.0.0:0
[xmlrpc][INFO] 2017-06-10 20:50:56,120: Started XML-RPC server [http://ip-172-31-26-229:50241/]
[rospy.init][INFO] 2017-06-10 20:50:56,120: ROS Slave URI: [http://ip-172-31-26-229:50241/]
[rospy.impl.masterslave][INFO] 2017-06-10 20:50:56,123: _ready: http://ip-172-31-26-229:50241/
[xmlrpc][INFO] 2017-06-10 20:50:56,132: xml rpc node: starting XML-RPC server
[rospy.registration][INFO] 2017-06-10 20:50:56,132: Registering with master node http://localhost:41986
[rospy.init][INFO] 2017-06-10 20:50:56,227: registered with master
[rospy.rosout][INFO] 2017-06-10 20:50:56,231: initializing /rosout core topic
[rospy.rosout][INFO] 2017-06-10 20:50:56,239: connected to core topic /rosout
[rospy.simtime][INFO] 2017-06-10 20:50:56,244: /use_sim_time is not set, will not subscribe to simulated time [/clock] topic
[rospy.internal][INFO] 2017-06-10 20:50:56,439: topic[/motion_planning_goal] adding connection to [http://ip-172-31-26-229:49987/], count 0
[rospy.internal][INFO] 2017-06-10 20:50:56,440: topic[/joint_states] adding connection to [http://ip-172-31-26-229:38703/], count 0
[rospy.internal][INFO] 2017-06-10 20:50:56,444: topic[/joint_trajectory] adding connection to [/marker_control_18201_1497152797224], count 0
[rospy.internal][INFO] 2017-06-10 20:50:57,281: topic[/rosout] adding connection to [/rosout], count 0
[rospy.internal][INFO] 2017-06-10 20:50:57,285: topic[/joint_trajectory] adding connection to [/robot_sim], count 1
[rospy.internal][INFO] 2017-06-10 20:50:57,318: topic[/collision_object] adding connection to [/move_group], count 0
[rospy.internal][INFO] 2017-06-10 20:50:57,321: topic[/attached_collision_object] adding connection to [/move_group], count 0
[rosout][ERROR] 2017-06-10 20:51:09,351: bad callback: <bound method MoveArm.move_arm_cb of <__main__.MoveArm object at 0x7fec6cec0390>>
Traceback (most recent call last):
  File "/opt/ros/indigo/lib/python2.7/dist-packages/rospy/topics.py", line 720, in _invoke_callback
    cb(msg)
  File "/home/ccc_v1_w_dd4cc_18220/asn13529_Project_5/asn13530_Project_4/work/catkin_ws/src/motion_planning/scripts/motion_planning.py", line 372, in move_arm_cb
    trajectory = self.project_plan(numpy.array(q_start), q_goal, self.q_min, self.q_max)
  File "/home/ccc_v1_w_dd4cc_18220/asn13529_Project_5/asn13530_Project_4/work/catkin_ws/src/motion_planning/scripts/motion_planning.py", line 357, in project_plan
    q_list = self.motion_plan(q_start, q_goal, q_min, q_max)
  File "/home/ccc_v1_w_dd4cc_18220/asn13529_Project_5/asn13530_Project_4/work/catkin_ws/src/motion_planning/scripts/motion_planning.py", line 328, in motion_plan
    q_list.remove(q_list_copy[i])
ValueError: The truth value of an array with more than one element is ambiguous. Use a.any() or a.all()

[rospy.core][INFO] 2017-06-10 20:51:28,157: signal_shutdown [signal-2]
[rospy.internal][INFO] 2017-06-10 20:51:28,205: topic[/collision_object] removing connection to /move_group
[rospy.internal][INFO] 2017-06-10 20:51:28,208: topic[/joint_trajectory] removing connection to /marker_control_18201_1497152797224
[rospy.internal][INFO] 2017-06-10 20:51:28,212: topic[/joint_trajectory] removing connection to /robot_sim
[rospy.internal][INFO] 2017-06-10 20:51:28,216: topic[/rosout] removing connection to /rosout
[rospy.internal][INFO] 2017-06-10 20:51:28,219: topic[/attached_collision_object] removing connection to /move_group
[rospy.internal][INFO] 2017-06-10 20:51:28,223: topic[/motion_planning_goal] removing connection to http://ip-172-31-26-229:49987/
[rospy.internal][INFO] 2017-06-10 20:51:28,227: topic[/joint_states] removing connection to http://ip-172-31-26-229:38703/
[rospy.impl.masterslave][INFO] 2017-06-10 20:51:28,231: signal-2
[rospy.core][INFO] 2017-06-10 20:51:28,850: signal_shutdown [atexit]
