[rospy.client][INFO] 2017-06-10 01:54:59,521: init_node, name[/move_arm_11047_1497084899485], pid[11047]
[xmlrpc][INFO] 2017-06-10 01:54:59,522: XML-RPC server binding to 0.0.0.0:0
[xmlrpc][INFO] 2017-06-10 01:54:59,525: Started XML-RPC server [http://ip-172-31-19-100:40574/]
[rospy.init][INFO] 2017-06-10 01:54:59,526: ROS Slave URI: [http://ip-172-31-19-100:40574/]
[rospy.impl.masterslave][INFO] 2017-06-10 01:54:59,529: _ready: http://ip-172-31-19-100:40574/
[rospy.registration][INFO] 2017-06-10 01:54:59,537: Registering with master node http://localhost:42299
[xmlrpc][INFO] 2017-06-10 01:54:59,537: xml rpc node: starting XML-RPC server
[rospy.init][INFO] 2017-06-10 01:54:59,633: registered with master
[rospy.rosout][INFO] 2017-06-10 01:54:59,636: initializing /rosout core topic
[rospy.rosout][INFO] 2017-06-10 01:54:59,646: connected to core topic /rosout
[rospy.simtime][INFO] 2017-06-10 01:54:59,650: /use_sim_time is not set, will not subscribe to simulated time [/clock] topic
[rospy.internal][INFO] 2017-06-10 01:54:59,869: topic[/motion_planning_goal] adding connection to [http://ip-172-31-19-100:41827/], count 0
[rospy.internal][INFO] 2017-06-10 01:54:59,870: topic[/joint_states] adding connection to [http://ip-172-31-19-100:37525/], count 0
[rospy.internal][INFO] 2017-06-10 01:54:59,871: topic[/joint_trajectory] adding connection to [/marker_control_31589_1497084258390], count 0
[rospy.internal][INFO] 2017-06-10 01:55:00,798: topic[/rosout] adding connection to [/rosout], count 0
[rospy.internal][INFO] 2017-06-10 01:55:00,802: topic[/joint_trajectory] adding connection to [/robot_sim], count 1
[rospy.internal][INFO] 2017-06-10 01:55:00,839: topic[/collision_object] adding connection to [/move_group], count 0
[rospy.internal][INFO] 2017-06-10 01:55:00,844: topic[/attached_collision_object] adding connection to [/move_group], count 0
[rosout][ERROR] 2017-06-10 01:55:35,327: bad callback: <bound method MoveArm.move_arm_cb of <__main__.MoveArm object at 0x7f29e81883d0>>
Traceback (most recent call last):
  File "/opt/ros/indigo/lib/python2.7/dist-packages/rospy/topics.py", line 720, in _invoke_callback
    cb(msg)
  File "/home/ccc_v1_w_dd4cc_18220/asn13529_Project_5/asn13530_Project_4/work/catkin_ws/src/motion_planning/scripts/motion_planning.py", line 389, in move_arm_cb
    trajectory = self.project_plan(numpy.array(q_start), q_goal, self.q_min, self.q_max)
  File "/home/ccc_v1_w_dd4cc_18220/asn13529_Project_5/asn13530_Project_4/work/catkin_ws/src/motion_planning/scripts/motion_planning.py", line 374, in project_plan
    q_list = self.motion_plan(q_start, q_goal, q_min, q_max)
  File "/home/ccc_v1_w_dd4cc_18220/asn13529_Project_5/asn13530_Project_4/work/catkin_ws/src/motion_planning/scripts/motion_planning.py", line 319, in motion_plan
    closest_node = self.get_closest_node(node, point)
  File "/home/ccc_v1_w_dd4cc_18220/asn13529_Project_5/asn13530_Project_4/work/catkin_ws/src/motion_planning/scripts/motion_planning.py", line 237, in get_closest_node
    stack = [root]
NameError: global name 'root' is not defined

[rospy.core][INFO] 2017-06-10 01:56:15,404: signal_shutdown [signal-2]
[rospy.internal][INFO] 2017-06-10 01:56:15,438: topic[/collision_object] removing connection to /move_group
[rospy.internal][INFO] 2017-06-10 01:56:15,442: topic[/joint_trajectory] removing connection to /marker_control_31589_1497084258390
[rospy.internal][INFO] 2017-06-10 01:56:15,445: topic[/joint_trajectory] removing connection to /robot_sim
[rospy.internal][INFO] 2017-06-10 01:56:15,449: topic[/rosout] removing connection to /rosout
[rospy.internal][INFO] 2017-06-10 01:56:15,452: topic[/attached_collision_object] removing connection to /move_group
[rospy.internal][INFO] 2017-06-10 01:56:15,456: topic[/motion_planning_goal] removing connection to http://ip-172-31-19-100:41827/
[rospy.internal][INFO] 2017-06-10 01:56:15,460: topic[/joint_states] removing connection to http://ip-172-31-19-100:37525/
[rospy.impl.masterslave][INFO] 2017-06-10 01:56:15,463: signal-2
[rospy.core][INFO] 2017-06-10 01:56:16,082: signal_shutdown [atexit]
