[rospy.client][INFO] 2017-06-09 18:06:07,131: init_node, name[/move_arm_12774_1497056767085], pid[12774]
[xmlrpc][INFO] 2017-06-09 18:06:07,132: XML-RPC server binding to 0.0.0.0:0
[xmlrpc][INFO] 2017-06-09 18:06:07,136: Started XML-RPC server [http://ip-172-31-19-100:44163/]
[rospy.init][INFO] 2017-06-09 18:06:07,136: ROS Slave URI: [http://ip-172-31-19-100:44163/]
[rospy.impl.masterslave][INFO] 2017-06-09 18:06:07,139: _ready: http://ip-172-31-19-100:44163/
[xmlrpc][INFO] 2017-06-09 18:06:07,149: xml rpc node: starting XML-RPC server
[rospy.registration][INFO] 2017-06-09 18:06:07,149: Registering with master node http://localhost:52701
[rospy.init][INFO] 2017-06-09 18:06:07,243: registered with master
[rospy.rosout][INFO] 2017-06-09 18:06:07,247: initializing /rosout core topic
[rospy.rosout][INFO] 2017-06-09 18:06:07,256: connected to core topic /rosout
[rospy.simtime][INFO] 2017-06-09 18:06:07,261: /use_sim_time is not set, will not subscribe to simulated time [/clock] topic
[rospy.internal][INFO] 2017-06-09 18:06:07,481: topic[/joint_states] adding connection to [http://ip-172-31-19-100:38886/], count 0
[rospy.internal][INFO] 2017-06-09 18:06:07,481: topic[/motion_planning_goal] adding connection to [http://ip-172-31-19-100:37719/], count 0
[rospy.internal][INFO] 2017-06-09 18:06:07,488: topic[/joint_trajectory] adding connection to [/marker_control_9450_1497056458652], count 0
[rospy.internal][INFO] 2017-06-09 18:06:08,414: topic[/rosout] adding connection to [/rosout], count 0
[rospy.internal][INFO] 2017-06-09 18:06:08,418: topic[/joint_trajectory] adding connection to [/robot_sim], count 1
[rospy.internal][INFO] 2017-06-09 18:06:08,454: topic[/collision_object] adding connection to [/move_group], count 0
[rospy.internal][INFO] 2017-06-09 18:06:08,458: topic[/attached_collision_object] adding connection to [/move_group], count 0
[rosout][ERROR] 2017-06-09 18:06:14,669: bad callback: <bound method MoveArm.move_arm_cb of <__main__.MoveArm object at 0x7fd044f54390>>
Traceback (most recent call last):
  File "/opt/ros/indigo/lib/python2.7/dist-packages/rospy/topics.py", line 720, in _invoke_callback
    cb(msg)
  File "/home/ccc_v1_w_dd4cc_18220/asn13529_Project_5/asn13530_Project_4/work/catkin_ws/src/motion_planning/scripts/motion_planning.py", line 326, in move_arm_cb
    trajectory = self.project_plan(numpy.array(q_start), q_goal, self.q_min, self.q_max)
  File "/home/ccc_v1_w_dd4cc_18220/asn13529_Project_5/asn13530_Project_4/work/catkin_ws/src/motion_planning/scripts/motion_planning.py", line 311, in project_plan
    q_list = self.motion_plan(q_start, q_goal, q_min, q_max)
  File "/home/ccc_v1_w_dd4cc_18220/asn13529_Project_5/asn13530_Project_4/work/catkin_ws/src/motion_planning/scripts/motion_planning.py", line 269, in motion_plan
    if self.is_collision_free(new_node.value, point):
  File "/home/ccc_v1_w_dd4cc_18220/asn13529_Project_5/asn13530_Project_4/work/catkin_ws/src/motion_planning/scripts/motion_planning.py", line 234, in is_collision_free
    for i in range(len(point)):
NameError: global name 'point' is not defined

[rospy.core][INFO] 2017-06-09 18:06:57,398: signal_shutdown [signal-2]
[rospy.internal][INFO] 2017-06-09 18:06:57,427: topic[/collision_object] removing connection to /move_group
[rospy.internal][INFO] 2017-06-09 18:06:57,431: topic[/joint_trajectory] removing connection to /marker_control_9450_1497056458652
[rospy.internal][INFO] 2017-06-09 18:06:57,434: topic[/joint_trajectory] removing connection to /robot_sim
[rospy.internal][INFO] 2017-06-09 18:06:57,438: topic[/rosout] removing connection to /rosout
[rospy.internal][INFO] 2017-06-09 18:06:57,442: topic[/attached_collision_object] removing connection to /move_group
[rospy.internal][INFO] 2017-06-09 18:06:57,446: topic[/motion_planning_goal] removing connection to http://ip-172-31-19-100:37719/
[rospy.internal][INFO] 2017-06-09 18:06:57,451: topic[/joint_states] removing connection to http://ip-172-31-19-100:38886/
[rospy.impl.masterslave][INFO] 2017-06-09 18:06:57,455: signal-2
[rospy.core][INFO] 2017-06-09 18:06:58,075: signal_shutdown [atexit]
