[rospy.client][INFO] 2017-06-10 14:34:03,554: init_node, name[/move_arm_22907_1497130443510], pid[22907]
[xmlrpc][INFO] 2017-06-10 14:34:03,555: XML-RPC server binding to 0.0.0.0:0
[xmlrpc][INFO] 2017-06-10 14:34:03,559: Started XML-RPC server [http://ip-172-31-19-100:58390/]
[rospy.init][INFO] 2017-06-10 14:34:03,559: ROS Slave URI: [http://ip-172-31-19-100:58390/]
[rospy.impl.masterslave][INFO] 2017-06-10 14:34:03,562: _ready: http://ip-172-31-19-100:58390/
[rospy.registration][INFO] 2017-06-10 14:34:03,571: Registering with master node http://localhost:54190
[xmlrpc][INFO] 2017-06-10 14:34:03,571: xml rpc node: starting XML-RPC server
[rospy.init][INFO] 2017-06-10 14:34:03,666: registered with master
[rospy.rosout][INFO] 2017-06-10 14:34:03,670: initializing /rosout core topic
[rospy.rosout][INFO] 2017-06-10 14:34:03,679: connected to core topic /rosout
[rospy.simtime][INFO] 2017-06-10 14:34:03,684: /use_sim_time is not set, will not subscribe to simulated time [/clock] topic
[rospy.internal][INFO] 2017-06-10 14:34:03,905: topic[/joint_states] adding connection to [http://ip-172-31-19-100:45378/], count 0
[rospy.internal][INFO] 2017-06-10 14:34:03,906: topic[/motion_planning_goal] adding connection to [http://ip-172-31-19-100:54987/], count 0
[rospy.internal][INFO] 2017-06-10 14:34:03,910: topic[/joint_trajectory] adding connection to [/marker_control_21804_1497130421421], count 0
[rospy.internal][INFO] 2017-06-10 14:34:04,744: topic[/rosout] adding connection to [/rosout], count 0
[rospy.internal][INFO] 2017-06-10 14:34:04,748: topic[/joint_trajectory] adding connection to [/robot_sim], count 1
[rospy.internal][INFO] 2017-06-10 14:34:04,784: topic[/collision_object] adding connection to [/move_group], count 0
[rospy.internal][INFO] 2017-06-10 14:34:04,788: topic[/attached_collision_object] adding connection to [/move_group], count 0
[rospy.core][INFO] 2017-06-10 14:34:29,789: signal_shutdown [signal-2]
[rospy.internal][INFO] 2017-06-10 14:34:29,821: topic[/collision_object] removing connection to /move_group
[rospy.internal][INFO] 2017-06-10 14:34:29,825: topic[/joint_trajectory] removing connection to /marker_control_21804_1497130421421
[rospy.internal][INFO] 2017-06-10 14:34:29,828: topic[/joint_trajectory] removing connection to /robot_sim
[rospy.internal][INFO] 2017-06-10 14:34:29,832: topic[/rosout] removing connection to /rosout
[rospy.internal][INFO] 2017-06-10 14:34:29,836: topic[/attached_collision_object] removing connection to /move_group
[rospy.internal][INFO] 2017-06-10 14:34:29,841: topic[/motion_planning_goal] removing connection to http://ip-172-31-19-100:54987/
[rospy.internal][INFO] 2017-06-10 14:34:29,845: topic[/joint_states] removing connection to http://ip-172-31-19-100:45378/
[rospy.impl.masterslave][INFO] 2017-06-10 14:34:29,850: signal-2
[rospy.topics][WARNING] 2017-06-10 14:34:29,852: during shutdown, bad callback: <bound method MoveArm.move_arm_cb of <__main__.MoveArm object at 0x7fe1c55e63d0>>
Traceback (most recent call last):
  File "/opt/ros/indigo/lib/python2.7/dist-packages/rospy/topics.py", line 720, in _invoke_callback
    cb(msg)
  File "/home/ccc_v1_w_dd4cc_18220/asn13529_Project_5/asn13530_Project_4/work/catkin_ws/src/motion_planning/scripts/motion_planning.py", line 393, in move_arm_cb
    trajectory = self.project_plan(numpy.array(q_start), q_goal, self.q_min, self.q_max)
  File "/home/ccc_v1_w_dd4cc_18220/asn13529_Project_5/asn13530_Project_4/work/catkin_ws/src/motion_planning/scripts/motion_planning.py", line 378, in project_plan
    q_list = self.motion_plan(q_start, q_goal, q_min, q_max)
  File "/home/ccc_v1_w_dd4cc_18220/asn13529_Project_5/asn13530_Project_4/work/catkin_ws/src/motion_planning/scripts/motion_planning.py", line 326, in motion_plan
    if self.is_collision_free(closest_node.value, point):
  File "/home/ccc_v1_w_dd4cc_18220/asn13529_Project_5/asn13530_Project_4/work/catkin_ws/src/motion_planning/scripts/motion_planning.py", line 290, in is_collision_free
    if not self.is_state_valid(check_point):
  File "/home/ccc_v1_w_dd4cc_18220/asn13529_Project_5/asn13530_Project_4/work/catkin_ws/src/motion_planning/scripts/motion_planning.py", line 203, in is_state_valid
    res = self.state_valid_service(req)
  File "/opt/ros/indigo/lib/python2.7/dist-packages/rospy/impl/tcpros_service.py", line 435, in __call__
    return self.call(*args, **kwds)
  File "/opt/ros/indigo/lib/python2.7/dist-packages/rospy/impl/tcpros_service.py", line 517, in call
    raise ServiceException("service [%s] returned no response"%self.resolved_name)
ServiceException: service [/check_state_validity] returned no response

[rospy.core][INFO] 2017-06-10 14:34:30,419: signal_shutdown [atexit]
