[rospy.client][INFO] 2017-06-09 19:31:53,810: init_node, name[/move_arm_7201_1497061913768], pid[7201]
[xmlrpc][INFO] 2017-06-09 19:31:53,810: XML-RPC server binding to 0.0.0.0:0
[xmlrpc][INFO] 2017-06-09 19:31:53,818: Started XML-RPC server [http://ip-172-31-19-100:37255/]
[rospy.init][INFO] 2017-06-09 19:31:53,818: ROS Slave URI: [http://ip-172-31-19-100:37255/]
[rospy.impl.masterslave][INFO] 2017-06-09 19:31:53,821: _ready: http://ip-172-31-19-100:37255/
[xmlrpc][INFO] 2017-06-09 19:31:53,829: xml rpc node: starting XML-RPC server
[rospy.registration][INFO] 2017-06-09 19:31:53,830: Registering with master node http://localhost:44697
[rospy.init][INFO] 2017-06-09 19:31:53,925: registered with master
[rospy.rosout][INFO] 2017-06-09 19:31:53,928: initializing /rosout core topic
[rospy.rosout][INFO] 2017-06-09 19:31:53,937: connected to core topic /rosout
[rospy.simtime][INFO] 2017-06-09 19:31:53,941: /use_sim_time is not set, will not subscribe to simulated time [/clock] topic
[rospy.internal][INFO] 2017-06-09 19:31:54,162: topic[/joint_states] adding connection to [http://ip-172-31-19-100:58165/], count 0
[rospy.internal][INFO] 2017-06-09 19:31:54,163: topic[/motion_planning_goal] adding connection to [http://ip-172-31-19-100:59922/], count 0
[rospy.internal][INFO] 2017-06-09 19:31:54,167: topic[/joint_trajectory] adding connection to [/marker_control_5057_1497061745501], count 0
[rospy.internal][INFO] 2017-06-09 19:31:54,997: topic[/rosout] adding connection to [/rosout], count 0
[rospy.internal][INFO] 2017-06-09 19:31:55,001: topic[/joint_trajectory] adding connection to [/robot_sim], count 1
[rospy.internal][INFO] 2017-06-09 19:31:55,102: topic[/collision_object] adding connection to [/move_group], count 0
[rospy.internal][INFO] 2017-06-09 19:31:55,107: topic[/attached_collision_object] adding connection to [/move_group], count 0
[rospy.core][INFO] 2017-06-09 19:34:15,144: signal_shutdown [signal-2]
[rospy.internal][INFO] 2017-06-09 19:34:15,193: topic[/collision_object] removing connection to /move_group
[rospy.internal][INFO] 2017-06-09 19:34:15,197: topic[/joint_trajectory] removing connection to /marker_control_5057_1497061745501
[rospy.internal][INFO] 2017-06-09 19:34:15,205: topic[/joint_trajectory] removing connection to /robot_sim
[rospy.internal][INFO] 2017-06-09 19:34:15,208: topic[/rosout] removing connection to /rosout
[rospy.internal][INFO] 2017-06-09 19:34:15,212: topic[/attached_collision_object] removing connection to /move_group
[rospy.internal][INFO] 2017-06-09 19:34:15,216: topic[/motion_planning_goal] removing connection to http://ip-172-31-19-100:59922/
[rospy.internal][WARNING] 2017-06-09 19:34:15,217: Unknown error initiating TCP/IP socket to ip-172-31-19-100:39333 (http://ip-172-31-19-100:59922/): Traceback (most recent call last):
  File "/opt/ros/indigo/lib/python2.7/dist-packages/rospy/impl/tcpros_base.py", line 558, in connect
    self.local_endpoint = self.socket.getsockname()
AttributeError: 'NoneType' object has no attribute 'getsockname'

[rospy.internal][INFO] 2017-06-09 19:34:15,220: topic[/joint_states] removing connection to http://ip-172-31-19-100:58165/
[rospy.impl.masterslave][INFO] 2017-06-09 19:34:15,227: signal-2
[rospy.core][INFO] 2017-06-09 19:34:15,796: signal_shutdown [atexit]
