[rospy.client][INFO] 2017-06-10 01:22:51,584: init_node, name[/move_arm_11093_1497082971544], pid[11093]
[xmlrpc][INFO] 2017-06-10 01:22:51,585: XML-RPC server binding to 0.0.0.0:0
[xmlrpc][INFO] 2017-06-10 01:22:51,589: Started XML-RPC server [http://ip-172-31-26-229:57881/]
[rospy.init][INFO] 2017-06-10 01:22:51,589: ROS Slave URI: [http://ip-172-31-26-229:57881/]
[rospy.impl.masterslave][INFO] 2017-06-10 01:22:51,592: _ready: http://ip-172-31-26-229:57881/
[rospy.registration][INFO] 2017-06-10 01:22:51,601: Registering with master node http://localhost:55235
[xmlrpc][INFO] 2017-06-10 01:22:51,601: xml rpc node: starting XML-RPC server
[rospy.init][INFO] 2017-06-10 01:22:51,696: registered with master
[rospy.rosout][INFO] 2017-06-10 01:22:51,699: initializing /rosout core topic
[rospy.rosout][INFO] 2017-06-10 01:22:51,708: connected to core topic /rosout
[rospy.simtime][INFO] 2017-06-10 01:22:51,712: /use_sim_time is not set, will not subscribe to simulated time [/clock] topic
[rospy.internal][INFO] 2017-06-10 01:22:51,926: topic[/joint_states] adding connection to [http://ip-172-31-26-229:52201/], count 0
[rospy.internal][INFO] 2017-06-10 01:22:51,926: topic[/motion_planning_goal] adding connection to [http://ip-172-31-26-229:56260/], count 0
[rospy.internal][INFO] 2017-06-10 01:22:51,929: topic[/joint_trajectory] adding connection to [/marker_control_10054_1497082947983], count 0
[rospy.internal][INFO] 2017-06-10 01:22:52,916: topic[/rosout] adding connection to [/rosout], count 0
[rospy.internal][INFO] 2017-06-10 01:22:52,920: topic[/joint_trajectory] adding connection to [/robot_sim], count 1
[rospy.internal][INFO] 2017-06-10 01:22:52,949: topic[/collision_object] adding connection to [/move_group], count 0
[rospy.internal][INFO] 2017-06-10 01:22:52,954: topic[/attached_collision_object] adding connection to [/move_group], count 0
[rospy.core][INFO] 2017-06-10 01:23:04,627: signal_shutdown [signal-2]
[rospy.internal][INFO] 2017-06-10 01:23:04,657: topic[/collision_object] removing connection to /move_group
[rospy.internal][INFO] 2017-06-10 01:23:04,661: topic[/joint_trajectory] removing connection to /marker_control_10054_1497082947983
[rospy.internal][INFO] 2017-06-10 01:23:04,664: topic[/joint_trajectory] removing connection to /robot_sim
[rospy.internal][INFO] 2017-06-10 01:23:04,668: topic[/rosout] removing connection to /rosout
[rospy.internal][INFO] 2017-06-10 01:23:04,671: topic[/attached_collision_object] removing connection to /move_group
[rospy.internal][INFO] 2017-06-10 01:23:04,675: topic[/motion_planning_goal] removing connection to http://ip-172-31-26-229:56260/
[rospy.internal][INFO] 2017-06-10 01:23:04,678: topic[/joint_states] removing connection to http://ip-172-31-26-229:52201/
[rospy.impl.masterslave][INFO] 2017-06-10 01:23:04,682: signal-2
[rospy.core][INFO] 2017-06-10 01:23:05,251: signal_shutdown [atexit]
