[rospy.client][INFO] 2017-06-10 00:58:41,918: init_node, name[/move_arm_26093_1497081521875], pid[26093]
[xmlrpc][INFO] 2017-06-10 00:58:41,918: XML-RPC server binding to 0.0.0.0:0
[xmlrpc][INFO] 2017-06-10 00:58:41,922: Started XML-RPC server [http://ip-172-31-26-229:48271/]
[rospy.init][INFO] 2017-06-10 00:58:41,922: ROS Slave URI: [http://ip-172-31-26-229:48271/]
[rospy.impl.masterslave][INFO] 2017-06-10 00:58:41,925: _ready: http://ip-172-31-26-229:48271/
[xmlrpc][INFO] 2017-06-10 00:58:41,934: xml rpc node: starting XML-RPC server
[rospy.registration][INFO] 2017-06-10 00:58:41,934: Registering with master node http://localhost:50885
[rospy.init][INFO] 2017-06-10 00:58:42,029: registered with master
[rospy.rosout][INFO] 2017-06-10 00:58:42,033: initializing /rosout core topic
[rospy.rosout][INFO] 2017-06-10 00:58:42,042: connected to core topic /rosout
[rospy.simtime][INFO] 2017-06-10 00:58:42,049: /use_sim_time is not set, will not subscribe to simulated time [/clock] topic
[rospy.internal][INFO] 2017-06-10 00:58:42,273: topic[/joint_states] adding connection to [http://ip-172-31-26-229:45493/], count 0
[rospy.internal][INFO] 2017-06-10 00:58:42,276: topic[/motion_planning_goal] adding connection to [http://ip-172-31-26-229:43432/], count 0
[rospy.internal][INFO] 2017-06-10 00:58:42,278: topic[/joint_trajectory] adding connection to [/marker_control_21534_1497081282780], count 0
[rospy.internal][INFO] 2017-06-10 00:58:43,204: topic[/rosout] adding connection to [/rosout], count 0
[rospy.internal][INFO] 2017-06-10 00:58:43,209: topic[/joint_trajectory] adding connection to [/robot_sim], count 1
[rospy.internal][INFO] 2017-06-10 00:58:43,246: topic[/collision_object] adding connection to [/move_group], count 0
[rospy.internal][INFO] 2017-06-10 00:58:43,252: topic[/attached_collision_object] adding connection to [/move_group], count 0
[rospy.core][INFO] 2017-06-10 00:59:04,449: signal_shutdown [signal-2]
[rospy.internal][INFO] 2017-06-10 00:59:04,489: topic[/collision_object] removing connection to /move_group
[rospy.internal][INFO] 2017-06-10 00:59:04,495: topic[/joint_trajectory] removing connection to /marker_control_21534_1497081282780
[rospy.internal][INFO] 2017-06-10 00:59:04,499: topic[/joint_trajectory] removing connection to /robot_sim
[rospy.internal][INFO] 2017-06-10 00:59:04,502: topic[/rosout] removing connection to /rosout
[rospy.internal][INFO] 2017-06-10 00:59:04,506: topic[/attached_collision_object] removing connection to /move_group
[rospy.internal][INFO] 2017-06-10 00:59:04,509: topic[/motion_planning_goal] removing connection to http://ip-172-31-26-229:43432/
[rospy.internal][INFO] 2017-06-10 00:59:04,513: topic[/joint_states] removing connection to http://ip-172-31-26-229:45493/
[rospy.impl.masterslave][INFO] 2017-06-10 00:59:04,516: signal-2
[rospy.core][INFO] 2017-06-10 00:59:05,085: signal_shutdown [atexit]
