[rospy.client][INFO] 2017-06-10 00:14:05,768: init_node, name[/move_arm_29865_1497078845730], pid[29865]
[xmlrpc][INFO] 2017-06-10 00:14:05,769: XML-RPC server binding to 0.0.0.0:0
[xmlrpc][INFO] 2017-06-10 00:14:05,773: Started XML-RPC server [http://ip-172-31-19-100:55962/]
[rospy.init][INFO] 2017-06-10 00:14:05,773: ROS Slave URI: [http://ip-172-31-19-100:55962/]
[rospy.impl.masterslave][INFO] 2017-06-10 00:14:05,776: _ready: http://ip-172-31-19-100:55962/
[xmlrpc][INFO] 2017-06-10 00:14:05,784: xml rpc node: starting XML-RPC server
[rospy.registration][INFO] 2017-06-10 00:14:05,785: Registering with master node http://localhost:60180
[rospy.init][INFO] 2017-06-10 00:14:05,880: registered with master
[rospy.rosout][INFO] 2017-06-10 00:14:05,883: initializing /rosout core topic
[rospy.rosout][INFO] 2017-06-10 00:14:05,892: connected to core topic /rosout
[rospy.simtime][INFO] 2017-06-10 00:14:05,896: /use_sim_time is not set, will not subscribe to simulated time [/clock] topic
[rospy.internal][INFO] 2017-06-10 00:14:06,117: topic[/joint_states] adding connection to [http://ip-172-31-19-100:57153/], count 0
[rospy.internal][INFO] 2017-06-10 00:14:06,118: topic[/motion_planning_goal] adding connection to [http://ip-172-31-19-100:41828/], count 0
[rospy.internal][INFO] 2017-06-10 00:14:06,120: topic[/joint_trajectory] adding connection to [/marker_control_8946_1497076857451], count 0
[rospy.internal][INFO] 2017-06-10 00:14:06,972: topic[/rosout] adding connection to [/rosout], count 0
[rospy.internal][INFO] 2017-06-10 00:14:06,976: topic[/joint_trajectory] adding connection to [/robot_sim], count 1
[rospy.internal][INFO] 2017-06-10 00:14:07,076: topic[/collision_object] adding connection to [/move_group], count 0
[rospy.internal][INFO] 2017-06-10 00:14:07,080: topic[/attached_collision_object] adding connection to [/move_group], count 0
[rospy.core][INFO] 2017-06-10 00:14:16,388: signal_shutdown [signal-2]
[rospy.internal][INFO] 2017-06-10 00:14:16,441: topic[/collision_object] removing connection to /move_group
[rospy.internal][INFO] 2017-06-10 00:14:16,445: topic[/joint_trajectory] removing connection to /marker_control_8946_1497076857451
[rospy.internal][INFO] 2017-06-10 00:14:16,449: topic[/joint_trajectory] removing connection to /robot_sim
[rospy.internal][INFO] 2017-06-10 00:14:16,453: topic[/rosout] removing connection to /rosout
[rospy.internal][INFO] 2017-06-10 00:14:16,457: topic[/attached_collision_object] removing connection to /move_group
[rospy.internal][INFO] 2017-06-10 00:14:16,462: topic[/motion_planning_goal] removing connection to http://ip-172-31-19-100:41828/
[rospy.internal][INFO] 2017-06-10 00:14:16,472: topic[/joint_states] removing connection to http://ip-172-31-19-100:57153/
[rospy.impl.masterslave][INFO] 2017-06-10 00:14:16,476: signal-2
[rospy.topics][WARNING] 2017-06-10 00:14:16,477: during shutdown, bad callback: <bound method MoveArm.move_arm_cb of <__main__.MoveArm object at 0x7f0e6a5c35d0>>
Traceback (most recent call last):
  File "/opt/ros/indigo/lib/python2.7/dist-packages/rospy/topics.py", line 720, in _invoke_callback
    cb(msg)
  File "/home/ccc_v1_w_dd4cc_18220/asn13529_Project_5/asn13530_Project_4/work/catkin_ws/src/motion_planning/scripts/motion_planning.py", line 370, in move_arm_cb
    trajectory = self.project_plan(numpy.array(q_start), q_goal, self.q_min, self.q_max)
  File "/home/ccc_v1_w_dd4cc_18220/asn13529_Project_5/asn13530_Project_4/work/catkin_ws/src/motion_planning/scripts/motion_planning.py", line 355, in project_plan
    q_list = self.motion_plan(q_start, q_goal, q_min, q_max)
  File "/home/ccc_v1_w_dd4cc_18220/asn13529_Project_5/asn13530_Project_4/work/catkin_ws/src/motion_planning/scripts/motion_planning.py", line 302, in motion_plan
    if self.is_collision_free(closest_node.value, point):
  File "/home/ccc_v1_w_dd4cc_18220/asn13529_Project_5/asn13530_Project_4/work/catkin_ws/src/motion_planning/scripts/motion_planning.py", line 262, in is_collision_free
    if not self.is_state_valid(check_point):
  File "/home/ccc_v1_w_dd4cc_18220/asn13529_Project_5/asn13530_Project_4/work/catkin_ws/src/motion_planning/scripts/motion_planning.py", line 203, in is_state_valid
    res = self.state_valid_service(req)
  File "/opt/ros/indigo/lib/python2.7/dist-packages/rospy/impl/tcpros_service.py", line 435, in __call__
    return self.call(*args, **kwds)
  File "/opt/ros/indigo/lib/python2.7/dist-packages/rospy/impl/tcpros_service.py", line 517, in call
    raise ServiceException("service [%s] returned no response"%self.resolved_name)
ServiceException: service [/check_state_validity] returned no response

[rospy.core][INFO] 2017-06-10 00:14:16,994: signal_shutdown [atexit]
