[rospy.client][INFO] 2017-06-10 15:57:14,816: init_node, name[/move_arm_31578_1497135434768], pid[31578]
[xmlrpc][INFO] 2017-06-10 15:57:14,816: XML-RPC server binding to 0.0.0.0:0
[xmlrpc][INFO] 2017-06-10 15:57:14,820: Started XML-RPC server [http://ip-172-31-19-100:33651/]
[rospy.impl.masterslave][INFO] 2017-06-10 15:57:14,824: _ready: http://ip-172-31-19-100:33651/
[rospy.init][INFO] 2017-06-10 15:57:14,820: ROS Slave URI: [http://ip-172-31-19-100:33651/]
[rospy.registration][INFO] 2017-06-10 15:57:14,829: Registering with master node http://localhost:36505
[xmlrpc][INFO] 2017-06-10 15:57:14,830: xml rpc node: starting XML-RPC server
[rospy.init][INFO] 2017-06-10 15:57:14,932: registered with master
[rospy.rosout][INFO] 2017-06-10 15:57:14,936: initializing /rosout core topic
[rospy.rosout][INFO] 2017-06-10 15:57:14,946: connected to core topic /rosout
[rospy.simtime][INFO] 2017-06-10 15:57:14,951: /use_sim_time is not set, will not subscribe to simulated time [/clock] topic
[rospy.internal][INFO] 2017-06-10 15:57:15,224: topic[/motion_planning_goal] adding connection to [http://ip-172-31-19-100:52813/], count 0
[rospy.internal][INFO] 2017-06-10 15:57:15,226: topic[/joint_states] adding connection to [http://ip-172-31-19-100:49985/], count 0
[rospy.internal][INFO] 2017-06-10 15:57:15,229: topic[/joint_trajectory] adding connection to [/marker_control_29845_1497135347175], count 0
[rospy.internal][INFO] 2017-06-10 15:57:16,188: topic[/rosout] adding connection to [/rosout], count 0
[rospy.internal][INFO] 2017-06-10 15:57:16,195: topic[/joint_trajectory] adding connection to [/robot_sim], count 1
[rospy.internal][INFO] 2017-06-10 15:57:16,221: topic[/collision_object] adding connection to [/move_group], count 0
[rospy.internal][INFO] 2017-06-10 15:57:16,227: topic[/attached_collision_object] adding connection to [/move_group], count 0
[rospy.core][INFO] 2017-06-10 15:57:30,316: signal_shutdown [signal-2]
[rospy.internal][INFO] 2017-06-10 15:57:30,351: topic[/collision_object] removing connection to /move_group
[rospy.internal][INFO] 2017-06-10 15:57:30,355: topic[/joint_trajectory] removing connection to /marker_control_29845_1497135347175
[rospy.internal][INFO] 2017-06-10 15:57:30,359: topic[/joint_trajectory] removing connection to /robot_sim
[rospy.internal][INFO] 2017-06-10 15:57:30,365: topic[/rosout] removing connection to /rosout
[rospy.internal][INFO] 2017-06-10 15:57:30,369: topic[/attached_collision_object] removing connection to /move_group
[rospy.internal][INFO] 2017-06-10 15:57:30,374: topic[/motion_planning_goal] removing connection to http://ip-172-31-19-100:52813/
[rospy.internal][INFO] 2017-06-10 15:57:30,379: topic[/joint_states] removing connection to http://ip-172-31-19-100:49985/
[rospy.impl.masterslave][INFO] 2017-06-10 15:57:30,383: signal-2
[rospy.topics][WARNING] 2017-06-10 15:57:30,384: during shutdown, bad callback: <bound method MoveArm.move_arm_cb of <__main__.MoveArm object at 0x7f3319d4b410>>
Traceback (most recent call last):
  File "/opt/ros/indigo/lib/python2.7/dist-packages/rospy/topics.py", line 720, in _invoke_callback
    cb(msg)
  File "/home/ccc_v1_w_dd4cc_18220/asn13529_Project_5/asn13530_Project_4/work/catkin_ws/src/motion_planning/scripts/motion_planning.py", line 398, in move_arm_cb
    trajectory = self.project_plan(numpy.array(q_start), q_goal, self.q_min, self.q_max)
  File "/home/ccc_v1_w_dd4cc_18220/asn13529_Project_5/asn13530_Project_4/work/catkin_ws/src/motion_planning/scripts/motion_planning.py", line 383, in project_plan
    q_list = self.motion_plan(q_start, q_goal, q_min, q_max)
  File "/home/ccc_v1_w_dd4cc_18220/asn13529_Project_5/asn13530_Project_4/work/catkin_ws/src/motion_planning/scripts/motion_planning.py", line 331, in motion_plan
    if self.is_collision_free(closest_node.value, point):
  File "/home/ccc_v1_w_dd4cc_18220/asn13529_Project_5/asn13530_Project_4/work/catkin_ws/src/motion_planning/scripts/motion_planning.py", line 295, in is_collision_free
    if not self.is_state_valid(check_point):
  File "/home/ccc_v1_w_dd4cc_18220/asn13529_Project_5/asn13530_Project_4/work/catkin_ws/src/motion_planning/scripts/motion_planning.py", line 203, in is_state_valid
    res = self.state_valid_service(req)
  File "/opt/ros/indigo/lib/python2.7/dist-packages/rospy/impl/tcpros_service.py", line 435, in __call__
    return self.call(*args, **kwds)
  File "/opt/ros/indigo/lib/python2.7/dist-packages/rospy/impl/tcpros_service.py", line 517, in call
    raise ServiceException("service [%s] returned no response"%self.resolved_name)
ServiceException: service [/check_state_validity] returned no response

[rospy.core][INFO] 2017-06-10 15:57:30,952: signal_shutdown [atexit]
