[rospy.client][INFO] 2017-06-10 19:14:04,956: init_node, name[/move_arm_19886_1497147244900], pid[19886]
[xmlrpc][INFO] 2017-06-10 19:14:04,957: XML-RPC server binding to 0.0.0.0:0
[xmlrpc][INFO] 2017-06-10 19:14:04,961: Started XML-RPC server [http://ip-172-31-19-100:36307/]
[rospy.init][INFO] 2017-06-10 19:14:04,961: ROS Slave URI: [http://ip-172-31-19-100:36307/]
[rospy.impl.masterslave][INFO] 2017-06-10 19:14:04,965: _ready: http://ip-172-31-19-100:36307/
[xmlrpc][INFO] 2017-06-10 19:14:04,976: xml rpc node: starting XML-RPC server
[rospy.registration][INFO] 2017-06-10 19:14:04,976: Registering with master node http://localhost:54283
[rospy.init][INFO] 2017-06-10 19:14:05,072: registered with master
[rospy.rosout][INFO] 2017-06-10 19:14:05,076: initializing /rosout core topic
[rospy.rosout][INFO] 2017-06-10 19:14:05,086: connected to core topic /rosout
[rospy.simtime][INFO] 2017-06-10 19:14:05,092: /use_sim_time is not set, will not subscribe to simulated time [/clock] topic
[rospy.internal][INFO] 2017-06-10 19:14:05,385: topic[/joint_states] adding connection to [http://ip-172-31-19-100:57553/], count 0
[rospy.internal][INFO] 2017-06-10 19:14:05,385: topic[/motion_planning_goal] adding connection to [http://ip-172-31-19-100:47112/], count 0
[rospy.internal][INFO] 2017-06-10 19:14:05,387: topic[/joint_trajectory] adding connection to [/marker_control_4316_1497146650462], count 0
[rospy.internal][INFO] 2017-06-10 19:14:06,221: topic[/rosout] adding connection to [/rosout], count 0
[rospy.internal][INFO] 2017-06-10 19:14:06,225: topic[/joint_trajectory] adding connection to [/robot_sim], count 1
[rospy.internal][INFO] 2017-06-10 19:14:06,256: topic[/collision_object] adding connection to [/move_group], count 0
[rospy.internal][INFO] 2017-06-10 19:14:06,261: topic[/attached_collision_object] adding connection to [/move_group], count 0
[rospy.core][INFO] 2017-06-10 19:15:00,283: signal_shutdown [signal-2]
[rospy.internal][INFO] 2017-06-10 19:15:00,315: topic[/collision_object] removing connection to /move_group
[rospy.internal][INFO] 2017-06-10 19:15:00,319: topic[/joint_trajectory] removing connection to /marker_control_4316_1497146650462
[rospy.internal][INFO] 2017-06-10 19:15:00,323: topic[/joint_trajectory] removing connection to /robot_sim
[rospy.internal][INFO] 2017-06-10 19:15:00,326: topic[/rosout] removing connection to /rosout
[rospy.internal][INFO] 2017-06-10 19:15:00,332: topic[/attached_collision_object] removing connection to /move_group
[rospy.internal][INFO] 2017-06-10 19:15:00,338: topic[/motion_planning_goal] removing connection to http://ip-172-31-19-100:47112/
[rospy.internal][INFO] 2017-06-10 19:15:00,342: topic[/joint_states] removing connection to http://ip-172-31-19-100:57553/
[rospy.impl.masterslave][INFO] 2017-06-10 19:15:00,346: signal-2
[rospy.core][INFO] 2017-06-10 19:15:00,854: signal_shutdown [signal-2]
[rospy.core][INFO] 2017-06-10 19:15:00,858: signal_shutdown [atexit]
