[rospy.client][INFO] 2017-06-10 16:00:41,723: init_node, name[/move_arm_5366_1497135641675], pid[5366]
[xmlrpc][INFO] 2017-06-10 16:00:41,723: XML-RPC server binding to 0.0.0.0:0
[xmlrpc][INFO] 2017-06-10 16:00:41,727: Started XML-RPC server [http://ip-172-31-19-100:43694/]
[rospy.init][INFO] 2017-06-10 16:00:41,727: ROS Slave URI: [http://ip-172-31-19-100:43694/]
[rospy.impl.masterslave][INFO] 2017-06-10 16:00:41,731: _ready: http://ip-172-31-19-100:43694/
[rospy.registration][INFO] 2017-06-10 16:00:41,741: Registering with master node http://localhost:36505
[xmlrpc][INFO] 2017-06-10 16:00:41,742: xml rpc node: starting XML-RPC server
[rospy.init][INFO] 2017-06-10 16:00:41,835: registered with master
[rospy.rosout][INFO] 2017-06-10 16:00:41,840: initializing /rosout core topic
[rospy.rosout][INFO] 2017-06-10 16:00:41,849: connected to core topic /rosout
[rospy.simtime][INFO] 2017-06-10 16:00:41,854: /use_sim_time is not set, will not subscribe to simulated time [/clock] topic
[rospy.internal][INFO] 2017-06-10 16:00:42,113: topic[/motion_planning_goal] adding connection to [http://ip-172-31-19-100:52813/], count 0
[rospy.internal][INFO] 2017-06-10 16:00:42,117: topic[/joint_states] adding connection to [http://ip-172-31-19-100:49985/], count 0
[rospy.internal][INFO] 2017-06-10 16:00:42,119: topic[/joint_trajectory] adding connection to [/marker_control_29845_1497135347175], count 0
[rospy.internal][INFO] 2017-06-10 16:00:43,119: topic[/joint_trajectory] adding connection to [/robot_sim], count 1
[rospy.internal][INFO] 2017-06-10 16:00:43,122: topic[/rosout] adding connection to [/rosout], count 0
[rospy.internal][INFO] 2017-06-10 16:00:43,156: topic[/collision_object] adding connection to [/move_group], count 0
[rospy.internal][INFO] 2017-06-10 16:00:43,161: topic[/attached_collision_object] adding connection to [/move_group], count 0
[rospy.core][INFO] 2017-06-10 16:00:49,344: signal_shutdown [signal-2]
[rospy.internal][INFO] 2017-06-10 16:00:49,405: topic[/collision_object] removing connection to /move_group
[rospy.internal][INFO] 2017-06-10 16:00:49,411: topic[/joint_trajectory] removing connection to /marker_control_29845_1497135347175
[rospy.internal][INFO] 2017-06-10 16:00:49,415: topic[/joint_trajectory] removing connection to /robot_sim
[rospy.internal][INFO] 2017-06-10 16:00:49,420: topic[/rosout] removing connection to /rosout
[rospy.internal][INFO] 2017-06-10 16:00:49,428: topic[/attached_collision_object] removing connection to /move_group
[rospy.internal][INFO] 2017-06-10 16:00:49,433: topic[/motion_planning_goal] removing connection to http://ip-172-31-19-100:52813/
[rospy.internal][INFO] 2017-06-10 16:00:49,437: topic[/joint_states] removing connection to http://ip-172-31-19-100:49985/
[rospy.impl.masterslave][INFO] 2017-06-10 16:00:49,441: signal-2
[rospy.topics][WARNING] 2017-06-10 16:00:49,443: during shutdown, bad callback: <bound method MoveArm.move_arm_cb of <__main__.MoveArm object at 0x7f489b9a2410>>
Traceback (most recent call last):
  File "/opt/ros/indigo/lib/python2.7/dist-packages/rospy/topics.py", line 720, in _invoke_callback
    cb(msg)
  File "/home/ccc_v1_w_dd4cc_18220/asn13529_Project_5/asn13530_Project_4/work/catkin_ws/src/motion_planning/scripts/motion_planning.py", line 398, in move_arm_cb
    trajectory = self.project_plan(numpy.array(q_start), q_goal, self.q_min, self.q_max)
  File "/home/ccc_v1_w_dd4cc_18220/asn13529_Project_5/asn13530_Project_4/work/catkin_ws/src/motion_planning/scripts/motion_planning.py", line 383, in project_plan
    q_list = self.motion_plan(q_start, q_goal, q_min, q_max)
  File "/home/ccc_v1_w_dd4cc_18220/asn13529_Project_5/asn13530_Project_4/work/catkin_ws/src/motion_planning/scripts/motion_planning.py", line 331, in motion_plan
    if self.is_collision_free(closest_node.value, point):
  File "/home/ccc_v1_w_dd4cc_18220/asn13529_Project_5/asn13530_Project_4/work/catkin_ws/src/motion_planning/scripts/motion_planning.py", line 295, in is_collision_free
    if not self.is_state_valid(check_point):
  File "/home/ccc_v1_w_dd4cc_18220/asn13529_Project_5/asn13530_Project_4/work/catkin_ws/src/motion_planning/scripts/motion_planning.py", line 203, in is_state_valid
    res = self.state_valid_service(req)
  File "/opt/ros/indigo/lib/python2.7/dist-packages/rospy/impl/tcpros_service.py", line 435, in __call__
    return self.call(*args, **kwds)
  File "/opt/ros/indigo/lib/python2.7/dist-packages/rospy/impl/tcpros_service.py", line 517, in call
    raise ServiceException("service [%s] returned no response"%self.resolved_name)
ServiceException: service [/check_state_validity] returned no response

[rospy.core][INFO] 2017-06-10 16:00:50,022: signal_shutdown [signal-2]
[rospy.core][INFO] 2017-06-10 16:00:50,027: signal_shutdown [atexit]
