[rospy.client][INFO] 2017-06-10 16:26:12,858: init_node, name[/move_arm_13763_1497137172798], pid[13763]
[xmlrpc][INFO] 2017-06-10 16:26:12,858: XML-RPC server binding to 0.0.0.0:0
[xmlrpc][INFO] 2017-06-10 16:26:12,862: Started XML-RPC server [http://ip-172-31-19-100:36476/]
[rospy.init][INFO] 2017-06-10 16:26:12,862: ROS Slave URI: [http://ip-172-31-19-100:36476/]
[rospy.impl.masterslave][INFO] 2017-06-10 16:26:12,866: _ready: http://ip-172-31-19-100:36476/
[xmlrpc][INFO] 2017-06-10 16:26:12,877: xml rpc node: starting XML-RPC server
[rospy.registration][INFO] 2017-06-10 16:26:12,877: Registering with master node http://localhost:36505
[rospy.init][INFO] 2017-06-10 16:26:12,971: registered with master
[rospy.rosout][INFO] 2017-06-10 16:26:12,974: initializing /rosout core topic
[rospy.rosout][INFO] 2017-06-10 16:26:12,984: connected to core topic /rosout
[rospy.simtime][INFO] 2017-06-10 16:26:12,989: /use_sim_time is not set, will not subscribe to simulated time [/clock] topic
[rospy.internal][INFO] 2017-06-10 16:26:13,268: topic[/motion_planning_goal] adding connection to [http://ip-172-31-19-100:52813/], count 0
[rospy.internal][INFO] 2017-06-10 16:26:13,268: topic[/joint_states] adding connection to [http://ip-172-31-19-100:49985/], count 0
[rospy.internal][INFO] 2017-06-10 16:26:13,274: topic[/joint_trajectory] adding connection to [/marker_control_29845_1497135347175], count 0
[rospy.internal][INFO] 2017-06-10 16:26:14,131: topic[/rosout] adding connection to [/rosout], count 0
[rospy.internal][INFO] 2017-06-10 16:26:14,134: topic[/joint_trajectory] adding connection to [/robot_sim], count 1
[rospy.internal][INFO] 2017-06-10 16:26:14,162: topic[/collision_object] adding connection to [/move_group], count 0
[rospy.internal][INFO] 2017-06-10 16:26:14,167: topic[/attached_collision_object] adding connection to [/move_group], count 0
[rospy.core][INFO] 2017-06-10 16:27:45,032: signal_shutdown [signal-2]
[rospy.internal][INFO] 2017-06-10 16:27:45,086: topic[/collision_object] removing connection to /move_group
[rospy.internal][INFO] 2017-06-10 16:27:45,090: topic[/joint_trajectory] removing connection to /marker_control_29845_1497135347175
[rospy.internal][INFO] 2017-06-10 16:27:45,094: topic[/joint_trajectory] removing connection to /robot_sim
[rospy.internal][INFO] 2017-06-10 16:27:45,098: topic[/rosout] removing connection to /rosout
[rospy.internal][INFO] 2017-06-10 16:27:45,101: topic[/attached_collision_object] removing connection to /move_group
[rospy.internal][INFO] 2017-06-10 16:27:45,107: topic[/motion_planning_goal] removing connection to http://ip-172-31-19-100:52813/
[rospy.internal][WARNING] 2017-06-10 16:27:45,108: Unknown error initiating TCP/IP socket to ip-172-31-19-100:59694 (http://ip-172-31-19-100:52813/): Traceback (most recent call last):
  File "/opt/ros/indigo/lib/python2.7/dist-packages/rospy/impl/tcpros_base.py", line 558, in connect
    self.local_endpoint = self.socket.getsockname()
AttributeError: 'NoneType' object has no attribute 'getsockname'

[rospy.internal][INFO] 2017-06-10 16:27:45,111: topic[/joint_states] removing connection to http://ip-172-31-19-100:49985/
[rospy.impl.masterslave][INFO] 2017-06-10 16:27:45,120: signal-2
[rospy.core][INFO] 2017-06-10 16:27:45,691: signal_shutdown [atexit]
