[rospy.client][INFO] 2017-06-10 16:51:13,666: init_node, name[/move_arm_24519_1497138673613], pid[24519]
[xmlrpc][INFO] 2017-06-10 16:51:13,666: XML-RPC server binding to 0.0.0.0:0
[xmlrpc][INFO] 2017-06-10 16:51:13,671: Started XML-RPC server [http://ip-172-31-19-100:33315/]
[rospy.init][INFO] 2017-06-10 16:51:13,671: ROS Slave URI: [http://ip-172-31-19-100:33315/]
[rospy.impl.masterslave][INFO] 2017-06-10 16:51:13,674: _ready: http://ip-172-31-19-100:33315/
[xmlrpc][INFO] 2017-06-10 16:51:13,689: xml rpc node: starting XML-RPC server
[rospy.registration][INFO] 2017-06-10 16:51:13,690: Registering with master node http://localhost:51274
[rospy.init][INFO] 2017-06-10 16:51:13,779: registered with master
[rospy.rosout][INFO] 2017-06-10 16:51:13,783: initializing /rosout core topic
[rospy.rosout][INFO] 2017-06-10 16:51:13,796: connected to core topic /rosout
[rospy.simtime][INFO] 2017-06-10 16:51:13,801: /use_sim_time is not set, will not subscribe to simulated time [/clock] topic
[rospy.internal][INFO] 2017-06-10 16:51:14,069: topic[/joint_states] adding connection to [http://ip-172-31-19-100:48979/], count 0
[rospy.internal][INFO] 2017-06-10 16:51:14,073: topic[/motion_planning_goal] adding connection to [http://ip-172-31-19-100:52749/], count 0
[rospy.internal][INFO] 2017-06-10 16:51:14,078: topic[/joint_trajectory] adding connection to [/marker_control_18543_1497137490921], count 0
[rospy.internal][INFO] 2017-06-10 16:51:15,048: topic[/rosout] adding connection to [/rosout], count 0
[rospy.internal][INFO] 2017-06-10 16:51:15,053: topic[/joint_trajectory] adding connection to [/robot_sim], count 1
[rospy.internal][INFO] 2017-06-10 16:51:15,084: topic[/collision_object] adding connection to [/move_group], count 0
[rospy.internal][INFO] 2017-06-10 16:51:15,089: topic[/attached_collision_object] adding connection to [/move_group], count 0
[rospy.core][INFO] 2017-06-10 16:53:45,500: signal_shutdown [signal-2]
[rospy.internal][INFO] 2017-06-10 16:53:45,530: topic[/collision_object] removing connection to /move_group
[rospy.internal][INFO] 2017-06-10 16:53:45,535: topic[/joint_trajectory] removing connection to /marker_control_18543_1497137490921
[rospy.internal][INFO] 2017-06-10 16:53:45,538: topic[/joint_trajectory] removing connection to /robot_sim
[rospy.internal][INFO] 2017-06-10 16:53:45,542: topic[/rosout] removing connection to /rosout
[rospy.internal][INFO] 2017-06-10 16:53:45,546: topic[/attached_collision_object] removing connection to /move_group
[rospy.internal][INFO] 2017-06-10 16:53:45,550: topic[/motion_planning_goal] removing connection to http://ip-172-31-19-100:52749/
[rospy.internal][WARNING] 2017-06-10 16:53:45,551: Unknown error initiating TCP/IP socket to ip-172-31-19-100:36870 (http://ip-172-31-19-100:52749/): Traceback (most recent call last):
  File "/opt/ros/indigo/lib/python2.7/dist-packages/rospy/impl/tcpros_base.py", line 558, in connect
    self.local_endpoint = self.socket.getsockname()
AttributeError: 'NoneType' object has no attribute 'getsockname'

[rospy.internal][INFO] 2017-06-10 16:53:45,554: topic[/joint_states] removing connection to http://ip-172-31-19-100:48979/
[rospy.impl.masterslave][INFO] 2017-06-10 16:53:45,560: signal-2
[rospy.core][INFO] 2017-06-10 16:53:46,130: signal_shutdown [atexit]
