[rospy.client][INFO] 2017-06-10 16:31:56,140: init_node, name[/move_arm_19690_1497137516085], pid[19690]
[xmlrpc][INFO] 2017-06-10 16:31:56,140: XML-RPC server binding to 0.0.0.0:0
[xmlrpc][INFO] 2017-06-10 16:31:56,145: Started XML-RPC server [http://ip-172-31-19-100:41655/]
[rospy.init][INFO] 2017-06-10 16:31:56,145: ROS Slave URI: [http://ip-172-31-19-100:41655/]
[rospy.impl.masterslave][INFO] 2017-06-10 16:31:56,148: _ready: http://ip-172-31-19-100:41655/
[xmlrpc][INFO] 2017-06-10 16:31:56,157: xml rpc node: starting XML-RPC server
[rospy.registration][INFO] 2017-06-10 16:31:56,157: Registering with master node http://localhost:51274
[rospy.init][INFO] 2017-06-10 16:31:56,252: registered with master
[rospy.rosout][INFO] 2017-06-10 16:31:56,255: initializing /rosout core topic
[rospy.rosout][INFO] 2017-06-10 16:31:56,266: connected to core topic /rosout
[rospy.simtime][INFO] 2017-06-10 16:31:56,272: /use_sim_time is not set, will not subscribe to simulated time [/clock] topic
[rospy.internal][INFO] 2017-06-10 16:31:56,540: topic[/motion_planning_goal] adding connection to [http://ip-172-31-19-100:52749/], count 0
[rospy.internal][INFO] 2017-06-10 16:31:56,540: topic[/joint_trajectory] adding connection to [/marker_control_18543_1497137490921], count 0
[rospy.internal][INFO] 2017-06-10 16:31:56,541: topic[/joint_states] adding connection to [http://ip-172-31-19-100:48979/], count 0
[rospy.internal][INFO] 2017-06-10 16:31:57,397: topic[/rosout] adding connection to [/rosout], count 0
[rospy.internal][INFO] 2017-06-10 16:31:57,414: topic[/joint_trajectory] adding connection to [/robot_sim], count 1
[rospy.internal][INFO] 2017-06-10 16:31:57,437: topic[/collision_object] adding connection to [/move_group], count 0
[rospy.internal][INFO] 2017-06-10 16:31:57,440: topic[/attached_collision_object] adding connection to [/move_group], count 0
[rospy.core][INFO] 2017-06-10 16:33:05,766: signal_shutdown [signal-2]
[rospy.internal][INFO] 2017-06-10 16:33:05,797: topic[/collision_object] removing connection to /move_group
[rospy.internal][INFO] 2017-06-10 16:33:05,801: topic[/joint_trajectory] removing connection to /marker_control_18543_1497137490921
[rospy.internal][INFO] 2017-06-10 16:33:05,807: topic[/joint_trajectory] removing connection to /robot_sim
[rospy.internal][INFO] 2017-06-10 16:33:05,811: topic[/rosout] removing connection to /rosout
[rospy.internal][INFO] 2017-06-10 16:33:05,815: topic[/attached_collision_object] removing connection to /move_group
[rospy.internal][INFO] 2017-06-10 16:33:05,820: topic[/motion_planning_goal] removing connection to http://ip-172-31-19-100:52749/
[rospy.internal][INFO] 2017-06-10 16:33:05,824: topic[/joint_states] removing connection to http://ip-172-31-19-100:48979/
[rospy.impl.masterslave][INFO] 2017-06-10 16:33:05,828: signal-2
[rospy.core][INFO] 2017-06-10 16:33:06,397: signal_shutdown [atexit]
