[rospy.client][INFO] 2017-06-09 15:53:29,523: init_node, name[/move_arm_4623_1497048809421], pid[4623]
[xmlrpc][INFO] 2017-06-09 15:53:29,523: XML-RPC server binding to 0.0.0.0:0
[xmlrpc][INFO] 2017-06-09 15:53:29,528: Started XML-RPC server [http://ip-172-31-26-229:60007/]
[rospy.init][INFO] 2017-06-09 15:53:29,528: ROS Slave URI: [http://ip-172-31-26-229:60007/]
[rospy.impl.masterslave][INFO] 2017-06-09 15:53:29,531: _ready: http://ip-172-31-26-229:60007/
[xmlrpc][INFO] 2017-06-09 15:53:29,540: xml rpc node: starting XML-RPC server
[rospy.registration][INFO] 2017-06-09 15:53:29,540: Registering with master node http://localhost:41193
[rospy.init][INFO] 2017-06-09 15:53:29,635: registered with master
[rospy.rosout][INFO] 2017-06-09 15:53:29,639: initializing /rosout core topic
[rospy.rosout][INFO] 2017-06-09 15:53:29,647: connected to core topic /rosout
[rospy.simtime][INFO] 2017-06-09 15:53:29,652: /use_sim_time is not set, will not subscribe to simulated time [/clock] topic
[rospy.internal][INFO] 2017-06-09 15:53:29,865: topic[/rosout] adding connection to [/rosout], count 0
[rospy.internal][INFO] 2017-06-09 15:53:29,867: topic[/joint_states] adding connection to [http://ip-172-31-26-229:43268/], count 0
[rospy.internal][INFO] 2017-06-09 15:53:29,869: topic[/motion_planning_goal] adding connection to [http://ip-172-31-26-229:41481/], count 0
[rospy.internal][INFO] 2017-06-09 15:53:29,870: topic[/joint_trajectory] adding connection to [/marker_control_3042_1497048748704], count 0
[rospy.internal][INFO] 2017-06-09 15:53:30,754: topic[/joint_trajectory] adding connection to [/robot_sim], count 1
[rospy.internal][INFO] 2017-06-09 15:53:30,835: topic[/attached_collision_object] adding connection to [/move_group], count 0
[rospy.internal][INFO] 2017-06-09 15:53:30,839: topic[/collision_object] adding connection to [/move_group], count 0
[rospy.core][INFO] 2017-06-09 15:54:41,078: signal_shutdown [signal-2]
[rospy.internal][INFO] 2017-06-09 15:54:41,128: topic[/collision_object] removing connection to /move_group
[rospy.internal][INFO] 2017-06-09 15:54:41,132: topic[/joint_trajectory] removing connection to /marker_control_3042_1497048748704
[rospy.internal][INFO] 2017-06-09 15:54:41,136: topic[/joint_trajectory] removing connection to /robot_sim
[rospy.internal][INFO] 2017-06-09 15:54:41,139: topic[/rosout] removing connection to /rosout
[rospy.internal][INFO] 2017-06-09 15:54:41,143: topic[/attached_collision_object] removing connection to /move_group
[rospy.internal][INFO] 2017-06-09 15:54:41,146: topic[/motion_planning_goal] removing connection to http://ip-172-31-26-229:41481/
[rospy.internal][INFO] 2017-06-09 15:54:41,150: topic[/joint_states] removing connection to http://ip-172-31-26-229:43268/
[rospy.impl.masterslave][INFO] 2017-06-09 15:54:41,153: signal-2
[rospy.core][INFO] 2017-06-09 15:54:41,722: signal_shutdown [atexit]
