[rosmaster.main][INFO] 2017-06-10 00:35:11,073: initialization complete, waiting for shutdown
[rosmaster.main][INFO] 2017-06-10 00:35:11,073: Starting ROS Master Node
[xmlrpc][INFO] 2017-06-10 00:35:11,077: XML-RPC server binding to 0.0.0.0:33315
[xmlrpc][INFO] 2017-06-10 00:35:11,081: Started XML-RPC server [http://ip-172-31-19-100:33315/]
[rosmaster.master][INFO] 2017-06-10 00:35:11,081: Master initialized: port[33315], uri[http://ip-172-31-19-100:33315/]
[xmlrpc][INFO] 2017-06-10 00:35:11,084: xml rpc node: starting XML-RPC server
[rosmaster.master][INFO] 2017-06-10 00:35:11,175: +PARAM [/run_id] by /roslaunch
[rosmaster.master][INFO] 2017-06-10 00:35:11,183: +PARAM [/roslaunch/uris/host_ip_172_31_19_100__55771] by /roslaunch
[rosmaster.master][INFO] 2017-06-10 00:35:11,265: +PARAM [/rosversion] by /roslaunch
[rosmaster.master][INFO] 2017-06-10 00:35:11,268: +PARAM [/rosdistro] by /roslaunch
[rosmaster.master][INFO] 2017-06-10 00:35:11,296: +SERVICE [/rosout/get_loggers] /rosout http://ip-172-31-19-100:58357/
[rosmaster.master][INFO] 2017-06-10 00:35:11,300: +SERVICE [/rosout/set_logger_level] /rosout http://ip-172-31-19-100:58357/
[rosmaster.master][INFO] 2017-06-10 00:35:11,306: +PUB [/rosout_agg] /rosout http://ip-172-31-19-100:58357/
[rosmaster.master][INFO] 2017-06-10 00:35:11,315: +SUB [/rosout] /rosout http://ip-172-31-19-100:58357/
[rosmaster.master][INFO] 2017-06-10 00:35:11,681: +PUB [/rosout] /tf2_web_republisher http://ip-172-31-19-100:57033/
[rosmaster.master][INFO] 2017-06-10 00:35:11,686: +SERVICE [/tf2_web_republisher/get_loggers] /tf2_web_republisher http://ip-172-31-19-100:57033/
[rosmaster.master][INFO] 2017-06-10 00:35:11,690: +SERVICE [/tf2_web_republisher/set_logger_level] /tf2_web_republisher http://ip-172-31-19-100:57033/
[rosmaster.master][INFO] 2017-06-10 00:35:11,699: +SUB [/tf] /tf2_web_republisher http://ip-172-31-19-100:57033/
[rosmaster.master][INFO] 2017-06-10 00:35:11,705: +SUB [/tf_static] /tf2_web_republisher http://ip-172-31-19-100:57033/
[rosmaster.master][INFO] 2017-06-10 00:35:11,709: +SERVICE [/republish_tfs] /tf2_web_republisher http://ip-172-31-19-100:57033/
[rosmaster.master][INFO] 2017-06-10 00:35:11,713: +PUB [/tf2_web_republisher/result] /tf2_web_republisher http://ip-172-31-19-100:57033/
[rosmaster.master][INFO] 2017-06-10 00:35:11,717: +PUB [/tf2_web_republisher/feedback] /tf2_web_republisher http://ip-172-31-19-100:57033/
[rosmaster.master][INFO] 2017-06-10 00:35:11,721: +PUB [/tf2_web_republisher/status] /tf2_web_republisher http://ip-172-31-19-100:57033/
[rosmaster.master][INFO] 2017-06-10 00:35:11,730: +SUB [/tf2_web_republisher/goal] /tf2_web_republisher http://ip-172-31-19-100:57033/
[rosmaster.master][INFO] 2017-06-10 00:35:11,737: +SUB [/tf2_web_republisher/cancel] /tf2_web_republisher http://ip-172-31-19-100:57033/
[rosmaster.master][INFO] 2017-06-10 00:35:11,778: publisherUpdate[/rosout] -> http://ip-172-31-19-100:58357/
[rosmaster.master][INFO] 2017-06-10 00:35:13,115: +PARAM [/roslaunch/uris/host_ip_172_31_19_100__42762] by /roslaunch
[rosmaster.master][INFO] 2017-06-10 00:35:13,121: +PARAM [/rosbridge_websocket/port] by /roslaunch
[rosmaster.master][INFO] 2017-06-10 00:35:13,125: +PARAM [/rosdistro] by /roslaunch
[rosmaster.master][INFO] 2017-06-10 00:35:13,128: +PARAM [/rosbridge_websocket/fragment_timeout] by /roslaunch
[rosmaster.master][INFO] 2017-06-10 00:35:13,132: +PARAM [/rosbridge_websocket/delay_between_messages] by /roslaunch
[rosmaster.master][INFO] 2017-06-10 00:35:13,135: +PARAM [/rosversion] by /roslaunch
[rosmaster.master][INFO] 2017-06-10 00:35:13,138: +PARAM [/rosbridge_websocket/authenticate] by /roslaunch
[rosmaster.master][INFO] 2017-06-10 00:35:13,142: +PARAM [/rosbridge_websocket/retry_startup_delay] by /roslaunch
[rosmaster.master][INFO] 2017-06-10 00:35:13,145: +PARAM [/rosbridge_websocket/address] by /roslaunch
[rosmaster.master][INFO] 2017-06-10 00:35:13,148: +PARAM [/rosbridge_websocket/max_message_size] by /roslaunch
[rosmaster.master][INFO] 2017-06-10 00:35:13,628: +PUB [/rosout] /rosapi http://ip-172-31-19-100:57818/
[rosmaster.master][INFO] 2017-06-10 00:35:13,642: +SERVICE [/rosapi/get_loggers] /rosapi http://ip-172-31-19-100:57818/
[rosmaster.master][INFO] 2017-06-10 00:35:13,646: +SERVICE [/rosapi/set_logger_level] /rosapi http://ip-172-31-19-100:57818/
[rosmaster.master][INFO] 2017-06-10 00:35:13,651: +SERVICE [/rosapi/topics] /rosapi http://ip-172-31-19-100:57818/
[rosmaster.master][INFO] 2017-06-10 00:35:13,656: +SERVICE [/rosapi/topics_for_type] /rosapi http://ip-172-31-19-100:57818/
[rosmaster.master][INFO] 2017-06-10 00:35:13,661: +SERVICE [/rosapi/services] /rosapi http://ip-172-31-19-100:57818/
[rosmaster.master][INFO] 2017-06-10 00:35:13,665: +SERVICE [/rosapi/services_for_type] /rosapi http://ip-172-31-19-100:57818/
[rosmaster.master][INFO] 2017-06-10 00:35:13,670: +SERVICE [/rosapi/nodes] /rosapi http://ip-172-31-19-100:57818/
[rosmaster.master][INFO] 2017-06-10 00:35:13,675: +SERVICE [/rosapi/node_details] /rosapi http://ip-172-31-19-100:57818/
[rosmaster.master][INFO] 2017-06-10 00:35:13,679: +SERVICE [/rosapi/topic_type] /rosapi http://ip-172-31-19-100:57818/
[rosmaster.master][INFO] 2017-06-10 00:35:13,682: publisherUpdate[/rosout] -> http://ip-172-31-19-100:58357/
[rosmaster.master][INFO] 2017-06-10 00:35:13,684: +SERVICE [/rosapi/service_type] /rosapi http://ip-172-31-19-100:57818/
[rosmaster.master][INFO] 2017-06-10 00:35:13,692: +SERVICE [/rosapi/publishers] /rosapi http://ip-172-31-19-100:57818/
[rosmaster.master][INFO] 2017-06-10 00:35:13,696: +SERVICE [/rosapi/subscribers] /rosapi http://ip-172-31-19-100:57818/
[rosmaster.master][INFO] 2017-06-10 00:35:13,700: +SERVICE [/rosapi/service_providers] /rosapi http://ip-172-31-19-100:57818/
[rosmaster.master][INFO] 2017-06-10 00:35:13,705: +SERVICE [/rosapi/service_node] /rosapi http://ip-172-31-19-100:57818/
[rosmaster.master][INFO] 2017-06-10 00:35:13,710: +SERVICE [/rosapi/service_host] /rosapi http://ip-172-31-19-100:57818/
[rosmaster.master][INFO] 2017-06-10 00:35:13,715: +SERVICE [/rosapi/message_details] /rosapi http://ip-172-31-19-100:57818/
[rosmaster.master][INFO] 2017-06-10 00:35:13,720: +SERVICE [/rosapi/service_request_details] /rosapi http://ip-172-31-19-100:57818/
[rosmaster.master][INFO] 2017-06-10 00:35:13,725: +PUB [/rosout] /interactive_marker_proxy http://ip-172-31-19-100:52494/
[rosmaster.master][INFO] 2017-06-10 00:35:13,729: +SERVICE [/rosapi/service_response_details] /rosapi http://ip-172-31-19-100:57818/
[rosmaster.master][INFO] 2017-06-10 00:35:13,732: +SERVICE [/interactive_marker_proxy/get_loggers] /interactive_marker_proxy http://ip-172-31-19-100:52494/
[rosmaster.master][INFO] 2017-06-10 00:35:13,736: +SERVICE [/rosapi/set_param] /rosapi http://ip-172-31-19-100:57818/
[rosmaster.master][INFO] 2017-06-10 00:35:13,740: +PUB [/rosout] /rosbridge_websocket http://ip-172-31-19-100:47784/
[rosmaster.master][INFO] 2017-06-10 00:35:13,744: +SERVICE [/interactive_marker_proxy/set_logger_level] /interactive_marker_proxy http://ip-172-31-19-100:52494/
[rosmaster.master][INFO] 2017-06-10 00:35:13,747: +SERVICE [/rosapi/get_param] /rosapi http://ip-172-31-19-100:57818/
[rosmaster.master][INFO] 2017-06-10 00:35:13,753: +SERVICE [/rosapi/has_param] /rosapi http://ip-172-31-19-100:57818/
[rosmaster.master][INFO] 2017-06-10 00:35:13,757: +SUB [/tf] /interactive_marker_proxy http://ip-172-31-19-100:52494/
[rosmaster.master][INFO] 2017-06-10 00:35:13,760: +SERVICE [/rosbridge_websocket/get_loggers] /rosbridge_websocket http://ip-172-31-19-100:47784/
[rosmaster.master][INFO] 2017-06-10 00:35:13,764: +SERVICE [/rosapi/search_param] /rosapi http://ip-172-31-19-100:57818/
[rosmaster.master][INFO] 2017-06-10 00:35:13,768: +SUB [/tf_static] /interactive_marker_proxy http://ip-172-31-19-100:52494/
[rosmaster.master][INFO] 2017-06-10 00:35:13,771: +SERVICE [/rosbridge_websocket/set_logger_level] /rosbridge_websocket http://ip-172-31-19-100:47784/
[rosmaster.master][INFO] 2017-06-10 00:35:13,776: +SERVICE [/rosapi/delete_param] /rosapi http://ip-172-31-19-100:57818/
[rosmaster.master][INFO] 2017-06-10 00:35:13,780: +SUB [/control_markers/update] /interactive_marker_proxy http://ip-172-31-19-100:52494/
[rosmaster.master][INFO] 2017-06-10 00:35:13,782: publisherUpdate[/rosout] -> http://ip-172-31-19-100:58357/
[rosmaster.master][INFO] 2017-06-10 00:35:13,783: +SERVICE [/rosapi/get_param_names] /rosapi http://ip-172-31-19-100:57818/
[rosmaster.master][INFO] 2017-06-10 00:35:13,795: publisherUpdate[/rosout] -> http://ip-172-31-19-100:58357/
[rosmaster.master][INFO] 2017-06-10 00:35:13,799: +SUB [/control_markers/update_full] /interactive_marker_proxy http://ip-172-31-19-100:52494/
[rosmaster.master][INFO] 2017-06-10 00:35:13,806: +SERVICE [/rosapi/get_time] /rosapi http://ip-172-31-19-100:57818/
[rosmaster.master][INFO] 2017-06-10 00:35:13,811: +PUB [/control_markers/tunneled/update] /interactive_marker_proxy http://ip-172-31-19-100:52494/
[rosmaster.master][INFO] 2017-06-10 00:35:13,815: +SERVICE [/control_markers/tunneled/get_init] /interactive_marker_proxy http://ip-172-31-19-100:52494/
[rosmaster.master][INFO] 2017-06-10 00:35:13,854: -SUB [/control_markers/update_full] /interactive_marker_proxy http://ip-172-31-19-100:52494/
[rosmaster.master][INFO] 2017-06-10 00:35:15,471: +PARAM [/roslaunch/uris/host_ip_172_31_19_100__34205] by /roslaunch
[rosmaster.master][INFO] 2017-06-10 00:35:15,484: +PARAM [/robot_description_kinematics/lwr_arm/kinematics_solver] by /roslaunch
[rosmaster.master][INFO] 2017-06-10 00:35:15,488: +PARAM [/move_group/planner_configs/RRTkConfigDefault/goal_bias] by /roslaunch
[rosmaster.master][INFO] 2017-06-10 00:35:15,492: +PARAM [/robot_description_semantic] by /roslaunch
[rosmaster.master][INFO] 2017-06-10 00:35:15,495: +PARAM [/robot_description_kinematics/lwr_arm/kinematics_solver_attempts] by /roslaunch
[rosmaster.master][INFO] 2017-06-10 00:35:15,498: +PARAM [/robot_description_planning/joint_limits/lwr_arm_6_joint/max_acceleration] by /roslaunch
[rosmaster.master][INFO] 2017-06-10 00:35:15,502: +PARAM [/robot_description_planning/joint_limits/lwr_arm_5_joint/has_acceleration_limits] by /roslaunch
[rosmaster.master][INFO] 2017-06-10 00:35:15,505: +PARAM [/move_group/planner_configs/RRTstarkConfigDefault/range] by /roslaunch
[rosmaster.master][INFO] 2017-06-10 00:35:15,509: +PARAM [/robot_description_planning/joint_limits/lwr_arm_0_joint/max_acceleration] by /roslaunch
[rosmaster.master][INFO] 2017-06-10 00:35:15,512: +PARAM [/robot_description_planning/joint_limits/lwr_arm_0_joint/has_velocity_limits] by /roslaunch
[rosmaster.master][INFO] 2017-06-10 00:35:15,516: +PARAM [/move_group/max_safe_path_cost] by /roslaunch
[rosmaster.master][INFO] 2017-06-10 00:35:15,520: +PARAM [/move_group/planner_configs/RRTstarkConfigDefault/goal_bias] by /roslaunch
[rosmaster.master][INFO] 2017-06-10 00:35:15,531: +PARAM [/move_group/planning_scene_monitor/publish_planning_scene] by /roslaunch
[rosmaster.master][INFO] 2017-06-10 00:35:15,534: +PARAM [/move_group/planner_configs/PRMkConfigDefault/type] by /roslaunch
[rosmaster.master][INFO] 2017-06-10 00:35:15,538: +PARAM [/move_group/planner_configs/ESTkConfigDefault/range] by /roslaunch
[rosmaster.master][INFO] 2017-06-10 00:35:15,542: +PARAM [/robot_description_planning/joint_limits/lwr_arm_2_joint/max_acceleration] by /roslaunch
[rosmaster.master][INFO] 2017-06-10 00:35:15,545: +PARAM [/move_group/planner_configs/KPIECEkConfigDefault/min_valid_path_fraction] by /roslaunch
[rosmaster.master][INFO] 2017-06-10 00:35:15,548: +PARAM [/move_group/planner_configs/BKPIECEkConfigDefault/border_fraction] by /roslaunch
[rosmaster.master][INFO] 2017-06-10 00:35:15,552: +PARAM [/move_group/planner_configs/PRMkConfigDefault/max_nearest_neighbors] by /roslaunch
[rosmaster.master][INFO] 2017-06-10 00:35:15,555: +PARAM [/move_group/planner_configs/TRRTkConfigDefault/goal_bias] by /roslaunch
[rosmaster.master][INFO] 2017-06-10 00:35:15,559: +PARAM [/move_group/planner_configs/BKPIECEkConfigDefault/min_valid_path_fraction] by /roslaunch
[rosmaster.master][INFO] 2017-06-10 00:35:15,562: +PARAM [/robot_description_planning/joint_limits/lwr_arm_2_joint/has_velocity_limits] by /roslaunch
[rosmaster.master][INFO] 2017-06-10 00:35:15,566: +PARAM [/robot_description_planning/joint_limits/lwr_arm_3_joint/max_velocity] by /roslaunch
[rosmaster.master][INFO] 2017-06-10 00:35:15,569: +PARAM [/robot_description_planning/joint_limits/lwr_arm_4_joint/max_acceleration] by /roslaunch
[rosmaster.master][INFO] 2017-06-10 00:35:15,573: +PARAM [/robot_description_planning/joint_limits/lwr_arm_0_joint/max_velocity] by /roslaunch
[rosmaster.master][INFO] 2017-06-10 00:35:15,576: +PARAM [/move_group/planner_configs/SBLkConfigDefault/range] by /roslaunch
[rosmaster.master][INFO] 2017-06-10 00:35:15,579: +PARAM [/move_group/planner_configs/TRRTkConfigDefault/frountierNodeRatio] by /roslaunch
[rosmaster.master][INFO] 2017-06-10 00:35:15,583: +PARAM [/robot_description_planning/joint_limits/lwr_arm_6_joint/has_acceleration_limits] by /roslaunch
[rosmaster.master][INFO] 2017-06-10 00:35:15,588: +PARAM [/move_group/planning_plugin] by /roslaunch
[rosmaster.master][INFO] 2017-06-10 00:35:15,591: +PARAM [/move_group/planning_scene_monitor/publish_geometry_updates] by /roslaunch
[rosmaster.master][INFO] 2017-06-10 00:35:15,595: +PARAM [/robot_description_planning/joint_limits/lwr_arm_3_joint/max_acceleration] by /roslaunch
[rosmaster.master][INFO] 2017-06-10 00:35:15,598: +PARAM [/move_group/planner_configs/TRRTkConfigDefault/max_states_failed] by /roslaunch
[rosmaster.master][INFO] 2017-06-10 00:35:15,602: +PARAM [/robot_description_planning/joint_limits/lwr_arm_3_joint/has_velocity_limits] by /roslaunch
[rosmaster.master][INFO] 2017-06-10 00:35:15,605: +PARAM [/robot_description_kinematics/lwr_arm/kinematics_solver_timeout] by /roslaunch
[rosmaster.master][INFO] 2017-06-10 00:35:15,609: +PARAM [/move_group/lwr_arm/projection_evaluator] by /roslaunch
[rosmaster.master][INFO] 2017-06-10 00:35:15,612: +PARAM [/robot_description_planning/joint_limits/lwr_arm_1_joint/has_acceleration_limits] by /roslaunch
[rosmaster.master][INFO] 2017-06-10 00:35:15,616: +PARAM [/rosdistro] by /roslaunch
[rosmaster.master][INFO] 2017-06-10 00:35:15,619: +PARAM [/robot_description_planning/joint_limits/lwr_arm_5_joint/max_velocity] by /roslaunch
[rosmaster.master][INFO] 2017-06-10 00:35:15,623: +PARAM [/move_group/planner_configs/PRMstarkConfigDefault/type] by /roslaunch
[rosmaster.master][INFO] 2017-06-10 00:35:15,626: +PARAM [/move_group/planner_configs/RRTkConfigDefault/range] by /roslaunch
[rosmaster.master][INFO] 2017-06-10 00:35:15,629: +PARAM [/move_group/allow_trajectory_execution] by /roslaunch
[rosmaster.master][INFO] 2017-06-10 00:35:15,633: +PARAM [/move_group/lwr_arm/planner_configs] by /roslaunch
[rosmaster.master][INFO] 2017-06-10 00:35:15,636: +PARAM [/move_group/planner_configs/ESTkConfigDefault/type] by /roslaunch
[rosmaster.master][INFO] 2017-06-10 00:35:15,640: +PARAM [/move_group/start_state_max_bounds_error] by /roslaunch
[rosmaster.master][INFO] 2017-06-10 00:35:15,644: +PARAM [/move_group/planner_configs/TRRTkConfigDefault/init_temperature] by /roslaunch
[rosmaster.master][INFO] 2017-06-10 00:35:15,647: +PARAM [/move_group/planner_configs/BKPIECEkConfigDefault/type] by /roslaunch
[rosmaster.master][INFO] 2017-06-10 00:35:15,651: +PARAM [/move_group/planner_configs/KPIECEkConfigDefault/border_fraction] by /roslaunch
[rosmaster.master][INFO] 2017-06-10 00:35:15,654: +PARAM [/robot_description_planning/joint_limits/lwr_arm_4_joint/has_velocity_limits] by /roslaunch
[rosmaster.master][INFO] 2017-06-10 00:35:15,658: +PARAM [/move_group/planner_configs/ESTkConfigDefault/goal_bias] by /roslaunch
[rosmaster.master][INFO] 2017-06-10 00:35:15,661: +PARAM [/move_group/planner_configs/LBKPIECEkConfigDefault/border_fraction] by /roslaunch
[rosmaster.master][INFO] 2017-06-10 00:35:15,665: +PARAM [/move_group/jiggle_fraction] by /roslaunch
[rosmaster.master][INFO] 2017-06-10 00:35:15,668: +PARAM [/move_group/planner_configs/TRRTkConfigDefault/range] by /roslaunch
[rosmaster.master][INFO] 2017-06-10 00:35:15,672: +PARAM [/move_group/planning_scene_monitor/publish_state_updates] by /roslaunch
[rosmaster.master][INFO] 2017-06-10 00:35:15,675: +PARAM [/move_group/planner_configs/TRRTkConfigDefault/temp_change_factor] by /roslaunch
[rosmaster.master][INFO] 2017-06-10 00:35:15,678: +PARAM [/robot_description_planning/joint_limits/lwr_arm_6_joint/max_velocity] by /roslaunch
[rosmaster.master][INFO] 2017-06-10 00:35:15,682: +PARAM [/robot_description_planning/joint_limits/lwr_arm_1_joint/max_velocity] by /roslaunch
[rosmaster.master][INFO] 2017-06-10 00:35:15,685: +PARAM [/move_group/planner_configs/SBLkConfigDefault/type] by /roslaunch
[rosmaster.master][INFO] 2017-06-10 00:35:15,689: +PARAM [/robot_description] by /roslaunch
[rosmaster.master][INFO] 2017-06-10 00:35:15,693: +PARAM [/move_group/capabilities] by /roslaunch
[rosmaster.master][INFO] 2017-06-10 00:35:15,696: +PARAM [/move_group/planner_configs/LBKPIECEkConfigDefault/range] by /roslaunch
[rosmaster.master][INFO] 2017-06-10 00:35:15,700: +PARAM [/robot_description_planning/joint_limits/lwr_arm_5_joint/max_acceleration] by /roslaunch
[rosmaster.master][INFO] 2017-06-10 00:35:15,703: +PARAM [/move_group/planner_configs/KPIECEkConfigDefault/range] by /roslaunch
[rosmaster.master][INFO] 2017-06-10 00:35:15,707: +PARAM [/move_group/planner_configs/BKPIECEkConfigDefault/range] by /roslaunch
[rosmaster.master][INFO] 2017-06-10 00:35:15,710: +PARAM [/move_group/planner_configs/TRRTkConfigDefault/type] by /roslaunch
[rosmaster.master][INFO] 2017-06-10 00:35:15,714: +PARAM [/move_group/planner_configs/KPIECEkConfigDefault/goal_bias] by /roslaunch
[rosmaster.master][INFO] 2017-06-10 00:35:15,717: +PARAM [/move_group/planner_configs/RRTConnectkConfigDefault/range] by /roslaunch
[rosmaster.master][INFO] 2017-06-10 00:35:15,721: +PARAM [/move_group/request_adapters] by /roslaunch
[rosmaster.master][INFO] 2017-06-10 00:35:15,724: +PARAM [/move_group/planner_configs/TRRTkConfigDefault/min_temperature] by /roslaunch
[rosmaster.master][INFO] 2017-06-10 00:35:15,728: +PARAM [/robot_description_planning/joint_limits/lwr_arm_6_joint/has_velocity_limits] by /roslaunch
[rosmaster.master][INFO] 2017-06-10 00:35:15,731: +PARAM [/robot_description_planning/joint_limits/lwr_arm_1_joint/has_velocity_limits] by /roslaunch
[rosmaster.master][INFO] 2017-06-10 00:35:15,734: +PARAM [/move_group/planner_configs/KPIECEkConfigDefault/failed_expansion_score_factor] by /roslaunch
[rosmaster.master][INFO] 2017-06-10 00:35:15,738: +PARAM [/move_group/planning_scene_monitor/publish_transforms_updates] by /roslaunch
[rosmaster.master][INFO] 2017-06-10 00:35:15,741: +PARAM [/robot_description_planning/joint_limits/lwr_arm_5_joint/has_velocity_limits] by /roslaunch
[rosmaster.master][INFO] 2017-06-10 00:35:15,749: +PARAM [/robot_description_planning/joint_limits/lwr_arm_3_joint/has_acceleration_limits] by /roslaunch
[rosmaster.master][INFO] 2017-06-10 00:35:15,752: +PARAM [/move_group/planner_configs/RRTstarkConfigDefault/type] by /roslaunch
[rosmaster.master][INFO] 2017-06-10 00:35:15,756: +PARAM [/move_group/lwr_arm/longest_valid_segment_fraction] by /roslaunch
[rosmaster.master][INFO] 2017-06-10 00:35:15,759: +PARAM [/move_group/planner_configs/RRTstarkConfigDefault/delay_collision_checking] by /roslaunch
[rosmaster.master][INFO] 2017-06-10 00:35:15,762: +PARAM [/move_group/planner_configs/KPIECEkConfigDefault/type] by /roslaunch
[rosmaster.master][INFO] 2017-06-10 00:35:15,766: +PARAM [/robot_description_kinematics/lwr_arm/kinematics_solver_search_resolution] by /roslaunch
[rosmaster.master][INFO] 2017-06-10 00:35:15,770: +PARAM [/move_group/planner_configs/RRTConnectkConfigDefault/type] by /roslaunch
[rosmaster.master][INFO] 2017-06-10 00:35:15,773: +PARAM [/robot_description_planning/joint_limits/lwr_arm_2_joint/has_acceleration_limits] by /roslaunch
[rosmaster.master][INFO] 2017-06-10 00:35:15,776: +PARAM [/move_group/planner_configs/BKPIECEkConfigDefault/failed_expansion_score_factor] by /roslaunch
[rosmaster.master][INFO] 2017-06-10 00:35:15,780: +PARAM [/robot_description_planning/joint_limits/lwr_arm_2_joint/max_velocity] by /roslaunch
[rosmaster.master][INFO] 2017-06-10 00:35:15,783: +PARAM [/move_group/planner_configs/LBKPIECEkConfigDefault/min_valid_path_fraction] by /roslaunch
[rosmaster.master][INFO] 2017-06-10 00:35:15,788: +PARAM [/rosversion] by /roslaunch
[rosmaster.master][INFO] 2017-06-10 00:35:15,794: +PARAM [/robot_description_planning/joint_limits/lwr_arm_4_joint/max_velocity] by /roslaunch
[rosmaster.master][INFO] 2017-06-10 00:35:15,798: +PARAM [/robot_description_planning/joint_limits/lwr_arm_4_joint/has_acceleration_limits] by /roslaunch
[rosmaster.master][INFO] 2017-06-10 00:35:15,802: +PARAM [/robot_description_planning/joint_limits/lwr_arm_0_joint/has_acceleration_limits] by /roslaunch
[rosmaster.master][INFO] 2017-06-10 00:35:15,805: +PARAM [/robot_description_planning/joint_limits/lwr_arm_1_joint/max_acceleration] by /roslaunch
[rosmaster.master][INFO] 2017-06-10 00:35:15,808: +PARAM [/move_group/planner_configs/TRRTkConfigDefault/k_constant] by /roslaunch
[rosmaster.master][INFO] 2017-06-10 00:35:15,812: +PARAM [/move_group/planner_configs/TRRTkConfigDefault/frountier_threshold] by /roslaunch
[rosmaster.master][INFO] 2017-06-10 00:35:15,815: +PARAM [/move_group/planner_configs/LBKPIECEkConfigDefault/type] by /roslaunch
[rosmaster.master][INFO] 2017-06-10 00:35:15,819: +PARAM [/move_group/planner_configs/RRTkConfigDefault/type] by /roslaunch
[rosmaster.master][INFO] 2017-06-10 00:35:16,148: +PUB [/rosout] /robot_sim http://ip-172-31-19-100:43737/
[rosmaster.master][INFO] 2017-06-10 00:35:16,159: +SERVICE [/robot_sim/get_loggers] /robot_sim http://ip-172-31-19-100:43737/
[rosmaster.master][INFO] 2017-06-10 00:35:16,164: +SERVICE [/robot_sim/set_logger_level] /robot_sim http://ip-172-31-19-100:43737/
[rosmaster.master][INFO] 2017-06-10 00:35:16,174: +PUB [/joint_states] /robot_sim http://ip-172-31-19-100:43737/
[rosmaster.master][INFO] 2017-06-10 00:35:16,184: +SUB [/joint_velocities] /robot_sim http://ip-172-31-19-100:43737/
[rosmaster.master][INFO] 2017-06-10 00:35:16,192: +SUB [/joint_positions] /robot_sim http://ip-172-31-19-100:43737/
[rosmaster.master][INFO] 2017-06-10 00:35:16,192: publisherUpdate[/rosout] -> http://ip-172-31-19-100:58357/
[rosmaster.master][INFO] 2017-06-10 00:35:16,196: +PUB [/rosout] /robot_state_publisher http://ip-172-31-19-100:34001/
[rosmaster.master][INFO] 2017-06-10 00:35:16,200: publisherUpdate[/rosout] -> http://ip-172-31-19-100:58357/
[rosmaster.master][INFO] 2017-06-10 00:35:16,203: +SUB [/joint_command] /robot_sim http://ip-172-31-19-100:43737/
[rosmaster.master][INFO] 2017-06-10 00:35:16,210: +SERVICE [/robot_state_publisher/get_loggers] /robot_state_publisher http://ip-172-31-19-100:34001/
[rosmaster.master][INFO] 2017-06-10 00:35:16,215: +SERVICE [/robot_state_publisher/set_logger_level] /robot_state_publisher http://ip-172-31-19-100:34001/
[rosmaster.master][INFO] 2017-06-10 00:35:16,219: +SUB [/joint_trajectory] /robot_sim http://ip-172-31-19-100:43737/
[rosmaster.master][INFO] 2017-06-10 00:35:16,225: +PUB [/tf] /robot_state_publisher http://ip-172-31-19-100:34001/
[rosmaster.master][INFO] 2017-06-10 00:35:16,229: +PUB [/tf_static] /robot_state_publisher http://ip-172-31-19-100:34001/
[rosmaster.master][INFO] 2017-06-10 00:35:16,241: +SUB [/joint_states] /robot_state_publisher http://ip-172-31-19-100:34001/
[rosmaster.master][INFO] 2017-06-10 00:35:16,296: publisherUpdate[/tf] -> http://ip-172-31-19-100:57033/
[rosmaster.master][INFO] 2017-06-10 00:35:16,306: publisherUpdate[/tf] -> http://ip-172-31-19-100:52494/
[rosmaster.master][INFO] 2017-06-10 00:35:16,307: publisherUpdate[/tf_static] -> http://ip-172-31-19-100:57033/
[rosmaster.master][INFO] 2017-06-10 00:35:16,317: publisherUpdate[/tf_static] -> http://ip-172-31-19-100:52494/
[rosmaster.master][INFO] 2017-06-10 00:35:16,417: +PUB [/rosout] /move_group http://ip-172-31-19-100:49245/
[rosmaster.master][INFO] 2017-06-10 00:35:16,421: +SERVICE [/move_group/get_loggers] /move_group http://ip-172-31-19-100:49245/
[rosmaster.master][INFO] 2017-06-10 00:35:16,421: publisherUpdate[/rosout] -> http://ip-172-31-19-100:58357/
[rosmaster.master][INFO] 2017-06-10 00:35:16,426: +SERVICE [/move_group/set_logger_level] /move_group http://ip-172-31-19-100:49245/
[rosmaster.master][INFO] 2017-06-10 00:35:16,439: +SUB [/tf] /move_group http://ip-172-31-19-100:49245/
[rosmaster.master][INFO] 2017-06-10 00:35:16,448: +SUB [/tf_static] /move_group http://ip-172-31-19-100:49245/
[rosmaster.master][INFO] 2017-06-10 00:35:16,647: +SERVICE [/move_group/planning_scene_monitor/set_parameters] /move_group http://ip-172-31-19-100:49245/
[rosmaster.master][INFO] 2017-06-10 00:35:16,652: +PUB [/move_group/planning_scene_monitor/parameter_descriptions] /move_group http://ip-172-31-19-100:49245/
[rosmaster.master][INFO] 2017-06-10 00:35:16,656: +PUB [/move_group/planning_scene_monitor/parameter_updates] /move_group http://ip-172-31-19-100:49245/
[rosmaster.master][INFO] 2017-06-10 00:35:16,665: +PARAM [/move_group/planning_scene_monitor/publish_planning_scene] by /move_group
[rosmaster.master][INFO] 2017-06-10 00:35:16,669: +PARAM [/move_group/planning_scene_monitor/publish_planning_scene_hz] by /move_group
[rosmaster.master][INFO] 2017-06-10 00:35:16,674: +PARAM [/move_group/planning_scene_monitor/publish_geometry_updates] by /move_group
[rosmaster.master][INFO] 2017-06-10 00:35:16,678: +PARAM [/move_group/planning_scene_monitor/publish_state_updates] by /move_group
[rosmaster.master][INFO] 2017-06-10 00:35:16,682: +PARAM [/move_group/planning_scene_monitor/publish_transforms_updates] by /move_group
[rosmaster.master][INFO] 2017-06-10 00:35:16,687: +PUB [/move_group/monitored_planning_scene] /move_group http://ip-172-31-19-100:49245/
[rosmaster.master][INFO] 2017-06-10 00:35:16,692: +PARAM [/move_group/planning_scene_monitor/publish_planning_scene] by /move_group
[rosmaster.master][INFO] 2017-06-10 00:35:16,697: +PARAM [/move_group/planning_scene_monitor/publish_planning_scene_hz] by /move_group
[rosmaster.master][INFO] 2017-06-10 00:35:16,701: +PARAM [/move_group/planning_scene_monitor/publish_geometry_updates] by /move_group
[rosmaster.master][INFO] 2017-06-10 00:35:16,706: +PARAM [/move_group/planning_scene_monitor/publish_state_updates] by /move_group
[rosmaster.master][INFO] 2017-06-10 00:35:16,718: +PARAM [/move_group/planning_scene_monitor/publish_transforms_updates] by /move_group
[rosmaster.master][INFO] 2017-06-10 00:35:16,727: +SUB [/planning_scene] /move_group http://ip-172-31-19-100:49245/
[rosmaster.master][INFO] 2017-06-10 00:35:16,736: +SUB [/collision_object] /move_group http://ip-172-31-19-100:49245/
[rosmaster.master][INFO] 2017-06-10 00:35:16,746: +SUB [/planning_scene_world] /move_group http://ip-172-31-19-100:49245/
[rosmaster.master][INFO] 2017-06-10 00:35:16,753: +SERVICE [/move_group/save_map] /move_group http://ip-172-31-19-100:49245/
[rosmaster.master][INFO] 2017-06-10 00:35:16,758: +SERVICE [/move_group/load_map] /move_group http://ip-172-31-19-100:49245/
[rosmaster.master][INFO] 2017-06-10 00:35:16,767: +SUB [/joint_states] /move_group http://ip-172-31-19-100:49245/
[rosmaster.master][INFO] 2017-06-10 00:35:16,776: +SUB [/attached_collision_object] /move_group http://ip-172-31-19-100:49245/
[rosmaster.master][INFO] 2017-06-10 00:35:16,793: +PUB [/rosout] /move_group_commander_wrappers_1497080116787370748 http://ip-172-31-19-100:36504/
[rosmaster.master][INFO] 2017-06-10 00:35:16,797: +SERVICE [/move_group_commander_wrappers_1497080116787370748/get_loggers] /move_group_commander_wrappers_1497080116787370748 http://ip-172-31-19-100:36504/
[rosmaster.master][INFO] 2017-06-10 00:35:16,801: +SERVICE [/move_group_commander_wrappers_1497080116787370748/set_logger_level] /move_group_commander_wrappers_1497080116787370748 http://ip-172-31-19-100:36504/
[rosmaster.master][INFO] 2017-06-10 00:35:16,810: publisherUpdate[/rosout] -> http://ip-172-31-19-100:58357/
[rosmaster.master][INFO] 2017-06-10 00:35:16,881: +SERVICE [/move_group/ompl/set_parameters] /move_group http://ip-172-31-19-100:49245/
[rosmaster.master][INFO] 2017-06-10 00:35:16,885: +PUB [/move_group/ompl/parameter_descriptions] /move_group http://ip-172-31-19-100:49245/
[rosmaster.master][INFO] 2017-06-10 00:35:16,890: +PUB [/move_group/ompl/parameter_updates] /move_group http://ip-172-31-19-100:49245/
[rosmaster.master][INFO] 2017-06-10 00:35:16,899: +PARAM [/move_group/ompl/simplify_solutions] by /move_group
[rosmaster.master][INFO] 2017-06-10 00:35:16,903: +PARAM [/move_group/ompl/minimum_waypoint_count] by /move_group
[rosmaster.master][INFO] 2017-06-10 00:35:16,908: +PARAM [/move_group/ompl/maximum_waypoint_distance] by /move_group
[rosmaster.master][INFO] 2017-06-10 00:35:16,912: +PARAM [/move_group/ompl/link_for_exploration_tree] by /move_group
[rosmaster.master][INFO] 2017-06-10 00:35:16,916: +PARAM [/move_group/ompl/display_random_valid_states] by /move_group
[rosmaster.master][INFO] 2017-06-10 00:35:16,921: +PARAM [/move_group/ompl/simplify_solutions] by /move_group
[rosmaster.master][INFO] 2017-06-10 00:35:16,933: +PARAM [/move_group/ompl/minimum_waypoint_count] by /move_group
[rosmaster.master][INFO] 2017-06-10 00:35:16,938: +PARAM [/move_group/ompl/maximum_waypoint_distance] by /move_group
[rosmaster.master][INFO] 2017-06-10 00:35:16,942: +PARAM [/move_group/ompl/link_for_exploration_tree] by /move_group
[rosmaster.master][INFO] 2017-06-10 00:35:16,947: +PARAM [/move_group/ompl/display_random_valid_states] by /move_group
[rosmaster.master][INFO] 2017-06-10 00:35:16,992: +PUB [/rosout] /marker_control_2266_1497080116806 http://ip-172-31-19-100:41611/
[rosmaster.master][INFO] 2017-06-10 00:35:17,003: +PUB [/move_group/display_planned_path] /move_group http://ip-172-31-19-100:49245/
[rosmaster.master][INFO] 2017-06-10 00:35:17,007: +SERVICE [/marker_control_2266_1497080116806/get_loggers] /marker_control_2266_1497080116806 http://ip-172-31-19-100:41611/
[rosmaster.master][INFO] 2017-06-10 00:35:17,010: +PUB [/move_group/display_contacts] /move_group http://ip-172-31-19-100:49245/
[rosmaster.master][INFO] 2017-06-10 00:35:17,014: +SERVICE [/marker_control_2266_1497080116806/set_logger_level] /marker_control_2266_1497080116806 http://ip-172-31-19-100:41611/
[rosmaster.master][INFO] 2017-06-10 00:35:17,015: publisherUpdate[/rosout] -> http://ip-172-31-19-100:58357/
[rosmaster.master][INFO] 2017-06-10 00:35:17,019: +PUB [/planning_scene] /move_group_commander_wrappers_1497080116787370748 http://ip-172-31-19-100:36504/
[rosmaster.master][INFO] 2017-06-10 00:35:17,022: publisherUpdate[/planning_scene] -> http://ip-172-31-19-100:49245/
[rosmaster.master][INFO] 2017-06-10 00:35:17,028: +PUB [/collision_object] /marker_control_2266_1497080116806 http://ip-172-31-19-100:41611/
[rosmaster.master][INFO] 2017-06-10 00:35:17,032: publisherUpdate[/collision_object] -> http://ip-172-31-19-100:49245/
[rosmaster.master][INFO] 2017-06-10 00:35:17,040: +PUB [/attached_collision_object] /marker_control_2266_1497080116806 http://ip-172-31-19-100:41611/
[rosmaster.master][INFO] 2017-06-10 00:35:17,044: publisherUpdate[/attached_collision_object] -> http://ip-172-31-19-100:49245/
[rosmaster.master][INFO] 2017-06-10 00:35:17,048: +PUB [/visualization_marker_array] /marker_control_2266_1497080116806 http://ip-172-31-19-100:41611/
[rosmaster.master][INFO] 2017-06-10 00:35:17,055: +PUB [/motion_planning_goal] /marker_control_2266_1497080116806 http://ip-172-31-19-100:41611/
[rosmaster.master][INFO] 2017-06-10 00:35:17,061: +SUB [/joint_trajectory] /marker_control_2266_1497080116806 http://ip-172-31-19-100:41611/
[rosmaster.master][INFO] 2017-06-10 00:35:17,065: +SERVICE [/apply_planning_scene] /move_group http://ip-172-31-19-100:49245/
[rosmaster.master][INFO] 2017-06-10 00:35:17,068: +PUB [/control_markers/update_full] /marker_control_2266_1497080116806 http://ip-172-31-19-100:41611/
[rosmaster.master][INFO] 2017-06-10 00:35:17,073: +SERVICE [/clear_octomap] /move_group http://ip-172-31-19-100:49245/
[rosmaster.master][INFO] 2017-06-10 00:35:17,077: +PUB [/control_markers/update] /marker_control_2266_1497080116806 http://ip-172-31-19-100:41611/
[rosmaster.master][INFO] 2017-06-10 00:35:17,080: +SERVICE [/compute_cartesian_path] /move_group http://ip-172-31-19-100:49245/
[rosmaster.master][INFO] 2017-06-10 00:35:17,084: +SUB [/control_markers/feedback] /marker_control_2266_1497080116806 http://ip-172-31-19-100:41611/
[rosmaster.master][INFO] 2017-06-10 00:35:17,087: +SERVICE [/execute_kinematic_path] /move_group http://ip-172-31-19-100:49245/
[rosmaster.master][INFO] 2017-06-10 00:35:17,094: +PUB [/execute_trajectory/result] /move_group http://ip-172-31-19-100:49245/
[rosmaster.master][INFO] 2017-06-10 00:35:17,098: +PUB [/execute_trajectory/feedback] /move_group http://ip-172-31-19-100:49245/
[rosmaster.master][INFO] 2017-06-10 00:35:17,103: +PUB [/execute_trajectory/status] /move_group http://ip-172-31-19-100:49245/
[rosmaster.master][INFO] 2017-06-10 00:35:17,114: +SUB [/execute_trajectory/goal] /move_group http://ip-172-31-19-100:49245/
[rosmaster.master][INFO] 2017-06-10 00:35:17,115: publisherUpdate[/control_markers/update] -> http://ip-172-31-19-100:52494/
[rosmaster.master][INFO] 2017-06-10 00:35:17,123: +SUB [/execute_trajectory/cancel] /move_group http://ip-172-31-19-100:49245/
[rosmaster.master][INFO] 2017-06-10 00:35:17,132: +SERVICE [/get_planning_scene] /move_group http://ip-172-31-19-100:49245/
[rosmaster.master][INFO] 2017-06-10 00:35:17,137: +SERVICE [/compute_fk] /move_group http://ip-172-31-19-100:49245/
[rosmaster.master][INFO] 2017-06-10 00:35:17,148: +SERVICE [/compute_ik] /move_group http://ip-172-31-19-100:49245/
[rosmaster.master][INFO] 2017-06-10 00:35:17,155: +PUB [/move_group/result] /move_group http://ip-172-31-19-100:49245/
[rosmaster.master][INFO] 2017-06-10 00:35:17,159: +PUB [/move_group/feedback] /move_group http://ip-172-31-19-100:49245/
[rosmaster.master][INFO] 2017-06-10 00:35:17,163: +PUB [/move_group/status] /move_group http://ip-172-31-19-100:49245/
[rosmaster.master][INFO] 2017-06-10 00:35:17,173: +SUB [/move_group/goal] /move_group http://ip-172-31-19-100:49245/
[rosmaster.master][INFO] 2017-06-10 00:35:17,182: +SUB [/move_group/cancel] /move_group http://ip-172-31-19-100:49245/
[rosmaster.master][INFO] 2017-06-10 00:35:17,234: +PUB [/pickup/result] /move_group http://ip-172-31-19-100:49245/
[rosmaster.master][INFO] 2017-06-10 00:35:17,238: +PUB [/pickup/feedback] /move_group http://ip-172-31-19-100:49245/
[rosmaster.master][INFO] 2017-06-10 00:35:17,243: +PUB [/pickup/status] /move_group http://ip-172-31-19-100:49245/
[rosmaster.master][INFO] 2017-06-10 00:35:17,261: +SUB [/pickup/goal] /move_group http://ip-172-31-19-100:49245/
[rosmaster.master][INFO] 2017-06-10 00:35:17,269: +SUB [/pickup/cancel] /move_group http://ip-172-31-19-100:49245/
[rosmaster.master][INFO] 2017-06-10 00:35:17,275: +PUB [/place/result] /move_group http://ip-172-31-19-100:49245/
[rosmaster.master][INFO] 2017-06-10 00:35:17,279: +PUB [/place/feedback] /move_group http://ip-172-31-19-100:49245/
[rosmaster.master][INFO] 2017-06-10 00:35:17,284: +PUB [/place/status] /move_group http://ip-172-31-19-100:49245/
[rosmaster.master][INFO] 2017-06-10 00:35:17,295: +SUB [/place/goal] /move_group http://ip-172-31-19-100:49245/
[rosmaster.master][INFO] 2017-06-10 00:35:17,303: +SUB [/place/cancel] /move_group http://ip-172-31-19-100:49245/
[rosmaster.master][INFO] 2017-06-10 00:35:17,307: +SERVICE [/plan_kinematic_path] /move_group http://ip-172-31-19-100:49245/
[rosmaster.master][INFO] 2017-06-10 00:35:17,312: +SERVICE [/query_planner_interface] /move_group http://ip-172-31-19-100:49245/
[rosmaster.master][INFO] 2017-06-10 00:35:17,316: +SERVICE [/check_state_validity] /move_group http://ip-172-31-19-100:49245/
[rosmaster.master][INFO] 2017-06-10 00:35:17,593: +SUB [/control_markers/update_full] /interactive_marker_proxy http://ip-172-31-19-100:52494/
[rosmaster.master][INFO] 2017-06-10 00:35:17,754: -SUB [/control_markers/update_full] /interactive_marker_proxy http://ip-172-31-19-100:52494/
[rosmaster.master][INFO] 2017-06-10 00:35:20,371: +PUB [/tf2_web_republisher/goal] /rosbridge_websocket http://ip-172-31-19-100:47784/
[rosmaster.master][INFO] 2017-06-10 00:35:20,381: +PUB [/tf2_web_republisher/cancel] /rosbridge_websocket http://ip-172-31-19-100:47784/
[rosmaster.master][INFO] 2017-06-10 00:35:20,389: +SUB [/tf2_web_republisher/feedback] /rosbridge_websocket http://ip-172-31-19-100:47784/
[rosmaster.master][INFO] 2017-06-10 00:35:20,403: +SUB [/visualization_marker_array] /rosbridge_websocket http://ip-172-31-19-100:47784/
[rosmaster.master][INFO] 2017-06-10 00:35:20,421: +SUB [/control_markers/tunneled/update] /rosbridge_websocket http://ip-172-31-19-100:47784/
[rosmaster.master][INFO] 2017-06-10 00:35:20,428: publisherUpdate[/tf2_web_republisher/goal] -> http://ip-172-31-19-100:57033/
[rosmaster.master][INFO] 2017-06-10 00:35:20,432: publisherUpdate[/tf2_web_republisher/cancel] -> http://ip-172-31-19-100:57033/
[rosmaster.master][INFO] 2017-06-10 00:35:20,435: +PUB [/control_markers/feedback] /rosbridge_websocket http://ip-172-31-19-100:47784/
[rosmaster.master][INFO] 2017-06-10 00:35:20,436: publisherUpdate[/control_markers/feedback] -> http://ip-172-31-19-100:41611/
[rosmaster.master][INFO] 2017-06-10 00:35:26,732: +PUB [/rosout] /move_group_commander_wrappers_1497080126727378720 http://ip-172-31-19-100:42580/
[rosmaster.master][INFO] 2017-06-10 00:35:26,733: +SERVICE [/move_group_commander_wrappers_1497080126727378720/get_loggers] /move_group_commander_wrappers_1497080126727378720 http://ip-172-31-19-100:42580/
[rosmaster.master][INFO] 2017-06-10 00:35:26,739: +SERVICE [/move_group_commander_wrappers_1497080126727378720/set_logger_level] /move_group_commander_wrappers_1497080126727378720 http://ip-172-31-19-100:42580/
[rosmaster.master][INFO] 2017-06-10 00:35:26,748: publisherUpdate[/rosout] -> http://ip-172-31-19-100:58357/
[rosmaster.master][INFO] 2017-06-10 00:35:26,900: +PUB [/rosout] /move_arm_3005_1497080126743 http://ip-172-31-19-100:34071/
[rosmaster.master][INFO] 2017-06-10 00:35:26,913: +SERVICE [/move_arm_3005_1497080126743/get_loggers] /move_arm_3005_1497080126743 http://ip-172-31-19-100:34071/
[rosmaster.master][INFO] 2017-06-10 00:35:26,917: +SERVICE [/move_arm_3005_1497080126743/set_logger_level] /move_arm_3005_1497080126743 http://ip-172-31-19-100:34071/
[rosmaster.master][INFO] 2017-06-10 00:35:26,923: +SUB [/joint_states] /move_arm_3005_1497080126743 http://ip-172-31-19-100:34071/
[rosmaster.master][INFO] 2017-06-10 00:35:26,928: +SUB [/motion_planning_goal] /move_arm_3005_1497080126743 http://ip-172-31-19-100:34071/
[rosmaster.master][INFO] 2017-06-10 00:35:26,933: +PUB [/joint_trajectory] /move_arm_3005_1497080126743 http://ip-172-31-19-100:34071/
[rosmaster.master][INFO] 2017-06-10 00:35:26,953: publisherUpdate[/rosout] -> http://ip-172-31-19-100:58357/
[rosmaster.master][INFO] 2017-06-10 00:35:26,956: publisherUpdate[/joint_trajectory] -> http://ip-172-31-19-100:43737/
[rosmaster.master][INFO] 2017-06-10 00:35:26,957: publisherUpdate[/joint_trajectory] -> http://ip-172-31-19-100:41611/
[rosmaster.master][INFO] 2017-06-10 00:35:27,095: +SUB [/tf] /move_group_commander_wrappers_1497080126727378720 http://ip-172-31-19-100:42580/
[rosmaster.master][INFO] 2017-06-10 00:35:27,102: +SUB [/tf_static] /move_group_commander_wrappers_1497080126727378720 http://ip-172-31-19-100:42580/
[rosmaster.master][INFO] 2017-06-10 00:35:27,107: +PUB [/planning_scene] /move_group_commander_wrappers_1497080126727378720 http://ip-172-31-19-100:42580/
[rosmaster.master][INFO] 2017-06-10 00:35:27,112: +PUB [/collision_object] /move_arm_3005_1497080126743 http://ip-172-31-19-100:34071/
[rosmaster.master][INFO] 2017-06-10 00:35:27,118: +PUB [/attached_collision_object] /move_arm_3005_1497080126743 http://ip-172-31-19-100:34071/
[rosmaster.master][INFO] 2017-06-10 00:35:27,124: +PUB [/trajectory_execution_event] /move_group_commander_wrappers_1497080126727378720 http://ip-172-31-19-100:42580/
[rosmaster.master][INFO] 2017-06-10 00:35:27,128: +PUB [/attached_collision_object] /move_group_commander_wrappers_1497080126727378720 http://ip-172-31-19-100:42580/
[rosmaster.master][INFO] 2017-06-10 00:35:27,136: +SUB [/move_group/status] /move_group_commander_wrappers_1497080126727378720 http://ip-172-31-19-100:42580/
[rosmaster.master][INFO] 2017-06-10 00:35:27,144: +SUB [/move_group/feedback] /move_group_commander_wrappers_1497080126727378720 http://ip-172-31-19-100:42580/
[rosmaster.master][INFO] 2017-06-10 00:35:27,151: +SUB [/move_group/result] /move_group_commander_wrappers_1497080126727378720 http://ip-172-31-19-100:42580/
[rosmaster.master][INFO] 2017-06-10 00:35:27,156: +PUB [/move_group/goal] /move_group_commander_wrappers_1497080126727378720 http://ip-172-31-19-100:42580/
[rosmaster.master][INFO] 2017-06-10 00:35:27,161: publisherUpdate[/planning_scene] -> http://ip-172-31-19-100:49245/
[rosmaster.master][INFO] 2017-06-10 00:35:27,168: +PUB [/move_group/cancel] /move_group_commander_wrappers_1497080126727378720 http://ip-172-31-19-100:42580/
[rosmaster.master][INFO] 2017-06-10 00:35:27,173: publisherUpdate[/collision_object] -> http://ip-172-31-19-100:49245/
[rosmaster.master][INFO] 2017-06-10 00:35:27,180: publisherUpdate[/attached_collision_object] -> http://ip-172-31-19-100:49245/
[rosmaster.master][INFO] 2017-06-10 00:35:27,184: publisherUpdate[/attached_collision_object] -> http://ip-172-31-19-100:49245/
[rosmaster.master][INFO] 2017-06-10 00:35:27,189: publisherUpdate[/move_group/goal] -> http://ip-172-31-19-100:49245/
[rosmaster.master][INFO] 2017-06-10 00:35:27,193: publisherUpdate[/move_group/cancel] -> http://ip-172-31-19-100:49245/
[rosmaster.master][INFO] 2017-06-10 00:35:27,407: +SUB [/pickup/status] /move_group_commander_wrappers_1497080126727378720 http://ip-172-31-19-100:42580/
[rosmaster.master][INFO] 2017-06-10 00:35:27,414: +SUB [/pickup/feedback] /move_group_commander_wrappers_1497080126727378720 http://ip-172-31-19-100:42580/
[rosmaster.master][INFO] 2017-06-10 00:35:27,422: +SUB [/pickup/result] /move_group_commander_wrappers_1497080126727378720 http://ip-172-31-19-100:42580/
[rosmaster.master][INFO] 2017-06-10 00:35:27,426: +PUB [/pickup/goal] /move_group_commander_wrappers_1497080126727378720 http://ip-172-31-19-100:42580/
[rosmaster.master][INFO] 2017-06-10 00:35:27,430: +PUB [/pickup/cancel] /move_group_commander_wrappers_1497080126727378720 http://ip-172-31-19-100:42580/
[rosmaster.master][INFO] 2017-06-10 00:35:27,467: publisherUpdate[/pickup/goal] -> http://ip-172-31-19-100:49245/
[rosmaster.master][INFO] 2017-06-10 00:35:27,476: publisherUpdate[/pickup/cancel] -> http://ip-172-31-19-100:49245/
[rosmaster.master][INFO] 2017-06-10 00:35:27,689: +SUB [/place/status] /move_group_commander_wrappers_1497080126727378720 http://ip-172-31-19-100:42580/
[rosmaster.master][INFO] 2017-06-10 00:35:27,697: +SUB [/place/feedback] /move_group_commander_wrappers_1497080126727378720 http://ip-172-31-19-100:42580/
[rosmaster.master][INFO] 2017-06-10 00:35:27,712: +SUB [/place/result] /move_group_commander_wrappers_1497080126727378720 http://ip-172-31-19-100:42580/
[rosmaster.master][INFO] 2017-06-10 00:35:27,717: +PUB [/place/goal] /move_group_commander_wrappers_1497080126727378720 http://ip-172-31-19-100:42580/
[rosmaster.master][INFO] 2017-06-10 00:35:27,721: +PUB [/place/cancel] /move_group_commander_wrappers_1497080126727378720 http://ip-172-31-19-100:42580/
[rosmaster.master][INFO] 2017-06-10 00:35:27,769: publisherUpdate[/place/goal] -> http://ip-172-31-19-100:49245/
[rosmaster.master][INFO] 2017-06-10 00:35:27,774: publisherUpdate[/place/cancel] -> http://ip-172-31-19-100:49245/
[rosmaster.master][INFO] 2017-06-10 00:35:27,987: +SUB [/execute_trajectory/status] /move_group_commander_wrappers_1497080126727378720 http://ip-172-31-19-100:42580/
[rosmaster.master][INFO] 2017-06-10 00:35:27,995: +SUB [/execute_trajectory/feedback] /move_group_commander_wrappers_1497080126727378720 http://ip-172-31-19-100:42580/
[rosmaster.master][INFO] 2017-06-10 00:35:28,003: +SUB [/execute_trajectory/result] /move_group_commander_wrappers_1497080126727378720 http://ip-172-31-19-100:42580/
[rosmaster.master][INFO] 2017-06-10 00:35:28,008: +PUB [/execute_trajectory/goal] /move_group_commander_wrappers_1497080126727378720 http://ip-172-31-19-100:42580/
[rosmaster.master][INFO] 2017-06-10 00:35:28,012: +PUB [/execute_trajectory/cancel] /move_group_commander_wrappers_1497080126727378720 http://ip-172-31-19-100:42580/
[rosmaster.master][INFO] 2017-06-10 00:35:28,019: -SUB [/execute_trajectory/status] /move_group_commander_wrappers_1497080126727378720 http://ip-172-31-19-100:42580/
[rosmaster.master][INFO] 2017-06-10 00:35:28,031: -PUB [/execute_trajectory/cancel] /move_group_commander_wrappers_1497080126727378720 http://ip-172-31-19-100:42580/
[rosmaster.master][INFO] 2017-06-10 00:35:28,036: -PUB [/execute_trajectory/goal] /move_group_commander_wrappers_1497080126727378720 http://ip-172-31-19-100:42580/
[rosmaster.master][INFO] 2017-06-10 00:35:28,040: -SUB [/execute_trajectory/feedback] /move_group_commander_wrappers_1497080126727378720 http://ip-172-31-19-100:42580/
[rosmaster.master][INFO] 2017-06-10 00:35:28,044: -SUB [/execute_trajectory/result] /move_group_commander_wrappers_1497080126727378720 http://ip-172-31-19-100:42580/
[rosmaster.master][INFO] 2017-06-10 00:35:28,079: publisherUpdate[/execute_trajectory/goal] -> http://ip-172-31-19-100:49245/
[rosmaster.master][INFO] 2017-06-10 00:35:28,083: publisherUpdate[/execute_trajectory/cancel] -> http://ip-172-31-19-100:49245/
[rosmaster.master][INFO] 2017-06-10 00:35:28,088: publisherUpdate[/execute_trajectory/cancel] -> http://ip-172-31-19-100:49245/
[rosmaster.master][INFO] 2017-06-10 00:35:28,092: publisherUpdate[/execute_trajectory/goal] -> http://ip-172-31-19-100:49245/
