[rospy.client][INFO] 2017-06-10 00:35:13,613: init_node, name[/rosbridge_websocket], pid[2081]
[xmlrpc][INFO] 2017-06-10 00:35:13,613: XML-RPC server binding to 0.0.0.0:0
[xmlrpc][INFO] 2017-06-10 00:35:13,617: Started XML-RPC server [http://ip-172-31-19-100:47784/]
[rospy.init][INFO] 2017-06-10 00:35:13,618: ROS Slave URI: [http://ip-172-31-19-100:47784/]
[rospy.impl.masterslave][INFO] 2017-06-10 00:35:13,621: _ready: http://ip-172-31-19-100:47784/
[xmlrpc][INFO] 2017-06-10 00:35:13,628: xml rpc node: starting XML-RPC server
[rospy.registration][INFO] 2017-06-10 00:35:13,629: Registering with master node http://localhost:33315
[rospy.init][INFO] 2017-06-10 00:35:13,725: registered with master
[rospy.rosout][INFO] 2017-06-10 00:35:13,729: initializing /rosout core topic
[rospy.rosout][INFO] 2017-06-10 00:35:13,744: connected to core topic /rosout
[rospy.simtime][INFO] 2017-06-10 00:35:13,748: /use_sim_time is not set, will not subscribe to simulated time [/clock] topic
[rosout][INFO] 2017-06-10 00:35:13,786: Rosbridge WebSocket server started on port 39815
[rospy.internal][INFO] 2017-06-10 00:35:14,006: topic[/rosout] adding connection to [/rosout], count 0
[rosout][INFO] 2017-06-10 00:35:20,250: Client connected.  1 clients total.
[rosout][INFO] 2017-06-10 00:35:20,393: [Client 0] Subscribed to /tf2_web_republisher/feedback
[rospy.internal][INFO] 2017-06-10 00:35:20,404: topic[/tf2_web_republisher/feedback] adding connection to [http://ip-172-31-19-100:57033/], count 0
[rosout][INFO] 2017-06-10 00:35:20,410: [Client 0] Subscribed to /visualization_marker_array
[rospy.internal][INFO] 2017-06-10 00:35:20,414: topic[/visualization_marker_array] adding connection to [http://ip-172-31-19-100:41611/], count 0
[rosout][INFO] 2017-06-10 00:35:20,425: [Client 0] Subscribed to /control_markers/tunneled/update
[rospy.internal][INFO] 2017-06-10 00:35:20,430: topic[/control_markers/tunneled/update] adding connection to [http://ip-172-31-19-100:52494/], count 0
[rospy.internal][INFO] 2017-06-10 00:35:20,479: topic[/control_markers/feedback] adding connection to [/marker_control_2266_1497080116806], count 0
[rospy.internal][INFO] 2017-06-10 00:35:20,538: topic[/tf2_web_republisher/goal] adding connection to [/tf2_web_republisher], count 0
[rospy.internal][INFO] 2017-06-10 00:35:20,639: topic[/tf2_web_republisher/cancel] adding connection to [/tf2_web_republisher], count 0
[rosout][INFO] 2017-06-10 00:35:20,650: [Client 0] Subscribed to /tf2_web_republisher/feedback
[rosout][INFO] 2017-06-10 00:35:20,655: [Client 0] Subscribed to /tf2_web_republisher/feedback
[rosout][INFO] 2017-06-10 00:35:20,660: [Client 0] Subscribed to /tf2_web_republisher/feedback
[rosout][INFO] 2017-06-10 00:35:20,664: [Client 0] Subscribed to /tf2_web_republisher/feedback
[rosout][INFO] 2017-06-10 00:35:20,669: [Client 0] Subscribed to /tf2_web_republisher/feedback
[rosout][INFO] 2017-06-10 00:35:20,673: [Client 0] Subscribed to /tf2_web_republisher/feedback
[rosout][INFO] 2017-06-10 00:35:20,677: [Client 0] Subscribed to /tf2_web_republisher/feedback
[rospy.internal][INFO] 2017-06-10 00:36:34,754: topic impl's ref count is zero, deleting topic /tf2_web_republisher/cancel...
[rospy.internal][INFO] 2017-06-10 00:36:34,755: topic[/tf2_web_republisher/cancel] removing connection to /tf2_web_republisher
[rospy.internal][INFO] 2017-06-10 00:36:34,761: topic impl's ref count is zero, deleting topic /tf2_web_republisher/goal...
[rospy.internal][INFO] 2017-06-10 00:36:34,767: topic[/tf2_web_republisher/goal] removing connection to /tf2_web_republisher
[rospy.internal][INFO] 2017-06-10 00:36:34,782: topic impl's ref count is zero, deleting topic /control_markers/feedback...
[rospy.internal][INFO] 2017-06-10 00:36:34,786: topic[/control_markers/feedback] removing connection to /marker_control_2266_1497080116806
[rospy.internal][INFO] 2017-06-10 00:36:34,794: topic impl's ref count is zero, deleting topic /control_markers/tunneled/update...
[rospy.internal][INFO] 2017-06-10 00:36:34,797: topic[/control_markers/tunneled/update] removing connection to http://ip-172-31-19-100:52494/
[rospy.internal][INFO] 2017-06-10 00:36:34,805: topic impl's ref count is zero, deleting topic /tf2_web_republisher/feedback...
[rospy.internal][INFO] 2017-06-10 00:36:34,809: topic[/tf2_web_republisher/feedback] removing connection to http://ip-172-31-19-100:57033/
[rospy.internal][INFO] 2017-06-10 00:36:34,817: topic impl's ref count is zero, deleting topic /visualization_marker_array...
[rospy.internal][INFO] 2017-06-10 00:36:34,821: topic[/visualization_marker_array] removing connection to http://ip-172-31-19-100:41611/
[rosout][INFO] 2017-06-10 00:36:34,834: Client disconnected. 0 clients total.
