[roslaunch][INFO] 2017-06-10 00:35:10,690: Checking log directory for disk usage. This may take awhile.
Press Ctrl-C to interrupt
[roslaunch][INFO] 2017-06-10 00:35:10,728: Done checking log file disk usage. Usage is <1GB.
[roslaunch][INFO] 2017-06-10 00:35:10,728: roslaunch starting with args ['roscore', '--core', '-p', '33315']
[roslaunch][INFO] 2017-06-10 00:35:10,731: roslaunch env is {'ROS_DISTRO': 'indigo', 'ASNLIB': '/home/ccc_v1_s54106__48606/asn13529_Project_5/asn13530_Project_4/asnlib', 'LIB': '/home/ccc_v1_s54106__48606/lib', 'PKG_CONFIG_PATH': '/opt/ros/indigo/lib/pkgconfig:/opt/ros/indigo/lib/x86_64-linux-gnu/pkgconfig', 'SSH_CLIENT': '172.31.7.153 53890 22', 'CPATH': '/opt/ros/indigo/include', 'LOGNAME': 'ccc_v1_w_dd4cc_18220', 'USER': 'ccc_v1_w_dd4cc_18220', 'ROS_NODE_PORT': '33315', 'HOME': '/home/ccc_v1_w_dd4cc_18220/asn13529_Project_5/asn13530_Project_4/work', 'PATH': '/opt/ros/indigo/bin:/usr/local/sbin:/usr/local/bin:/usr/sbin:/usr/bin:/sbin:/bin:/usr/games:/usr/local/games:/home/local/bin:/home/ccc_v1_s54106__48606/lib:/home/ccc_v1_s54106__48606/asn13529_Project_5/asn13530_Project_4/asnlib:/home/vlibs:.', 'CMAKE_PREFIX_PATH': '/opt/ros/indigo', 'LD_LIBRARY_PATH': '/opt/ros/indigo/lib:/opt/ros/indigo/lib/x86_64-linux-gnu:/home/ccc_v1_s54106__48606/lib:/home/ccc_v1_s54106__48606/asn13529_Project_5/asn13530_Project_4/asnlib:/home/vlibs', 'LANG': 'en_US.UTF-8', 'TERM': 'xterm-256color', 'SHELL': '/bin/bash', 'HISTFILE': '/home/ccc_v1_w_dd4cc_18220/.bash_history', 'SHLVL': '2', 'VOC_WORKAREA': '/home/ccc_v1_w_dd4cc_18220/asn13529_Project_5/asn13530_Project_4/work', 'ROS_LOG_FILENAME': '/home/ccc_v1_w_dd4cc_18220/asn13529_Project_5/asn13530_Project_4/work/.ros/log/5574ec18-4daf-11e7-9ff9-06f360e4abc1/roslaunch-ip-172-31-19-100-1958.log', 'PART1': '/home/ccc_v1_s54106__48606/asn13529_Project_5/asn13530_Project_4', 'ROS_ETC_DIR': '/opt/ros/indigo/etc/ros', 'XDG_RUNTIME_DIR': '/run/user/18220', 'PYTHONPATH': '/opt/ros/indigo/lib/python2.7/dist-packages:/home/vlibs/python', 'VOC_PROXY_WRAPPER_PORT': '5100', 'VOC_XFER_TOKEN': '17226813074354243542135300593ba12622d952.21219164', 'ROS_ROOT': '/opt/ros/indigo/share/ros', 'OLD_HOME': '/home/ccc_v1_w_dd4cc_18220', 'VOC_PROXY_TOKEN': '37237684843542435421353001593ba1262b5d50.40222087', 'ROS_PACKAGE_PATH': '/opt/ros/indigo/share:/opt/ros/indigo/stacks', 'XDG_SESSION_ID': '318664', '_': '/usr/bin/stdbuf', 'LD_PRELOAD': '/usr/lib/coreutils/libstdbuf.so', '_STDBUF_O': 'L', 'SSH_TTY': '/dev/pts/1', 'OLDPWD': '/home/ccc_v1_w_dd4cc_18220', 'ROSLISP_PACKAGE_DIRECTORIES': '', 'VLIB': '/home/vlibs', 'PWD': '/home/ccc_v1_w_dd4cc_18220/asn13529_Project_5/asn13530_Project_4/work', 'VOC_PROXY_ID': '43542_43542_13530_0_1', 'ROS_MASTER_URI': 'http://localhost:33315', 'MAIL': '/var/mail/ccc_v1_w_dd4cc_18220', 'SSH_CONNECTION': '172.31.7.153 53890 172.31.19.100 22'}
[roslaunch][INFO] 2017-06-10 00:35:10,735: starting in server mode
[roslaunch.parent][INFO] 2017-06-10 00:35:10,738: starting roslaunch parent run
[roslaunch][INFO] 2017-06-10 00:35:10,742: loading roscore config file /opt/ros/indigo/etc/ros/roscore.xml
[roslaunch][INFO] 2017-06-10 00:35:10,855: Added core node of type [rosout/rosout] in namespace [/]
[roslaunch.pmon][INFO] 2017-06-10 00:35:10,856: start_process_monitor: creating ProcessMonitor
[roslaunch.pmon][INFO] 2017-06-10 00:35:10,860: created process monitor <ProcessMonitor(ProcessMonitor-1, initial daemon)>
[roslaunch.pmon][INFO] 2017-06-10 00:35:10,863: start_process_monitor: ProcessMonitor started
[roslaunch.parent][INFO] 2017-06-10 00:35:10,867: starting parent XML-RPC server
[roslaunch.server][INFO] 2017-06-10 00:35:10,871: starting roslaunch XML-RPC server
[roslaunch.server][INFO] 2017-06-10 00:35:10,883: waiting for roslaunch XML-RPC server to initialize
[xmlrpc][INFO] 2017-06-10 00:35:10,883: XML-RPC server binding to 0.0.0.0:0
[xmlrpc][INFO] 2017-06-10 00:35:10,890: Started XML-RPC server [http://ip-172-31-19-100:55771/]
[xmlrpc][INFO] 2017-06-10 00:35:10,893: xml rpc node: starting XML-RPC server
[roslaunch][INFO] 2017-06-10 00:35:10,902: started roslaunch server http://ip-172-31-19-100:55771/
[roslaunch.parent][INFO] 2017-06-10 00:35:10,906: ... parent XML-RPC server started
[roslaunch][INFO] 2017-06-10 00:35:10,909: master.is_running[http://ip-172-31-19-100:33315/]
[roslaunch][INFO] 2017-06-10 00:35:10,914: auto-starting new master
[roslaunch][INFO] 2017-06-10 00:35:10,917: create_master_process: rosmaster, /opt/ros/indigo/share/ros, 33315, 3, None
[roslaunch][INFO] 2017-06-10 00:35:10,921: process[master]: launching with args [['rosmaster', '--core', '-p', '33315', '-w', '3']]
[roslaunch.pmon][INFO] 2017-06-10 00:35:10,924: ProcessMonitor.register[master]
[roslaunch.pmon][INFO] 2017-06-10 00:35:10,927: ProcessMonitor.register[master] complete
[roslaunch][INFO] 2017-06-10 00:35:10,931: process[master]: starting os process
[roslaunch][INFO] 2017-06-10 00:35:10,935: process[master]: start w/ args [['rosmaster', '--core', '-p', '33315', '-w', '3', '__log:=/home/ccc_v1_w_dd4cc_18220/asn13529_Project_5/asn13530_Project_4/work/.ros/log/5574ec18-4daf-11e7-9ff9-06f360e4abc1/master.log']]
[roslaunch][INFO] 2017-06-10 00:35:10,938: process[master]: cwd will be [/home/ccc_v1_w_dd4cc_18220/asn13529_Project_5/asn13530_Project_4/work/.ros]
[roslaunch][INFO] 2017-06-10 00:35:10,946: process[master]: started with pid [1974]
[roslaunch][INFO] 2017-06-10 00:35:10,947: master.is_running[http://ip-172-31-19-100:33315/]
[roslaunch][INFO] 2017-06-10 00:35:11,051: master.is_running[http://ip-172-31-19-100:33315/]
[roslaunch][INFO] 2017-06-10 00:35:11,156: master.is_running[http://ip-172-31-19-100:33315/]
[roslaunch][INFO] 2017-06-10 00:35:11,161: master.is_running[http://ip-172-31-19-100:33315/]
[roslaunch][INFO] 2017-06-10 00:35:11,166: ROS_MASTER_URI=http://ip-172-31-19-100:33315/
[roslaunch][INFO] 2017-06-10 00:35:11,170: setting /run_id to 5574ec18-4daf-11e7-9ff9-06f360e4abc1
[roslaunch][INFO] 2017-06-10 00:35:11,179: setting /roslaunch/uris/host_ip_172_31_19_100__55771' to http://ip-172-31-19-100:55771/
[roslaunch][INFO] 2017-06-10 00:35:11,187: ... preparing to launch node of type [rosout/rosout]
[roslaunch][INFO] 2017-06-10 00:35:11,191: create_node_process: package[rosout] type[rosout] machine[Machine(name[] env_loader[None] address[localhost] ssh_port[22] user[None] assignable[True] timeout[10.0])] master_uri[http://ip-172-31-19-100:33315/]
[roslaunch][INFO] 2017-06-10 00:35:11,194: process[rosout-1]: env[{'ROS_DISTRO': 'indigo', 'ASNLIB': '/home/ccc_v1_s54106__48606/asn13529_Project_5/asn13530_Project_4/asnlib', 'LIB': '/home/ccc_v1_s54106__48606/lib', 'VOC_PROXY_TOKEN': '37237684843542435421353001593ba1262b5d50.40222087', 'SSH_CLIENT': '172.31.7.153 53890 22', 'CPATH': '/opt/ros/indigo/include', 'LOGNAME': 'ccc_v1_w_dd4cc_18220', 'USER': 'ccc_v1_w_dd4cc_18220', 'ROS_NODE_PORT': '33315', 'HOME': '/home/ccc_v1_w_dd4cc_18220/asn13529_Project_5/asn13530_Project_4/work', 'PATH': '/opt/ros/indigo/bin:/usr/local/sbin:/usr/local/bin:/usr/sbin:/usr/bin:/sbin:/bin:/usr/games:/usr/local/games:/home/local/bin:/home/ccc_v1_s54106__48606/lib:/home/ccc_v1_s54106__48606/asn13529_Project_5/asn13530_Project_4/asnlib:/home/vlibs:.', 'CMAKE_PREFIX_PATH': '/opt/ros/indigo', 'ROS_LOG_FILENAME': '/home/ccc_v1_w_dd4cc_18220/asn13529_Project_5/asn13530_Project_4/work/.ros/log/5574ec18-4daf-11e7-9ff9-06f360e4abc1/roslaunch-ip-172-31-19-100-1958.log', 'LANG': 'en_US.UTF-8', 'TERM': 'xterm-256color', 'SHELL': '/bin/bash', 'HISTFILE': '/home/ccc_v1_w_dd4cc_18220/.bash_history', 'SHLVL': '2', 'VOC_WORKAREA': '/home/ccc_v1_w_dd4cc_18220/asn13529_Project_5/asn13530_Project_4/work', 'LD_LIBRARY_PATH': '/opt/ros/indigo/lib:/opt/ros/indigo/lib/x86_64-linux-gnu:/home/ccc_v1_s54106__48606/lib:/home/ccc_v1_s54106__48606/asn13529_Project_5/asn13530_Project_4/asnlib:/home/vlibs', 'PART1': '/home/ccc_v1_s54106__48606/asn13529_Project_5/asn13530_Project_4', 'ROS_MASTER_URI': 'http://ip-172-31-19-100:33315/', 'XDG_RUNTIME_DIR': '/run/user/18220', 'PYTHONPATH': '/opt/ros/indigo/lib/python2.7/dist-packages:/home/vlibs/python', 'VOC_PROXY_WRAPPER_PORT': '5100', 'VOC_XFER_TOKEN': '17226813074354243542135300593ba12622d952.21219164', 'ROS_ROOT': '/opt/ros/indigo/share/ros', 'OLD_HOME': '/home/ccc_v1_w_dd4cc_18220', 'PKG_CONFIG_PATH': '/opt/ros/indigo/lib/pkgconfig:/opt/ros/indigo/lib/x86_64-linux-gnu/pkgconfig', 'ROS_PACKAGE_PATH': '/opt/ros/indigo/share:/opt/ros/indigo/stacks', 'XDG_SESSION_ID': '318664', '_': '/usr/bin/stdbuf', 'LD_PRELOAD': '/usr/lib/coreutils/libstdbuf.so', '_STDBUF_O': 'L', 'SSH_TTY': '/dev/pts/1', 'OLDPWD': '/home/ccc_v1_w_dd4cc_18220', 'ROSLISP_PACKAGE_DIRECTORIES': '', 'VLIB': '/home/vlibs', 'PWD': '/home/ccc_v1_w_dd4cc_18220/asn13529_Project_5/asn13530_Project_4/work', 'VOC_PROXY_ID': '43542_43542_13530_0_1', 'ROS_ETC_DIR': '/opt/ros/indigo/etc/ros', 'MAIL': '/var/mail/ccc_v1_w_dd4cc_18220', 'SSH_CONNECTION': '172.31.7.153 53890 172.31.19.100 22'}]
[roslaunch][INFO] 2017-06-10 00:35:11,221: process[rosout-1]: args[[u'/opt/ros/indigo/lib/rosout/rosout', u'__name:=rosout']]
[roslaunch][INFO] 2017-06-10 00:35:11,225: ... created process [rosout-1]
[roslaunch.pmon][INFO] 2017-06-10 00:35:11,228: ProcessMonitor.register[rosout-1]
[roslaunch.pmon][INFO] 2017-06-10 00:35:11,232: ProcessMonitor.register[rosout-1] complete
[roslaunch][INFO] 2017-06-10 00:35:11,235: ... registered process [rosout-1]
[roslaunch][INFO] 2017-06-10 00:35:11,238: process[rosout-1]: starting os process
[roslaunch][INFO] 2017-06-10 00:35:11,243: process[rosout-1]: start w/ args [[u'/opt/ros/indigo/lib/rosout/rosout', u'__name:=rosout', u'__log:=/home/ccc_v1_w_dd4cc_18220/asn13529_Project_5/asn13530_Project_4/work/.ros/log/5574ec18-4daf-11e7-9ff9-06f360e4abc1/rosout-1.log']]
[roslaunch][INFO] 2017-06-10 00:35:11,247: process[rosout-1]: cwd will be [/home/ccc_v1_w_dd4cc_18220/asn13529_Project_5/asn13530_Project_4/work/.ros]
[roslaunch][INFO] 2017-06-10 00:35:11,255: process[rosout-1]: started with pid [1987]
[roslaunch][INFO] 2017-06-10 00:35:11,255: ... successfully launched [rosout-1]
[roslaunch][INFO] 2017-06-10 00:35:11,259: load_parameters starting ...
[roslaunch][INFO] 2017-06-10 00:35:11,272: ... load_parameters complete
[roslaunch][INFO] 2017-06-10 00:35:11,275: launch_nodes: launching local nodes ...
[roslaunch][INFO] 2017-06-10 00:35:11,278: ... launch_nodes complete
[roslaunch.pmon][INFO] 2017-06-10 00:35:11,282: registrations completed <ProcessMonitor(ProcessMonitor-1, started daemon 139896446027520)>
[roslaunch.parent][INFO] 2017-06-10 00:35:11,285: ... roslaunch parent running, waiting for process exit
[roslaunch][INFO] 2017-06-10 00:35:11,288: spin
