[rosmaster.main][INFO] 2017-06-09 15:51:57,460: initialization complete, waiting for shutdown
[rosmaster.main][INFO] 2017-06-09 15:51:57,461: Starting ROS Master Node
[xmlrpc][INFO] 2017-06-09 15:51:57,465: XML-RPC server binding to 0.0.0.0:41193
[xmlrpc][INFO] 2017-06-09 15:51:57,469: Started XML-RPC server [http://ip-172-31-26-229:41193/]
[rosmaster.master][INFO] 2017-06-09 15:51:57,469: Master initialized: port[41193], uri[http://ip-172-31-26-229:41193/]
[xmlrpc][INFO] 2017-06-09 15:51:57,472: xml rpc node: starting XML-RPC server
[rosmaster.master][INFO] 2017-06-09 15:51:57,560: +PARAM [/run_id] by /roslaunch
[rosmaster.master][INFO] 2017-06-09 15:51:57,568: +PARAM [/roslaunch/uris/host_ip_172_31_26_229__53838] by /roslaunch
[rosmaster.master][INFO] 2017-06-09 15:51:57,659: +PARAM [/rosversion] by /roslaunch
[rosmaster.master][INFO] 2017-06-09 15:51:57,663: +PARAM [/rosdistro] by /roslaunch
[rosmaster.master][INFO] 2017-06-09 15:51:57,689: +SERVICE [/rosout/get_loggers] /rosout http://ip-172-31-26-229:42302/
[rosmaster.master][INFO] 2017-06-09 15:51:57,697: +SERVICE [/rosout/set_logger_level] /rosout http://ip-172-31-26-229:42302/
[rosmaster.master][INFO] 2017-06-09 15:51:57,703: +PUB [/rosout_agg] /rosout http://ip-172-31-26-229:42302/
[rosmaster.master][INFO] 2017-06-09 15:51:57,711: +SUB [/rosout] /rosout http://ip-172-31-26-229:42302/
[rosmaster.master][INFO] 2017-06-09 15:51:58,076: +PUB [/rosout] /tf2_web_republisher http://ip-172-31-26-229:60239/
[rosmaster.master][INFO] 2017-06-09 15:51:58,081: +SERVICE [/tf2_web_republisher/get_loggers] /tf2_web_republisher http://ip-172-31-26-229:60239/
[rosmaster.master][INFO] 2017-06-09 15:51:58,085: +SERVICE [/tf2_web_republisher/set_logger_level] /tf2_web_republisher http://ip-172-31-26-229:60239/
[rosmaster.master][INFO] 2017-06-09 15:51:58,092: +SUB [/tf] /tf2_web_republisher http://ip-172-31-26-229:60239/
[rosmaster.master][INFO] 2017-06-09 15:51:58,099: +SUB [/tf_static] /tf2_web_republisher http://ip-172-31-26-229:60239/
[rosmaster.master][INFO] 2017-06-09 15:51:58,103: +SERVICE [/republish_tfs] /tf2_web_republisher http://ip-172-31-26-229:60239/
[rosmaster.master][INFO] 2017-06-09 15:51:58,110: +PUB [/tf2_web_republisher/result] /tf2_web_republisher http://ip-172-31-26-229:60239/
[rosmaster.master][INFO] 2017-06-09 15:51:58,114: +PUB [/tf2_web_republisher/feedback] /tf2_web_republisher http://ip-172-31-26-229:60239/
[rosmaster.master][INFO] 2017-06-09 15:51:58,118: +PUB [/tf2_web_republisher/status] /tf2_web_republisher http://ip-172-31-26-229:60239/
[rosmaster.master][INFO] 2017-06-09 15:51:58,126: +SUB [/tf2_web_republisher/goal] /tf2_web_republisher http://ip-172-31-26-229:60239/
[rosmaster.master][INFO] 2017-06-09 15:51:58,133: +SUB [/tf2_web_republisher/cancel] /tf2_web_republisher http://ip-172-31-26-229:60239/
[rosmaster.master][INFO] 2017-06-09 15:51:58,166: publisherUpdate[/rosout] -> http://ip-172-31-26-229:42302/
[rosmaster.master][INFO] 2017-06-09 15:51:59,472: +PARAM [/roslaunch/uris/host_ip_172_31_26_229__50208] by /roslaunch
[rosmaster.master][INFO] 2017-06-09 15:51:59,479: +PARAM [/rosbridge_websocket/port] by /roslaunch
[rosmaster.master][INFO] 2017-06-09 15:51:59,482: +PARAM [/rosdistro] by /roslaunch
[rosmaster.master][INFO] 2017-06-09 15:51:59,486: +PARAM [/rosbridge_websocket/fragment_timeout] by /roslaunch
[rosmaster.master][INFO] 2017-06-09 15:51:59,489: +PARAM [/rosbridge_websocket/delay_between_messages] by /roslaunch
[rosmaster.master][INFO] 2017-06-09 15:51:59,493: +PARAM [/rosversion] by /roslaunch
[rosmaster.master][INFO] 2017-06-09 15:51:59,496: +PARAM [/rosbridge_websocket/authenticate] by /roslaunch
[rosmaster.master][INFO] 2017-06-09 15:51:59,499: +PARAM [/rosbridge_websocket/retry_startup_delay] by /roslaunch
[rosmaster.master][INFO] 2017-06-09 15:51:59,503: +PARAM [/rosbridge_websocket/address] by /roslaunch
[rosmaster.master][INFO] 2017-06-09 15:51:59,506: +PARAM [/rosbridge_websocket/max_message_size] by /roslaunch
[rosmaster.master][INFO] 2017-06-09 15:51:59,983: +PUB [/rosout] /rosapi http://ip-172-31-26-229:58356/
[rosmaster.master][INFO] 2017-06-09 15:51:59,996: +SERVICE [/rosapi/get_loggers] /rosapi http://ip-172-31-26-229:58356/
[rosmaster.master][INFO] 2017-06-09 15:52:00,001: +SERVICE [/rosapi/set_logger_level] /rosapi http://ip-172-31-26-229:58356/
[rosmaster.master][INFO] 2017-06-09 15:52:00,005: +SERVICE [/rosapi/topics] /rosapi http://ip-172-31-26-229:58356/
[rosmaster.master][INFO] 2017-06-09 15:52:00,010: +SERVICE [/rosapi/topics_for_type] /rosapi http://ip-172-31-26-229:58356/
[rosmaster.master][INFO] 2017-06-09 15:52:00,015: +SERVICE [/rosapi/services] /rosapi http://ip-172-31-26-229:58356/
[rosmaster.master][INFO] 2017-06-09 15:52:00,019: +SERVICE [/rosapi/services_for_type] /rosapi http://ip-172-31-26-229:58356/
[rosmaster.master][INFO] 2017-06-09 15:52:00,024: +SERVICE [/rosapi/nodes] /rosapi http://ip-172-31-26-229:58356/
[rosmaster.master][INFO] 2017-06-09 15:52:00,028: +SERVICE [/rosapi/node_details] /rosapi http://ip-172-31-26-229:58356/
[rosmaster.master][INFO] 2017-06-09 15:52:00,033: +SERVICE [/rosapi/topic_type] /rosapi http://ip-172-31-26-229:58356/
[rosmaster.master][INFO] 2017-06-09 15:52:00,037: +SERVICE [/rosapi/service_type] /rosapi http://ip-172-31-26-229:58356/
[rosmaster.master][INFO] 2017-06-09 15:52:00,042: +SERVICE [/rosapi/publishers] /rosapi http://ip-172-31-26-229:58356/
[rosmaster.master][INFO] 2017-06-09 15:52:00,046: +SERVICE [/rosapi/subscribers] /rosapi http://ip-172-31-26-229:58356/
[rosmaster.master][INFO] 2017-06-09 15:52:00,051: +SERVICE [/rosapi/service_providers] /rosapi http://ip-172-31-26-229:58356/
[rosmaster.master][INFO] 2017-06-09 15:52:00,056: +SERVICE [/rosapi/service_node] /rosapi http://ip-172-31-26-229:58356/
[rosmaster.master][INFO] 2017-06-09 15:52:00,060: +SERVICE [/rosapi/service_host] /rosapi http://ip-172-31-26-229:58356/
[rosmaster.master][INFO] 2017-06-09 15:52:00,065: +SERVICE [/rosapi/message_details] /rosapi http://ip-172-31-26-229:58356/
[rosmaster.master][INFO] 2017-06-09 15:52:00,070: publisherUpdate[/rosout] -> http://ip-172-31-26-229:42302/
[rosmaster.master][INFO] 2017-06-09 15:52:00,070: +SERVICE [/rosapi/service_request_details] /rosapi http://ip-172-31-26-229:58356/
[rosmaster.master][INFO] 2017-06-09 15:52:00,078: +SERVICE [/rosapi/service_response_details] /rosapi http://ip-172-31-26-229:58356/
[rosmaster.master][INFO] 2017-06-09 15:52:00,082: +SERVICE [/rosapi/set_param] /rosapi http://ip-172-31-26-229:58356/
[rosmaster.master][INFO] 2017-06-09 15:52:00,087: +SERVICE [/rosapi/get_param] /rosapi http://ip-172-31-26-229:58356/
[rosmaster.master][INFO] 2017-06-09 15:52:00,091: +SERVICE [/rosapi/has_param] /rosapi http://ip-172-31-26-229:58356/
[rosmaster.master][INFO] 2017-06-09 15:52:00,096: +SERVICE [/rosapi/search_param] /rosapi http://ip-172-31-26-229:58356/
[rosmaster.master][INFO] 2017-06-09 15:52:00,100: +SERVICE [/rosapi/delete_param] /rosapi http://ip-172-31-26-229:58356/
[rosmaster.master][INFO] 2017-06-09 15:52:00,108: +PUB [/rosout] /interactive_marker_proxy http://ip-172-31-26-229:37355/
[rosmaster.master][INFO] 2017-06-09 15:52:00,112: +SERVICE [/rosapi/get_param_names] /rosapi http://ip-172-31-26-229:58356/
[rosmaster.master][INFO] 2017-06-09 15:52:00,115: +SERVICE [/interactive_marker_proxy/get_loggers] /interactive_marker_proxy http://ip-172-31-26-229:37355/
[rosmaster.master][INFO] 2017-06-09 15:52:00,119: +SERVICE [/rosapi/get_time] /rosapi http://ip-172-31-26-229:58356/
[rosmaster.master][INFO] 2017-06-09 15:52:00,123: +SERVICE [/interactive_marker_proxy/set_logger_level] /interactive_marker_proxy http://ip-172-31-26-229:37355/
[rosmaster.master][INFO] 2017-06-09 15:52:00,131: +SUB [/tf] /interactive_marker_proxy http://ip-172-31-26-229:37355/
[rosmaster.master][INFO] 2017-06-09 15:52:00,135: +PUB [/rosout] /rosbridge_websocket http://ip-172-31-26-229:33014/
[rosmaster.master][INFO] 2017-06-09 15:52:00,138: +SUB [/tf_static] /interactive_marker_proxy http://ip-172-31-26-229:37355/
[rosmaster.master][INFO] 2017-06-09 15:52:00,146: +SUB [/control_markers/update] /interactive_marker_proxy http://ip-172-31-26-229:37355/
[rosmaster.master][INFO] 2017-06-09 15:52:00,150: +SERVICE [/rosbridge_websocket/get_loggers] /rosbridge_websocket http://ip-172-31-26-229:33014/
[rosmaster.master][INFO] 2017-06-09 15:52:00,154: +SUB [/control_markers/update_full] /interactive_marker_proxy http://ip-172-31-26-229:37355/
[rosmaster.master][INFO] 2017-06-09 15:52:00,157: +SERVICE [/rosbridge_websocket/set_logger_level] /rosbridge_websocket http://ip-172-31-26-229:33014/
[rosmaster.master][INFO] 2017-06-09 15:52:00,161: +PUB [/control_markers/tunneled/update] /interactive_marker_proxy http://ip-172-31-26-229:37355/
[rosmaster.master][INFO] 2017-06-09 15:52:00,166: +SERVICE [/control_markers/tunneled/get_init] /interactive_marker_proxy http://ip-172-31-26-229:37355/
[rosmaster.master][INFO] 2017-06-09 15:52:00,170: publisherUpdate[/rosout] -> http://ip-172-31-26-229:42302/
[rosmaster.master][INFO] 2017-06-09 15:52:00,176: publisherUpdate[/rosout] -> http://ip-172-31-26-229:42302/
[rosmaster.master][INFO] 2017-06-09 15:52:00,207: -SUB [/control_markers/update_full] /interactive_marker_proxy http://ip-172-31-26-229:37355/
[rosmaster.master][INFO] 2017-06-09 15:52:27,436: +PARAM [/roslaunch/uris/host_ip_172_31_26_229__45056] by /roslaunch
[rosmaster.master][INFO] 2017-06-09 15:52:27,450: +PARAM [/robot_description_kinematics/lwr_arm/kinematics_solver] by /roslaunch
[rosmaster.master][INFO] 2017-06-09 15:52:27,458: +PARAM [/move_group/planner_configs/RRTkConfigDefault/goal_bias] by /roslaunch
[rosmaster.master][INFO] 2017-06-09 15:52:27,462: +PARAM [/robot_description_semantic] by /roslaunch
[rosmaster.master][INFO] 2017-06-09 15:52:27,467: +PARAM [/robot_description_kinematics/lwr_arm/kinematics_solver_attempts] by /roslaunch
[rosmaster.master][INFO] 2017-06-09 15:52:27,471: +PARAM [/robot_description_planning/joint_limits/lwr_arm_6_joint/max_acceleration] by /roslaunch
[rosmaster.master][INFO] 2017-06-09 15:52:27,474: +PARAM [/robot_description_planning/joint_limits/lwr_arm_5_joint/has_acceleration_limits] by /roslaunch
[rosmaster.master][INFO] 2017-06-09 15:52:27,478: +PARAM [/move_group/planner_configs/RRTstarkConfigDefault/range] by /roslaunch
[rosmaster.master][INFO] 2017-06-09 15:52:27,481: +PARAM [/robot_description_planning/joint_limits/lwr_arm_0_joint/max_acceleration] by /roslaunch
[rosmaster.master][INFO] 2017-06-09 15:52:27,484: +PARAM [/robot_description_planning/joint_limits/lwr_arm_0_joint/has_velocity_limits] by /roslaunch
[rosmaster.master][INFO] 2017-06-09 15:52:27,488: +PARAM [/move_group/max_safe_path_cost] by /roslaunch
[rosmaster.master][INFO] 2017-06-09 15:52:27,491: +PARAM [/move_group/planner_configs/RRTstarkConfigDefault/goal_bias] by /roslaunch
[rosmaster.master][INFO] 2017-06-09 15:52:27,495: +PARAM [/move_group/planning_scene_monitor/publish_planning_scene] by /roslaunch
[rosmaster.master][INFO] 2017-06-09 15:52:27,498: +PARAM [/move_group/planner_configs/PRMkConfigDefault/type] by /roslaunch
[rosmaster.master][INFO] 2017-06-09 15:52:27,502: +PARAM [/move_group/planner_configs/ESTkConfigDefault/range] by /roslaunch
[rosmaster.master][INFO] 2017-06-09 15:52:27,505: +PARAM [/robot_description_planning/joint_limits/lwr_arm_2_joint/max_acceleration] by /roslaunch
[rosmaster.master][INFO] 2017-06-09 15:52:27,509: +PARAM [/move_group/planner_configs/KPIECEkConfigDefault/min_valid_path_fraction] by /roslaunch
[rosmaster.master][INFO] 2017-06-09 15:52:27,512: +PARAM [/move_group/planner_configs/BKPIECEkConfigDefault/border_fraction] by /roslaunch
[rosmaster.master][INFO] 2017-06-09 15:52:27,516: +PARAM [/move_group/planner_configs/PRMkConfigDefault/max_nearest_neighbors] by /roslaunch
[rosmaster.master][INFO] 2017-06-09 15:52:27,519: +PARAM [/move_group/planner_configs/TRRTkConfigDefault/goal_bias] by /roslaunch
[rosmaster.master][INFO] 2017-06-09 15:52:27,523: +PARAM [/move_group/planner_configs/BKPIECEkConfigDefault/min_valid_path_fraction] by /roslaunch
[rosmaster.master][INFO] 2017-06-09 15:52:27,526: +PARAM [/robot_description_planning/joint_limits/lwr_arm_2_joint/has_velocity_limits] by /roslaunch
[rosmaster.master][INFO] 2017-06-09 15:52:27,530: +PARAM [/robot_description_planning/joint_limits/lwr_arm_3_joint/max_velocity] by /roslaunch
[rosmaster.master][INFO] 2017-06-09 15:52:27,533: +PARAM [/robot_description_planning/joint_limits/lwr_arm_4_joint/max_acceleration] by /roslaunch
[rosmaster.master][INFO] 2017-06-09 15:52:27,537: +PARAM [/robot_description_planning/joint_limits/lwr_arm_0_joint/max_velocity] by /roslaunch
[rosmaster.master][INFO] 2017-06-09 15:52:27,540: +PARAM [/move_group/planner_configs/SBLkConfigDefault/range] by /roslaunch
[rosmaster.master][INFO] 2017-06-09 15:52:27,544: +PARAM [/move_group/planner_configs/TRRTkConfigDefault/frountierNodeRatio] by /roslaunch
[rosmaster.master][INFO] 2017-06-09 15:52:27,547: +PARAM [/robot_description_planning/joint_limits/lwr_arm_6_joint/has_acceleration_limits] by /roslaunch
[rosmaster.master][INFO] 2017-06-09 15:52:27,551: +PARAM [/move_group/planning_plugin] by /roslaunch
[rosmaster.master][INFO] 2017-06-09 15:52:27,554: +PARAM [/move_group/planning_scene_monitor/publish_geometry_updates] by /roslaunch
[rosmaster.master][INFO] 2017-06-09 15:52:27,557: +PARAM [/robot_description_planning/joint_limits/lwr_arm_3_joint/max_acceleration] by /roslaunch
[rosmaster.master][INFO] 2017-06-09 15:52:27,566: +PARAM [/move_group/planner_configs/TRRTkConfigDefault/max_states_failed] by /roslaunch
[rosmaster.master][INFO] 2017-06-09 15:52:27,570: +PARAM [/robot_description_planning/joint_limits/lwr_arm_3_joint/has_velocity_limits] by /roslaunch
[rosmaster.master][INFO] 2017-06-09 15:52:27,574: +PARAM [/robot_description_kinematics/lwr_arm/kinematics_solver_timeout] by /roslaunch
[rosmaster.master][INFO] 2017-06-09 15:52:27,577: +PARAM [/move_group/lwr_arm/projection_evaluator] by /roslaunch
[rosmaster.master][INFO] 2017-06-09 15:52:27,581: +PARAM [/robot_description_planning/joint_limits/lwr_arm_1_joint/has_acceleration_limits] by /roslaunch
[rosmaster.master][INFO] 2017-06-09 15:52:27,584: +PARAM [/rosdistro] by /roslaunch
[rosmaster.master][INFO] 2017-06-09 15:52:27,588: +PARAM [/robot_description_planning/joint_limits/lwr_arm_5_joint/max_velocity] by /roslaunch
[rosmaster.master][INFO] 2017-06-09 15:52:27,592: +PARAM [/move_group/planner_configs/PRMstarkConfigDefault/type] by /roslaunch
[rosmaster.master][INFO] 2017-06-09 15:52:27,595: +PARAM [/move_group/planner_configs/RRTkConfigDefault/range] by /roslaunch
[rosmaster.master][INFO] 2017-06-09 15:52:27,598: +PARAM [/move_group/allow_trajectory_execution] by /roslaunch
[rosmaster.master][INFO] 2017-06-09 15:52:27,602: +PARAM [/move_group/lwr_arm/planner_configs] by /roslaunch
[rosmaster.master][INFO] 2017-06-09 15:52:27,605: +PARAM [/move_group/planner_configs/ESTkConfigDefault/type] by /roslaunch
[rosmaster.master][INFO] 2017-06-09 15:52:27,609: +PARAM [/move_group/start_state_max_bounds_error] by /roslaunch
[rosmaster.master][INFO] 2017-06-09 15:52:27,612: +PARAM [/move_group/planner_configs/TRRTkConfigDefault/init_temperature] by /roslaunch
[rosmaster.master][INFO] 2017-06-09 15:52:27,616: +PARAM [/move_group/planner_configs/BKPIECEkConfigDefault/type] by /roslaunch
[rosmaster.master][INFO] 2017-06-09 15:52:27,619: +PARAM [/move_group/planner_configs/KPIECEkConfigDefault/border_fraction] by /roslaunch
[rosmaster.master][INFO] 2017-06-09 15:52:27,624: +PARAM [/robot_description_planning/joint_limits/lwr_arm_4_joint/has_velocity_limits] by /roslaunch
[rosmaster.master][INFO] 2017-06-09 15:52:27,627: +PARAM [/move_group/planner_configs/ESTkConfigDefault/goal_bias] by /roslaunch
[rosmaster.master][INFO] 2017-06-09 15:52:27,631: +PARAM [/move_group/planner_configs/LBKPIECEkConfigDefault/border_fraction] by /roslaunch
[rosmaster.master][INFO] 2017-06-09 15:52:27,634: +PARAM [/move_group/jiggle_fraction] by /roslaunch
[rosmaster.master][INFO] 2017-06-09 15:52:27,638: +PARAM [/move_group/planner_configs/TRRTkConfigDefault/range] by /roslaunch
[rosmaster.master][INFO] 2017-06-09 15:52:27,641: +PARAM [/move_group/planning_scene_monitor/publish_state_updates] by /roslaunch
[rosmaster.master][INFO] 2017-06-09 15:52:27,645: +PARAM [/move_group/planner_configs/TRRTkConfigDefault/temp_change_factor] by /roslaunch
[rosmaster.master][INFO] 2017-06-09 15:52:27,648: +PARAM [/robot_description_planning/joint_limits/lwr_arm_6_joint/max_velocity] by /roslaunch
[rosmaster.master][INFO] 2017-06-09 15:52:27,652: +PARAM [/robot_description_planning/joint_limits/lwr_arm_1_joint/max_velocity] by /roslaunch
[rosmaster.master][INFO] 2017-06-09 15:52:27,655: +PARAM [/move_group/planner_configs/SBLkConfigDefault/type] by /roslaunch
[rosmaster.master][INFO] 2017-06-09 15:52:27,659: +PARAM [/robot_description] by /roslaunch
[rosmaster.master][INFO] 2017-06-09 15:52:27,662: +PARAM [/move_group/capabilities] by /roslaunch
[rosmaster.master][INFO] 2017-06-09 15:52:27,665: +PARAM [/move_group/planner_configs/LBKPIECEkConfigDefault/range] by /roslaunch
[rosmaster.master][INFO] 2017-06-09 15:52:27,669: +PARAM [/robot_description_planning/joint_limits/lwr_arm_5_joint/max_acceleration] by /roslaunch
[rosmaster.master][INFO] 2017-06-09 15:52:27,672: +PARAM [/move_group/planner_configs/KPIECEkConfigDefault/range] by /roslaunch
[rosmaster.master][INFO] 2017-06-09 15:52:27,676: +PARAM [/move_group/planner_configs/BKPIECEkConfigDefault/range] by /roslaunch
[rosmaster.master][INFO] 2017-06-09 15:52:27,679: +PARAM [/move_group/planner_configs/TRRTkConfigDefault/type] by /roslaunch
[rosmaster.master][INFO] 2017-06-09 15:52:27,682: +PARAM [/move_group/planner_configs/KPIECEkConfigDefault/goal_bias] by /roslaunch
[rosmaster.master][INFO] 2017-06-09 15:52:27,686: +PARAM [/move_group/planner_configs/RRTConnectkConfigDefault/range] by /roslaunch
[rosmaster.master][INFO] 2017-06-09 15:52:27,689: +PARAM [/move_group/request_adapters] by /roslaunch
[rosmaster.master][INFO] 2017-06-09 15:52:27,693: +PARAM [/move_group/planner_configs/TRRTkConfigDefault/min_temperature] by /roslaunch
[rosmaster.master][INFO] 2017-06-09 15:52:27,697: +PARAM [/robot_description_planning/joint_limits/lwr_arm_6_joint/has_velocity_limits] by /roslaunch
[rosmaster.master][INFO] 2017-06-09 15:52:27,700: +PARAM [/robot_description_planning/joint_limits/lwr_arm_1_joint/has_velocity_limits] by /roslaunch
[rosmaster.master][INFO] 2017-06-09 15:52:27,704: +PARAM [/move_group/planner_configs/KPIECEkConfigDefault/failed_expansion_score_factor] by /roslaunch
[rosmaster.master][INFO] 2017-06-09 15:52:27,707: +PARAM [/move_group/planning_scene_monitor/publish_transforms_updates] by /roslaunch
[rosmaster.master][INFO] 2017-06-09 15:52:27,711: +PARAM [/robot_description_planning/joint_limits/lwr_arm_5_joint/has_velocity_limits] by /roslaunch
[rosmaster.master][INFO] 2017-06-09 15:52:27,714: +PARAM [/robot_description_planning/joint_limits/lwr_arm_3_joint/has_acceleration_limits] by /roslaunch
[rosmaster.master][INFO] 2017-06-09 15:52:27,718: +PARAM [/move_group/planner_configs/RRTstarkConfigDefault/type] by /roslaunch
[rosmaster.master][INFO] 2017-06-09 15:52:27,721: +PARAM [/move_group/lwr_arm/longest_valid_segment_fraction] by /roslaunch
[rosmaster.master][INFO] 2017-06-09 15:52:27,725: +PARAM [/move_group/planner_configs/RRTstarkConfigDefault/delay_collision_checking] by /roslaunch
[rosmaster.master][INFO] 2017-06-09 15:52:27,729: +PARAM [/move_group/planner_configs/KPIECEkConfigDefault/type] by /roslaunch
[rosmaster.master][INFO] 2017-06-09 15:52:27,732: +PARAM [/robot_description_kinematics/lwr_arm/kinematics_solver_search_resolution] by /roslaunch
[rosmaster.master][INFO] 2017-06-09 15:52:27,736: +PARAM [/move_group/planner_configs/RRTConnectkConfigDefault/type] by /roslaunch
[rosmaster.master][INFO] 2017-06-09 15:52:27,739: +PARAM [/robot_description_planning/joint_limits/lwr_arm_2_joint/has_acceleration_limits] by /roslaunch
[rosmaster.master][INFO] 2017-06-09 15:52:27,743: +PARAM [/move_group/planner_configs/BKPIECEkConfigDefault/failed_expansion_score_factor] by /roslaunch
[rosmaster.master][INFO] 2017-06-09 15:52:27,746: +PARAM [/robot_description_planning/joint_limits/lwr_arm_2_joint/max_velocity] by /roslaunch
[rosmaster.master][INFO] 2017-06-09 15:52:27,750: +PARAM [/move_group/planner_configs/LBKPIECEkConfigDefault/min_valid_path_fraction] by /roslaunch
[rosmaster.master][INFO] 2017-06-09 15:52:27,753: +PARAM [/rosversion] by /roslaunch
[rosmaster.master][INFO] 2017-06-09 15:52:27,756: +PARAM [/robot_description_planning/joint_limits/lwr_arm_4_joint/max_velocity] by /roslaunch
[rosmaster.master][INFO] 2017-06-09 15:52:27,760: +PARAM [/robot_description_planning/joint_limits/lwr_arm_4_joint/has_acceleration_limits] by /roslaunch
[rosmaster.master][INFO] 2017-06-09 15:52:27,764: +PARAM [/robot_description_planning/joint_limits/lwr_arm_0_joint/has_acceleration_limits] by /roslaunch
[rosmaster.master][INFO] 2017-06-09 15:52:27,767: +PARAM [/robot_description_planning/joint_limits/lwr_arm_1_joint/max_acceleration] by /roslaunch
[rosmaster.master][INFO] 2017-06-09 15:52:27,771: +PARAM [/move_group/planner_configs/TRRTkConfigDefault/k_constant] by /roslaunch
[rosmaster.master][INFO] 2017-06-09 15:52:27,781: +PARAM [/move_group/planner_configs/TRRTkConfigDefault/frountier_threshold] by /roslaunch
[rosmaster.master][INFO] 2017-06-09 15:52:27,784: +PARAM [/move_group/planner_configs/LBKPIECEkConfigDefault/type] by /roslaunch
[rosmaster.master][INFO] 2017-06-09 15:52:27,787: +PARAM [/move_group/planner_configs/RRTkConfigDefault/type] by /roslaunch
[rosmaster.master][INFO] 2017-06-09 15:52:27,962: +PUB [/rosout] /robot_sim http://ip-172-31-26-229:43268/
[rosmaster.master][INFO] 2017-06-09 15:52:27,967: +SERVICE [/robot_sim/get_loggers] /robot_sim http://ip-172-31-26-229:43268/
[rosmaster.master][INFO] 2017-06-09 15:52:27,971: +SERVICE [/robot_sim/set_logger_level] /robot_sim http://ip-172-31-26-229:43268/
[rosmaster.master][INFO] 2017-06-09 15:52:27,981: +PUB [/joint_states] /robot_sim http://ip-172-31-26-229:43268/
[rosmaster.master][INFO] 2017-06-09 15:52:27,990: +SUB [/joint_velocities] /robot_sim http://ip-172-31-26-229:43268/
[rosmaster.master][INFO] 2017-06-09 15:52:28,001: +SUB [/joint_positions] /robot_sim http://ip-172-31-26-229:43268/
[rosmaster.master][INFO] 2017-06-09 15:52:28,010: +SUB [/joint_command] /robot_sim http://ip-172-31-26-229:43268/
[rosmaster.master][INFO] 2017-06-09 15:52:28,019: +SUB [/joint_trajectory] /robot_sim http://ip-172-31-26-229:43268/
[rosmaster.master][INFO] 2017-06-09 15:52:28,022: publisherUpdate[/rosout] -> http://ip-172-31-26-229:42302/
[rosmaster.master][INFO] 2017-06-09 15:52:28,026: +PUB [/rosout] /robot_state_publisher http://ip-172-31-26-229:36106/
[rosmaster.master][INFO] 2017-06-09 15:52:28,028: publisherUpdate[/rosout] -> http://ip-172-31-26-229:42302/
[rosmaster.master][INFO] 2017-06-09 15:52:28,032: +SERVICE [/robot_state_publisher/get_loggers] /robot_state_publisher http://ip-172-31-26-229:36106/
[rosmaster.master][INFO] 2017-06-09 15:52:28,039: +SERVICE [/robot_state_publisher/set_logger_level] /robot_state_publisher http://ip-172-31-26-229:36106/
[rosmaster.master][INFO] 2017-06-09 15:52:28,049: +PUB [/tf] /robot_state_publisher http://ip-172-31-26-229:36106/
[rosmaster.master][INFO] 2017-06-09 15:52:28,053: +PUB [/tf_static] /robot_state_publisher http://ip-172-31-26-229:36106/
[rosmaster.master][INFO] 2017-06-09 15:52:28,064: +SUB [/joint_states] /robot_state_publisher http://ip-172-31-26-229:36106/
[rosmaster.master][INFO] 2017-06-09 15:52:28,126: publisherUpdate[/tf] -> http://ip-172-31-26-229:60239/
[rosmaster.master][INFO] 2017-06-09 15:52:28,127: publisherUpdate[/tf] -> http://ip-172-31-26-229:37355/
[rosmaster.master][INFO] 2017-06-09 15:52:28,136: publisherUpdate[/tf_static] -> http://ip-172-31-26-229:60239/
[rosmaster.master][INFO] 2017-06-09 15:52:28,141: publisherUpdate[/tf_static] -> http://ip-172-31-26-229:37355/
[rosmaster.master][INFO] 2017-06-09 15:52:28,241: +PUB [/rosout] /move_group http://ip-172-31-26-229:46787/
[rosmaster.master][INFO] 2017-06-09 15:52:28,241: publisherUpdate[/rosout] -> http://ip-172-31-26-229:42302/
[rosmaster.master][INFO] 2017-06-09 15:52:28,247: +SERVICE [/move_group/get_loggers] /move_group http://ip-172-31-26-229:46787/
[rosmaster.master][INFO] 2017-06-09 15:52:28,254: +SERVICE [/move_group/set_logger_level] /move_group http://ip-172-31-26-229:46787/
[rosmaster.master][INFO] 2017-06-09 15:52:28,264: +SUB [/tf] /move_group http://ip-172-31-26-229:46787/
[rosmaster.master][INFO] 2017-06-09 15:52:28,273: +SUB [/tf_static] /move_group http://ip-172-31-26-229:46787/
[rosmaster.master][INFO] 2017-06-09 15:52:28,465: +SERVICE [/move_group/planning_scene_monitor/set_parameters] /move_group http://ip-172-31-26-229:46787/
[rosmaster.master][INFO] 2017-06-09 15:52:28,470: +PUB [/move_group/planning_scene_monitor/parameter_descriptions] /move_group http://ip-172-31-26-229:46787/
[rosmaster.master][INFO] 2017-06-09 15:52:28,474: +PUB [/move_group/planning_scene_monitor/parameter_updates] /move_group http://ip-172-31-26-229:46787/
[rosmaster.master][INFO] 2017-06-09 15:52:28,483: +PARAM [/move_group/planning_scene_monitor/publish_planning_scene] by /move_group
[rosmaster.master][INFO] 2017-06-09 15:52:28,487: +PARAM [/move_group/planning_scene_monitor/publish_planning_scene_hz] by /move_group
[rosmaster.master][INFO] 2017-06-09 15:52:28,491: +PARAM [/move_group/planning_scene_monitor/publish_geometry_updates] by /move_group
[rosmaster.master][INFO] 2017-06-09 15:52:28,495: +PARAM [/move_group/planning_scene_monitor/publish_state_updates] by /move_group
[rosmaster.master][INFO] 2017-06-09 15:52:28,500: +PARAM [/move_group/planning_scene_monitor/publish_transforms_updates] by /move_group
[rosmaster.master][INFO] 2017-06-09 15:52:28,505: +PUB [/move_group/monitored_planning_scene] /move_group http://ip-172-31-26-229:46787/
[rosmaster.master][INFO] 2017-06-09 15:52:28,510: +PARAM [/move_group/planning_scene_monitor/publish_planning_scene] by /move_group
[rosmaster.master][INFO] 2017-06-09 15:52:28,514: +PARAM [/move_group/planning_scene_monitor/publish_planning_scene_hz] by /move_group
[rosmaster.master][INFO] 2017-06-09 15:52:28,518: +PARAM [/move_group/planning_scene_monitor/publish_geometry_updates] by /move_group
[rosmaster.master][INFO] 2017-06-09 15:52:28,522: +PARAM [/move_group/planning_scene_monitor/publish_state_updates] by /move_group
[rosmaster.master][INFO] 2017-06-09 15:52:28,527: +PARAM [/move_group/planning_scene_monitor/publish_transforms_updates] by /move_group
[rosmaster.master][INFO] 2017-06-09 15:52:28,535: +SUB [/planning_scene] /move_group http://ip-172-31-26-229:46787/
[rosmaster.master][INFO] 2017-06-09 15:52:28,544: +SUB [/collision_object] /move_group http://ip-172-31-26-229:46787/
[rosmaster.master][INFO] 2017-06-09 15:52:28,552: +SUB [/planning_scene_world] /move_group http://ip-172-31-26-229:46787/
[rosmaster.master][INFO] 2017-06-09 15:52:28,560: +SERVICE [/move_group/save_map] /move_group http://ip-172-31-26-229:46787/
[rosmaster.master][INFO] 2017-06-09 15:52:28,564: +SERVICE [/move_group/load_map] /move_group http://ip-172-31-26-229:46787/
[rosmaster.master][INFO] 2017-06-09 15:52:28,573: +SUB [/joint_states] /move_group http://ip-172-31-26-229:46787/
[rosmaster.master][INFO] 2017-06-09 15:52:28,583: +SUB [/attached_collision_object] /move_group http://ip-172-31-26-229:46787/
[rosmaster.master][INFO] 2017-06-09 15:52:28,671: +SERVICE [/move_group/ompl/set_parameters] /move_group http://ip-172-31-26-229:46787/
[rosmaster.master][INFO] 2017-06-09 15:52:28,675: +PUB [/move_group/ompl/parameter_descriptions] /move_group http://ip-172-31-26-229:46787/
[rosmaster.master][INFO] 2017-06-09 15:52:28,680: +PUB [/move_group/ompl/parameter_updates] /move_group http://ip-172-31-26-229:46787/
[rosmaster.master][INFO] 2017-06-09 15:52:28,684: +PUB [/rosout] /move_group_commander_wrappers_1497048748675806808 http://ip-172-31-26-229:56524/
[rosmaster.master][INFO] 2017-06-09 15:52:28,689: +PARAM [/move_group/ompl/simplify_solutions] by /move_group
[rosmaster.master][INFO] 2017-06-09 15:52:28,689: +SERVICE [/move_group_commander_wrappers_1497048748675806808/get_loggers] /move_group_commander_wrappers_1497048748675806808 http://ip-172-31-26-229:56524/
[rosmaster.master][INFO] 2017-06-09 15:52:28,693: +PARAM [/move_group/ompl/minimum_waypoint_count] by /move_group
[rosmaster.master][INFO] 2017-06-09 15:52:28,696: +SERVICE [/move_group_commander_wrappers_1497048748675806808/set_logger_level] /move_group_commander_wrappers_1497048748675806808 http://ip-172-31-26-229:56524/
[rosmaster.master][INFO] 2017-06-09 15:52:28,700: +PARAM [/move_group/ompl/maximum_waypoint_distance] by /move_group
[rosmaster.master][INFO] 2017-06-09 15:52:28,709: +PARAM [/move_group/ompl/link_for_exploration_tree] by /move_group
[rosmaster.master][INFO] 2017-06-09 15:52:28,714: +PARAM [/move_group/ompl/display_random_valid_states] by /move_group
[rosmaster.master][INFO] 2017-06-09 15:52:28,718: +PARAM [/move_group/ompl/simplify_solutions] by /move_group
[rosmaster.master][INFO] 2017-06-09 15:52:28,723: +PARAM [/move_group/ompl/minimum_waypoint_count] by /move_group
[rosmaster.master][INFO] 2017-06-09 15:52:28,727: +PARAM [/move_group/ompl/maximum_waypoint_distance] by /move_group
[rosmaster.master][INFO] 2017-06-09 15:52:28,731: +PARAM [/move_group/ompl/link_for_exploration_tree] by /move_group
[rosmaster.master][INFO] 2017-06-09 15:52:28,735: +PARAM [/move_group/ompl/display_random_valid_states] by /move_group
[rosmaster.master][INFO] 2017-06-09 15:52:28,736: publisherUpdate[/rosout] -> http://ip-172-31-26-229:42302/
[rosmaster.master][INFO] 2017-06-09 15:52:28,784: +PUB [/move_group/display_planned_path] /move_group http://ip-172-31-26-229:46787/
[rosmaster.master][INFO] 2017-06-09 15:52:28,788: +PUB [/move_group/display_contacts] /move_group http://ip-172-31-26-229:46787/
[rosmaster.master][INFO] 2017-06-09 15:52:28,833: +SERVICE [/apply_planning_scene] /move_group http://ip-172-31-26-229:46787/
[rosmaster.master][INFO] 2017-06-09 15:52:28,838: +SERVICE [/clear_octomap] /move_group http://ip-172-31-26-229:46787/
[rosmaster.master][INFO] 2017-06-09 15:52:28,847: +SERVICE [/compute_cartesian_path] /move_group http://ip-172-31-26-229:46787/
[rosmaster.master][INFO] 2017-06-09 15:52:28,851: +SERVICE [/execute_kinematic_path] /move_group http://ip-172-31-26-229:46787/
[rosmaster.master][INFO] 2017-06-09 15:52:28,857: +PUB [/execute_trajectory/result] /move_group http://ip-172-31-26-229:46787/
[rosmaster.master][INFO] 2017-06-09 15:52:28,862: +PUB [/execute_trajectory/feedback] /move_group http://ip-172-31-26-229:46787/
[rosmaster.master][INFO] 2017-06-09 15:52:28,867: +PUB [/execute_trajectory/status] /move_group http://ip-172-31-26-229:46787/
[rosmaster.master][INFO] 2017-06-09 15:52:28,871: +PUB [/rosout] /marker_control_3042_1497048748704 http://ip-172-31-26-229:41481/
[rosmaster.master][INFO] 2017-06-09 15:52:28,879: +SUB [/execute_trajectory/goal] /move_group http://ip-172-31-26-229:46787/
[rosmaster.master][INFO] 2017-06-09 15:52:28,885: +SERVICE [/marker_control_3042_1497048748704/get_loggers] /marker_control_3042_1497048748704 http://ip-172-31-26-229:41481/
[rosmaster.master][INFO] 2017-06-09 15:52:28,888: +SUB [/execute_trajectory/cancel] /move_group http://ip-172-31-26-229:46787/
[rosmaster.master][INFO] 2017-06-09 15:52:28,892: +SERVICE [/marker_control_3042_1497048748704/set_logger_level] /marker_control_3042_1497048748704 http://ip-172-31-26-229:41481/
[rosmaster.master][INFO] 2017-06-09 15:52:28,895: +SERVICE [/get_planning_scene] /move_group http://ip-172-31-26-229:46787/
[rosmaster.master][INFO] 2017-06-09 15:52:28,899: +PUB [/planning_scene] /move_group_commander_wrappers_1497048748675806808 http://ip-172-31-26-229:56524/
[rosmaster.master][INFO] 2017-06-09 15:52:28,902: +SERVICE [/compute_fk] /move_group http://ip-172-31-26-229:46787/
[rosmaster.master][INFO] 2017-06-09 15:52:28,906: +PUB [/collision_object] /marker_control_3042_1497048748704 http://ip-172-31-26-229:41481/
[rosmaster.master][INFO] 2017-06-09 15:52:28,911: +SERVICE [/compute_ik] /move_group http://ip-172-31-26-229:46787/
[rosmaster.master][INFO] 2017-06-09 15:52:28,915: +PUB [/attached_collision_object] /marker_control_3042_1497048748704 http://ip-172-31-26-229:41481/
[rosmaster.master][INFO] 2017-06-09 15:52:28,918: +PUB [/move_group/result] /move_group http://ip-172-31-26-229:46787/
[rosmaster.master][INFO] 2017-06-09 15:52:28,922: +PUB [/visualization_marker_array] /marker_control_3042_1497048748704 http://ip-172-31-26-229:41481/
[rosmaster.master][INFO] 2017-06-09 15:52:28,925: +PUB [/move_group/feedback] /move_group http://ip-172-31-26-229:46787/
[rosmaster.master][INFO] 2017-06-09 15:52:28,929: +PUB [/motion_planning_goal] /marker_control_3042_1497048748704 http://ip-172-31-26-229:41481/
[rosmaster.master][INFO] 2017-06-09 15:52:28,933: +PUB [/move_group/status] /move_group http://ip-172-31-26-229:46787/
[rosmaster.master][INFO] 2017-06-09 15:52:28,936: +SUB [/joint_trajectory] /marker_control_3042_1497048748704 http://ip-172-31-26-229:41481/
[rosmaster.master][INFO] 2017-06-09 15:52:28,942: +PUB [/control_markers/update_full] /marker_control_3042_1497048748704 http://ip-172-31-26-229:41481/
[rosmaster.master][INFO] 2017-06-09 15:52:28,945: publisherUpdate[/rosout] -> http://ip-172-31-26-229:42302/
[rosmaster.master][INFO] 2017-06-09 15:52:28,947: publisherUpdate[/planning_scene] -> http://ip-172-31-26-229:46787/
[rosmaster.master][INFO] 2017-06-09 15:52:28,951: +SUB [/move_group/goal] /move_group http://ip-172-31-26-229:46787/
[rosmaster.master][INFO] 2017-06-09 15:52:28,961: +PUB [/control_markers/update] /marker_control_3042_1497048748704 http://ip-172-31-26-229:41481/
[rosmaster.master][INFO] 2017-06-09 15:52:28,962: publisherUpdate[/collision_object] -> http://ip-172-31-26-229:46787/
[rosmaster.master][INFO] 2017-06-09 15:52:28,967: +SUB [/move_group/cancel] /move_group http://ip-172-31-26-229:46787/
[rosmaster.master][INFO] 2017-06-09 15:52:28,972: +SUB [/control_markers/feedback] /marker_control_3042_1497048748704 http://ip-172-31-26-229:41481/
[rosmaster.master][INFO] 2017-06-09 15:52:28,975: publisherUpdate[/attached_collision_object] -> http://ip-172-31-26-229:46787/
[rosmaster.master][INFO] 2017-06-09 15:52:28,981: publisherUpdate[/control_markers/update] -> http://ip-172-31-26-229:37355/
[rosmaster.master][INFO] 2017-06-09 15:52:29,016: +PUB [/pickup/result] /move_group http://ip-172-31-26-229:46787/
[rosmaster.master][INFO] 2017-06-09 15:52:29,021: +PUB [/pickup/feedback] /move_group http://ip-172-31-26-229:46787/
[rosmaster.master][INFO] 2017-06-09 15:52:29,025: +PUB [/pickup/status] /move_group http://ip-172-31-26-229:46787/
[rosmaster.master][INFO] 2017-06-09 15:52:29,036: +SUB [/pickup/goal] /move_group http://ip-172-31-26-229:46787/
[rosmaster.master][INFO] 2017-06-09 15:52:29,044: +SUB [/pickup/cancel] /move_group http://ip-172-31-26-229:46787/
[rosmaster.master][INFO] 2017-06-09 15:52:29,050: +PUB [/place/result] /move_group http://ip-172-31-26-229:46787/
[rosmaster.master][INFO] 2017-06-09 15:52:29,058: +PUB [/place/feedback] /move_group http://ip-172-31-26-229:46787/
[rosmaster.master][INFO] 2017-06-09 15:52:29,062: +PUB [/place/status] /move_group http://ip-172-31-26-229:46787/
[rosmaster.master][INFO] 2017-06-09 15:52:29,073: +SUB [/place/goal] /move_group http://ip-172-31-26-229:46787/
[rosmaster.master][INFO] 2017-06-09 15:52:29,081: +SUB [/place/cancel] /move_group http://ip-172-31-26-229:46787/
[rosmaster.master][INFO] 2017-06-09 15:52:29,085: +SERVICE [/plan_kinematic_path] /move_group http://ip-172-31-26-229:46787/
[rosmaster.master][INFO] 2017-06-09 15:52:29,090: +SERVICE [/query_planner_interface] /move_group http://ip-172-31-26-229:46787/
[rosmaster.master][INFO] 2017-06-09 15:52:29,094: +SERVICE [/check_state_validity] /move_group http://ip-172-31-26-229:46787/
[rosmaster.master][INFO] 2017-06-09 15:52:29,481: +SUB [/control_markers/update_full] /interactive_marker_proxy http://ip-172-31-26-229:37355/
[rosmaster.master][INFO] 2017-06-09 15:52:29,606: -SUB [/control_markers/update_full] /interactive_marker_proxy http://ip-172-31-26-229:37355/
[rosmaster.master][INFO] 2017-06-09 15:52:52,313: +PUB [/tf2_web_republisher/goal] /rosbridge_websocket http://ip-172-31-26-229:33014/
[rosmaster.master][INFO] 2017-06-09 15:52:52,320: +PUB [/tf2_web_republisher/cancel] /rosbridge_websocket http://ip-172-31-26-229:33014/
[rosmaster.master][INFO] 2017-06-09 15:52:52,323: publisherUpdate[/tf2_web_republisher/goal] -> http://ip-172-31-26-229:60239/
[rosmaster.master][INFO] 2017-06-09 15:52:52,328: publisherUpdate[/tf2_web_republisher/cancel] -> http://ip-172-31-26-229:60239/
[rosmaster.master][INFO] 2017-06-09 15:52:52,329: +SUB [/tf2_web_republisher/feedback] /rosbridge_websocket http://ip-172-31-26-229:33014/
[rosmaster.master][INFO] 2017-06-09 15:52:52,347: +SUB [/visualization_marker_array] /rosbridge_websocket http://ip-172-31-26-229:33014/
[rosmaster.master][INFO] 2017-06-09 15:52:52,361: +SUB [/control_markers/tunneled/update] /rosbridge_websocket http://ip-172-31-26-229:33014/
[rosmaster.master][INFO] 2017-06-09 15:52:52,374: +PUB [/control_markers/feedback] /rosbridge_websocket http://ip-172-31-26-229:33014/
[rosmaster.master][INFO] 2017-06-09 15:52:52,391: publisherUpdate[/control_markers/feedback] -> http://ip-172-31-26-229:41481/
[rosmaster.master][INFO] 2017-06-09 15:53:29,410: +PUB [/rosout] /move_group_commander_wrappers_1497048809403580950 http://ip-172-31-26-229:37340/
[rosmaster.master][INFO] 2017-06-09 15:53:29,412: +SERVICE [/move_group_commander_wrappers_1497048809403580950/get_loggers] /move_group_commander_wrappers_1497048809403580950 http://ip-172-31-26-229:37340/
[rosmaster.master][INFO] 2017-06-09 15:53:29,416: +SERVICE [/move_group_commander_wrappers_1497048809403580950/set_logger_level] /move_group_commander_wrappers_1497048809403580950 http://ip-172-31-26-229:37340/
[rosmaster.master][INFO] 2017-06-09 15:53:29,454: publisherUpdate[/rosout] -> http://ip-172-31-26-229:42302/
[rosmaster.master][INFO] 2017-06-09 15:53:29,644: +PUB [/rosout] /move_arm_4623_1497048809421 http://ip-172-31-26-229:60007/
[rosmaster.master][INFO] 2017-06-09 15:53:29,655: publisherUpdate[/rosout] -> http://ip-172-31-26-229:42302/
[rosmaster.master][INFO] 2017-06-09 15:53:29,656: +SERVICE [/move_arm_4623_1497048809421/get_loggers] /move_arm_4623_1497048809421 http://ip-172-31-26-229:60007/
[rosmaster.master][INFO] 2017-06-09 15:53:29,663: +SERVICE [/move_arm_4623_1497048809421/set_logger_level] /move_arm_4623_1497048809421 http://ip-172-31-26-229:60007/
[rosmaster.master][INFO] 2017-06-09 15:53:29,668: +SUB [/joint_states] /move_arm_4623_1497048809421 http://ip-172-31-26-229:60007/
[rosmaster.master][INFO] 2017-06-09 15:53:29,674: +SUB [/motion_planning_goal] /move_arm_4623_1497048809421 http://ip-172-31-26-229:60007/
[rosmaster.master][INFO] 2017-06-09 15:53:29,679: +PUB [/joint_trajectory] /move_arm_4623_1497048809421 http://ip-172-31-26-229:60007/
[rosmaster.master][INFO] 2017-06-09 15:53:29,695: publisherUpdate[/joint_trajectory] -> http://ip-172-31-26-229:43268/
[rosmaster.master][INFO] 2017-06-09 15:53:29,701: publisherUpdate[/joint_trajectory] -> http://ip-172-31-26-229:41481/
[rosmaster.master][INFO] 2017-06-09 15:53:29,846: +SUB [/tf] /move_group_commander_wrappers_1497048809403580950 http://ip-172-31-26-229:37340/
[rosmaster.master][INFO] 2017-06-09 15:53:29,854: +SUB [/tf_static] /move_group_commander_wrappers_1497048809403580950 http://ip-172-31-26-229:37340/
[rosmaster.master][INFO] 2017-06-09 15:53:29,859: +PUB [/planning_scene] /move_group_commander_wrappers_1497048809403580950 http://ip-172-31-26-229:37340/
[rosmaster.master][INFO] 2017-06-09 15:53:29,860: publisherUpdate[/planning_scene] -> http://ip-172-31-26-229:46787/
[rosmaster.master][INFO] 2017-06-09 15:53:29,865: +PUB [/collision_object] /move_arm_4623_1497048809421 http://ip-172-31-26-229:60007/
[rosmaster.master][INFO] 2017-06-09 15:53:29,867: publisherUpdate[/collision_object] -> http://ip-172-31-26-229:46787/
[rosmaster.master][INFO] 2017-06-09 15:53:29,871: +PUB [/attached_collision_object] /move_arm_4623_1497048809421 http://ip-172-31-26-229:60007/
[rosmaster.master][INFO] 2017-06-09 15:53:29,875: publisherUpdate[/attached_collision_object] -> http://ip-172-31-26-229:46787/
[rosmaster.master][INFO] 2017-06-09 15:53:29,878: +PUB [/trajectory_execution_event] /move_group_commander_wrappers_1497048809403580950 http://ip-172-31-26-229:37340/
[rosmaster.master][INFO] 2017-06-09 15:53:29,885: +PUB [/attached_collision_object] /move_group_commander_wrappers_1497048809403580950 http://ip-172-31-26-229:37340/
[rosmaster.master][INFO] 2017-06-09 15:53:29,898: +SUB [/move_group/status] /move_group_commander_wrappers_1497048809403580950 http://ip-172-31-26-229:37340/
[rosmaster.master][INFO] 2017-06-09 15:53:29,906: publisherUpdate[/attached_collision_object] -> http://ip-172-31-26-229:46787/
[rosmaster.master][INFO] 2017-06-09 15:53:29,910: +SUB [/move_group/feedback] /move_group_commander_wrappers_1497048809403580950 http://ip-172-31-26-229:37340/
[rosmaster.master][INFO] 2017-06-09 15:53:29,918: +SUB [/move_group/result] /move_group_commander_wrappers_1497048809403580950 http://ip-172-31-26-229:37340/
[rosmaster.master][INFO] 2017-06-09 15:53:29,922: +PUB [/move_group/goal] /move_group_commander_wrappers_1497048809403580950 http://ip-172-31-26-229:37340/
[rosmaster.master][INFO] 2017-06-09 15:53:29,927: +PUB [/move_group/cancel] /move_group_commander_wrappers_1497048809403580950 http://ip-172-31-26-229:37340/
[rosmaster.master][INFO] 2017-06-09 15:53:29,960: publisherUpdate[/move_group/goal] -> http://ip-172-31-26-229:46787/
[rosmaster.master][INFO] 2017-06-09 15:53:29,965: publisherUpdate[/move_group/cancel] -> http://ip-172-31-26-229:46787/
[rosmaster.master][INFO] 2017-06-09 15:53:30,179: +SUB [/pickup/status] /move_group_commander_wrappers_1497048809403580950 http://ip-172-31-26-229:37340/
[rosmaster.master][INFO] 2017-06-09 15:53:30,186: +SUB [/pickup/feedback] /move_group_commander_wrappers_1497048809403580950 http://ip-172-31-26-229:37340/
[rosmaster.master][INFO] 2017-06-09 15:53:30,194: +SUB [/pickup/result] /move_group_commander_wrappers_1497048809403580950 http://ip-172-31-26-229:37340/
[rosmaster.master][INFO] 2017-06-09 15:53:30,200: +PUB [/pickup/goal] /move_group_commander_wrappers_1497048809403580950 http://ip-172-31-26-229:37340/
[rosmaster.master][INFO] 2017-06-09 15:53:30,205: +PUB [/pickup/cancel] /move_group_commander_wrappers_1497048809403580950 http://ip-172-31-26-229:37340/
[rosmaster.master][INFO] 2017-06-09 15:53:30,211: publisherUpdate[/pickup/goal] -> http://ip-172-31-26-229:46787/
[rosmaster.master][INFO] 2017-06-09 15:53:30,216: publisherUpdate[/pickup/cancel] -> http://ip-172-31-26-229:46787/
[rosmaster.master][INFO] 2017-06-09 15:53:30,427: +SUB [/place/status] /move_group_commander_wrappers_1497048809403580950 http://ip-172-31-26-229:37340/
[rosmaster.master][INFO] 2017-06-09 15:53:30,435: +SUB [/place/feedback] /move_group_commander_wrappers_1497048809403580950 http://ip-172-31-26-229:37340/
[rosmaster.master][INFO] 2017-06-09 15:53:30,450: +SUB [/place/result] /move_group_commander_wrappers_1497048809403580950 http://ip-172-31-26-229:37340/
[rosmaster.master][INFO] 2017-06-09 15:53:30,454: +PUB [/place/goal] /move_group_commander_wrappers_1497048809403580950 http://ip-172-31-26-229:37340/
[rosmaster.master][INFO] 2017-06-09 15:53:30,458: +PUB [/place/cancel] /move_group_commander_wrappers_1497048809403580950 http://ip-172-31-26-229:37340/
[rosmaster.master][INFO] 2017-06-09 15:53:30,470: publisherUpdate[/place/goal] -> http://ip-172-31-26-229:46787/
[rosmaster.master][INFO] 2017-06-09 15:53:30,474: publisherUpdate[/place/cancel] -> http://ip-172-31-26-229:46787/
[rosmaster.master][INFO] 2017-06-09 15:53:30,686: +SUB [/execute_trajectory/status] /move_group_commander_wrappers_1497048809403580950 http://ip-172-31-26-229:37340/
[rosmaster.master][INFO] 2017-06-09 15:53:30,694: +SUB [/execute_trajectory/feedback] /move_group_commander_wrappers_1497048809403580950 http://ip-172-31-26-229:37340/
[rosmaster.master][INFO] 2017-06-09 15:53:30,702: +SUB [/execute_trajectory/result] /move_group_commander_wrappers_1497048809403580950 http://ip-172-31-26-229:37340/
[rosmaster.master][INFO] 2017-06-09 15:53:30,706: +PUB [/execute_trajectory/goal] /move_group_commander_wrappers_1497048809403580950 http://ip-172-31-26-229:37340/
[rosmaster.master][INFO] 2017-06-09 15:53:30,710: +PUB [/execute_trajectory/cancel] /move_group_commander_wrappers_1497048809403580950 http://ip-172-31-26-229:37340/
[rosmaster.master][INFO] 2017-06-09 15:53:30,719: -SUB [/execute_trajectory/status] /move_group_commander_wrappers_1497048809403580950 http://ip-172-31-26-229:37340/
[rosmaster.master][INFO] 2017-06-09 15:53:30,721: publisherUpdate[/execute_trajectory/goal] -> http://ip-172-31-26-229:46787/
[rosmaster.master][INFO] 2017-06-09 15:53:30,723: -PUB [/execute_trajectory/cancel] /move_group_commander_wrappers_1497048809403580950 http://ip-172-31-26-229:37340/
[rosmaster.master][INFO] 2017-06-09 15:53:30,727: publisherUpdate[/execute_trajectory/cancel] -> http://ip-172-31-26-229:46787/
[rosmaster.master][INFO] 2017-06-09 15:53:30,731: -PUB [/execute_trajectory/goal] /move_group_commander_wrappers_1497048809403580950 http://ip-172-31-26-229:37340/
[rosmaster.master][INFO] 2017-06-09 15:53:30,734: publisherUpdate[/execute_trajectory/cancel] -> http://ip-172-31-26-229:46787/
[rosmaster.master][INFO] 2017-06-09 15:53:30,739: -SUB [/execute_trajectory/feedback] /move_group_commander_wrappers_1497048809403580950 http://ip-172-31-26-229:37340/
[rosmaster.master][INFO] 2017-06-09 15:53:30,742: publisherUpdate[/execute_trajectory/goal] -> http://ip-172-31-26-229:46787/
[rosmaster.master][INFO] 2017-06-09 15:53:30,746: -SUB [/execute_trajectory/result] /move_group_commander_wrappers_1497048809403580950 http://ip-172-31-26-229:37340/
[rosmaster.master][INFO] 2017-06-09 15:54:25,801: +SUB [/tf] /marker_control_3042_1497048748704 http://ip-172-31-26-229:41481/
[rosmaster.master][INFO] 2017-06-09 15:54:25,804: +SERVICE [/marker_control_3042_1497048748704/tf_frames] /marker_control_3042_1497048748704 http://ip-172-31-26-229:41481/
[rosmaster.master][INFO] 2017-06-09 15:54:25,809: +SUB [/joint_states] /marker_control_3042_1497048748704 http://ip-172-31-26-229:41481/
[rosmaster.master][INFO] 2017-06-09 15:54:25,815: +PUB [/joint_command] /marker_control_3042_1497048748704 http://ip-172-31-26-229:41481/
[rosmaster.master][INFO] 2017-06-09 15:54:25,840: publisherUpdate[/joint_command] -> http://ip-172-31-26-229:43268/
[rosmaster.master][INFO] 2017-06-09 15:54:41,081: -SUB [/motion_planning_goal] /move_arm_4623_1497048809421 http://ip-172-31-26-229:60007/
[rosmaster.master][INFO] 2017-06-09 15:54:41,085: -SUB [/joint_states] /move_arm_4623_1497048809421 http://ip-172-31-26-229:60007/
[rosmaster.master][INFO] 2017-06-09 15:54:41,088: -PUB [/collision_object] /move_arm_4623_1497048809421 http://ip-172-31-26-229:60007/
[rosmaster.master][INFO] 2017-06-09 15:54:41,091: publisherUpdate[/collision_object] -> http://ip-172-31-26-229:46787/
[rosmaster.master][INFO] 2017-06-09 15:54:41,092: -PUB [/joint_trajectory] /move_arm_4623_1497048809421 http://ip-172-31-26-229:60007/
[rosmaster.master][INFO] 2017-06-09 15:54:41,096: publisherUpdate[/joint_trajectory] -> http://ip-172-31-26-229:43268/
[rosmaster.master][INFO] 2017-06-09 15:54:41,097: publisherUpdate[/joint_trajectory] -> http://ip-172-31-26-229:41481/
[rosmaster.master][INFO] 2017-06-09 15:54:41,099: -PUB [/rosout] /move_arm_4623_1497048809421 http://ip-172-31-26-229:60007/
[rosmaster.master][INFO] 2017-06-09 15:54:41,103: publisherUpdate[/rosout] -> http://ip-172-31-26-229:42302/
[rosmaster.master][INFO] 2017-06-09 15:54:41,109: -PUB [/attached_collision_object] /move_arm_4623_1497048809421 http://ip-172-31-26-229:60007/
[rosmaster.master][INFO] 2017-06-09 15:54:41,114: publisherUpdate[/attached_collision_object] -> http://ip-172-31-26-229:46787/
[rosmaster.master][INFO] 2017-06-09 15:54:41,117: -SERVICE [/move_arm_4623_1497048809421/set_logger_level] /move_arm_4623_1497048809421 rosrpc://ip-172-31-26-229:37216
[rosmaster.master][INFO] 2017-06-09 15:54:41,124: -SERVICE [/move_arm_4623_1497048809421/get_loggers] /move_arm_4623_1497048809421 rosrpc://ip-172-31-26-229:37216
[rosmaster.master][INFO] 2017-06-09 15:54:41,740: -PUB [/attached_collision_object] /move_group_commander_wrappers_1497048809403580950 http://ip-172-31-26-229:37340/
[rosmaster.master][INFO] 2017-06-09 15:54:41,745: -PUB [/trajectory_execution_event] /move_group_commander_wrappers_1497048809403580950 http://ip-172-31-26-229:37340/
[rosmaster.master][INFO] 2017-06-09 15:54:41,750: -SUB [/place/status] /move_group_commander_wrappers_1497048809403580950 http://ip-172-31-26-229:37340/
[rosmaster.master][INFO] 2017-06-09 15:54:41,754: -PUB [/place/cancel] /move_group_commander_wrappers_1497048809403580950 http://ip-172-31-26-229:37340/
[rosmaster.master][INFO] 2017-06-09 15:54:41,760: -PUB [/place/goal] /move_group_commander_wrappers_1497048809403580950 http://ip-172-31-26-229:37340/
[rosmaster.master][INFO] 2017-06-09 15:54:41,765: -SUB [/place/feedback] /move_group_commander_wrappers_1497048809403580950 http://ip-172-31-26-229:37340/
[rosmaster.master][INFO] 2017-06-09 15:54:41,769: -SUB [/place/result] /move_group_commander_wrappers_1497048809403580950 http://ip-172-31-26-229:37340/
[rosmaster.master][INFO] 2017-06-09 15:54:41,770: publisherUpdate[/attached_collision_object] -> http://ip-172-31-26-229:46787/
[rosmaster.master][INFO] 2017-06-09 15:54:41,773: -SUB [/pickup/status] /move_group_commander_wrappers_1497048809403580950 http://ip-172-31-26-229:37340/
[rosmaster.master][INFO] 2017-06-09 15:54:41,776: publisherUpdate[/place/cancel] -> http://ip-172-31-26-229:46787/
[rosmaster.master][INFO] 2017-06-09 15:54:41,787: -PUB [/pickup/cancel] /move_group_commander_wrappers_1497048809403580950 http://ip-172-31-26-229:37340/
[rosmaster.master][INFO] 2017-06-09 15:54:41,790: publisherUpdate[/place/goal] -> http://ip-172-31-26-229:46787/
[rosmaster.master][INFO] 2017-06-09 15:54:41,794: -PUB [/pickup/goal] /move_group_commander_wrappers_1497048809403580950 http://ip-172-31-26-229:37340/
[rosmaster.master][INFO] 2017-06-09 15:54:41,797: publisherUpdate[/pickup/cancel] -> http://ip-172-31-26-229:46787/
[rosmaster.master][INFO] 2017-06-09 15:54:41,802: -SUB [/pickup/feedback] /move_group_commander_wrappers_1497048809403580950 http://ip-172-31-26-229:37340/
[rosmaster.master][INFO] 2017-06-09 15:54:41,806: publisherUpdate[/pickup/goal] -> http://ip-172-31-26-229:46787/
[rosmaster.master][INFO] 2017-06-09 15:54:41,810: -SUB [/pickup/result] /move_group_commander_wrappers_1497048809403580950 http://ip-172-31-26-229:37340/
[rosmaster.master][INFO] 2017-06-09 15:54:41,818: -SUB [/move_group/status] /move_group_commander_wrappers_1497048809403580950 http://ip-172-31-26-229:37340/
[rosmaster.master][INFO] 2017-06-09 15:54:41,822: -PUB [/move_group/cancel] /move_group_commander_wrappers_1497048809403580950 http://ip-172-31-26-229:37340/
[rosmaster.master][INFO] 2017-06-09 15:54:41,822: publisherUpdate[/move_group/cancel] -> http://ip-172-31-26-229:46787/
[rosmaster.master][INFO] 2017-06-09 15:54:41,827: -PUB [/move_group/goal] /move_group_commander_wrappers_1497048809403580950 http://ip-172-31-26-229:37340/
[rosmaster.master][INFO] 2017-06-09 15:54:41,830: publisherUpdate[/move_group/goal] -> http://ip-172-31-26-229:46787/
[rosmaster.master][INFO] 2017-06-09 15:54:41,834: -SUB [/move_group/feedback] /move_group_commander_wrappers_1497048809403580950 http://ip-172-31-26-229:37340/
[rosmaster.master][INFO] 2017-06-09 15:54:41,841: -SUB [/move_group/result] /move_group_commander_wrappers_1497048809403580950 http://ip-172-31-26-229:37340/
[rosmaster.master][INFO] 2017-06-09 15:54:41,846: -PUB [/planning_scene] /move_group_commander_wrappers_1497048809403580950 http://ip-172-31-26-229:37340/
[rosmaster.master][INFO] 2017-06-09 15:54:41,909: publisherUpdate[/planning_scene] -> http://ip-172-31-26-229:46787/
[rosmaster.master][INFO] 2017-06-09 15:54:41,957: -PUB [/rosout] /move_group_commander_wrappers_1497048809403580950 http://ip-172-31-26-229:37340/
[rosmaster.master][INFO] 2017-06-09 15:54:41,962: -SUB [/tf] /move_group_commander_wrappers_1497048809403580950 http://ip-172-31-26-229:37340/
[rosmaster.master][INFO] 2017-06-09 15:54:41,967: -SUB [/tf_static] /move_group_commander_wrappers_1497048809403580950 http://ip-172-31-26-229:37340/
[rosmaster.master][INFO] 2017-06-09 15:54:41,971: -SERVICE [/move_group_commander_wrappers_1497048809403580950/get_loggers] /move_group_commander_wrappers_1497048809403580950 rosrpc://ip-172-31-26-229:56518
[rosmaster.master][INFO] 2017-06-09 15:54:41,975: -SERVICE [/move_group_commander_wrappers_1497048809403580950/set_logger_level] /move_group_commander_wrappers_1497048809403580950 rosrpc://ip-172-31-26-229:56518
[rosmaster.master][INFO] 2017-06-09 15:54:42,013: publisherUpdate[/rosout] -> http://ip-172-31-26-229:42302/
[rosmaster.master][INFO] 2017-06-09 16:54:34,736: -PUB [/tf2_web_republisher/cancel] /rosbridge_websocket http://ip-172-31-26-229:33014/
[rosmaster.master][INFO] 2017-06-09 16:54:34,745: -PUB [/tf2_web_republisher/goal] /rosbridge_websocket http://ip-172-31-26-229:33014/
[rosmaster.master][INFO] 2017-06-09 16:54:34,757: -PUB [/control_markers/feedback] /rosbridge_websocket http://ip-172-31-26-229:33014/
[rosmaster.master][INFO] 2017-06-09 16:54:34,770: -SUB [/control_markers/tunneled/update] /rosbridge_websocket http://ip-172-31-26-229:33014/
[rosmaster.master][INFO] 2017-06-09 16:54:34,782: -SUB [/tf2_web_republisher/feedback] /rosbridge_websocket http://ip-172-31-26-229:33014/
[rosmaster.master][INFO] 2017-06-09 16:54:34,795: -SUB [/visualization_marker_array] /rosbridge_websocket http://ip-172-31-26-229:33014/
[rosmaster.master][INFO] 2017-06-09 16:54:34,805: publisherUpdate[/tf2_web_republisher/cancel] -> http://ip-172-31-26-229:60239/
[rosmaster.master][INFO] 2017-06-09 16:54:34,807: publisherUpdate[/control_markers/feedback] -> http://ip-172-31-26-229:41481/
[rosmaster.master][INFO] 2017-06-09 16:54:34,809: publisherUpdate[/tf2_web_republisher/goal] -> http://ip-172-31-26-229:60239/
