[roslaunch][INFO] 2017-06-10 20:14:31,947: Checking log directory for disk usage. This may take awhile.
Press Ctrl-C to interrupt
[roslaunch][INFO] 2017-06-10 20:14:32,041: Done checking log file disk usage. Usage is <1GB.
[roslaunch][INFO] 2017-06-10 20:14:32,041: roslaunch starting with args ['roscore', '--core', '-p', '55910']
[roslaunch][INFO] 2017-06-10 20:14:32,044: roslaunch env is {'ROS_DISTRO': 'indigo', 'ASNLIB': '/home/ccc_v1_s54106__48606/asn13529_Project_5/asn13530_Project_4/asnlib', 'LIB': '/home/ccc_v1_s54106__48606/lib', 'PKG_CONFIG_PATH': '/opt/ros/indigo/lib/pkgconfig:/opt/ros/indigo/lib/x86_64-linux-gnu/pkgconfig', 'SSH_CLIENT': '172.31.7.153 43366 22', 'CPATH': '/opt/ros/indigo/include', 'LOGNAME': 'ccc_v1_w_dd4cc_18220', 'USER': 'ccc_v1_w_dd4cc_18220', 'ROS_NODE_PORT': '55910', 'HOME': '/home/ccc_v1_w_dd4cc_18220/asn13529_Project_5/asn13530_Project_4/work', 'PATH': '/opt/ros/indigo/bin:/usr/local/sbin:/usr/local/bin:/usr/sbin:/usr/bin:/sbin:/bin:/usr/games:/usr/local/games:/home/local/bin:/home/ccc_v1_s54106__48606/lib:/home/ccc_v1_s54106__48606/asn13529_Project_5/asn13530_Project_4/asnlib:/home/vlibs:.', 'CMAKE_PREFIX_PATH': '/opt/ros/indigo', 'LD_LIBRARY_PATH': '/opt/ros/indigo/lib:/opt/ros/indigo/lib/x86_64-linux-gnu:/home/ccc_v1_s54106__48606/lib:/home/ccc_v1_s54106__48606/asn13529_Project_5/asn13530_Project_4/asnlib:/home/vlibs', 'LANG': 'en_US.UTF-8', 'TERM': 'xterm-256color', 'SHELL': '/bin/bash', 'HISTFILE': '/home/ccc_v1_w_dd4cc_18220/.bash_history', 'SHLVL': '2', 'VOC_WORKAREA': '/home/ccc_v1_w_dd4cc_18220/asn13529_Project_5/asn13530_Project_4/work', 'ROS_LOG_FILENAME': '/home/ccc_v1_w_dd4cc_18220/asn13529_Project_5/asn13530_Project_4/work/.ros/log/1673892a-4e54-11e7-9fe5-06b0869cc04d/roslaunch-ip-172-31-26-229-4330.log', 'PART1': '/home/ccc_v1_s54106__48606/asn13529_Project_5/asn13530_Project_4', 'ROS_ETC_DIR': '/opt/ros/indigo/etc/ros', 'XDG_RUNTIME_DIR': '/run/user/18220', 'PYTHONPATH': '/opt/ros/indigo/lib/python2.7/dist-packages:/home/vlibs/python', 'VOC_PROXY_WRAPPER_PORT': '5100', 'VOC_XFER_TOKEN': '3489988844354243542135300593cb58de27800.87845355', 'ROS_ROOT': '/opt/ros/indigo/share/ros', 'OLD_HOME': '/home/ccc_v1_w_dd4cc_18220', 'VOC_PROXY_TOKEN': '71313080043542435421353001593cb58def8ea9.93797892', 'ROS_PACKAGE_PATH': '/opt/ros/indigo/share:/opt/ros/indigo/stacks', 'XDG_SESSION_ID': '322327', '_': '/usr/bin/stdbuf', 'LD_PRELOAD': '/usr/lib/coreutils/libstdbuf.so', '_STDBUF_O': 'L', 'SSH_TTY': '/dev/pts/0', 'OLDPWD': '/home/ccc_v1_w_dd4cc_18220', 'ROSLISP_PACKAGE_DIRECTORIES': '', 'VLIB': '/home/vlibs', 'PWD': '/home/ccc_v1_w_dd4cc_18220/asn13529_Project_5/asn13530_Project_4/work', 'VOC_PROXY_ID': '43542_43542_13530_0_1', 'ROS_MASTER_URI': 'http://localhost:55910', 'MAIL': '/var/mail/ccc_v1_w_dd4cc_18220', 'SSH_CONNECTION': '172.31.7.153 43366 172.31.26.229 22'}
[roslaunch][INFO] 2017-06-10 20:14:32,048: starting in server mode
[roslaunch.parent][INFO] 2017-06-10 20:14:32,051: starting roslaunch parent run
[roslaunch][INFO] 2017-06-10 20:14:32,055: loading roscore config file /opt/ros/indigo/etc/ros/roscore.xml
[roslaunch][INFO] 2017-06-10 20:14:32,153: Added core node of type [rosout/rosout] in namespace [/]
[roslaunch.pmon][INFO] 2017-06-10 20:14:32,154: start_process_monitor: creating ProcessMonitor
[roslaunch.pmon][INFO] 2017-06-10 20:14:32,158: created process monitor <ProcessMonitor(ProcessMonitor-1, initial daemon)>
[roslaunch.pmon][INFO] 2017-06-10 20:14:32,161: start_process_monitor: ProcessMonitor started
[roslaunch.parent][INFO] 2017-06-10 20:14:32,165: starting parent XML-RPC server
[roslaunch.server][INFO] 2017-06-10 20:14:32,168: starting roslaunch XML-RPC server
[roslaunch.server][INFO] 2017-06-10 20:14:32,172: waiting for roslaunch XML-RPC server to initialize
[xmlrpc][INFO] 2017-06-10 20:14:32,172: XML-RPC server binding to 0.0.0.0:0
[xmlrpc][INFO] 2017-06-10 20:14:32,178: Started XML-RPC server [http://ip-172-31-26-229:57763/]
[xmlrpc][INFO] 2017-06-10 20:14:32,182: xml rpc node: starting XML-RPC server
[roslaunch][INFO] 2017-06-10 20:14:32,189: started roslaunch server http://ip-172-31-26-229:57763/
[roslaunch.parent][INFO] 2017-06-10 20:14:32,192: ... parent XML-RPC server started
[roslaunch][INFO] 2017-06-10 20:14:32,195: master.is_running[http://ip-172-31-26-229:55910/]
[roslaunch][INFO] 2017-06-10 20:14:32,200: auto-starting new master
[roslaunch][INFO] 2017-06-10 20:14:32,210: create_master_process: rosmaster, /opt/ros/indigo/share/ros, 55910, 3, None
[roslaunch][INFO] 2017-06-10 20:14:32,213: process[master]: launching with args [['rosmaster', '--core', '-p', '55910', '-w', '3']]
[roslaunch.pmon][INFO] 2017-06-10 20:14:32,217: ProcessMonitor.register[master]
[roslaunch.pmon][INFO] 2017-06-10 20:14:32,220: ProcessMonitor.register[master] complete
[roslaunch][INFO] 2017-06-10 20:14:32,223: process[master]: starting os process
[roslaunch][INFO] 2017-06-10 20:14:32,227: process[master]: start w/ args [['rosmaster', '--core', '-p', '55910', '-w', '3', '__log:=/home/ccc_v1_w_dd4cc_18220/asn13529_Project_5/asn13530_Project_4/work/.ros/log/1673892a-4e54-11e7-9fe5-06b0869cc04d/master.log']]
[roslaunch][INFO] 2017-06-10 20:14:32,231: process[master]: cwd will be [/home/ccc_v1_w_dd4cc_18220/asn13529_Project_5/asn13530_Project_4/work/.ros]
[roslaunch][INFO] 2017-06-10 20:14:32,239: process[master]: started with pid [4346]
[roslaunch][INFO] 2017-06-10 20:14:32,240: master.is_running[http://ip-172-31-26-229:55910/]
[roslaunch][INFO] 2017-06-10 20:14:32,345: master.is_running[http://ip-172-31-26-229:55910/]
[roslaunch][INFO] 2017-06-10 20:14:32,449: master.is_running[http://ip-172-31-26-229:55910/]
[roslaunch][INFO] 2017-06-10 20:14:32,455: master.is_running[http://ip-172-31-26-229:55910/]
[roslaunch][INFO] 2017-06-10 20:14:32,460: ROS_MASTER_URI=http://ip-172-31-26-229:55910/
[roslaunch][INFO] 2017-06-10 20:14:32,464: setting /run_id to 1673892a-4e54-11e7-9fe5-06b0869cc04d
[roslaunch][INFO] 2017-06-10 20:14:32,472: setting /roslaunch/uris/host_ip_172_31_26_229__57763' to http://ip-172-31-26-229:57763/
[roslaunch][INFO] 2017-06-10 20:14:32,481: ... preparing to launch node of type [rosout/rosout]
[roslaunch][INFO] 2017-06-10 20:14:32,485: create_node_process: package[rosout] type[rosout] machine[Machine(name[] env_loader[None] address[localhost] ssh_port[22] user[None] assignable[True] timeout[10.0])] master_uri[http://ip-172-31-26-229:55910/]
[roslaunch][INFO] 2017-06-10 20:14:32,488: process[rosout-1]: env[{'ROS_DISTRO': 'indigo', 'ASNLIB': '/home/ccc_v1_s54106__48606/asn13529_Project_5/asn13530_Project_4/asnlib', 'LIB': '/home/ccc_v1_s54106__48606/lib', 'VOC_PROXY_TOKEN': '71313080043542435421353001593cb58def8ea9.93797892', 'SSH_CLIENT': '172.31.7.153 43366 22', 'CPATH': '/opt/ros/indigo/include', 'LOGNAME': 'ccc_v1_w_dd4cc_18220', 'USER': 'ccc_v1_w_dd4cc_18220', 'ROS_NODE_PORT': '55910', 'HOME': '/home/ccc_v1_w_dd4cc_18220/asn13529_Project_5/asn13530_Project_4/work', 'PATH': '/opt/ros/indigo/bin:/usr/local/sbin:/usr/local/bin:/usr/sbin:/usr/bin:/sbin:/bin:/usr/games:/usr/local/games:/home/local/bin:/home/ccc_v1_s54106__48606/lib:/home/ccc_v1_s54106__48606/asn13529_Project_5/asn13530_Project_4/asnlib:/home/vlibs:.', 'CMAKE_PREFIX_PATH': '/opt/ros/indigo', 'ROS_LOG_FILENAME': '/home/ccc_v1_w_dd4cc_18220/asn13529_Project_5/asn13530_Project_4/work/.ros/log/1673892a-4e54-11e7-9fe5-06b0869cc04d/roslaunch-ip-172-31-26-229-4330.log', 'LANG': 'en_US.UTF-8', 'TERM': 'xterm-256color', 'SHELL': '/bin/bash', 'HISTFILE': '/home/ccc_v1_w_dd4cc_18220/.bash_history', 'SHLVL': '2', 'VOC_WORKAREA': '/home/ccc_v1_w_dd4cc_18220/asn13529_Project_5/asn13530_Project_4/work', 'LD_LIBRARY_PATH': '/opt/ros/indigo/lib:/opt/ros/indigo/lib/x86_64-linux-gnu:/home/ccc_v1_s54106__48606/lib:/home/ccc_v1_s54106__48606/asn13529_Project_5/asn13530_Project_4/asnlib:/home/vlibs', 'PART1': '/home/ccc_v1_s54106__48606/asn13529_Project_5/asn13530_Project_4', 'ROS_MASTER_URI': 'http://ip-172-31-26-229:55910/', 'XDG_RUNTIME_DIR': '/run/user/18220', 'PYTHONPATH': '/opt/ros/indigo/lib/python2.7/dist-packages:/home/vlibs/python', 'VOC_PROXY_WRAPPER_PORT': '5100', 'VOC_XFER_TOKEN': '3489988844354243542135300593cb58de27800.87845355', 'ROS_ROOT': '/opt/ros/indigo/share/ros', 'OLD_HOME': '/home/ccc_v1_w_dd4cc_18220', 'PKG_CONFIG_PATH': '/opt/ros/indigo/lib/pkgconfig:/opt/ros/indigo/lib/x86_64-linux-gnu/pkgconfig', 'ROS_PACKAGE_PATH': '/opt/ros/indigo/share:/opt/ros/indigo/stacks', 'XDG_SESSION_ID': '322327', '_': '/usr/bin/stdbuf', 'LD_PRELOAD': '/usr/lib/coreutils/libstdbuf.so', '_STDBUF_O': 'L', 'SSH_TTY': '/dev/pts/0', 'OLDPWD': '/home/ccc_v1_w_dd4cc_18220', 'ROSLISP_PACKAGE_DIRECTORIES': '', 'VLIB': '/home/vlibs', 'PWD': '/home/ccc_v1_w_dd4cc_18220/asn13529_Project_5/asn13530_Project_4/work', 'VOC_PROXY_ID': '43542_43542_13530_0_1', 'ROS_ETC_DIR': '/opt/ros/indigo/etc/ros', 'MAIL': '/var/mail/ccc_v1_w_dd4cc_18220', 'SSH_CONNECTION': '172.31.7.153 43366 172.31.26.229 22'}]
[roslaunch][INFO] 2017-06-10 20:14:32,517: process[rosout-1]: args[[u'/opt/ros/indigo/lib/rosout/rosout', u'__name:=rosout']]
[roslaunch][INFO] 2017-06-10 20:14:32,521: ... created process [rosout-1]
[roslaunch.pmon][INFO] 2017-06-10 20:14:32,533: ProcessMonitor.register[rosout-1]
[roslaunch.pmon][INFO] 2017-06-10 20:14:32,537: ProcessMonitor.register[rosout-1] complete
[roslaunch][INFO] 2017-06-10 20:14:32,540: ... registered process [rosout-1]
[roslaunch][INFO] 2017-06-10 20:14:32,544: process[rosout-1]: starting os process
[roslaunch][INFO] 2017-06-10 20:14:32,549: process[rosout-1]: start w/ args [[u'/opt/ros/indigo/lib/rosout/rosout', u'__name:=rosout', u'__log:=/home/ccc_v1_w_dd4cc_18220/asn13529_Project_5/asn13530_Project_4/work/.ros/log/1673892a-4e54-11e7-9fe5-06b0869cc04d/rosout-1.log']]
[roslaunch][INFO] 2017-06-10 20:14:32,552: process[rosout-1]: cwd will be [/home/ccc_v1_w_dd4cc_18220/asn13529_Project_5/asn13530_Project_4/work/.ros]
[roslaunch][INFO] 2017-06-10 20:14:32,560: process[rosout-1]: started with pid [4359]
[roslaunch][INFO] 2017-06-10 20:14:32,561: ... successfully launched [rosout-1]
[roslaunch][INFO] 2017-06-10 20:14:32,565: load_parameters starting ...
[roslaunch][INFO] 2017-06-10 20:14:32,585: ... load_parameters complete
[roslaunch][INFO] 2017-06-10 20:14:32,590: launch_nodes: launching local nodes ...
[roslaunch][INFO] 2017-06-10 20:14:32,593: ... launch_nodes complete
[roslaunch.pmon][INFO] 2017-06-10 20:14:32,596: registrations completed <ProcessMonitor(ProcessMonitor-1, started daemon 140570098198272)>
[roslaunch.parent][INFO] 2017-06-10 20:14:32,600: ... roslaunch parent running, waiting for process exit
[roslaunch][INFO] 2017-06-10 20:14:32,603: spin
