[roslaunch][INFO] 2017-06-09 18:30:07,806: Checking log directory for disk usage. This may take awhile.
Press Ctrl-C to interrupt
[roslaunch][INFO] 2017-06-09 18:30:07,838: Done checking log file disk usage. Usage is <1GB.
[roslaunch][INFO] 2017-06-09 18:30:07,838: roslaunch starting with args ['roscore', '--core', '-p', '55471']
[roslaunch][INFO] 2017-06-09 18:30:07,842: roslaunch env is {'ROS_DISTRO': 'indigo', 'ASNLIB': '/home/ccc_v1_s54106__48606/asn13529_Project_5/asn13530_Project_4/asnlib', 'LIB': '/home/ccc_v1_s54106__48606/lib', 'PKG_CONFIG_PATH': '/opt/ros/indigo/lib/pkgconfig:/opt/ros/indigo/lib/x86_64-linux-gnu/pkgconfig', 'SSH_CLIENT': '172.31.7.153 57294 22', 'CPATH': '/opt/ros/indigo/include', 'LOGNAME': 'ccc_v1_w_dd4cc_18220', 'USER': 'ccc_v1_w_dd4cc_18220', 'ROS_NODE_PORT': '55471', 'HOME': '/home/ccc_v1_w_dd4cc_18220/asn13529_Project_5/asn13530_Project_4/work', 'PATH': '/opt/ros/indigo/bin:/usr/local/sbin:/usr/local/bin:/usr/sbin:/usr/bin:/sbin:/bin:/usr/games:/usr/local/games:/home/local/bin:/home/ccc_v1_s54106__48606/lib:/home/ccc_v1_s54106__48606/asn13529_Project_5/asn13530_Project_4/asnlib:/home/vlibs:.', 'CMAKE_PREFIX_PATH': '/opt/ros/indigo', 'LD_LIBRARY_PATH': '/opt/ros/indigo/lib:/opt/ros/indigo/lib/x86_64-linux-gnu:/home/ccc_v1_s54106__48606/lib:/home/ccc_v1_s54106__48606/asn13529_Project_5/asn13530_Project_4/asnlib:/home/vlibs', 'LANG': 'en_US.UTF-8', 'TERM': 'xterm-256color', 'SHELL': '/bin/bash', 'HISTFILE': '/home/ccc_v1_w_dd4cc_18220/.bash_history', 'SHLVL': '2', 'VOC_WORKAREA': '/home/ccc_v1_w_dd4cc_18220/asn13529_Project_5/asn13530_Project_4/work', 'ROS_LOG_FILENAME': '/home/ccc_v1_w_dd4cc_18220/asn13529_Project_5/asn13530_Project_4/work/.ros/log/56511f2c-4d7c-11e7-a1f1-06b0869cc04d/roslaunch-ip-172-31-26-229-4108.log', 'PART1': '/home/ccc_v1_s54106__48606/asn13529_Project_5/asn13530_Project_4', 'ROS_ETC_DIR': '/opt/ros/indigo/etc/ros', 'XDG_RUNTIME_DIR': '/run/user/18220', 'PYTHONPATH': '/opt/ros/indigo/lib/python2.7/dist-packages:/home/vlibs/python', 'VOC_PROXY_WRAPPER_PORT': '5100', 'VOC_XFER_TOKEN': '10303501014354243542135300593b4b981ea286.81644472', 'ROS_ROOT': '/opt/ros/indigo/share/ros', 'OLD_HOME': '/home/ccc_v1_w_dd4cc_18220', 'VOC_PROXY_TOKEN': '213762448143542435421353001593b4b9829edc6.21254733', 'ROS_PACKAGE_PATH': '/opt/ros/indigo/share:/opt/ros/indigo/stacks', 'XDG_SESSION_ID': '316373', '_': '/usr/bin/stdbuf', 'LD_PRELOAD': '/usr/lib/coreutils/libstdbuf.so', '_STDBUF_O': 'L', 'SSH_TTY': '/dev/pts/3', 'OLDPWD': '/home/ccc_v1_w_dd4cc_18220', 'ROSLISP_PACKAGE_DIRECTORIES': '', 'VLIB': '/home/vlibs', 'PWD': '/home/ccc_v1_w_dd4cc_18220/asn13529_Project_5/asn13530_Project_4/work', 'VOC_PROXY_ID': '43542_43542_13530_0_1', 'ROS_MASTER_URI': 'http://localhost:55471', 'MAIL': '/var/mail/ccc_v1_w_dd4cc_18220', 'SSH_CONNECTION': '172.31.7.153 57294 172.31.26.229 22'}
[roslaunch][INFO] 2017-06-09 18:30:07,845: starting in server mode
[roslaunch.parent][INFO] 2017-06-09 18:30:07,849: starting roslaunch parent run
[roslaunch][INFO] 2017-06-09 18:30:07,853: loading roscore config file /opt/ros/indigo/etc/ros/roscore.xml
[roslaunch][INFO] 2017-06-09 18:30:07,979: Added core node of type [rosout/rosout] in namespace [/]
[roslaunch.pmon][INFO] 2017-06-09 18:30:07,980: start_process_monitor: creating ProcessMonitor
[roslaunch.pmon][INFO] 2017-06-09 18:30:07,984: created process monitor <ProcessMonitor(ProcessMonitor-1, initial daemon)>
[roslaunch.pmon][INFO] 2017-06-09 18:30:07,988: start_process_monitor: ProcessMonitor started
[roslaunch.parent][INFO] 2017-06-09 18:30:07,991: starting parent XML-RPC server
[roslaunch.server][INFO] 2017-06-09 18:30:07,995: starting roslaunch XML-RPC server
[roslaunch.server][INFO] 2017-06-09 18:30:07,998: waiting for roslaunch XML-RPC server to initialize
[xmlrpc][INFO] 2017-06-09 18:30:07,999: XML-RPC server binding to 0.0.0.0:0
[xmlrpc][INFO] 2017-06-09 18:30:08,006: Started XML-RPC server [http://ip-172-31-26-229:38404/]
[xmlrpc][INFO] 2017-06-09 18:30:08,009: xml rpc node: starting XML-RPC server
[roslaunch][INFO] 2017-06-09 18:30:08,018: started roslaunch server http://ip-172-31-26-229:38404/
[roslaunch.parent][INFO] 2017-06-09 18:30:08,022: ... parent XML-RPC server started
[roslaunch][INFO] 2017-06-09 18:30:08,026: master.is_running[http://ip-172-31-26-229:55471/]
[roslaunch][INFO] 2017-06-09 18:30:08,031: auto-starting new master
[roslaunch][INFO] 2017-06-09 18:30:08,034: create_master_process: rosmaster, /opt/ros/indigo/share/ros, 55471, 3, None
[roslaunch][INFO] 2017-06-09 18:30:08,038: process[master]: launching with args [['rosmaster', '--core', '-p', '55471', '-w', '3']]
[roslaunch.pmon][INFO] 2017-06-09 18:30:08,041: ProcessMonitor.register[master]
[roslaunch.pmon][INFO] 2017-06-09 18:30:08,045: ProcessMonitor.register[master] complete
[roslaunch][INFO] 2017-06-09 18:30:08,048: process[master]: starting os process
[roslaunch][INFO] 2017-06-09 18:30:08,052: process[master]: start w/ args [['rosmaster', '--core', '-p', '55471', '-w', '3', '__log:=/home/ccc_v1_w_dd4cc_18220/asn13529_Project_5/asn13530_Project_4/work/.ros/log/56511f2c-4d7c-11e7-a1f1-06b0869cc04d/master.log']]
[roslaunch][INFO] 2017-06-09 18:30:08,057: process[master]: cwd will be [/home/ccc_v1_w_dd4cc_18220/asn13529_Project_5/asn13530_Project_4/work/.ros]
[roslaunch][INFO] 2017-06-09 18:30:08,066: process[master]: started with pid [4124]
[roslaunch][INFO] 2017-06-09 18:30:08,067: master.is_running[http://ip-172-31-26-229:55471/]
[roslaunch][INFO] 2017-06-09 18:30:08,171: master.is_running[http://ip-172-31-26-229:55471/]
[roslaunch][INFO] 2017-06-09 18:30:08,276: master.is_running[http://ip-172-31-26-229:55471/]
[roslaunch][INFO] 2017-06-09 18:30:08,282: master.is_running[http://ip-172-31-26-229:55471/]
[roslaunch][INFO] 2017-06-09 18:30:08,286: ROS_MASTER_URI=http://ip-172-31-26-229:55471/
[roslaunch][INFO] 2017-06-09 18:30:08,291: setting /run_id to 56511f2c-4d7c-11e7-a1f1-06b0869cc04d
[roslaunch][INFO] 2017-06-09 18:30:08,299: setting /roslaunch/uris/host_ip_172_31_26_229__38404' to http://ip-172-31-26-229:38404/
[roslaunch][INFO] 2017-06-09 18:30:08,309: ... preparing to launch node of type [rosout/rosout]
[roslaunch][INFO] 2017-06-09 18:30:08,312: create_node_process: package[rosout] type[rosout] machine[Machine(name[] env_loader[None] address[localhost] ssh_port[22] user[None] assignable[True] timeout[10.0])] master_uri[http://ip-172-31-26-229:55471/]
[roslaunch][INFO] 2017-06-09 18:30:08,316: process[rosout-1]: env[{'ROS_DISTRO': 'indigo', 'ASNLIB': '/home/ccc_v1_s54106__48606/asn13529_Project_5/asn13530_Project_4/asnlib', 'LIB': '/home/ccc_v1_s54106__48606/lib', 'VOC_PROXY_TOKEN': '213762448143542435421353001593b4b9829edc6.21254733', 'SSH_CLIENT': '172.31.7.153 57294 22', 'CPATH': '/opt/ros/indigo/include', 'LOGNAME': 'ccc_v1_w_dd4cc_18220', 'USER': 'ccc_v1_w_dd4cc_18220', 'ROS_NODE_PORT': '55471', 'HOME': '/home/ccc_v1_w_dd4cc_18220/asn13529_Project_5/asn13530_Project_4/work', 'PATH': '/opt/ros/indigo/bin:/usr/local/sbin:/usr/local/bin:/usr/sbin:/usr/bin:/sbin:/bin:/usr/games:/usr/local/games:/home/local/bin:/home/ccc_v1_s54106__48606/lib:/home/ccc_v1_s54106__48606/asn13529_Project_5/asn13530_Project_4/asnlib:/home/vlibs:.', 'CMAKE_PREFIX_PATH': '/opt/ros/indigo', 'ROS_LOG_FILENAME': '/home/ccc_v1_w_dd4cc_18220/asn13529_Project_5/asn13530_Project_4/work/.ros/log/56511f2c-4d7c-11e7-a1f1-06b0869cc04d/roslaunch-ip-172-31-26-229-4108.log', 'LANG': 'en_US.UTF-8', 'TERM': 'xterm-256color', 'SHELL': '/bin/bash', 'HISTFILE': '/home/ccc_v1_w_dd4cc_18220/.bash_history', 'SHLVL': '2', 'VOC_WORKAREA': '/home/ccc_v1_w_dd4cc_18220/asn13529_Project_5/asn13530_Project_4/work', 'LD_LIBRARY_PATH': '/opt/ros/indigo/lib:/opt/ros/indigo/lib/x86_64-linux-gnu:/home/ccc_v1_s54106__48606/lib:/home/ccc_v1_s54106__48606/asn13529_Project_5/asn13530_Project_4/asnlib:/home/vlibs', 'PART1': '/home/ccc_v1_s54106__48606/asn13529_Project_5/asn13530_Project_4', 'ROS_MASTER_URI': 'http://ip-172-31-26-229:55471/', 'XDG_RUNTIME_DIR': '/run/user/18220', 'PYTHONPATH': '/opt/ros/indigo/lib/python2.7/dist-packages:/home/vlibs/python', 'VOC_PROXY_WRAPPER_PORT': '5100', 'VOC_XFER_TOKEN': '10303501014354243542135300593b4b981ea286.81644472', 'ROS_ROOT': '/opt/ros/indigo/share/ros', 'OLD_HOME': '/home/ccc_v1_w_dd4cc_18220', 'PKG_CONFIG_PATH': '/opt/ros/indigo/lib/pkgconfig:/opt/ros/indigo/lib/x86_64-linux-gnu/pkgconfig', 'ROS_PACKAGE_PATH': '/opt/ros/indigo/share:/opt/ros/indigo/stacks', 'XDG_SESSION_ID': '316373', '_': '/usr/bin/stdbuf', 'LD_PRELOAD': '/usr/lib/coreutils/libstdbuf.so', '_STDBUF_O': 'L', 'SSH_TTY': '/dev/pts/3', 'OLDPWD': '/home/ccc_v1_w_dd4cc_18220', 'ROSLISP_PACKAGE_DIRECTORIES': '', 'VLIB': '/home/vlibs', 'PWD': '/home/ccc_v1_w_dd4cc_18220/asn13529_Project_5/asn13530_Project_4/work', 'VOC_PROXY_ID': '43542_43542_13530_0_1', 'ROS_ETC_DIR': '/opt/ros/indigo/etc/ros', 'MAIL': '/var/mail/ccc_v1_w_dd4cc_18220', 'SSH_CONNECTION': '172.31.7.153 57294 172.31.26.229 22'}]
[roslaunch][INFO] 2017-06-09 18:30:08,349: process[rosout-1]: args[[u'/opt/ros/indigo/lib/rosout/rosout', u'__name:=rosout']]
[roslaunch][INFO] 2017-06-09 18:30:08,354: ... created process [rosout-1]
[roslaunch.pmon][INFO] 2017-06-09 18:30:08,358: ProcessMonitor.register[rosout-1]
[roslaunch.pmon][INFO] 2017-06-09 18:30:08,361: ProcessMonitor.register[rosout-1] complete
[roslaunch][INFO] 2017-06-09 18:30:08,364: ... registered process [rosout-1]
[roslaunch][INFO] 2017-06-09 18:30:08,368: process[rosout-1]: starting os process
[roslaunch][INFO] 2017-06-09 18:30:08,373: process[rosout-1]: start w/ args [[u'/opt/ros/indigo/lib/rosout/rosout', u'__name:=rosout', u'__log:=/home/ccc_v1_w_dd4cc_18220/asn13529_Project_5/asn13530_Project_4/work/.ros/log/56511f2c-4d7c-11e7-a1f1-06b0869cc04d/rosout-1.log']]
[roslaunch][INFO] 2017-06-09 18:30:08,377: process[rosout-1]: cwd will be [/home/ccc_v1_w_dd4cc_18220/asn13529_Project_5/asn13530_Project_4/work/.ros]
[roslaunch][INFO] 2017-06-09 18:30:08,385: process[rosout-1]: started with pid [4137]
[roslaunch][INFO] 2017-06-09 18:30:08,386: ... successfully launched [rosout-1]
[roslaunch][INFO] 2017-06-09 18:30:08,390: load_parameters starting ...
[roslaunch][INFO] 2017-06-09 18:30:08,404: ... load_parameters complete
[roslaunch][INFO] 2017-06-09 18:30:08,407: launch_nodes: launching local nodes ...
[roslaunch][INFO] 2017-06-09 18:30:08,410: ... launch_nodes complete
[roslaunch.pmon][INFO] 2017-06-09 18:30:08,414: registrations completed <ProcessMonitor(ProcessMonitor-1, started daemon 140415014995712)>
[roslaunch.parent][INFO] 2017-06-09 18:30:08,417: ... roslaunch parent running, waiting for process exit
[roslaunch][INFO] 2017-06-09 18:30:08,421: spin
