[rosmaster.main][INFO] 2017-06-10 00:33:10,513: initialization complete, waiting for shutdown
[rosmaster.main][INFO] 2017-06-10 00:33:10,513: Starting ROS Master Node
[xmlrpc][INFO] 2017-06-10 00:33:10,518: XML-RPC server binding to 0.0.0.0:42265
[xmlrpc][INFO] 2017-06-10 00:33:10,521: Started XML-RPC server [http://ip-172-31-26-229:42265/]
[rosmaster.master][INFO] 2017-06-10 00:33:10,521: Master initialized: port[42265], uri[http://ip-172-31-26-229:42265/]
[xmlrpc][INFO] 2017-06-10 00:33:10,525: xml rpc node: starting XML-RPC server
[rosmaster.master][INFO] 2017-06-10 00:33:10,611: +PARAM [/run_id] by /roslaunch
[rosmaster.master][INFO] 2017-06-10 00:33:10,619: +PARAM [/roslaunch/uris/host_ip_172_31_26_229__37380] by /roslaunch
[rosmaster.master][INFO] 2017-06-10 00:33:10,710: +PARAM [/rosversion] by /roslaunch
[rosmaster.master][INFO] 2017-06-10 00:33:10,714: +PARAM [/rosdistro] by /roslaunch
[rosmaster.master][INFO] 2017-06-10 00:33:10,733: +SERVICE [/rosout/get_loggers] /rosout http://ip-172-31-26-229:40729/
[rosmaster.master][INFO] 2017-06-10 00:33:10,741: +SERVICE [/rosout/set_logger_level] /rosout http://ip-172-31-26-229:40729/
[rosmaster.master][INFO] 2017-06-10 00:33:10,747: +PUB [/rosout_agg] /rosout http://ip-172-31-26-229:40729/
[rosmaster.master][INFO] 2017-06-10 00:33:10,764: +SUB [/rosout] /rosout http://ip-172-31-26-229:40729/
[rosmaster.master][INFO] 2017-06-10 00:33:11,086: +PUB [/rosout] /tf2_web_republisher http://ip-172-31-26-229:46067/
[rosmaster.master][INFO] 2017-06-10 00:33:11,091: +SERVICE [/tf2_web_republisher/get_loggers] /tf2_web_republisher http://ip-172-31-26-229:46067/
[rosmaster.master][INFO] 2017-06-10 00:33:11,095: +SERVICE [/tf2_web_republisher/set_logger_level] /tf2_web_republisher http://ip-172-31-26-229:46067/
[rosmaster.master][INFO] 2017-06-10 00:33:11,104: +SUB [/tf] /tf2_web_republisher http://ip-172-31-26-229:46067/
[rosmaster.master][INFO] 2017-06-10 00:33:11,112: +SUB [/tf_static] /tf2_web_republisher http://ip-172-31-26-229:46067/
[rosmaster.master][INFO] 2017-06-10 00:33:11,117: +SERVICE [/republish_tfs] /tf2_web_republisher http://ip-172-31-26-229:46067/
[rosmaster.master][INFO] 2017-06-10 00:33:11,118: publisherUpdate[/rosout] -> http://ip-172-31-26-229:40729/
[rosmaster.master][INFO] 2017-06-10 00:33:11,121: +PUB [/tf2_web_republisher/result] /tf2_web_republisher http://ip-172-31-26-229:46067/
[rosmaster.master][INFO] 2017-06-10 00:33:11,128: +PUB [/tf2_web_republisher/feedback] /tf2_web_republisher http://ip-172-31-26-229:46067/
[rosmaster.master][INFO] 2017-06-10 00:33:11,133: +PUB [/tf2_web_republisher/status] /tf2_web_republisher http://ip-172-31-26-229:46067/
[rosmaster.master][INFO] 2017-06-10 00:33:11,146: +SUB [/tf2_web_republisher/goal] /tf2_web_republisher http://ip-172-31-26-229:46067/
[rosmaster.master][INFO] 2017-06-10 00:33:11,156: +SUB [/tf2_web_republisher/cancel] /tf2_web_republisher http://ip-172-31-26-229:46067/
[rosmaster.master][INFO] 2017-06-10 00:33:12,506: +PARAM [/roslaunch/uris/host_ip_172_31_26_229__38272] by /roslaunch
[rosmaster.master][INFO] 2017-06-10 00:33:12,513: +PARAM [/rosbridge_websocket/port] by /roslaunch
[rosmaster.master][INFO] 2017-06-10 00:33:12,516: +PARAM [/rosdistro] by /roslaunch
[rosmaster.master][INFO] 2017-06-10 00:33:12,520: +PARAM [/rosbridge_websocket/fragment_timeout] by /roslaunch
[rosmaster.master][INFO] 2017-06-10 00:33:12,523: +PARAM [/rosbridge_websocket/delay_between_messages] by /roslaunch
[rosmaster.master][INFO] 2017-06-10 00:33:12,526: +PARAM [/rosversion] by /roslaunch
[rosmaster.master][INFO] 2017-06-10 00:33:12,530: +PARAM [/rosbridge_websocket/authenticate] by /roslaunch
[rosmaster.master][INFO] 2017-06-10 00:33:12,533: +PARAM [/rosbridge_websocket/retry_startup_delay] by /roslaunch
[rosmaster.master][INFO] 2017-06-10 00:33:12,536: +PARAM [/rosbridge_websocket/address] by /roslaunch
[rosmaster.master][INFO] 2017-06-10 00:33:12,540: +PARAM [/rosbridge_websocket/max_message_size] by /roslaunch
[rosmaster.master][INFO] 2017-06-10 00:33:13,016: +PUB [/rosout] /rosapi http://ip-172-31-26-229:38860/
[rosmaster.master][INFO] 2017-06-10 00:33:13,021: publisherUpdate[/rosout] -> http://ip-172-31-26-229:40729/
[rosmaster.master][INFO] 2017-06-10 00:33:13,031: +SERVICE [/rosapi/get_loggers] /rosapi http://ip-172-31-26-229:38860/
[rosmaster.master][INFO] 2017-06-10 00:33:13,036: +SERVICE [/rosapi/set_logger_level] /rosapi http://ip-172-31-26-229:38860/
[rosmaster.master][INFO] 2017-06-10 00:33:13,041: +SERVICE [/rosapi/topics] /rosapi http://ip-172-31-26-229:38860/
[rosmaster.master][INFO] 2017-06-10 00:33:13,046: +SERVICE [/rosapi/topics_for_type] /rosapi http://ip-172-31-26-229:38860/
[rosmaster.master][INFO] 2017-06-10 00:33:13,051: +SERVICE [/rosapi/services] /rosapi http://ip-172-31-26-229:38860/
[rosmaster.master][INFO] 2017-06-10 00:33:13,056: +SERVICE [/rosapi/services_for_type] /rosapi http://ip-172-31-26-229:38860/
[rosmaster.master][INFO] 2017-06-10 00:33:13,061: +SERVICE [/rosapi/nodes] /rosapi http://ip-172-31-26-229:38860/
[rosmaster.master][INFO] 2017-06-10 00:33:13,065: +SERVICE [/rosapi/node_details] /rosapi http://ip-172-31-26-229:38860/
[rosmaster.master][INFO] 2017-06-10 00:33:13,070: +PUB [/rosout] /interactive_marker_proxy http://ip-172-31-26-229:59573/
[rosmaster.master][INFO] 2017-06-10 00:33:13,074: +SERVICE [/rosapi/topic_type] /rosapi http://ip-172-31-26-229:38860/
[rosmaster.master][INFO] 2017-06-10 00:33:13,078: +SERVICE [/interactive_marker_proxy/get_loggers] /interactive_marker_proxy http://ip-172-31-26-229:59573/
[rosmaster.master][INFO] 2017-06-10 00:33:13,082: +SERVICE [/rosapi/service_type] /rosapi http://ip-172-31-26-229:38860/
[rosmaster.master][INFO] 2017-06-10 00:33:13,085: +SERVICE [/interactive_marker_proxy/set_logger_level] /interactive_marker_proxy http://ip-172-31-26-229:59573/
[rosmaster.master][INFO] 2017-06-10 00:33:13,089: +SERVICE [/rosapi/publishers] /rosapi http://ip-172-31-26-229:38860/
[rosmaster.master][INFO] 2017-06-10 00:33:13,094: +SERVICE [/rosapi/subscribers] /rosapi http://ip-172-31-26-229:38860/
[rosmaster.master][INFO] 2017-06-10 00:33:13,097: +SUB [/tf] /interactive_marker_proxy http://ip-172-31-26-229:59573/
[rosmaster.master][INFO] 2017-06-10 00:33:13,101: +SERVICE [/rosapi/service_providers] /rosapi http://ip-172-31-26-229:38860/
[rosmaster.master][INFO] 2017-06-10 00:33:13,105: +SUB [/tf_static] /interactive_marker_proxy http://ip-172-31-26-229:59573/
[rosmaster.master][INFO] 2017-06-10 00:33:13,111: +SERVICE [/rosapi/service_node] /rosapi http://ip-172-31-26-229:38860/
[rosmaster.master][INFO] 2017-06-10 00:33:13,116: +SUB [/control_markers/update] /interactive_marker_proxy http://ip-172-31-26-229:59573/
[rosmaster.master][INFO] 2017-06-10 00:33:13,122: publisherUpdate[/rosout] -> http://ip-172-31-26-229:40729/
[rosmaster.master][INFO] 2017-06-10 00:33:13,123: +SERVICE [/rosapi/service_host] /rosapi http://ip-172-31-26-229:38860/
[rosmaster.master][INFO] 2017-06-10 00:33:13,130: +SUB [/control_markers/update_full] /interactive_marker_proxy http://ip-172-31-26-229:59573/
[rosmaster.master][INFO] 2017-06-10 00:33:13,134: +SERVICE [/rosapi/message_details] /rosapi http://ip-172-31-26-229:38860/
[rosmaster.master][INFO] 2017-06-10 00:33:13,140: +PUB [/control_markers/tunneled/update] /interactive_marker_proxy http://ip-172-31-26-229:59573/
[rosmaster.master][INFO] 2017-06-10 00:33:13,143: +SERVICE [/rosapi/service_request_details] /rosapi http://ip-172-31-26-229:38860/
[rosmaster.master][INFO] 2017-06-10 00:33:13,147: +SERVICE [/control_markers/tunneled/get_init] /interactive_marker_proxy http://ip-172-31-26-229:59573/
[rosmaster.master][INFO] 2017-06-10 00:33:13,150: +SERVICE [/rosapi/service_response_details] /rosapi http://ip-172-31-26-229:38860/
[rosmaster.master][INFO] 2017-06-10 00:33:13,154: +SERVICE [/rosapi/set_param] /rosapi http://ip-172-31-26-229:38860/
[rosmaster.master][INFO] 2017-06-10 00:33:13,159: +SERVICE [/rosapi/get_param] /rosapi http://ip-172-31-26-229:38860/
[rosmaster.master][INFO] 2017-06-10 00:33:13,163: +SERVICE [/rosapi/has_param] /rosapi http://ip-172-31-26-229:38860/
[rosmaster.master][INFO] 2017-06-10 00:33:13,168: +SERVICE [/rosapi/search_param] /rosapi http://ip-172-31-26-229:38860/
[rosmaster.master][INFO] 2017-06-10 00:33:13,172: +SERVICE [/rosapi/delete_param] /rosapi http://ip-172-31-26-229:38860/
[rosmaster.master][INFO] 2017-06-10 00:33:13,177: +SERVICE [/rosapi/get_param_names] /rosapi http://ip-172-31-26-229:38860/
[rosmaster.master][INFO] 2017-06-10 00:33:13,181: +SERVICE [/rosapi/get_time] /rosapi http://ip-172-31-26-229:38860/
[rosmaster.master][INFO] 2017-06-10 00:33:13,186: -SUB [/control_markers/update_full] /interactive_marker_proxy http://ip-172-31-26-229:59573/
[rosmaster.master][INFO] 2017-06-10 00:33:13,190: +PUB [/rosout] /rosbridge_websocket http://ip-172-31-26-229:33146/
[rosmaster.master][INFO] 2017-06-10 00:33:13,202: +SERVICE [/rosbridge_websocket/get_loggers] /rosbridge_websocket http://ip-172-31-26-229:33146/
[rosmaster.master][INFO] 2017-06-10 00:33:13,207: +SERVICE [/rosbridge_websocket/set_logger_level] /rosbridge_websocket http://ip-172-31-26-229:33146/
[rosmaster.master][INFO] 2017-06-10 00:33:13,228: publisherUpdate[/rosout] -> http://ip-172-31-26-229:40729/
[rosmaster.master][INFO] 2017-06-10 00:33:14,491: +PARAM [/roslaunch/uris/host_ip_172_31_26_229__38273] by /roslaunch
[rosmaster.master][INFO] 2017-06-10 00:33:14,506: +PARAM [/robot_description_kinematics/lwr_arm/kinematics_solver] by /roslaunch
[rosmaster.master][INFO] 2017-06-10 00:33:14,510: +PARAM [/move_group/planner_configs/RRTkConfigDefault/goal_bias] by /roslaunch
[rosmaster.master][INFO] 2017-06-10 00:33:14,513: +PARAM [/robot_description_semantic] by /roslaunch
[rosmaster.master][INFO] 2017-06-10 00:33:14,524: +PARAM [/robot_description_kinematics/lwr_arm/kinematics_solver_attempts] by /roslaunch
[rosmaster.master][INFO] 2017-06-10 00:33:14,527: +PARAM [/robot_description_planning/joint_limits/lwr_arm_6_joint/max_acceleration] by /roslaunch
[rosmaster.master][INFO] 2017-06-10 00:33:14,531: +PARAM [/robot_description_planning/joint_limits/lwr_arm_5_joint/has_acceleration_limits] by /roslaunch
[rosmaster.master][INFO] 2017-06-10 00:33:14,534: +PARAM [/move_group/planner_configs/RRTstarkConfigDefault/range] by /roslaunch
[rosmaster.master][INFO] 2017-06-10 00:33:14,538: +PARAM [/robot_description_planning/joint_limits/lwr_arm_0_joint/max_acceleration] by /roslaunch
[rosmaster.master][INFO] 2017-06-10 00:33:14,541: +PARAM [/robot_description_planning/joint_limits/lwr_arm_0_joint/has_velocity_limits] by /roslaunch
[rosmaster.master][INFO] 2017-06-10 00:33:14,545: +PARAM [/move_group/max_safe_path_cost] by /roslaunch
[rosmaster.master][INFO] 2017-06-10 00:33:14,548: +PARAM [/move_group/planner_configs/RRTstarkConfigDefault/goal_bias] by /roslaunch
[rosmaster.master][INFO] 2017-06-10 00:33:14,551: +PARAM [/move_group/planning_scene_monitor/publish_planning_scene] by /roslaunch
[rosmaster.master][INFO] 2017-06-10 00:33:14,557: +PARAM [/move_group/planner_configs/PRMkConfigDefault/type] by /roslaunch
[rosmaster.master][INFO] 2017-06-10 00:33:14,560: +PARAM [/move_group/planner_configs/ESTkConfigDefault/range] by /roslaunch
[rosmaster.master][INFO] 2017-06-10 00:33:14,564: +PARAM [/robot_description_planning/joint_limits/lwr_arm_2_joint/max_acceleration] by /roslaunch
[rosmaster.master][INFO] 2017-06-10 00:33:14,567: +PARAM [/move_group/planner_configs/KPIECEkConfigDefault/min_valid_path_fraction] by /roslaunch
[rosmaster.master][INFO] 2017-06-10 00:33:14,571: +PARAM [/move_group/planner_configs/BKPIECEkConfigDefault/border_fraction] by /roslaunch
[rosmaster.master][INFO] 2017-06-10 00:33:14,574: +PARAM [/move_group/planner_configs/PRMkConfigDefault/max_nearest_neighbors] by /roslaunch
[rosmaster.master][INFO] 2017-06-10 00:33:14,578: +PARAM [/move_group/planner_configs/TRRTkConfigDefault/goal_bias] by /roslaunch
[rosmaster.master][INFO] 2017-06-10 00:33:14,581: +PARAM [/move_group/planner_configs/BKPIECEkConfigDefault/min_valid_path_fraction] by /roslaunch
[rosmaster.master][INFO] 2017-06-10 00:33:14,585: +PARAM [/robot_description_planning/joint_limits/lwr_arm_2_joint/has_velocity_limits] by /roslaunch
[rosmaster.master][INFO] 2017-06-10 00:33:14,588: +PARAM [/robot_description_planning/joint_limits/lwr_arm_3_joint/max_velocity] by /roslaunch
[rosmaster.master][INFO] 2017-06-10 00:33:14,591: +PARAM [/robot_description_planning/joint_limits/lwr_arm_4_joint/max_acceleration] by /roslaunch
[rosmaster.master][INFO] 2017-06-10 00:33:14,595: +PARAM [/robot_description_planning/joint_limits/lwr_arm_0_joint/max_velocity] by /roslaunch
[rosmaster.master][INFO] 2017-06-10 00:33:14,598: +PARAM [/move_group/planner_configs/SBLkConfigDefault/range] by /roslaunch
[rosmaster.master][INFO] 2017-06-10 00:33:14,602: +PARAM [/move_group/planner_configs/TRRTkConfigDefault/frountierNodeRatio] by /roslaunch
[rosmaster.master][INFO] 2017-06-10 00:33:14,605: +PARAM [/robot_description_planning/joint_limits/lwr_arm_6_joint/has_acceleration_limits] by /roslaunch
[rosmaster.master][INFO] 2017-06-10 00:33:14,608: +PARAM [/move_group/planning_plugin] by /roslaunch
[rosmaster.master][INFO] 2017-06-10 00:33:14,612: +PARAM [/move_group/planning_scene_monitor/publish_geometry_updates] by /roslaunch
[rosmaster.master][INFO] 2017-06-10 00:33:14,615: +PARAM [/robot_description_planning/joint_limits/lwr_arm_3_joint/max_acceleration] by /roslaunch
[rosmaster.master][INFO] 2017-06-10 00:33:14,619: +PARAM [/move_group/planner_configs/TRRTkConfigDefault/max_states_failed] by /roslaunch
[rosmaster.master][INFO] 2017-06-10 00:33:14,622: +PARAM [/robot_description_planning/joint_limits/lwr_arm_3_joint/has_velocity_limits] by /roslaunch
[rosmaster.master][INFO] 2017-06-10 00:33:14,626: +PARAM [/robot_description_kinematics/lwr_arm/kinematics_solver_timeout] by /roslaunch
[rosmaster.master][INFO] 2017-06-10 00:33:14,629: +PARAM [/move_group/lwr_arm/projection_evaluator] by /roslaunch
[rosmaster.master][INFO] 2017-06-10 00:33:14,632: +PARAM [/robot_description_planning/joint_limits/lwr_arm_1_joint/has_acceleration_limits] by /roslaunch
[rosmaster.master][INFO] 2017-06-10 00:33:14,636: +PARAM [/rosdistro] by /roslaunch
[rosmaster.master][INFO] 2017-06-10 00:33:14,639: +PARAM [/robot_description_planning/joint_limits/lwr_arm_5_joint/max_velocity] by /roslaunch
[rosmaster.master][INFO] 2017-06-10 00:33:14,642: +PARAM [/move_group/planner_configs/PRMstarkConfigDefault/type] by /roslaunch
[rosmaster.master][INFO] 2017-06-10 00:33:14,646: +PARAM [/move_group/planner_configs/RRTkConfigDefault/range] by /roslaunch
[rosmaster.master][INFO] 2017-06-10 00:33:14,649: +PARAM [/move_group/allow_trajectory_execution] by /roslaunch
[rosmaster.master][INFO] 2017-06-10 00:33:14,652: +PARAM [/move_group/lwr_arm/planner_configs] by /roslaunch
[rosmaster.master][INFO] 2017-06-10 00:33:14,656: +PARAM [/move_group/planner_configs/ESTkConfigDefault/type] by /roslaunch
[rosmaster.master][INFO] 2017-06-10 00:33:14,659: +PARAM [/move_group/start_state_max_bounds_error] by /roslaunch
[rosmaster.master][INFO] 2017-06-10 00:33:14,662: +PARAM [/move_group/planner_configs/TRRTkConfigDefault/init_temperature] by /roslaunch
[rosmaster.master][INFO] 2017-06-10 00:33:14,666: +PARAM [/move_group/planner_configs/BKPIECEkConfigDefault/type] by /roslaunch
[rosmaster.master][INFO] 2017-06-10 00:33:14,670: +PARAM [/move_group/planner_configs/KPIECEkConfigDefault/border_fraction] by /roslaunch
[rosmaster.master][INFO] 2017-06-10 00:33:14,673: +PARAM [/robot_description_planning/joint_limits/lwr_arm_4_joint/has_velocity_limits] by /roslaunch
[rosmaster.master][INFO] 2017-06-10 00:33:14,678: +PARAM [/move_group/planner_configs/ESTkConfigDefault/goal_bias] by /roslaunch
[rosmaster.master][INFO] 2017-06-10 00:33:14,681: +PARAM [/move_group/planner_configs/LBKPIECEkConfigDefault/border_fraction] by /roslaunch
[rosmaster.master][INFO] 2017-06-10 00:33:14,685: +PARAM [/move_group/jiggle_fraction] by /roslaunch
[rosmaster.master][INFO] 2017-06-10 00:33:14,688: +PARAM [/move_group/planner_configs/TRRTkConfigDefault/range] by /roslaunch
[rosmaster.master][INFO] 2017-06-10 00:33:14,692: +PARAM [/move_group/planning_scene_monitor/publish_state_updates] by /roslaunch
[rosmaster.master][INFO] 2017-06-10 00:33:14,695: +PARAM [/move_group/planner_configs/TRRTkConfigDefault/temp_change_factor] by /roslaunch
[rosmaster.master][INFO] 2017-06-10 00:33:14,699: +PARAM [/robot_description_planning/joint_limits/lwr_arm_6_joint/max_velocity] by /roslaunch
[rosmaster.master][INFO] 2017-06-10 00:33:14,702: +PARAM [/robot_description_planning/joint_limits/lwr_arm_1_joint/max_velocity] by /roslaunch
[rosmaster.master][INFO] 2017-06-10 00:33:14,706: +PARAM [/move_group/planner_configs/SBLkConfigDefault/type] by /roslaunch
[rosmaster.master][INFO] 2017-06-10 00:33:14,709: +PARAM [/robot_description] by /roslaunch
[rosmaster.master][INFO] 2017-06-10 00:33:14,712: +PARAM [/move_group/capabilities] by /roslaunch
[rosmaster.master][INFO] 2017-06-10 00:33:14,716: +PARAM [/move_group/planner_configs/LBKPIECEkConfigDefault/range] by /roslaunch
[rosmaster.master][INFO] 2017-06-10 00:33:14,719: +PARAM [/robot_description_planning/joint_limits/lwr_arm_5_joint/max_acceleration] by /roslaunch
[rosmaster.master][INFO] 2017-06-10 00:33:14,723: +PARAM [/move_group/planner_configs/KPIECEkConfigDefault/range] by /roslaunch
[rosmaster.master][INFO] 2017-06-10 00:33:14,726: +PARAM [/move_group/planner_configs/BKPIECEkConfigDefault/range] by /roslaunch
[rosmaster.master][INFO] 2017-06-10 00:33:14,737: +PARAM [/move_group/planner_configs/TRRTkConfigDefault/type] by /roslaunch
[rosmaster.master][INFO] 2017-06-10 00:33:14,740: +PARAM [/move_group/planner_configs/KPIECEkConfigDefault/goal_bias] by /roslaunch
[rosmaster.master][INFO] 2017-06-10 00:33:14,744: +PARAM [/move_group/planner_configs/RRTConnectkConfigDefault/range] by /roslaunch
[rosmaster.master][INFO] 2017-06-10 00:33:14,748: +PARAM [/move_group/request_adapters] by /roslaunch
[rosmaster.master][INFO] 2017-06-10 00:33:14,751: +PARAM [/move_group/planner_configs/TRRTkConfigDefault/min_temperature] by /roslaunch
[rosmaster.master][INFO] 2017-06-10 00:33:14,754: +PARAM [/robot_description_planning/joint_limits/lwr_arm_6_joint/has_velocity_limits] by /roslaunch
[rosmaster.master][INFO] 2017-06-10 00:33:14,758: +PARAM [/robot_description_planning/joint_limits/lwr_arm_1_joint/has_velocity_limits] by /roslaunch
[rosmaster.master][INFO] 2017-06-10 00:33:14,763: +PARAM [/move_group/planner_configs/KPIECEkConfigDefault/failed_expansion_score_factor] by /roslaunch
[rosmaster.master][INFO] 2017-06-10 00:33:14,766: +PARAM [/move_group/planning_scene_monitor/publish_transforms_updates] by /roslaunch
[rosmaster.master][INFO] 2017-06-10 00:33:14,769: +PARAM [/robot_description_planning/joint_limits/lwr_arm_5_joint/has_velocity_limits] by /roslaunch
[rosmaster.master][INFO] 2017-06-10 00:33:14,774: +PARAM [/robot_description_planning/joint_limits/lwr_arm_3_joint/has_acceleration_limits] by /roslaunch
[rosmaster.master][INFO] 2017-06-10 00:33:14,777: +PARAM [/move_group/planner_configs/RRTstarkConfigDefault/type] by /roslaunch
[rosmaster.master][INFO] 2017-06-10 00:33:14,781: +PARAM [/move_group/lwr_arm/longest_valid_segment_fraction] by /roslaunch
[rosmaster.master][INFO] 2017-06-10 00:33:14,785: +PARAM [/move_group/planner_configs/RRTstarkConfigDefault/delay_collision_checking] by /roslaunch
[rosmaster.master][INFO] 2017-06-10 00:33:14,788: +PARAM [/move_group/planner_configs/KPIECEkConfigDefault/type] by /roslaunch
[rosmaster.master][INFO] 2017-06-10 00:33:14,792: +PARAM [/robot_description_kinematics/lwr_arm/kinematics_solver_search_resolution] by /roslaunch
[rosmaster.master][INFO] 2017-06-10 00:33:14,796: +PARAM [/move_group/planner_configs/RRTConnectkConfigDefault/type] by /roslaunch
[rosmaster.master][INFO] 2017-06-10 00:33:14,799: +PARAM [/robot_description_planning/joint_limits/lwr_arm_2_joint/has_acceleration_limits] by /roslaunch
[rosmaster.master][INFO] 2017-06-10 00:33:14,803: +PARAM [/move_group/planner_configs/BKPIECEkConfigDefault/failed_expansion_score_factor] by /roslaunch
[rosmaster.master][INFO] 2017-06-10 00:33:14,806: +PARAM [/robot_description_planning/joint_limits/lwr_arm_2_joint/max_velocity] by /roslaunch
[rosmaster.master][INFO] 2017-06-10 00:33:14,810: +PARAM [/move_group/planner_configs/LBKPIECEkConfigDefault/min_valid_path_fraction] by /roslaunch
[rosmaster.master][INFO] 2017-06-10 00:33:14,814: +PARAM [/rosversion] by /roslaunch
[rosmaster.master][INFO] 2017-06-10 00:33:14,817: +PARAM [/robot_description_planning/joint_limits/lwr_arm_4_joint/max_velocity] by /roslaunch
[rosmaster.master][INFO] 2017-06-10 00:33:14,821: +PARAM [/robot_description_planning/joint_limits/lwr_arm_4_joint/has_acceleration_limits] by /roslaunch
[rosmaster.master][INFO] 2017-06-10 00:33:14,824: +PARAM [/robot_description_planning/joint_limits/lwr_arm_0_joint/has_acceleration_limits] by /roslaunch
[rosmaster.master][INFO] 2017-06-10 00:33:14,828: +PARAM [/robot_description_planning/joint_limits/lwr_arm_1_joint/max_acceleration] by /roslaunch
[rosmaster.master][INFO] 2017-06-10 00:33:14,831: +PARAM [/move_group/planner_configs/TRRTkConfigDefault/k_constant] by /roslaunch
[rosmaster.master][INFO] 2017-06-10 00:33:14,834: +PARAM [/move_group/planner_configs/TRRTkConfigDefault/frountier_threshold] by /roslaunch
[rosmaster.master][INFO] 2017-06-10 00:33:14,845: +PARAM [/move_group/planner_configs/LBKPIECEkConfigDefault/type] by /roslaunch
[rosmaster.master][INFO] 2017-06-10 00:33:14,848: +PARAM [/move_group/planner_configs/RRTkConfigDefault/type] by /roslaunch
[rosmaster.master][INFO] 2017-06-10 00:33:15,017: +PUB [/rosout] /robot_sim http://ip-172-31-26-229:35855/
[rosmaster.master][INFO] 2017-06-10 00:33:15,022: +SERVICE [/robot_sim/get_loggers] /robot_sim http://ip-172-31-26-229:35855/
[rosmaster.master][INFO] 2017-06-10 00:33:15,026: +SERVICE [/robot_sim/set_logger_level] /robot_sim http://ip-172-31-26-229:35855/
[rosmaster.master][INFO] 2017-06-10 00:33:15,032: publisherUpdate[/rosout] -> http://ip-172-31-26-229:40729/
[rosmaster.master][INFO] 2017-06-10 00:33:15,036: +PUB [/joint_states] /robot_sim http://ip-172-31-26-229:35855/
[rosmaster.master][INFO] 2017-06-10 00:33:15,046: +SUB [/joint_velocities] /robot_sim http://ip-172-31-26-229:35855/
[rosmaster.master][INFO] 2017-06-10 00:33:15,056: +SUB [/joint_positions] /robot_sim http://ip-172-31-26-229:35855/
[rosmaster.master][INFO] 2017-06-10 00:33:15,067: +SUB [/joint_command] /robot_sim http://ip-172-31-26-229:35855/
[rosmaster.master][INFO] 2017-06-10 00:33:15,073: +PUB [/rosout] /robot_state_publisher http://ip-172-31-26-229:35505/
[rosmaster.master][INFO] 2017-06-10 00:33:15,079: +SERVICE [/robot_state_publisher/get_loggers] /robot_state_publisher http://ip-172-31-26-229:35505/
[rosmaster.master][INFO] 2017-06-10 00:33:15,082: +SUB [/joint_trajectory] /robot_sim http://ip-172-31-26-229:35855/
[rosmaster.master][INFO] 2017-06-10 00:33:15,086: +SERVICE [/robot_state_publisher/set_logger_level] /robot_state_publisher http://ip-172-31-26-229:35505/
[rosmaster.master][INFO] 2017-06-10 00:33:15,095: +PUB [/tf] /robot_state_publisher http://ip-172-31-26-229:35505/
[rosmaster.master][INFO] 2017-06-10 00:33:15,100: +PUB [/tf_static] /robot_state_publisher http://ip-172-31-26-229:35505/
[rosmaster.master][INFO] 2017-06-10 00:33:15,114: +SUB [/joint_states] /robot_state_publisher http://ip-172-31-26-229:35505/
[rosmaster.master][INFO] 2017-06-10 00:33:15,133: publisherUpdate[/rosout] -> http://ip-172-31-26-229:40729/
[rosmaster.master][INFO] 2017-06-10 00:33:15,137: publisherUpdate[/tf] -> http://ip-172-31-26-229:46067/
[rosmaster.master][INFO] 2017-06-10 00:33:15,138: publisherUpdate[/tf] -> http://ip-172-31-26-229:59573/
[rosmaster.master][INFO] 2017-06-10 00:33:15,143: publisherUpdate[/tf_static] -> http://ip-172-31-26-229:46067/
[rosmaster.master][INFO] 2017-06-10 00:33:15,149: publisherUpdate[/tf_static] -> http://ip-172-31-26-229:59573/
[rosmaster.master][INFO] 2017-06-10 00:33:15,260: +PUB [/rosout] /move_group http://ip-172-31-26-229:53673/
[rosmaster.master][INFO] 2017-06-10 00:33:15,264: +SERVICE [/move_group/get_loggers] /move_group http://ip-172-31-26-229:53673/
[rosmaster.master][INFO] 2017-06-10 00:33:15,269: +SERVICE [/move_group/set_logger_level] /move_group http://ip-172-31-26-229:53673/
[rosmaster.master][INFO] 2017-06-10 00:33:15,285: +SUB [/tf] /move_group http://ip-172-31-26-229:53673/
[rosmaster.master][INFO] 2017-06-10 00:33:15,294: +SUB [/tf_static] /move_group http://ip-172-31-26-229:53673/
[rosmaster.master][INFO] 2017-06-10 00:33:15,338: publisherUpdate[/rosout] -> http://ip-172-31-26-229:40729/
[rosmaster.master][INFO] 2017-06-10 00:33:15,525: +SERVICE [/move_group/planning_scene_monitor/set_parameters] /move_group http://ip-172-31-26-229:53673/
[rosmaster.master][INFO] 2017-06-10 00:33:15,531: +PUB [/move_group/planning_scene_monitor/parameter_descriptions] /move_group http://ip-172-31-26-229:53673/
[rosmaster.master][INFO] 2017-06-10 00:33:15,535: +PUB [/move_group/planning_scene_monitor/parameter_updates] /move_group http://ip-172-31-26-229:53673/
[rosmaster.master][INFO] 2017-06-10 00:33:15,545: +PARAM [/move_group/planning_scene_monitor/publish_planning_scene] by /move_group
[rosmaster.master][INFO] 2017-06-10 00:33:15,550: +PARAM [/move_group/planning_scene_monitor/publish_planning_scene_hz] by /move_group
[rosmaster.master][INFO] 2017-06-10 00:33:15,554: +PARAM [/move_group/planning_scene_monitor/publish_geometry_updates] by /move_group
[rosmaster.master][INFO] 2017-06-10 00:33:15,559: +PARAM [/move_group/planning_scene_monitor/publish_state_updates] by /move_group
[rosmaster.master][INFO] 2017-06-10 00:33:15,564: +PARAM [/move_group/planning_scene_monitor/publish_transforms_updates] by /move_group
[rosmaster.master][INFO] 2017-06-10 00:33:15,568: +PUB [/move_group/monitored_planning_scene] /move_group http://ip-172-31-26-229:53673/
[rosmaster.master][INFO] 2017-06-10 00:33:15,573: +PARAM [/move_group/planning_scene_monitor/publish_planning_scene] by /move_group
[rosmaster.master][INFO] 2017-06-10 00:33:15,574: +PUB [/rosout] /move_group_commander_wrappers_1497079995570238719 http://ip-172-31-26-229:53655/
[rosmaster.master][INFO] 2017-06-10 00:33:15,577: +PARAM [/move_group/planning_scene_monitor/publish_planning_scene_hz] by /move_group
[rosmaster.master][INFO] 2017-06-10 00:33:15,581: +SERVICE [/move_group_commander_wrappers_1497079995570238719/get_loggers] /move_group_commander_wrappers_1497079995570238719 http://ip-172-31-26-229:53655/
[rosmaster.master][INFO] 2017-06-10 00:33:15,589: +PARAM [/move_group/planning_scene_monitor/publish_geometry_updates] by /move_group
[rosmaster.master][INFO] 2017-06-10 00:33:15,599: +SERVICE [/move_group_commander_wrappers_1497079995570238719/set_logger_level] /move_group_commander_wrappers_1497079995570238719 http://ip-172-31-26-229:53655/
[rosmaster.master][INFO] 2017-06-10 00:33:15,602: +PARAM [/move_group/planning_scene_monitor/publish_state_updates] by /move_group
[rosmaster.master][INFO] 2017-06-10 00:33:15,611: +PARAM [/move_group/planning_scene_monitor/publish_transforms_updates] by /move_group
[rosmaster.master][INFO] 2017-06-10 00:33:15,621: +SUB [/planning_scene] /move_group http://ip-172-31-26-229:53673/
[rosmaster.master][INFO] 2017-06-10 00:33:15,631: +SUB [/collision_object] /move_group http://ip-172-31-26-229:53673/
[rosmaster.master][INFO] 2017-06-10 00:33:15,641: +SUB [/planning_scene_world] /move_group http://ip-172-31-26-229:53673/
[rosmaster.master][INFO] 2017-06-10 00:33:15,645: publisherUpdate[/rosout] -> http://ip-172-31-26-229:40729/
[rosmaster.master][INFO] 2017-06-10 00:33:15,649: +SERVICE [/move_group/save_map] /move_group http://ip-172-31-26-229:53673/
[rosmaster.master][INFO] 2017-06-10 00:33:15,655: +SERVICE [/move_group/load_map] /move_group http://ip-172-31-26-229:53673/
[rosmaster.master][INFO] 2017-06-10 00:33:15,664: +SUB [/joint_states] /move_group http://ip-172-31-26-229:53673/
[rosmaster.master][INFO] 2017-06-10 00:33:15,673: +SUB [/attached_collision_object] /move_group http://ip-172-31-26-229:53673/
[rosmaster.master][INFO] 2017-06-10 00:33:15,758: +SERVICE [/move_group/ompl/set_parameters] /move_group http://ip-172-31-26-229:53673/
[rosmaster.master][INFO] 2017-06-10 00:33:15,763: +PUB [/move_group/ompl/parameter_descriptions] /move_group http://ip-172-31-26-229:53673/
[rosmaster.master][INFO] 2017-06-10 00:33:15,768: +PUB [/move_group/ompl/parameter_updates] /move_group http://ip-172-31-26-229:53673/
[rosmaster.master][INFO] 2017-06-10 00:33:15,773: +PUB [/rosout] /marker_control_21620_1497079995606 http://ip-172-31-26-229:35101/
[rosmaster.master][INFO] 2017-06-10 00:33:15,778: +PARAM [/move_group/ompl/simplify_solutions] by /move_group
[rosmaster.master][INFO] 2017-06-10 00:33:15,783: +PARAM [/move_group/ompl/minimum_waypoint_count] by /move_group
[rosmaster.master][INFO] 2017-06-10 00:33:15,786: +SERVICE [/marker_control_21620_1497079995606/get_loggers] /marker_control_21620_1497079995606 http://ip-172-31-26-229:35101/
[rosmaster.master][INFO] 2017-06-10 00:33:15,787: +PARAM [/move_group/ompl/maximum_waypoint_distance] by /move_group
[rosmaster.master][INFO] 2017-06-10 00:33:15,791: +SERVICE [/marker_control_21620_1497079995606/set_logger_level] /marker_control_21620_1497079995606 http://ip-172-31-26-229:35101/
[rosmaster.master][INFO] 2017-06-10 00:33:15,795: +PARAM [/move_group/ompl/link_for_exploration_tree] by /move_group
[rosmaster.master][INFO] 2017-06-10 00:33:15,799: +PUB [/planning_scene] /move_group_commander_wrappers_1497079995570238719 http://ip-172-31-26-229:53655/
[rosmaster.master][INFO] 2017-06-10 00:33:15,802: +PARAM [/move_group/ompl/display_random_valid_states] by /move_group
[rosmaster.master][INFO] 2017-06-10 00:33:15,806: +PUB [/collision_object] /marker_control_21620_1497079995606 http://ip-172-31-26-229:35101/
[rosmaster.master][INFO] 2017-06-10 00:33:15,815: +PARAM [/move_group/ompl/simplify_solutions] by /move_group
[rosmaster.master][INFO] 2017-06-10 00:33:15,818: +PUB [/attached_collision_object] /marker_control_21620_1497079995606 http://ip-172-31-26-229:35101/
[rosmaster.master][INFO] 2017-06-10 00:33:15,822: +PARAM [/move_group/ompl/minimum_waypoint_count] by /move_group
[rosmaster.master][INFO] 2017-06-10 00:33:15,825: +PUB [/visualization_marker_array] /marker_control_21620_1497079995606 http://ip-172-31-26-229:35101/
[rosmaster.master][INFO] 2017-06-10 00:33:15,829: +PARAM [/move_group/ompl/maximum_waypoint_distance] by /move_group
[rosmaster.master][INFO] 2017-06-10 00:33:15,832: +PUB [/motion_planning_goal] /marker_control_21620_1497079995606 http://ip-172-31-26-229:35101/
[rosmaster.master][INFO] 2017-06-10 00:33:15,835: +PARAM [/move_group/ompl/link_for_exploration_tree] by /move_group
[rosmaster.master][INFO] 2017-06-10 00:33:15,840: +SUB [/joint_trajectory] /marker_control_21620_1497079995606 http://ip-172-31-26-229:35101/
[rosmaster.master][INFO] 2017-06-10 00:33:15,843: +PARAM [/move_group/ompl/display_random_valid_states] by /move_group
[rosmaster.master][INFO] 2017-06-10 00:33:15,846: +PUB [/control_markers/update_full] /marker_control_21620_1497079995606 http://ip-172-31-26-229:35101/
[rosmaster.master][INFO] 2017-06-10 00:33:15,851: publisherUpdate[/rosout] -> http://ip-172-31-26-229:40729/
[rosmaster.master][INFO] 2017-06-10 00:33:15,852: publisherUpdate[/planning_scene] -> http://ip-172-31-26-229:53673/
[rosmaster.master][INFO] 2017-06-10 00:33:15,854: +PUB [/control_markers/update] /marker_control_21620_1497079995606 http://ip-172-31-26-229:35101/
[rosmaster.master][INFO] 2017-06-10 00:33:15,855: publisherUpdate[/control_markers/update] -> http://ip-172-31-26-229:59573/
[rosmaster.master][INFO] 2017-06-10 00:33:15,861: publisherUpdate[/collision_object] -> http://ip-172-31-26-229:53673/
[rosmaster.master][INFO] 2017-06-10 00:33:15,866: +SUB [/control_markers/feedback] /marker_control_21620_1497079995606 http://ip-172-31-26-229:35101/
[rosmaster.master][INFO] 2017-06-10 00:33:15,872: publisherUpdate[/attached_collision_object] -> http://ip-172-31-26-229:53673/
[rosmaster.master][INFO] 2017-06-10 00:33:15,890: +PUB [/move_group/display_planned_path] /move_group http://ip-172-31-26-229:53673/
[rosmaster.master][INFO] 2017-06-10 00:33:15,898: +PUB [/move_group/display_contacts] /move_group http://ip-172-31-26-229:53673/
[rosmaster.master][INFO] 2017-06-10 00:33:15,941: +SERVICE [/apply_planning_scene] /move_group http://ip-172-31-26-229:53673/
[rosmaster.master][INFO] 2017-06-10 00:33:15,946: +SERVICE [/clear_octomap] /move_group http://ip-172-31-26-229:53673/
[rosmaster.master][INFO] 2017-06-10 00:33:15,950: +SERVICE [/compute_cartesian_path] /move_group http://ip-172-31-26-229:53673/
[rosmaster.master][INFO] 2017-06-10 00:33:15,956: +SERVICE [/execute_kinematic_path] /move_group http://ip-172-31-26-229:53673/
[rosmaster.master][INFO] 2017-06-10 00:33:15,963: +PUB [/execute_trajectory/result] /move_group http://ip-172-31-26-229:53673/
[rosmaster.master][INFO] 2017-06-10 00:33:15,967: +PUB [/execute_trajectory/feedback] /move_group http://ip-172-31-26-229:53673/
[rosmaster.master][INFO] 2017-06-10 00:33:15,972: +PUB [/execute_trajectory/status] /move_group http://ip-172-31-26-229:53673/
[rosmaster.master][INFO] 2017-06-10 00:33:15,986: +SUB [/execute_trajectory/goal] /move_group http://ip-172-31-26-229:53673/
[rosmaster.master][INFO] 2017-06-10 00:33:15,995: +SUB [/execute_trajectory/cancel] /move_group http://ip-172-31-26-229:53673/
[rosmaster.master][INFO] 2017-06-10 00:33:16,002: +SERVICE [/get_planning_scene] /move_group http://ip-172-31-26-229:53673/
[rosmaster.master][INFO] 2017-06-10 00:33:16,007: +SERVICE [/compute_fk] /move_group http://ip-172-31-26-229:53673/
[rosmaster.master][INFO] 2017-06-10 00:33:16,011: +SERVICE [/compute_ik] /move_group http://ip-172-31-26-229:53673/
[rosmaster.master][INFO] 2017-06-10 00:33:16,018: +PUB [/move_group/result] /move_group http://ip-172-31-26-229:53673/
[rosmaster.master][INFO] 2017-06-10 00:33:16,031: +PUB [/move_group/feedback] /move_group http://ip-172-31-26-229:53673/
[rosmaster.master][INFO] 2017-06-10 00:33:16,035: +PUB [/move_group/status] /move_group http://ip-172-31-26-229:53673/
[rosmaster.master][INFO] 2017-06-10 00:33:16,048: +SUB [/move_group/goal] /move_group http://ip-172-31-26-229:53673/
[rosmaster.master][INFO] 2017-06-10 00:33:16,057: +SUB [/move_group/cancel] /move_group http://ip-172-31-26-229:53673/
[rosmaster.master][INFO] 2017-06-10 00:33:16,099: +PUB [/pickup/result] /move_group http://ip-172-31-26-229:53673/
[rosmaster.master][INFO] 2017-06-10 00:33:16,105: +PUB [/pickup/feedback] /move_group http://ip-172-31-26-229:53673/
[rosmaster.master][INFO] 2017-06-10 00:33:16,110: +PUB [/pickup/status] /move_group http://ip-172-31-26-229:53673/
[rosmaster.master][INFO] 2017-06-10 00:33:16,122: +SUB [/pickup/goal] /move_group http://ip-172-31-26-229:53673/
[rosmaster.master][INFO] 2017-06-10 00:33:16,131: +SUB [/pickup/cancel] /move_group http://ip-172-31-26-229:53673/
[rosmaster.master][INFO] 2017-06-10 00:33:16,141: +PUB [/place/result] /move_group http://ip-172-31-26-229:53673/
[rosmaster.master][INFO] 2017-06-10 00:33:16,146: +PUB [/place/feedback] /move_group http://ip-172-31-26-229:53673/
[rosmaster.master][INFO] 2017-06-10 00:33:16,151: +PUB [/place/status] /move_group http://ip-172-31-26-229:53673/
[rosmaster.master][INFO] 2017-06-10 00:33:16,164: +SUB [/place/goal] /move_group http://ip-172-31-26-229:53673/
[rosmaster.master][INFO] 2017-06-10 00:33:16,173: +SUB [/place/cancel] /move_group http://ip-172-31-26-229:53673/
[rosmaster.master][INFO] 2017-06-10 00:33:16,178: +SERVICE [/plan_kinematic_path] /move_group http://ip-172-31-26-229:53673/
[rosmaster.master][INFO] 2017-06-10 00:33:16,182: +SERVICE [/query_planner_interface] /move_group http://ip-172-31-26-229:53673/
[rosmaster.master][INFO] 2017-06-10 00:33:16,189: +SERVICE [/check_state_validity] /move_group http://ip-172-31-26-229:53673/
[rosmaster.master][INFO] 2017-06-10 00:33:16,380: +SUB [/control_markers/update_full] /interactive_marker_proxy http://ip-172-31-26-229:59573/
[rosmaster.master][INFO] 2017-06-10 00:33:16,585: -SUB [/control_markers/update_full] /interactive_marker_proxy http://ip-172-31-26-229:59573/
[rosmaster.master][INFO] 2017-06-10 00:33:20,772: +PUB [/tf2_web_republisher/goal] /rosbridge_websocket http://ip-172-31-26-229:33146/
[rosmaster.master][INFO] 2017-06-10 00:33:20,776: publisherUpdate[/tf2_web_republisher/goal] -> http://ip-172-31-26-229:46067/
[rosmaster.master][INFO] 2017-06-10 00:33:20,783: +PUB [/tf2_web_republisher/cancel] /rosbridge_websocket http://ip-172-31-26-229:33146/
[rosmaster.master][INFO] 2017-06-10 00:33:20,788: publisherUpdate[/tf2_web_republisher/cancel] -> http://ip-172-31-26-229:46067/
[rosmaster.master][INFO] 2017-06-10 00:33:20,792: +SUB [/tf2_web_republisher/feedback] /rosbridge_websocket http://ip-172-31-26-229:33146/
[rosmaster.master][INFO] 2017-06-10 00:33:20,818: +SUB [/visualization_marker_array] /rosbridge_websocket http://ip-172-31-26-229:33146/
[rosmaster.master][INFO] 2017-06-10 00:33:20,832: +SUB [/control_markers/tunneled/update] /rosbridge_websocket http://ip-172-31-26-229:33146/
[rosmaster.master][INFO] 2017-06-10 00:33:20,846: +PUB [/control_markers/feedback] /rosbridge_websocket http://ip-172-31-26-229:33146/
[rosmaster.master][INFO] 2017-06-10 00:33:20,866: publisherUpdate[/control_markers/feedback] -> http://ip-172-31-26-229:35101/
[rosmaster.master][INFO] 2017-06-10 00:33:27,370: +PUB [/rosout] /move_group_commander_wrappers_1497080007365675538 http://ip-172-31-26-229:47313/
[rosmaster.master][INFO] 2017-06-10 00:33:27,371: +SERVICE [/move_group_commander_wrappers_1497080007365675538/get_loggers] /move_group_commander_wrappers_1497080007365675538 http://ip-172-31-26-229:47313/
[rosmaster.master][INFO] 2017-06-10 00:33:27,375: +SERVICE [/move_group_commander_wrappers_1497080007365675538/set_logger_level] /move_group_commander_wrappers_1497080007365675538 http://ip-172-31-26-229:47313/
[rosmaster.master][INFO] 2017-06-10 00:33:27,382: publisherUpdate[/rosout] -> http://ip-172-31-26-229:40729/
[rosmaster.master][INFO] 2017-06-10 00:33:27,540: +PUB [/rosout] /move_arm_22328_1497080007380 http://ip-172-31-26-229:42213/
[rosmaster.master][INFO] 2017-06-10 00:33:27,552: +SERVICE [/move_arm_22328_1497080007380/get_loggers] /move_arm_22328_1497080007380 http://ip-172-31-26-229:42213/
[rosmaster.master][INFO] 2017-06-10 00:33:27,557: +SERVICE [/move_arm_22328_1497080007380/set_logger_level] /move_arm_22328_1497080007380 http://ip-172-31-26-229:42213/
[rosmaster.master][INFO] 2017-06-10 00:33:27,562: +SUB [/joint_states] /move_arm_22328_1497080007380 http://ip-172-31-26-229:42213/
[rosmaster.master][INFO] 2017-06-10 00:33:27,568: +SUB [/motion_planning_goal] /move_arm_22328_1497080007380 http://ip-172-31-26-229:42213/
[rosmaster.master][INFO] 2017-06-10 00:33:27,572: +PUB [/joint_trajectory] /move_arm_22328_1497080007380 http://ip-172-31-26-229:42213/
[rosmaster.master][INFO] 2017-06-10 00:33:27,587: publisherUpdate[/rosout] -> http://ip-172-31-26-229:40729/
[rosmaster.master][INFO] 2017-06-10 00:33:27,591: publisherUpdate[/joint_trajectory] -> http://ip-172-31-26-229:35855/
[rosmaster.master][INFO] 2017-06-10 00:33:27,592: publisherUpdate[/joint_trajectory] -> http://ip-172-31-26-229:35101/
[rosmaster.master][INFO] 2017-06-10 00:33:27,751: +SUB [/tf] /move_group_commander_wrappers_1497080007365675538 http://ip-172-31-26-229:47313/
[rosmaster.master][INFO] 2017-06-10 00:33:27,760: +SUB [/tf_static] /move_group_commander_wrappers_1497080007365675538 http://ip-172-31-26-229:47313/
[rosmaster.master][INFO] 2017-06-10 00:33:27,764: +PUB [/planning_scene] /move_group_commander_wrappers_1497080007365675538 http://ip-172-31-26-229:47313/
[rosmaster.master][INFO] 2017-06-10 00:33:27,770: +PUB [/collision_object] /move_arm_22328_1497080007380 http://ip-172-31-26-229:42213/
[rosmaster.master][INFO] 2017-06-10 00:33:27,777: +PUB [/attached_collision_object] /move_arm_22328_1497080007380 http://ip-172-31-26-229:42213/
[rosmaster.master][INFO] 2017-06-10 00:33:27,782: +PUB [/trajectory_execution_event] /move_group_commander_wrappers_1497080007365675538 http://ip-172-31-26-229:47313/
[rosmaster.master][INFO] 2017-06-10 00:33:27,787: +PUB [/attached_collision_object] /move_group_commander_wrappers_1497080007365675538 http://ip-172-31-26-229:47313/
[rosmaster.master][INFO] 2017-06-10 00:33:27,795: +SUB [/move_group/status] /move_group_commander_wrappers_1497080007365675538 http://ip-172-31-26-229:47313/
[rosmaster.master][INFO] 2017-06-10 00:33:27,797: publisherUpdate[/planning_scene] -> http://ip-172-31-26-229:53673/
[rosmaster.master][INFO] 2017-06-10 00:33:27,804: publisherUpdate[/collision_object] -> http://ip-172-31-26-229:53673/
[rosmaster.master][INFO] 2017-06-10 00:33:27,806: +SUB [/move_group/feedback] /move_group_commander_wrappers_1497080007365675538 http://ip-172-31-26-229:47313/
[rosmaster.master][INFO] 2017-06-10 00:33:27,810: publisherUpdate[/attached_collision_object] -> http://ip-172-31-26-229:53673/
[rosmaster.master][INFO] 2017-06-10 00:33:27,817: publisherUpdate[/attached_collision_object] -> http://ip-172-31-26-229:53673/
[rosmaster.master][INFO] 2017-06-10 00:33:27,819: +SUB [/move_group/result] /move_group_commander_wrappers_1497080007365675538 http://ip-172-31-26-229:47313/
[rosmaster.master][INFO] 2017-06-10 00:33:27,825: +PUB [/move_group/goal] /move_group_commander_wrappers_1497080007365675538 http://ip-172-31-26-229:47313/
[rosmaster.master][INFO] 2017-06-10 00:33:27,829: +PUB [/move_group/cancel] /move_group_commander_wrappers_1497080007365675538 http://ip-172-31-26-229:47313/
[rosmaster.master][INFO] 2017-06-10 00:33:27,901: publisherUpdate[/move_group/goal] -> http://ip-172-31-26-229:53673/
[rosmaster.master][INFO] 2017-06-10 00:33:27,906: publisherUpdate[/move_group/cancel] -> http://ip-172-31-26-229:53673/
[rosmaster.master][INFO] 2017-06-10 00:33:28,121: +SUB [/pickup/status] /move_group_commander_wrappers_1497080007365675538 http://ip-172-31-26-229:47313/
[rosmaster.master][INFO] 2017-06-10 00:33:28,129: +SUB [/pickup/feedback] /move_group_commander_wrappers_1497080007365675538 http://ip-172-31-26-229:47313/
[rosmaster.master][INFO] 2017-06-10 00:33:28,137: +SUB [/pickup/result] /move_group_commander_wrappers_1497080007365675538 http://ip-172-31-26-229:47313/
[rosmaster.master][INFO] 2017-06-10 00:33:28,142: +PUB [/pickup/goal] /move_group_commander_wrappers_1497080007365675538 http://ip-172-31-26-229:47313/
[rosmaster.master][INFO] 2017-06-10 00:33:28,146: +PUB [/pickup/cancel] /move_group_commander_wrappers_1497080007365675538 http://ip-172-31-26-229:47313/
[rosmaster.master][INFO] 2017-06-10 00:33:28,205: publisherUpdate[/pickup/goal] -> http://ip-172-31-26-229:53673/
[rosmaster.master][INFO] 2017-06-10 00:33:28,209: publisherUpdate[/pickup/cancel] -> http://ip-172-31-26-229:53673/
[rosmaster.master][INFO] 2017-06-10 00:33:28,423: +SUB [/place/status] /move_group_commander_wrappers_1497080007365675538 http://ip-172-31-26-229:47313/
[rosmaster.master][INFO] 2017-06-10 00:33:28,428: +SUB [/place/feedback] /move_group_commander_wrappers_1497080007365675538 http://ip-172-31-26-229:47313/
[rosmaster.master][INFO] 2017-06-10 00:33:28,436: +SUB [/place/result] /move_group_commander_wrappers_1497080007365675538 http://ip-172-31-26-229:47313/
[rosmaster.master][INFO] 2017-06-10 00:33:28,440: +PUB [/place/goal] /move_group_commander_wrappers_1497080007365675538 http://ip-172-31-26-229:47313/
[rosmaster.master][INFO] 2017-06-10 00:33:28,445: +PUB [/place/cancel] /move_group_commander_wrappers_1497080007365675538 http://ip-172-31-26-229:47313/
[rosmaster.master][INFO] 2017-06-10 00:33:28,513: publisherUpdate[/place/goal] -> http://ip-172-31-26-229:53673/
[rosmaster.master][INFO] 2017-06-10 00:33:28,517: publisherUpdate[/place/cancel] -> http://ip-172-31-26-229:53673/
