[rospy.client][INFO] 2017-06-10 00:33:13,065: init_node, name[/rosbridge_websocket], pid[21434]
[xmlrpc][INFO] 2017-06-10 00:33:13,066: XML-RPC server binding to 0.0.0.0:0
[xmlrpc][INFO] 2017-06-10 00:33:13,071: Started XML-RPC server [http://ip-172-31-26-229:33146/]
[rospy.init][INFO] 2017-06-10 00:33:13,071: ROS Slave URI: [http://ip-172-31-26-229:33146/]
[rospy.impl.masterslave][INFO] 2017-06-10 00:33:13,074: _ready: http://ip-172-31-26-229:33146/
[xmlrpc][INFO] 2017-06-10 00:33:13,082: xml rpc node: starting XML-RPC server
[rospy.registration][INFO] 2017-06-10 00:33:13,083: Registering with master node http://localhost:42265
[rospy.init][INFO] 2017-06-10 00:33:13,179: registered with master
[rospy.rosout][INFO] 2017-06-10 00:33:13,183: initializing /rosout core topic
[rospy.rosout][INFO] 2017-06-10 00:33:13,194: connected to core topic /rosout
[rospy.simtime][INFO] 2017-06-10 00:33:13,198: /use_sim_time is not set, will not subscribe to simulated time [/clock] topic
[rosout][INFO] 2017-06-10 00:33:13,222: Rosbridge WebSocket server started on port 54557
[rospy.internal][INFO] 2017-06-10 00:33:13,437: topic[/rosout] adding connection to [/rosout], count 0
[rosout][INFO] 2017-06-10 00:33:20,653: Client connected.  1 clients total.
[rosout][INFO] 2017-06-10 00:33:20,796: [Client 0] Subscribed to /tf2_web_republisher/feedback
[rospy.internal][INFO] 2017-06-10 00:33:20,810: topic[/tf2_web_republisher/feedback] adding connection to [http://ip-172-31-26-229:46067/], count 0
[rosout][INFO] 2017-06-10 00:33:20,823: [Client 0] Subscribed to /visualization_marker_array
[rospy.internal][INFO] 2017-06-10 00:33:20,832: topic[/visualization_marker_array] adding connection to [http://ip-172-31-26-229:35101/], count 0
[rosout][INFO] 2017-06-10 00:33:20,836: [Client 0] Subscribed to /control_markers/tunneled/update
[rospy.internal][INFO] 2017-06-10 00:33:20,839: topic[/control_markers/tunneled/update] adding connection to [http://ip-172-31-26-229:59573/], count 0
[rospy.internal][INFO] 2017-06-10 00:33:20,898: topic[/control_markers/feedback] adding connection to [/marker_control_21620_1497079995606], count 0
[rosout][INFO] 2017-06-10 00:33:20,957: [Client 0] Subscribed to /tf2_web_republisher/feedback
[rosout][INFO] 2017-06-10 00:33:20,961: [Client 0] Subscribed to /tf2_web_republisher/feedback
[rosout][INFO] 2017-06-10 00:33:20,966: [Client 0] Subscribed to /tf2_web_republisher/feedback
[rosout][INFO] 2017-06-10 00:33:20,970: [Client 0] Subscribed to /tf2_web_republisher/feedback
[rosout][INFO] 2017-06-10 00:33:20,974: [Client 0] Subscribed to /tf2_web_republisher/feedback
[rosout][INFO] 2017-06-10 00:33:20,979: [Client 0] Subscribed to /tf2_web_republisher/feedback
[rosout][INFO] 2017-06-10 00:33:20,983: [Client 0] Subscribed to /tf2_web_republisher/feedback
[rospy.internal][INFO] 2017-06-10 00:33:21,012: topic[/tf2_web_republisher/goal] adding connection to [/tf2_web_republisher], count 0
[rospy.internal][INFO] 2017-06-10 00:33:21,017: topic[/tf2_web_republisher/cancel] adding connection to [/tf2_web_republisher], count 0
[rospy.internal][INFO] 2017-06-10 00:34:59,324: topic impl's ref count is zero, deleting topic /tf2_web_republisher/cancel...
[rospy.internal][INFO] 2017-06-10 00:34:59,325: topic[/tf2_web_republisher/cancel] removing connection to /tf2_web_republisher
[rospy.internal][INFO] 2017-06-10 00:34:59,333: topic impl's ref count is zero, deleting topic /tf2_web_republisher/goal...
[rospy.internal][INFO] 2017-06-10 00:34:59,337: topic[/tf2_web_republisher/goal] removing connection to /tf2_web_republisher
[rospy.internal][INFO] 2017-06-10 00:34:59,352: topic impl's ref count is zero, deleting topic /control_markers/feedback...
[rospy.internal][INFO] 2017-06-10 00:34:59,355: topic[/control_markers/feedback] removing connection to /marker_control_21620_1497079995606
[rospy.internal][INFO] 2017-06-10 00:34:59,367: topic impl's ref count is zero, deleting topic /control_markers/tunneled/update...
[rospy.internal][INFO] 2017-06-10 00:34:59,371: topic[/control_markers/tunneled/update] removing connection to http://ip-172-31-26-229:59573/
[rospy.internal][INFO] 2017-06-10 00:34:59,378: topic impl's ref count is zero, deleting topic /tf2_web_republisher/feedback...
[rospy.internal][INFO] 2017-06-10 00:34:59,382: topic[/tf2_web_republisher/feedback] removing connection to http://ip-172-31-26-229:46067/
[rospy.internal][INFO] 2017-06-10 00:34:59,390: topic impl's ref count is zero, deleting topic /visualization_marker_array...
[rospy.internal][INFO] 2017-06-10 00:34:59,394: topic[/visualization_marker_array] removing connection to http://ip-172-31-26-229:35101/
[rosout][INFO] 2017-06-10 00:34:59,402: Client disconnected. 0 clients total.
[rosout][WARNING] 2017-06-10 00:34:59,438: Could not process inbound connection: [/rosbridge_websocket] is not a publisher of [/tf2_web_republisher/goal]. Topics are [['/rosout', 'rosgraph_msgs/Log']]{'topic': '/tf2_web_republisher/goal', 'tcp_nodelay': '0', 'md5sum': 'ef8da891ba3ba9b13d97bca8154eaeb5', 'type': 'tf2_web_republisher/TFSubscriptionActionGoal', 'callerid': '/tf2_web_republisher'}
