[roslaunch][INFO] 2017-06-10 00:33:10,118: Checking log directory for disk usage. This may take awhile.
Press Ctrl-C to interrupt
[roslaunch][INFO] 2017-06-10 00:33:10,177: Done checking log file disk usage. Usage is <1GB.
[roslaunch][INFO] 2017-06-10 00:33:10,177: roslaunch starting with args ['roscore', '--core', '-p', '42265']
[roslaunch][INFO] 2017-06-10 00:33:10,180: roslaunch env is {'ROS_DISTRO': 'indigo', 'ASNLIB': '/home/ccc_v1_s54106__48606/asn13529_Project_5/asn13530_Project_4/asnlib', 'LIB': '/home/ccc_v1_s54106__48606/lib', 'PKG_CONFIG_PATH': '/opt/ros/indigo/lib/pkgconfig:/opt/ros/indigo/lib/x86_64-linux-gnu/pkgconfig', 'SSH_CLIENT': '172.31.7.153 46472 22', 'CPATH': '/opt/ros/indigo/include', 'LOGNAME': 'ccc_v1_w_dd4cc_18220', 'USER': 'ccc_v1_w_dd4cc_18220', 'ROS_NODE_PORT': '42265', 'HOME': '/home/ccc_v1_w_dd4cc_18220/asn13529_Project_5/asn13530_Project_4/work', 'PATH': '/opt/ros/indigo/bin:/usr/local/sbin:/usr/local/bin:/usr/sbin:/usr/bin:/sbin:/bin:/usr/games:/usr/local/games:/home/local/bin:/home/ccc_v1_s54106__48606/lib:/home/ccc_v1_s54106__48606/asn13529_Project_5/asn13530_Project_4/asnlib:/home/vlibs:.', 'CMAKE_PREFIX_PATH': '/opt/ros/indigo', 'LD_LIBRARY_PATH': '/opt/ros/indigo/lib:/opt/ros/indigo/lib/x86_64-linux-gnu:/home/ccc_v1_s54106__48606/lib:/home/ccc_v1_s54106__48606/asn13529_Project_5/asn13530_Project_4/asnlib:/home/vlibs', 'LANG': 'en_US.UTF-8', 'TERM': 'xterm-256color', 'SHELL': '/bin/bash', 'HISTFILE': '/home/ccc_v1_w_dd4cc_18220/.bash_history', 'SHLVL': '2', 'VOC_WORKAREA': '/home/ccc_v1_w_dd4cc_18220/asn13529_Project_5/asn13530_Project_4/work', 'ROS_LOG_FILENAME': '/home/ccc_v1_w_dd4cc_18220/asn13529_Project_5/asn13530_Project_4/work/.ros/log/0d966106-4daf-11e7-8183-06b0869cc04d/roslaunch-ip-172-31-26-229-21255.log', 'PART1': '/home/ccc_v1_s54106__48606/asn13529_Project_5/asn13530_Project_4', 'ROS_ETC_DIR': '/opt/ros/indigo/etc/ros', 'XDG_RUNTIME_DIR': '/run/user/18220', 'PYTHONPATH': '/opt/ros/indigo/lib/python2.7/dist-packages:/home/vlibs/python', 'VOC_PROXY_WRAPPER_PORT': '5100', 'VOC_XFER_TOKEN': '14622538054354243542135300593ba0ac2db9a4.28967796', 'ROS_ROOT': '/opt/ros/indigo/share/ros', 'OLD_HOME': '/home/ccc_v1_w_dd4cc_18220', 'VOC_PROXY_TOKEN': '46840632443542435421353001593ba0ac36ff72.95602217', 'ROS_PACKAGE_PATH': '/opt/ros/indigo/share:/opt/ros/indigo/stacks', 'XDG_SESSION_ID': '317096', '_': '/usr/bin/stdbuf', 'LD_PRELOAD': '/usr/lib/coreutils/libstdbuf.so', '_STDBUF_O': 'L', 'SSH_TTY': '/dev/pts/3', 'OLDPWD': '/home/ccc_v1_w_dd4cc_18220', 'ROSLISP_PACKAGE_DIRECTORIES': '', 'VLIB': '/home/vlibs', 'PWD': '/home/ccc_v1_w_dd4cc_18220/asn13529_Project_5/asn13530_Project_4/work', 'VOC_PROXY_ID': '43542_43542_13530_0_1', 'ROS_MASTER_URI': 'http://localhost:42265', 'MAIL': '/var/mail/ccc_v1_w_dd4cc_18220', 'SSH_CONNECTION': '172.31.7.153 46472 172.31.26.229 22'}
[roslaunch][INFO] 2017-06-10 00:33:10,184: starting in server mode
[roslaunch.parent][INFO] 2017-06-10 00:33:10,187: starting roslaunch parent run
[roslaunch][INFO] 2017-06-10 00:33:10,191: loading roscore config file /opt/ros/indigo/etc/ros/roscore.xml
[roslaunch][INFO] 2017-06-10 00:33:10,297: Added core node of type [rosout/rosout] in namespace [/]
[roslaunch.pmon][INFO] 2017-06-10 00:33:10,298: start_process_monitor: creating ProcessMonitor
[roslaunch.pmon][INFO] 2017-06-10 00:33:10,301: created process monitor <ProcessMonitor(ProcessMonitor-1, initial daemon)>
[roslaunch.pmon][INFO] 2017-06-10 00:33:10,305: start_process_monitor: ProcessMonitor started
[roslaunch.parent][INFO] 2017-06-10 00:33:10,308: starting parent XML-RPC server
[roslaunch.server][INFO] 2017-06-10 00:33:10,312: starting roslaunch XML-RPC server
[roslaunch.server][INFO] 2017-06-10 00:33:10,316: waiting for roslaunch XML-RPC server to initialize
[xmlrpc][INFO] 2017-06-10 00:33:10,316: XML-RPC server binding to 0.0.0.0:0
[xmlrpc][INFO] 2017-06-10 00:33:10,329: Started XML-RPC server [http://ip-172-31-26-229:37380/]
[xmlrpc][INFO] 2017-06-10 00:33:10,332: xml rpc node: starting XML-RPC server
[roslaunch][INFO] 2017-06-10 00:33:10,338: started roslaunch server http://ip-172-31-26-229:37380/
[roslaunch.parent][INFO] 2017-06-10 00:33:10,341: ... parent XML-RPC server started
[roslaunch][INFO] 2017-06-10 00:33:10,345: master.is_running[http://ip-172-31-26-229:42265/]
[roslaunch][INFO] 2017-06-10 00:33:10,350: auto-starting new master
[roslaunch][INFO] 2017-06-10 00:33:10,353: create_master_process: rosmaster, /opt/ros/indigo/share/ros, 42265, 3, None
[roslaunch][INFO] 2017-06-10 00:33:10,357: process[master]: launching with args [['rosmaster', '--core', '-p', '42265', '-w', '3']]
[roslaunch.pmon][INFO] 2017-06-10 00:33:10,360: ProcessMonitor.register[master]
[roslaunch.pmon][INFO] 2017-06-10 00:33:10,363: ProcessMonitor.register[master] complete
[roslaunch][INFO] 2017-06-10 00:33:10,367: process[master]: starting os process
[roslaunch][INFO] 2017-06-10 00:33:10,371: process[master]: start w/ args [['rosmaster', '--core', '-p', '42265', '-w', '3', '__log:=/home/ccc_v1_w_dd4cc_18220/asn13529_Project_5/asn13530_Project_4/work/.ros/log/0d966106-4daf-11e7-8183-06b0869cc04d/master.log']]
[roslaunch][INFO] 2017-06-10 00:33:10,375: process[master]: cwd will be [/home/ccc_v1_w_dd4cc_18220/asn13529_Project_5/asn13530_Project_4/work/.ros]
[roslaunch][INFO] 2017-06-10 00:33:10,383: process[master]: started with pid [21270]
[roslaunch][INFO] 2017-06-10 00:33:10,384: master.is_running[http://ip-172-31-26-229:42265/]
[roslaunch][INFO] 2017-06-10 00:33:10,488: master.is_running[http://ip-172-31-26-229:42265/]
[roslaunch][INFO] 2017-06-10 00:33:10,593: master.is_running[http://ip-172-31-26-229:42265/]
[roslaunch][INFO] 2017-06-10 00:33:10,598: master.is_running[http://ip-172-31-26-229:42265/]
[roslaunch][INFO] 2017-06-10 00:33:10,603: ROS_MASTER_URI=http://ip-172-31-26-229:42265/
[roslaunch][INFO] 2017-06-10 00:33:10,607: setting /run_id to 0d966106-4daf-11e7-8183-06b0869cc04d
[roslaunch][INFO] 2017-06-10 00:33:10,615: setting /roslaunch/uris/host_ip_172_31_26_229__37380' to http://ip-172-31-26-229:37380/
[roslaunch][INFO] 2017-06-10 00:33:10,624: ... preparing to launch node of type [rosout/rosout]
[roslaunch][INFO] 2017-06-10 00:33:10,627: create_node_process: package[rosout] type[rosout] machine[Machine(name[] env_loader[None] address[localhost] ssh_port[22] user[None] assignable[True] timeout[10.0])] master_uri[http://ip-172-31-26-229:42265/]
[roslaunch][INFO] 2017-06-10 00:33:10,631: process[rosout-1]: env[{'ROS_DISTRO': 'indigo', 'ASNLIB': '/home/ccc_v1_s54106__48606/asn13529_Project_5/asn13530_Project_4/asnlib', 'LIB': '/home/ccc_v1_s54106__48606/lib', 'VOC_PROXY_TOKEN': '46840632443542435421353001593ba0ac36ff72.95602217', 'SSH_CLIENT': '172.31.7.153 46472 22', 'CPATH': '/opt/ros/indigo/include', 'LOGNAME': 'ccc_v1_w_dd4cc_18220', 'USER': 'ccc_v1_w_dd4cc_18220', 'ROS_NODE_PORT': '42265', 'HOME': '/home/ccc_v1_w_dd4cc_18220/asn13529_Project_5/asn13530_Project_4/work', 'PATH': '/opt/ros/indigo/bin:/usr/local/sbin:/usr/local/bin:/usr/sbin:/usr/bin:/sbin:/bin:/usr/games:/usr/local/games:/home/local/bin:/home/ccc_v1_s54106__48606/lib:/home/ccc_v1_s54106__48606/asn13529_Project_5/asn13530_Project_4/asnlib:/home/vlibs:.', 'CMAKE_PREFIX_PATH': '/opt/ros/indigo', 'ROS_LOG_FILENAME': '/home/ccc_v1_w_dd4cc_18220/asn13529_Project_5/asn13530_Project_4/work/.ros/log/0d966106-4daf-11e7-8183-06b0869cc04d/roslaunch-ip-172-31-26-229-21255.log', 'LANG': 'en_US.UTF-8', 'TERM': 'xterm-256color', 'SHELL': '/bin/bash', 'HISTFILE': '/home/ccc_v1_w_dd4cc_18220/.bash_history', 'SHLVL': '2', 'VOC_WORKAREA': '/home/ccc_v1_w_dd4cc_18220/asn13529_Project_5/asn13530_Project_4/work', 'LD_LIBRARY_PATH': '/opt/ros/indigo/lib:/opt/ros/indigo/lib/x86_64-linux-gnu:/home/ccc_v1_s54106__48606/lib:/home/ccc_v1_s54106__48606/asn13529_Project_5/asn13530_Project_4/asnlib:/home/vlibs', 'PART1': '/home/ccc_v1_s54106__48606/asn13529_Project_5/asn13530_Project_4', 'ROS_MASTER_URI': 'http://ip-172-31-26-229:42265/', 'XDG_RUNTIME_DIR': '/run/user/18220', 'PYTHONPATH': '/opt/ros/indigo/lib/python2.7/dist-packages:/home/vlibs/python', 'VOC_PROXY_WRAPPER_PORT': '5100', 'VOC_XFER_TOKEN': '14622538054354243542135300593ba0ac2db9a4.28967796', 'ROS_ROOT': '/opt/ros/indigo/share/ros', 'OLD_HOME': '/home/ccc_v1_w_dd4cc_18220', 'PKG_CONFIG_PATH': '/opt/ros/indigo/lib/pkgconfig:/opt/ros/indigo/lib/x86_64-linux-gnu/pkgconfig', 'ROS_PACKAGE_PATH': '/opt/ros/indigo/share:/opt/ros/indigo/stacks', 'XDG_SESSION_ID': '317096', '_': '/usr/bin/stdbuf', 'LD_PRELOAD': '/usr/lib/coreutils/libstdbuf.so', '_STDBUF_O': 'L', 'SSH_TTY': '/dev/pts/3', 'OLDPWD': '/home/ccc_v1_w_dd4cc_18220', 'ROSLISP_PACKAGE_DIRECTORIES': '', 'VLIB': '/home/vlibs', 'PWD': '/home/ccc_v1_w_dd4cc_18220/asn13529_Project_5/asn13530_Project_4/work', 'VOC_PROXY_ID': '43542_43542_13530_0_1', 'ROS_ETC_DIR': '/opt/ros/indigo/etc/ros', 'MAIL': '/var/mail/ccc_v1_w_dd4cc_18220', 'SSH_CONNECTION': '172.31.7.153 46472 172.31.26.229 22'}]
[roslaunch][INFO] 2017-06-10 00:33:10,665: process[rosout-1]: args[[u'/opt/ros/indigo/lib/rosout/rosout', u'__name:=rosout']]
[roslaunch][INFO] 2017-06-10 00:33:10,669: ... created process [rosout-1]
[roslaunch.pmon][INFO] 2017-06-10 00:33:10,672: ProcessMonitor.register[rosout-1]
[roslaunch.pmon][INFO] 2017-06-10 00:33:10,676: ProcessMonitor.register[rosout-1] complete
[roslaunch][INFO] 2017-06-10 00:33:10,679: ... registered process [rosout-1]
[roslaunch][INFO] 2017-06-10 00:33:10,682: process[rosout-1]: starting os process
[roslaunch][INFO] 2017-06-10 00:33:10,687: process[rosout-1]: start w/ args [[u'/opt/ros/indigo/lib/rosout/rosout', u'__name:=rosout', u'__log:=/home/ccc_v1_w_dd4cc_18220/asn13529_Project_5/asn13530_Project_4/work/.ros/log/0d966106-4daf-11e7-8183-06b0869cc04d/rosout-1.log']]
[roslaunch][INFO] 2017-06-10 00:33:10,691: process[rosout-1]: cwd will be [/home/ccc_v1_w_dd4cc_18220/asn13529_Project_5/asn13530_Project_4/work/.ros]
[roslaunch][INFO] 2017-06-10 00:33:10,699: process[rosout-1]: started with pid [21284]
[roslaunch][INFO] 2017-06-10 00:33:10,700: ... successfully launched [rosout-1]
[roslaunch][INFO] 2017-06-10 00:33:10,704: load_parameters starting ...
[roslaunch][INFO] 2017-06-10 00:33:10,718: ... load_parameters complete
[roslaunch][INFO] 2017-06-10 00:33:10,721: launch_nodes: launching local nodes ...
[roslaunch][INFO] 2017-06-10 00:33:10,724: ... launch_nodes complete
[roslaunch.pmon][INFO] 2017-06-10 00:33:10,728: registrations completed <ProcessMonitor(ProcessMonitor-1, started daemon 139712812508928)>
[roslaunch.parent][INFO] 2017-06-10 00:33:10,731: ... roslaunch parent running, waiting for process exit
[roslaunch][INFO] 2017-06-10 00:33:10,735: spin
