[roslaunch][INFO] 2017-06-09 19:07:54,528: Checking log directory for disk usage. This may take awhile.
Press Ctrl-C to interrupt
[roslaunch][INFO] 2017-06-09 19:07:54,551: Done checking log file disk usage. Usage is <1GB.
[roslaunch][INFO] 2017-06-09 19:07:54,551: roslaunch starting with args ['roscore', '--core', '-p', '49670']
[roslaunch][INFO] 2017-06-09 19:07:54,555: roslaunch env is {'ROS_DISTRO': 'indigo', 'ASNLIB': '/home/ccc_v1_s54106__48606/asn13529_Project_5/asn13530_Project_4/asnlib', 'LIB': '/home/ccc_v1_s54106__48606/lib', 'PKG_CONFIG_PATH': '/opt/ros/indigo/lib/pkgconfig:/opt/ros/indigo/lib/x86_64-linux-gnu/pkgconfig', 'SSH_CLIENT': '172.31.7.153 45622 22', 'CPATH': '/opt/ros/indigo/include', 'LOGNAME': 'ccc_v1_w_dd4cc_18220', 'USER': 'ccc_v1_w_dd4cc_18220', 'ROS_NODE_PORT': '49670', 'HOME': '/home/ccc_v1_w_dd4cc_18220/asn13529_Project_5/asn13530_Project_4/work', 'PATH': '/opt/ros/indigo/bin:/usr/local/sbin:/usr/local/bin:/usr/sbin:/usr/bin:/sbin:/bin:/usr/games:/usr/local/games:/home/local/bin:/home/ccc_v1_s54106__48606/lib:/home/ccc_v1_s54106__48606/asn13529_Project_5/asn13530_Project_4/asnlib:/home/vlibs:.', 'CMAKE_PREFIX_PATH': '/opt/ros/indigo', 'LD_LIBRARY_PATH': '/opt/ros/indigo/lib:/opt/ros/indigo/lib/x86_64-linux-gnu:/home/ccc_v1_s54106__48606/lib:/home/ccc_v1_s54106__48606/asn13529_Project_5/asn13530_Project_4/asnlib:/home/vlibs', 'LANG': 'en_US.UTF-8', 'TERM': 'xterm-256color', 'SHELL': '/bin/bash', 'HISTFILE': '/home/ccc_v1_w_dd4cc_18220/.bash_history', 'SHLVL': '2', 'VOC_WORKAREA': '/home/ccc_v1_w_dd4cc_18220/asn13529_Project_5/asn13530_Project_4/work', 'ROS_LOG_FILENAME': '/home/ccc_v1_w_dd4cc_18220/asn13529_Project_5/asn13530_Project_4/work/.ros/log/9d64544c-4d81-11e7-a307-06f360e4abc1/roslaunch-ip-172-31-19-100-29326.log', 'PART1': '/home/ccc_v1_s54106__48606/asn13529_Project_5/asn13530_Project_4', 'ROS_ETC_DIR': '/opt/ros/indigo/etc/ros', 'XDG_RUNTIME_DIR': '/run/user/18220', 'PYTHONPATH': '/opt/ros/indigo/lib/python2.7/dist-packages:/home/vlibs/python', 'VOC_PROXY_WRAPPER_PORT': '5100', 'VOC_XFER_TOKEN': '11228578884354243542135300593b547140ac13.80998902', 'ROS_ROOT': '/opt/ros/indigo/share/ros', 'OLD_HOME': '/home/ccc_v1_w_dd4cc_18220', 'VOC_PROXY_TOKEN': '19896306843542435421353001593b547146d6d6.21870104', 'ROS_PACKAGE_PATH': '/opt/ros/indigo/share:/opt/ros/indigo/stacks', 'XDG_SESSION_ID': '317702', '_': '/usr/bin/stdbuf', 'LD_PRELOAD': '/usr/lib/coreutils/libstdbuf.so', '_STDBUF_O': 'L', 'SSH_TTY': '/dev/pts/4', 'OLDPWD': '/home/ccc_v1_w_dd4cc_18220', 'ROSLISP_PACKAGE_DIRECTORIES': '', 'VLIB': '/home/vlibs', 'PWD': '/home/ccc_v1_w_dd4cc_18220/asn13529_Project_5/asn13530_Project_4/work', 'VOC_PROXY_ID': '43542_43542_13530_0_1', 'ROS_MASTER_URI': 'http://localhost:49670', 'MAIL': '/var/mail/ccc_v1_w_dd4cc_18220', 'SSH_CONNECTION': '172.31.7.153 45622 172.31.19.100 22'}
[roslaunch][INFO] 2017-06-09 19:07:54,558: starting in server mode
[roslaunch.parent][INFO] 2017-06-09 19:07:54,562: starting roslaunch parent run
[roslaunch][INFO] 2017-06-09 19:07:54,565: loading roscore config file /opt/ros/indigo/etc/ros/roscore.xml
[roslaunch][INFO] 2017-06-09 19:07:54,699: Added core node of type [rosout/rosout] in namespace [/]
[roslaunch.pmon][INFO] 2017-06-09 19:07:54,700: start_process_monitor: creating ProcessMonitor
[roslaunch.pmon][INFO] 2017-06-09 19:07:54,704: created process monitor <ProcessMonitor(ProcessMonitor-1, initial daemon)>
[roslaunch.pmon][INFO] 2017-06-09 19:07:54,707: start_process_monitor: ProcessMonitor started
[roslaunch.parent][INFO] 2017-06-09 19:07:54,711: starting parent XML-RPC server
[roslaunch.server][INFO] 2017-06-09 19:07:54,718: starting roslaunch XML-RPC server
[roslaunch.server][INFO] 2017-06-09 19:07:54,721: waiting for roslaunch XML-RPC server to initialize
[xmlrpc][INFO] 2017-06-09 19:07:54,721: XML-RPC server binding to 0.0.0.0:0
[xmlrpc][INFO] 2017-06-09 19:07:54,729: Started XML-RPC server [http://ip-172-31-19-100:50424/]
[xmlrpc][INFO] 2017-06-09 19:07:54,733: xml rpc node: starting XML-RPC server
[roslaunch][INFO] 2017-06-09 19:07:54,742: started roslaunch server http://ip-172-31-19-100:50424/
[roslaunch.parent][INFO] 2017-06-09 19:07:54,746: ... parent XML-RPC server started
[roslaunch][INFO] 2017-06-09 19:07:54,751: master.is_running[http://ip-172-31-19-100:49670/]
[roslaunch][INFO] 2017-06-09 19:07:54,756: auto-starting new master
[roslaunch][INFO] 2017-06-09 19:07:54,759: create_master_process: rosmaster, /opt/ros/indigo/share/ros, 49670, 3, None
[roslaunch][INFO] 2017-06-09 19:07:54,763: process[master]: launching with args [['rosmaster', '--core', '-p', '49670', '-w', '3']]
[roslaunch.pmon][INFO] 2017-06-09 19:07:54,766: ProcessMonitor.register[master]
[roslaunch.pmon][INFO] 2017-06-09 19:07:54,771: ProcessMonitor.register[master] complete
[roslaunch][INFO] 2017-06-09 19:07:54,774: process[master]: starting os process
[roslaunch][INFO] 2017-06-09 19:07:54,779: process[master]: start w/ args [['rosmaster', '--core', '-p', '49670', '-w', '3', '__log:=/home/ccc_v1_w_dd4cc_18220/asn13529_Project_5/asn13530_Project_4/work/.ros/log/9d64544c-4d81-11e7-a307-06f360e4abc1/master.log']]
[roslaunch][INFO] 2017-06-09 19:07:54,782: process[master]: cwd will be [/home/ccc_v1_w_dd4cc_18220/asn13529_Project_5/asn13530_Project_4/work/.ros]
[roslaunch][INFO] 2017-06-09 19:07:54,791: process[master]: started with pid [29362]
[roslaunch][INFO] 2017-06-09 19:07:54,792: master.is_running[http://ip-172-31-19-100:49670/]
[roslaunch][INFO] 2017-06-09 19:07:54,896: master.is_running[http://ip-172-31-19-100:49670/]
[roslaunch][INFO] 2017-06-09 19:07:55,001: master.is_running[http://ip-172-31-19-100:49670/]
[roslaunch][INFO] 2017-06-09 19:07:55,008: master.is_running[http://ip-172-31-19-100:49670/]
[roslaunch][INFO] 2017-06-09 19:07:55,013: ROS_MASTER_URI=http://ip-172-31-19-100:49670/
[roslaunch][INFO] 2017-06-09 19:07:55,018: setting /run_id to 9d64544c-4d81-11e7-a307-06f360e4abc1
[roslaunch][INFO] 2017-06-09 19:07:55,027: setting /roslaunch/uris/host_ip_172_31_19_100__50424' to http://ip-172-31-19-100:50424/
[roslaunch][INFO] 2017-06-09 19:07:55,038: ... preparing to launch node of type [rosout/rosout]
[roslaunch][INFO] 2017-06-09 19:07:55,042: create_node_process: package[rosout] type[rosout] machine[Machine(name[] env_loader[None] address[localhost] ssh_port[22] user[None] assignable[True] timeout[10.0])] master_uri[http://ip-172-31-19-100:49670/]
[roslaunch][INFO] 2017-06-09 19:07:55,046: process[rosout-1]: env[{'ROS_DISTRO': 'indigo', 'ASNLIB': '/home/ccc_v1_s54106__48606/asn13529_Project_5/asn13530_Project_4/asnlib', 'LIB': '/home/ccc_v1_s54106__48606/lib', 'VOC_PROXY_TOKEN': '19896306843542435421353001593b547146d6d6.21870104', 'SSH_CLIENT': '172.31.7.153 45622 22', 'CPATH': '/opt/ros/indigo/include', 'LOGNAME': 'ccc_v1_w_dd4cc_18220', 'USER': 'ccc_v1_w_dd4cc_18220', 'ROS_NODE_PORT': '49670', 'HOME': '/home/ccc_v1_w_dd4cc_18220/asn13529_Project_5/asn13530_Project_4/work', 'PATH': '/opt/ros/indigo/bin:/usr/local/sbin:/usr/local/bin:/usr/sbin:/usr/bin:/sbin:/bin:/usr/games:/usr/local/games:/home/local/bin:/home/ccc_v1_s54106__48606/lib:/home/ccc_v1_s54106__48606/asn13529_Project_5/asn13530_Project_4/asnlib:/home/vlibs:.', 'CMAKE_PREFIX_PATH': '/opt/ros/indigo', 'ROS_LOG_FILENAME': '/home/ccc_v1_w_dd4cc_18220/asn13529_Project_5/asn13530_Project_4/work/.ros/log/9d64544c-4d81-11e7-a307-06f360e4abc1/roslaunch-ip-172-31-19-100-29326.log', 'LANG': 'en_US.UTF-8', 'TERM': 'xterm-256color', 'SHELL': '/bin/bash', 'HISTFILE': '/home/ccc_v1_w_dd4cc_18220/.bash_history', 'SHLVL': '2', 'VOC_WORKAREA': '/home/ccc_v1_w_dd4cc_18220/asn13529_Project_5/asn13530_Project_4/work', 'LD_LIBRARY_PATH': '/opt/ros/indigo/lib:/opt/ros/indigo/lib/x86_64-linux-gnu:/home/ccc_v1_s54106__48606/lib:/home/ccc_v1_s54106__48606/asn13529_Project_5/asn13530_Project_4/asnlib:/home/vlibs', 'PART1': '/home/ccc_v1_s54106__48606/asn13529_Project_5/asn13530_Project_4', 'ROS_MASTER_URI': 'http://ip-172-31-19-100:49670/', 'XDG_RUNTIME_DIR': '/run/user/18220', 'PYTHONPATH': '/opt/ros/indigo/lib/python2.7/dist-packages:/home/vlibs/python', 'VOC_PROXY_WRAPPER_PORT': '5100', 'VOC_XFER_TOKEN': '11228578884354243542135300593b547140ac13.80998902', 'ROS_ROOT': '/opt/ros/indigo/share/ros', 'OLD_HOME': '/home/ccc_v1_w_dd4cc_18220', 'PKG_CONFIG_PATH': '/opt/ros/indigo/lib/pkgconfig:/opt/ros/indigo/lib/x86_64-linux-gnu/pkgconfig', 'ROS_PACKAGE_PATH': '/opt/ros/indigo/share:/opt/ros/indigo/stacks', 'XDG_SESSION_ID': '317702', '_': '/usr/bin/stdbuf', 'LD_PRELOAD': '/usr/lib/coreutils/libstdbuf.so', '_STDBUF_O': 'L', 'SSH_TTY': '/dev/pts/4', 'OLDPWD': '/home/ccc_v1_w_dd4cc_18220', 'ROSLISP_PACKAGE_DIRECTORIES': '', 'VLIB': '/home/vlibs', 'PWD': '/home/ccc_v1_w_dd4cc_18220/asn13529_Project_5/asn13530_Project_4/work', 'VOC_PROXY_ID': '43542_43542_13530_0_1', 'ROS_ETC_DIR': '/opt/ros/indigo/etc/ros', 'MAIL': '/var/mail/ccc_v1_w_dd4cc_18220', 'SSH_CONNECTION': '172.31.7.153 45622 172.31.19.100 22'}]
[roslaunch][INFO] 2017-06-09 19:07:55,083: process[rosout-1]: args[[u'/opt/ros/indigo/lib/rosout/rosout', u'__name:=rosout']]
[roslaunch][INFO] 2017-06-09 19:07:55,087: ... created process [rosout-1]
[roslaunch.pmon][INFO] 2017-06-09 19:07:55,092: ProcessMonitor.register[rosout-1]
[roslaunch.pmon][INFO] 2017-06-09 19:07:55,095: ProcessMonitor.register[rosout-1] complete
[roslaunch][INFO] 2017-06-09 19:07:55,099: ... registered process [rosout-1]
[roslaunch][INFO] 2017-06-09 19:07:55,102: process[rosout-1]: starting os process
[roslaunch][INFO] 2017-06-09 19:07:55,107: process[rosout-1]: start w/ args [[u'/opt/ros/indigo/lib/rosout/rosout', u'__name:=rosout', u'__log:=/home/ccc_v1_w_dd4cc_18220/asn13529_Project_5/asn13530_Project_4/work/.ros/log/9d64544c-4d81-11e7-a307-06f360e4abc1/rosout-1.log']]
[roslaunch][INFO] 2017-06-09 19:07:55,111: process[rosout-1]: cwd will be [/home/ccc_v1_w_dd4cc_18220/asn13529_Project_5/asn13530_Project_4/work/.ros]
[roslaunch][INFO] 2017-06-09 19:07:55,119: process[rosout-1]: started with pid [29379]
[roslaunch][INFO] 2017-06-09 19:07:55,120: ... successfully launched [rosout-1]
[roslaunch][INFO] 2017-06-09 19:07:55,123: load_parameters starting ...
[roslaunch][INFO] 2017-06-09 19:07:55,140: ... load_parameters complete
[roslaunch][INFO] 2017-06-09 19:07:55,144: launch_nodes: launching local nodes ...
[roslaunch][INFO] 2017-06-09 19:07:55,147: ... launch_nodes complete
[roslaunch.pmon][INFO] 2017-06-09 19:07:55,151: registrations completed <ProcessMonitor(ProcessMonitor-1, started daemon 140119954163456)>
[roslaunch.parent][INFO] 2017-06-09 19:07:55,155: ... roslaunch parent running, waiting for process exit
[roslaunch][INFO] 2017-06-09 19:07:55,158: spin
