[rospy.client][INFO] 2017-06-10 01:40:19,940: init_node, name[/rosbridge_websocket], pid[14199]
[xmlrpc][INFO] 2017-06-10 01:40:19,941: XML-RPC server binding to 0.0.0.0:0
[xmlrpc][INFO] 2017-06-10 01:40:19,945: Started XML-RPC server [http://ip-172-31-19-100:37211/]
[rospy.init][INFO] 2017-06-10 01:40:19,945: ROS Slave URI: [http://ip-172-31-19-100:37211/]
[rospy.impl.masterslave][INFO] 2017-06-10 01:40:19,949: _ready: http://ip-172-31-19-100:37211/
[xmlrpc][INFO] 2017-06-10 01:40:19,956: xml rpc node: starting XML-RPC server
[rospy.registration][INFO] 2017-06-10 01:40:19,957: Registering with master node http://localhost:60818
[rospy.init][INFO] 2017-06-10 01:40:20,052: registered with master
[rospy.rosout][INFO] 2017-06-10 01:40:20,056: initializing /rosout core topic
[rospy.rosout][INFO] 2017-06-10 01:40:20,067: connected to core topic /rosout
[rospy.simtime][INFO] 2017-06-10 01:40:20,071: /use_sim_time is not set, will not subscribe to simulated time [/clock] topic
[rosout][INFO] 2017-06-10 01:40:20,106: Rosbridge WebSocket server started on port 49592
[rospy.internal][INFO] 2017-06-10 01:40:20,286: topic[/rosout] adding connection to [/rosout], count 0
[rosout][INFO] 2017-06-10 01:40:25,120: Client connected.  1 clients total.
[rosout][INFO] 2017-06-10 01:40:25,250: [Client 0] Subscribed to /tf2_web_republisher/feedback
[rosout][INFO] 2017-06-10 01:40:25,272: [Client 0] Subscribed to /visualization_marker_array
[rospy.internal][INFO] 2017-06-10 01:40:25,282: topic[/tf2_web_republisher/feedback] adding connection to [http://ip-172-31-19-100:51628/], count 0
[rospy.internal][INFO] 2017-06-10 01:40:25,282: topic[/visualization_marker_array] adding connection to [http://ip-172-31-19-100:47078/], count 0
[rosout][INFO] 2017-06-10 01:40:25,288: [Client 0] Subscribed to /control_markers/tunneled/update
[rospy.internal][INFO] 2017-06-10 01:40:25,290: topic[/control_markers/tunneled/update] adding connection to [http://ip-172-31-19-100:33056/], count 0
[rospy.internal][INFO] 2017-06-10 01:40:25,396: topic[/control_markers/feedback] adding connection to [/marker_control_14440_1497084023024], count 0
[rosout][INFO] 2017-06-10 01:40:25,401: [Client 0] Subscribed to /tf2_web_republisher/feedback
[rosout][INFO] 2017-06-10 01:40:25,416: [Client 0] Subscribed to /tf2_web_republisher/feedback
[rosout][INFO] 2017-06-10 01:40:25,420: [Client 0] Subscribed to /tf2_web_republisher/feedback
[rosout][INFO] 2017-06-10 01:40:25,424: [Client 0] Subscribed to /tf2_web_republisher/feedback
[rosout][INFO] 2017-06-10 01:40:25,428: [Client 0] Subscribed to /tf2_web_republisher/feedback
[rosout][INFO] 2017-06-10 01:40:25,432: [Client 0] Subscribed to /tf2_web_republisher/feedback
[rosout][INFO] 2017-06-10 01:40:25,437: [Client 0] Subscribed to /tf2_web_republisher/feedback
[rospy.internal][INFO] 2017-06-10 01:40:25,484: topic[/tf2_web_republisher/goal] adding connection to [/tf2_web_republisher], count 0
[rospy.internal][INFO] 2017-06-10 01:40:25,487: topic[/tf2_web_republisher/cancel] adding connection to [/tf2_web_republisher], count 0
[rospy.internal][INFO] 2017-06-10 01:43:06,299: topic impl's ref count is zero, deleting topic /tf2_web_republisher/cancel...
[rospy.internal][INFO] 2017-06-10 01:43:06,299: topic[/tf2_web_republisher/cancel] removing connection to /tf2_web_republisher
[rospy.internal][INFO] 2017-06-10 01:43:06,305: topic impl's ref count is zero, deleting topic /tf2_web_republisher/goal...
[rospy.internal][INFO] 2017-06-10 01:43:06,308: topic[/tf2_web_republisher/goal] removing connection to /tf2_web_republisher
[rospy.internal][INFO] 2017-06-10 01:43:06,317: topic impl's ref count is zero, deleting topic /control_markers/feedback...
[rospy.internal][INFO] 2017-06-10 01:43:06,320: topic[/control_markers/feedback] removing connection to /marker_control_14440_1497084023024
[rospy.internal][INFO] 2017-06-10 01:43:06,328: topic impl's ref count is zero, deleting topic /control_markers/tunneled/update...
[rospy.internal][INFO] 2017-06-10 01:43:06,332: topic[/control_markers/tunneled/update] removing connection to http://ip-172-31-19-100:33056/
[rospy.internal][INFO] 2017-06-10 01:43:06,340: topic impl's ref count is zero, deleting topic /tf2_web_republisher/feedback...
[rospy.internal][INFO] 2017-06-10 01:43:06,343: topic[/tf2_web_republisher/feedback] removing connection to http://ip-172-31-19-100:51628/
[rospy.internal][INFO] 2017-06-10 01:43:06,355: topic impl's ref count is zero, deleting topic /visualization_marker_array...
[rospy.internal][INFO] 2017-06-10 01:43:06,358: topic[/visualization_marker_array] removing connection to http://ip-172-31-19-100:47078/
[rosout][INFO] 2017-06-10 01:43:06,368: Client disconnected. 0 clients total.
