[roslaunch][INFO] 2017-06-10 01:40:19,121: Checking log directory for disk usage. This may take awhile.
Press Ctrl-C to interrupt
[roslaunch][INFO] 2017-06-10 01:40:19,167: Done checking log file disk usage. Usage is <1GB.
[roslaunch][INFO] 2017-06-10 01:40:19,167: roslaunch starting with args ['/opt/ros/indigo/bin/roslaunch', 'rosbridge_server', 'rosbridge_websocket.launch', 'port:=49592']
[roslaunch][INFO] 2017-06-10 01:40:19,170: roslaunch env is {'ROS_DISTRO': 'indigo', 'ASNLIB': '/home/ccc_v1_s54106__48606/asn13529_Project_5/asn13530_Project_4/asnlib', 'LIB': '/home/ccc_v1_s54106__48606/lib', 'PKG_CONFIG_PATH': '/opt/ros/indigo/lib/pkgconfig:/opt/ros/indigo/lib/x86_64-linux-gnu/pkgconfig', 'SSH_CLIENT': '172.31.7.153 59534 22', 'CPATH': '/opt/ros/indigo/include', 'LOGNAME': 'ccc_v1_w_dd4cc_18220', 'USER': 'ccc_v1_w_dd4cc_18220', 'ROS_NODE_PORT': '60818', 'HOME': '/home/ccc_v1_w_dd4cc_18220/asn13529_Project_5/asn13530_Project_4/work', 'PATH': '/opt/ros/indigo/bin:/usr/local/sbin:/usr/local/bin:/usr/sbin:/usr/bin:/sbin:/bin:/usr/games:/usr/local/games:/home/local/bin:/home/ccc_v1_s54106__48606/lib:/home/ccc_v1_s54106__48606/asn13529_Project_5/asn13530_Project_4/asnlib:/home/vlibs:.', 'CMAKE_PREFIX_PATH': '/opt/ros/indigo', 'LD_LIBRARY_PATH': '/opt/ros/indigo/lib:/opt/ros/indigo/lib/x86_64-linux-gnu:/home/ccc_v1_s54106__48606/lib:/home/ccc_v1_s54106__48606/asn13529_Project_5/asn13530_Project_4/asnlib:/home/vlibs', 'LANG': 'en_US.UTF-8', 'TERM': 'xterm-256color', 'SHELL': '/bin/bash', 'HISTFILE': '/home/ccc_v1_w_dd4cc_18220/.bash_history', 'SHLVL': '2', 'VOC_WORKAREA': '/home/ccc_v1_w_dd4cc_18220/asn13529_Project_5/asn13530_Project_4/work', 'ROS_LOG_FILENAME': '/home/ccc_v1_w_dd4cc_18220/asn13529_Project_5/asn13530_Project_4/work/.ros/log/6dbdc2c8-4db8-11e7-9512-06f360e4abc1/roslaunch-ip-172-31-19-100-14180.log', 'PART1': '/home/ccc_v1_s54106__48606/asn13529_Project_5/asn13530_Project_4', 'ROS_ETC_DIR': '/opt/ros/indigo/etc/ros', 'XDG_RUNTIME_DIR': '/run/user/18220', 'PYTHONPATH': '/opt/ros/indigo/lib/python2.7/dist-packages:/home/vlibs/python', 'VOC_PROXY_WRAPPER_PORT': '5100', 'VOC_XFER_TOKEN': '17455637784354243542135300593bac9596dce7.26076700', 'ROS_ROOT': '/opt/ros/indigo/share/ros', 'OLD_HOME': '/home/ccc_v1_w_dd4cc_18220', 'VOC_PROXY_TOKEN': '85447599843542435421353001593bac95a47a94.78938960', 'ROS_PACKAGE_PATH': '/opt/ros/indigo/share:/opt/ros/indigo/stacks', 'XDG_SESSION_ID': '318849', '_': '/usr/bin/stdbuf', 'LD_PRELOAD': '/usr/lib/coreutils/libstdbuf.so', '_STDBUF_O': 'L', 'SSH_TTY': '/dev/pts/1', 'OLDPWD': '/home/ccc_v1_w_dd4cc_18220', 'ROSLISP_PACKAGE_DIRECTORIES': '', 'VLIB': '/home/vlibs', 'PWD': '/home/ccc_v1_w_dd4cc_18220/asn13529_Project_5/asn13530_Project_4/work', 'VOC_PROXY_ID': '43542_43542_13530_0_1', 'ROS_MASTER_URI': 'http://localhost:60818', 'MAIL': '/var/mail/ccc_v1_w_dd4cc_18220', 'SSH_CONNECTION': '172.31.7.153 59534 172.31.19.100 22'}
[roslaunch][INFO] 2017-06-10 01:40:19,174: starting in server mode
[roslaunch.parent][INFO] 2017-06-10 01:40:19,178: starting roslaunch parent run
[roslaunch][INFO] 2017-06-10 01:40:19,181: loading roscore config file /opt/ros/indigo/etc/ros/roscore.xml
[roslaunch][INFO] 2017-06-10 01:40:19,293: Added core node of type [rosout/rosout] in namespace [/]
[roslaunch.config][INFO] 2017-06-10 01:40:19,294: loading config file /opt/ros/indigo/share/rosbridge_server/launch/rosbridge_websocket.launch
[roslaunch][INFO] 2017-06-10 01:40:19,299: Added node of type [rosbridge_server/rosbridge_websocket] in namespace [/]
[roslaunch][INFO] 2017-06-10 01:40:19,303: Added node of type [rosapi/rosapi_node] in namespace [/]
[roslaunch][INFO] 2017-06-10 01:40:19,306: ... selected machine [] for node of type [rosbridge_server/rosbridge_websocket]
[roslaunch][INFO] 2017-06-10 01:40:19,310: ... selected machine [] for node of type [rosapi/rosapi_node]
[roslaunch.pmon][INFO] 2017-06-10 01:40:19,314: start_process_monitor: creating ProcessMonitor
[roslaunch.pmon][INFO] 2017-06-10 01:40:19,317: created process monitor <ProcessMonitor(ProcessMonitor-1, initial daemon)>
[roslaunch.pmon][INFO] 2017-06-10 01:40:19,321: start_process_monitor: ProcessMonitor started
[roslaunch.parent][INFO] 2017-06-10 01:40:19,325: starting parent XML-RPC server
[roslaunch.server][INFO] 2017-06-10 01:40:19,329: starting roslaunch XML-RPC server
[roslaunch.server][INFO] 2017-06-10 01:40:19,332: waiting for roslaunch XML-RPC server to initialize
[xmlrpc][INFO] 2017-06-10 01:40:19,332: XML-RPC server binding to 0.0.0.0:0
[xmlrpc][INFO] 2017-06-10 01:40:19,346: Started XML-RPC server [http://ip-172-31-19-100:34472/]
[xmlrpc][INFO] 2017-06-10 01:40:19,350: xml rpc node: starting XML-RPC server
[roslaunch][INFO] 2017-06-10 01:40:19,357: started roslaunch server http://ip-172-31-19-100:34472/
[roslaunch.parent][INFO] 2017-06-10 01:40:19,360: ... parent XML-RPC server started
[roslaunch][INFO] 2017-06-10 01:40:19,364: master.is_running[http://localhost:60818]
[roslaunch][INFO] 2017-06-10 01:40:19,369: master.is_running[http://localhost:60818]
[roslaunch][INFO] 2017-06-10 01:40:19,373: ROS_MASTER_URI=http://localhost:60818
[roslaunch][INFO] 2017-06-10 01:40:19,378: setting /roslaunch/uris/host_ip_172_31_19_100__34472' to http://ip-172-31-19-100:34472/
[roslaunch][INFO] 2017-06-10 01:40:19,383: load_parameters starting ...
[roslaunch][INFO] 2017-06-10 01:40:19,422: ... load_parameters complete
[roslaunch][INFO] 2017-06-10 01:40:19,426: launch_nodes: launching local nodes ...
[roslaunch][INFO] 2017-06-10 01:40:19,429: ... preparing to launch node of type [rosbridge_server/rosbridge_websocket]
[roslaunch][INFO] 2017-06-10 01:40:19,432: create_node_process: package[rosbridge_server] type[rosbridge_websocket] machine[Machine(name[] env_loader[None] address[localhost] ssh_port[22] user[None] assignable[True] timeout[10.0])] master_uri[http://localhost:60818]
[roslaunch][INFO] 2017-06-10 01:40:19,436: process[rosbridge_websocket-1]: env[{'ROS_DISTRO': 'indigo', 'ASNLIB': '/home/ccc_v1_s54106__48606/asn13529_Project_5/asn13530_Project_4/asnlib', 'LIB': '/home/ccc_v1_s54106__48606/lib', 'VOC_PROXY_TOKEN': '85447599843542435421353001593bac95a47a94.78938960', 'SSH_CLIENT': '172.31.7.153 59534 22', 'CPATH': '/opt/ros/indigo/include', 'LOGNAME': 'ccc_v1_w_dd4cc_18220', 'USER': 'ccc_v1_w_dd4cc_18220', 'ROS_NODE_PORT': '60818', 'HOME': '/home/ccc_v1_w_dd4cc_18220/asn13529_Project_5/asn13530_Project_4/work', 'PATH': '/opt/ros/indigo/bin:/usr/local/sbin:/usr/local/bin:/usr/sbin:/usr/bin:/sbin:/bin:/usr/games:/usr/local/games:/home/local/bin:/home/ccc_v1_s54106__48606/lib:/home/ccc_v1_s54106__48606/asn13529_Project_5/asn13530_Project_4/asnlib:/home/vlibs:.', 'CMAKE_PREFIX_PATH': '/opt/ros/indigo', 'ROS_LOG_FILENAME': '/home/ccc_v1_w_dd4cc_18220/asn13529_Project_5/asn13530_Project_4/work/.ros/log/6dbdc2c8-4db8-11e7-9512-06f360e4abc1/roslaunch-ip-172-31-19-100-14180.log', 'LANG': 'en_US.UTF-8', 'TERM': 'xterm-256color', 'SHELL': '/bin/bash', 'HISTFILE': '/home/ccc_v1_w_dd4cc_18220/.bash_history', 'SHLVL': '2', 'VOC_WORKAREA': '/home/ccc_v1_w_dd4cc_18220/asn13529_Project_5/asn13530_Project_4/work', 'LD_LIBRARY_PATH': '/opt/ros/indigo/lib:/opt/ros/indigo/lib/x86_64-linux-gnu:/home/ccc_v1_s54106__48606/lib:/home/ccc_v1_s54106__48606/asn13529_Project_5/asn13530_Project_4/asnlib:/home/vlibs', 'PART1': '/home/ccc_v1_s54106__48606/asn13529_Project_5/asn13530_Project_4', 'ROS_MASTER_URI': 'http://localhost:60818', 'XDG_RUNTIME_DIR': '/run/user/18220', 'PYTHONPATH': '/opt/ros/indigo/lib/python2.7/dist-packages:/home/vlibs/python', 'VOC_PROXY_WRAPPER_PORT': '5100', 'VOC_XFER_TOKEN': '17455637784354243542135300593bac9596dce7.26076700', 'ROS_ROOT': '/opt/ros/indigo/share/ros', 'OLD_HOME': '/home/ccc_v1_w_dd4cc_18220', 'PKG_CONFIG_PATH': '/opt/ros/indigo/lib/pkgconfig:/opt/ros/indigo/lib/x86_64-linux-gnu/pkgconfig', 'ROS_PACKAGE_PATH': '/opt/ros/indigo/share:/opt/ros/indigo/stacks', 'XDG_SESSION_ID': '318849', '_': '/usr/bin/stdbuf', 'LD_PRELOAD': '/usr/lib/coreutils/libstdbuf.so', '_STDBUF_O': 'L', 'SSH_TTY': '/dev/pts/1', 'OLDPWD': '/home/ccc_v1_w_dd4cc_18220', 'ROSLISP_PACKAGE_DIRECTORIES': '', 'VLIB': '/home/vlibs', 'PWD': '/home/ccc_v1_w_dd4cc_18220/asn13529_Project_5/asn13530_Project_4/work', 'VOC_PROXY_ID': '43542_43542_13530_0_1', 'ROS_ETC_DIR': '/opt/ros/indigo/etc/ros', 'MAIL': '/var/mail/ccc_v1_w_dd4cc_18220', 'SSH_CONNECTION': '172.31.7.153 59534 172.31.19.100 22'}]
[roslaunch][INFO] 2017-06-10 01:40:19,464: process[rosbridge_websocket-1]: args[[u'/opt/ros/indigo/lib/rosbridge_server/rosbridge_websocket', u'__name:=rosbridge_websocket']]
[roslaunch][INFO] 2017-06-10 01:40:19,468: ... created process [rosbridge_websocket-1]
[roslaunch.pmon][INFO] 2017-06-10 01:40:19,472: ProcessMonitor.register[rosbridge_websocket-1]
[roslaunch.pmon][INFO] 2017-06-10 01:40:19,475: ProcessMonitor.register[rosbridge_websocket-1] complete
[roslaunch][INFO] 2017-06-10 01:40:19,478: ... registered process [rosbridge_websocket-1]
[roslaunch][INFO] 2017-06-10 01:40:19,482: process[rosbridge_websocket-1]: starting os process
[roslaunch][INFO] 2017-06-10 01:40:19,486: process[rosbridge_websocket-1]: start w/ args [[u'/opt/ros/indigo/lib/rosbridge_server/rosbridge_websocket', u'__name:=rosbridge_websocket', u'__log:=/home/ccc_v1_w_dd4cc_18220/asn13529_Project_5/asn13530_Project_4/work/.ros/log/6dbdc2c8-4db8-11e7-9512-06f360e4abc1/rosbridge_websocket-1.log']]
[roslaunch][INFO] 2017-06-10 01:40:19,489: process[rosbridge_websocket-1]: cwd will be [/home/ccc_v1_w_dd4cc_18220/asn13529_Project_5/asn13530_Project_4/work/.ros]
[roslaunch][INFO] 2017-06-10 01:40:19,498: process[rosbridge_websocket-1]: started with pid [14199]
[roslaunch][INFO] 2017-06-10 01:40:19,499: ... successfully launched [rosbridge_websocket-1]
[roslaunch][INFO] 2017-06-10 01:40:19,502: ... preparing to launch node of type [rosapi/rosapi_node]
[roslaunch][INFO] 2017-06-10 01:40:19,506: create_node_process: package[rosapi] type[rosapi_node] machine[Machine(name[] env_loader[None] address[localhost] ssh_port[22] user[None] assignable[True] timeout[10.0])] master_uri[http://localhost:60818]
[roslaunch][INFO] 2017-06-10 01:40:19,510: process[rosapi-2]: env[{'ROS_DISTRO': 'indigo', 'ASNLIB': '/home/ccc_v1_s54106__48606/asn13529_Project_5/asn13530_Project_4/asnlib', 'LIB': '/home/ccc_v1_s54106__48606/lib', 'VOC_PROXY_TOKEN': '85447599843542435421353001593bac95a47a94.78938960', 'SSH_CLIENT': '172.31.7.153 59534 22', 'CPATH': '/opt/ros/indigo/include', 'LOGNAME': 'ccc_v1_w_dd4cc_18220', 'USER': 'ccc_v1_w_dd4cc_18220', 'ROS_NODE_PORT': '60818', 'HOME': '/home/ccc_v1_w_dd4cc_18220/asn13529_Project_5/asn13530_Project_4/work', 'PATH': '/opt/ros/indigo/bin:/usr/local/sbin:/usr/local/bin:/usr/sbin:/usr/bin:/sbin:/bin:/usr/games:/usr/local/games:/home/local/bin:/home/ccc_v1_s54106__48606/lib:/home/ccc_v1_s54106__48606/asn13529_Project_5/asn13530_Project_4/asnlib:/home/vlibs:.', 'CMAKE_PREFIX_PATH': '/opt/ros/indigo', 'ROS_LOG_FILENAME': '/home/ccc_v1_w_dd4cc_18220/asn13529_Project_5/asn13530_Project_4/work/.ros/log/6dbdc2c8-4db8-11e7-9512-06f360e4abc1/roslaunch-ip-172-31-19-100-14180.log', 'LANG': 'en_US.UTF-8', 'TERM': 'xterm-256color', 'SHELL': '/bin/bash', 'HISTFILE': '/home/ccc_v1_w_dd4cc_18220/.bash_history', 'SHLVL': '2', 'VOC_WORKAREA': '/home/ccc_v1_w_dd4cc_18220/asn13529_Project_5/asn13530_Project_4/work', 'LD_LIBRARY_PATH': '/opt/ros/indigo/lib:/opt/ros/indigo/lib/x86_64-linux-gnu:/home/ccc_v1_s54106__48606/lib:/home/ccc_v1_s54106__48606/asn13529_Project_5/asn13530_Project_4/asnlib:/home/vlibs', 'PART1': '/home/ccc_v1_s54106__48606/asn13529_Project_5/asn13530_Project_4', 'ROS_MASTER_URI': 'http://localhost:60818', 'XDG_RUNTIME_DIR': '/run/user/18220', 'PYTHONPATH': '/opt/ros/indigo/lib/python2.7/dist-packages:/home/vlibs/python', 'VOC_PROXY_WRAPPER_PORT': '5100', 'VOC_XFER_TOKEN': '17455637784354243542135300593bac9596dce7.26076700', 'ROS_ROOT': '/opt/ros/indigo/share/ros', 'OLD_HOME': '/home/ccc_v1_w_dd4cc_18220', 'PKG_CONFIG_PATH': '/opt/ros/indigo/lib/pkgconfig:/opt/ros/indigo/lib/x86_64-linux-gnu/pkgconfig', 'ROS_PACKAGE_PATH': '/opt/ros/indigo/share:/opt/ros/indigo/stacks', 'XDG_SESSION_ID': '318849', '_': '/usr/bin/stdbuf', 'LD_PRELOAD': '/usr/lib/coreutils/libstdbuf.so', '_STDBUF_O': 'L', 'SSH_TTY': '/dev/pts/1', 'OLDPWD': '/home/ccc_v1_w_dd4cc_18220', 'ROSLISP_PACKAGE_DIRECTORIES': '', 'VLIB': '/home/vlibs', 'PWD': '/home/ccc_v1_w_dd4cc_18220/asn13529_Project_5/asn13530_Project_4/work', 'VOC_PROXY_ID': '43542_43542_13530_0_1', 'ROS_ETC_DIR': '/opt/ros/indigo/etc/ros', 'MAIL': '/var/mail/ccc_v1_w_dd4cc_18220', 'SSH_CONNECTION': '172.31.7.153 59534 172.31.19.100 22'}]
[roslaunch][INFO] 2017-06-10 01:40:19,514: process[rosapi-2]: args[[u'/opt/ros/indigo/lib/rosapi/rosapi_node', u'__name:=rosapi']]
[roslaunch][INFO] 2017-06-10 01:40:19,518: ... created process [rosapi-2]
[roslaunch.pmon][INFO] 2017-06-10 01:40:19,521: ProcessMonitor.register[rosapi-2]
[roslaunch.pmon][INFO] 2017-06-10 01:40:19,524: ProcessMonitor.register[rosapi-2] complete
[roslaunch][INFO] 2017-06-10 01:40:19,528: ... registered process [rosapi-2]
[roslaunch][INFO] 2017-06-10 01:40:19,531: process[rosapi-2]: starting os process
[roslaunch][INFO] 2017-06-10 01:40:19,537: process[rosapi-2]: start w/ args [[u'/opt/ros/indigo/lib/rosapi/rosapi_node', u'__name:=rosapi', u'__log:=/home/ccc_v1_w_dd4cc_18220/asn13529_Project_5/asn13530_Project_4/work/.ros/log/6dbdc2c8-4db8-11e7-9512-06f360e4abc1/rosapi-2.log']]
[roslaunch][INFO] 2017-06-10 01:40:19,541: process[rosapi-2]: cwd will be [/home/ccc_v1_w_dd4cc_18220/asn13529_Project_5/asn13530_Project_4/work/.ros]
[roslaunch][INFO] 2017-06-10 01:40:19,549: process[rosapi-2]: started with pid [14200]
[roslaunch][INFO] 2017-06-10 01:40:19,550: ... successfully launched [rosapi-2]
[roslaunch][INFO] 2017-06-10 01:40:19,557: ... launch_nodes complete
[roslaunch.pmon][INFO] 2017-06-10 01:40:19,561: registrations completed <ProcessMonitor(ProcessMonitor-1, started daemon 140419371366144)>
[roslaunch.parent][INFO] 2017-06-10 01:40:19,564: ... roslaunch parent running, waiting for process exit
[roslaunch][INFO] 2017-06-10 01:40:19,568: spin
