[roslaunch][INFO] 2017-06-09 19:28:59,525: Checking log directory for disk usage. This may take awhile.
Press Ctrl-C to interrupt
[roslaunch][INFO] 2017-06-09 19:28:59,549: Done checking log file disk usage. Usage is <1GB.
[roslaunch][INFO] 2017-06-09 19:28:59,549: roslaunch starting with args ['roscore', '--core', '-p', '44697']
[roslaunch][INFO] 2017-06-09 19:28:59,553: roslaunch env is {'ROS_DISTRO': 'indigo', 'ASNLIB': '/home/ccc_v1_s54106__48606/asn13529_Project_5/asn13530_Project_4/asnlib', 'LIB': '/home/ccc_v1_s54106__48606/lib', 'PKG_CONFIG_PATH': '/opt/ros/indigo/lib/pkgconfig:/opt/ros/indigo/lib/x86_64-linux-gnu/pkgconfig', 'SSH_CLIENT': '172.31.7.153 51760 22', 'CPATH': '/opt/ros/indigo/include', 'LOGNAME': 'ccc_v1_w_dd4cc_18220', 'USER': 'ccc_v1_w_dd4cc_18220', 'ROS_NODE_PORT': '44697', 'HOME': '/home/ccc_v1_w_dd4cc_18220/asn13529_Project_5/asn13530_Project_4/work', 'PATH': '/opt/ros/indigo/bin:/usr/local/sbin:/usr/local/bin:/usr/sbin:/usr/bin:/sbin:/bin:/usr/games:/usr/local/games:/home/local/bin:/home/ccc_v1_s54106__48606/lib:/home/ccc_v1_s54106__48606/asn13529_Project_5/asn13530_Project_4/asnlib:/home/vlibs:.', 'CMAKE_PREFIX_PATH': '/opt/ros/indigo', 'LD_LIBRARY_PATH': '/opt/ros/indigo/lib:/opt/ros/indigo/lib/x86_64-linux-gnu:/home/ccc_v1_s54106__48606/lib:/home/ccc_v1_s54106__48606/asn13529_Project_5/asn13530_Project_4/asnlib:/home/vlibs', 'LANG': 'en_US.UTF-8', 'TERM': 'xterm-256color', 'SHELL': '/bin/bash', 'HISTFILE': '/home/ccc_v1_w_dd4cc_18220/.bash_history', 'SHLVL': '2', 'VOC_WORKAREA': '/home/ccc_v1_w_dd4cc_18220/asn13529_Project_5/asn13530_Project_4/work', 'ROS_LOG_FILENAME': '/home/ccc_v1_w_dd4cc_18220/asn13529_Project_5/asn13530_Project_4/work/.ros/log/8f62cf9c-4d84-11e7-a4a7-06f360e4abc1/roslaunch-ip-172-31-19-100-4748.log', 'PART1': '/home/ccc_v1_s54106__48606/asn13529_Project_5/asn13530_Project_4', 'ROS_ETC_DIR': '/opt/ros/indigo/etc/ros', 'XDG_RUNTIME_DIR': '/run/user/18220', 'PYTHONPATH': '/opt/ros/indigo/lib/python2.7/dist-packages:/home/vlibs/python', 'VOC_PROXY_WRAPPER_PORT': '5100', 'VOC_XFER_TOKEN': '5361933084354243542135300593b596353ff86.01206241', 'ROS_ROOT': '/opt/ros/indigo/share/ros', 'OLD_HOME': '/home/ccc_v1_w_dd4cc_18220', 'VOC_PROXY_TOKEN': '214444703843542435421353001593b59635d3309.33360803', 'ROS_PACKAGE_PATH': '/opt/ros/indigo/share:/opt/ros/indigo/stacks', 'XDG_SESSION_ID': '317769', '_': '/usr/bin/stdbuf', 'LD_PRELOAD': '/usr/lib/coreutils/libstdbuf.so', '_STDBUF_O': 'L', 'SSH_TTY': '/dev/pts/4', 'OLDPWD': '/home/ccc_v1_w_dd4cc_18220', 'ROSLISP_PACKAGE_DIRECTORIES': '', 'VLIB': '/home/vlibs', 'PWD': '/home/ccc_v1_w_dd4cc_18220/asn13529_Project_5/asn13530_Project_4/work', 'VOC_PROXY_ID': '43542_43542_13530_0_1', 'ROS_MASTER_URI': 'http://localhost:44697', 'MAIL': '/var/mail/ccc_v1_w_dd4cc_18220', 'SSH_CONNECTION': '172.31.7.153 51760 172.31.19.100 22'}
[roslaunch][INFO] 2017-06-09 19:28:59,556: starting in server mode
[roslaunch.parent][INFO] 2017-06-09 19:28:59,559: starting roslaunch parent run
[roslaunch][INFO] 2017-06-09 19:28:59,563: loading roscore config file /opt/ros/indigo/etc/ros/roscore.xml
[roslaunch][INFO] 2017-06-09 19:28:59,678: Added core node of type [rosout/rosout] in namespace [/]
[roslaunch.pmon][INFO] 2017-06-09 19:28:59,679: start_process_monitor: creating ProcessMonitor
[roslaunch.pmon][INFO] 2017-06-09 19:28:59,683: created process monitor <ProcessMonitor(ProcessMonitor-1, initial daemon)>
[roslaunch.pmon][INFO] 2017-06-09 19:28:59,686: start_process_monitor: ProcessMonitor started
[roslaunch.parent][INFO] 2017-06-09 19:28:59,690: starting parent XML-RPC server
[roslaunch.server][INFO] 2017-06-09 19:28:59,699: starting roslaunch XML-RPC server
[roslaunch.server][INFO] 2017-06-09 19:28:59,703: waiting for roslaunch XML-RPC server to initialize
[xmlrpc][INFO] 2017-06-09 19:28:59,703: XML-RPC server binding to 0.0.0.0:0
[xmlrpc][INFO] 2017-06-09 19:28:59,710: Started XML-RPC server [http://ip-172-31-19-100:58346/]
[xmlrpc][INFO] 2017-06-09 19:28:59,715: xml rpc node: starting XML-RPC server
[roslaunch][INFO] 2017-06-09 19:28:59,723: started roslaunch server http://ip-172-31-19-100:58346/
[roslaunch.parent][INFO] 2017-06-09 19:28:59,726: ... parent XML-RPC server started
[roslaunch][INFO] 2017-06-09 19:28:59,730: master.is_running[http://ip-172-31-19-100:44697/]
[roslaunch][INFO] 2017-06-09 19:28:59,735: auto-starting new master
[roslaunch][INFO] 2017-06-09 19:28:59,738: create_master_process: rosmaster, /opt/ros/indigo/share/ros, 44697, 3, None
[roslaunch][INFO] 2017-06-09 19:28:59,742: process[master]: launching with args [['rosmaster', '--core', '-p', '44697', '-w', '3']]
[roslaunch.pmon][INFO] 2017-06-09 19:28:59,746: ProcessMonitor.register[master]
[roslaunch.pmon][INFO] 2017-06-09 19:28:59,749: ProcessMonitor.register[master] complete
[roslaunch][INFO] 2017-06-09 19:28:59,753: process[master]: starting os process
[roslaunch][INFO] 2017-06-09 19:28:59,757: process[master]: start w/ args [['rosmaster', '--core', '-p', '44697', '-w', '3', '__log:=/home/ccc_v1_w_dd4cc_18220/asn13529_Project_5/asn13530_Project_4/work/.ros/log/8f62cf9c-4d84-11e7-a4a7-06f360e4abc1/master.log']]
[roslaunch][INFO] 2017-06-09 19:28:59,761: process[master]: cwd will be [/home/ccc_v1_w_dd4cc_18220/asn13529_Project_5/asn13530_Project_4/work/.ros]
[roslaunch][INFO] 2017-06-09 19:28:59,769: process[master]: started with pid [4764]
[roslaunch][INFO] 2017-06-09 19:28:59,770: master.is_running[http://ip-172-31-19-100:44697/]
[roslaunch][INFO] 2017-06-09 19:28:59,874: master.is_running[http://ip-172-31-19-100:44697/]
[roslaunch][INFO] 2017-06-09 19:28:59,978: master.is_running[http://ip-172-31-19-100:44697/]
[roslaunch][INFO] 2017-06-09 19:28:59,986: master.is_running[http://ip-172-31-19-100:44697/]
[roslaunch][INFO] 2017-06-09 19:28:59,990: ROS_MASTER_URI=http://ip-172-31-19-100:44697/
[roslaunch][INFO] 2017-06-09 19:28:59,995: setting /run_id to 8f62cf9c-4d84-11e7-a4a7-06f360e4abc1
[roslaunch][INFO] 2017-06-09 19:29:00,003: setting /roslaunch/uris/host_ip_172_31_19_100__58346' to http://ip-172-31-19-100:58346/
[roslaunch][INFO] 2017-06-09 19:29:00,013: ... preparing to launch node of type [rosout/rosout]
[roslaunch][INFO] 2017-06-09 19:29:00,022: create_node_process: package[rosout] type[rosout] machine[Machine(name[] env_loader[None] address[localhost] ssh_port[22] user[None] assignable[True] timeout[10.0])] master_uri[http://ip-172-31-19-100:44697/]
[roslaunch][INFO] 2017-06-09 19:29:00,026: process[rosout-1]: env[{'ROS_DISTRO': 'indigo', 'ASNLIB': '/home/ccc_v1_s54106__48606/asn13529_Project_5/asn13530_Project_4/asnlib', 'LIB': '/home/ccc_v1_s54106__48606/lib', 'VOC_PROXY_TOKEN': '214444703843542435421353001593b59635d3309.33360803', 'SSH_CLIENT': '172.31.7.153 51760 22', 'CPATH': '/opt/ros/indigo/include', 'LOGNAME': 'ccc_v1_w_dd4cc_18220', 'USER': 'ccc_v1_w_dd4cc_18220', 'ROS_NODE_PORT': '44697', 'HOME': '/home/ccc_v1_w_dd4cc_18220/asn13529_Project_5/asn13530_Project_4/work', 'PATH': '/opt/ros/indigo/bin:/usr/local/sbin:/usr/local/bin:/usr/sbin:/usr/bin:/sbin:/bin:/usr/games:/usr/local/games:/home/local/bin:/home/ccc_v1_s54106__48606/lib:/home/ccc_v1_s54106__48606/asn13529_Project_5/asn13530_Project_4/asnlib:/home/vlibs:.', 'CMAKE_PREFIX_PATH': '/opt/ros/indigo', 'ROS_LOG_FILENAME': '/home/ccc_v1_w_dd4cc_18220/asn13529_Project_5/asn13530_Project_4/work/.ros/log/8f62cf9c-4d84-11e7-a4a7-06f360e4abc1/roslaunch-ip-172-31-19-100-4748.log', 'LANG': 'en_US.UTF-8', 'TERM': 'xterm-256color', 'SHELL': '/bin/bash', 'HISTFILE': '/home/ccc_v1_w_dd4cc_18220/.bash_history', 'SHLVL': '2', 'VOC_WORKAREA': '/home/ccc_v1_w_dd4cc_18220/asn13529_Project_5/asn13530_Project_4/work', 'LD_LIBRARY_PATH': '/opt/ros/indigo/lib:/opt/ros/indigo/lib/x86_64-linux-gnu:/home/ccc_v1_s54106__48606/lib:/home/ccc_v1_s54106__48606/asn13529_Project_5/asn13530_Project_4/asnlib:/home/vlibs', 'PART1': '/home/ccc_v1_s54106__48606/asn13529_Project_5/asn13530_Project_4', 'ROS_MASTER_URI': 'http://ip-172-31-19-100:44697/', 'XDG_RUNTIME_DIR': '/run/user/18220', 'PYTHONPATH': '/opt/ros/indigo/lib/python2.7/dist-packages:/home/vlibs/python', 'VOC_PROXY_WRAPPER_PORT': '5100', 'VOC_XFER_TOKEN': '5361933084354243542135300593b596353ff86.01206241', 'ROS_ROOT': '/opt/ros/indigo/share/ros', 'OLD_HOME': '/home/ccc_v1_w_dd4cc_18220', 'PKG_CONFIG_PATH': '/opt/ros/indigo/lib/pkgconfig:/opt/ros/indigo/lib/x86_64-linux-gnu/pkgconfig', 'ROS_PACKAGE_PATH': '/opt/ros/indigo/share:/opt/ros/indigo/stacks', 'XDG_SESSION_ID': '317769', '_': '/usr/bin/stdbuf', 'LD_PRELOAD': '/usr/lib/coreutils/libstdbuf.so', '_STDBUF_O': 'L', 'SSH_TTY': '/dev/pts/4', 'OLDPWD': '/home/ccc_v1_w_dd4cc_18220', 'ROSLISP_PACKAGE_DIRECTORIES': '', 'VLIB': '/home/vlibs', 'PWD': '/home/ccc_v1_w_dd4cc_18220/asn13529_Project_5/asn13530_Project_4/work', 'VOC_PROXY_ID': '43542_43542_13530_0_1', 'ROS_ETC_DIR': '/opt/ros/indigo/etc/ros', 'MAIL': '/var/mail/ccc_v1_w_dd4cc_18220', 'SSH_CONNECTION': '172.31.7.153 51760 172.31.19.100 22'}]
[roslaunch][INFO] 2017-06-09 19:29:00,056: process[rosout-1]: args[[u'/opt/ros/indigo/lib/rosout/rosout', u'__name:=rosout']]
[roslaunch][INFO] 2017-06-09 19:29:00,060: ... created process [rosout-1]
[roslaunch.pmon][INFO] 2017-06-09 19:29:00,064: ProcessMonitor.register[rosout-1]
[roslaunch.pmon][INFO] 2017-06-09 19:29:00,067: ProcessMonitor.register[rosout-1] complete
[roslaunch][INFO] 2017-06-09 19:29:00,071: ... registered process [rosout-1]
[roslaunch][INFO] 2017-06-09 19:29:00,075: process[rosout-1]: starting os process
[roslaunch][INFO] 2017-06-09 19:29:00,079: process[rosout-1]: start w/ args [[u'/opt/ros/indigo/lib/rosout/rosout', u'__name:=rosout', u'__log:=/home/ccc_v1_w_dd4cc_18220/asn13529_Project_5/asn13530_Project_4/work/.ros/log/8f62cf9c-4d84-11e7-a4a7-06f360e4abc1/rosout-1.log']]
[roslaunch][INFO] 2017-06-09 19:29:00,085: process[rosout-1]: cwd will be [/home/ccc_v1_w_dd4cc_18220/asn13529_Project_5/asn13530_Project_4/work/.ros]
[roslaunch][INFO] 2017-06-09 19:29:00,094: process[rosout-1]: started with pid [4777]
[roslaunch][INFO] 2017-06-09 19:29:00,094: ... successfully launched [rosout-1]
[roslaunch][INFO] 2017-06-09 19:29:00,098: load_parameters starting ...
[roslaunch][INFO] 2017-06-09 19:29:00,111: ... load_parameters complete
[roslaunch][INFO] 2017-06-09 19:29:00,115: launch_nodes: launching local nodes ...
[roslaunch][INFO] 2017-06-09 19:29:00,118: ... launch_nodes complete
[roslaunch.pmon][INFO] 2017-06-09 19:29:00,129: registrations completed <ProcessMonitor(ProcessMonitor-1, started daemon 139651420337920)>
[roslaunch.parent][INFO] 2017-06-09 19:29:00,132: ... roslaunch parent running, waiting for process exit
[roslaunch][INFO] 2017-06-09 19:29:00,137: spin
