[rosmaster.main][INFO] 2017-06-09 18:00:52,882: initialization complete, waiting for shutdown
[rosmaster.main][INFO] 2017-06-09 18:00:52,882: Starting ROS Master Node
[xmlrpc][INFO] 2017-06-09 18:00:52,887: XML-RPC server binding to 0.0.0.0:52701
[xmlrpc][INFO] 2017-06-09 18:00:52,891: Started XML-RPC server [http://ip-172-31-19-100:52701/]
[rosmaster.master][INFO] 2017-06-09 18:00:52,891: Master initialized: port[52701], uri[http://ip-172-31-19-100:52701/]
[xmlrpc][INFO] 2017-06-09 18:00:52,894: xml rpc node: starting XML-RPC server
[rosmaster.master][INFO] 2017-06-09 18:00:52,970: +PARAM [/run_id] by /roslaunch
[rosmaster.master][INFO] 2017-06-09 18:00:52,979: +PARAM [/roslaunch/uris/host_ip_172_31_19_100__39650] by /roslaunch
[rosmaster.master][INFO] 2017-06-09 18:00:53,071: +PARAM [/rosversion] by /roslaunch
[rosmaster.master][INFO] 2017-06-09 18:00:53,075: +PARAM [/rosdistro] by /roslaunch
[rosmaster.master][INFO] 2017-06-09 18:00:53,096: +SERVICE [/rosout/get_loggers] /rosout http://ip-172-31-19-100:41306/
[rosmaster.master][INFO] 2017-06-09 18:00:53,101: +SERVICE [/rosout/set_logger_level] /rosout http://ip-172-31-19-100:41306/
[rosmaster.master][INFO] 2017-06-09 18:00:53,108: +PUB [/rosout_agg] /rosout http://ip-172-31-19-100:41306/
[rosmaster.master][INFO] 2017-06-09 18:00:53,117: +SUB [/rosout] /rosout http://ip-172-31-19-100:41306/
[rosmaster.master][INFO] 2017-06-09 18:00:53,455: +PUB [/rosout] /tf2_web_republisher http://ip-172-31-19-100:57062/
[rosmaster.master][INFO] 2017-06-09 18:00:53,460: +SERVICE [/tf2_web_republisher/get_loggers] /tf2_web_republisher http://ip-172-31-19-100:57062/
[rosmaster.master][INFO] 2017-06-09 18:00:53,464: +SERVICE [/tf2_web_republisher/set_logger_level] /tf2_web_republisher http://ip-172-31-19-100:57062/
[rosmaster.master][INFO] 2017-06-09 18:00:53,474: +SUB [/tf] /tf2_web_republisher http://ip-172-31-19-100:57062/
[rosmaster.master][INFO] 2017-06-09 18:00:53,482: +SUB [/tf_static] /tf2_web_republisher http://ip-172-31-19-100:57062/
[rosmaster.master][INFO] 2017-06-09 18:00:53,486: +SERVICE [/republish_tfs] /tf2_web_republisher http://ip-172-31-19-100:57062/
[rosmaster.master][INFO] 2017-06-09 18:00:53,487: publisherUpdate[/rosout] -> http://ip-172-31-19-100:41306/
[rosmaster.master][INFO] 2017-06-09 18:00:53,491: +PUB [/tf2_web_republisher/result] /tf2_web_republisher http://ip-172-31-19-100:57062/
[rosmaster.master][INFO] 2017-06-09 18:00:53,498: +PUB [/tf2_web_republisher/feedback] /tf2_web_republisher http://ip-172-31-19-100:57062/
[rosmaster.master][INFO] 2017-06-09 18:00:53,502: +PUB [/tf2_web_republisher/status] /tf2_web_republisher http://ip-172-31-19-100:57062/
[rosmaster.master][INFO] 2017-06-09 18:00:53,511: +SUB [/tf2_web_republisher/goal] /tf2_web_republisher http://ip-172-31-19-100:57062/
[rosmaster.master][INFO] 2017-06-09 18:00:53,524: +SUB [/tf2_web_republisher/cancel] /tf2_web_republisher http://ip-172-31-19-100:57062/
[rosmaster.master][INFO] 2017-06-09 18:00:54,894: +PARAM [/roslaunch/uris/host_ip_172_31_19_100__47034] by /roslaunch
[rosmaster.master][INFO] 2017-06-09 18:00:54,903: +PARAM [/rosbridge_websocket/port] by /roslaunch
[rosmaster.master][INFO] 2017-06-09 18:00:54,906: +PARAM [/rosdistro] by /roslaunch
[rosmaster.master][INFO] 2017-06-09 18:00:54,910: +PARAM [/rosbridge_websocket/fragment_timeout] by /roslaunch
[rosmaster.master][INFO] 2017-06-09 18:00:54,913: +PARAM [/rosbridge_websocket/delay_between_messages] by /roslaunch
[rosmaster.master][INFO] 2017-06-09 18:00:54,917: +PARAM [/rosversion] by /roslaunch
[rosmaster.master][INFO] 2017-06-09 18:00:54,920: +PARAM [/rosbridge_websocket/authenticate] by /roslaunch
[rosmaster.master][INFO] 2017-06-09 18:00:54,924: +PARAM [/rosbridge_websocket/retry_startup_delay] by /roslaunch
[rosmaster.master][INFO] 2017-06-09 18:00:54,927: +PARAM [/rosbridge_websocket/address] by /roslaunch
[rosmaster.master][INFO] 2017-06-09 18:00:54,931: +PARAM [/rosbridge_websocket/max_message_size] by /roslaunch
[rosmaster.master][INFO] 2017-06-09 18:00:55,478: +PUB [/rosout] /interactive_marker_proxy http://ip-172-31-19-100:43482/
[rosmaster.master][INFO] 2017-06-09 18:00:55,482: +SERVICE [/interactive_marker_proxy/get_loggers] /interactive_marker_proxy http://ip-172-31-19-100:43482/
[rosmaster.master][INFO] 2017-06-09 18:00:55,487: +SERVICE [/interactive_marker_proxy/set_logger_level] /interactive_marker_proxy http://ip-172-31-19-100:43482/
[rosmaster.master][INFO] 2017-06-09 18:00:55,491: publisherUpdate[/rosout] -> http://ip-172-31-19-100:41306/
[rosmaster.master][INFO] 2017-06-09 18:00:55,498: +SUB [/tf] /interactive_marker_proxy http://ip-172-31-19-100:43482/
[rosmaster.master][INFO] 2017-06-09 18:00:55,502: +PUB [/rosout] /rosapi http://ip-172-31-19-100:33001/
[rosmaster.master][INFO] 2017-06-09 18:00:55,502: publisherUpdate[/rosout] -> http://ip-172-31-19-100:41306/
[rosmaster.master][INFO] 2017-06-09 18:00:55,509: +SUB [/tf_static] /interactive_marker_proxy http://ip-172-31-19-100:43482/
[rosmaster.master][INFO] 2017-06-09 18:00:55,520: +SERVICE [/rosapi/get_loggers] /rosapi http://ip-172-31-19-100:33001/
[rosmaster.master][INFO] 2017-06-09 18:00:55,524: +SUB [/control_markers/update] /interactive_marker_proxy http://ip-172-31-19-100:43482/
[rosmaster.master][INFO] 2017-06-09 18:00:55,528: +SERVICE [/rosapi/set_logger_level] /rosapi http://ip-172-31-19-100:33001/
[rosmaster.master][INFO] 2017-06-09 18:00:55,532: +SUB [/control_markers/update_full] /interactive_marker_proxy http://ip-172-31-19-100:43482/
[rosmaster.master][INFO] 2017-06-09 18:00:55,536: +SERVICE [/rosapi/topics] /rosapi http://ip-172-31-19-100:33001/
[rosmaster.master][INFO] 2017-06-09 18:00:55,542: +SERVICE [/rosapi/topics_for_type] /rosapi http://ip-172-31-19-100:33001/
[rosmaster.master][INFO] 2017-06-09 18:00:55,546: +PUB [/control_markers/tunneled/update] /interactive_marker_proxy http://ip-172-31-19-100:43482/
[rosmaster.master][INFO] 2017-06-09 18:00:55,549: +SERVICE [/rosapi/services] /rosapi http://ip-172-31-19-100:33001/
[rosmaster.master][INFO] 2017-06-09 18:00:55,553: +SERVICE [/control_markers/tunneled/get_init] /interactive_marker_proxy http://ip-172-31-19-100:43482/
[rosmaster.master][INFO] 2017-06-09 18:00:55,557: +SERVICE [/rosapi/services_for_type] /rosapi http://ip-172-31-19-100:33001/
[rosmaster.master][INFO] 2017-06-09 18:00:55,562: +SERVICE [/rosapi/nodes] /rosapi http://ip-172-31-19-100:33001/
[rosmaster.master][INFO] 2017-06-09 18:00:55,566: +SERVICE [/rosapi/node_details] /rosapi http://ip-172-31-19-100:33001/
[rosmaster.master][INFO] 2017-06-09 18:00:55,571: +SERVICE [/rosapi/topic_type] /rosapi http://ip-172-31-19-100:33001/
[rosmaster.master][INFO] 2017-06-09 18:00:55,575: +SERVICE [/rosapi/service_type] /rosapi http://ip-172-31-19-100:33001/
[rosmaster.master][INFO] 2017-06-09 18:00:55,581: +SERVICE [/rosapi/publishers] /rosapi http://ip-172-31-19-100:33001/
[rosmaster.master][INFO] 2017-06-09 18:00:55,585: +SERVICE [/rosapi/subscribers] /rosapi http://ip-172-31-19-100:33001/
[rosmaster.master][INFO] 2017-06-09 18:00:55,590: +SERVICE [/rosapi/service_providers] /rosapi http://ip-172-31-19-100:33001/
[rosmaster.master][INFO] 2017-06-09 18:00:55,594: -SUB [/control_markers/update_full] /interactive_marker_proxy http://ip-172-31-19-100:43482/
[rosmaster.master][INFO] 2017-06-09 18:00:55,598: +SERVICE [/rosapi/service_node] /rosapi http://ip-172-31-19-100:33001/
[rosmaster.master][INFO] 2017-06-09 18:00:55,602: +SERVICE [/rosapi/service_host] /rosapi http://ip-172-31-19-100:33001/
[rosmaster.master][INFO] 2017-06-09 18:00:55,608: +SERVICE [/rosapi/message_details] /rosapi http://ip-172-31-19-100:33001/
[rosmaster.master][INFO] 2017-06-09 18:00:55,616: +SERVICE [/rosapi/service_request_details] /rosapi http://ip-172-31-19-100:33001/
[rosmaster.master][INFO] 2017-06-09 18:00:55,622: +SERVICE [/rosapi/service_response_details] /rosapi http://ip-172-31-19-100:33001/
[rosmaster.master][INFO] 2017-06-09 18:00:55,626: +SERVICE [/rosapi/set_param] /rosapi http://ip-172-31-19-100:33001/
[rosmaster.master][INFO] 2017-06-09 18:00:55,630: +SERVICE [/rosapi/get_param] /rosapi http://ip-172-31-19-100:33001/
[rosmaster.master][INFO] 2017-06-09 18:00:55,635: +SERVICE [/rosapi/has_param] /rosapi http://ip-172-31-19-100:33001/
[rosmaster.master][INFO] 2017-06-09 18:00:55,640: +SERVICE [/rosapi/search_param] /rosapi http://ip-172-31-19-100:33001/
[rosmaster.master][INFO] 2017-06-09 18:00:55,645: +SERVICE [/rosapi/delete_param] /rosapi http://ip-172-31-19-100:33001/
[rosmaster.master][INFO] 2017-06-09 18:00:55,650: +SERVICE [/rosapi/get_param_names] /rosapi http://ip-172-31-19-100:33001/
[rosmaster.master][INFO] 2017-06-09 18:00:55,654: +SERVICE [/rosapi/get_time] /rosapi http://ip-172-31-19-100:33001/
[rosmaster.master][INFO] 2017-06-09 18:00:55,697: +PUB [/rosout] /rosbridge_websocket http://ip-172-31-19-100:42201/
[rosmaster.master][INFO] 2017-06-09 18:00:55,699: publisherUpdate[/rosout] -> http://ip-172-31-19-100:41306/
[rosmaster.master][INFO] 2017-06-09 18:00:55,716: +SERVICE [/rosbridge_websocket/get_loggers] /rosbridge_websocket http://ip-172-31-19-100:42201/
[rosmaster.master][INFO] 2017-06-09 18:00:55,721: +SERVICE [/rosbridge_websocket/set_logger_level] /rosbridge_websocket http://ip-172-31-19-100:42201/
[rosmaster.master][INFO] 2017-06-09 18:00:57,267: +PARAM [/roslaunch/uris/host_ip_172_31_19_100__60171] by /roslaunch
[rosmaster.master][INFO] 2017-06-09 18:00:57,284: +PARAM [/robot_description_kinematics/lwr_arm/kinematics_solver] by /roslaunch
[rosmaster.master][INFO] 2017-06-09 18:00:57,288: +PARAM [/move_group/planner_configs/RRTkConfigDefault/goal_bias] by /roslaunch
[rosmaster.master][INFO] 2017-06-09 18:00:57,299: +PARAM [/robot_description_semantic] by /roslaunch
[rosmaster.master][INFO] 2017-06-09 18:00:57,302: +PARAM [/robot_description_kinematics/lwr_arm/kinematics_solver_attempts] by /roslaunch
[rosmaster.master][INFO] 2017-06-09 18:00:57,306: +PARAM [/robot_description_planning/joint_limits/lwr_arm_6_joint/max_acceleration] by /roslaunch
[rosmaster.master][INFO] 2017-06-09 18:00:57,310: +PARAM [/robot_description_planning/joint_limits/lwr_arm_5_joint/has_acceleration_limits] by /roslaunch
[rosmaster.master][INFO] 2017-06-09 18:00:57,313: +PARAM [/move_group/planner_configs/RRTstarkConfigDefault/range] by /roslaunch
[rosmaster.master][INFO] 2017-06-09 18:00:57,317: +PARAM [/robot_description_planning/joint_limits/lwr_arm_0_joint/max_acceleration] by /roslaunch
[rosmaster.master][INFO] 2017-06-09 18:00:57,320: +PARAM [/robot_description_planning/joint_limits/lwr_arm_0_joint/has_velocity_limits] by /roslaunch
[rosmaster.master][INFO] 2017-06-09 18:00:57,324: +PARAM [/move_group/max_safe_path_cost] by /roslaunch
[rosmaster.master][INFO] 2017-06-09 18:00:57,327: +PARAM [/move_group/planner_configs/RRTstarkConfigDefault/goal_bias] by /roslaunch
[rosmaster.master][INFO] 2017-06-09 18:00:57,331: +PARAM [/move_group/planning_scene_monitor/publish_planning_scene] by /roslaunch
[rosmaster.master][INFO] 2017-06-09 18:00:57,334: +PARAM [/move_group/planner_configs/PRMkConfigDefault/type] by /roslaunch
[rosmaster.master][INFO] 2017-06-09 18:00:57,338: +PARAM [/move_group/planner_configs/ESTkConfigDefault/range] by /roslaunch
[rosmaster.master][INFO] 2017-06-09 18:00:57,342: +PARAM [/robot_description_planning/joint_limits/lwr_arm_2_joint/max_acceleration] by /roslaunch
[rosmaster.master][INFO] 2017-06-09 18:00:57,345: +PARAM [/move_group/planner_configs/KPIECEkConfigDefault/min_valid_path_fraction] by /roslaunch
[rosmaster.master][INFO] 2017-06-09 18:00:57,352: +PARAM [/move_group/planner_configs/BKPIECEkConfigDefault/border_fraction] by /roslaunch
[rosmaster.master][INFO] 2017-06-09 18:00:57,356: +PARAM [/move_group/planner_configs/PRMkConfigDefault/max_nearest_neighbors] by /roslaunch
[rosmaster.master][INFO] 2017-06-09 18:00:57,359: +PARAM [/move_group/planner_configs/TRRTkConfigDefault/goal_bias] by /roslaunch
[rosmaster.master][INFO] 2017-06-09 18:00:57,363: +PARAM [/move_group/planner_configs/BKPIECEkConfigDefault/min_valid_path_fraction] by /roslaunch
[rosmaster.master][INFO] 2017-06-09 18:00:57,367: +PARAM [/robot_description_planning/joint_limits/lwr_arm_2_joint/has_velocity_limits] by /roslaunch
[rosmaster.master][INFO] 2017-06-09 18:00:57,370: +PARAM [/robot_description_planning/joint_limits/lwr_arm_3_joint/max_velocity] by /roslaunch
[rosmaster.master][INFO] 2017-06-09 18:00:57,374: +PARAM [/robot_description_planning/joint_limits/lwr_arm_4_joint/max_acceleration] by /roslaunch
[rosmaster.master][INFO] 2017-06-09 18:00:57,378: +PARAM [/robot_description_planning/joint_limits/lwr_arm_0_joint/max_velocity] by /roslaunch
[rosmaster.master][INFO] 2017-06-09 18:00:57,382: +PARAM [/move_group/planner_configs/SBLkConfigDefault/range] by /roslaunch
[rosmaster.master][INFO] 2017-06-09 18:00:57,385: +PARAM [/move_group/planner_configs/TRRTkConfigDefault/frountierNodeRatio] by /roslaunch
[rosmaster.master][INFO] 2017-06-09 18:00:57,389: +PARAM [/robot_description_planning/joint_limits/lwr_arm_6_joint/has_acceleration_limits] by /roslaunch
[rosmaster.master][INFO] 2017-06-09 18:00:57,393: +PARAM [/move_group/planning_plugin] by /roslaunch
[rosmaster.master][INFO] 2017-06-09 18:00:57,405: +PARAM [/move_group/planning_scene_monitor/publish_geometry_updates] by /roslaunch
[rosmaster.master][INFO] 2017-06-09 18:00:57,409: +PARAM [/robot_description_planning/joint_limits/lwr_arm_3_joint/max_acceleration] by /roslaunch
[rosmaster.master][INFO] 2017-06-09 18:00:57,412: +PARAM [/move_group/planner_configs/TRRTkConfigDefault/max_states_failed] by /roslaunch
[rosmaster.master][INFO] 2017-06-09 18:00:57,416: +PARAM [/robot_description_planning/joint_limits/lwr_arm_3_joint/has_velocity_limits] by /roslaunch
[rosmaster.master][INFO] 2017-06-09 18:00:57,419: +PARAM [/robot_description_kinematics/lwr_arm/kinematics_solver_timeout] by /roslaunch
[rosmaster.master][INFO] 2017-06-09 18:00:57,423: +PARAM [/move_group/lwr_arm/projection_evaluator] by /roslaunch
[rosmaster.master][INFO] 2017-06-09 18:00:57,426: +PARAM [/robot_description_planning/joint_limits/lwr_arm_1_joint/has_acceleration_limits] by /roslaunch
[rosmaster.master][INFO] 2017-06-09 18:00:57,430: +PARAM [/rosdistro] by /roslaunch
[rosmaster.master][INFO] 2017-06-09 18:00:57,433: +PARAM [/robot_description_planning/joint_limits/lwr_arm_5_joint/max_velocity] by /roslaunch
[rosmaster.master][INFO] 2017-06-09 18:00:57,437: +PARAM [/move_group/planner_configs/PRMstarkConfigDefault/type] by /roslaunch
[rosmaster.master][INFO] 2017-06-09 18:00:57,440: +PARAM [/move_group/planner_configs/RRTkConfigDefault/range] by /roslaunch
[rosmaster.master][INFO] 2017-06-09 18:00:57,444: +PARAM [/move_group/allow_trajectory_execution] by /roslaunch
[rosmaster.master][INFO] 2017-06-09 18:00:57,448: +PARAM [/move_group/lwr_arm/planner_configs] by /roslaunch
[rosmaster.master][INFO] 2017-06-09 18:00:57,451: +PARAM [/move_group/planner_configs/ESTkConfigDefault/type] by /roslaunch
[rosmaster.master][INFO] 2017-06-09 18:00:57,455: +PARAM [/move_group/start_state_max_bounds_error] by /roslaunch
[rosmaster.master][INFO] 2017-06-09 18:00:57,459: +PARAM [/move_group/planner_configs/TRRTkConfigDefault/init_temperature] by /roslaunch
[rosmaster.master][INFO] 2017-06-09 18:00:57,463: +PARAM [/move_group/planner_configs/BKPIECEkConfigDefault/type] by /roslaunch
[rosmaster.master][INFO] 2017-06-09 18:00:57,466: +PARAM [/move_group/planner_configs/KPIECEkConfigDefault/border_fraction] by /roslaunch
[rosmaster.master][INFO] 2017-06-09 18:00:57,470: +PARAM [/robot_description_planning/joint_limits/lwr_arm_4_joint/has_velocity_limits] by /roslaunch
[rosmaster.master][INFO] 2017-06-09 18:00:57,473: +PARAM [/move_group/planner_configs/ESTkConfigDefault/goal_bias] by /roslaunch
[rosmaster.master][INFO] 2017-06-09 18:00:57,477: +PARAM [/move_group/planner_configs/LBKPIECEkConfigDefault/border_fraction] by /roslaunch
[rosmaster.master][INFO] 2017-06-09 18:00:57,481: +PARAM [/move_group/jiggle_fraction] by /roslaunch
[rosmaster.master][INFO] 2017-06-09 18:00:57,485: +PARAM [/move_group/planner_configs/TRRTkConfigDefault/range] by /roslaunch
[rosmaster.master][INFO] 2017-06-09 18:00:57,489: +PARAM [/move_group/planning_scene_monitor/publish_state_updates] by /roslaunch
[rosmaster.master][INFO] 2017-06-09 18:00:57,493: +PARAM [/move_group/planner_configs/TRRTkConfigDefault/temp_change_factor] by /roslaunch
[rosmaster.master][INFO] 2017-06-09 18:00:57,497: +PARAM [/robot_description_planning/joint_limits/lwr_arm_6_joint/max_velocity] by /roslaunch
[rosmaster.master][INFO] 2017-06-09 18:00:57,501: +PARAM [/robot_description_planning/joint_limits/lwr_arm_1_joint/max_velocity] by /roslaunch
[rosmaster.master][INFO] 2017-06-09 18:00:57,504: +PARAM [/move_group/planner_configs/SBLkConfigDefault/type] by /roslaunch
[rosmaster.master][INFO] 2017-06-09 18:00:57,507: +PARAM [/robot_description] by /roslaunch
[rosmaster.master][INFO] 2017-06-09 18:00:57,511: +PARAM [/move_group/capabilities] by /roslaunch
[rosmaster.master][INFO] 2017-06-09 18:00:57,514: +PARAM [/move_group/planner_configs/LBKPIECEkConfigDefault/range] by /roslaunch
[rosmaster.master][INFO] 2017-06-09 18:00:57,518: +PARAM [/robot_description_planning/joint_limits/lwr_arm_5_joint/max_acceleration] by /roslaunch
[rosmaster.master][INFO] 2017-06-09 18:00:57,521: +PARAM [/move_group/planner_configs/KPIECEkConfigDefault/range] by /roslaunch
[rosmaster.master][INFO] 2017-06-09 18:00:57,525: +PARAM [/move_group/planner_configs/BKPIECEkConfigDefault/range] by /roslaunch
[rosmaster.master][INFO] 2017-06-09 18:00:57,528: +PARAM [/move_group/planner_configs/TRRTkConfigDefault/type] by /roslaunch
[rosmaster.master][INFO] 2017-06-09 18:00:57,532: +PARAM [/move_group/planner_configs/KPIECEkConfigDefault/goal_bias] by /roslaunch
[rosmaster.master][INFO] 2017-06-09 18:00:57,535: +PARAM [/move_group/planner_configs/RRTConnectkConfigDefault/range] by /roslaunch
[rosmaster.master][INFO] 2017-06-09 18:00:57,540: +PARAM [/move_group/request_adapters] by /roslaunch
[rosmaster.master][INFO] 2017-06-09 18:00:57,544: +PARAM [/move_group/planner_configs/TRRTkConfigDefault/min_temperature] by /roslaunch
[rosmaster.master][INFO] 2017-06-09 18:00:57,547: +PARAM [/robot_description_planning/joint_limits/lwr_arm_6_joint/has_velocity_limits] by /roslaunch
[rosmaster.master][INFO] 2017-06-09 18:00:57,551: +PARAM [/robot_description_planning/joint_limits/lwr_arm_1_joint/has_velocity_limits] by /roslaunch
[rosmaster.master][INFO] 2017-06-09 18:00:57,554: +PARAM [/move_group/planner_configs/KPIECEkConfigDefault/failed_expansion_score_factor] by /roslaunch
[rosmaster.master][INFO] 2017-06-09 18:00:57,557: +PARAM [/move_group/planning_scene_monitor/publish_transforms_updates] by /roslaunch
[rosmaster.master][INFO] 2017-06-09 18:00:57,561: +PARAM [/robot_description_planning/joint_limits/lwr_arm_5_joint/has_velocity_limits] by /roslaunch
[rosmaster.master][INFO] 2017-06-09 18:00:57,565: +PARAM [/robot_description_planning/joint_limits/lwr_arm_3_joint/has_acceleration_limits] by /roslaunch
[rosmaster.master][INFO] 2017-06-09 18:00:57,568: +PARAM [/move_group/planner_configs/RRTstarkConfigDefault/type] by /roslaunch
[rosmaster.master][INFO] 2017-06-09 18:00:57,572: +PARAM [/move_group/lwr_arm/longest_valid_segment_fraction] by /roslaunch
[rosmaster.master][INFO] 2017-06-09 18:00:57,575: +PARAM [/move_group/planner_configs/RRTstarkConfigDefault/delay_collision_checking] by /roslaunch
[rosmaster.master][INFO] 2017-06-09 18:00:57,579: +PARAM [/move_group/planner_configs/KPIECEkConfigDefault/type] by /roslaunch
[rosmaster.master][INFO] 2017-06-09 18:00:57,582: +PARAM [/robot_description_kinematics/lwr_arm/kinematics_solver_search_resolution] by /roslaunch
[rosmaster.master][INFO] 2017-06-09 18:00:57,586: +PARAM [/move_group/planner_configs/RRTConnectkConfigDefault/type] by /roslaunch
[rosmaster.master][INFO] 2017-06-09 18:00:57,589: +PARAM [/robot_description_planning/joint_limits/lwr_arm_2_joint/has_acceleration_limits] by /roslaunch
[rosmaster.master][INFO] 2017-06-09 18:00:57,593: +PARAM [/move_group/planner_configs/BKPIECEkConfigDefault/failed_expansion_score_factor] by /roslaunch
[rosmaster.master][INFO] 2017-06-09 18:00:57,596: +PARAM [/robot_description_planning/joint_limits/lwr_arm_2_joint/max_velocity] by /roslaunch
[rosmaster.master][INFO] 2017-06-09 18:00:57,600: +PARAM [/move_group/planner_configs/LBKPIECEkConfigDefault/min_valid_path_fraction] by /roslaunch
[rosmaster.master][INFO] 2017-06-09 18:00:57,603: +PARAM [/rosversion] by /roslaunch
[rosmaster.master][INFO] 2017-06-09 18:00:57,607: +PARAM [/robot_description_planning/joint_limits/lwr_arm_4_joint/max_velocity] by /roslaunch
[rosmaster.master][INFO] 2017-06-09 18:00:57,611: +PARAM [/robot_description_planning/joint_limits/lwr_arm_4_joint/has_acceleration_limits] by /roslaunch
[rosmaster.master][INFO] 2017-06-09 18:00:57,624: +PARAM [/robot_description_planning/joint_limits/lwr_arm_0_joint/has_acceleration_limits] by /roslaunch
[rosmaster.master][INFO] 2017-06-09 18:00:57,627: +PARAM [/robot_description_planning/joint_limits/lwr_arm_1_joint/max_acceleration] by /roslaunch
[rosmaster.master][INFO] 2017-06-09 18:00:57,631: +PARAM [/move_group/planner_configs/TRRTkConfigDefault/k_constant] by /roslaunch
[rosmaster.master][INFO] 2017-06-09 18:00:57,635: +PARAM [/move_group/planner_configs/TRRTkConfigDefault/frountier_threshold] by /roslaunch
[rosmaster.master][INFO] 2017-06-09 18:00:57,638: +PARAM [/move_group/planner_configs/LBKPIECEkConfigDefault/type] by /roslaunch
[rosmaster.master][INFO] 2017-06-09 18:00:57,642: +PARAM [/move_group/planner_configs/RRTkConfigDefault/type] by /roslaunch
[rosmaster.master][INFO] 2017-06-09 18:00:58,144: +PUB [/rosout] /robot_sim http://ip-172-31-19-100:38886/
[rosmaster.master][INFO] 2017-06-09 18:00:58,149: +SERVICE [/robot_sim/get_loggers] /robot_sim http://ip-172-31-19-100:38886/
[rosmaster.master][INFO] 2017-06-09 18:00:58,156: +SERVICE [/robot_sim/set_logger_level] /robot_sim http://ip-172-31-19-100:38886/
[rosmaster.master][INFO] 2017-06-09 18:00:58,170: +PUB [/joint_states] /robot_sim http://ip-172-31-19-100:38886/
[rosmaster.master][INFO] 2017-06-09 18:00:58,182: +SUB [/joint_velocities] /robot_sim http://ip-172-31-19-100:38886/
[rosmaster.master][INFO] 2017-06-09 18:00:58,193: +SUB [/joint_positions] /robot_sim http://ip-172-31-19-100:38886/
[rosmaster.master][INFO] 2017-06-09 18:00:58,196: publisherUpdate[/rosout] -> http://ip-172-31-19-100:41306/
[rosmaster.master][INFO] 2017-06-09 18:00:58,203: +PUB [/rosout] /robot_state_publisher http://ip-172-31-19-100:42786/
[rosmaster.master][INFO] 2017-06-09 18:00:58,204: publisherUpdate[/rosout] -> http://ip-172-31-19-100:41306/
[rosmaster.master][INFO] 2017-06-09 18:00:58,209: +SERVICE [/robot_state_publisher/get_loggers] /robot_state_publisher http://ip-172-31-19-100:42786/
[rosmaster.master][INFO] 2017-06-09 18:00:58,216: +SUB [/joint_command] /robot_sim http://ip-172-31-19-100:38886/
[rosmaster.master][INFO] 2017-06-09 18:00:58,221: +SERVICE [/robot_state_publisher/set_logger_level] /robot_state_publisher http://ip-172-31-19-100:42786/
[rosmaster.master][INFO] 2017-06-09 18:00:58,227: +SUB [/joint_trajectory] /robot_sim http://ip-172-31-19-100:38886/
[rosmaster.master][INFO] 2017-06-09 18:00:58,235: +PUB [/tf] /robot_state_publisher http://ip-172-31-19-100:42786/
[rosmaster.master][INFO] 2017-06-09 18:00:58,241: +PUB [/tf_static] /robot_state_publisher http://ip-172-31-19-100:42786/
[rosmaster.master][INFO] 2017-06-09 18:00:58,256: +SUB [/joint_states] /robot_state_publisher http://ip-172-31-19-100:42786/
[rosmaster.master][INFO] 2017-06-09 18:00:58,312: publisherUpdate[/tf] -> http://ip-172-31-19-100:57062/
[rosmaster.master][INFO] 2017-06-09 18:00:58,314: publisherUpdate[/tf] -> http://ip-172-31-19-100:43482/
[rosmaster.master][INFO] 2017-06-09 18:00:58,321: publisherUpdate[/tf_static] -> http://ip-172-31-19-100:57062/
[rosmaster.master][INFO] 2017-06-09 18:00:58,324: publisherUpdate[/tf_static] -> http://ip-172-31-19-100:43482/
[rosmaster.master][INFO] 2017-06-09 18:00:58,419: +PUB [/rosout] /move_group http://ip-172-31-19-100:37720/
[rosmaster.master][INFO] 2017-06-09 18:00:58,419: publisherUpdate[/rosout] -> http://ip-172-31-19-100:41306/
[rosmaster.master][INFO] 2017-06-09 18:00:58,424: +SERVICE [/move_group/get_loggers] /move_group http://ip-172-31-19-100:37720/
[rosmaster.master][INFO] 2017-06-09 18:00:58,431: +SERVICE [/move_group/set_logger_level] /move_group http://ip-172-31-19-100:37720/
[rosmaster.master][INFO] 2017-06-09 18:00:58,442: +SUB [/tf] /move_group http://ip-172-31-19-100:37720/
[rosmaster.master][INFO] 2017-06-09 18:00:58,452: +SUB [/tf_static] /move_group http://ip-172-31-19-100:37720/
[rosmaster.master][INFO] 2017-06-09 18:00:58,638: +PUB [/rosout] /move_group_commander_wrappers_1497056458633089920 http://ip-172-31-19-100:58372/
[rosmaster.master][INFO] 2017-06-09 18:00:58,643: +SERVICE [/move_group_commander_wrappers_1497056458633089920/get_loggers] /move_group_commander_wrappers_1497056458633089920 http://ip-172-31-19-100:58372/
[rosmaster.master][INFO] 2017-06-09 18:00:58,647: +SERVICE [/move_group_commander_wrappers_1497056458633089920/set_logger_level] /move_group_commander_wrappers_1497056458633089920 http://ip-172-31-19-100:58372/
[rosmaster.master][INFO] 2017-06-09 18:00:58,716: +SERVICE [/move_group/planning_scene_monitor/set_parameters] /move_group http://ip-172-31-19-100:37720/
[rosmaster.master][INFO] 2017-06-09 18:00:58,721: +PUB [/move_group/planning_scene_monitor/parameter_descriptions] /move_group http://ip-172-31-19-100:37720/
[rosmaster.master][INFO] 2017-06-09 18:00:58,726: +PUB [/move_group/planning_scene_monitor/parameter_updates] /move_group http://ip-172-31-19-100:37720/
[rosmaster.master][INFO] 2017-06-09 18:00:58,727: publisherUpdate[/rosout] -> http://ip-172-31-19-100:41306/
[rosmaster.master][INFO] 2017-06-09 18:00:58,736: +PARAM [/move_group/planning_scene_monitor/publish_planning_scene] by /move_group
[rosmaster.master][INFO] 2017-06-09 18:00:58,742: +PARAM [/move_group/planning_scene_monitor/publish_planning_scene_hz] by /move_group
[rosmaster.master][INFO] 2017-06-09 18:00:58,746: +PARAM [/move_group/planning_scene_monitor/publish_geometry_updates] by /move_group
[rosmaster.master][INFO] 2017-06-09 18:00:58,750: +PARAM [/move_group/planning_scene_monitor/publish_state_updates] by /move_group
[rosmaster.master][INFO] 2017-06-09 18:00:58,757: +PARAM [/move_group/planning_scene_monitor/publish_transforms_updates] by /move_group
[rosmaster.master][INFO] 2017-06-09 18:00:58,762: +PUB [/move_group/monitored_planning_scene] /move_group http://ip-172-31-19-100:37720/
[rosmaster.master][INFO] 2017-06-09 18:00:58,766: +PARAM [/move_group/planning_scene_monitor/publish_planning_scene] by /move_group
[rosmaster.master][INFO] 2017-06-09 18:00:58,771: +PARAM [/move_group/planning_scene_monitor/publish_planning_scene_hz] by /move_group
[rosmaster.master][INFO] 2017-06-09 18:00:58,776: +PARAM [/move_group/planning_scene_monitor/publish_geometry_updates] by /move_group
[rosmaster.master][INFO] 2017-06-09 18:00:58,784: +PARAM [/move_group/planning_scene_monitor/publish_state_updates] by /move_group
[rosmaster.master][INFO] 2017-06-09 18:00:58,790: +PARAM [/move_group/planning_scene_monitor/publish_transforms_updates] by /move_group
[rosmaster.master][INFO] 2017-06-09 18:00:58,799: +SUB [/planning_scene] /move_group http://ip-172-31-19-100:37720/
[rosmaster.master][INFO] 2017-06-09 18:00:58,810: +SUB [/collision_object] /move_group http://ip-172-31-19-100:37720/
[rosmaster.master][INFO] 2017-06-09 18:00:58,821: +SUB [/planning_scene_world] /move_group http://ip-172-31-19-100:37720/
[rosmaster.master][INFO] 2017-06-09 18:00:58,829: +SERVICE [/move_group/save_map] /move_group http://ip-172-31-19-100:37720/
[rosmaster.master][INFO] 2017-06-09 18:00:58,835: +PUB [/rosout] /marker_control_9450_1497056458652 http://ip-172-31-19-100:37719/
[rosmaster.master][INFO] 2017-06-09 18:00:58,835: publisherUpdate[/rosout] -> http://ip-172-31-19-100:41306/
[rosmaster.master][INFO] 2017-06-09 18:00:58,839: +SERVICE [/move_group/load_map] /move_group http://ip-172-31-19-100:37720/
[rosmaster.master][INFO] 2017-06-09 18:00:58,848: +SERVICE [/marker_control_9450_1497056458652/get_loggers] /marker_control_9450_1497056458652 http://ip-172-31-19-100:37719/
[rosmaster.master][INFO] 2017-06-09 18:00:58,856: +SERVICE [/marker_control_9450_1497056458652/set_logger_level] /marker_control_9450_1497056458652 http://ip-172-31-19-100:37719/
[rosmaster.master][INFO] 2017-06-09 18:00:58,861: +SUB [/joint_states] /move_group http://ip-172-31-19-100:37720/
[rosmaster.master][INFO] 2017-06-09 18:00:58,865: +PUB [/planning_scene] /move_group_commander_wrappers_1497056458633089920 http://ip-172-31-19-100:58372/
[rosmaster.master][INFO] 2017-06-09 18:00:58,869: +PUB [/collision_object] /marker_control_9450_1497056458652 http://ip-172-31-19-100:37719/
[rosmaster.master][INFO] 2017-06-09 18:00:58,874: +SUB [/attached_collision_object] /move_group http://ip-172-31-19-100:37720/
[rosmaster.master][INFO] 2017-06-09 18:00:58,877: +PUB [/attached_collision_object] /marker_control_9450_1497056458652 http://ip-172-31-19-100:37719/
[rosmaster.master][INFO] 2017-06-09 18:00:58,883: +PUB [/visualization_marker_array] /marker_control_9450_1497056458652 http://ip-172-31-19-100:37719/
[rosmaster.master][INFO] 2017-06-09 18:00:58,889: +PUB [/motion_planning_goal] /marker_control_9450_1497056458652 http://ip-172-31-19-100:37719/
[rosmaster.master][INFO] 2017-06-09 18:00:58,896: +SUB [/joint_trajectory] /marker_control_9450_1497056458652 http://ip-172-31-19-100:37719/
[rosmaster.master][INFO] 2017-06-09 18:00:58,906: +PUB [/control_markers/update_full] /marker_control_9450_1497056458652 http://ip-172-31-19-100:37719/
[rosmaster.master][INFO] 2017-06-09 18:00:58,910: +PUB [/control_markers/update] /marker_control_9450_1497056458652 http://ip-172-31-19-100:37719/
[rosmaster.master][INFO] 2017-06-09 18:00:58,916: +SUB [/control_markers/feedback] /marker_control_9450_1497056458652 http://ip-172-31-19-100:37719/
[rosmaster.master][INFO] 2017-06-09 18:00:58,928: publisherUpdate[/planning_scene] -> http://ip-172-31-19-100:37720/
[rosmaster.master][INFO] 2017-06-09 18:00:58,931: publisherUpdate[/control_markers/update] -> http://ip-172-31-19-100:43482/
[rosmaster.master][INFO] 2017-06-09 18:00:58,934: publisherUpdate[/collision_object] -> http://ip-172-31-19-100:37720/
[rosmaster.master][INFO] 2017-06-09 18:00:58,941: publisherUpdate[/attached_collision_object] -> http://ip-172-31-19-100:37720/
[rosmaster.master][INFO] 2017-06-09 18:00:58,986: +SERVICE [/move_group/ompl/set_parameters] /move_group http://ip-172-31-19-100:37720/
[rosmaster.master][INFO] 2017-06-09 18:00:58,991: +PUB [/move_group/ompl/parameter_descriptions] /move_group http://ip-172-31-19-100:37720/
[rosmaster.master][INFO] 2017-06-09 18:00:58,995: +PUB [/move_group/ompl/parameter_updates] /move_group http://ip-172-31-19-100:37720/
[rosmaster.master][INFO] 2017-06-09 18:00:59,008: +PARAM [/move_group/ompl/simplify_solutions] by /move_group
[rosmaster.master][INFO] 2017-06-09 18:00:59,013: +PARAM [/move_group/ompl/minimum_waypoint_count] by /move_group
[rosmaster.master][INFO] 2017-06-09 18:00:59,026: +PARAM [/move_group/ompl/maximum_waypoint_distance] by /move_group
[rosmaster.master][INFO] 2017-06-09 18:00:59,030: +PARAM [/move_group/ompl/link_for_exploration_tree] by /move_group
[rosmaster.master][INFO] 2017-06-09 18:00:59,035: +PARAM [/move_group/ompl/display_random_valid_states] by /move_group
[rosmaster.master][INFO] 2017-06-09 18:00:59,040: +PARAM [/move_group/ompl/simplify_solutions] by /move_group
[rosmaster.master][INFO] 2017-06-09 18:00:59,045: +PARAM [/move_group/ompl/minimum_waypoint_count] by /move_group
[rosmaster.master][INFO] 2017-06-09 18:00:59,049: +PARAM [/move_group/ompl/maximum_waypoint_distance] by /move_group
[rosmaster.master][INFO] 2017-06-09 18:00:59,054: +PARAM [/move_group/ompl/link_for_exploration_tree] by /move_group
[rosmaster.master][INFO] 2017-06-09 18:00:59,059: +PARAM [/move_group/ompl/display_random_valid_states] by /move_group
[rosmaster.master][INFO] 2017-06-09 18:00:59,111: +PUB [/move_group/display_planned_path] /move_group http://ip-172-31-19-100:37720/
[rosmaster.master][INFO] 2017-06-09 18:00:59,116: +PUB [/move_group/display_contacts] /move_group http://ip-172-31-19-100:37720/
[rosmaster.master][INFO] 2017-06-09 18:00:59,172: +SERVICE [/apply_planning_scene] /move_group http://ip-172-31-19-100:37720/
[rosmaster.master][INFO] 2017-06-09 18:00:59,177: +SERVICE [/clear_octomap] /move_group http://ip-172-31-19-100:37720/
[rosmaster.master][INFO] 2017-06-09 18:00:59,182: +SERVICE [/compute_cartesian_path] /move_group http://ip-172-31-19-100:37720/
[rosmaster.master][INFO] 2017-06-09 18:00:59,186: +SERVICE [/execute_kinematic_path] /move_group http://ip-172-31-19-100:37720/
[rosmaster.master][INFO] 2017-06-09 18:00:59,196: +PUB [/execute_trajectory/result] /move_group http://ip-172-31-19-100:37720/
[rosmaster.master][INFO] 2017-06-09 18:00:59,200: +PUB [/execute_trajectory/feedback] /move_group http://ip-172-31-19-100:37720/
[rosmaster.master][INFO] 2017-06-09 18:00:59,205: +PUB [/execute_trajectory/status] /move_group http://ip-172-31-19-100:37720/
[rosmaster.master][INFO] 2017-06-09 18:00:59,218: +SUB [/execute_trajectory/goal] /move_group http://ip-172-31-19-100:37720/
[rosmaster.master][INFO] 2017-06-09 18:00:59,229: +SUB [/execute_trajectory/cancel] /move_group http://ip-172-31-19-100:37720/
[rosmaster.master][INFO] 2017-06-09 18:00:59,234: +SERVICE [/get_planning_scene] /move_group http://ip-172-31-19-100:37720/
[rosmaster.master][INFO] 2017-06-09 18:00:59,239: +SERVICE [/compute_fk] /move_group http://ip-172-31-19-100:37720/
[rosmaster.master][INFO] 2017-06-09 18:00:59,243: +SERVICE [/compute_ik] /move_group http://ip-172-31-19-100:37720/
[rosmaster.master][INFO] 2017-06-09 18:00:59,250: +PUB [/move_group/result] /move_group http://ip-172-31-19-100:37720/
[rosmaster.master][INFO] 2017-06-09 18:00:59,255: +PUB [/move_group/feedback] /move_group http://ip-172-31-19-100:37720/
[rosmaster.master][INFO] 2017-06-09 18:00:59,260: +PUB [/move_group/status] /move_group http://ip-172-31-19-100:37720/
[rosmaster.master][INFO] 2017-06-09 18:00:59,272: +SUB [/move_group/goal] /move_group http://ip-172-31-19-100:37720/
[rosmaster.master][INFO] 2017-06-09 18:00:59,281: +SUB [/move_group/cancel] /move_group http://ip-172-31-19-100:37720/
[rosmaster.master][INFO] 2017-06-09 18:00:59,331: +PUB [/pickup/result] /move_group http://ip-172-31-19-100:37720/
[rosmaster.master][INFO] 2017-06-09 18:00:59,337: +PUB [/pickup/feedback] /move_group http://ip-172-31-19-100:37720/
[rosmaster.master][INFO] 2017-06-09 18:00:59,341: +PUB [/pickup/status] /move_group http://ip-172-31-19-100:37720/
[rosmaster.master][INFO] 2017-06-09 18:00:59,356: +SUB [/pickup/goal] /move_group http://ip-172-31-19-100:37720/
[rosmaster.master][INFO] 2017-06-09 18:00:59,367: +SUB [/pickup/cancel] /move_group http://ip-172-31-19-100:37720/
[rosmaster.master][INFO] 2017-06-09 18:00:59,374: +PUB [/place/result] /move_group http://ip-172-31-19-100:37720/
[rosmaster.master][INFO] 2017-06-09 18:00:59,378: +PUB [/place/feedback] /move_group http://ip-172-31-19-100:37720/
[rosmaster.master][INFO] 2017-06-09 18:00:59,383: +PUB [/place/status] /move_group http://ip-172-31-19-100:37720/
[rosmaster.master][INFO] 2017-06-09 18:00:59,398: +SUB [/place/goal] /move_group http://ip-172-31-19-100:37720/
[rosmaster.master][INFO] 2017-06-09 18:00:59,408: +SUB [/place/cancel] /move_group http://ip-172-31-19-100:37720/
[rosmaster.master][INFO] 2017-06-09 18:00:59,413: +SERVICE [/plan_kinematic_path] /move_group http://ip-172-31-19-100:37720/
[rosmaster.master][INFO] 2017-06-09 18:00:59,417: +SERVICE [/query_planner_interface] /move_group http://ip-172-31-19-100:37720/
[rosmaster.master][INFO] 2017-06-09 18:00:59,423: +SERVICE [/check_state_validity] /move_group http://ip-172-31-19-100:37720/
[rosmaster.master][INFO] 2017-06-09 18:00:59,428: +SUB [/control_markers/update_full] /interactive_marker_proxy http://ip-172-31-19-100:43482/
[rosmaster.master][INFO] 2017-06-09 18:00:59,560: -SUB [/control_markers/update_full] /interactive_marker_proxy http://ip-172-31-19-100:43482/
[rosmaster.master][INFO] 2017-06-09 18:01:47,278: +PUB [/tf2_web_republisher/goal] /rosbridge_websocket http://ip-172-31-19-100:42201/
[rosmaster.master][INFO] 2017-06-09 18:01:47,286: +PUB [/tf2_web_republisher/cancel] /rosbridge_websocket http://ip-172-31-19-100:42201/
[rosmaster.master][INFO] 2017-06-09 18:01:47,294: +SUB [/tf2_web_republisher/feedback] /rosbridge_websocket http://ip-172-31-19-100:42201/
[rosmaster.master][INFO] 2017-06-09 18:01:47,316: +SUB [/visualization_marker_array] /rosbridge_websocket http://ip-172-31-19-100:42201/
[rosmaster.master][INFO] 2017-06-09 18:01:47,320: publisherUpdate[/tf2_web_republisher/goal] -> http://ip-172-31-19-100:57062/
[rosmaster.master][INFO] 2017-06-09 18:01:47,330: +SUB [/control_markers/tunneled/update] /rosbridge_websocket http://ip-172-31-19-100:42201/
[rosmaster.master][INFO] 2017-06-09 18:01:47,344: +PUB [/control_markers/feedback] /rosbridge_websocket http://ip-172-31-19-100:42201/
[rosmaster.master][INFO] 2017-06-09 18:01:47,354: publisherUpdate[/tf2_web_republisher/cancel] -> http://ip-172-31-19-100:57062/
[rosmaster.master][INFO] 2017-06-09 18:01:47,359: publisherUpdate[/control_markers/feedback] -> http://ip-172-31-19-100:37719/
[rosmaster.master][INFO] 2017-06-09 18:04:20,578: +PUB [/rosout] /move_group_commander_wrappers_1497056660573585230 http://ip-172-31-19-100:41140/
[rosmaster.master][INFO] 2017-06-09 18:04:20,580: +SERVICE [/move_group_commander_wrappers_1497056660573585230/get_loggers] /move_group_commander_wrappers_1497056660573585230 http://ip-172-31-19-100:41140/
[rosmaster.master][INFO] 2017-06-09 18:04:20,584: publisherUpdate[/rosout] -> http://ip-172-31-19-100:41306/
[rosmaster.master][INFO] 2017-06-09 18:04:20,584: +SERVICE [/move_group_commander_wrappers_1497056660573585230/set_logger_level] /move_group_commander_wrappers_1497056660573585230 http://ip-172-31-19-100:41140/
[rosmaster.master][INFO] 2017-06-09 18:04:20,761: +PUB [/rosout] /move_arm_11666_1497056660593 http://ip-172-31-19-100:34779/
[rosmaster.master][INFO] 2017-06-09 18:04:20,775: +SERVICE [/move_arm_11666_1497056660593/get_loggers] /move_arm_11666_1497056660593 http://ip-172-31-19-100:34779/
[rosmaster.master][INFO] 2017-06-09 18:04:20,780: +SERVICE [/move_arm_11666_1497056660593/set_logger_level] /move_arm_11666_1497056660593 http://ip-172-31-19-100:34779/
[rosmaster.master][INFO] 2017-06-09 18:04:20,785: publisherUpdate[/rosout] -> http://ip-172-31-19-100:41306/
[rosmaster.master][INFO] 2017-06-09 18:04:20,786: +SUB [/joint_states] /move_arm_11666_1497056660593 http://ip-172-31-19-100:34779/
[rosmaster.master][INFO] 2017-06-09 18:04:20,795: +SUB [/motion_planning_goal] /move_arm_11666_1497056660593 http://ip-172-31-19-100:34779/
[rosmaster.master][INFO] 2017-06-09 18:04:20,801: +PUB [/joint_trajectory] /move_arm_11666_1497056660593 http://ip-172-31-19-100:34779/
[rosmaster.master][INFO] 2017-06-09 18:04:20,824: publisherUpdate[/joint_trajectory] -> http://ip-172-31-19-100:38886/
[rosmaster.master][INFO] 2017-06-09 18:04:20,832: publisherUpdate[/joint_trajectory] -> http://ip-172-31-19-100:37719/
[rosmaster.master][INFO] 2017-06-09 18:04:20,980: +SUB [/tf] /move_group_commander_wrappers_1497056660573585230 http://ip-172-31-19-100:41140/
[rosmaster.master][INFO] 2017-06-09 18:04:20,989: +SUB [/tf_static] /move_group_commander_wrappers_1497056660573585230 http://ip-172-31-19-100:41140/
[rosmaster.master][INFO] 2017-06-09 18:04:20,995: +PUB [/planning_scene] /move_group_commander_wrappers_1497056660573585230 http://ip-172-31-19-100:41140/
[rosmaster.master][INFO] 2017-06-09 18:04:21,001: +PUB [/collision_object] /move_arm_11666_1497056660593 http://ip-172-31-19-100:34779/
[rosmaster.master][INFO] 2017-06-09 18:04:21,007: +PUB [/attached_collision_object] /move_arm_11666_1497056660593 http://ip-172-31-19-100:34779/
[rosmaster.master][INFO] 2017-06-09 18:04:21,012: +PUB [/trajectory_execution_event] /move_group_commander_wrappers_1497056660573585230 http://ip-172-31-19-100:41140/
[rosmaster.master][INFO] 2017-06-09 18:04:21,016: +PUB [/attached_collision_object] /move_group_commander_wrappers_1497056660573585230 http://ip-172-31-19-100:41140/
[rosmaster.master][INFO] 2017-06-09 18:04:21,026: +SUB [/move_group/status] /move_group_commander_wrappers_1497056660573585230 http://ip-172-31-19-100:41140/
[rosmaster.master][INFO] 2017-06-09 18:04:21,035: +SUB [/move_group/feedback] /move_group_commander_wrappers_1497056660573585230 http://ip-172-31-19-100:41140/
[rosmaster.master][INFO] 2017-06-09 18:04:21,046: +SUB [/move_group/result] /move_group_commander_wrappers_1497056660573585230 http://ip-172-31-19-100:41140/
[rosmaster.master][INFO] 2017-06-09 18:04:21,049: publisherUpdate[/planning_scene] -> http://ip-172-31-19-100:37720/
[rosmaster.master][INFO] 2017-06-09 18:04:21,051: +PUB [/move_group/goal] /move_group_commander_wrappers_1497056660573585230 http://ip-172-31-19-100:41140/
[rosmaster.master][INFO] 2017-06-09 18:04:21,064: publisherUpdate[/collision_object] -> http://ip-172-31-19-100:37720/
[rosmaster.master][INFO] 2017-06-09 18:04:21,067: +PUB [/move_group/cancel] /move_group_commander_wrappers_1497056660573585230 http://ip-172-31-19-100:41140/
[rosmaster.master][INFO] 2017-06-09 18:04:21,071: publisherUpdate[/attached_collision_object] -> http://ip-172-31-19-100:37720/
[rosmaster.master][INFO] 2017-06-09 18:04:21,078: publisherUpdate[/attached_collision_object] -> http://ip-172-31-19-100:37720/
[rosmaster.master][INFO] 2017-06-09 18:04:21,082: publisherUpdate[/move_group/goal] -> http://ip-172-31-19-100:37720/
[rosmaster.master][INFO] 2017-06-09 18:04:21,087: publisherUpdate[/move_group/cancel] -> http://ip-172-31-19-100:37720/
[rosmaster.master][INFO] 2017-06-09 18:04:21,301: +SUB [/pickup/status] /move_group_commander_wrappers_1497056660573585230 http://ip-172-31-19-100:41140/
[rosmaster.master][INFO] 2017-06-09 18:04:21,310: +SUB [/pickup/feedback] /move_group_commander_wrappers_1497056660573585230 http://ip-172-31-19-100:41140/
[rosmaster.master][INFO] 2017-06-09 18:04:21,317: +SUB [/pickup/result] /move_group_commander_wrappers_1497056660573585230 http://ip-172-31-19-100:41140/
[rosmaster.master][INFO] 2017-06-09 18:04:21,322: +PUB [/pickup/goal] /move_group_commander_wrappers_1497056660573585230 http://ip-172-31-19-100:41140/
[rosmaster.master][INFO] 2017-06-09 18:04:21,327: +PUB [/pickup/cancel] /move_group_commander_wrappers_1497056660573585230 http://ip-172-31-19-100:41140/
[rosmaster.master][INFO] 2017-06-09 18:04:21,391: publisherUpdate[/pickup/goal] -> http://ip-172-31-19-100:37720/
[rosmaster.master][INFO] 2017-06-09 18:04:21,396: publisherUpdate[/pickup/cancel] -> http://ip-172-31-19-100:37720/
[rosmaster.master][INFO] 2017-06-09 18:04:21,509: +SUB [/place/status] /move_group_commander_wrappers_1497056660573585230 http://ip-172-31-19-100:41140/
[rosmaster.master][INFO] 2017-06-09 18:04:21,518: +SUB [/place/feedback] /move_group_commander_wrappers_1497056660573585230 http://ip-172-31-19-100:41140/
[rosmaster.master][INFO] 2017-06-09 18:04:21,527: +SUB [/place/result] /move_group_commander_wrappers_1497056660573585230 http://ip-172-31-19-100:41140/
[rosmaster.master][INFO] 2017-06-09 18:04:21,532: +PUB [/place/goal] /move_group_commander_wrappers_1497056660573585230 http://ip-172-31-19-100:41140/
[rosmaster.master][INFO] 2017-06-09 18:04:21,536: +PUB [/place/cancel] /move_group_commander_wrappers_1497056660573585230 http://ip-172-31-19-100:41140/
[rosmaster.master][INFO] 2017-06-09 18:04:21,592: publisherUpdate[/place/goal] -> http://ip-172-31-19-100:37720/
[rosmaster.master][INFO] 2017-06-09 18:04:21,605: publisherUpdate[/place/cancel] -> http://ip-172-31-19-100:37720/
[rosmaster.master][INFO] 2017-06-09 18:04:21,819: +SUB [/execute_trajectory/status] /move_group_commander_wrappers_1497056660573585230 http://ip-172-31-19-100:41140/
[rosmaster.master][INFO] 2017-06-09 18:04:21,828: +SUB [/execute_trajectory/feedback] /move_group_commander_wrappers_1497056660573585230 http://ip-172-31-19-100:41140/
[rosmaster.master][INFO] 2017-06-09 18:04:21,837: +SUB [/execute_trajectory/result] /move_group_commander_wrappers_1497056660573585230 http://ip-172-31-19-100:41140/
[rosmaster.master][INFO] 2017-06-09 18:04:21,841: +PUB [/execute_trajectory/goal] /move_group_commander_wrappers_1497056660573585230 http://ip-172-31-19-100:41140/
[rosmaster.master][INFO] 2017-06-09 18:04:21,846: +PUB [/execute_trajectory/cancel] /move_group_commander_wrappers_1497056660573585230 http://ip-172-31-19-100:41140/
[rosmaster.master][INFO] 2017-06-09 18:04:21,855: -SUB [/execute_trajectory/status] /move_group_commander_wrappers_1497056660573585230 http://ip-172-31-19-100:41140/
[rosmaster.master][INFO] 2017-06-09 18:04:21,859: -PUB [/execute_trajectory/cancel] /move_group_commander_wrappers_1497056660573585230 http://ip-172-31-19-100:41140/
[rosmaster.master][INFO] 2017-06-09 18:04:21,864: -PUB [/execute_trajectory/goal] /move_group_commander_wrappers_1497056660573585230 http://ip-172-31-19-100:41140/
[rosmaster.master][INFO] 2017-06-09 18:04:21,869: -SUB [/execute_trajectory/feedback] /move_group_commander_wrappers_1497056660573585230 http://ip-172-31-19-100:41140/
[rosmaster.master][INFO] 2017-06-09 18:04:21,873: -SUB [/execute_trajectory/result] /move_group_commander_wrappers_1497056660573585230 http://ip-172-31-19-100:41140/
[rosmaster.master][INFO] 2017-06-09 18:04:21,893: publisherUpdate[/execute_trajectory/goal] -> http://ip-172-31-19-100:37720/
[rosmaster.master][INFO] 2017-06-09 18:04:21,897: publisherUpdate[/execute_trajectory/cancel] -> http://ip-172-31-19-100:37720/
[rosmaster.master][INFO] 2017-06-09 18:04:21,901: publisherUpdate[/execute_trajectory/cancel] -> http://ip-172-31-19-100:37720/
[rosmaster.master][INFO] 2017-06-09 18:04:21,905: publisherUpdate[/execute_trajectory/goal] -> http://ip-172-31-19-100:37720/
