[roslaunch][INFO] 2017-06-09 18:00:54,649: Checking log directory for disk usage. This may take awhile.
Press Ctrl-C to interrupt
[roslaunch][INFO] 2017-06-09 18:00:54,676: Done checking log file disk usage. Usage is <1GB.
[roslaunch][INFO] 2017-06-09 18:00:54,676: roslaunch starting with args ['/opt/ros/indigo/bin/roslaunch', 'rosbridge_server', 'rosbridge_websocket.launch', 'port:=48041']
[roslaunch][INFO] 2017-06-09 18:00:54,680: roslaunch env is {'ROS_DISTRO': 'indigo', 'ASNLIB': '/home/ccc_v1_s54106__48606/asn13529_Project_5/asn13530_Project_4/asnlib', 'LIB': '/home/ccc_v1_s54106__48606/lib', 'PKG_CONFIG_PATH': '/opt/ros/indigo/lib/pkgconfig:/opt/ros/indigo/lib/x86_64-linux-gnu/pkgconfig', 'SSH_CLIENT': '172.31.7.153 55840 22', 'CPATH': '/opt/ros/indigo/include', 'LOGNAME': 'ccc_v1_w_dd4cc_18220', 'USER': 'ccc_v1_w_dd4cc_18220', 'ROS_NODE_PORT': '52701', 'HOME': '/home/ccc_v1_w_dd4cc_18220/asn13529_Project_5/asn13530_Project_4/work', 'PATH': '/opt/ros/indigo/bin:/usr/local/sbin:/usr/local/bin:/usr/sbin:/usr/bin:/sbin:/bin:/usr/games:/usr/local/games:/home/local/bin:/home/ccc_v1_s54106__48606/lib:/home/ccc_v1_s54106__48606/asn13529_Project_5/asn13530_Project_4/asnlib:/home/vlibs:.', 'CMAKE_PREFIX_PATH': '/opt/ros/indigo', 'LD_LIBRARY_PATH': '/opt/ros/indigo/lib:/opt/ros/indigo/lib/x86_64-linux-gnu:/home/ccc_v1_s54106__48606/lib:/home/ccc_v1_s54106__48606/asn13529_Project_5/asn13530_Project_4/asnlib:/home/vlibs', 'LANG': 'en_US.UTF-8', 'TERM': 'xterm-256color', 'SHELL': '/bin/bash', 'HISTFILE': '/home/ccc_v1_w_dd4cc_18220/.bash_history', 'SHLVL': '2', 'VOC_WORKAREA': '/home/ccc_v1_w_dd4cc_18220/asn13529_Project_5/asn13530_Project_4/work', 'ROS_LOG_FILENAME': '/home/ccc_v1_w_dd4cc_18220/asn13529_Project_5/asn13530_Project_4/work/.ros/log/4012cd22-4d78-11e7-a941-06f360e4abc1/roslaunch-ip-172-31-19-100-9247.log', 'PART1': '/home/ccc_v1_s54106__48606/asn13529_Project_5/asn13530_Project_4', 'ROS_ETC_DIR': '/opt/ros/indigo/etc/ros', 'XDG_RUNTIME_DIR': '/run/user/18220', 'PYTHONPATH': '/opt/ros/indigo/lib/python2.7/dist-packages:/home/vlibs/python', 'VOC_PROXY_WRAPPER_PORT': '5100', 'VOC_XFER_TOKEN': '13843782414354243542135300593b44b9968a55.37568157', 'ROS_ROOT': '/opt/ros/indigo/share/ros', 'OLD_HOME': '/home/ccc_v1_w_dd4cc_18220', 'VOC_PROXY_TOKEN': '49679165343542435421353001593b44b9a28502.22707076', 'ROS_PACKAGE_PATH': '/opt/ros/indigo/share:/opt/ros/indigo/stacks', 'XDG_SESSION_ID': '317453', '_': '/usr/bin/stdbuf', 'LD_PRELOAD': '/usr/lib/coreutils/libstdbuf.so', '_STDBUF_O': 'L', 'SSH_TTY': '/dev/pts/6', 'OLDPWD': '/home/ccc_v1_w_dd4cc_18220', 'ROSLISP_PACKAGE_DIRECTORIES': '', 'VLIB': '/home/vlibs', 'PWD': '/home/ccc_v1_w_dd4cc_18220/asn13529_Project_5/asn13530_Project_4/work', 'VOC_PROXY_ID': '43542_43542_13530_0_1', 'ROS_MASTER_URI': 'http://localhost:52701', 'MAIL': '/var/mail/ccc_v1_w_dd4cc_18220', 'SSH_CONNECTION': '172.31.7.153 55840 172.31.19.100 22'}
[roslaunch][INFO] 2017-06-09 18:00:54,683: starting in server mode
[roslaunch.parent][INFO] 2017-06-09 18:00:54,687: starting roslaunch parent run
[roslaunch][INFO] 2017-06-09 18:00:54,690: loading roscore config file /opt/ros/indigo/etc/ros/roscore.xml
[roslaunch][INFO] 2017-06-09 18:00:54,806: Added core node of type [rosout/rosout] in namespace [/]
[roslaunch.config][INFO] 2017-06-09 18:00:54,807: loading config file /opt/ros/indigo/share/rosbridge_server/launch/rosbridge_websocket.launch
[roslaunch][INFO] 2017-06-09 18:00:54,817: Added node of type [rosbridge_server/rosbridge_websocket] in namespace [/]
[roslaunch][INFO] 2017-06-09 18:00:54,822: Added node of type [rosapi/rosapi_node] in namespace [/]
[roslaunch][INFO] 2017-06-09 18:00:54,825: ... selected machine [] for node of type [rosbridge_server/rosbridge_websocket]
[roslaunch][INFO] 2017-06-09 18:00:54,829: ... selected machine [] for node of type [rosapi/rosapi_node]
[roslaunch.pmon][INFO] 2017-06-09 18:00:54,833: start_process_monitor: creating ProcessMonitor
[roslaunch.pmon][INFO] 2017-06-09 18:00:54,836: created process monitor <ProcessMonitor(ProcessMonitor-1, initial daemon)>
[roslaunch.pmon][INFO] 2017-06-09 18:00:54,840: start_process_monitor: ProcessMonitor started
[roslaunch.parent][INFO] 2017-06-09 18:00:54,843: starting parent XML-RPC server
[roslaunch.server][INFO] 2017-06-09 18:00:54,847: starting roslaunch XML-RPC server
[roslaunch.server][INFO] 2017-06-09 18:00:54,850: waiting for roslaunch XML-RPC server to initialize
[xmlrpc][INFO] 2017-06-09 18:00:54,850: XML-RPC server binding to 0.0.0.0:0
[xmlrpc][INFO] 2017-06-09 18:00:54,857: Started XML-RPC server [http://ip-172-31-19-100:47034/]
[xmlrpc][INFO] 2017-06-09 18:00:54,861: xml rpc node: starting XML-RPC server
[roslaunch][INFO] 2017-06-09 18:00:54,867: started roslaunch server http://ip-172-31-19-100:47034/
[roslaunch.parent][INFO] 2017-06-09 18:00:54,871: ... parent XML-RPC server started
[roslaunch][INFO] 2017-06-09 18:00:54,875: master.is_running[http://localhost:52701]
[roslaunch][INFO] 2017-06-09 18:00:54,880: master.is_running[http://localhost:52701]
[roslaunch][INFO] 2017-06-09 18:00:54,885: ROS_MASTER_URI=http://localhost:52701
[roslaunch][INFO] 2017-06-09 18:00:54,890: setting /roslaunch/uris/host_ip_172_31_19_100__47034' to http://ip-172-31-19-100:47034/
[roslaunch][INFO] 2017-06-09 18:00:54,896: load_parameters starting ...
[roslaunch][INFO] 2017-06-09 18:00:54,935: ... load_parameters complete
[roslaunch][INFO] 2017-06-09 18:00:54,939: launch_nodes: launching local nodes ...
[roslaunch][INFO] 2017-06-09 18:00:54,943: ... preparing to launch node of type [rosbridge_server/rosbridge_websocket]
[roslaunch][INFO] 2017-06-09 18:00:54,946: create_node_process: package[rosbridge_server] type[rosbridge_websocket] machine[Machine(name[] env_loader[None] address[localhost] ssh_port[22] user[None] assignable[True] timeout[10.0])] master_uri[http://localhost:52701]
[roslaunch][INFO] 2017-06-09 18:00:54,950: process[rosbridge_websocket-1]: env[{'ROS_DISTRO': 'indigo', 'ASNLIB': '/home/ccc_v1_s54106__48606/asn13529_Project_5/asn13530_Project_4/asnlib', 'LIB': '/home/ccc_v1_s54106__48606/lib', 'VOC_PROXY_TOKEN': '49679165343542435421353001593b44b9a28502.22707076', 'SSH_CLIENT': '172.31.7.153 55840 22', 'CPATH': '/opt/ros/indigo/include', 'LOGNAME': 'ccc_v1_w_dd4cc_18220', 'USER': 'ccc_v1_w_dd4cc_18220', 'ROS_NODE_PORT': '52701', 'HOME': '/home/ccc_v1_w_dd4cc_18220/asn13529_Project_5/asn13530_Project_4/work', 'PATH': '/opt/ros/indigo/bin:/usr/local/sbin:/usr/local/bin:/usr/sbin:/usr/bin:/sbin:/bin:/usr/games:/usr/local/games:/home/local/bin:/home/ccc_v1_s54106__48606/lib:/home/ccc_v1_s54106__48606/asn13529_Project_5/asn13530_Project_4/asnlib:/home/vlibs:.', 'CMAKE_PREFIX_PATH': '/opt/ros/indigo', 'ROS_LOG_FILENAME': '/home/ccc_v1_w_dd4cc_18220/asn13529_Project_5/asn13530_Project_4/work/.ros/log/4012cd22-4d78-11e7-a941-06f360e4abc1/roslaunch-ip-172-31-19-100-9247.log', 'LANG': 'en_US.UTF-8', 'TERM': 'xterm-256color', 'SHELL': '/bin/bash', 'HISTFILE': '/home/ccc_v1_w_dd4cc_18220/.bash_history', 'SHLVL': '2', 'VOC_WORKAREA': '/home/ccc_v1_w_dd4cc_18220/asn13529_Project_5/asn13530_Project_4/work', 'LD_LIBRARY_PATH': '/opt/ros/indigo/lib:/opt/ros/indigo/lib/x86_64-linux-gnu:/home/ccc_v1_s54106__48606/lib:/home/ccc_v1_s54106__48606/asn13529_Project_5/asn13530_Project_4/asnlib:/home/vlibs', 'PART1': '/home/ccc_v1_s54106__48606/asn13529_Project_5/asn13530_Project_4', 'ROS_MASTER_URI': 'http://localhost:52701', 'XDG_RUNTIME_DIR': '/run/user/18220', 'PYTHONPATH': '/opt/ros/indigo/lib/python2.7/dist-packages:/home/vlibs/python', 'VOC_PROXY_WRAPPER_PORT': '5100', 'VOC_XFER_TOKEN': '13843782414354243542135300593b44b9968a55.37568157', 'ROS_ROOT': '/opt/ros/indigo/share/ros', 'OLD_HOME': '/home/ccc_v1_w_dd4cc_18220', 'PKG_CONFIG_PATH': '/opt/ros/indigo/lib/pkgconfig:/opt/ros/indigo/lib/x86_64-linux-gnu/pkgconfig', 'ROS_PACKAGE_PATH': '/opt/ros/indigo/share:/opt/ros/indigo/stacks', 'XDG_SESSION_ID': '317453', '_': '/usr/bin/stdbuf', 'LD_PRELOAD': '/usr/lib/coreutils/libstdbuf.so', '_STDBUF_O': 'L', 'SSH_TTY': '/dev/pts/6', 'OLDPWD': '/home/ccc_v1_w_dd4cc_18220', 'ROSLISP_PACKAGE_DIRECTORIES': '', 'VLIB': '/home/vlibs', 'PWD': '/home/ccc_v1_w_dd4cc_18220/asn13529_Project_5/asn13530_Project_4/work', 'VOC_PROXY_ID': '43542_43542_13530_0_1', 'ROS_ETC_DIR': '/opt/ros/indigo/etc/ros', 'MAIL': '/var/mail/ccc_v1_w_dd4cc_18220', 'SSH_CONNECTION': '172.31.7.153 55840 172.31.19.100 22'}]
[roslaunch][INFO] 2017-06-09 18:00:54,985: process[rosbridge_websocket-1]: args[[u'/opt/ros/indigo/lib/rosbridge_server/rosbridge_websocket', u'__name:=rosbridge_websocket']]
[roslaunch][INFO] 2017-06-09 18:00:54,989: ... created process [rosbridge_websocket-1]
[roslaunch.pmon][INFO] 2017-06-09 18:00:54,992: ProcessMonitor.register[rosbridge_websocket-1]
[roslaunch.pmon][INFO] 2017-06-09 18:00:54,996: ProcessMonitor.register[rosbridge_websocket-1] complete
[roslaunch][INFO] 2017-06-09 18:00:54,999: ... registered process [rosbridge_websocket-1]
[roslaunch][INFO] 2017-06-09 18:00:55,003: process[rosbridge_websocket-1]: starting os process
[roslaunch][INFO] 2017-06-09 18:00:55,007: process[rosbridge_websocket-1]: start w/ args [[u'/opt/ros/indigo/lib/rosbridge_server/rosbridge_websocket', u'__name:=rosbridge_websocket', u'__log:=/home/ccc_v1_w_dd4cc_18220/asn13529_Project_5/asn13530_Project_4/work/.ros/log/4012cd22-4d78-11e7-a941-06f360e4abc1/rosbridge_websocket-1.log']]
[roslaunch][INFO] 2017-06-09 18:00:55,011: process[rosbridge_websocket-1]: cwd will be [/home/ccc_v1_w_dd4cc_18220/asn13529_Project_5/asn13530_Project_4/work/.ros]
[roslaunch][INFO] 2017-06-09 18:00:55,021: process[rosbridge_websocket-1]: started with pid [9266]
[roslaunch][INFO] 2017-06-09 18:00:55,022: ... successfully launched [rosbridge_websocket-1]
[roslaunch][INFO] 2017-06-09 18:00:55,031: ... preparing to launch node of type [rosapi/rosapi_node]
[roslaunch][INFO] 2017-06-09 18:00:55,035: create_node_process: package[rosapi] type[rosapi_node] machine[Machine(name[] env_loader[None] address[localhost] ssh_port[22] user[None] assignable[True] timeout[10.0])] master_uri[http://localhost:52701]
[roslaunch][INFO] 2017-06-09 18:00:55,038: process[rosapi-2]: env[{'ROS_DISTRO': 'indigo', 'ASNLIB': '/home/ccc_v1_s54106__48606/asn13529_Project_5/asn13530_Project_4/asnlib', 'LIB': '/home/ccc_v1_s54106__48606/lib', 'VOC_PROXY_TOKEN': '49679165343542435421353001593b44b9a28502.22707076', 'SSH_CLIENT': '172.31.7.153 55840 22', 'CPATH': '/opt/ros/indigo/include', 'LOGNAME': 'ccc_v1_w_dd4cc_18220', 'USER': 'ccc_v1_w_dd4cc_18220', 'ROS_NODE_PORT': '52701', 'HOME': '/home/ccc_v1_w_dd4cc_18220/asn13529_Project_5/asn13530_Project_4/work', 'PATH': '/opt/ros/indigo/bin:/usr/local/sbin:/usr/local/bin:/usr/sbin:/usr/bin:/sbin:/bin:/usr/games:/usr/local/games:/home/local/bin:/home/ccc_v1_s54106__48606/lib:/home/ccc_v1_s54106__48606/asn13529_Project_5/asn13530_Project_4/asnlib:/home/vlibs:.', 'CMAKE_PREFIX_PATH': '/opt/ros/indigo', 'ROS_LOG_FILENAME': '/home/ccc_v1_w_dd4cc_18220/asn13529_Project_5/asn13530_Project_4/work/.ros/log/4012cd22-4d78-11e7-a941-06f360e4abc1/roslaunch-ip-172-31-19-100-9247.log', 'LANG': 'en_US.UTF-8', 'TERM': 'xterm-256color', 'SHELL': '/bin/bash', 'HISTFILE': '/home/ccc_v1_w_dd4cc_18220/.bash_history', 'SHLVL': '2', 'VOC_WORKAREA': '/home/ccc_v1_w_dd4cc_18220/asn13529_Project_5/asn13530_Project_4/work', 'LD_LIBRARY_PATH': '/opt/ros/indigo/lib:/opt/ros/indigo/lib/x86_64-linux-gnu:/home/ccc_v1_s54106__48606/lib:/home/ccc_v1_s54106__48606/asn13529_Project_5/asn13530_Project_4/asnlib:/home/vlibs', 'PART1': '/home/ccc_v1_s54106__48606/asn13529_Project_5/asn13530_Project_4', 'ROS_MASTER_URI': 'http://localhost:52701', 'XDG_RUNTIME_DIR': '/run/user/18220', 'PYTHONPATH': '/opt/ros/indigo/lib/python2.7/dist-packages:/home/vlibs/python', 'VOC_PROXY_WRAPPER_PORT': '5100', 'VOC_XFER_TOKEN': '13843782414354243542135300593b44b9968a55.37568157', 'ROS_ROOT': '/opt/ros/indigo/share/ros', 'OLD_HOME': '/home/ccc_v1_w_dd4cc_18220', 'PKG_CONFIG_PATH': '/opt/ros/indigo/lib/pkgconfig:/opt/ros/indigo/lib/x86_64-linux-gnu/pkgconfig', 'ROS_PACKAGE_PATH': '/opt/ros/indigo/share:/opt/ros/indigo/stacks', 'XDG_SESSION_ID': '317453', '_': '/usr/bin/stdbuf', 'LD_PRELOAD': '/usr/lib/coreutils/libstdbuf.so', '_STDBUF_O': 'L', 'SSH_TTY': '/dev/pts/6', 'OLDPWD': '/home/ccc_v1_w_dd4cc_18220', 'ROSLISP_PACKAGE_DIRECTORIES': '', 'VLIB': '/home/vlibs', 'PWD': '/home/ccc_v1_w_dd4cc_18220/asn13529_Project_5/asn13530_Project_4/work', 'VOC_PROXY_ID': '43542_43542_13530_0_1', 'ROS_ETC_DIR': '/opt/ros/indigo/etc/ros', 'MAIL': '/var/mail/ccc_v1_w_dd4cc_18220', 'SSH_CONNECTION': '172.31.7.153 55840 172.31.19.100 22'}]
[roslaunch][INFO] 2017-06-09 18:00:55,043: process[rosapi-2]: args[[u'/opt/ros/indigo/lib/rosapi/rosapi_node', u'__name:=rosapi']]
[roslaunch][INFO] 2017-06-09 18:00:55,046: ... created process [rosapi-2]
[roslaunch.pmon][INFO] 2017-06-09 18:00:55,050: ProcessMonitor.register[rosapi-2]
[roslaunch.pmon][INFO] 2017-06-09 18:00:55,053: ProcessMonitor.register[rosapi-2] complete
[roslaunch][INFO] 2017-06-09 18:00:55,056: ... registered process [rosapi-2]
[roslaunch][INFO] 2017-06-09 18:00:55,060: process[rosapi-2]: starting os process
[roslaunch][INFO] 2017-06-09 18:00:55,066: process[rosapi-2]: start w/ args [[u'/opt/ros/indigo/lib/rosapi/rosapi_node', u'__name:=rosapi', u'__log:=/home/ccc_v1_w_dd4cc_18220/asn13529_Project_5/asn13530_Project_4/work/.ros/log/4012cd22-4d78-11e7-a941-06f360e4abc1/rosapi-2.log']]
[roslaunch][INFO] 2017-06-09 18:00:55,069: process[rosapi-2]: cwd will be [/home/ccc_v1_w_dd4cc_18220/asn13529_Project_5/asn13530_Project_4/work/.ros]
[roslaunch][INFO] 2017-06-09 18:00:55,078: process[rosapi-2]: started with pid [9267]
[roslaunch][INFO] 2017-06-09 18:00:55,079: ... successfully launched [rosapi-2]
[roslaunch][INFO] 2017-06-09 18:00:55,085: ... launch_nodes complete
[roslaunch.pmon][INFO] 2017-06-09 18:00:55,089: registrations completed <ProcessMonitor(ProcessMonitor-1, started daemon 140310370068224)>
[roslaunch.parent][INFO] 2017-06-09 18:00:55,092: ... roslaunch parent running, waiting for process exit
[roslaunch][INFO] 2017-06-09 18:00:55,096: spin
