[roslaunch][INFO] 2017-06-09 18:00:56,583: Checking log directory for disk usage. This may take awhile.
Press Ctrl-C to interrupt
[roslaunch][INFO] 2017-06-09 18:00:56,614: Done checking log file disk usage. Usage is <1GB.
[roslaunch][INFO] 2017-06-09 18:00:56,614: roslaunch starting with args ['/opt/ros/indigo/bin/roslaunch', '-p', '52701', 'motion_planning', 'mp.launch']
[roslaunch][INFO] 2017-06-09 18:00:56,618: roslaunch env is {'ROS_DISTRO': 'indigo', 'ASNLIB': '/home/ccc_v1_s54106__48606/asn13529_Project_5/asn13530_Project_4/asnlib', 'LIB': '/home/ccc_v1_s54106__48606/lib', 'PKG_CONFIG_PATH': '/home/ccc_v1_w_dd4cc_18220/asn13529_Project_5/asn13530_Project_4/work/catkin_ws/devel/lib/pkgconfig:/opt/ros/indigo/lib/x86_64-linux-gnu/pkgconfig:/opt/ros/indigo/lib/pkgconfig', 'SSH_CLIENT': '172.31.7.153 55840 22', 'CPATH': '/opt/ros/indigo/include', 'LOGNAME': 'ccc_v1_w_dd4cc_18220', 'USER': 'ccc_v1_w_dd4cc_18220', 'ROS_NODE_PORT': '52701', 'HOME': '/home/ccc_v1_w_dd4cc_18220/asn13529_Project_5/asn13530_Project_4/work', 'PATH': '/opt/ros/indigo/bin:/usr/local/sbin:/usr/local/bin:/usr/sbin:/usr/bin:/sbin:/bin:/usr/games:/usr/local/games:/home/local/bin:/home/ccc_v1_s54106__48606/lib:/home/ccc_v1_s54106__48606/asn13529_Project_5/asn13530_Project_4/asnlib:/home/vlibs:.', 'CMAKE_PREFIX_PATH': '/home/ccc_v1_w_dd4cc_18220/asn13529_Project_5/asn13530_Project_4/work/catkin_ws/devel:/opt/ros/indigo', 'LD_LIBRARY_PATH': '/home/ccc_v1_w_dd4cc_18220/asn13529_Project_5/asn13530_Project_4/work/catkin_ws/devel/lib:/opt/ros/indigo/lib/x86_64-linux-gnu:/opt/ros/indigo/lib:/home/ccc_v1_s54106__48606/lib:/home/ccc_v1_s54106__48606/asn13529_Project_5/asn13530_Project_4/asnlib:/home/vlibs', 'LANG': 'en_US.UTF-8', 'TERM': 'xterm-256color', 'SHELL': '/bin/bash', 'HISTFILE': '/home/ccc_v1_w_dd4cc_18220/.bash_history', 'SHLVL': '2', 'VOC_WORKAREA': '/home/ccc_v1_w_dd4cc_18220/asn13529_Project_5/asn13530_Project_4/work', 'ROS_LOG_FILENAME': '/home/ccc_v1_w_dd4cc_18220/asn13529_Project_5/asn13530_Project_4/work/.ros/log/4012cd22-4d78-11e7-a941-06f360e4abc1/roslaunch-ip-172-31-19-100-9425.log', 'PART1': '/home/ccc_v1_s54106__48606/asn13529_Project_5/asn13530_Project_4', 'ROS_ETC_DIR': '/opt/ros/indigo/etc/ros', 'XDG_RUNTIME_DIR': '/run/user/18220', 'PYTHONPATH': '/opt/ros/indigo/lib/python2.7/dist-packages:/home/vlibs/python', 'VOC_PROXY_WRAPPER_PORT': '5100', 'VOC_XFER_TOKEN': '13843782414354243542135300593b44b9968a55.37568157', 'ROS_ROOT': '/opt/ros/indigo/share/ros', 'OLD_HOME': '/home/ccc_v1_w_dd4cc_18220', 'VOC_PROXY_TOKEN': '49679165343542435421353001593b44b9a28502.22707076', 'ROS_PACKAGE_PATH': '/home/ccc_v1_w_dd4cc_18220/asn13529_Project_5/asn13530_Project_4/work/catkin_ws/src:/opt/ros/indigo/share:/opt/ros/indigo/stacks', 'XDG_SESSION_ID': '317453', '_': '/usr/bin/stdbuf', 'LD_PRELOAD': '/usr/lib/coreutils/libstdbuf.so', '_STDBUF_O': 'L', 'SSH_TTY': '/dev/pts/6', 'OLDPWD': '/home/ccc_v1_w_dd4cc_18220/asn13529_Project_5/asn13530_Project_4/work/catkin_ws', 'ROSLISP_PACKAGE_DIRECTORIES': '/home/ccc_v1_w_dd4cc_18220/asn13529_Project_5/asn13530_Project_4/work/catkin_ws/devel/share/common-lisp', 'VLIB': '/home/vlibs', 'PWD': '/home/ccc_v1_w_dd4cc_18220/asn13529_Project_5/asn13530_Project_4/work', 'VOC_PROXY_ID': '43542_43542_13530_0_1', 'ROS_MASTER_URI': 'http://localhost:52701', 'MAIL': '/var/mail/ccc_v1_w_dd4cc_18220', 'SSH_CONNECTION': '172.31.7.153 55840 172.31.19.100 22'}
[roslaunch][INFO] 2017-06-09 18:00:56,622: starting in server mode
[roslaunch.parent][INFO] 2017-06-09 18:00:56,625: starting roslaunch parent run
[roslaunch][INFO] 2017-06-09 18:00:56,630: loading roscore config file /opt/ros/indigo/etc/ros/roscore.xml
[roslaunch][INFO] 2017-06-09 18:00:56,767: Added core node of type [rosout/rosout] in namespace [/]
[roslaunch.config][INFO] 2017-06-09 18:00:56,768: loading config file /home/ccc_v1_w_dd4cc_18220/asn13529_Project_5/asn13530_Project_4/work/catkin_ws/src/motion_planning/launch/mp.launch
[roslaunch][INFO] 2017-06-09 18:00:57,091: Added node of type [robot_sim/robot_sim_bringup] in namespace [/]
[roslaunch][INFO] 2017-06-09 18:00:57,092: Added node of type [robot_state_publisher/robot_state_publisher] in namespace [/]
[roslaunch][INFO] 2017-06-09 18:00:57,171: Added node of type [moveit_ros_move_group/move_group] in namespace [/]
[roslaunch][INFO] 2017-06-09 18:00:57,175: ... selected machine [] for node of type [robot_sim/robot_sim_bringup]
[roslaunch][INFO] 2017-06-09 18:00:57,178: ... selected machine [] for node of type [robot_state_publisher/robot_state_publisher]
[roslaunch][INFO] 2017-06-09 18:00:57,190: ... selected machine [] for node of type [moveit_ros_move_group/move_group]
[roslaunch.pmon][INFO] 2017-06-09 18:00:57,195: start_process_monitor: creating ProcessMonitor
[roslaunch.pmon][INFO] 2017-06-09 18:00:57,198: created process monitor <ProcessMonitor(ProcessMonitor-1, initial daemon)>
[roslaunch.pmon][INFO] 2017-06-09 18:00:57,202: start_process_monitor: ProcessMonitor started
[roslaunch.parent][INFO] 2017-06-09 18:00:57,205: starting parent XML-RPC server
[roslaunch.server][INFO] 2017-06-09 18:00:57,210: starting roslaunch XML-RPC server
[roslaunch.server][INFO] 2017-06-09 18:00:57,214: waiting for roslaunch XML-RPC server to initialize
[xmlrpc][INFO] 2017-06-09 18:00:57,214: XML-RPC server binding to 0.0.0.0:0
[xmlrpc][INFO] 2017-06-09 18:00:57,221: Started XML-RPC server [http://ip-172-31-19-100:60171/]
[xmlrpc][INFO] 2017-06-09 18:00:57,225: xml rpc node: starting XML-RPC server
[roslaunch][INFO] 2017-06-09 18:00:57,234: started roslaunch server http://ip-172-31-19-100:60171/
[roslaunch.parent][INFO] 2017-06-09 18:00:57,238: ... parent XML-RPC server started
[roslaunch][INFO] 2017-06-09 18:00:57,242: master.is_running[http://ip-172-31-19-100:52701/]
[roslaunch][INFO] 2017-06-09 18:00:57,250: master.is_running[http://ip-172-31-19-100:52701/]
[roslaunch][INFO] 2017-06-09 18:00:57,256: ROS_MASTER_URI=http://ip-172-31-19-100:52701/
[roslaunch][INFO] 2017-06-09 18:00:57,261: setting /roslaunch/uris/host_ip_172_31_19_100__60171' to http://ip-172-31-19-100:60171/
[roslaunch][INFO] 2017-06-09 18:00:57,269: load_parameters starting ...
[roslaunch][INFO] 2017-06-09 18:00:57,650: ... load_parameters complete
[roslaunch][INFO] 2017-06-09 18:00:57,656: launch_nodes: launching local nodes ...
[roslaunch][INFO] 2017-06-09 18:00:57,662: ... preparing to launch node of type [robot_sim/robot_sim_bringup]
[roslaunch][INFO] 2017-06-09 18:00:57,665: create_node_process: package[robot_sim] type[robot_sim_bringup] machine[Machine(name[] env_loader[None] address[localhost] ssh_port[22] user[None] assignable[True] timeout[10.0])] master_uri[http://ip-172-31-19-100:52701/]
[roslaunch][INFO] 2017-06-09 18:00:57,668: process[robot_sim-1]: env[{'ROS_DISTRO': 'indigo', 'ASNLIB': '/home/ccc_v1_s54106__48606/asn13529_Project_5/asn13530_Project_4/asnlib', 'LIB': '/home/ccc_v1_s54106__48606/lib', 'VOC_PROXY_TOKEN': '49679165343542435421353001593b44b9a28502.22707076', 'SSH_CLIENT': '172.31.7.153 55840 22', 'CPATH': '/opt/ros/indigo/include', 'LOGNAME': 'ccc_v1_w_dd4cc_18220', 'USER': 'ccc_v1_w_dd4cc_18220', 'ROS_NODE_PORT': '52701', 'HOME': '/home/ccc_v1_w_dd4cc_18220/asn13529_Project_5/asn13530_Project_4/work', 'PATH': '/opt/ros/indigo/bin:/usr/local/sbin:/usr/local/bin:/usr/sbin:/usr/bin:/sbin:/bin:/usr/games:/usr/local/games:/home/local/bin:/home/ccc_v1_s54106__48606/lib:/home/ccc_v1_s54106__48606/asn13529_Project_5/asn13530_Project_4/asnlib:/home/vlibs:.', 'CMAKE_PREFIX_PATH': '/home/ccc_v1_w_dd4cc_18220/asn13529_Project_5/asn13530_Project_4/work/catkin_ws/devel:/opt/ros/indigo', 'ROS_LOG_FILENAME': '/home/ccc_v1_w_dd4cc_18220/asn13529_Project_5/asn13530_Project_4/work/.ros/log/4012cd22-4d78-11e7-a941-06f360e4abc1/roslaunch-ip-172-31-19-100-9425.log', 'LANG': 'en_US.UTF-8', 'TERM': 'xterm-256color', 'SHELL': '/bin/bash', 'HISTFILE': '/home/ccc_v1_w_dd4cc_18220/.bash_history', 'SHLVL': '2', 'VOC_WORKAREA': '/home/ccc_v1_w_dd4cc_18220/asn13529_Project_5/asn13530_Project_4/work', 'LD_LIBRARY_PATH': '/home/ccc_v1_w_dd4cc_18220/asn13529_Project_5/asn13530_Project_4/work/catkin_ws/devel/lib:/opt/ros/indigo/lib/x86_64-linux-gnu:/opt/ros/indigo/lib:/home/ccc_v1_s54106__48606/lib:/home/ccc_v1_s54106__48606/asn13529_Project_5/asn13530_Project_4/asnlib:/home/vlibs', 'PART1': '/home/ccc_v1_s54106__48606/asn13529_Project_5/asn13530_Project_4', 'ROS_MASTER_URI': 'http://ip-172-31-19-100:52701/', 'XDG_RUNTIME_DIR': '/run/user/18220', 'PYTHONPATH': '/opt/ros/indigo/lib/python2.7/dist-packages:/home/vlibs/python', 'VOC_PROXY_WRAPPER_PORT': '5100', 'VOC_XFER_TOKEN': '13843782414354243542135300593b44b9968a55.37568157', 'ROS_ROOT': '/opt/ros/indigo/share/ros', 'OLD_HOME': '/home/ccc_v1_w_dd4cc_18220', 'PKG_CONFIG_PATH': '/home/ccc_v1_w_dd4cc_18220/asn13529_Project_5/asn13530_Project_4/work/catkin_ws/devel/lib/pkgconfig:/opt/ros/indigo/lib/x86_64-linux-gnu/pkgconfig:/opt/ros/indigo/lib/pkgconfig', 'ROS_PACKAGE_PATH': '/home/ccc_v1_w_dd4cc_18220/asn13529_Project_5/asn13530_Project_4/work/catkin_ws/src:/opt/ros/indigo/share:/opt/ros/indigo/stacks', 'XDG_SESSION_ID': '317453', '_': '/usr/bin/stdbuf', 'LD_PRELOAD': '/usr/lib/coreutils/libstdbuf.so', '_STDBUF_O': 'L', 'SSH_TTY': '/dev/pts/6', 'OLDPWD': '/home/ccc_v1_w_dd4cc_18220/asn13529_Project_5/asn13530_Project_4/work/catkin_ws', 'ROSLISP_PACKAGE_DIRECTORIES': '/home/ccc_v1_w_dd4cc_18220/asn13529_Project_5/asn13530_Project_4/work/catkin_ws/devel/share/common-lisp', 'VLIB': '/home/vlibs', 'PWD': '/home/ccc_v1_w_dd4cc_18220/asn13529_Project_5/asn13530_Project_4/work', 'VOC_PROXY_ID': '43542_43542_13530_0_1', 'ROS_ETC_DIR': '/opt/ros/indigo/etc/ros', 'MAIL': '/var/mail/ccc_v1_w_dd4cc_18220', 'SSH_CONNECTION': '172.31.7.153 55840 172.31.19.100 22'}]
[roslaunch][INFO] 2017-06-09 18:00:57,742: process[robot_sim-1]: args[[u'/home/ccc_v1_w_dd4cc_18220/asn13529_Project_5/asn13530_Project_4/work/catkin_ws/devel/lib/robot_sim/robot_sim_bringup', u'__name:=robot_sim']]
[roslaunch][INFO] 2017-06-09 18:00:57,746: ... created process [robot_sim-1]
[roslaunch.pmon][INFO] 2017-06-09 18:00:57,750: ProcessMonitor.register[robot_sim-1]
[roslaunch.pmon][INFO] 2017-06-09 18:00:57,753: ProcessMonitor.register[robot_sim-1] complete
[roslaunch][INFO] 2017-06-09 18:00:57,839: ... registered process [robot_sim-1]
[roslaunch][INFO] 2017-06-09 18:00:57,896: process[robot_sim-1]: starting os process
[roslaunch][INFO] 2017-06-09 18:00:57,900: process[robot_sim-1]: start w/ args [[u'/home/ccc_v1_w_dd4cc_18220/asn13529_Project_5/asn13530_Project_4/work/catkin_ws/devel/lib/robot_sim/robot_sim_bringup', u'__name:=robot_sim', u'__log:=/home/ccc_v1_w_dd4cc_18220/asn13529_Project_5/asn13530_Project_4/work/.ros/log/4012cd22-4d78-11e7-a941-06f360e4abc1/robot_sim-1.log']]
[roslaunch][INFO] 2017-06-09 18:00:57,904: process[robot_sim-1]: cwd will be [/home/ccc_v1_w_dd4cc_18220/asn13529_Project_5/asn13530_Project_4/work/.ros]
[roslaunch][INFO] 2017-06-09 18:00:57,916: process[robot_sim-1]: started with pid [9459]
[roslaunch][INFO] 2017-06-09 18:00:57,917: ... successfully launched [robot_sim-1]
[roslaunch][INFO] 2017-06-09 18:00:57,921: ... preparing to launch node of type [robot_state_publisher/robot_state_publisher]
[roslaunch][INFO] 2017-06-09 18:00:57,925: create_node_process: package[robot_state_publisher] type[robot_state_publisher] machine[Machine(name[] env_loader[None] address[localhost] ssh_port[22] user[None] assignable[True] timeout[10.0])] master_uri[http://ip-172-31-19-100:52701/]
[roslaunch][INFO] 2017-06-09 18:00:57,928: process[robot_state_publisher-2]: env[{'ROS_DISTRO': 'indigo', 'ASNLIB': '/home/ccc_v1_s54106__48606/asn13529_Project_5/asn13530_Project_4/asnlib', 'LIB': '/home/ccc_v1_s54106__48606/lib', 'VOC_PROXY_TOKEN': '49679165343542435421353001593b44b9a28502.22707076', 'SSH_CLIENT': '172.31.7.153 55840 22', 'CPATH': '/opt/ros/indigo/include', 'LOGNAME': 'ccc_v1_w_dd4cc_18220', 'USER': 'ccc_v1_w_dd4cc_18220', 'ROS_NODE_PORT': '52701', 'HOME': '/home/ccc_v1_w_dd4cc_18220/asn13529_Project_5/asn13530_Project_4/work', 'PATH': '/opt/ros/indigo/bin:/usr/local/sbin:/usr/local/bin:/usr/sbin:/usr/bin:/sbin:/bin:/usr/games:/usr/local/games:/home/local/bin:/home/ccc_v1_s54106__48606/lib:/home/ccc_v1_s54106__48606/asn13529_Project_5/asn13530_Project_4/asnlib:/home/vlibs:.', 'CMAKE_PREFIX_PATH': '/home/ccc_v1_w_dd4cc_18220/asn13529_Project_5/asn13530_Project_4/work/catkin_ws/devel:/opt/ros/indigo', 'ROS_LOG_FILENAME': '/home/ccc_v1_w_dd4cc_18220/asn13529_Project_5/asn13530_Project_4/work/.ros/log/4012cd22-4d78-11e7-a941-06f360e4abc1/roslaunch-ip-172-31-19-100-9425.log', 'LANG': 'en_US.UTF-8', 'TERM': 'xterm-256color', 'SHELL': '/bin/bash', 'HISTFILE': '/home/ccc_v1_w_dd4cc_18220/.bash_history', 'SHLVL': '2', 'VOC_WORKAREA': '/home/ccc_v1_w_dd4cc_18220/asn13529_Project_5/asn13530_Project_4/work', 'LD_LIBRARY_PATH': '/home/ccc_v1_w_dd4cc_18220/asn13529_Project_5/asn13530_Project_4/work/catkin_ws/devel/lib:/opt/ros/indigo/lib/x86_64-linux-gnu:/opt/ros/indigo/lib:/home/ccc_v1_s54106__48606/lib:/home/ccc_v1_s54106__48606/asn13529_Project_5/asn13530_Project_4/asnlib:/home/vlibs', 'PART1': '/home/ccc_v1_s54106__48606/asn13529_Project_5/asn13530_Project_4', 'ROS_MASTER_URI': 'http://ip-172-31-19-100:52701/', 'XDG_RUNTIME_DIR': '/run/user/18220', 'PYTHONPATH': '/opt/ros/indigo/lib/python2.7/dist-packages:/home/vlibs/python', 'VOC_PROXY_WRAPPER_PORT': '5100', 'VOC_XFER_TOKEN': '13843782414354243542135300593b44b9968a55.37568157', 'ROS_ROOT': '/opt/ros/indigo/share/ros', 'OLD_HOME': '/home/ccc_v1_w_dd4cc_18220', 'PKG_CONFIG_PATH': '/home/ccc_v1_w_dd4cc_18220/asn13529_Project_5/asn13530_Project_4/work/catkin_ws/devel/lib/pkgconfig:/opt/ros/indigo/lib/x86_64-linux-gnu/pkgconfig:/opt/ros/indigo/lib/pkgconfig', 'ROS_PACKAGE_PATH': '/home/ccc_v1_w_dd4cc_18220/asn13529_Project_5/asn13530_Project_4/work/catkin_ws/src:/opt/ros/indigo/share:/opt/ros/indigo/stacks', 'XDG_SESSION_ID': '317453', '_': '/usr/bin/stdbuf', 'LD_PRELOAD': '/usr/lib/coreutils/libstdbuf.so', '_STDBUF_O': 'L', 'SSH_TTY': '/dev/pts/6', 'OLDPWD': '/home/ccc_v1_w_dd4cc_18220/asn13529_Project_5/asn13530_Project_4/work/catkin_ws', 'ROSLISP_PACKAGE_DIRECTORIES': '/home/ccc_v1_w_dd4cc_18220/asn13529_Project_5/asn13530_Project_4/work/catkin_ws/devel/share/common-lisp', 'VLIB': '/home/vlibs', 'PWD': '/home/ccc_v1_w_dd4cc_18220/asn13529_Project_5/asn13530_Project_4/work', 'VOC_PROXY_ID': '43542_43542_13530_0_1', 'ROS_ETC_DIR': '/opt/ros/indigo/etc/ros', 'MAIL': '/var/mail/ccc_v1_w_dd4cc_18220', 'SSH_CONNECTION': '172.31.7.153 55840 172.31.19.100 22'}]
[roslaunch][INFO] 2017-06-09 18:00:57,936: process[robot_state_publisher-2]: args[[u'/opt/ros/indigo/lib/robot_state_publisher/robot_state_publisher', u'__name:=robot_state_publisher']]
[roslaunch][INFO] 2017-06-09 18:00:57,946: ... created process [robot_state_publisher-2]
[roslaunch.pmon][INFO] 2017-06-09 18:00:57,950: ProcessMonitor.register[robot_state_publisher-2]
[roslaunch.pmon][INFO] 2017-06-09 18:00:57,953: ProcessMonitor.register[robot_state_publisher-2] complete
[roslaunch][INFO] 2017-06-09 18:00:57,957: ... registered process [robot_state_publisher-2]
[roslaunch][INFO] 2017-06-09 18:00:57,960: process[robot_state_publisher-2]: starting os process
[roslaunch][INFO] 2017-06-09 18:00:57,964: process[robot_state_publisher-2]: start w/ args [[u'/opt/ros/indigo/lib/robot_state_publisher/robot_state_publisher', u'__name:=robot_state_publisher', u'__log:=/home/ccc_v1_w_dd4cc_18220/asn13529_Project_5/asn13530_Project_4/work/.ros/log/4012cd22-4d78-11e7-a941-06f360e4abc1/robot_state_publisher-2.log']]
[roslaunch][INFO] 2017-06-09 18:00:57,967: process[robot_state_publisher-2]: cwd will be [/home/ccc_v1_w_dd4cc_18220/asn13529_Project_5/asn13530_Project_4/work/.ros]
[roslaunch][INFO] 2017-06-09 18:00:57,976: process[robot_state_publisher-2]: started with pid [9460]
[roslaunch][INFO] 2017-06-09 18:00:57,977: ... successfully launched [robot_state_publisher-2]
[roslaunch][INFO] 2017-06-09 18:00:57,980: ... preparing to launch node of type [moveit_ros_move_group/move_group]
[roslaunch][INFO] 2017-06-09 18:00:57,984: create_node_process: package[moveit_ros_move_group] type[move_group] machine[Machine(name[] env_loader[None] address[localhost] ssh_port[22] user[None] assignable[True] timeout[10.0])] master_uri[http://ip-172-31-19-100:52701/]
[roslaunch][INFO] 2017-06-09 18:00:57,987: process[move_group-3]: env[{'ROS_DISTRO': 'indigo', 'ASNLIB': '/home/ccc_v1_s54106__48606/asn13529_Project_5/asn13530_Project_4/asnlib', 'LIB': '/home/ccc_v1_s54106__48606/lib', 'VOC_PROXY_TOKEN': '49679165343542435421353001593b44b9a28502.22707076', 'SSH_CLIENT': '172.31.7.153 55840 22', 'CPATH': '/opt/ros/indigo/include', 'LOGNAME': 'ccc_v1_w_dd4cc_18220', 'USER': 'ccc_v1_w_dd4cc_18220', 'ROS_NODE_PORT': '52701', 'HOME': '/home/ccc_v1_w_dd4cc_18220/asn13529_Project_5/asn13530_Project_4/work', 'PATH': '/opt/ros/indigo/bin:/usr/local/sbin:/usr/local/bin:/usr/sbin:/usr/bin:/sbin:/bin:/usr/games:/usr/local/games:/home/local/bin:/home/ccc_v1_s54106__48606/lib:/home/ccc_v1_s54106__48606/asn13529_Project_5/asn13530_Project_4/asnlib:/home/vlibs:.', 'CMAKE_PREFIX_PATH': '/home/ccc_v1_w_dd4cc_18220/asn13529_Project_5/asn13530_Project_4/work/catkin_ws/devel:/opt/ros/indigo', 'ROS_LOG_FILENAME': '/home/ccc_v1_w_dd4cc_18220/asn13529_Project_5/asn13530_Project_4/work/.ros/log/4012cd22-4d78-11e7-a941-06f360e4abc1/roslaunch-ip-172-31-19-100-9425.log', 'LANG': 'en_US.UTF-8', 'TERM': 'xterm-256color', 'SHELL': '/bin/bash', 'HISTFILE': '/home/ccc_v1_w_dd4cc_18220/.bash_history', 'SHLVL': '2', 'VOC_WORKAREA': '/home/ccc_v1_w_dd4cc_18220/asn13529_Project_5/asn13530_Project_4/work', 'LD_LIBRARY_PATH': '/home/ccc_v1_w_dd4cc_18220/asn13529_Project_5/asn13530_Project_4/work/catkin_ws/devel/lib:/opt/ros/indigo/lib/x86_64-linux-gnu:/opt/ros/indigo/lib:/home/ccc_v1_s54106__48606/lib:/home/ccc_v1_s54106__48606/asn13529_Project_5/asn13530_Project_4/asnlib:/home/vlibs', 'PART1': '/home/ccc_v1_s54106__48606/asn13529_Project_5/asn13530_Project_4', 'ROS_MASTER_URI': 'http://ip-172-31-19-100:52701/', 'XDG_RUNTIME_DIR': '/run/user/18220', 'PYTHONPATH': '/opt/ros/indigo/lib/python2.7/dist-packages:/home/vlibs/python', 'VOC_PROXY_WRAPPER_PORT': '5100', 'VOC_XFER_TOKEN': '13843782414354243542135300593b44b9968a55.37568157', 'ROS_ROOT': '/opt/ros/indigo/share/ros', 'OLD_HOME': '/home/ccc_v1_w_dd4cc_18220', 'PKG_CONFIG_PATH': '/home/ccc_v1_w_dd4cc_18220/asn13529_Project_5/asn13530_Project_4/work/catkin_ws/devel/lib/pkgconfig:/opt/ros/indigo/lib/x86_64-linux-gnu/pkgconfig:/opt/ros/indigo/lib/pkgconfig', 'ROS_PACKAGE_PATH': '/home/ccc_v1_w_dd4cc_18220/asn13529_Project_5/asn13530_Project_4/work/catkin_ws/src:/opt/ros/indigo/share:/opt/ros/indigo/stacks', 'XDG_SESSION_ID': '317453', '_': '/usr/bin/stdbuf', 'LD_PRELOAD': '/usr/lib/coreutils/libstdbuf.so', '_STDBUF_O': 'L', u'DISPLAY': u':0', 'SSH_TTY': '/dev/pts/6', 'OLDPWD': '/home/ccc_v1_w_dd4cc_18220/asn13529_Project_5/asn13530_Project_4/work/catkin_ws', 'ROSLISP_PACKAGE_DIRECTORIES': '/home/ccc_v1_w_dd4cc_18220/asn13529_Project_5/asn13530_Project_4/work/catkin_ws/devel/share/common-lisp', 'VLIB': '/home/vlibs', 'PWD': '/home/ccc_v1_w_dd4cc_18220/asn13529_Project_5/asn13530_Project_4/work', 'VOC_PROXY_ID': '43542_43542_13530_0_1', 'ROS_ETC_DIR': '/opt/ros/indigo/etc/ros', 'MAIL': '/var/mail/ccc_v1_w_dd4cc_18220', 'SSH_CONNECTION': '172.31.7.153 55840 172.31.19.100 22'}]
[roslaunch][INFO] 2017-06-09 18:00:57,996: process[move_group-3]: args[[u'/opt/ros/indigo/lib/moveit_ros_move_group/move_group', u'__name:=move_group']]
[roslaunch][INFO] 2017-06-09 18:00:58,000: ... created process [move_group-3]
[roslaunch.pmon][INFO] 2017-06-09 18:00:58,003: ProcessMonitor.register[move_group-3]
[roslaunch.pmon][INFO] 2017-06-09 18:00:58,007: ProcessMonitor.register[move_group-3] complete
[roslaunch][INFO] 2017-06-09 18:00:58,010: ... registered process [move_group-3]
[roslaunch][INFO] 2017-06-09 18:00:58,014: process[move_group-3]: starting os process
[roslaunch][INFO] 2017-06-09 18:00:58,017: process[move_group-3]: start w/ args [[u'/opt/ros/indigo/lib/moveit_ros_move_group/move_group', u'__name:=move_group', u'__log:=/home/ccc_v1_w_dd4cc_18220/asn13529_Project_5/asn13530_Project_4/work/.ros/log/4012cd22-4d78-11e7-a941-06f360e4abc1/move_group-3.log']]
[roslaunch][INFO] 2017-06-09 18:00:58,021: process[move_group-3]: cwd will be [/home/ccc_v1_w_dd4cc_18220/asn13529_Project_5/asn13530_Project_4/work/.ros]
[roslaunch][INFO] 2017-06-09 18:00:58,030: process[move_group-3]: started with pid [9461]
[roslaunch][INFO] 2017-06-09 18:00:58,031: ... successfully launched [move_group-3]
[roslaunch][INFO] 2017-06-09 18:00:58,035: ... launch_nodes complete
[roslaunch.pmon][INFO] 2017-06-09 18:00:58,038: registrations completed <ProcessMonitor(ProcessMonitor-1, started daemon 139846107543296)>
[roslaunch.parent][INFO] 2017-06-09 18:00:58,041: ... roslaunch parent running, waiting for process exit
[roslaunch][INFO] 2017-06-09 18:00:58,045: spin
