[rosmaster.main][INFO] 2017-06-10 00:29:54,556: initialization complete, waiting for shutdown
[rosmaster.main][INFO] 2017-06-10 00:29:54,557: Starting ROS Master Node
[xmlrpc][INFO] 2017-06-10 00:29:54,561: XML-RPC server binding to 0.0.0.0:39659
[xmlrpc][INFO] 2017-06-10 00:29:54,565: Started XML-RPC server [http://ip-172-31-19-100:39659/]
[rosmaster.master][INFO] 2017-06-10 00:29:54,565: Master initialized: port[39659], uri[http://ip-172-31-19-100:39659/]
[xmlrpc][INFO] 2017-06-10 00:29:54,568: xml rpc node: starting XML-RPC server
[rosmaster.master][INFO] 2017-06-10 00:29:54,656: +PARAM [/run_id] by /roslaunch
[rosmaster.master][INFO] 2017-06-10 00:29:54,664: +PARAM [/roslaunch/uris/host_ip_172_31_19_100__56424] by /roslaunch
[rosmaster.master][INFO] 2017-06-10 00:29:54,754: +PARAM [/rosversion] by /roslaunch
[rosmaster.master][INFO] 2017-06-10 00:29:54,757: +PARAM [/rosdistro] by /roslaunch
[rosmaster.master][INFO] 2017-06-10 00:29:54,787: +SERVICE [/rosout/get_loggers] /rosout http://ip-172-31-19-100:56953/
[rosmaster.master][INFO] 2017-06-10 00:29:54,791: +SERVICE [/rosout/set_logger_level] /rosout http://ip-172-31-19-100:56953/
[rosmaster.master][INFO] 2017-06-10 00:29:54,797: +PUB [/rosout_agg] /rosout http://ip-172-31-19-100:56953/
[rosmaster.master][INFO] 2017-06-10 00:29:54,806: +SUB [/rosout] /rosout http://ip-172-31-19-100:56953/
[rosmaster.master][INFO] 2017-06-10 00:29:55,175: +PUB [/rosout] /tf2_web_republisher http://ip-172-31-19-100:49350/
[rosmaster.master][INFO] 2017-06-10 00:29:55,180: +SERVICE [/tf2_web_republisher/get_loggers] /tf2_web_republisher http://ip-172-31-19-100:49350/
[rosmaster.master][INFO] 2017-06-10 00:29:55,184: +SERVICE [/tf2_web_republisher/set_logger_level] /tf2_web_republisher http://ip-172-31-19-100:49350/
[rosmaster.master][INFO] 2017-06-10 00:29:55,191: +SUB [/tf] /tf2_web_republisher http://ip-172-31-19-100:49350/
[rosmaster.master][INFO] 2017-06-10 00:29:55,197: +SUB [/tf_static] /tf2_web_republisher http://ip-172-31-19-100:49350/
[rosmaster.master][INFO] 2017-06-10 00:29:55,202: +SERVICE [/republish_tfs] /tf2_web_republisher http://ip-172-31-19-100:49350/
[rosmaster.master][INFO] 2017-06-10 00:29:55,205: +PUB [/tf2_web_republisher/result] /tf2_web_republisher http://ip-172-31-19-100:49350/
[rosmaster.master][INFO] 2017-06-10 00:29:55,210: +PUB [/tf2_web_republisher/feedback] /tf2_web_republisher http://ip-172-31-19-100:49350/
[rosmaster.master][INFO] 2017-06-10 00:29:55,214: +PUB [/tf2_web_republisher/status] /tf2_web_republisher http://ip-172-31-19-100:49350/
[rosmaster.master][INFO] 2017-06-10 00:29:55,222: +SUB [/tf2_web_republisher/goal] /tf2_web_republisher http://ip-172-31-19-100:49350/
[rosmaster.master][INFO] 2017-06-10 00:29:55,229: +SUB [/tf2_web_republisher/cancel] /tf2_web_republisher http://ip-172-31-19-100:49350/
[rosmaster.master][INFO] 2017-06-10 00:29:55,262: publisherUpdate[/rosout] -> http://ip-172-31-19-100:56953/
[rosmaster.master][INFO] 2017-06-10 00:29:56,576: +PARAM [/roslaunch/uris/host_ip_172_31_19_100__44148] by /roslaunch
[rosmaster.master][INFO] 2017-06-10 00:29:56,583: +PARAM [/rosbridge_websocket/port] by /roslaunch
[rosmaster.master][INFO] 2017-06-10 00:29:56,586: +PARAM [/rosdistro] by /roslaunch
[rosmaster.master][INFO] 2017-06-10 00:29:56,590: +PARAM [/rosbridge_websocket/fragment_timeout] by /roslaunch
[rosmaster.master][INFO] 2017-06-10 00:29:56,594: +PARAM [/rosbridge_websocket/delay_between_messages] by /roslaunch
[rosmaster.master][INFO] 2017-06-10 00:29:56,598: +PARAM [/rosversion] by /roslaunch
[rosmaster.master][INFO] 2017-06-10 00:29:56,602: +PARAM [/rosbridge_websocket/authenticate] by /roslaunch
[rosmaster.master][INFO] 2017-06-10 00:29:56,605: +PARAM [/rosbridge_websocket/retry_startup_delay] by /roslaunch
[rosmaster.master][INFO] 2017-06-10 00:29:56,609: +PARAM [/rosbridge_websocket/address] by /roslaunch
[rosmaster.master][INFO] 2017-06-10 00:29:56,612: +PARAM [/rosbridge_websocket/max_message_size] by /roslaunch
[rosmaster.master][INFO] 2017-06-10 00:29:57,097: +PUB [/rosout] /rosapi http://ip-172-31-19-100:56772/
[rosmaster.master][INFO] 2017-06-10 00:29:57,111: +SERVICE [/rosapi/get_loggers] /rosapi http://ip-172-31-19-100:56772/
[rosmaster.master][INFO] 2017-06-10 00:29:57,116: +SERVICE [/rosapi/set_logger_level] /rosapi http://ip-172-31-19-100:56772/
[rosmaster.master][INFO] 2017-06-10 00:29:57,121: +SERVICE [/rosapi/topics] /rosapi http://ip-172-31-19-100:56772/
[rosmaster.master][INFO] 2017-06-10 00:29:57,125: +SERVICE [/rosapi/topics_for_type] /rosapi http://ip-172-31-19-100:56772/
[rosmaster.master][INFO] 2017-06-10 00:29:57,130: +SERVICE [/rosapi/services] /rosapi http://ip-172-31-19-100:56772/
[rosmaster.master][INFO] 2017-06-10 00:29:57,134: +SERVICE [/rosapi/services_for_type] /rosapi http://ip-172-31-19-100:56772/
[rosmaster.master][INFO] 2017-06-10 00:29:57,138: +SERVICE [/rosapi/nodes] /rosapi http://ip-172-31-19-100:56772/
[rosmaster.master][INFO] 2017-06-10 00:29:57,143: +SERVICE [/rosapi/node_details] /rosapi http://ip-172-31-19-100:56772/
[rosmaster.master][INFO] 2017-06-10 00:29:57,148: +SERVICE [/rosapi/topic_type] /rosapi http://ip-172-31-19-100:56772/
[rosmaster.master][INFO] 2017-06-10 00:29:57,152: +SERVICE [/rosapi/service_type] /rosapi http://ip-172-31-19-100:56772/
[rosmaster.master][INFO] 2017-06-10 00:29:57,161: +SERVICE [/rosapi/publishers] /rosapi http://ip-172-31-19-100:56772/
[rosmaster.master][INFO] 2017-06-10 00:29:57,166: publisherUpdate[/rosout] -> http://ip-172-31-19-100:56953/
[rosmaster.master][INFO] 2017-06-10 00:29:57,167: +SERVICE [/rosapi/subscribers] /rosapi http://ip-172-31-19-100:56772/
[rosmaster.master][INFO] 2017-06-10 00:29:57,174: +SERVICE [/rosapi/service_providers] /rosapi http://ip-172-31-19-100:56772/
[rosmaster.master][INFO] 2017-06-10 00:29:57,178: +SERVICE [/rosapi/service_node] /rosapi http://ip-172-31-19-100:56772/
[rosmaster.master][INFO] 2017-06-10 00:29:57,183: +SERVICE [/rosapi/service_host] /rosapi http://ip-172-31-19-100:56772/
[rosmaster.master][INFO] 2017-06-10 00:29:57,187: +SERVICE [/rosapi/message_details] /rosapi http://ip-172-31-19-100:56772/
[rosmaster.master][INFO] 2017-06-10 00:29:57,192: +SERVICE [/rosapi/service_request_details] /rosapi http://ip-172-31-19-100:56772/
[rosmaster.master][INFO] 2017-06-10 00:29:57,197: +SERVICE [/rosapi/service_response_details] /rosapi http://ip-172-31-19-100:56772/
[rosmaster.master][INFO] 2017-06-10 00:29:57,201: +SERVICE [/rosapi/set_param] /rosapi http://ip-172-31-19-100:56772/
[rosmaster.master][INFO] 2017-06-10 00:29:57,206: +SERVICE [/rosapi/get_param] /rosapi http://ip-172-31-19-100:56772/
[rosmaster.master][INFO] 2017-06-10 00:29:57,211: +SERVICE [/rosapi/has_param] /rosapi http://ip-172-31-19-100:56772/
[rosmaster.master][INFO] 2017-06-10 00:29:57,216: +SERVICE [/rosapi/search_param] /rosapi http://ip-172-31-19-100:56772/
[rosmaster.master][INFO] 2017-06-10 00:29:57,221: +PUB [/rosout] /rosbridge_websocket http://ip-172-31-19-100:56257/
[rosmaster.master][INFO] 2017-06-10 00:29:57,225: +SERVICE [/rosapi/delete_param] /rosapi http://ip-172-31-19-100:56772/
[rosmaster.master][INFO] 2017-06-10 00:29:57,228: +PUB [/rosout] /interactive_marker_proxy http://ip-172-31-19-100:46267/
[rosmaster.master][INFO] 2017-06-10 00:29:57,232: +SERVICE [/rosapi/get_param_names] /rosapi http://ip-172-31-19-100:56772/
[rosmaster.master][INFO] 2017-06-10 00:29:57,236: +SERVICE [/interactive_marker_proxy/get_loggers] /interactive_marker_proxy http://ip-172-31-19-100:46267/
[rosmaster.master][INFO] 2017-06-10 00:29:57,239: +SERVICE [/rosbridge_websocket/get_loggers] /rosbridge_websocket http://ip-172-31-19-100:56257/
[rosmaster.master][INFO] 2017-06-10 00:29:57,243: +SERVICE [/rosapi/get_time] /rosapi http://ip-172-31-19-100:56772/
[rosmaster.master][INFO] 2017-06-10 00:29:57,247: +SERVICE [/interactive_marker_proxy/set_logger_level] /interactive_marker_proxy http://ip-172-31-19-100:46267/
[rosmaster.master][INFO] 2017-06-10 00:29:57,250: +SERVICE [/rosbridge_websocket/set_logger_level] /rosbridge_websocket http://ip-172-31-19-100:56257/
[rosmaster.master][INFO] 2017-06-10 00:29:57,256: +SUB [/tf] /interactive_marker_proxy http://ip-172-31-19-100:46267/
[rosmaster.master][INFO] 2017-06-10 00:29:57,266: publisherUpdate[/rosout] -> http://ip-172-31-19-100:56953/
[rosmaster.master][INFO] 2017-06-10 00:29:57,266: +SUB [/tf_static] /interactive_marker_proxy http://ip-172-31-19-100:46267/
[rosmaster.master][INFO] 2017-06-10 00:29:57,271: publisherUpdate[/rosout] -> http://ip-172-31-19-100:56953/
[rosmaster.master][INFO] 2017-06-10 00:29:57,277: +SUB [/control_markers/update] /interactive_marker_proxy http://ip-172-31-19-100:46267/
[rosmaster.master][INFO] 2017-06-10 00:29:57,285: +SUB [/control_markers/update_full] /interactive_marker_proxy http://ip-172-31-19-100:46267/
[rosmaster.master][INFO] 2017-06-10 00:29:57,292: +PUB [/control_markers/tunneled/update] /interactive_marker_proxy http://ip-172-31-19-100:46267/
[rosmaster.master][INFO] 2017-06-10 00:29:57,296: +SERVICE [/control_markers/tunneled/get_init] /interactive_marker_proxy http://ip-172-31-19-100:46267/
[rosmaster.master][INFO] 2017-06-10 00:29:57,335: -SUB [/control_markers/update_full] /interactive_marker_proxy http://ip-172-31-19-100:46267/
[rosmaster.master][INFO] 2017-06-10 00:29:58,930: +PARAM [/roslaunch/uris/host_ip_172_31_19_100__44732] by /roslaunch
[rosmaster.master][INFO] 2017-06-10 00:29:58,944: +PARAM [/robot_description_kinematics/lwr_arm/kinematics_solver] by /roslaunch
[rosmaster.master][INFO] 2017-06-10 00:29:58,951: +PARAM [/move_group/planner_configs/RRTkConfigDefault/goal_bias] by /roslaunch
[rosmaster.master][INFO] 2017-06-10 00:29:58,955: +PARAM [/robot_description_semantic] by /roslaunch
[rosmaster.master][INFO] 2017-06-10 00:29:58,958: +PARAM [/robot_description_kinematics/lwr_arm/kinematics_solver_attempts] by /roslaunch
[rosmaster.master][INFO] 2017-06-10 00:29:58,962: +PARAM [/robot_description_planning/joint_limits/lwr_arm_6_joint/max_acceleration] by /roslaunch
[rosmaster.master][INFO] 2017-06-10 00:29:58,966: +PARAM [/robot_description_planning/joint_limits/lwr_arm_5_joint/has_acceleration_limits] by /roslaunch
[rosmaster.master][INFO] 2017-06-10 00:29:58,969: +PARAM [/move_group/planner_configs/RRTstarkConfigDefault/range] by /roslaunch
[rosmaster.master][INFO] 2017-06-10 00:29:58,973: +PARAM [/robot_description_planning/joint_limits/lwr_arm_0_joint/max_acceleration] by /roslaunch
[rosmaster.master][INFO] 2017-06-10 00:29:58,977: +PARAM [/robot_description_planning/joint_limits/lwr_arm_0_joint/has_velocity_limits] by /roslaunch
[rosmaster.master][INFO] 2017-06-10 00:29:58,980: +PARAM [/move_group/max_safe_path_cost] by /roslaunch
[rosmaster.master][INFO] 2017-06-10 00:29:58,983: +PARAM [/move_group/planner_configs/RRTstarkConfigDefault/goal_bias] by /roslaunch
[rosmaster.master][INFO] 2017-06-10 00:29:58,987: +PARAM [/move_group/planning_scene_monitor/publish_planning_scene] by /roslaunch
[rosmaster.master][INFO] 2017-06-10 00:29:58,990: +PARAM [/move_group/planner_configs/PRMkConfigDefault/type] by /roslaunch
[rosmaster.master][INFO] 2017-06-10 00:29:58,993: +PARAM [/move_group/planner_configs/ESTkConfigDefault/range] by /roslaunch
[rosmaster.master][INFO] 2017-06-10 00:29:58,997: +PARAM [/robot_description_planning/joint_limits/lwr_arm_2_joint/max_acceleration] by /roslaunch
[rosmaster.master][INFO] 2017-06-10 00:29:59,000: +PARAM [/move_group/planner_configs/KPIECEkConfigDefault/min_valid_path_fraction] by /roslaunch
[rosmaster.master][INFO] 2017-06-10 00:29:59,004: +PARAM [/move_group/planner_configs/BKPIECEkConfigDefault/border_fraction] by /roslaunch
[rosmaster.master][INFO] 2017-06-10 00:29:59,007: +PARAM [/move_group/planner_configs/PRMkConfigDefault/max_nearest_neighbors] by /roslaunch
[rosmaster.master][INFO] 2017-06-10 00:29:59,011: +PARAM [/move_group/planner_configs/TRRTkConfigDefault/goal_bias] by /roslaunch
[rosmaster.master][INFO] 2017-06-10 00:29:59,014: +PARAM [/move_group/planner_configs/BKPIECEkConfigDefault/min_valid_path_fraction] by /roslaunch
[rosmaster.master][INFO] 2017-06-10 00:29:59,017: +PARAM [/robot_description_planning/joint_limits/lwr_arm_2_joint/has_velocity_limits] by /roslaunch
[rosmaster.master][INFO] 2017-06-10 00:29:59,023: +PARAM [/robot_description_planning/joint_limits/lwr_arm_3_joint/max_velocity] by /roslaunch
[rosmaster.master][INFO] 2017-06-10 00:29:59,026: +PARAM [/robot_description_planning/joint_limits/lwr_arm_4_joint/max_acceleration] by /roslaunch
[rosmaster.master][INFO] 2017-06-10 00:29:59,030: +PARAM [/robot_description_planning/joint_limits/lwr_arm_0_joint/max_velocity] by /roslaunch
[rosmaster.master][INFO] 2017-06-10 00:29:59,034: +PARAM [/move_group/planner_configs/SBLkConfigDefault/range] by /roslaunch
[rosmaster.master][INFO] 2017-06-10 00:29:59,037: +PARAM [/move_group/planner_configs/TRRTkConfigDefault/frountierNodeRatio] by /roslaunch
[rosmaster.master][INFO] 2017-06-10 00:29:59,040: +PARAM [/robot_description_planning/joint_limits/lwr_arm_6_joint/has_acceleration_limits] by /roslaunch
[rosmaster.master][INFO] 2017-06-10 00:29:59,046: +PARAM [/move_group/planning_plugin] by /roslaunch
[rosmaster.master][INFO] 2017-06-10 00:29:59,049: +PARAM [/move_group/planning_scene_monitor/publish_geometry_updates] by /roslaunch
[rosmaster.master][INFO] 2017-06-10 00:29:59,057: +PARAM [/robot_description_planning/joint_limits/lwr_arm_3_joint/max_acceleration] by /roslaunch
[rosmaster.master][INFO] 2017-06-10 00:29:59,060: +PARAM [/move_group/planner_configs/TRRTkConfigDefault/max_states_failed] by /roslaunch
[rosmaster.master][INFO] 2017-06-10 00:29:59,063: +PARAM [/robot_description_planning/joint_limits/lwr_arm_3_joint/has_velocity_limits] by /roslaunch
[rosmaster.master][INFO] 2017-06-10 00:29:59,067: +PARAM [/robot_description_kinematics/lwr_arm/kinematics_solver_timeout] by /roslaunch
[rosmaster.master][INFO] 2017-06-10 00:29:59,070: +PARAM [/move_group/lwr_arm/projection_evaluator] by /roslaunch
[rosmaster.master][INFO] 2017-06-10 00:29:59,073: +PARAM [/robot_description_planning/joint_limits/lwr_arm_1_joint/has_acceleration_limits] by /roslaunch
[rosmaster.master][INFO] 2017-06-10 00:29:59,077: +PARAM [/rosdistro] by /roslaunch
[rosmaster.master][INFO] 2017-06-10 00:29:59,080: +PARAM [/robot_description_planning/joint_limits/lwr_arm_5_joint/max_velocity] by /roslaunch
[rosmaster.master][INFO] 2017-06-10 00:29:59,083: +PARAM [/move_group/planner_configs/PRMstarkConfigDefault/type] by /roslaunch
[rosmaster.master][INFO] 2017-06-10 00:29:59,087: +PARAM [/move_group/planner_configs/RRTkConfigDefault/range] by /roslaunch
[rosmaster.master][INFO] 2017-06-10 00:29:59,090: +PARAM [/move_group/allow_trajectory_execution] by /roslaunch
[rosmaster.master][INFO] 2017-06-10 00:29:59,093: +PARAM [/move_group/lwr_arm/planner_configs] by /roslaunch
[rosmaster.master][INFO] 2017-06-10 00:29:59,097: +PARAM [/move_group/planner_configs/ESTkConfigDefault/type] by /roslaunch
[rosmaster.master][INFO] 2017-06-10 00:29:59,100: +PARAM [/move_group/start_state_max_bounds_error] by /roslaunch
[rosmaster.master][INFO] 2017-06-10 00:29:59,103: +PARAM [/move_group/planner_configs/TRRTkConfigDefault/init_temperature] by /roslaunch
[rosmaster.master][INFO] 2017-06-10 00:29:59,107: +PARAM [/move_group/planner_configs/BKPIECEkConfigDefault/type] by /roslaunch
[rosmaster.master][INFO] 2017-06-10 00:29:59,110: +PARAM [/move_group/planner_configs/KPIECEkConfigDefault/border_fraction] by /roslaunch
[rosmaster.master][INFO] 2017-06-10 00:29:59,113: +PARAM [/robot_description_planning/joint_limits/lwr_arm_4_joint/has_velocity_limits] by /roslaunch
[rosmaster.master][INFO] 2017-06-10 00:29:59,117: +PARAM [/move_group/planner_configs/ESTkConfigDefault/goal_bias] by /roslaunch
[rosmaster.master][INFO] 2017-06-10 00:29:59,120: +PARAM [/move_group/planner_configs/LBKPIECEkConfigDefault/border_fraction] by /roslaunch
[rosmaster.master][INFO] 2017-06-10 00:29:59,127: +PARAM [/move_group/jiggle_fraction] by /roslaunch
[rosmaster.master][INFO] 2017-06-10 00:29:59,130: +PARAM [/move_group/planner_configs/TRRTkConfigDefault/range] by /roslaunch
[rosmaster.master][INFO] 2017-06-10 00:29:59,134: +PARAM [/move_group/planning_scene_monitor/publish_state_updates] by /roslaunch
[rosmaster.master][INFO] 2017-06-10 00:29:59,137: +PARAM [/move_group/planner_configs/TRRTkConfigDefault/temp_change_factor] by /roslaunch
[rosmaster.master][INFO] 2017-06-10 00:29:59,141: +PARAM [/robot_description_planning/joint_limits/lwr_arm_6_joint/max_velocity] by /roslaunch
[rosmaster.master][INFO] 2017-06-10 00:29:59,145: +PARAM [/robot_description_planning/joint_limits/lwr_arm_1_joint/max_velocity] by /roslaunch
[rosmaster.master][INFO] 2017-06-10 00:29:59,148: +PARAM [/move_group/planner_configs/SBLkConfigDefault/type] by /roslaunch
[rosmaster.master][INFO] 2017-06-10 00:29:59,152: +PARAM [/robot_description] by /roslaunch
[rosmaster.master][INFO] 2017-06-10 00:29:59,159: +PARAM [/move_group/capabilities] by /roslaunch
[rosmaster.master][INFO] 2017-06-10 00:29:59,163: +PARAM [/move_group/planner_configs/LBKPIECEkConfigDefault/range] by /roslaunch
[rosmaster.master][INFO] 2017-06-10 00:29:59,166: +PARAM [/robot_description_planning/joint_limits/lwr_arm_5_joint/max_acceleration] by /roslaunch
[rosmaster.master][INFO] 2017-06-10 00:29:59,169: +PARAM [/move_group/planner_configs/KPIECEkConfigDefault/range] by /roslaunch
[rosmaster.master][INFO] 2017-06-10 00:29:59,173: +PARAM [/move_group/planner_configs/BKPIECEkConfigDefault/range] by /roslaunch
[rosmaster.master][INFO] 2017-06-10 00:29:59,176: +PARAM [/move_group/planner_configs/TRRTkConfigDefault/type] by /roslaunch
[rosmaster.master][INFO] 2017-06-10 00:29:59,179: +PARAM [/move_group/planner_configs/KPIECEkConfigDefault/goal_bias] by /roslaunch
[rosmaster.master][INFO] 2017-06-10 00:29:59,183: +PARAM [/move_group/planner_configs/RRTConnectkConfigDefault/range] by /roslaunch
[rosmaster.master][INFO] 2017-06-10 00:29:59,186: +PARAM [/move_group/request_adapters] by /roslaunch
[rosmaster.master][INFO] 2017-06-10 00:29:59,189: +PARAM [/move_group/planner_configs/TRRTkConfigDefault/min_temperature] by /roslaunch
[rosmaster.master][INFO] 2017-06-10 00:29:59,192: +PARAM [/robot_description_planning/joint_limits/lwr_arm_6_joint/has_velocity_limits] by /roslaunch
[rosmaster.master][INFO] 2017-06-10 00:29:59,196: +PARAM [/robot_description_planning/joint_limits/lwr_arm_1_joint/has_velocity_limits] by /roslaunch
[rosmaster.master][INFO] 2017-06-10 00:29:59,199: +PARAM [/move_group/planner_configs/KPIECEkConfigDefault/failed_expansion_score_factor] by /roslaunch
[rosmaster.master][INFO] 2017-06-10 00:29:59,203: +PARAM [/move_group/planning_scene_monitor/publish_transforms_updates] by /roslaunch
[rosmaster.master][INFO] 2017-06-10 00:29:59,206: +PARAM [/robot_description_planning/joint_limits/lwr_arm_5_joint/has_velocity_limits] by /roslaunch
[rosmaster.master][INFO] 2017-06-10 00:29:59,209: +PARAM [/robot_description_planning/joint_limits/lwr_arm_3_joint/has_acceleration_limits] by /roslaunch
[rosmaster.master][INFO] 2017-06-10 00:29:59,213: +PARAM [/move_group/planner_configs/RRTstarkConfigDefault/type] by /roslaunch
[rosmaster.master][INFO] 2017-06-10 00:29:59,216: +PARAM [/move_group/lwr_arm/longest_valid_segment_fraction] by /roslaunch
[rosmaster.master][INFO] 2017-06-10 00:29:59,220: +PARAM [/move_group/planner_configs/RRTstarkConfigDefault/delay_collision_checking] by /roslaunch
[rosmaster.master][INFO] 2017-06-10 00:29:59,223: +PARAM [/move_group/planner_configs/KPIECEkConfigDefault/type] by /roslaunch
[rosmaster.master][INFO] 2017-06-10 00:29:59,229: +PARAM [/robot_description_kinematics/lwr_arm/kinematics_solver_search_resolution] by /roslaunch
[rosmaster.master][INFO] 2017-06-10 00:29:59,232: +PARAM [/move_group/planner_configs/RRTConnectkConfigDefault/type] by /roslaunch
[rosmaster.master][INFO] 2017-06-10 00:29:59,236: +PARAM [/robot_description_planning/joint_limits/lwr_arm_2_joint/has_acceleration_limits] by /roslaunch
[rosmaster.master][INFO] 2017-06-10 00:29:59,239: +PARAM [/move_group/planner_configs/BKPIECEkConfigDefault/failed_expansion_score_factor] by /roslaunch
[rosmaster.master][INFO] 2017-06-10 00:29:59,243: +PARAM [/robot_description_planning/joint_limits/lwr_arm_2_joint/max_velocity] by /roslaunch
[rosmaster.master][INFO] 2017-06-10 00:29:59,246: +PARAM [/move_group/planner_configs/LBKPIECEkConfigDefault/min_valid_path_fraction] by /roslaunch
[rosmaster.master][INFO] 2017-06-10 00:29:59,250: +PARAM [/rosversion] by /roslaunch
[rosmaster.master][INFO] 2017-06-10 00:29:59,253: +PARAM [/robot_description_planning/joint_limits/lwr_arm_4_joint/max_velocity] by /roslaunch
[rosmaster.master][INFO] 2017-06-10 00:29:59,257: +PARAM [/robot_description_planning/joint_limits/lwr_arm_4_joint/has_acceleration_limits] by /roslaunch
[rosmaster.master][INFO] 2017-06-10 00:29:59,260: +PARAM [/robot_description_planning/joint_limits/lwr_arm_0_joint/has_acceleration_limits] by /roslaunch
[rosmaster.master][INFO] 2017-06-10 00:29:59,266: +PARAM [/robot_description_planning/joint_limits/lwr_arm_1_joint/max_acceleration] by /roslaunch
[rosmaster.master][INFO] 2017-06-10 00:29:59,270: +PARAM [/move_group/planner_configs/TRRTkConfigDefault/k_constant] by /roslaunch
[rosmaster.master][INFO] 2017-06-10 00:29:59,273: +PARAM [/move_group/planner_configs/TRRTkConfigDefault/frountier_threshold] by /roslaunch
[rosmaster.master][INFO] 2017-06-10 00:29:59,276: +PARAM [/move_group/planner_configs/LBKPIECEkConfigDefault/type] by /roslaunch
[rosmaster.master][INFO] 2017-06-10 00:29:59,280: +PARAM [/move_group/planner_configs/RRTkConfigDefault/type] by /roslaunch
[rosmaster.master][INFO] 2017-06-10 00:29:59,587: +PUB [/rosout] /robot_sim http://ip-172-31-19-100:42640/
[rosmaster.master][INFO] 2017-06-10 00:29:59,592: +SERVICE [/robot_sim/get_loggers] /robot_sim http://ip-172-31-19-100:42640/
[rosmaster.master][INFO] 2017-06-10 00:29:59,596: +SERVICE [/robot_sim/set_logger_level] /robot_sim http://ip-172-31-19-100:42640/
[rosmaster.master][INFO] 2017-06-10 00:29:59,607: +PUB [/joint_states] /robot_sim http://ip-172-31-19-100:42640/
[rosmaster.master][INFO] 2017-06-10 00:29:59,615: +SUB [/joint_velocities] /robot_sim http://ip-172-31-19-100:42640/
[rosmaster.master][INFO] 2017-06-10 00:29:59,628: +SUB [/joint_positions] /robot_sim http://ip-172-31-19-100:42640/
[rosmaster.master][INFO] 2017-06-10 00:29:59,638: +SUB [/joint_command] /robot_sim http://ip-172-31-19-100:42640/
[rosmaster.master][INFO] 2017-06-10 00:29:59,648: +SUB [/joint_trajectory] /robot_sim http://ip-172-31-19-100:42640/
[rosmaster.master][INFO] 2017-06-10 00:29:59,651: +PUB [/rosout] /robot_state_publisher http://ip-172-31-19-100:51476/
[rosmaster.master][INFO] 2017-06-10 00:29:59,656: +SERVICE [/robot_state_publisher/get_loggers] /robot_state_publisher http://ip-172-31-19-100:51476/
[rosmaster.master][INFO] 2017-06-10 00:29:59,660: +SERVICE [/robot_state_publisher/set_logger_level] /robot_state_publisher http://ip-172-31-19-100:51476/
[rosmaster.master][INFO] 2017-06-10 00:29:59,669: +PUB [/tf] /robot_state_publisher http://ip-172-31-19-100:51476/
[rosmaster.master][INFO] 2017-06-10 00:29:59,673: +PUB [/tf_static] /robot_state_publisher http://ip-172-31-19-100:51476/
[rosmaster.master][INFO] 2017-06-10 00:29:59,675: publisherUpdate[/rosout] -> http://ip-172-31-19-100:56953/
[rosmaster.master][INFO] 2017-06-10 00:29:59,680: publisherUpdate[/tf] -> http://ip-172-31-19-100:49350/
[rosmaster.master][INFO] 2017-06-10 00:29:59,681: publisherUpdate[/rosout] -> http://ip-172-31-19-100:56953/
[rosmaster.master][INFO] 2017-06-10 00:29:59,683: publisherUpdate[/tf] -> http://ip-172-31-19-100:46267/
[rosmaster.master][INFO] 2017-06-10 00:29:59,685: +SUB [/joint_states] /robot_state_publisher http://ip-172-31-19-100:51476/
[rosmaster.master][INFO] 2017-06-10 00:29:59,696: publisherUpdate[/tf_static] -> http://ip-172-31-19-100:49350/
[rosmaster.master][INFO] 2017-06-10 00:29:59,701: publisherUpdate[/tf_static] -> http://ip-172-31-19-100:46267/
[rosmaster.master][INFO] 2017-06-10 00:29:59,846: +PUB [/rosout] /move_group http://ip-172-31-19-100:53287/
[rosmaster.master][INFO] 2017-06-10 00:29:59,851: +SERVICE [/move_group/get_loggers] /move_group http://ip-172-31-19-100:53287/
[rosmaster.master][INFO] 2017-06-10 00:29:59,856: +SERVICE [/move_group/set_logger_level] /move_group http://ip-172-31-19-100:53287/
[rosmaster.master][INFO] 2017-06-10 00:29:59,866: +SUB [/tf] /move_group http://ip-172-31-19-100:53287/
[rosmaster.master][INFO] 2017-06-10 00:29:59,875: +SUB [/tf_static] /move_group http://ip-172-31-19-100:53287/
[rosmaster.master][INFO] 2017-06-10 00:29:59,893: publisherUpdate[/rosout] -> http://ip-172-31-19-100:56953/
[rosmaster.master][INFO] 2017-06-10 00:30:00,083: +SERVICE [/move_group/planning_scene_monitor/set_parameters] /move_group http://ip-172-31-19-100:53287/
[rosmaster.master][INFO] 2017-06-10 00:30:00,088: +PUB [/move_group/planning_scene_monitor/parameter_descriptions] /move_group http://ip-172-31-19-100:53287/
[rosmaster.master][INFO] 2017-06-10 00:30:00,092: +PUB [/move_group/planning_scene_monitor/parameter_updates] /move_group http://ip-172-31-19-100:53287/
[rosmaster.master][INFO] 2017-06-10 00:30:00,102: +PARAM [/move_group/planning_scene_monitor/publish_planning_scene] by /move_group
[rosmaster.master][INFO] 2017-06-10 00:30:00,111: +PARAM [/move_group/planning_scene_monitor/publish_planning_scene_hz] by /move_group
[rosmaster.master][INFO] 2017-06-10 00:30:00,116: +PARAM [/move_group/planning_scene_monitor/publish_geometry_updates] by /move_group
[rosmaster.master][INFO] 2017-06-10 00:30:00,120: +PARAM [/move_group/planning_scene_monitor/publish_state_updates] by /move_group
[rosmaster.master][INFO] 2017-06-10 00:30:00,125: +PARAM [/move_group/planning_scene_monitor/publish_transforms_updates] by /move_group
[rosmaster.master][INFO] 2017-06-10 00:30:00,130: +PUB [/move_group/monitored_planning_scene] /move_group http://ip-172-31-19-100:53287/
[rosmaster.master][INFO] 2017-06-10 00:30:00,135: +PARAM [/move_group/planning_scene_monitor/publish_planning_scene] by /move_group
[rosmaster.master][INFO] 2017-06-10 00:30:00,139: +PARAM [/move_group/planning_scene_monitor/publish_planning_scene_hz] by /move_group
[rosmaster.master][INFO] 2017-06-10 00:30:00,146: +PARAM [/move_group/planning_scene_monitor/publish_geometry_updates] by /move_group
[rosmaster.master][INFO] 2017-06-10 00:30:00,151: +PARAM [/move_group/planning_scene_monitor/publish_state_updates] by /move_group
[rosmaster.master][INFO] 2017-06-10 00:30:00,158: +PARAM [/move_group/planning_scene_monitor/publish_transforms_updates] by /move_group
[rosmaster.master][INFO] 2017-06-10 00:30:00,169: +SUB [/planning_scene] /move_group http://ip-172-31-19-100:53287/
[rosmaster.master][INFO] 2017-06-10 00:30:00,180: +SUB [/collision_object] /move_group http://ip-172-31-19-100:53287/
[rosmaster.master][INFO] 2017-06-10 00:30:00,193: +SUB [/planning_scene_world] /move_group http://ip-172-31-19-100:53287/
[rosmaster.master][INFO] 2017-06-10 00:30:00,200: +SERVICE [/move_group/save_map] /move_group http://ip-172-31-19-100:53287/
[rosmaster.master][INFO] 2017-06-10 00:30:00,205: +SERVICE [/move_group/load_map] /move_group http://ip-172-31-19-100:53287/
[rosmaster.master][INFO] 2017-06-10 00:30:00,209: +PUB [/rosout] /move_group_commander_wrappers_1497079800203586365 http://ip-172-31-19-100:49311/
[rosmaster.master][INFO] 2017-06-10 00:30:00,209: publisherUpdate[/rosout] -> http://ip-172-31-19-100:56953/
[rosmaster.master][INFO] 2017-06-10 00:30:00,217: +SUB [/joint_states] /move_group http://ip-172-31-19-100:53287/
[rosmaster.master][INFO] 2017-06-10 00:30:00,224: +SERVICE [/move_group_commander_wrappers_1497079800203586365/get_loggers] /move_group_commander_wrappers_1497079800203586365 http://ip-172-31-19-100:49311/
[rosmaster.master][INFO] 2017-06-10 00:30:00,229: +SERVICE [/move_group_commander_wrappers_1497079800203586365/set_logger_level] /move_group_commander_wrappers_1497079800203586365 http://ip-172-31-19-100:49311/
[rosmaster.master][INFO] 2017-06-10 00:30:00,232: +SUB [/attached_collision_object] /move_group http://ip-172-31-19-100:53287/
[rosmaster.master][INFO] 2017-06-10 00:30:00,330: +SERVICE [/move_group/ompl/set_parameters] /move_group http://ip-172-31-19-100:53287/
[rosmaster.master][INFO] 2017-06-10 00:30:00,334: +PUB [/move_group/ompl/parameter_descriptions] /move_group http://ip-172-31-19-100:53287/
[rosmaster.master][INFO] 2017-06-10 00:30:00,339: +PUB [/move_group/ompl/parameter_updates] /move_group http://ip-172-31-19-100:53287/
[rosmaster.master][INFO] 2017-06-10 00:30:00,347: +PARAM [/move_group/ompl/simplify_solutions] by /move_group
[rosmaster.master][INFO] 2017-06-10 00:30:00,351: +PARAM [/move_group/ompl/minimum_waypoint_count] by /move_group
[rosmaster.master][INFO] 2017-06-10 00:30:00,356: +PARAM [/move_group/ompl/maximum_waypoint_distance] by /move_group
[rosmaster.master][INFO] 2017-06-10 00:30:00,364: +PARAM [/move_group/ompl/link_for_exploration_tree] by /move_group
[rosmaster.master][INFO] 2017-06-10 00:30:00,369: +PARAM [/move_group/ompl/display_random_valid_states] by /move_group
[rosmaster.master][INFO] 2017-06-10 00:30:00,373: +PARAM [/move_group/ompl/simplify_solutions] by /move_group
[rosmaster.master][INFO] 2017-06-10 00:30:00,377: +PARAM [/move_group/ompl/minimum_waypoint_count] by /move_group
[rosmaster.master][INFO] 2017-06-10 00:30:00,382: +PARAM [/move_group/ompl/maximum_waypoint_distance] by /move_group
[rosmaster.master][INFO] 2017-06-10 00:30:00,386: +PARAM [/move_group/ompl/link_for_exploration_tree] by /move_group
[rosmaster.master][INFO] 2017-06-10 00:30:00,390: +PARAM [/move_group/ompl/display_random_valid_states] by /move_group
[rosmaster.master][INFO] 2017-06-10 00:30:00,401: +PUB [/rosout] /marker_control_29041_1497079800233 http://ip-172-31-19-100:45295/
[rosmaster.master][INFO] 2017-06-10 00:30:00,402: publisherUpdate[/rosout] -> http://ip-172-31-19-100:56953/
[rosmaster.master][INFO] 2017-06-10 00:30:00,414: +SERVICE [/marker_control_29041_1497079800233/get_loggers] /marker_control_29041_1497079800233 http://ip-172-31-19-100:45295/
[rosmaster.master][INFO] 2017-06-10 00:30:00,419: +SERVICE [/marker_control_29041_1497079800233/set_logger_level] /marker_control_29041_1497079800233 http://ip-172-31-19-100:45295/
[rosmaster.master][INFO] 2017-06-10 00:30:00,430: +PUB [/planning_scene] /move_group_commander_wrappers_1497079800203586365 http://ip-172-31-19-100:49311/
[rosmaster.master][INFO] 2017-06-10 00:30:00,434: +PUB [/collision_object] /marker_control_29041_1497079800233 http://ip-172-31-19-100:45295/
[rosmaster.master][INFO] 2017-06-10 00:30:00,439: +PUB [/attached_collision_object] /marker_control_29041_1497079800233 http://ip-172-31-19-100:45295/
[rosmaster.master][INFO] 2017-06-10 00:30:00,443: +PUB [/move_group/display_planned_path] /move_group http://ip-172-31-19-100:53287/
[rosmaster.master][INFO] 2017-06-10 00:30:00,447: +PUB [/visualization_marker_array] /marker_control_29041_1497079800233 http://ip-172-31-19-100:45295/
[rosmaster.master][INFO] 2017-06-10 00:30:00,450: +PUB [/move_group/display_contacts] /move_group http://ip-172-31-19-100:53287/
[rosmaster.master][INFO] 2017-06-10 00:30:00,454: +PUB [/motion_planning_goal] /marker_control_29041_1497079800233 http://ip-172-31-19-100:45295/
[rosmaster.master][INFO] 2017-06-10 00:30:00,460: +SUB [/joint_trajectory] /marker_control_29041_1497079800233 http://ip-172-31-19-100:45295/
[rosmaster.master][INFO] 2017-06-10 00:30:00,465: +PUB [/control_markers/update_full] /marker_control_29041_1497079800233 http://ip-172-31-19-100:45295/
[rosmaster.master][INFO] 2017-06-10 00:30:00,470: +PUB [/control_markers/update] /marker_control_29041_1497079800233 http://ip-172-31-19-100:45295/
[rosmaster.master][INFO] 2017-06-10 00:30:00,475: +SUB [/control_markers/feedback] /marker_control_29041_1497079800233 http://ip-172-31-19-100:45295/
[rosmaster.master][INFO] 2017-06-10 00:30:00,503: +SERVICE [/apply_planning_scene] /move_group http://ip-172-31-19-100:53287/
[rosmaster.master][INFO] 2017-06-10 00:30:00,506: publisherUpdate[/planning_scene] -> http://ip-172-31-19-100:53287/
[rosmaster.master][INFO] 2017-06-10 00:30:00,508: +SERVICE [/clear_octomap] /move_group http://ip-172-31-19-100:53287/
[rosmaster.master][INFO] 2017-06-10 00:30:00,510: publisherUpdate[/control_markers/update] -> http://ip-172-31-19-100:46267/
[rosmaster.master][INFO] 2017-06-10 00:30:00,512: publisherUpdate[/collision_object] -> http://ip-172-31-19-100:53287/
[rosmaster.master][INFO] 2017-06-10 00:30:00,515: +SERVICE [/compute_cartesian_path] /move_group http://ip-172-31-19-100:53287/
[rosmaster.master][INFO] 2017-06-10 00:30:00,523: publisherUpdate[/attached_collision_object] -> http://ip-172-31-19-100:53287/
[rosmaster.master][INFO] 2017-06-10 00:30:00,528: +SERVICE [/execute_kinematic_path] /move_group http://ip-172-31-19-100:53287/
[rosmaster.master][INFO] 2017-06-10 00:30:00,538: +PUB [/execute_trajectory/result] /move_group http://ip-172-31-19-100:53287/
[rosmaster.master][INFO] 2017-06-10 00:30:00,542: +PUB [/execute_trajectory/feedback] /move_group http://ip-172-31-19-100:53287/
[rosmaster.master][INFO] 2017-06-10 00:30:00,547: +PUB [/execute_trajectory/status] /move_group http://ip-172-31-19-100:53287/
[rosmaster.master][INFO] 2017-06-10 00:30:00,559: +SUB [/execute_trajectory/goal] /move_group http://ip-172-31-19-100:53287/
[rosmaster.master][INFO] 2017-06-10 00:30:00,568: +SUB [/execute_trajectory/cancel] /move_group http://ip-172-31-19-100:53287/
[rosmaster.master][INFO] 2017-06-10 00:30:00,572: +SERVICE [/get_planning_scene] /move_group http://ip-172-31-19-100:53287/
[rosmaster.master][INFO] 2017-06-10 00:30:00,577: +SERVICE [/compute_fk] /move_group http://ip-172-31-19-100:53287/
[rosmaster.master][INFO] 2017-06-10 00:30:00,581: +SERVICE [/compute_ik] /move_group http://ip-172-31-19-100:53287/
[rosmaster.master][INFO] 2017-06-10 00:30:00,588: +PUB [/move_group/result] /move_group http://ip-172-31-19-100:53287/
[rosmaster.master][INFO] 2017-06-10 00:30:00,592: +PUB [/move_group/feedback] /move_group http://ip-172-31-19-100:53287/
[rosmaster.master][INFO] 2017-06-10 00:30:00,597: +PUB [/move_group/status] /move_group http://ip-172-31-19-100:53287/
[rosmaster.master][INFO] 2017-06-10 00:30:00,609: +SUB [/move_group/goal] /move_group http://ip-172-31-19-100:53287/
[rosmaster.master][INFO] 2017-06-10 00:30:00,618: +SUB [/move_group/cancel] /move_group http://ip-172-31-19-100:53287/
[rosmaster.master][INFO] 2017-06-10 00:30:00,669: +PUB [/pickup/result] /move_group http://ip-172-31-19-100:53287/
[rosmaster.master][INFO] 2017-06-10 00:30:00,675: +PUB [/pickup/feedback] /move_group http://ip-172-31-19-100:53287/
[rosmaster.master][INFO] 2017-06-10 00:30:00,680: +PUB [/pickup/status] /move_group http://ip-172-31-19-100:53287/
[rosmaster.master][INFO] 2017-06-10 00:30:00,691: +SUB [/pickup/goal] /move_group http://ip-172-31-19-100:53287/
[rosmaster.master][INFO] 2017-06-10 00:30:00,700: +SUB [/pickup/cancel] /move_group http://ip-172-31-19-100:53287/
[rosmaster.master][INFO] 2017-06-10 00:30:00,706: +PUB [/place/result] /move_group http://ip-172-31-19-100:53287/
[rosmaster.master][INFO] 2017-06-10 00:30:00,714: +PUB [/place/feedback] /move_group http://ip-172-31-19-100:53287/
[rosmaster.master][INFO] 2017-06-10 00:30:00,718: +PUB [/place/status] /move_group http://ip-172-31-19-100:53287/
[rosmaster.master][INFO] 2017-06-10 00:30:00,730: +SUB [/place/goal] /move_group http://ip-172-31-19-100:53287/
[rosmaster.master][INFO] 2017-06-10 00:30:00,740: +SUB [/place/cancel] /move_group http://ip-172-31-19-100:53287/
[rosmaster.master][INFO] 2017-06-10 00:30:00,748: +SERVICE [/plan_kinematic_path] /move_group http://ip-172-31-19-100:53287/
[rosmaster.master][INFO] 2017-06-10 00:30:00,752: +SERVICE [/query_planner_interface] /move_group http://ip-172-31-19-100:53287/
[rosmaster.master][INFO] 2017-06-10 00:30:00,757: +SERVICE [/check_state_validity] /move_group http://ip-172-31-19-100:53287/
[rosmaster.master][INFO] 2017-06-10 00:30:00,985: +SUB [/control_markers/update_full] /interactive_marker_proxy http://ip-172-31-19-100:46267/
[rosmaster.master][INFO] 2017-06-10 00:30:01,136: -SUB [/control_markers/update_full] /interactive_marker_proxy http://ip-172-31-19-100:46267/
[rosmaster.master][INFO] 2017-06-10 00:30:15,104: +PUB [/rosout] /move_group_commander_wrappers_1497079815098830902 http://ip-172-31-19-100:48607/
[rosmaster.master][INFO] 2017-06-10 00:30:15,111: +SERVICE [/move_group_commander_wrappers_1497079815098830902/get_loggers] /move_group_commander_wrappers_1497079815098830902 http://ip-172-31-19-100:48607/
[rosmaster.master][INFO] 2017-06-10 00:30:15,115: +SERVICE [/move_group_commander_wrappers_1497079815098830902/set_logger_level] /move_group_commander_wrappers_1497079815098830902 http://ip-172-31-19-100:48607/
[rosmaster.master][INFO] 2017-06-10 00:30:15,145: publisherUpdate[/rosout] -> http://ip-172-31-19-100:56953/
[rosmaster.master][INFO] 2017-06-10 00:30:15,282: +PUB [/rosout] /move_arm_29578_1497079815125 http://ip-172-31-19-100:36321/
[rosmaster.master][INFO] 2017-06-10 00:30:15,295: +SERVICE [/move_arm_29578_1497079815125/get_loggers] /move_arm_29578_1497079815125 http://ip-172-31-19-100:36321/
[rosmaster.master][INFO] 2017-06-10 00:30:15,300: +SERVICE [/move_arm_29578_1497079815125/set_logger_level] /move_arm_29578_1497079815125 http://ip-172-31-19-100:36321/
[rosmaster.master][INFO] 2017-06-10 00:30:15,305: +SUB [/joint_states] /move_arm_29578_1497079815125 http://ip-172-31-19-100:36321/
[rosmaster.master][INFO] 2017-06-10 00:30:15,311: +SUB [/motion_planning_goal] /move_arm_29578_1497079815125 http://ip-172-31-19-100:36321/
[rosmaster.master][INFO] 2017-06-10 00:30:15,317: +PUB [/joint_trajectory] /move_arm_29578_1497079815125 http://ip-172-31-19-100:36321/
[rosmaster.master][INFO] 2017-06-10 00:30:15,348: publisherUpdate[/rosout] -> http://ip-172-31-19-100:56953/
[rosmaster.master][INFO] 2017-06-10 00:30:15,351: publisherUpdate[/joint_trajectory] -> http://ip-172-31-19-100:42640/
[rosmaster.master][INFO] 2017-06-10 00:30:15,354: publisherUpdate[/joint_trajectory] -> http://ip-172-31-19-100:45295/
[rosmaster.master][INFO] 2017-06-10 00:30:15,480: +SUB [/tf] /move_group_commander_wrappers_1497079815098830902 http://ip-172-31-19-100:48607/
[rosmaster.master][INFO] 2017-06-10 00:30:15,488: +SUB [/tf_static] /move_group_commander_wrappers_1497079815098830902 http://ip-172-31-19-100:48607/
[rosmaster.master][INFO] 2017-06-10 00:30:15,492: +PUB [/planning_scene] /move_group_commander_wrappers_1497079815098830902 http://ip-172-31-19-100:48607/
[rosmaster.master][INFO] 2017-06-10 00:30:15,498: +PUB [/collision_object] /move_arm_29578_1497079815125 http://ip-172-31-19-100:36321/
[rosmaster.master][INFO] 2017-06-10 00:30:15,503: +PUB [/attached_collision_object] /move_arm_29578_1497079815125 http://ip-172-31-19-100:36321/
[rosmaster.master][INFO] 2017-06-10 00:30:15,509: +PUB [/trajectory_execution_event] /move_group_commander_wrappers_1497079815098830902 http://ip-172-31-19-100:48607/
[rosmaster.master][INFO] 2017-06-10 00:30:15,514: +PUB [/attached_collision_object] /move_group_commander_wrappers_1497079815098830902 http://ip-172-31-19-100:48607/
[rosmaster.master][INFO] 2017-06-10 00:30:15,522: +SUB [/move_group/status] /move_group_commander_wrappers_1497079815098830902 http://ip-172-31-19-100:48607/
[rosmaster.master][INFO] 2017-06-10 00:30:15,529: +SUB [/move_group/feedback] /move_group_commander_wrappers_1497079815098830902 http://ip-172-31-19-100:48607/
[rosmaster.master][INFO] 2017-06-10 00:30:15,537: +SUB [/move_group/result] /move_group_commander_wrappers_1497079815098830902 http://ip-172-31-19-100:48607/
[rosmaster.master][INFO] 2017-06-10 00:30:15,542: +PUB [/move_group/goal] /move_group_commander_wrappers_1497079815098830902 http://ip-172-31-19-100:48607/
[rosmaster.master][INFO] 2017-06-10 00:30:15,546: +PUB [/move_group/cancel] /move_group_commander_wrappers_1497079815098830902 http://ip-172-31-19-100:48607/
[rosmaster.master][INFO] 2017-06-10 00:30:15,556: publisherUpdate[/planning_scene] -> http://ip-172-31-19-100:53287/
[rosmaster.master][INFO] 2017-06-10 00:30:15,560: publisherUpdate[/collision_object] -> http://ip-172-31-19-100:53287/
[rosmaster.master][INFO] 2017-06-10 00:30:15,564: publisherUpdate[/attached_collision_object] -> http://ip-172-31-19-100:53287/
[rosmaster.master][INFO] 2017-06-10 00:30:15,569: publisherUpdate[/attached_collision_object] -> http://ip-172-31-19-100:53287/
[rosmaster.master][INFO] 2017-06-10 00:30:15,573: publisherUpdate[/move_group/goal] -> http://ip-172-31-19-100:53287/
[rosmaster.master][INFO] 2017-06-10 00:30:15,578: publisherUpdate[/move_group/cancel] -> http://ip-172-31-19-100:53287/
[rosmaster.master][INFO] 2017-06-10 00:30:15,792: +SUB [/pickup/status] /move_group_commander_wrappers_1497079815098830902 http://ip-172-31-19-100:48607/
[rosmaster.master][INFO] 2017-06-10 00:30:15,800: +SUB [/pickup/feedback] /move_group_commander_wrappers_1497079815098830902 http://ip-172-31-19-100:48607/
[rosmaster.master][INFO] 2017-06-10 00:30:15,808: +SUB [/pickup/result] /move_group_commander_wrappers_1497079815098830902 http://ip-172-31-19-100:48607/
[rosmaster.master][INFO] 2017-06-10 00:30:15,813: +PUB [/pickup/goal] /move_group_commander_wrappers_1497079815098830902 http://ip-172-31-19-100:48607/
[rosmaster.master][INFO] 2017-06-10 00:30:15,817: +PUB [/pickup/cancel] /move_group_commander_wrappers_1497079815098830902 http://ip-172-31-19-100:48607/
[rosmaster.master][INFO] 2017-06-10 00:30:15,859: publisherUpdate[/pickup/goal] -> http://ip-172-31-19-100:53287/
[rosmaster.master][INFO] 2017-06-10 00:30:15,864: publisherUpdate[/pickup/cancel] -> http://ip-172-31-19-100:53287/
[rosmaster.master][INFO] 2017-06-10 00:30:16,075: +SUB [/place/status] /move_group_commander_wrappers_1497079815098830902 http://ip-172-31-19-100:48607/
[rosmaster.master][INFO] 2017-06-10 00:30:16,083: +SUB [/place/feedback] /move_group_commander_wrappers_1497079815098830902 http://ip-172-31-19-100:48607/
[rosmaster.master][INFO] 2017-06-10 00:30:16,097: +SUB [/place/result] /move_group_commander_wrappers_1497079815098830902 http://ip-172-31-19-100:48607/
[rosmaster.master][INFO] 2017-06-10 00:30:16,102: +PUB [/place/goal] /move_group_commander_wrappers_1497079815098830902 http://ip-172-31-19-100:48607/
[rosmaster.master][INFO] 2017-06-10 00:30:16,106: +PUB [/place/cancel] /move_group_commander_wrappers_1497079815098830902 http://ip-172-31-19-100:48607/
[rosmaster.master][INFO] 2017-06-10 00:30:16,163: publisherUpdate[/place/goal] -> http://ip-172-31-19-100:53287/
[rosmaster.master][INFO] 2017-06-10 00:30:16,168: publisherUpdate[/place/cancel] -> http://ip-172-31-19-100:53287/
[rosmaster.master][INFO] 2017-06-10 00:30:16,279: +SUB [/execute_trajectory/status] /move_group_commander_wrappers_1497079815098830902 http://ip-172-31-19-100:48607/
[rosmaster.master][INFO] 2017-06-10 00:30:16,287: +SUB [/execute_trajectory/feedback] /move_group_commander_wrappers_1497079815098830902 http://ip-172-31-19-100:48607/
[rosmaster.master][INFO] 2017-06-10 00:30:16,294: +SUB [/execute_trajectory/result] /move_group_commander_wrappers_1497079815098830902 http://ip-172-31-19-100:48607/
[rosmaster.master][INFO] 2017-06-10 00:30:16,298: +PUB [/execute_trajectory/goal] /move_group_commander_wrappers_1497079815098830902 http://ip-172-31-19-100:48607/
[rosmaster.master][INFO] 2017-06-10 00:30:16,309: +PUB [/execute_trajectory/cancel] /move_group_commander_wrappers_1497079815098830902 http://ip-172-31-19-100:48607/
[rosmaster.master][INFO] 2017-06-10 00:30:16,315: -SUB [/execute_trajectory/status] /move_group_commander_wrappers_1497079815098830902 http://ip-172-31-19-100:48607/
[rosmaster.master][INFO] 2017-06-10 00:30:16,319: -PUB [/execute_trajectory/cancel] /move_group_commander_wrappers_1497079815098830902 http://ip-172-31-19-100:48607/
[rosmaster.master][INFO] 2017-06-10 00:30:16,323: -PUB [/execute_trajectory/goal] /move_group_commander_wrappers_1497079815098830902 http://ip-172-31-19-100:48607/
[rosmaster.master][INFO] 2017-06-10 00:30:16,328: -SUB [/execute_trajectory/feedback] /move_group_commander_wrappers_1497079815098830902 http://ip-172-31-19-100:48607/
[rosmaster.master][INFO] 2017-06-10 00:30:16,332: -SUB [/execute_trajectory/result] /move_group_commander_wrappers_1497079815098830902 http://ip-172-31-19-100:48607/
[rosmaster.master][INFO] 2017-06-10 00:30:16,369: publisherUpdate[/execute_trajectory/goal] -> http://ip-172-31-19-100:53287/
[rosmaster.master][INFO] 2017-06-10 00:30:16,374: publisherUpdate[/execute_trajectory/cancel] -> http://ip-172-31-19-100:53287/
[rosmaster.master][INFO] 2017-06-10 00:30:16,378: publisherUpdate[/execute_trajectory/cancel] -> http://ip-172-31-19-100:53287/
[rosmaster.master][INFO] 2017-06-10 00:30:16,382: publisherUpdate[/execute_trajectory/goal] -> http://ip-172-31-19-100:53287/
[rosmaster.master][INFO] 2017-06-10 00:30:16,479: +PUB [/tf2_web_republisher/goal] /rosbridge_websocket http://ip-172-31-19-100:56257/
[rosmaster.master][INFO] 2017-06-10 00:30:16,484: publisherUpdate[/tf2_web_republisher/goal] -> http://ip-172-31-19-100:49350/
[rosmaster.master][INFO] 2017-06-10 00:30:16,491: +PUB [/tf2_web_republisher/cancel] /rosbridge_websocket http://ip-172-31-19-100:56257/
[rosmaster.master][INFO] 2017-06-10 00:30:16,498: +SUB [/tf2_web_republisher/feedback] /rosbridge_websocket http://ip-172-31-19-100:56257/
[rosmaster.master][INFO] 2017-06-10 00:30:16,513: +SUB [/visualization_marker_array] /rosbridge_websocket http://ip-172-31-19-100:56257/
[rosmaster.master][INFO] 2017-06-10 00:30:16,534: +SUB [/control_markers/tunneled/update] /rosbridge_websocket http://ip-172-31-19-100:56257/
[rosmaster.master][INFO] 2017-06-10 00:30:16,547: +PUB [/control_markers/feedback] /rosbridge_websocket http://ip-172-31-19-100:56257/
[rosmaster.master][INFO] 2017-06-10 00:30:16,573: publisherUpdate[/tf2_web_republisher/cancel] -> http://ip-172-31-19-100:49350/
[rosmaster.master][INFO] 2017-06-10 00:30:16,577: publisherUpdate[/control_markers/feedback] -> http://ip-172-31-19-100:45295/
[rosmaster.master][INFO] 2017-06-10 00:30:50,232: +SUB [/tf] /marker_control_29041_1497079800233 http://ip-172-31-19-100:45295/
[rosmaster.master][INFO] 2017-06-10 00:30:50,236: +SERVICE [/marker_control_29041_1497079800233/tf_frames] /marker_control_29041_1497079800233 http://ip-172-31-19-100:45295/
[rosmaster.master][INFO] 2017-06-10 00:30:50,241: +SUB [/joint_states] /marker_control_29041_1497079800233 http://ip-172-31-19-100:45295/
[rosmaster.master][INFO] 2017-06-10 00:30:50,250: +PUB [/joint_command] /marker_control_29041_1497079800233 http://ip-172-31-19-100:45295/
[rosmaster.master][INFO] 2017-06-10 00:30:50,341: publisherUpdate[/joint_command] -> http://ip-172-31-19-100:42640/
[rosmaster.master][INFO] 2017-06-10 00:31:01,847: -SUB [/motion_planning_goal] /move_arm_29578_1497079815125 http://ip-172-31-19-100:36321/
[rosmaster.master][INFO] 2017-06-10 00:31:01,851: -SUB [/joint_states] /move_arm_29578_1497079815125 http://ip-172-31-19-100:36321/
[rosmaster.master][INFO] 2017-06-10 00:31:01,855: -PUB [/collision_object] /move_arm_29578_1497079815125 http://ip-172-31-19-100:36321/
[rosmaster.master][INFO] 2017-06-10 00:31:01,858: -PUB [/joint_trajectory] /move_arm_29578_1497079815125 http://ip-172-31-19-100:36321/
[rosmaster.master][INFO] 2017-06-10 00:31:01,862: -PUB [/rosout] /move_arm_29578_1497079815125 http://ip-172-31-19-100:36321/
[rosmaster.master][INFO] 2017-06-10 00:31:01,863: publisherUpdate[/collision_object] -> http://ip-172-31-19-100:53287/
[rosmaster.master][INFO] 2017-06-10 00:31:01,865: publisherUpdate[/joint_trajectory] -> http://ip-172-31-19-100:42640/
[rosmaster.master][INFO] 2017-06-10 00:31:01,866: publisherUpdate[/joint_trajectory] -> http://ip-172-31-19-100:45295/
[rosmaster.master][INFO] 2017-06-10 00:31:01,873: -PUB [/attached_collision_object] /move_arm_29578_1497079815125 http://ip-172-31-19-100:36321/
[rosmaster.master][INFO] 2017-06-10 00:31:01,877: publisherUpdate[/rosout] -> http://ip-172-31-19-100:56953/
[rosmaster.master][INFO] 2017-06-10 00:31:01,881: publisherUpdate[/attached_collision_object] -> http://ip-172-31-19-100:53287/
[rosmaster.master][INFO] 2017-06-10 00:31:01,890: -SERVICE [/move_arm_29578_1497079815125/get_loggers] /move_arm_29578_1497079815125 rosrpc://ip-172-31-19-100:41789
[rosmaster.master][INFO] 2017-06-10 00:31:01,902: -SERVICE [/move_arm_29578_1497079815125/set_logger_level] /move_arm_29578_1497079815125 rosrpc://ip-172-31-19-100:41789
[rosmaster.master][INFO] 2017-06-10 00:31:02,563: -PUB [/rosout] /move_group_commander_wrappers_1497079815098830902 http://ip-172-31-19-100:48607/
[rosmaster.master][INFO] 2017-06-10 00:31:02,567: -PUB [/planning_scene] /move_group_commander_wrappers_1497079815098830902 http://ip-172-31-19-100:48607/
[rosmaster.master][INFO] 2017-06-10 00:31:02,571: -PUB [/trajectory_execution_event] /move_group_commander_wrappers_1497079815098830902 http://ip-172-31-19-100:48607/
[rosmaster.master][INFO] 2017-06-10 00:31:02,576: -PUB [/attached_collision_object] /move_group_commander_wrappers_1497079815098830902 http://ip-172-31-19-100:48607/
[rosmaster.master][INFO] 2017-06-10 00:31:02,580: -PUB [/move_group/goal] /move_group_commander_wrappers_1497079815098830902 http://ip-172-31-19-100:48607/
[rosmaster.master][INFO] 2017-06-10 00:31:02,584: -PUB [/move_group/cancel] /move_group_commander_wrappers_1497079815098830902 http://ip-172-31-19-100:48607/
[rosmaster.master][INFO] 2017-06-10 00:31:02,588: -PUB [/pickup/goal] /move_group_commander_wrappers_1497079815098830902 http://ip-172-31-19-100:48607/
[rosmaster.master][INFO] 2017-06-10 00:31:02,589: publisherUpdate[/rosout] -> http://ip-172-31-19-100:56953/
[rosmaster.master][INFO] 2017-06-10 00:31:02,593: -PUB [/pickup/cancel] /move_group_commander_wrappers_1497079815098830902 http://ip-172-31-19-100:48607/
[rosmaster.master][INFO] 2017-06-10 00:31:02,596: publisherUpdate[/planning_scene] -> http://ip-172-31-19-100:53287/
[rosmaster.master][INFO] 2017-06-10 00:31:02,600: -PUB [/place/goal] /move_group_commander_wrappers_1497079815098830902 http://ip-172-31-19-100:48607/
[rosmaster.master][INFO] 2017-06-10 00:31:02,604: publisherUpdate[/attached_collision_object] -> http://ip-172-31-19-100:53287/
[rosmaster.master][INFO] 2017-06-10 00:31:02,607: -PUB [/place/cancel] /move_group_commander_wrappers_1497079815098830902 http://ip-172-31-19-100:48607/
[rosmaster.master][INFO] 2017-06-10 00:31:02,610: publisherUpdate[/move_group/goal] -> http://ip-172-31-19-100:53287/
[rosmaster.master][INFO] 2017-06-10 00:31:02,615: -SUB [/tf] /move_group_commander_wrappers_1497079815098830902 http://ip-172-31-19-100:48607/
[rosmaster.master][INFO] 2017-06-10 00:31:02,618: publisherUpdate[/move_group/cancel] -> http://ip-172-31-19-100:53287/
[rosmaster.master][INFO] 2017-06-10 00:31:02,628: -SUB [/tf_static] /move_group_commander_wrappers_1497079815098830902 http://ip-172-31-19-100:48607/
[rosmaster.master][INFO] 2017-06-10 00:31:02,631: publisherUpdate[/pickup/goal] -> http://ip-172-31-19-100:53287/
[rosmaster.master][INFO] 2017-06-10 00:31:02,635: -SUB [/move_group/status] /move_group_commander_wrappers_1497079815098830902 http://ip-172-31-19-100:48607/
[rosmaster.master][INFO] 2017-06-10 00:31:02,638: publisherUpdate[/pickup/cancel] -> http://ip-172-31-19-100:53287/
[rosmaster.master][INFO] 2017-06-10 00:31:02,642: -SUB [/move_group/feedback] /move_group_commander_wrappers_1497079815098830902 http://ip-172-31-19-100:48607/
[rosmaster.master][INFO] 2017-06-10 00:31:02,645: publisherUpdate[/place/goal] -> http://ip-172-31-19-100:53287/
[rosmaster.master][INFO] 2017-06-10 00:31:02,649: -SUB [/move_group/result] /move_group_commander_wrappers_1497079815098830902 http://ip-172-31-19-100:48607/
[rosmaster.master][INFO] 2017-06-10 00:31:02,652: publisherUpdate[/place/cancel] -> http://ip-172-31-19-100:53287/
[rosmaster.master][INFO] 2017-06-10 00:31:02,656: -SUB [/pickup/status] /move_group_commander_wrappers_1497079815098830902 http://ip-172-31-19-100:48607/
[rosmaster.master][INFO] 2017-06-10 00:31:02,663: -SUB [/pickup/feedback] /move_group_commander_wrappers_1497079815098830902 http://ip-172-31-19-100:48607/
[rosmaster.master][INFO] 2017-06-10 00:31:02,667: -SUB [/pickup/result] /move_group_commander_wrappers_1497079815098830902 http://ip-172-31-19-100:48607/
[rosmaster.master][INFO] 2017-06-10 00:31:02,672: -SUB [/place/status] /move_group_commander_wrappers_1497079815098830902 http://ip-172-31-19-100:48607/
[rosmaster.master][INFO] 2017-06-10 00:31:02,676: -SUB [/place/feedback] /move_group_commander_wrappers_1497079815098830902 http://ip-172-31-19-100:48607/
[rosmaster.master][INFO] 2017-06-10 00:31:02,680: -SUB [/place/result] /move_group_commander_wrappers_1497079815098830902 http://ip-172-31-19-100:48607/
[rosmaster.master][INFO] 2017-06-10 00:31:02,684: -SERVICE [/move_group_commander_wrappers_1497079815098830902/get_loggers] /move_group_commander_wrappers_1497079815098830902 rosrpc://ip-172-31-19-100:41898
[rosmaster.master][INFO] 2017-06-10 00:31:02,688: -SERVICE [/move_group_commander_wrappers_1497079815098830902/set_logger_level] /move_group_commander_wrappers_1497079815098830902 rosrpc://ip-172-31-19-100:41898
[rosmaster.master][INFO] 2017-06-10 00:32:35,187: +PUB [/rosout] /move_group_commander_wrappers_1497079955180739236 http://ip-172-31-19-100:50126/
[rosmaster.master][INFO] 2017-06-10 00:32:35,187: +SERVICE [/move_group_commander_wrappers_1497079955180739236/get_loggers] /move_group_commander_wrappers_1497079955180739236 http://ip-172-31-19-100:50126/
[rosmaster.master][INFO] 2017-06-10 00:32:35,192: +SERVICE [/move_group_commander_wrappers_1497079955180739236/set_logger_level] /move_group_commander_wrappers_1497079955180739236 http://ip-172-31-19-100:50126/
[rosmaster.master][INFO] 2017-06-10 00:32:35,218: publisherUpdate[/rosout] -> http://ip-172-31-19-100:56953/
[rosmaster.master][INFO] 2017-06-10 00:32:35,364: +PUB [/rosout] /move_arm_438_1497079955204 http://ip-172-31-19-100:48031/
[rosmaster.master][INFO] 2017-06-10 00:32:35,377: +SERVICE [/move_arm_438_1497079955204/get_loggers] /move_arm_438_1497079955204 http://ip-172-31-19-100:48031/
[rosmaster.master][INFO] 2017-06-10 00:32:35,382: +SERVICE [/move_arm_438_1497079955204/set_logger_level] /move_arm_438_1497079955204 http://ip-172-31-19-100:48031/
[rosmaster.master][INFO] 2017-06-10 00:32:35,388: +SUB [/joint_states] /move_arm_438_1497079955204 http://ip-172-31-19-100:48031/
[rosmaster.master][INFO] 2017-06-10 00:32:35,393: +SUB [/motion_planning_goal] /move_arm_438_1497079955204 http://ip-172-31-19-100:48031/
[rosmaster.master][INFO] 2017-06-10 00:32:35,397: +PUB [/joint_trajectory] /move_arm_438_1497079955204 http://ip-172-31-19-100:48031/
[rosmaster.master][INFO] 2017-06-10 00:32:35,423: publisherUpdate[/rosout] -> http://ip-172-31-19-100:56953/
[rosmaster.master][INFO] 2017-06-10 00:32:35,427: publisherUpdate[/joint_trajectory] -> http://ip-172-31-19-100:42640/
[rosmaster.master][INFO] 2017-06-10 00:32:35,431: publisherUpdate[/joint_trajectory] -> http://ip-172-31-19-100:45295/
[rosmaster.master][INFO] 2017-06-10 00:32:35,564: +SUB [/tf] /move_group_commander_wrappers_1497079955180739236 http://ip-172-31-19-100:50126/
[rosmaster.master][INFO] 2017-06-10 00:32:35,571: +SUB [/tf_static] /move_group_commander_wrappers_1497079955180739236 http://ip-172-31-19-100:50126/
[rosmaster.master][INFO] 2017-06-10 00:32:35,576: +PUB [/planning_scene] /move_group_commander_wrappers_1497079955180739236 http://ip-172-31-19-100:50126/
[rosmaster.master][INFO] 2017-06-10 00:32:35,582: +PUB [/collision_object] /move_arm_438_1497079955204 http://ip-172-31-19-100:48031/
[rosmaster.master][INFO] 2017-06-10 00:32:35,587: +PUB [/attached_collision_object] /move_arm_438_1497079955204 http://ip-172-31-19-100:48031/
[rosmaster.master][INFO] 2017-06-10 00:32:35,592: +PUB [/trajectory_execution_event] /move_group_commander_wrappers_1497079955180739236 http://ip-172-31-19-100:50126/
[rosmaster.master][INFO] 2017-06-10 00:32:35,597: +PUB [/attached_collision_object] /move_group_commander_wrappers_1497079955180739236 http://ip-172-31-19-100:50126/
[rosmaster.master][INFO] 2017-06-10 00:32:35,605: +SUB [/move_group/status] /move_group_commander_wrappers_1497079955180739236 http://ip-172-31-19-100:50126/
[rosmaster.master][INFO] 2017-06-10 00:32:35,612: +SUB [/move_group/feedback] /move_group_commander_wrappers_1497079955180739236 http://ip-172-31-19-100:50126/
[rosmaster.master][INFO] 2017-06-10 00:32:35,619: +SUB [/move_group/result] /move_group_commander_wrappers_1497079955180739236 http://ip-172-31-19-100:50126/
[rosmaster.master][INFO] 2017-06-10 00:32:35,624: +PUB [/move_group/goal] /move_group_commander_wrappers_1497079955180739236 http://ip-172-31-19-100:50126/
[rosmaster.master][INFO] 2017-06-10 00:32:35,636: +PUB [/move_group/cancel] /move_group_commander_wrappers_1497079955180739236 http://ip-172-31-19-100:50126/
[rosmaster.master][INFO] 2017-06-10 00:32:35,637: publisherUpdate[/planning_scene] -> http://ip-172-31-19-100:53287/
[rosmaster.master][INFO] 2017-06-10 00:32:35,643: publisherUpdate[/collision_object] -> http://ip-172-31-19-100:53287/
[rosmaster.master][INFO] 2017-06-10 00:32:35,648: publisherUpdate[/attached_collision_object] -> http://ip-172-31-19-100:53287/
[rosmaster.master][INFO] 2017-06-10 00:32:35,652: publisherUpdate[/attached_collision_object] -> http://ip-172-31-19-100:53287/
[rosmaster.master][INFO] 2017-06-10 00:32:35,656: publisherUpdate[/move_group/goal] -> http://ip-172-31-19-100:53287/
[rosmaster.master][INFO] 2017-06-10 00:32:35,660: publisherUpdate[/move_group/cancel] -> http://ip-172-31-19-100:53287/
[rosmaster.master][INFO] 2017-06-10 00:32:35,874: +SUB [/pickup/status] /move_group_commander_wrappers_1497079955180739236 http://ip-172-31-19-100:50126/
[rosmaster.master][INFO] 2017-06-10 00:32:35,882: +SUB [/pickup/feedback] /move_group_commander_wrappers_1497079955180739236 http://ip-172-31-19-100:50126/
[rosmaster.master][INFO] 2017-06-10 00:32:35,889: +SUB [/pickup/result] /move_group_commander_wrappers_1497079955180739236 http://ip-172-31-19-100:50126/
[rosmaster.master][INFO] 2017-06-10 00:32:35,894: +PUB [/pickup/goal] /move_group_commander_wrappers_1497079955180739236 http://ip-172-31-19-100:50126/
[rosmaster.master][INFO] 2017-06-10 00:32:35,898: +PUB [/pickup/cancel] /move_group_commander_wrappers_1497079955180739236 http://ip-172-31-19-100:50126/
[rosmaster.master][INFO] 2017-06-10 00:32:35,958: publisherUpdate[/pickup/goal] -> http://ip-172-31-19-100:53287/
[rosmaster.master][INFO] 2017-06-10 00:32:35,962: publisherUpdate[/pickup/cancel] -> http://ip-172-31-19-100:53287/
[rosmaster.master][INFO] 2017-06-10 00:32:36,174: +SUB [/place/status] /move_group_commander_wrappers_1497079955180739236 http://ip-172-31-19-100:50126/
[rosmaster.master][INFO] 2017-06-10 00:32:36,182: +SUB [/place/feedback] /move_group_commander_wrappers_1497079955180739236 http://ip-172-31-19-100:50126/
[rosmaster.master][INFO] 2017-06-10 00:32:36,189: +SUB [/place/result] /move_group_commander_wrappers_1497079955180739236 http://ip-172-31-19-100:50126/
[rosmaster.master][INFO] 2017-06-10 00:32:36,193: +PUB [/place/goal] /move_group_commander_wrappers_1497079955180739236 http://ip-172-31-19-100:50126/
[rosmaster.master][INFO] 2017-06-10 00:32:36,198: +PUB [/place/cancel] /move_group_commander_wrappers_1497079955180739236 http://ip-172-31-19-100:50126/
[rosmaster.master][INFO] 2017-06-10 00:32:36,260: publisherUpdate[/place/goal] -> http://ip-172-31-19-100:53287/
[rosmaster.master][INFO] 2017-06-10 00:32:36,264: publisherUpdate[/place/cancel] -> http://ip-172-31-19-100:53287/
[rosmaster.master][INFO] 2017-06-10 00:32:36,476: +SUB [/execute_trajectory/status] /move_group_commander_wrappers_1497079955180739236 http://ip-172-31-19-100:50126/
[rosmaster.master][INFO] 2017-06-10 00:32:36,484: +SUB [/execute_trajectory/feedback] /move_group_commander_wrappers_1497079955180739236 http://ip-172-31-19-100:50126/
[rosmaster.master][INFO] 2017-06-10 00:32:36,492: +SUB [/execute_trajectory/result] /move_group_commander_wrappers_1497079955180739236 http://ip-172-31-19-100:50126/
[rosmaster.master][INFO] 2017-06-10 00:32:36,499: +PUB [/execute_trajectory/goal] /move_group_commander_wrappers_1497079955180739236 http://ip-172-31-19-100:50126/
[rosmaster.master][INFO] 2017-06-10 00:32:36,503: +PUB [/execute_trajectory/cancel] /move_group_commander_wrappers_1497079955180739236 http://ip-172-31-19-100:50126/
[rosmaster.master][INFO] 2017-06-10 00:32:36,509: -SUB [/execute_trajectory/status] /move_group_commander_wrappers_1497079955180739236 http://ip-172-31-19-100:50126/
[rosmaster.master][INFO] 2017-06-10 00:32:36,513: -PUB [/execute_trajectory/cancel] /move_group_commander_wrappers_1497079955180739236 http://ip-172-31-19-100:50126/
[rosmaster.master][INFO] 2017-06-10 00:32:36,517: -PUB [/execute_trajectory/goal] /move_group_commander_wrappers_1497079955180739236 http://ip-172-31-19-100:50126/
[rosmaster.master][INFO] 2017-06-10 00:32:36,522: -SUB [/execute_trajectory/feedback] /move_group_commander_wrappers_1497079955180739236 http://ip-172-31-19-100:50126/
[rosmaster.master][INFO] 2017-06-10 00:32:36,526: -SUB [/execute_trajectory/result] /move_group_commander_wrappers_1497079955180739236 http://ip-172-31-19-100:50126/
[rosmaster.master][INFO] 2017-06-10 00:32:36,566: publisherUpdate[/execute_trajectory/goal] -> http://ip-172-31-19-100:53287/
[rosmaster.master][INFO] 2017-06-10 00:32:36,570: publisherUpdate[/execute_trajectory/cancel] -> http://ip-172-31-19-100:53287/
[rosmaster.master][INFO] 2017-06-10 00:32:36,575: publisherUpdate[/execute_trajectory/cancel] -> http://ip-172-31-19-100:53287/
[rosmaster.master][INFO] 2017-06-10 00:32:36,578: publisherUpdate[/execute_trajectory/goal] -> http://ip-172-31-19-100:53287/
