[rospy.client][INFO] 2017-06-10 00:29:57,098: init_node, name[/rosbridge_websocket], pid[28853]
[xmlrpc][INFO] 2017-06-10 00:29:57,099: XML-RPC server binding to 0.0.0.0:0
[xmlrpc][INFO] 2017-06-10 00:29:57,103: Started XML-RPC server [http://ip-172-31-19-100:56257/]
[rospy.init][INFO] 2017-06-10 00:29:57,103: ROS Slave URI: [http://ip-172-31-19-100:56257/]
[rospy.impl.masterslave][INFO] 2017-06-10 00:29:57,107: _ready: http://ip-172-31-19-100:56257/
[rospy.registration][INFO] 2017-06-10 00:29:57,114: Registering with master node http://localhost:39659
[xmlrpc][INFO] 2017-06-10 00:29:57,114: xml rpc node: starting XML-RPC server
[rospy.init][INFO] 2017-06-10 00:29:57,210: registered with master
[rospy.rosout][INFO] 2017-06-10 00:29:57,214: initializing /rosout core topic
[rospy.rosout][INFO] 2017-06-10 00:29:57,225: connected to core topic /rosout
[rospy.simtime][INFO] 2017-06-10 00:29:57,230: /use_sim_time is not set, will not subscribe to simulated time [/clock] topic
[rosout][INFO] 2017-06-10 00:29:57,267: Rosbridge WebSocket server started on port 36845
[rospy.internal][INFO] 2017-06-10 00:29:57,380: topic[/rosout] adding connection to [/rosout], count 0
[rosout][INFO] 2017-06-10 00:30:16,347: Client connected.  1 clients total.
[rosout][INFO] 2017-06-10 00:30:16,502: [Client 0] Subscribed to /tf2_web_republisher/feedback
[rosout][INFO] 2017-06-10 00:30:16,525: [Client 0] Subscribed to /visualization_marker_array
[rosout][INFO] 2017-06-10 00:30:16,537: [Client 0] Subscribed to /control_markers/tunneled/update
[rospy.internal][INFO] 2017-06-10 00:30:16,542: topic[/control_markers/tunneled/update] adding connection to [http://ip-172-31-19-100:46267/], count 0
[rospy.internal][INFO] 2017-06-10 00:30:16,542: topic[/visualization_marker_array] adding connection to [http://ip-172-31-19-100:45295/], count 0
[rospy.internal][INFO] 2017-06-10 00:30:16,543: topic[/tf2_web_republisher/feedback] adding connection to [http://ip-172-31-19-100:49350/], count 0
[rospy.internal][INFO] 2017-06-10 00:30:16,632: topic[/control_markers/feedback] adding connection to [/marker_control_29041_1497079800233], count 0
[rosout][INFO] 2017-06-10 00:30:16,669: [Client 0] Subscribed to /tf2_web_republisher/feedback
[rosout][INFO] 2017-06-10 00:30:16,674: [Client 0] Subscribed to /tf2_web_republisher/feedback
[rospy.internal][INFO] 2017-06-10 00:30:16,679: topic[/tf2_web_republisher/goal] adding connection to [/tf2_web_republisher], count 0
[rosout][INFO] 2017-06-10 00:30:16,679: [Client 0] Subscribed to /tf2_web_republisher/feedback
[rosout][INFO] 2017-06-10 00:30:16,687: [Client 0] Subscribed to /tf2_web_republisher/feedback
[rosout][INFO] 2017-06-10 00:30:16,691: [Client 0] Subscribed to /tf2_web_republisher/feedback
[rosout][INFO] 2017-06-10 00:30:16,696: [Client 0] Subscribed to /tf2_web_republisher/feedback
[rosout][INFO] 2017-06-10 00:30:16,700: [Client 0] Subscribed to /tf2_web_republisher/feedback
[rospy.internal][INFO] 2017-06-10 00:30:16,780: topic[/tf2_web_republisher/cancel] adding connection to [/tf2_web_republisher], count 0
[rospy.internal][INFO] 2017-06-10 00:32:57,541: topic impl's ref count is zero, deleting topic /tf2_web_republisher/cancel...
[rospy.internal][INFO] 2017-06-10 00:32:57,541: topic[/tf2_web_republisher/cancel] removing connection to /tf2_web_republisher
[rospy.internal][INFO] 2017-06-10 00:32:57,548: topic impl's ref count is zero, deleting topic /tf2_web_republisher/goal...
[rospy.internal][INFO] 2017-06-10 00:32:57,552: topic[/tf2_web_republisher/goal] removing connection to /tf2_web_republisher
[rospy.internal][INFO] 2017-06-10 00:32:57,561: topic impl's ref count is zero, deleting topic /control_markers/feedback...
[rospy.internal][INFO] 2017-06-10 00:32:57,564: topic[/control_markers/feedback] removing connection to /marker_control_29041_1497079800233
[rospy.internal][INFO] 2017-06-10 00:32:57,572: topic impl's ref count is zero, deleting topic /control_markers/tunneled/update...
[rospy.internal][INFO] 2017-06-10 00:32:57,576: topic[/control_markers/tunneled/update] removing connection to http://ip-172-31-19-100:46267/
[rospy.internal][INFO] 2017-06-10 00:32:57,584: topic impl's ref count is zero, deleting topic /tf2_web_republisher/feedback...
[rospy.internal][INFO] 2017-06-10 00:32:57,587: topic[/tf2_web_republisher/feedback] removing connection to http://ip-172-31-19-100:49350/
[rospy.internal][INFO] 2017-06-10 00:32:57,595: topic impl's ref count is zero, deleting topic /visualization_marker_array...
[rospy.internal][INFO] 2017-06-10 00:32:57,599: topic[/visualization_marker_array] removing connection to http://ip-172-31-19-100:45295/
[rosout][INFO] 2017-06-10 00:32:57,607: Client disconnected. 0 clients total.
