[roslaunch][INFO] 2017-06-10 00:29:56,326: Checking log directory for disk usage. This may take awhile.
Press Ctrl-C to interrupt
[roslaunch][INFO] 2017-06-10 00:29:56,360: Done checking log file disk usage. Usage is <1GB.
[roslaunch][INFO] 2017-06-10 00:29:56,360: roslaunch starting with args ['/opt/ros/indigo/bin/roslaunch', 'rosbridge_server', 'rosbridge_websocket.launch', 'port:=36845']
[roslaunch][INFO] 2017-06-10 00:29:56,364: roslaunch env is {'ROS_DISTRO': 'indigo', 'ASNLIB': '/home/ccc_v1_s54106__48606/asn13529_Project_5/asn13530_Project_4/asnlib', 'LIB': '/home/ccc_v1_s54106__48606/lib', 'PKG_CONFIG_PATH': '/opt/ros/indigo/lib/pkgconfig:/opt/ros/indigo/lib/x86_64-linux-gnu/pkgconfig', 'SSH_CLIENT': '172.31.7.153 53228 22', 'CPATH': '/opt/ros/indigo/include', 'LOGNAME': 'ccc_v1_w_dd4cc_18220', 'USER': 'ccc_v1_w_dd4cc_18220', 'ROS_NODE_PORT': '39659', 'HOME': '/home/ccc_v1_w_dd4cc_18220/asn13529_Project_5/asn13530_Project_4/work', 'PATH': '/opt/ros/indigo/bin:/usr/local/sbin:/usr/local/bin:/usr/sbin:/usr/bin:/sbin:/bin:/usr/games:/usr/local/games:/home/local/bin:/home/ccc_v1_s54106__48606/lib:/home/ccc_v1_s54106__48606/asn13529_Project_5/asn13530_Project_4/asnlib:/home/vlibs:.', 'CMAKE_PREFIX_PATH': '/opt/ros/indigo', 'LD_LIBRARY_PATH': '/opt/ros/indigo/lib:/opt/ros/indigo/lib/x86_64-linux-gnu:/home/ccc_v1_s54106__48606/lib:/home/ccc_v1_s54106__48606/asn13529_Project_5/asn13530_Project_4/asnlib:/home/vlibs', 'LANG': 'en_US.UTF-8', 'TERM': 'xterm-256color', 'SHELL': '/bin/bash', 'HISTFILE': '/home/ccc_v1_w_dd4cc_18220/.bash_history', 'SHLVL': '2', 'VOC_WORKAREA': '/home/ccc_v1_w_dd4cc_18220/asn13529_Project_5/asn13530_Project_4/work', 'ROS_LOG_FILENAME': '/home/ccc_v1_w_dd4cc_18220/asn13529_Project_5/asn13530_Project_4/work/.ros/log/98ce773c-4dae-11e7-b9e3-06f360e4abc1/roslaunch-ip-172-31-19-100-28834.log', 'PART1': '/home/ccc_v1_s54106__48606/asn13529_Project_5/asn13530_Project_4', 'ROS_ETC_DIR': '/opt/ros/indigo/etc/ros', 'XDG_RUNTIME_DIR': '/run/user/18220', 'PYTHONPATH': '/opt/ros/indigo/lib/python2.7/dist-packages:/home/vlibs/python', 'VOC_PROXY_WRAPPER_PORT': '5100', 'VOC_XFER_TOKEN': '20185210674354243542135300593b9feb5db9d8.14596167', 'ROS_ROOT': '/opt/ros/indigo/share/ros', 'OLD_HOME': '/home/ccc_v1_w_dd4cc_18220', 'VOC_PROXY_TOKEN': '82727333043542435421353001593b9feb6a9360.16918574', 'ROS_PACKAGE_PATH': '/opt/ros/indigo/share:/opt/ros/indigo/stacks', 'XDG_SESSION_ID': '318639', '_': '/usr/bin/stdbuf', 'LD_PRELOAD': '/usr/lib/coreutils/libstdbuf.so', '_STDBUF_O': 'L', 'SSH_TTY': '/dev/pts/1', 'OLDPWD': '/home/ccc_v1_w_dd4cc_18220', 'ROSLISP_PACKAGE_DIRECTORIES': '', 'VLIB': '/home/vlibs', 'PWD': '/home/ccc_v1_w_dd4cc_18220/asn13529_Project_5/asn13530_Project_4/work', 'VOC_PROXY_ID': '43542_43542_13530_0_1', 'ROS_MASTER_URI': 'http://localhost:39659', 'MAIL': '/var/mail/ccc_v1_w_dd4cc_18220', 'SSH_CONNECTION': '172.31.7.153 53228 172.31.19.100 22'}
[roslaunch][INFO] 2017-06-10 00:29:56,367: starting in server mode
[roslaunch.parent][INFO] 2017-06-10 00:29:56,371: starting roslaunch parent run
[roslaunch][INFO] 2017-06-10 00:29:56,374: loading roscore config file /opt/ros/indigo/etc/ros/roscore.xml
[roslaunch][INFO] 2017-06-10 00:29:56,490: Added core node of type [rosout/rosout] in namespace [/]
[roslaunch.config][INFO] 2017-06-10 00:29:56,491: loading config file /opt/ros/indigo/share/rosbridge_server/launch/rosbridge_websocket.launch
[roslaunch][INFO] 2017-06-10 00:29:56,496: Added node of type [rosbridge_server/rosbridge_websocket] in namespace [/]
[roslaunch][INFO] 2017-06-10 00:29:56,500: Added node of type [rosapi/rosapi_node] in namespace [/]
[roslaunch][INFO] 2017-06-10 00:29:56,504: ... selected machine [] for node of type [rosbridge_server/rosbridge_websocket]
[roslaunch][INFO] 2017-06-10 00:29:56,507: ... selected machine [] for node of type [rosapi/rosapi_node]
[roslaunch.pmon][INFO] 2017-06-10 00:29:56,511: start_process_monitor: creating ProcessMonitor
[roslaunch.pmon][INFO] 2017-06-10 00:29:56,515: created process monitor <ProcessMonitor(ProcessMonitor-1, initial daemon)>
[roslaunch.pmon][INFO] 2017-06-10 00:29:56,519: start_process_monitor: ProcessMonitor started
[roslaunch.parent][INFO] 2017-06-10 00:29:56,526: starting parent XML-RPC server
[roslaunch.server][INFO] 2017-06-10 00:29:56,529: starting roslaunch XML-RPC server
[roslaunch.server][INFO] 2017-06-10 00:29:56,533: waiting for roslaunch XML-RPC server to initialize
[xmlrpc][INFO] 2017-06-10 00:29:56,533: XML-RPC server binding to 0.0.0.0:0
[xmlrpc][INFO] 2017-06-10 00:29:56,540: Started XML-RPC server [http://ip-172-31-19-100:44148/]
[xmlrpc][INFO] 2017-06-10 00:29:56,543: xml rpc node: starting XML-RPC server
[roslaunch][INFO] 2017-06-10 00:29:56,551: started roslaunch server http://ip-172-31-19-100:44148/
[roslaunch.parent][INFO] 2017-06-10 00:29:56,555: ... parent XML-RPC server started
[roslaunch][INFO] 2017-06-10 00:29:56,558: master.is_running[http://localhost:39659]
[roslaunch][INFO] 2017-06-10 00:29:56,563: master.is_running[http://localhost:39659]
[roslaunch][INFO] 2017-06-10 00:29:56,567: ROS_MASTER_URI=http://localhost:39659
[roslaunch][INFO] 2017-06-10 00:29:56,572: setting /roslaunch/uris/host_ip_172_31_19_100__44148' to http://ip-172-31-19-100:44148/
[roslaunch][INFO] 2017-06-10 00:29:56,577: load_parameters starting ...
[roslaunch][INFO] 2017-06-10 00:29:56,617: ... load_parameters complete
[roslaunch][INFO] 2017-06-10 00:29:56,621: launch_nodes: launching local nodes ...
[roslaunch][INFO] 2017-06-10 00:29:56,629: ... preparing to launch node of type [rosbridge_server/rosbridge_websocket]
[roslaunch][INFO] 2017-06-10 00:29:56,633: create_node_process: package[rosbridge_server] type[rosbridge_websocket] machine[Machine(name[] env_loader[None] address[localhost] ssh_port[22] user[None] assignable[True] timeout[10.0])] master_uri[http://localhost:39659]
[roslaunch][INFO] 2017-06-10 00:29:56,636: process[rosbridge_websocket-1]: env[{'ROS_DISTRO': 'indigo', 'ASNLIB': '/home/ccc_v1_s54106__48606/asn13529_Project_5/asn13530_Project_4/asnlib', 'LIB': '/home/ccc_v1_s54106__48606/lib', 'VOC_PROXY_TOKEN': '82727333043542435421353001593b9feb6a9360.16918574', 'SSH_CLIENT': '172.31.7.153 53228 22', 'CPATH': '/opt/ros/indigo/include', 'LOGNAME': 'ccc_v1_w_dd4cc_18220', 'USER': 'ccc_v1_w_dd4cc_18220', 'ROS_NODE_PORT': '39659', 'HOME': '/home/ccc_v1_w_dd4cc_18220/asn13529_Project_5/asn13530_Project_4/work', 'PATH': '/opt/ros/indigo/bin:/usr/local/sbin:/usr/local/bin:/usr/sbin:/usr/bin:/sbin:/bin:/usr/games:/usr/local/games:/home/local/bin:/home/ccc_v1_s54106__48606/lib:/home/ccc_v1_s54106__48606/asn13529_Project_5/asn13530_Project_4/asnlib:/home/vlibs:.', 'CMAKE_PREFIX_PATH': '/opt/ros/indigo', 'ROS_LOG_FILENAME': '/home/ccc_v1_w_dd4cc_18220/asn13529_Project_5/asn13530_Project_4/work/.ros/log/98ce773c-4dae-11e7-b9e3-06f360e4abc1/roslaunch-ip-172-31-19-100-28834.log', 'LANG': 'en_US.UTF-8', 'TERM': 'xterm-256color', 'SHELL': '/bin/bash', 'HISTFILE': '/home/ccc_v1_w_dd4cc_18220/.bash_history', 'SHLVL': '2', 'VOC_WORKAREA': '/home/ccc_v1_w_dd4cc_18220/asn13529_Project_5/asn13530_Project_4/work', 'LD_LIBRARY_PATH': '/opt/ros/indigo/lib:/opt/ros/indigo/lib/x86_64-linux-gnu:/home/ccc_v1_s54106__48606/lib:/home/ccc_v1_s54106__48606/asn13529_Project_5/asn13530_Project_4/asnlib:/home/vlibs', 'PART1': '/home/ccc_v1_s54106__48606/asn13529_Project_5/asn13530_Project_4', 'ROS_MASTER_URI': 'http://localhost:39659', 'XDG_RUNTIME_DIR': '/run/user/18220', 'PYTHONPATH': '/opt/ros/indigo/lib/python2.7/dist-packages:/home/vlibs/python', 'VOC_PROXY_WRAPPER_PORT': '5100', 'VOC_XFER_TOKEN': '20185210674354243542135300593b9feb5db9d8.14596167', 'ROS_ROOT': '/opt/ros/indigo/share/ros', 'OLD_HOME': '/home/ccc_v1_w_dd4cc_18220', 'PKG_CONFIG_PATH': '/opt/ros/indigo/lib/pkgconfig:/opt/ros/indigo/lib/x86_64-linux-gnu/pkgconfig', 'ROS_PACKAGE_PATH': '/opt/ros/indigo/share:/opt/ros/indigo/stacks', 'XDG_SESSION_ID': '318639', '_': '/usr/bin/stdbuf', 'LD_PRELOAD': '/usr/lib/coreutils/libstdbuf.so', '_STDBUF_O': 'L', 'SSH_TTY': '/dev/pts/1', 'OLDPWD': '/home/ccc_v1_w_dd4cc_18220', 'ROSLISP_PACKAGE_DIRECTORIES': '', 'VLIB': '/home/vlibs', 'PWD': '/home/ccc_v1_w_dd4cc_18220/asn13529_Project_5/asn13530_Project_4/work', 'VOC_PROXY_ID': '43542_43542_13530_0_1', 'ROS_ETC_DIR': '/opt/ros/indigo/etc/ros', 'MAIL': '/var/mail/ccc_v1_w_dd4cc_18220', 'SSH_CONNECTION': '172.31.7.153 53228 172.31.19.100 22'}]
[roslaunch][INFO] 2017-06-10 00:29:56,665: process[rosbridge_websocket-1]: args[[u'/opt/ros/indigo/lib/rosbridge_server/rosbridge_websocket', u'__name:=rosbridge_websocket']]
[roslaunch][INFO] 2017-06-10 00:29:56,669: ... created process [rosbridge_websocket-1]
[roslaunch.pmon][INFO] 2017-06-10 00:29:56,672: ProcessMonitor.register[rosbridge_websocket-1]
[roslaunch.pmon][INFO] 2017-06-10 00:29:56,676: ProcessMonitor.register[rosbridge_websocket-1] complete
[roslaunch][INFO] 2017-06-10 00:29:56,679: ... registered process [rosbridge_websocket-1]
[roslaunch][INFO] 2017-06-10 00:29:56,683: process[rosbridge_websocket-1]: starting os process
[roslaunch][INFO] 2017-06-10 00:29:56,687: process[rosbridge_websocket-1]: start w/ args [[u'/opt/ros/indigo/lib/rosbridge_server/rosbridge_websocket', u'__name:=rosbridge_websocket', u'__log:=/home/ccc_v1_w_dd4cc_18220/asn13529_Project_5/asn13530_Project_4/work/.ros/log/98ce773c-4dae-11e7-b9e3-06f360e4abc1/rosbridge_websocket-1.log']]
[roslaunch][INFO] 2017-06-10 00:29:56,690: process[rosbridge_websocket-1]: cwd will be [/home/ccc_v1_w_dd4cc_18220/asn13529_Project_5/asn13530_Project_4/work/.ros]
[roslaunch][INFO] 2017-06-10 00:29:56,698: process[rosbridge_websocket-1]: started with pid [28853]
[roslaunch][INFO] 2017-06-10 00:29:56,699: ... successfully launched [rosbridge_websocket-1]
[roslaunch][INFO] 2017-06-10 00:29:56,702: ... preparing to launch node of type [rosapi/rosapi_node]
[roslaunch][INFO] 2017-06-10 00:29:56,706: create_node_process: package[rosapi] type[rosapi_node] machine[Machine(name[] env_loader[None] address[localhost] ssh_port[22] user[None] assignable[True] timeout[10.0])] master_uri[http://localhost:39659]
[roslaunch][INFO] 2017-06-10 00:29:56,709: process[rosapi-2]: env[{'ROS_DISTRO': 'indigo', 'ASNLIB': '/home/ccc_v1_s54106__48606/asn13529_Project_5/asn13530_Project_4/asnlib', 'LIB': '/home/ccc_v1_s54106__48606/lib', 'VOC_PROXY_TOKEN': '82727333043542435421353001593b9feb6a9360.16918574', 'SSH_CLIENT': '172.31.7.153 53228 22', 'CPATH': '/opt/ros/indigo/include', 'LOGNAME': 'ccc_v1_w_dd4cc_18220', 'USER': 'ccc_v1_w_dd4cc_18220', 'ROS_NODE_PORT': '39659', 'HOME': '/home/ccc_v1_w_dd4cc_18220/asn13529_Project_5/asn13530_Project_4/work', 'PATH': '/opt/ros/indigo/bin:/usr/local/sbin:/usr/local/bin:/usr/sbin:/usr/bin:/sbin:/bin:/usr/games:/usr/local/games:/home/local/bin:/home/ccc_v1_s54106__48606/lib:/home/ccc_v1_s54106__48606/asn13529_Project_5/asn13530_Project_4/asnlib:/home/vlibs:.', 'CMAKE_PREFIX_PATH': '/opt/ros/indigo', 'ROS_LOG_FILENAME': '/home/ccc_v1_w_dd4cc_18220/asn13529_Project_5/asn13530_Project_4/work/.ros/log/98ce773c-4dae-11e7-b9e3-06f360e4abc1/roslaunch-ip-172-31-19-100-28834.log', 'LANG': 'en_US.UTF-8', 'TERM': 'xterm-256color', 'SHELL': '/bin/bash', 'HISTFILE': '/home/ccc_v1_w_dd4cc_18220/.bash_history', 'SHLVL': '2', 'VOC_WORKAREA': '/home/ccc_v1_w_dd4cc_18220/asn13529_Project_5/asn13530_Project_4/work', 'LD_LIBRARY_PATH': '/opt/ros/indigo/lib:/opt/ros/indigo/lib/x86_64-linux-gnu:/home/ccc_v1_s54106__48606/lib:/home/ccc_v1_s54106__48606/asn13529_Project_5/asn13530_Project_4/asnlib:/home/vlibs', 'PART1': '/home/ccc_v1_s54106__48606/asn13529_Project_5/asn13530_Project_4', 'ROS_MASTER_URI': 'http://localhost:39659', 'XDG_RUNTIME_DIR': '/run/user/18220', 'PYTHONPATH': '/opt/ros/indigo/lib/python2.7/dist-packages:/home/vlibs/python', 'VOC_PROXY_WRAPPER_PORT': '5100', 'VOC_XFER_TOKEN': '20185210674354243542135300593b9feb5db9d8.14596167', 'ROS_ROOT': '/opt/ros/indigo/share/ros', 'OLD_HOME': '/home/ccc_v1_w_dd4cc_18220', 'PKG_CONFIG_PATH': '/opt/ros/indigo/lib/pkgconfig:/opt/ros/indigo/lib/x86_64-linux-gnu/pkgconfig', 'ROS_PACKAGE_PATH': '/opt/ros/indigo/share:/opt/ros/indigo/stacks', 'XDG_SESSION_ID': '318639', '_': '/usr/bin/stdbuf', 'LD_PRELOAD': '/usr/lib/coreutils/libstdbuf.so', '_STDBUF_O': 'L', 'SSH_TTY': '/dev/pts/1', 'OLDPWD': '/home/ccc_v1_w_dd4cc_18220', 'ROSLISP_PACKAGE_DIRECTORIES': '', 'VLIB': '/home/vlibs', 'PWD': '/home/ccc_v1_w_dd4cc_18220/asn13529_Project_5/asn13530_Project_4/work', 'VOC_PROXY_ID': '43542_43542_13530_0_1', 'ROS_ETC_DIR': '/opt/ros/indigo/etc/ros', 'MAIL': '/var/mail/ccc_v1_w_dd4cc_18220', 'SSH_CONNECTION': '172.31.7.153 53228 172.31.19.100 22'}]
[roslaunch][INFO] 2017-06-10 00:29:56,713: process[rosapi-2]: args[[u'/opt/ros/indigo/lib/rosapi/rosapi_node', u'__name:=rosapi']]
[roslaunch][INFO] 2017-06-10 00:29:56,717: ... created process [rosapi-2]
[roslaunch.pmon][INFO] 2017-06-10 00:29:56,721: ProcessMonitor.register[rosapi-2]
[roslaunch.pmon][INFO] 2017-06-10 00:29:56,724: ProcessMonitor.register[rosapi-2] complete
[roslaunch][INFO] 2017-06-10 00:29:56,727: ... registered process [rosapi-2]
[roslaunch][INFO] 2017-06-10 00:29:56,736: process[rosapi-2]: starting os process
[roslaunch][INFO] 2017-06-10 00:29:56,742: process[rosapi-2]: start w/ args [[u'/opt/ros/indigo/lib/rosapi/rosapi_node', u'__name:=rosapi', u'__log:=/home/ccc_v1_w_dd4cc_18220/asn13529_Project_5/asn13530_Project_4/work/.ros/log/98ce773c-4dae-11e7-b9e3-06f360e4abc1/rosapi-2.log']]
[roslaunch][INFO] 2017-06-10 00:29:56,745: process[rosapi-2]: cwd will be [/home/ccc_v1_w_dd4cc_18220/asn13529_Project_5/asn13530_Project_4/work/.ros]
[roslaunch][INFO] 2017-06-10 00:29:56,755: process[rosapi-2]: started with pid [28854]
[roslaunch][INFO] 2017-06-10 00:29:56,756: ... successfully launched [rosapi-2]
[roslaunch][INFO] 2017-06-10 00:29:56,759: ... launch_nodes complete
[roslaunch.pmon][INFO] 2017-06-10 00:29:56,763: registrations completed <ProcessMonitor(ProcessMonitor-1, started daemon 140613658826496)>
[roslaunch.parent][INFO] 2017-06-10 00:29:56,766: ... roslaunch parent running, waiting for process exit
[roslaunch][INFO] 2017-06-10 00:29:56,769: spin
