[roslaunch][INFO] 2017-06-10 00:29:54,184: Checking log directory for disk usage. This may take awhile.
Press Ctrl-C to interrupt
[roslaunch][INFO] 2017-06-10 00:29:54,212: Done checking log file disk usage. Usage is <1GB.
[roslaunch][INFO] 2017-06-10 00:29:54,212: roslaunch starting with args ['roscore', '--core', '-p', '39659']
[roslaunch][INFO] 2017-06-10 00:29:54,216: roslaunch env is {'ROS_DISTRO': 'indigo', 'ASNLIB': '/home/ccc_v1_s54106__48606/asn13529_Project_5/asn13530_Project_4/asnlib', 'LIB': '/home/ccc_v1_s54106__48606/lib', 'PKG_CONFIG_PATH': '/opt/ros/indigo/lib/pkgconfig:/opt/ros/indigo/lib/x86_64-linux-gnu/pkgconfig', 'SSH_CLIENT': '172.31.7.153 53228 22', 'CPATH': '/opt/ros/indigo/include', 'LOGNAME': 'ccc_v1_w_dd4cc_18220', 'USER': 'ccc_v1_w_dd4cc_18220', 'ROS_NODE_PORT': '39659', 'HOME': '/home/ccc_v1_w_dd4cc_18220/asn13529_Project_5/asn13530_Project_4/work', 'PATH': '/opt/ros/indigo/bin:/usr/local/sbin:/usr/local/bin:/usr/sbin:/usr/bin:/sbin:/bin:/usr/games:/usr/local/games:/home/local/bin:/home/ccc_v1_s54106__48606/lib:/home/ccc_v1_s54106__48606/asn13529_Project_5/asn13530_Project_4/asnlib:/home/vlibs:.', 'CMAKE_PREFIX_PATH': '/opt/ros/indigo', 'LD_LIBRARY_PATH': '/opt/ros/indigo/lib:/opt/ros/indigo/lib/x86_64-linux-gnu:/home/ccc_v1_s54106__48606/lib:/home/ccc_v1_s54106__48606/asn13529_Project_5/asn13530_Project_4/asnlib:/home/vlibs', 'LANG': 'en_US.UTF-8', 'TERM': 'xterm-256color', 'SHELL': '/bin/bash', 'HISTFILE': '/home/ccc_v1_w_dd4cc_18220/.bash_history', 'SHLVL': '2', 'VOC_WORKAREA': '/home/ccc_v1_w_dd4cc_18220/asn13529_Project_5/asn13530_Project_4/work', 'ROS_LOG_FILENAME': '/home/ccc_v1_w_dd4cc_18220/asn13529_Project_5/asn13530_Project_4/work/.ros/log/98ce773c-4dae-11e7-b9e3-06f360e4abc1/roslaunch-ip-172-31-19-100-28730.log', 'PART1': '/home/ccc_v1_s54106__48606/asn13529_Project_5/asn13530_Project_4', 'ROS_ETC_DIR': '/opt/ros/indigo/etc/ros', 'XDG_RUNTIME_DIR': '/run/user/18220', 'PYTHONPATH': '/opt/ros/indigo/lib/python2.7/dist-packages:/home/vlibs/python', 'VOC_PROXY_WRAPPER_PORT': '5100', 'VOC_XFER_TOKEN': '20185210674354243542135300593b9feb5db9d8.14596167', 'ROS_ROOT': '/opt/ros/indigo/share/ros', 'OLD_HOME': '/home/ccc_v1_w_dd4cc_18220', 'VOC_PROXY_TOKEN': '82727333043542435421353001593b9feb6a9360.16918574', 'ROS_PACKAGE_PATH': '/opt/ros/indigo/share:/opt/ros/indigo/stacks', 'XDG_SESSION_ID': '318639', '_': '/usr/bin/stdbuf', 'LD_PRELOAD': '/usr/lib/coreutils/libstdbuf.so', '_STDBUF_O': 'L', 'SSH_TTY': '/dev/pts/1', 'OLDPWD': '/home/ccc_v1_w_dd4cc_18220', 'ROSLISP_PACKAGE_DIRECTORIES': '', 'VLIB': '/home/vlibs', 'PWD': '/home/ccc_v1_w_dd4cc_18220/asn13529_Project_5/asn13530_Project_4/work', 'VOC_PROXY_ID': '43542_43542_13530_0_1', 'ROS_MASTER_URI': 'http://localhost:39659', 'MAIL': '/var/mail/ccc_v1_w_dd4cc_18220', 'SSH_CONNECTION': '172.31.7.153 53228 172.31.19.100 22'}
[roslaunch][INFO] 2017-06-10 00:29:54,220: starting in server mode
[roslaunch.parent][INFO] 2017-06-10 00:29:54,223: starting roslaunch parent run
[roslaunch][INFO] 2017-06-10 00:29:54,227: loading roscore config file /opt/ros/indigo/etc/ros/roscore.xml
[roslaunch][INFO] 2017-06-10 00:29:54,338: Added core node of type [rosout/rosout] in namespace [/]
[roslaunch.pmon][INFO] 2017-06-10 00:29:54,339: start_process_monitor: creating ProcessMonitor
[roslaunch.pmon][INFO] 2017-06-10 00:29:54,342: created process monitor <ProcessMonitor(ProcessMonitor-1, initial daemon)>
[roslaunch.pmon][INFO] 2017-06-10 00:29:54,346: start_process_monitor: ProcessMonitor started
[roslaunch.parent][INFO] 2017-06-10 00:29:54,349: starting parent XML-RPC server
[roslaunch.server][INFO] 2017-06-10 00:29:54,353: starting roslaunch XML-RPC server
[roslaunch.server][INFO] 2017-06-10 00:29:54,356: waiting for roslaunch XML-RPC server to initialize
[xmlrpc][INFO] 2017-06-10 00:29:54,356: XML-RPC server binding to 0.0.0.0:0
[xmlrpc][INFO] 2017-06-10 00:29:54,363: Started XML-RPC server [http://ip-172-31-19-100:56424/]
[xmlrpc][INFO] 2017-06-10 00:29:54,366: xml rpc node: starting XML-RPC server
[roslaunch][INFO] 2017-06-10 00:29:54,376: started roslaunch server http://ip-172-31-19-100:56424/
[roslaunch.parent][INFO] 2017-06-10 00:29:54,379: ... parent XML-RPC server started
[roslaunch][INFO] 2017-06-10 00:29:54,384: master.is_running[http://ip-172-31-19-100:39659/]
[roslaunch][INFO] 2017-06-10 00:29:54,388: auto-starting new master
[roslaunch][INFO] 2017-06-10 00:29:54,392: create_master_process: rosmaster, /opt/ros/indigo/share/ros, 39659, 3, None
[roslaunch][INFO] 2017-06-10 00:29:54,395: process[master]: launching with args [['rosmaster', '--core', '-p', '39659', '-w', '3']]
[roslaunch.pmon][INFO] 2017-06-10 00:29:54,399: ProcessMonitor.register[master]
[roslaunch.pmon][INFO] 2017-06-10 00:29:54,402: ProcessMonitor.register[master] complete
[roslaunch][INFO] 2017-06-10 00:29:54,411: process[master]: starting os process
[roslaunch][INFO] 2017-06-10 00:29:54,416: process[master]: start w/ args [['rosmaster', '--core', '-p', '39659', '-w', '3', '__log:=/home/ccc_v1_w_dd4cc_18220/asn13529_Project_5/asn13530_Project_4/work/.ros/log/98ce773c-4dae-11e7-b9e3-06f360e4abc1/master.log']]
[roslaunch][INFO] 2017-06-10 00:29:54,419: process[master]: cwd will be [/home/ccc_v1_w_dd4cc_18220/asn13529_Project_5/asn13530_Project_4/work/.ros]
[roslaunch][INFO] 2017-06-10 00:29:54,427: process[master]: started with pid [28745]
[roslaunch][INFO] 2017-06-10 00:29:54,428: master.is_running[http://ip-172-31-19-100:39659/]
[roslaunch][INFO] 2017-06-10 00:29:54,533: master.is_running[http://ip-172-31-19-100:39659/]
[roslaunch][INFO] 2017-06-10 00:29:54,637: master.is_running[http://ip-172-31-19-100:39659/]
[roslaunch][INFO] 2017-06-10 00:29:54,642: master.is_running[http://ip-172-31-19-100:39659/]
[roslaunch][INFO] 2017-06-10 00:29:54,647: ROS_MASTER_URI=http://ip-172-31-19-100:39659/
[roslaunch][INFO] 2017-06-10 00:29:54,652: setting /run_id to 98ce773c-4dae-11e7-b9e3-06f360e4abc1
[roslaunch][INFO] 2017-06-10 00:29:54,660: setting /roslaunch/uris/host_ip_172_31_19_100__56424' to http://ip-172-31-19-100:56424/
[roslaunch][INFO] 2017-06-10 00:29:54,669: ... preparing to launch node of type [rosout/rosout]
[roslaunch][INFO] 2017-06-10 00:29:54,672: create_node_process: package[rosout] type[rosout] machine[Machine(name[] env_loader[None] address[localhost] ssh_port[22] user[None] assignable[True] timeout[10.0])] master_uri[http://ip-172-31-19-100:39659/]
[roslaunch][INFO] 2017-06-10 00:29:54,676: process[rosout-1]: env[{'ROS_DISTRO': 'indigo', 'ASNLIB': '/home/ccc_v1_s54106__48606/asn13529_Project_5/asn13530_Project_4/asnlib', 'LIB': '/home/ccc_v1_s54106__48606/lib', 'VOC_PROXY_TOKEN': '82727333043542435421353001593b9feb6a9360.16918574', 'SSH_CLIENT': '172.31.7.153 53228 22', 'CPATH': '/opt/ros/indigo/include', 'LOGNAME': 'ccc_v1_w_dd4cc_18220', 'USER': 'ccc_v1_w_dd4cc_18220', 'ROS_NODE_PORT': '39659', 'HOME': '/home/ccc_v1_w_dd4cc_18220/asn13529_Project_5/asn13530_Project_4/work', 'PATH': '/opt/ros/indigo/bin:/usr/local/sbin:/usr/local/bin:/usr/sbin:/usr/bin:/sbin:/bin:/usr/games:/usr/local/games:/home/local/bin:/home/ccc_v1_s54106__48606/lib:/home/ccc_v1_s54106__48606/asn13529_Project_5/asn13530_Project_4/asnlib:/home/vlibs:.', 'CMAKE_PREFIX_PATH': '/opt/ros/indigo', 'ROS_LOG_FILENAME': '/home/ccc_v1_w_dd4cc_18220/asn13529_Project_5/asn13530_Project_4/work/.ros/log/98ce773c-4dae-11e7-b9e3-06f360e4abc1/roslaunch-ip-172-31-19-100-28730.log', 'LANG': 'en_US.UTF-8', 'TERM': 'xterm-256color', 'SHELL': '/bin/bash', 'HISTFILE': '/home/ccc_v1_w_dd4cc_18220/.bash_history', 'SHLVL': '2', 'VOC_WORKAREA': '/home/ccc_v1_w_dd4cc_18220/asn13529_Project_5/asn13530_Project_4/work', 'LD_LIBRARY_PATH': '/opt/ros/indigo/lib:/opt/ros/indigo/lib/x86_64-linux-gnu:/home/ccc_v1_s54106__48606/lib:/home/ccc_v1_s54106__48606/asn13529_Project_5/asn13530_Project_4/asnlib:/home/vlibs', 'PART1': '/home/ccc_v1_s54106__48606/asn13529_Project_5/asn13530_Project_4', 'ROS_MASTER_URI': 'http://ip-172-31-19-100:39659/', 'XDG_RUNTIME_DIR': '/run/user/18220', 'PYTHONPATH': '/opt/ros/indigo/lib/python2.7/dist-packages:/home/vlibs/python', 'VOC_PROXY_WRAPPER_PORT': '5100', 'VOC_XFER_TOKEN': '20185210674354243542135300593b9feb5db9d8.14596167', 'ROS_ROOT': '/opt/ros/indigo/share/ros', 'OLD_HOME': '/home/ccc_v1_w_dd4cc_18220', 'PKG_CONFIG_PATH': '/opt/ros/indigo/lib/pkgconfig:/opt/ros/indigo/lib/x86_64-linux-gnu/pkgconfig', 'ROS_PACKAGE_PATH': '/opt/ros/indigo/share:/opt/ros/indigo/stacks', 'XDG_SESSION_ID': '318639', '_': '/usr/bin/stdbuf', 'LD_PRELOAD': '/usr/lib/coreutils/libstdbuf.so', '_STDBUF_O': 'L', 'SSH_TTY': '/dev/pts/1', 'OLDPWD': '/home/ccc_v1_w_dd4cc_18220', 'ROSLISP_PACKAGE_DIRECTORIES': '', 'VLIB': '/home/vlibs', 'PWD': '/home/ccc_v1_w_dd4cc_18220/asn13529_Project_5/asn13530_Project_4/work', 'VOC_PROXY_ID': '43542_43542_13530_0_1', 'ROS_ETC_DIR': '/opt/ros/indigo/etc/ros', 'MAIL': '/var/mail/ccc_v1_w_dd4cc_18220', 'SSH_CONNECTION': '172.31.7.153 53228 172.31.19.100 22'}]
[roslaunch][INFO] 2017-06-10 00:29:54,704: process[rosout-1]: args[[u'/opt/ros/indigo/lib/rosout/rosout', u'__name:=rosout']]
[roslaunch][INFO] 2017-06-10 00:29:54,708: ... created process [rosout-1]
[roslaunch.pmon][INFO] 2017-06-10 00:29:54,712: ProcessMonitor.register[rosout-1]
[roslaunch.pmon][INFO] 2017-06-10 00:29:54,715: ProcessMonitor.register[rosout-1] complete
[roslaunch][INFO] 2017-06-10 00:29:54,718: ... registered process [rosout-1]
[roslaunch][INFO] 2017-06-10 00:29:54,722: process[rosout-1]: starting os process
[roslaunch][INFO] 2017-06-10 00:29:54,731: process[rosout-1]: start w/ args [[u'/opt/ros/indigo/lib/rosout/rosout', u'__name:=rosout', u'__log:=/home/ccc_v1_w_dd4cc_18220/asn13529_Project_5/asn13530_Project_4/work/.ros/log/98ce773c-4dae-11e7-b9e3-06f360e4abc1/rosout-1.log']]
[roslaunch][INFO] 2017-06-10 00:29:54,735: process[rosout-1]: cwd will be [/home/ccc_v1_w_dd4cc_18220/asn13529_Project_5/asn13530_Project_4/work/.ros]
[roslaunch][INFO] 2017-06-10 00:29:54,743: process[rosout-1]: started with pid [28759]
[roslaunch][INFO] 2017-06-10 00:29:54,744: ... successfully launched [rosout-1]
[roslaunch][INFO] 2017-06-10 00:29:54,748: load_parameters starting ...
[roslaunch][INFO] 2017-06-10 00:29:54,761: ... load_parameters complete
[roslaunch][INFO] 2017-06-10 00:29:54,765: launch_nodes: launching local nodes ...
[roslaunch][INFO] 2017-06-10 00:29:54,768: ... launch_nodes complete
[roslaunch.pmon][INFO] 2017-06-10 00:29:54,772: registrations completed <ProcessMonitor(ProcessMonitor-1, started daemon 140447500740352)>
[roslaunch.parent][INFO] 2017-06-10 00:29:54,775: ... roslaunch parent running, waiting for process exit
[roslaunch][INFO] 2017-06-10 00:29:54,779: spin
