[roslaunch][INFO] 2017-06-10 00:43:58,339: Checking log directory for disk usage. This may take awhile.
Press Ctrl-C to interrupt
[roslaunch][INFO] 2017-06-10 00:43:58,375: Done checking log file disk usage. Usage is <1GB.
[roslaunch][INFO] 2017-06-10 00:43:58,376: roslaunch starting with args ['roscore', '--core', '-p', '58338']
[roslaunch][INFO] 2017-06-10 00:43:58,379: roslaunch env is {'ROS_DISTRO': 'indigo', 'ASNLIB': '/home/ccc_v1_s54106__48606/asn13529_Project_5/asn13530_Project_4/asnlib', 'LIB': '/home/ccc_v1_s54106__48606/lib', 'PKG_CONFIG_PATH': '/opt/ros/indigo/lib/pkgconfig:/opt/ros/indigo/lib/x86_64-linux-gnu/pkgconfig', 'SSH_CLIENT': '172.31.7.153 47878 22', 'CPATH': '/opt/ros/indigo/include', 'LOGNAME': 'ccc_v1_w_dd4cc_18220', 'USER': 'ccc_v1_w_dd4cc_18220', 'ROS_NODE_PORT': '58338', 'HOME': '/home/ccc_v1_w_dd4cc_18220/asn13529_Project_5/asn13530_Project_4/work', 'PATH': '/opt/ros/indigo/bin:/usr/local/sbin:/usr/local/bin:/usr/sbin:/usr/bin:/sbin:/bin:/usr/games:/usr/local/games:/home/local/bin:/home/ccc_v1_s54106__48606/lib:/home/ccc_v1_s54106__48606/asn13529_Project_5/asn13530_Project_4/asnlib:/home/vlibs:.', 'CMAKE_PREFIX_PATH': '/opt/ros/indigo', 'LD_LIBRARY_PATH': '/opt/ros/indigo/lib:/opt/ros/indigo/lib/x86_64-linux-gnu:/home/ccc_v1_s54106__48606/lib:/home/ccc_v1_s54106__48606/asn13529_Project_5/asn13530_Project_4/asnlib:/home/vlibs', 'LANG': 'en_US.UTF-8', 'TERM': 'xterm-256color', 'SHELL': '/bin/bash', 'HISTFILE': '/home/ccc_v1_w_dd4cc_18220/.bash_history', 'SHLVL': '2', 'VOC_WORKAREA': '/home/ccc_v1_w_dd4cc_18220/asn13529_Project_5/asn13530_Project_4/work', 'ROS_LOG_FILENAME': '/home/ccc_v1_w_dd4cc_18220/asn13529_Project_5/asn13530_Project_4/work/.ros/log/8ff54530-4db0-11e7-ad0c-06b0869cc04d/roslaunch-ip-172-31-26-229-8556.log', 'PART1': '/home/ccc_v1_s54106__48606/asn13529_Project_5/asn13530_Project_4', 'ROS_ETC_DIR': '/opt/ros/indigo/etc/ros', 'XDG_RUNTIME_DIR': '/run/user/18220', 'PYTHONPATH': '/opt/ros/indigo/lib/python2.7/dist-packages:/home/vlibs/python', 'VOC_PROXY_WRAPPER_PORT': '5100', 'VOC_XFER_TOKEN': '19270958854354243542135300593ba33349ff83.58095719', 'ROS_ROOT': '/opt/ros/indigo/share/ros', 'OLD_HOME': '/home/ccc_v1_w_dd4cc_18220', 'VOC_PROXY_TOKEN': '32674809143542435421353001593ba333557b03.55656241', 'ROS_PACKAGE_PATH': '/opt/ros/indigo/share:/opt/ros/indigo/stacks', 'XDG_SESSION_ID': '317178', '_': '/usr/bin/stdbuf', 'LD_PRELOAD': '/usr/lib/coreutils/libstdbuf.so', '_STDBUF_O': 'L', 'SSH_TTY': '/dev/pts/3', 'OLDPWD': '/home/ccc_v1_w_dd4cc_18220', 'ROSLISP_PACKAGE_DIRECTORIES': '', 'VLIB': '/home/vlibs', 'PWD': '/home/ccc_v1_w_dd4cc_18220/asn13529_Project_5/asn13530_Project_4/work', 'VOC_PROXY_ID': '43542_43542_13530_0_1', 'ROS_MASTER_URI': 'http://localhost:58338', 'MAIL': '/var/mail/ccc_v1_w_dd4cc_18220', 'SSH_CONNECTION': '172.31.7.153 47878 172.31.26.229 22'}
[roslaunch][INFO] 2017-06-10 00:43:58,389: starting in server mode
[roslaunch.parent][INFO] 2017-06-10 00:43:58,393: starting roslaunch parent run
[roslaunch][INFO] 2017-06-10 00:43:58,396: loading roscore config file /opt/ros/indigo/etc/ros/roscore.xml
[roslaunch][INFO] 2017-06-10 00:43:58,506: Added core node of type [rosout/rosout] in namespace [/]
[roslaunch.pmon][INFO] 2017-06-10 00:43:58,507: start_process_monitor: creating ProcessMonitor
[roslaunch.pmon][INFO] 2017-06-10 00:43:58,511: created process monitor <ProcessMonitor(ProcessMonitor-1, initial daemon)>
[roslaunch.pmon][INFO] 2017-06-10 00:43:58,522: start_process_monitor: ProcessMonitor started
[roslaunch.parent][INFO] 2017-06-10 00:43:58,526: starting parent XML-RPC server
[roslaunch.server][INFO] 2017-06-10 00:43:58,543: starting roslaunch XML-RPC server
[roslaunch.server][INFO] 2017-06-10 00:43:58,547: waiting for roslaunch XML-RPC server to initialize
[xmlrpc][INFO] 2017-06-10 00:43:58,547: XML-RPC server binding to 0.0.0.0:0
[xmlrpc][INFO] 2017-06-10 00:43:58,558: Started XML-RPC server [http://ip-172-31-26-229:34418/]
[xmlrpc][INFO] 2017-06-10 00:43:58,565: xml rpc node: starting XML-RPC server
[roslaunch][INFO] 2017-06-10 00:43:58,580: started roslaunch server http://ip-172-31-26-229:34418/
[roslaunch.parent][INFO] 2017-06-10 00:43:58,583: ... parent XML-RPC server started
[roslaunch][INFO] 2017-06-10 00:43:58,587: master.is_running[http://ip-172-31-26-229:58338/]
[roslaunch][INFO] 2017-06-10 00:43:58,592: auto-starting new master
[roslaunch][INFO] 2017-06-10 00:43:58,595: create_master_process: rosmaster, /opt/ros/indigo/share/ros, 58338, 3, None
[roslaunch][INFO] 2017-06-10 00:43:58,600: process[master]: launching with args [['rosmaster', '--core', '-p', '58338', '-w', '3']]
[roslaunch.pmon][INFO] 2017-06-10 00:43:58,612: ProcessMonitor.register[master]
[roslaunch.pmon][INFO] 2017-06-10 00:43:58,615: ProcessMonitor.register[master] complete
[roslaunch][INFO] 2017-06-10 00:43:58,619: process[master]: starting os process
[roslaunch][INFO] 2017-06-10 00:43:58,624: process[master]: start w/ args [['rosmaster', '--core', '-p', '58338', '-w', '3', '__log:=/home/ccc_v1_w_dd4cc_18220/asn13529_Project_5/asn13530_Project_4/work/.ros/log/8ff54530-4db0-11e7-ad0c-06b0869cc04d/master.log']]
[roslaunch][INFO] 2017-06-10 00:43:58,628: process[master]: cwd will be [/home/ccc_v1_w_dd4cc_18220/asn13529_Project_5/asn13530_Project_4/work/.ros]
[roslaunch][INFO] 2017-06-10 00:43:58,636: process[master]: started with pid [8572]
[roslaunch][INFO] 2017-06-10 00:43:58,637: master.is_running[http://ip-172-31-26-229:58338/]
[roslaunch][INFO] 2017-06-10 00:43:58,753: master.is_running[http://ip-172-31-26-229:58338/]
[roslaunch][INFO] 2017-06-10 00:43:58,857: master.is_running[http://ip-172-31-26-229:58338/]
[roslaunch][INFO] 2017-06-10 00:43:58,863: master.is_running[http://ip-172-31-26-229:58338/]
[roslaunch][INFO] 2017-06-10 00:43:58,867: ROS_MASTER_URI=http://ip-172-31-26-229:58338/
[roslaunch][INFO] 2017-06-10 00:43:58,874: setting /run_id to 8ff54530-4db0-11e7-ad0c-06b0869cc04d
[roslaunch][INFO] 2017-06-10 00:43:58,882: setting /roslaunch/uris/host_ip_172_31_26_229__34418' to http://ip-172-31-26-229:34418/
[roslaunch][INFO] 2017-06-10 00:43:58,897: ... preparing to launch node of type [rosout/rosout]
[roslaunch][INFO] 2017-06-10 00:43:58,900: create_node_process: package[rosout] type[rosout] machine[Machine(name[] env_loader[None] address[localhost] ssh_port[22] user[None] assignable[True] timeout[10.0])] master_uri[http://ip-172-31-26-229:58338/]
[roslaunch][INFO] 2017-06-10 00:43:58,904: process[rosout-1]: env[{'ROS_DISTRO': 'indigo', 'ASNLIB': '/home/ccc_v1_s54106__48606/asn13529_Project_5/asn13530_Project_4/asnlib', 'LIB': '/home/ccc_v1_s54106__48606/lib', 'VOC_PROXY_TOKEN': '32674809143542435421353001593ba333557b03.55656241', 'SSH_CLIENT': '172.31.7.153 47878 22', 'CPATH': '/opt/ros/indigo/include', 'LOGNAME': 'ccc_v1_w_dd4cc_18220', 'USER': 'ccc_v1_w_dd4cc_18220', 'ROS_NODE_PORT': '58338', 'HOME': '/home/ccc_v1_w_dd4cc_18220/asn13529_Project_5/asn13530_Project_4/work', 'PATH': '/opt/ros/indigo/bin:/usr/local/sbin:/usr/local/bin:/usr/sbin:/usr/bin:/sbin:/bin:/usr/games:/usr/local/games:/home/local/bin:/home/ccc_v1_s54106__48606/lib:/home/ccc_v1_s54106__48606/asn13529_Project_5/asn13530_Project_4/asnlib:/home/vlibs:.', 'CMAKE_PREFIX_PATH': '/opt/ros/indigo', 'ROS_LOG_FILENAME': '/home/ccc_v1_w_dd4cc_18220/asn13529_Project_5/asn13530_Project_4/work/.ros/log/8ff54530-4db0-11e7-ad0c-06b0869cc04d/roslaunch-ip-172-31-26-229-8556.log', 'LANG': 'en_US.UTF-8', 'TERM': 'xterm-256color', 'SHELL': '/bin/bash', 'HISTFILE': '/home/ccc_v1_w_dd4cc_18220/.bash_history', 'SHLVL': '2', 'VOC_WORKAREA': '/home/ccc_v1_w_dd4cc_18220/asn13529_Project_5/asn13530_Project_4/work', 'LD_LIBRARY_PATH': '/opt/ros/indigo/lib:/opt/ros/indigo/lib/x86_64-linux-gnu:/home/ccc_v1_s54106__48606/lib:/home/ccc_v1_s54106__48606/asn13529_Project_5/asn13530_Project_4/asnlib:/home/vlibs', 'PART1': '/home/ccc_v1_s54106__48606/asn13529_Project_5/asn13530_Project_4', 'ROS_MASTER_URI': 'http://ip-172-31-26-229:58338/', 'XDG_RUNTIME_DIR': '/run/user/18220', 'PYTHONPATH': '/opt/ros/indigo/lib/python2.7/dist-packages:/home/vlibs/python', 'VOC_PROXY_WRAPPER_PORT': '5100', 'VOC_XFER_TOKEN': '19270958854354243542135300593ba33349ff83.58095719', 'ROS_ROOT': '/opt/ros/indigo/share/ros', 'OLD_HOME': '/home/ccc_v1_w_dd4cc_18220', 'PKG_CONFIG_PATH': '/opt/ros/indigo/lib/pkgconfig:/opt/ros/indigo/lib/x86_64-linux-gnu/pkgconfig', 'ROS_PACKAGE_PATH': '/opt/ros/indigo/share:/opt/ros/indigo/stacks', 'XDG_SESSION_ID': '317178', '_': '/usr/bin/stdbuf', 'LD_PRELOAD': '/usr/lib/coreutils/libstdbuf.so', '_STDBUF_O': 'L', 'SSH_TTY': '/dev/pts/3', 'OLDPWD': '/home/ccc_v1_w_dd4cc_18220', 'ROSLISP_PACKAGE_DIRECTORIES': '', 'VLIB': '/home/vlibs', 'PWD': '/home/ccc_v1_w_dd4cc_18220/asn13529_Project_5/asn13530_Project_4/work', 'VOC_PROXY_ID': '43542_43542_13530_0_1', 'ROS_ETC_DIR': '/opt/ros/indigo/etc/ros', 'MAIL': '/var/mail/ccc_v1_w_dd4cc_18220', 'SSH_CONNECTION': '172.31.7.153 47878 172.31.26.229 22'}]
[roslaunch][INFO] 2017-06-10 00:43:58,937: process[rosout-1]: args[[u'/opt/ros/indigo/lib/rosout/rosout', u'__name:=rosout']]
[roslaunch][INFO] 2017-06-10 00:43:58,941: ... created process [rosout-1]
[roslaunch.pmon][INFO] 2017-06-10 00:43:58,944: ProcessMonitor.register[rosout-1]
[roslaunch.pmon][INFO] 2017-06-10 00:43:58,948: ProcessMonitor.register[rosout-1] complete
[roslaunch][INFO] 2017-06-10 00:43:58,951: ... registered process [rosout-1]
[roslaunch][INFO] 2017-06-10 00:43:58,954: process[rosout-1]: starting os process
[roslaunch][INFO] 2017-06-10 00:43:58,959: process[rosout-1]: start w/ args [[u'/opt/ros/indigo/lib/rosout/rosout', u'__name:=rosout', u'__log:=/home/ccc_v1_w_dd4cc_18220/asn13529_Project_5/asn13530_Project_4/work/.ros/log/8ff54530-4db0-11e7-ad0c-06b0869cc04d/rosout-1.log']]
[roslaunch][INFO] 2017-06-10 00:43:58,963: process[rosout-1]: cwd will be [/home/ccc_v1_w_dd4cc_18220/asn13529_Project_5/asn13530_Project_4/work/.ros]
[roslaunch][INFO] 2017-06-10 00:43:58,974: process[rosout-1]: started with pid [8585]
[roslaunch][INFO] 2017-06-10 00:43:58,975: ... successfully launched [rosout-1]
[roslaunch][INFO] 2017-06-10 00:43:58,978: load_parameters starting ...
[roslaunch][INFO] 2017-06-10 00:43:58,995: ... load_parameters complete
[roslaunch][INFO] 2017-06-10 00:43:58,998: launch_nodes: launching local nodes ...
[roslaunch][INFO] 2017-06-10 00:43:59,002: ... launch_nodes complete
[roslaunch.pmon][INFO] 2017-06-10 00:43:59,006: registrations completed <ProcessMonitor(ProcessMonitor-1, started daemon 140131270289152)>
[roslaunch.parent][INFO] 2017-06-10 00:43:59,011: ... roslaunch parent running, waiting for process exit
[roslaunch][INFO] 2017-06-10 00:43:59,015: spin
