[rosmaster.main][INFO] 2017-06-10 01:44:12,904: initialization complete, waiting for shutdown
[rosmaster.main][INFO] 2017-06-10 01:44:12,904: Starting ROS Master Node
[xmlrpc][INFO] 2017-06-10 01:44:12,909: XML-RPC server binding to 0.0.0.0:42299
[xmlrpc][INFO] 2017-06-10 01:44:12,912: Started XML-RPC server [http://ip-172-31-19-100:42299/]
[rosmaster.master][INFO] 2017-06-10 01:44:12,913: Master initialized: port[42299], uri[http://ip-172-31-19-100:42299/]
[xmlrpc][INFO] 2017-06-10 01:44:12,916: xml rpc node: starting XML-RPC server
[rosmaster.master][INFO] 2017-06-10 01:44:13,004: +PARAM [/run_id] by /roslaunch
[rosmaster.master][INFO] 2017-06-10 01:44:13,012: +PARAM [/roslaunch/uris/host_ip_172_31_19_100__44167] by /roslaunch
[rosmaster.master][INFO] 2017-06-10 01:44:13,104: +PARAM [/rosversion] by /roslaunch
[rosmaster.master][INFO] 2017-06-10 01:44:13,107: +PARAM [/rosdistro] by /roslaunch
[rosmaster.master][INFO] 2017-06-10 01:44:13,137: +SERVICE [/rosout/get_loggers] /rosout http://ip-172-31-19-100:60488/
[rosmaster.master][INFO] 2017-06-10 01:44:13,141: +SERVICE [/rosout/set_logger_level] /rosout http://ip-172-31-19-100:60488/
[rosmaster.master][INFO] 2017-06-10 01:44:13,149: +PUB [/rosout_agg] /rosout http://ip-172-31-19-100:60488/
[rosmaster.master][INFO] 2017-06-10 01:44:13,158: +SUB [/rosout] /rosout http://ip-172-31-19-100:60488/
[rosmaster.master][INFO] 2017-06-10 01:44:13,308: +PUB [/rosout] /tf2_web_republisher http://ip-172-31-19-100:42519/
[rosmaster.master][INFO] 2017-06-10 01:44:13,309: publisherUpdate[/rosout] -> http://ip-172-31-19-100:60488/
[rosmaster.master][INFO] 2017-06-10 01:44:13,313: +SERVICE [/tf2_web_republisher/get_loggers] /tf2_web_republisher http://ip-172-31-19-100:42519/
[rosmaster.master][INFO] 2017-06-10 01:44:13,320: +SERVICE [/tf2_web_republisher/set_logger_level] /tf2_web_republisher http://ip-172-31-19-100:42519/
[rosmaster.master][INFO] 2017-06-10 01:44:13,328: +SUB [/tf] /tf2_web_republisher http://ip-172-31-19-100:42519/
[rosmaster.master][INFO] 2017-06-10 01:44:13,335: +SUB [/tf_static] /tf2_web_republisher http://ip-172-31-19-100:42519/
[rosmaster.master][INFO] 2017-06-10 01:44:13,339: +SERVICE [/republish_tfs] /tf2_web_republisher http://ip-172-31-19-100:42519/
[rosmaster.master][INFO] 2017-06-10 01:44:13,343: +PUB [/tf2_web_republisher/result] /tf2_web_republisher http://ip-172-31-19-100:42519/
[rosmaster.master][INFO] 2017-06-10 01:44:13,347: +PUB [/tf2_web_republisher/feedback] /tf2_web_republisher http://ip-172-31-19-100:42519/
[rosmaster.master][INFO] 2017-06-10 01:44:13,355: +PUB [/tf2_web_republisher/status] /tf2_web_republisher http://ip-172-31-19-100:42519/
[rosmaster.master][INFO] 2017-06-10 01:44:13,363: +SUB [/tf2_web_republisher/goal] /tf2_web_republisher http://ip-172-31-19-100:42519/
[rosmaster.master][INFO] 2017-06-10 01:44:13,370: +SUB [/tf2_web_republisher/cancel] /tf2_web_republisher http://ip-172-31-19-100:42519/
[rosmaster.master][INFO] 2017-06-10 01:44:14,719: +PARAM [/roslaunch/uris/host_ip_172_31_19_100__57128] by /roslaunch
[rosmaster.master][INFO] 2017-06-10 01:44:14,725: +PARAM [/rosbridge_websocket/port] by /roslaunch
[rosmaster.master][INFO] 2017-06-10 01:44:14,729: +PARAM [/rosdistro] by /roslaunch
[rosmaster.master][INFO] 2017-06-10 01:44:14,733: +PARAM [/rosbridge_websocket/fragment_timeout] by /roslaunch
[rosmaster.master][INFO] 2017-06-10 01:44:14,736: +PARAM [/rosbridge_websocket/delay_between_messages] by /roslaunch
[rosmaster.master][INFO] 2017-06-10 01:44:14,740: +PARAM [/rosversion] by /roslaunch
[rosmaster.master][INFO] 2017-06-10 01:44:14,743: +PARAM [/rosbridge_websocket/authenticate] by /roslaunch
[rosmaster.master][INFO] 2017-06-10 01:44:14,746: +PARAM [/rosbridge_websocket/retry_startup_delay] by /roslaunch
[rosmaster.master][INFO] 2017-06-10 01:44:14,750: +PARAM [/rosbridge_websocket/address] by /roslaunch
[rosmaster.master][INFO] 2017-06-10 01:44:14,753: +PARAM [/rosbridge_websocket/max_message_size] by /roslaunch
[rosmaster.master][INFO] 2017-06-10 01:44:15,242: +PUB [/rosout] /rosapi http://ip-172-31-19-100:57811/
[rosmaster.master][INFO] 2017-06-10 01:44:15,255: +SERVICE [/rosapi/get_loggers] /rosapi http://ip-172-31-19-100:57811/
[rosmaster.master][INFO] 2017-06-10 01:44:15,260: +SERVICE [/rosapi/set_logger_level] /rosapi http://ip-172-31-19-100:57811/
[rosmaster.master][INFO] 2017-06-10 01:44:15,268: +SERVICE [/rosapi/topics] /rosapi http://ip-172-31-19-100:57811/
[rosmaster.master][INFO] 2017-06-10 01:44:15,274: +SERVICE [/rosapi/topics_for_type] /rosapi http://ip-172-31-19-100:57811/
[rosmaster.master][INFO] 2017-06-10 01:44:15,279: +SERVICE [/rosapi/services] /rosapi http://ip-172-31-19-100:57811/
[rosmaster.master][INFO] 2017-06-10 01:44:15,283: +SERVICE [/rosapi/services_for_type] /rosapi http://ip-172-31-19-100:57811/
[rosmaster.master][INFO] 2017-06-10 01:44:15,288: +SERVICE [/rosapi/nodes] /rosapi http://ip-172-31-19-100:57811/
[rosmaster.master][INFO] 2017-06-10 01:44:15,292: +SERVICE [/rosapi/node_details] /rosapi http://ip-172-31-19-100:57811/
[rosmaster.master][INFO] 2017-06-10 01:44:15,296: +SERVICE [/rosapi/topic_type] /rosapi http://ip-172-31-19-100:57811/
[rosmaster.master][INFO] 2017-06-10 01:44:15,301: +SERVICE [/rosapi/service_type] /rosapi http://ip-172-31-19-100:57811/
[rosmaster.master][INFO] 2017-06-10 01:44:15,305: +SERVICE [/rosapi/publishers] /rosapi http://ip-172-31-19-100:57811/
[rosmaster.master][INFO] 2017-06-10 01:44:15,309: +SERVICE [/rosapi/subscribers] /rosapi http://ip-172-31-19-100:57811/
[rosmaster.master][INFO] 2017-06-10 01:44:15,313: publisherUpdate[/rosout] -> http://ip-172-31-19-100:60488/
[rosmaster.master][INFO] 2017-06-10 01:44:15,314: +SERVICE [/rosapi/service_providers] /rosapi http://ip-172-31-19-100:57811/
[rosmaster.master][INFO] 2017-06-10 01:44:15,321: +SERVICE [/rosapi/service_node] /rosapi http://ip-172-31-19-100:57811/
[rosmaster.master][INFO] 2017-06-10 01:44:15,325: +SERVICE [/rosapi/service_host] /rosapi http://ip-172-31-19-100:57811/
[rosmaster.master][INFO] 2017-06-10 01:44:15,329: +SERVICE [/rosapi/message_details] /rosapi http://ip-172-31-19-100:57811/
[rosmaster.master][INFO] 2017-06-10 01:44:15,334: +SERVICE [/rosapi/service_request_details] /rosapi http://ip-172-31-19-100:57811/
[rosmaster.master][INFO] 2017-06-10 01:44:15,338: +SERVICE [/rosapi/service_response_details] /rosapi http://ip-172-31-19-100:57811/
[rosmaster.master][INFO] 2017-06-10 01:44:15,343: +SERVICE [/rosapi/set_param] /rosapi http://ip-172-31-19-100:57811/
[rosmaster.master][INFO] 2017-06-10 01:44:15,347: +PUB [/rosout] /interactive_marker_proxy http://ip-172-31-19-100:53636/
[rosmaster.master][INFO] 2017-06-10 01:44:15,350: +SERVICE [/rosapi/get_param] /rosapi http://ip-172-31-19-100:57811/
[rosmaster.master][INFO] 2017-06-10 01:44:15,354: +SERVICE [/interactive_marker_proxy/get_loggers] /interactive_marker_proxy http://ip-172-31-19-100:53636/
[rosmaster.master][INFO] 2017-06-10 01:44:15,357: +SERVICE [/rosapi/has_param] /rosapi http://ip-172-31-19-100:57811/
[rosmaster.master][INFO] 2017-06-10 01:44:15,361: +SERVICE [/interactive_marker_proxy/set_logger_level] /interactive_marker_proxy http://ip-172-31-19-100:53636/
[rosmaster.master][INFO] 2017-06-10 01:44:15,364: +SERVICE [/rosapi/search_param] /rosapi http://ip-172-31-19-100:57811/
[rosmaster.master][INFO] 2017-06-10 01:44:15,370: +SUB [/tf] /interactive_marker_proxy http://ip-172-31-19-100:53636/
[rosmaster.master][INFO] 2017-06-10 01:44:15,373: +SERVICE [/rosapi/delete_param] /rosapi http://ip-172-31-19-100:57811/
[rosmaster.master][INFO] 2017-06-10 01:44:15,377: +SUB [/tf_static] /interactive_marker_proxy http://ip-172-31-19-100:53636/
[rosmaster.master][INFO] 2017-06-10 01:44:15,380: +SERVICE [/rosapi/get_param_names] /rosapi http://ip-172-31-19-100:57811/
[rosmaster.master][INFO] 2017-06-10 01:44:15,385: +SUB [/control_markers/update] /interactive_marker_proxy http://ip-172-31-19-100:53636/
[rosmaster.master][INFO] 2017-06-10 01:44:15,388: +SERVICE [/rosapi/get_time] /rosapi http://ip-172-31-19-100:57811/
[rosmaster.master][INFO] 2017-06-10 01:44:15,392: +PUB [/rosout] /rosbridge_websocket http://ip-172-31-19-100:45200/
[rosmaster.master][INFO] 2017-06-10 01:44:15,396: +SUB [/control_markers/update_full] /interactive_marker_proxy http://ip-172-31-19-100:53636/
[rosmaster.master][INFO] 2017-06-10 01:44:15,404: +PUB [/control_markers/tunneled/update] /interactive_marker_proxy http://ip-172-31-19-100:53636/
[rosmaster.master][INFO] 2017-06-10 01:44:15,409: +SERVICE [/rosbridge_websocket/get_loggers] /rosbridge_websocket http://ip-172-31-19-100:45200/
[rosmaster.master][INFO] 2017-06-10 01:44:15,413: +SERVICE [/control_markers/tunneled/get_init] /interactive_marker_proxy http://ip-172-31-19-100:53636/
[rosmaster.master][INFO] 2017-06-10 01:44:15,413: publisherUpdate[/rosout] -> http://ip-172-31-19-100:60488/
[rosmaster.master][INFO] 2017-06-10 01:44:15,416: +SERVICE [/rosbridge_websocket/set_logger_level] /rosbridge_websocket http://ip-172-31-19-100:45200/
[rosmaster.master][INFO] 2017-06-10 01:44:15,420: publisherUpdate[/rosout] -> http://ip-172-31-19-100:60488/
[rosmaster.master][INFO] 2017-06-10 01:44:15,452: -SUB [/control_markers/update_full] /interactive_marker_proxy http://ip-172-31-19-100:53636/
[rosmaster.master][INFO] 2017-06-10 01:44:17,096: +PARAM [/roslaunch/uris/host_ip_172_31_19_100__57803] by /roslaunch
[rosmaster.master][INFO] 2017-06-10 01:44:17,111: +PARAM [/robot_description_kinematics/lwr_arm/kinematics_solver] by /roslaunch
[rosmaster.master][INFO] 2017-06-10 01:44:17,115: +PARAM [/move_group/planner_configs/RRTkConfigDefault/goal_bias] by /roslaunch
[rosmaster.master][INFO] 2017-06-10 01:44:17,118: +PARAM [/robot_description_semantic] by /roslaunch
[rosmaster.master][INFO] 2017-06-10 01:44:17,121: +PARAM [/robot_description_kinematics/lwr_arm/kinematics_solver_attempts] by /roslaunch
[rosmaster.master][INFO] 2017-06-10 01:44:17,125: +PARAM [/robot_description_planning/joint_limits/lwr_arm_6_joint/max_acceleration] by /roslaunch
[rosmaster.master][INFO] 2017-06-10 01:44:17,128: +PARAM [/robot_description_planning/joint_limits/lwr_arm_5_joint/has_acceleration_limits] by /roslaunch
[rosmaster.master][INFO] 2017-06-10 01:44:17,131: +PARAM [/move_group/planner_configs/RRTstarkConfigDefault/range] by /roslaunch
[rosmaster.master][INFO] 2017-06-10 01:44:17,135: +PARAM [/robot_description_planning/joint_limits/lwr_arm_0_joint/max_acceleration] by /roslaunch
[rosmaster.master][INFO] 2017-06-10 01:44:17,138: +PARAM [/robot_description_planning/joint_limits/lwr_arm_0_joint/has_velocity_limits] by /roslaunch
[rosmaster.master][INFO] 2017-06-10 01:44:17,142: +PARAM [/move_group/max_safe_path_cost] by /roslaunch
[rosmaster.master][INFO] 2017-06-10 01:44:17,145: +PARAM [/move_group/planner_configs/RRTstarkConfigDefault/goal_bias] by /roslaunch
[rosmaster.master][INFO] 2017-06-10 01:44:17,156: +PARAM [/move_group/planning_scene_monitor/publish_planning_scene] by /roslaunch
[rosmaster.master][INFO] 2017-06-10 01:44:17,160: +PARAM [/move_group/planner_configs/PRMkConfigDefault/type] by /roslaunch
[rosmaster.master][INFO] 2017-06-10 01:44:17,163: +PARAM [/move_group/planner_configs/ESTkConfigDefault/range] by /roslaunch
[rosmaster.master][INFO] 2017-06-10 01:44:17,166: +PARAM [/robot_description_planning/joint_limits/lwr_arm_2_joint/max_acceleration] by /roslaunch
[rosmaster.master][INFO] 2017-06-10 01:44:17,170: +PARAM [/move_group/planner_configs/KPIECEkConfigDefault/min_valid_path_fraction] by /roslaunch
[rosmaster.master][INFO] 2017-06-10 01:44:17,173: +PARAM [/move_group/planner_configs/BKPIECEkConfigDefault/border_fraction] by /roslaunch
[rosmaster.master][INFO] 2017-06-10 01:44:17,177: +PARAM [/move_group/planner_configs/PRMkConfigDefault/max_nearest_neighbors] by /roslaunch
[rosmaster.master][INFO] 2017-06-10 01:44:17,180: +PARAM [/move_group/planner_configs/TRRTkConfigDefault/goal_bias] by /roslaunch
[rosmaster.master][INFO] 2017-06-10 01:44:17,184: +PARAM [/move_group/planner_configs/BKPIECEkConfigDefault/min_valid_path_fraction] by /roslaunch
[rosmaster.master][INFO] 2017-06-10 01:44:17,187: +PARAM [/robot_description_planning/joint_limits/lwr_arm_2_joint/has_velocity_limits] by /roslaunch
[rosmaster.master][INFO] 2017-06-10 01:44:17,190: +PARAM [/robot_description_planning/joint_limits/lwr_arm_3_joint/max_velocity] by /roslaunch
[rosmaster.master][INFO] 2017-06-10 01:44:17,194: +PARAM [/robot_description_planning/joint_limits/lwr_arm_4_joint/max_acceleration] by /roslaunch
[rosmaster.master][INFO] 2017-06-10 01:44:17,198: +PARAM [/robot_description_planning/joint_limits/lwr_arm_0_joint/max_velocity] by /roslaunch
[rosmaster.master][INFO] 2017-06-10 01:44:17,201: +PARAM [/move_group/planner_configs/SBLkConfigDefault/range] by /roslaunch
[rosmaster.master][INFO] 2017-06-10 01:44:17,205: +PARAM [/move_group/planner_configs/TRRTkConfigDefault/frountierNodeRatio] by /roslaunch
[rosmaster.master][INFO] 2017-06-10 01:44:17,208: +PARAM [/robot_description_planning/joint_limits/lwr_arm_6_joint/has_acceleration_limits] by /roslaunch
[rosmaster.master][INFO] 2017-06-10 01:44:17,211: +PARAM [/move_group/planning_plugin] by /roslaunch
[rosmaster.master][INFO] 2017-06-10 01:44:17,215: +PARAM [/move_group/planning_scene_monitor/publish_geometry_updates] by /roslaunch
[rosmaster.master][INFO] 2017-06-10 01:44:17,218: +PARAM [/robot_description_planning/joint_limits/lwr_arm_3_joint/max_acceleration] by /roslaunch
[rosmaster.master][INFO] 2017-06-10 01:44:17,221: +PARAM [/move_group/planner_configs/TRRTkConfigDefault/max_states_failed] by /roslaunch
[rosmaster.master][INFO] 2017-06-10 01:44:17,225: +PARAM [/robot_description_planning/joint_limits/lwr_arm_3_joint/has_velocity_limits] by /roslaunch
[rosmaster.master][INFO] 2017-06-10 01:44:17,228: +PARAM [/robot_description_kinematics/lwr_arm/kinematics_solver_timeout] by /roslaunch
[rosmaster.master][INFO] 2017-06-10 01:44:17,232: +PARAM [/move_group/lwr_arm/projection_evaluator] by /roslaunch
[rosmaster.master][INFO] 2017-06-10 01:44:17,235: +PARAM [/robot_description_planning/joint_limits/lwr_arm_1_joint/has_acceleration_limits] by /roslaunch
[rosmaster.master][INFO] 2017-06-10 01:44:17,238: +PARAM [/rosdistro] by /roslaunch
[rosmaster.master][INFO] 2017-06-10 01:44:17,241: +PARAM [/robot_description_planning/joint_limits/lwr_arm_5_joint/max_velocity] by /roslaunch
[rosmaster.master][INFO] 2017-06-10 01:44:17,245: +PARAM [/move_group/planner_configs/PRMstarkConfigDefault/type] by /roslaunch
[rosmaster.master][INFO] 2017-06-10 01:44:17,248: +PARAM [/move_group/planner_configs/RRTkConfigDefault/range] by /roslaunch
[rosmaster.master][INFO] 2017-06-10 01:44:17,254: +PARAM [/move_group/allow_trajectory_execution] by /roslaunch
[rosmaster.master][INFO] 2017-06-10 01:44:17,258: +PARAM [/move_group/lwr_arm/planner_configs] by /roslaunch
[rosmaster.master][INFO] 2017-06-10 01:44:17,266: +PARAM [/move_group/planner_configs/ESTkConfigDefault/type] by /roslaunch
[rosmaster.master][INFO] 2017-06-10 01:44:17,269: +PARAM [/move_group/start_state_max_bounds_error] by /roslaunch
[rosmaster.master][INFO] 2017-06-10 01:44:17,273: +PARAM [/move_group/planner_configs/TRRTkConfigDefault/init_temperature] by /roslaunch
[rosmaster.master][INFO] 2017-06-10 01:44:17,276: +PARAM [/move_group/planner_configs/BKPIECEkConfigDefault/type] by /roslaunch
[rosmaster.master][INFO] 2017-06-10 01:44:17,280: +PARAM [/move_group/planner_configs/KPIECEkConfigDefault/border_fraction] by /roslaunch
[rosmaster.master][INFO] 2017-06-10 01:44:17,283: +PARAM [/robot_description_planning/joint_limits/lwr_arm_4_joint/has_velocity_limits] by /roslaunch
[rosmaster.master][INFO] 2017-06-10 01:44:17,287: +PARAM [/move_group/planner_configs/ESTkConfigDefault/goal_bias] by /roslaunch
[rosmaster.master][INFO] 2017-06-10 01:44:17,290: +PARAM [/move_group/planner_configs/LBKPIECEkConfigDefault/border_fraction] by /roslaunch
[rosmaster.master][INFO] 2017-06-10 01:44:17,294: +PARAM [/move_group/jiggle_fraction] by /roslaunch
[rosmaster.master][INFO] 2017-06-10 01:44:17,297: +PARAM [/move_group/planner_configs/TRRTkConfigDefault/range] by /roslaunch
[rosmaster.master][INFO] 2017-06-10 01:44:17,301: +PARAM [/move_group/planning_scene_monitor/publish_state_updates] by /roslaunch
[rosmaster.master][INFO] 2017-06-10 01:44:17,304: +PARAM [/move_group/planner_configs/TRRTkConfigDefault/temp_change_factor] by /roslaunch
[rosmaster.master][INFO] 2017-06-10 01:44:17,308: +PARAM [/robot_description_planning/joint_limits/lwr_arm_6_joint/max_velocity] by /roslaunch
[rosmaster.master][INFO] 2017-06-10 01:44:17,312: +PARAM [/robot_description_planning/joint_limits/lwr_arm_1_joint/max_velocity] by /roslaunch
[rosmaster.master][INFO] 2017-06-10 01:44:17,315: +PARAM [/move_group/planner_configs/SBLkConfigDefault/type] by /roslaunch
[rosmaster.master][INFO] 2017-06-10 01:44:17,319: +PARAM [/robot_description] by /roslaunch
[rosmaster.master][INFO] 2017-06-10 01:44:17,322: +PARAM [/move_group/capabilities] by /roslaunch
[rosmaster.master][INFO] 2017-06-10 01:44:17,325: +PARAM [/move_group/planner_configs/LBKPIECEkConfigDefault/range] by /roslaunch
[rosmaster.master][INFO] 2017-06-10 01:44:17,329: +PARAM [/robot_description_planning/joint_limits/lwr_arm_5_joint/max_acceleration] by /roslaunch
[rosmaster.master][INFO] 2017-06-10 01:44:17,332: +PARAM [/move_group/planner_configs/KPIECEkConfigDefault/range] by /roslaunch
[rosmaster.master][INFO] 2017-06-10 01:44:17,335: +PARAM [/move_group/planner_configs/BKPIECEkConfigDefault/range] by /roslaunch
[rosmaster.master][INFO] 2017-06-10 01:44:17,339: +PARAM [/move_group/planner_configs/TRRTkConfigDefault/type] by /roslaunch
[rosmaster.master][INFO] 2017-06-10 01:44:17,342: +PARAM [/move_group/planner_configs/KPIECEkConfigDefault/goal_bias] by /roslaunch
[rosmaster.master][INFO] 2017-06-10 01:44:17,346: +PARAM [/move_group/planner_configs/RRTConnectkConfigDefault/range] by /roslaunch
[rosmaster.master][INFO] 2017-06-10 01:44:17,349: +PARAM [/move_group/request_adapters] by /roslaunch
[rosmaster.master][INFO] 2017-06-10 01:44:17,353: +PARAM [/move_group/planner_configs/TRRTkConfigDefault/min_temperature] by /roslaunch
[rosmaster.master][INFO] 2017-06-10 01:44:17,357: +PARAM [/robot_description_planning/joint_limits/lwr_arm_6_joint/has_velocity_limits] by /roslaunch
[rosmaster.master][INFO] 2017-06-10 01:44:17,361: +PARAM [/robot_description_planning/joint_limits/lwr_arm_1_joint/has_velocity_limits] by /roslaunch
[rosmaster.master][INFO] 2017-06-10 01:44:17,364: +PARAM [/move_group/planner_configs/KPIECEkConfigDefault/failed_expansion_score_factor] by /roslaunch
[rosmaster.master][INFO] 2017-06-10 01:44:17,373: +PARAM [/move_group/planning_scene_monitor/publish_transforms_updates] by /roslaunch
[rosmaster.master][INFO] 2017-06-10 01:44:17,376: +PARAM [/robot_description_planning/joint_limits/lwr_arm_5_joint/has_velocity_limits] by /roslaunch
[rosmaster.master][INFO] 2017-06-10 01:44:17,380: +PARAM [/robot_description_planning/joint_limits/lwr_arm_3_joint/has_acceleration_limits] by /roslaunch
[rosmaster.master][INFO] 2017-06-10 01:44:17,384: +PARAM [/move_group/planner_configs/RRTstarkConfigDefault/type] by /roslaunch
[rosmaster.master][INFO] 2017-06-10 01:44:17,387: +PARAM [/move_group/lwr_arm/longest_valid_segment_fraction] by /roslaunch
[rosmaster.master][INFO] 2017-06-10 01:44:17,391: +PARAM [/move_group/planner_configs/RRTstarkConfigDefault/delay_collision_checking] by /roslaunch
[rosmaster.master][INFO] 2017-06-10 01:44:17,394: +PARAM [/move_group/planner_configs/KPIECEkConfigDefault/type] by /roslaunch
[rosmaster.master][INFO] 2017-06-10 01:44:17,398: +PARAM [/robot_description_kinematics/lwr_arm/kinematics_solver_search_resolution] by /roslaunch
[rosmaster.master][INFO] 2017-06-10 01:44:17,401: +PARAM [/move_group/planner_configs/RRTConnectkConfigDefault/type] by /roslaunch
[rosmaster.master][INFO] 2017-06-10 01:44:17,405: +PARAM [/robot_description_planning/joint_limits/lwr_arm_2_joint/has_acceleration_limits] by /roslaunch
[rosmaster.master][INFO] 2017-06-10 01:44:17,408: +PARAM [/move_group/planner_configs/BKPIECEkConfigDefault/failed_expansion_score_factor] by /roslaunch
[rosmaster.master][INFO] 2017-06-10 01:44:17,411: +PARAM [/robot_description_planning/joint_limits/lwr_arm_2_joint/max_velocity] by /roslaunch
[rosmaster.master][INFO] 2017-06-10 01:44:17,415: +PARAM [/move_group/planner_configs/LBKPIECEkConfigDefault/min_valid_path_fraction] by /roslaunch
[rosmaster.master][INFO] 2017-06-10 01:44:17,418: +PARAM [/rosversion] by /roslaunch
[rosmaster.master][INFO] 2017-06-10 01:44:17,421: +PARAM [/robot_description_planning/joint_limits/lwr_arm_4_joint/max_velocity] by /roslaunch
[rosmaster.master][INFO] 2017-06-10 01:44:17,425: +PARAM [/robot_description_planning/joint_limits/lwr_arm_4_joint/has_acceleration_limits] by /roslaunch
[rosmaster.master][INFO] 2017-06-10 01:44:17,428: +PARAM [/robot_description_planning/joint_limits/lwr_arm_0_joint/has_acceleration_limits] by /roslaunch
[rosmaster.master][INFO] 2017-06-10 01:44:17,432: +PARAM [/robot_description_planning/joint_limits/lwr_arm_1_joint/max_acceleration] by /roslaunch
[rosmaster.master][INFO] 2017-06-10 01:44:17,435: +PARAM [/move_group/planner_configs/TRRTkConfigDefault/k_constant] by /roslaunch
[rosmaster.master][INFO] 2017-06-10 01:44:17,439: +PARAM [/move_group/planner_configs/TRRTkConfigDefault/frountier_threshold] by /roslaunch
[rosmaster.master][INFO] 2017-06-10 01:44:17,442: +PARAM [/move_group/planner_configs/LBKPIECEkConfigDefault/type] by /roslaunch
[rosmaster.master][INFO] 2017-06-10 01:44:17,445: +PARAM [/move_group/planner_configs/RRTkConfigDefault/type] by /roslaunch
[rosmaster.master][INFO] 2017-06-10 01:44:17,757: +PUB [/rosout] /robot_sim http://ip-172-31-19-100:37525/
[rosmaster.master][INFO] 2017-06-10 01:44:17,762: +SERVICE [/robot_sim/get_loggers] /robot_sim http://ip-172-31-19-100:37525/
[rosmaster.master][INFO] 2017-06-10 01:44:17,766: +SERVICE [/robot_sim/set_logger_level] /robot_sim http://ip-172-31-19-100:37525/
[rosmaster.master][INFO] 2017-06-10 01:44:17,776: +PUB [/joint_states] /robot_sim http://ip-172-31-19-100:37525/
[rosmaster.master][INFO] 2017-06-10 01:44:17,785: +SUB [/joint_velocities] /robot_sim http://ip-172-31-19-100:37525/
[rosmaster.master][INFO] 2017-06-10 01:44:17,794: +SUB [/joint_positions] /robot_sim http://ip-172-31-19-100:37525/
[rosmaster.master][INFO] 2017-06-10 01:44:17,809: +SUB [/joint_command] /robot_sim http://ip-172-31-19-100:37525/
[rosmaster.master][INFO] 2017-06-10 01:44:17,813: +PUB [/rosout] /robot_state_publisher http://ip-172-31-19-100:57140/
[rosmaster.master][INFO] 2017-06-10 01:44:17,818: +SERVICE [/robot_state_publisher/get_loggers] /robot_state_publisher http://ip-172-31-19-100:57140/
[rosmaster.master][INFO] 2017-06-10 01:44:17,821: +SUB [/joint_trajectory] /robot_sim http://ip-172-31-19-100:37525/
[rosmaster.master][INFO] 2017-06-10 01:44:17,822: publisherUpdate[/rosout] -> http://ip-172-31-19-100:60488/
[rosmaster.master][INFO] 2017-06-10 01:44:17,825: +SERVICE [/robot_state_publisher/set_logger_level] /robot_state_publisher http://ip-172-31-19-100:57140/
[rosmaster.master][INFO] 2017-06-10 01:44:17,830: publisherUpdate[/rosout] -> http://ip-172-31-19-100:60488/
[rosmaster.master][INFO] 2017-06-10 01:44:17,837: +PUB [/tf] /robot_state_publisher http://ip-172-31-19-100:57140/
[rosmaster.master][INFO] 2017-06-10 01:44:17,838: publisherUpdate[/tf] -> http://ip-172-31-19-100:42519/
[rosmaster.master][INFO] 2017-06-10 01:44:17,842: +PUB [/tf_static] /robot_state_publisher http://ip-172-31-19-100:57140/
[rosmaster.master][INFO] 2017-06-10 01:44:17,851: publisherUpdate[/tf] -> http://ip-172-31-19-100:53636/
[rosmaster.master][INFO] 2017-06-10 01:44:17,858: +SUB [/joint_states] /robot_state_publisher http://ip-172-31-19-100:57140/
[rosmaster.master][INFO] 2017-06-10 01:44:17,860: publisherUpdate[/tf_static] -> http://ip-172-31-19-100:42519/
[rosmaster.master][INFO] 2017-06-10 01:44:17,866: publisherUpdate[/tf_static] -> http://ip-172-31-19-100:53636/
[rosmaster.master][INFO] 2017-06-10 01:44:18,029: +PUB [/rosout] /move_group http://ip-172-31-19-100:43247/
[rosmaster.master][INFO] 2017-06-10 01:44:18,030: publisherUpdate[/rosout] -> http://ip-172-31-19-100:60488/
[rosmaster.master][INFO] 2017-06-10 01:44:18,033: +SERVICE [/move_group/get_loggers] /move_group http://ip-172-31-19-100:43247/
[rosmaster.master][INFO] 2017-06-10 01:44:18,041: +SERVICE [/move_group/set_logger_level] /move_group http://ip-172-31-19-100:43247/
[rosmaster.master][INFO] 2017-06-10 01:44:18,051: +SUB [/tf] /move_group http://ip-172-31-19-100:43247/
[rosmaster.master][INFO] 2017-06-10 01:44:18,060: +SUB [/tf_static] /move_group http://ip-172-31-19-100:43247/
[rosmaster.master][INFO] 2017-06-10 01:44:18,270: +SERVICE [/move_group/planning_scene_monitor/set_parameters] /move_group http://ip-172-31-19-100:43247/
[rosmaster.master][INFO] 2017-06-10 01:44:18,274: +PUB [/move_group/planning_scene_monitor/parameter_descriptions] /move_group http://ip-172-31-19-100:43247/
[rosmaster.master][INFO] 2017-06-10 01:44:18,282: +PUB [/move_group/planning_scene_monitor/parameter_updates] /move_group http://ip-172-31-19-100:43247/
[rosmaster.master][INFO] 2017-06-10 01:44:18,290: +PARAM [/move_group/planning_scene_monitor/publish_planning_scene] by /move_group
[rosmaster.master][INFO] 2017-06-10 01:44:18,295: +PARAM [/move_group/planning_scene_monitor/publish_planning_scene_hz] by /move_group
[rosmaster.master][INFO] 2017-06-10 01:44:18,299: +PARAM [/move_group/planning_scene_monitor/publish_geometry_updates] by /move_group
[rosmaster.master][INFO] 2017-06-10 01:44:18,303: +PARAM [/move_group/planning_scene_monitor/publish_state_updates] by /move_group
[rosmaster.master][INFO] 2017-06-10 01:44:18,308: +PARAM [/move_group/planning_scene_monitor/publish_transforms_updates] by /move_group
[rosmaster.master][INFO] 2017-06-10 01:44:18,312: +PUB [/move_group/monitored_planning_scene] /move_group http://ip-172-31-19-100:43247/
[rosmaster.master][INFO] 2017-06-10 01:44:18,317: +PARAM [/move_group/planning_scene_monitor/publish_planning_scene] by /move_group
[rosmaster.master][INFO] 2017-06-10 01:44:18,321: +PARAM [/move_group/planning_scene_monitor/publish_planning_scene_hz] by /move_group
[rosmaster.master][INFO] 2017-06-10 01:44:18,326: +PARAM [/move_group/planning_scene_monitor/publish_geometry_updates] by /move_group
[rosmaster.master][INFO] 2017-06-10 01:44:18,330: +PARAM [/move_group/planning_scene_monitor/publish_state_updates] by /move_group
[rosmaster.master][INFO] 2017-06-10 01:44:18,340: +PARAM [/move_group/planning_scene_monitor/publish_transforms_updates] by /move_group
[rosmaster.master][INFO] 2017-06-10 01:44:18,348: +SUB [/planning_scene] /move_group http://ip-172-31-19-100:43247/
[rosmaster.master][INFO] 2017-06-10 01:44:18,357: +SUB [/collision_object] /move_group http://ip-172-31-19-100:43247/
[rosmaster.master][INFO] 2017-06-10 01:44:18,365: +PUB [/rosout] /move_group_commander_wrappers_1497084258359931651 http://ip-172-31-19-100:35323/
[rosmaster.master][INFO] 2017-06-10 01:44:18,368: +SUB [/planning_scene_world] /move_group http://ip-172-31-19-100:43247/
[rosmaster.master][INFO] 2017-06-10 01:44:18,372: +SERVICE [/move_group_commander_wrappers_1497084258359931651/get_loggers] /move_group_commander_wrappers_1497084258359931651 http://ip-172-31-19-100:35323/
[rosmaster.master][INFO] 2017-06-10 01:44:18,373: publisherUpdate[/rosout] -> http://ip-172-31-19-100:60488/
[rosmaster.master][INFO] 2017-06-10 01:44:18,376: +SERVICE [/move_group/save_map] /move_group http://ip-172-31-19-100:43247/
[rosmaster.master][INFO] 2017-06-10 01:44:18,386: +SERVICE [/move_group_commander_wrappers_1497084258359931651/set_logger_level] /move_group_commander_wrappers_1497084258359931651 http://ip-172-31-19-100:35323/
[rosmaster.master][INFO] 2017-06-10 01:44:18,389: +SERVICE [/move_group/load_map] /move_group http://ip-172-31-19-100:43247/
[rosmaster.master][INFO] 2017-06-10 01:44:18,398: +SUB [/joint_states] /move_group http://ip-172-31-19-100:43247/
[rosmaster.master][INFO] 2017-06-10 01:44:18,408: +SUB [/attached_collision_object] /move_group http://ip-172-31-19-100:43247/
[rosmaster.master][INFO] 2017-06-10 01:44:18,504: +SERVICE [/move_group/ompl/set_parameters] /move_group http://ip-172-31-19-100:43247/
[rosmaster.master][INFO] 2017-06-10 01:44:18,508: +PUB [/move_group/ompl/parameter_descriptions] /move_group http://ip-172-31-19-100:43247/
[rosmaster.master][INFO] 2017-06-10 01:44:18,513: +PUB [/move_group/ompl/parameter_updates] /move_group http://ip-172-31-19-100:43247/
[rosmaster.master][INFO] 2017-06-10 01:44:18,521: +PARAM [/move_group/ompl/simplify_solutions] by /move_group
[rosmaster.master][INFO] 2017-06-10 01:44:18,525: +PARAM [/move_group/ompl/minimum_waypoint_count] by /move_group
[rosmaster.master][INFO] 2017-06-10 01:44:18,530: +PARAM [/move_group/ompl/maximum_waypoint_distance] by /move_group
[rosmaster.master][INFO] 2017-06-10 01:44:18,534: +PARAM [/move_group/ompl/link_for_exploration_tree] by /move_group
[rosmaster.master][INFO] 2017-06-10 01:44:18,538: +PARAM [/move_group/ompl/display_random_valid_states] by /move_group
[rosmaster.master][INFO] 2017-06-10 01:44:18,543: +PARAM [/move_group/ompl/simplify_solutions] by /move_group
[rosmaster.master][INFO] 2017-06-10 01:44:18,547: +PARAM [/move_group/ompl/minimum_waypoint_count] by /move_group
[rosmaster.master][INFO] 2017-06-10 01:44:18,552: +PUB [/rosout] /marker_control_31589_1497084258390 http://ip-172-31-19-100:41827/
[rosmaster.master][INFO] 2017-06-10 01:44:18,554: +PARAM [/move_group/ompl/maximum_waypoint_distance] by /move_group
[rosmaster.master][INFO] 2017-06-10 01:44:18,561: +PARAM [/move_group/ompl/link_for_exploration_tree] by /move_group
[rosmaster.master][INFO] 2017-06-10 01:44:18,566: +PARAM [/move_group/ompl/display_random_valid_states] by /move_group
[rosmaster.master][INFO] 2017-06-10 01:44:18,566: +SERVICE [/marker_control_31589_1497084258390/get_loggers] /marker_control_31589_1497084258390 http://ip-172-31-19-100:41827/
[rosmaster.master][INFO] 2017-06-10 01:44:18,574: +SERVICE [/marker_control_31589_1497084258390/set_logger_level] /marker_control_31589_1497084258390 http://ip-172-31-19-100:41827/
[rosmaster.master][INFO] 2017-06-10 01:44:18,578: +PUB [/planning_scene] /move_group_commander_wrappers_1497084258359931651 http://ip-172-31-19-100:35323/
[rosmaster.master][INFO] 2017-06-10 01:44:18,580: publisherUpdate[/rosout] -> http://ip-172-31-19-100:60488/
[rosmaster.master][INFO] 2017-06-10 01:44:18,583: +PUB [/collision_object] /marker_control_31589_1497084258390 http://ip-172-31-19-100:41827/
[rosmaster.master][INFO] 2017-06-10 01:44:18,586: publisherUpdate[/planning_scene] -> http://ip-172-31-19-100:43247/
[rosmaster.master][INFO] 2017-06-10 01:44:18,592: +PUB [/attached_collision_object] /marker_control_31589_1497084258390 http://ip-172-31-19-100:41827/
[rosmaster.master][INFO] 2017-06-10 01:44:18,595: publisherUpdate[/collision_object] -> http://ip-172-31-19-100:43247/
[rosmaster.master][INFO] 2017-06-10 01:44:18,599: +PUB [/visualization_marker_array] /marker_control_31589_1497084258390 http://ip-172-31-19-100:41827/
[rosmaster.master][INFO] 2017-06-10 01:44:18,603: publisherUpdate[/attached_collision_object] -> http://ip-172-31-19-100:43247/
[rosmaster.master][INFO] 2017-06-10 01:44:18,607: +PUB [/motion_planning_goal] /marker_control_31589_1497084258390 http://ip-172-31-19-100:41827/
[rosmaster.master][INFO] 2017-06-10 01:44:18,615: +SUB [/joint_trajectory] /marker_control_31589_1497084258390 http://ip-172-31-19-100:41827/
[rosmaster.master][INFO] 2017-06-10 01:44:18,620: +PUB [/control_markers/update_full] /marker_control_31589_1497084258390 http://ip-172-31-19-100:41827/
[rosmaster.master][INFO] 2017-06-10 01:44:18,623: +PUB [/move_group/display_planned_path] /move_group http://ip-172-31-19-100:43247/
[rosmaster.master][INFO] 2017-06-10 01:44:18,627: +PUB [/control_markers/update] /marker_control_31589_1497084258390 http://ip-172-31-19-100:41827/
[rosmaster.master][INFO] 2017-06-10 01:44:18,631: +PUB [/move_group/display_contacts] /move_group http://ip-172-31-19-100:43247/
[rosmaster.master][INFO] 2017-06-10 01:44:18,633: publisherUpdate[/control_markers/update] -> http://ip-172-31-19-100:53636/
[rosmaster.master][INFO] 2017-06-10 01:44:18,634: +SUB [/control_markers/feedback] /marker_control_31589_1497084258390 http://ip-172-31-19-100:41827/
[rosmaster.master][INFO] 2017-06-10 01:44:18,680: +SERVICE [/apply_planning_scene] /move_group http://ip-172-31-19-100:43247/
[rosmaster.master][INFO] 2017-06-10 01:44:18,685: +SERVICE [/clear_octomap] /move_group http://ip-172-31-19-100:43247/
[rosmaster.master][INFO] 2017-06-10 01:44:18,689: +SERVICE [/compute_cartesian_path] /move_group http://ip-172-31-19-100:43247/
[rosmaster.master][INFO] 2017-06-10 01:44:18,694: +SERVICE [/execute_kinematic_path] /move_group http://ip-172-31-19-100:43247/
[rosmaster.master][INFO] 2017-06-10 01:44:18,700: +PUB [/execute_trajectory/result] /move_group http://ip-172-31-19-100:43247/
[rosmaster.master][INFO] 2017-06-10 01:44:18,705: +PUB [/execute_trajectory/feedback] /move_group http://ip-172-31-19-100:43247/
[rosmaster.master][INFO] 2017-06-10 01:44:18,709: +PUB [/execute_trajectory/status] /move_group http://ip-172-31-19-100:43247/
[rosmaster.master][INFO] 2017-06-10 01:44:18,720: +SUB [/execute_trajectory/goal] /move_group http://ip-172-31-19-100:43247/
[rosmaster.master][INFO] 2017-06-10 01:44:18,728: +SUB [/execute_trajectory/cancel] /move_group http://ip-172-31-19-100:43247/
[rosmaster.master][INFO] 2017-06-10 01:44:18,733: +SERVICE [/get_planning_scene] /move_group http://ip-172-31-19-100:43247/
[rosmaster.master][INFO] 2017-06-10 01:44:18,737: +SERVICE [/compute_fk] /move_group http://ip-172-31-19-100:43247/
[rosmaster.master][INFO] 2017-06-10 01:44:18,742: +SERVICE [/compute_ik] /move_group http://ip-172-31-19-100:43247/
[rosmaster.master][INFO] 2017-06-10 01:44:18,748: +PUB [/move_group/result] /move_group http://ip-172-31-19-100:43247/
[rosmaster.master][INFO] 2017-06-10 01:44:18,752: +PUB [/move_group/feedback] /move_group http://ip-172-31-19-100:43247/
[rosmaster.master][INFO] 2017-06-10 01:44:18,757: +PUB [/move_group/status] /move_group http://ip-172-31-19-100:43247/
[rosmaster.master][INFO] 2017-06-10 01:44:18,776: +SUB [/move_group/goal] /move_group http://ip-172-31-19-100:43247/
[rosmaster.master][INFO] 2017-06-10 01:44:18,784: +SUB [/move_group/cancel] /move_group http://ip-172-31-19-100:43247/
[rosmaster.master][INFO] 2017-06-10 01:44:18,835: +PUB [/pickup/result] /move_group http://ip-172-31-19-100:43247/
[rosmaster.master][INFO] 2017-06-10 01:44:18,840: +PUB [/pickup/feedback] /move_group http://ip-172-31-19-100:43247/
[rosmaster.master][INFO] 2017-06-10 01:44:18,844: +PUB [/pickup/status] /move_group http://ip-172-31-19-100:43247/
[rosmaster.master][INFO] 2017-06-10 01:44:18,855: +SUB [/pickup/goal] /move_group http://ip-172-31-19-100:43247/
[rosmaster.master][INFO] 2017-06-10 01:44:18,863: +SUB [/pickup/cancel] /move_group http://ip-172-31-19-100:43247/
[rosmaster.master][INFO] 2017-06-10 01:44:18,871: +PUB [/place/result] /move_group http://ip-172-31-19-100:43247/
[rosmaster.master][INFO] 2017-06-10 01:44:18,878: +PUB [/place/feedback] /move_group http://ip-172-31-19-100:43247/
[rosmaster.master][INFO] 2017-06-10 01:44:18,882: +PUB [/place/status] /move_group http://ip-172-31-19-100:43247/
[rosmaster.master][INFO] 2017-06-10 01:44:18,893: +SUB [/place/goal] /move_group http://ip-172-31-19-100:43247/
[rosmaster.master][INFO] 2017-06-10 01:44:18,904: +SUB [/place/cancel] /move_group http://ip-172-31-19-100:43247/
[rosmaster.master][INFO] 2017-06-10 01:44:18,908: +SERVICE [/plan_kinematic_path] /move_group http://ip-172-31-19-100:43247/
[rosmaster.master][INFO] 2017-06-10 01:44:18,912: +SERVICE [/query_planner_interface] /move_group http://ip-172-31-19-100:43247/
[rosmaster.master][INFO] 2017-06-10 01:44:18,917: +SERVICE [/check_state_validity] /move_group http://ip-172-31-19-100:43247/
[rosmaster.master][INFO] 2017-06-10 01:44:19,146: +SUB [/control_markers/update_full] /interactive_marker_proxy http://ip-172-31-19-100:53636/
[rosmaster.master][INFO] 2017-06-10 01:44:19,352: -SUB [/control_markers/update_full] /interactive_marker_proxy http://ip-172-31-19-100:53636/
[rosmaster.master][INFO] 2017-06-10 01:44:20,338: +PUB [/tf2_web_republisher/goal] /rosbridge_websocket http://ip-172-31-19-100:45200/
[rosmaster.master][INFO] 2017-06-10 01:44:20,341: publisherUpdate[/tf2_web_republisher/goal] -> http://ip-172-31-19-100:42519/
[rosmaster.master][INFO] 2017-06-10 01:44:20,350: +PUB [/tf2_web_republisher/cancel] /rosbridge_websocket http://ip-172-31-19-100:45200/
[rosmaster.master][INFO] 2017-06-10 01:44:20,358: +SUB [/tf2_web_republisher/feedback] /rosbridge_websocket http://ip-172-31-19-100:45200/
[rosmaster.master][INFO] 2017-06-10 01:44:20,378: +SUB [/visualization_marker_array] /rosbridge_websocket http://ip-172-31-19-100:45200/
[rosmaster.master][INFO] 2017-06-10 01:44:20,394: +SUB [/control_markers/tunneled/update] /rosbridge_websocket http://ip-172-31-19-100:45200/
[rosmaster.master][INFO] 2017-06-10 01:44:20,405: +PUB [/control_markers/feedback] /rosbridge_websocket http://ip-172-31-19-100:45200/
[rosmaster.master][INFO] 2017-06-10 01:44:20,413: publisherUpdate[/tf2_web_republisher/cancel] -> http://ip-172-31-19-100:42519/
[rosmaster.master][INFO] 2017-06-10 01:44:20,418: publisherUpdate[/control_markers/feedback] -> http://ip-172-31-19-100:41827/
[rosmaster.master][INFO] 2017-06-10 01:44:28,895: +PUB [/rosout] /move_group_commander_wrappers_1497084268889790681 http://ip-172-31-19-100:53738/
[rosmaster.master][INFO] 2017-06-10 01:44:28,896: +SERVICE [/move_group_commander_wrappers_1497084268889790681/get_loggers] /move_group_commander_wrappers_1497084268889790681 http://ip-172-31-19-100:53738/
[rosmaster.master][INFO] 2017-06-10 01:44:28,900: +SERVICE [/move_group_commander_wrappers_1497084268889790681/set_logger_level] /move_group_commander_wrappers_1497084268889790681 http://ip-172-31-19-100:53738/
[rosmaster.master][INFO] 2017-06-10 01:44:28,940: publisherUpdate[/rosout] -> http://ip-172-31-19-100:60488/
[rosmaster.master][INFO] 2017-06-10 01:44:29,069: +PUB [/rosout] /move_arm_32388_1497084268904 http://ip-172-31-19-100:38323/
[rosmaster.master][INFO] 2017-06-10 01:44:29,082: +SERVICE [/move_arm_32388_1497084268904/get_loggers] /move_arm_32388_1497084268904 http://ip-172-31-19-100:38323/
[rosmaster.master][INFO] 2017-06-10 01:44:29,087: +SERVICE [/move_arm_32388_1497084268904/set_logger_level] /move_arm_32388_1497084268904 http://ip-172-31-19-100:38323/
[rosmaster.master][INFO] 2017-06-10 01:44:29,099: +SUB [/joint_states] /move_arm_32388_1497084268904 http://ip-172-31-19-100:38323/
[rosmaster.master][INFO] 2017-06-10 01:44:29,104: +SUB [/motion_planning_goal] /move_arm_32388_1497084268904 http://ip-172-31-19-100:38323/
[rosmaster.master][INFO] 2017-06-10 01:44:29,108: +PUB [/joint_trajectory] /move_arm_32388_1497084268904 http://ip-172-31-19-100:38323/
[rosmaster.master][INFO] 2017-06-10 01:44:29,145: publisherUpdate[/rosout] -> http://ip-172-31-19-100:60488/
[rosmaster.master][INFO] 2017-06-10 01:44:29,151: publisherUpdate[/joint_trajectory] -> http://ip-172-31-19-100:37525/
[rosmaster.master][INFO] 2017-06-10 01:44:29,156: publisherUpdate[/joint_trajectory] -> http://ip-172-31-19-100:41827/
[rosmaster.master][INFO] 2017-06-10 01:44:29,271: +SUB [/tf] /move_group_commander_wrappers_1497084268889790681 http://ip-172-31-19-100:53738/
[rosmaster.master][INFO] 2017-06-10 01:44:29,278: +SUB [/tf_static] /move_group_commander_wrappers_1497084268889790681 http://ip-172-31-19-100:53738/
[rosmaster.master][INFO] 2017-06-10 01:44:29,283: +PUB [/planning_scene] /move_group_commander_wrappers_1497084268889790681 http://ip-172-31-19-100:53738/
[rosmaster.master][INFO] 2017-06-10 01:44:29,288: +PUB [/collision_object] /move_arm_32388_1497084268904 http://ip-172-31-19-100:38323/
[rosmaster.master][INFO] 2017-06-10 01:44:29,296: +PUB [/attached_collision_object] /move_arm_32388_1497084268904 http://ip-172-31-19-100:38323/
[rosmaster.master][INFO] 2017-06-10 01:44:29,300: +PUB [/trajectory_execution_event] /move_group_commander_wrappers_1497084268889790681 http://ip-172-31-19-100:53738/
[rosmaster.master][INFO] 2017-06-10 01:44:29,304: +PUB [/attached_collision_object] /move_group_commander_wrappers_1497084268889790681 http://ip-172-31-19-100:53738/
[rosmaster.master][INFO] 2017-06-10 01:44:29,318: +SUB [/move_group/status] /move_group_commander_wrappers_1497084268889790681 http://ip-172-31-19-100:53738/
[rosmaster.master][INFO] 2017-06-10 01:44:29,326: +SUB [/move_group/feedback] /move_group_commander_wrappers_1497084268889790681 http://ip-172-31-19-100:53738/
[rosmaster.master][INFO] 2017-06-10 01:44:29,333: +SUB [/move_group/result] /move_group_commander_wrappers_1497084268889790681 http://ip-172-31-19-100:53738/
[rosmaster.master][INFO] 2017-06-10 01:44:29,337: +PUB [/move_group/goal] /move_group_commander_wrappers_1497084268889790681 http://ip-172-31-19-100:53738/
[rosmaster.master][INFO] 2017-06-10 01:44:29,342: +PUB [/move_group/cancel] /move_group_commander_wrappers_1497084268889790681 http://ip-172-31-19-100:53738/
[rosmaster.master][INFO] 2017-06-10 01:44:29,357: publisherUpdate[/planning_scene] -> http://ip-172-31-19-100:43247/
[rosmaster.master][INFO] 2017-06-10 01:44:29,362: publisherUpdate[/collision_object] -> http://ip-172-31-19-100:43247/
[rosmaster.master][INFO] 2017-06-10 01:44:29,366: publisherUpdate[/attached_collision_object] -> http://ip-172-31-19-100:43247/
[rosmaster.master][INFO] 2017-06-10 01:44:29,370: publisherUpdate[/attached_collision_object] -> http://ip-172-31-19-100:43247/
[rosmaster.master][INFO] 2017-06-10 01:44:29,374: publisherUpdate[/move_group/goal] -> http://ip-172-31-19-100:43247/
[rosmaster.master][INFO] 2017-06-10 01:44:29,379: publisherUpdate[/move_group/cancel] -> http://ip-172-31-19-100:43247/
[rosmaster.master][INFO] 2017-06-10 01:44:29,598: +SUB [/pickup/status] /move_group_commander_wrappers_1497084268889790681 http://ip-172-31-19-100:53738/
[rosmaster.master][INFO] 2017-06-10 01:44:29,607: +SUB [/pickup/feedback] /move_group_commander_wrappers_1497084268889790681 http://ip-172-31-19-100:53738/
[rosmaster.master][INFO] 2017-06-10 01:44:29,614: +SUB [/pickup/result] /move_group_commander_wrappers_1497084268889790681 http://ip-172-31-19-100:53738/
[rosmaster.master][INFO] 2017-06-10 01:44:29,619: +PUB [/pickup/goal] /move_group_commander_wrappers_1497084268889790681 http://ip-172-31-19-100:53738/
[rosmaster.master][INFO] 2017-06-10 01:44:29,623: +PUB [/pickup/cancel] /move_group_commander_wrappers_1497084268889790681 http://ip-172-31-19-100:53738/
[rosmaster.master][INFO] 2017-06-10 01:44:29,662: publisherUpdate[/pickup/goal] -> http://ip-172-31-19-100:43247/
[rosmaster.master][INFO] 2017-06-10 01:44:29,668: publisherUpdate[/pickup/cancel] -> http://ip-172-31-19-100:43247/
[rosmaster.master][INFO] 2017-06-10 01:44:29,881: +SUB [/place/status] /move_group_commander_wrappers_1497084268889790681 http://ip-172-31-19-100:53738/
[rosmaster.master][INFO] 2017-06-10 01:44:29,890: +SUB [/place/feedback] /move_group_commander_wrappers_1497084268889790681 http://ip-172-31-19-100:53738/
[rosmaster.master][INFO] 2017-06-10 01:44:29,898: +SUB [/place/result] /move_group_commander_wrappers_1497084268889790681 http://ip-172-31-19-100:53738/
[rosmaster.master][INFO] 2017-06-10 01:44:29,903: +PUB [/place/goal] /move_group_commander_wrappers_1497084268889790681 http://ip-172-31-19-100:53738/
[rosmaster.master][INFO] 2017-06-10 01:44:29,907: +PUB [/place/cancel] /move_group_commander_wrappers_1497084268889790681 http://ip-172-31-19-100:53738/
[rosmaster.master][INFO] 2017-06-10 01:44:29,964: publisherUpdate[/place/goal] -> http://ip-172-31-19-100:43247/
[rosmaster.master][INFO] 2017-06-10 01:44:29,969: publisherUpdate[/place/cancel] -> http://ip-172-31-19-100:43247/
[rosmaster.master][INFO] 2017-06-10 01:44:30,193: +SUB [/execute_trajectory/status] /move_group_commander_wrappers_1497084268889790681 http://ip-172-31-19-100:53738/
[rosmaster.master][INFO] 2017-06-10 01:44:30,201: +SUB [/execute_trajectory/feedback] /move_group_commander_wrappers_1497084268889790681 http://ip-172-31-19-100:53738/
[rosmaster.master][INFO] 2017-06-10 01:44:30,209: +SUB [/execute_trajectory/result] /move_group_commander_wrappers_1497084268889790681 http://ip-172-31-19-100:53738/
[rosmaster.master][INFO] 2017-06-10 01:44:30,214: +PUB [/execute_trajectory/goal] /move_group_commander_wrappers_1497084268889790681 http://ip-172-31-19-100:53738/
[rosmaster.master][INFO] 2017-06-10 01:44:30,218: +PUB [/execute_trajectory/cancel] /move_group_commander_wrappers_1497084268889790681 http://ip-172-31-19-100:53738/
[rosmaster.master][INFO] 2017-06-10 01:44:30,224: -SUB [/execute_trajectory/status] /move_group_commander_wrappers_1497084268889790681 http://ip-172-31-19-100:53738/
[rosmaster.master][INFO] 2017-06-10 01:44:30,229: -PUB [/execute_trajectory/cancel] /move_group_commander_wrappers_1497084268889790681 http://ip-172-31-19-100:53738/
[rosmaster.master][INFO] 2017-06-10 01:44:30,233: -PUB [/execute_trajectory/goal] /move_group_commander_wrappers_1497084268889790681 http://ip-172-31-19-100:53738/
[rosmaster.master][INFO] 2017-06-10 01:44:30,237: -SUB [/execute_trajectory/feedback] /move_group_commander_wrappers_1497084268889790681 http://ip-172-31-19-100:53738/
[rosmaster.master][INFO] 2017-06-10 01:44:30,241: -SUB [/execute_trajectory/result] /move_group_commander_wrappers_1497084268889790681 http://ip-172-31-19-100:53738/
[rosmaster.master][INFO] 2017-06-10 01:44:30,274: publisherUpdate[/execute_trajectory/goal] -> http://ip-172-31-19-100:43247/
[rosmaster.master][INFO] 2017-06-10 01:44:30,274: publisherUpdate[/execute_trajectory/cancel] -> http://ip-172-31-19-100:43247/
[rosmaster.master][INFO] 2017-06-10 01:44:30,285: publisherUpdate[/execute_trajectory/cancel] -> http://ip-172-31-19-100:43247/
[rosmaster.master][INFO] 2017-06-10 01:44:30,289: publisherUpdate[/execute_trajectory/goal] -> http://ip-172-31-19-100:43247/
