[rospy.client][INFO] 2017-06-10 01:44:15,263: init_node, name[/rosbridge_websocket], pid[31347]
[xmlrpc][INFO] 2017-06-10 01:44:15,263: XML-RPC server binding to 0.0.0.0:0
[xmlrpc][INFO] 2017-06-10 01:44:15,267: Started XML-RPC server [http://ip-172-31-19-100:45200/]
[rospy.init][INFO] 2017-06-10 01:44:15,267: ROS Slave URI: [http://ip-172-31-19-100:45200/]
[rospy.impl.masterslave][INFO] 2017-06-10 01:44:15,273: _ready: http://ip-172-31-19-100:45200/
[xmlrpc][INFO] 2017-06-10 01:44:15,281: xml rpc node: starting XML-RPC server
[rospy.registration][INFO] 2017-06-10 01:44:15,281: Registering with master node http://localhost:42299
[rospy.init][INFO] 2017-06-10 01:44:15,377: registered with master
[rospy.rosout][INFO] 2017-06-10 01:44:15,380: initializing /rosout core topic
[rospy.rosout][INFO] 2017-06-10 01:44:15,396: connected to core topic /rosout
[rospy.simtime][INFO] 2017-06-10 01:44:15,400: /use_sim_time is not set, will not subscribe to simulated time [/clock] topic
[rosout][INFO] 2017-06-10 01:44:15,434: Rosbridge WebSocket server started on port 33438
[rospy.internal][INFO] 2017-06-10 01:44:15,630: topic[/rosout] adding connection to [/rosout], count 0
[rosout][INFO] 2017-06-10 01:44:20,221: Client connected.  1 clients total.
[rosout][INFO] 2017-06-10 01:44:20,361: [Client 0] Subscribed to /tf2_web_republisher/feedback
[rosout][INFO] 2017-06-10 01:44:20,384: [Client 0] Subscribed to /visualization_marker_array
[rosout][INFO] 2017-06-10 01:44:20,398: [Client 0] Subscribed to /control_markers/tunneled/update
[rospy.internal][INFO] 2017-06-10 01:44:20,411: topic[/visualization_marker_array] adding connection to [http://ip-172-31-19-100:41827/], count 0
[rospy.internal][INFO] 2017-06-10 01:44:20,411: topic[/tf2_web_republisher/feedback] adding connection to [http://ip-172-31-19-100:42519/], count 0
[rospy.internal][INFO] 2017-06-10 01:44:20,412: topic[/control_markers/tunneled/update] adding connection to [http://ip-172-31-19-100:53636/], count 0
[rospy.internal][INFO] 2017-06-10 01:44:20,477: topic[/control_markers/feedback] adding connection to [/marker_control_31589_1497084258390], count 0
[rosout][INFO] 2017-06-10 01:44:20,510: [Client 0] Subscribed to /tf2_web_republisher/feedback
[rospy.internal][INFO] 2017-06-10 01:44:20,519: topic[/tf2_web_republisher/goal] adding connection to [/tf2_web_republisher], count 0
[rosout][INFO] 2017-06-10 01:44:20,526: [Client 0] Subscribed to /tf2_web_republisher/feedback
[rosout][INFO] 2017-06-10 01:44:20,530: [Client 0] Subscribed to /tf2_web_republisher/feedback
[rosout][INFO] 2017-06-10 01:44:20,534: [Client 0] Subscribed to /tf2_web_republisher/feedback
[rosout][INFO] 2017-06-10 01:44:20,538: [Client 0] Subscribed to /tf2_web_republisher/feedback
[rosout][INFO] 2017-06-10 01:44:20,542: [Client 0] Subscribed to /tf2_web_republisher/feedback
[rosout][INFO] 2017-06-10 01:44:20,547: [Client 0] Subscribed to /tf2_web_republisher/feedback
[rospy.internal][INFO] 2017-06-10 01:44:20,620: topic[/tf2_web_republisher/cancel] adding connection to [/tf2_web_republisher], count 0
[rospy.internal][INFO] 2017-06-10 01:56:22,564: topic impl's ref count is zero, deleting topic /tf2_web_republisher/cancel...
[rospy.internal][INFO] 2017-06-10 01:56:22,564: topic[/tf2_web_republisher/cancel] removing connection to /tf2_web_republisher
[rospy.internal][INFO] 2017-06-10 01:56:22,573: topic impl's ref count is zero, deleting topic /tf2_web_republisher/goal...
[rospy.internal][INFO] 2017-06-10 01:56:22,576: topic[/tf2_web_republisher/goal] removing connection to /tf2_web_republisher
[rospy.internal][INFO] 2017-06-10 01:56:22,585: topic impl's ref count is zero, deleting topic /control_markers/feedback...
[rospy.internal][INFO] 2017-06-10 01:56:22,588: topic[/control_markers/feedback] removing connection to /marker_control_31589_1497084258390
[rospy.internal][INFO] 2017-06-10 01:56:22,596: topic impl's ref count is zero, deleting topic /control_markers/tunneled/update...
[rospy.internal][INFO] 2017-06-10 01:56:22,600: topic[/control_markers/tunneled/update] removing connection to http://ip-172-31-19-100:53636/
[rospy.internal][INFO] 2017-06-10 01:56:22,616: topic impl's ref count is zero, deleting topic /tf2_web_republisher/feedback...
[rospy.internal][INFO] 2017-06-10 01:56:22,620: topic[/tf2_web_republisher/feedback] removing connection to http://ip-172-31-19-100:42519/
[rospy.internal][INFO] 2017-06-10 01:56:22,634: topic impl's ref count is zero, deleting topic /visualization_marker_array...
[rospy.internal][INFO] 2017-06-10 01:56:22,638: topic[/visualization_marker_array] removing connection to http://ip-172-31-19-100:41827/
[rosout][INFO] 2017-06-10 01:56:22,645: Client disconnected. 0 clients total.
