[roslaunch][INFO] 2017-06-10 01:44:12,315: Checking log directory for disk usage. This may take awhile.
Press Ctrl-C to interrupt
[roslaunch][INFO] 2017-06-10 01:44:12,516: Done checking log file disk usage. Usage is <1GB.
[roslaunch][INFO] 2017-06-10 01:44:12,516: roslaunch starting with args ['roscore', '--core', '-p', '42299']
[roslaunch][INFO] 2017-06-10 01:44:12,519: roslaunch env is {'ROS_DISTRO': 'indigo', 'ASNLIB': '/home/ccc_v1_s54106__48606/asn13529_Project_5/asn13530_Project_4/asnlib', 'LIB': '/home/ccc_v1_s54106__48606/lib', 'PKG_CONFIG_PATH': '/opt/ros/indigo/lib/pkgconfig:/opt/ros/indigo/lib/x86_64-linux-gnu/pkgconfig', 'SSH_CLIENT': '172.31.7.153 33564 22', 'CPATH': '/opt/ros/indigo/include', 'LOGNAME': 'ccc_v1_w_dd4cc_18220', 'USER': 'ccc_v1_w_dd4cc_18220', 'ROS_NODE_PORT': '42299', 'HOME': '/home/ccc_v1_w_dd4cc_18220/asn13529_Project_5/asn13530_Project_4/work', 'PATH': '/opt/ros/indigo/bin:/usr/local/sbin:/usr/local/bin:/usr/sbin:/usr/bin:/sbin:/bin:/usr/games:/usr/local/games:/home/local/bin:/home/ccc_v1_s54106__48606/lib:/home/ccc_v1_s54106__48606/asn13529_Project_5/asn13530_Project_4/asnlib:/home/vlibs:.', 'CMAKE_PREFIX_PATH': '/opt/ros/indigo', 'LD_LIBRARY_PATH': '/opt/ros/indigo/lib:/opt/ros/indigo/lib/x86_64-linux-gnu:/home/ccc_v1_s54106__48606/lib:/home/ccc_v1_s54106__48606/asn13529_Project_5/asn13530_Project_4/asnlib:/home/vlibs', 'LANG': 'en_US.UTF-8', 'TERM': 'xterm-256color', 'SHELL': '/bin/bash', 'HISTFILE': '/home/ccc_v1_w_dd4cc_18220/.bash_history', 'SHLVL': '2', 'VOC_WORKAREA': '/home/ccc_v1_w_dd4cc_18220/asn13529_Project_5/asn13530_Project_4/work', 'ROS_LOG_FILENAME': '/home/ccc_v1_w_dd4cc_18220/asn13529_Project_5/asn13530_Project_4/work/.ros/log/fa0f61be-4db8-11e7-845f-06f360e4abc1/roslaunch-ip-172-31-19-100-31218.log', 'PART1': '/home/ccc_v1_s54106__48606/asn13529_Project_5/asn13530_Project_4', 'ROS_ETC_DIR': '/opt/ros/indigo/etc/ros', 'XDG_RUNTIME_DIR': '/run/user/18220', 'PYTHONPATH': '/opt/ros/indigo/lib/python2.7/dist-packages:/home/vlibs/python', 'VOC_PROXY_WRAPPER_PORT': '5100', 'VOC_XFER_TOKEN': '5889079574354243542135300593bb11cd2a642.66869250', 'ROS_ROOT': '/opt/ros/indigo/share/ros', 'OLD_HOME': '/home/ccc_v1_w_dd4cc_18220', 'VOC_PROXY_TOKEN': '106646320843542435421353001593bb11cdc2dd3.38947515', 'ROS_PACKAGE_PATH': '/opt/ros/indigo/share:/opt/ros/indigo/stacks', 'XDG_SESSION_ID': '318938', '_': '/usr/bin/stdbuf', 'LD_PRELOAD': '/usr/lib/coreutils/libstdbuf.so', '_STDBUF_O': 'L', 'SSH_TTY': '/dev/pts/1', 'OLDPWD': '/home/ccc_v1_w_dd4cc_18220', 'ROSLISP_PACKAGE_DIRECTORIES': '', 'VLIB': '/home/vlibs', 'PWD': '/home/ccc_v1_w_dd4cc_18220/asn13529_Project_5/asn13530_Project_4/work', 'VOC_PROXY_ID': '43542_43542_13530_0_1', 'ROS_MASTER_URI': 'http://localhost:42299', 'MAIL': '/var/mail/ccc_v1_w_dd4cc_18220', 'SSH_CONNECTION': '172.31.7.153 33564 172.31.19.100 22'}
[roslaunch][INFO] 2017-06-10 01:44:12,523: starting in server mode
[roslaunch.parent][INFO] 2017-06-10 01:44:12,529: starting roslaunch parent run
[roslaunch][INFO] 2017-06-10 01:44:12,539: loading roscore config file /opt/ros/indigo/etc/ros/roscore.xml
[roslaunch][INFO] 2017-06-10 01:44:12,653: Added core node of type [rosout/rosout] in namespace [/]
[roslaunch.pmon][INFO] 2017-06-10 01:44:12,654: start_process_monitor: creating ProcessMonitor
[roslaunch.pmon][INFO] 2017-06-10 01:44:12,658: created process monitor <ProcessMonitor(ProcessMonitor-1, initial daemon)>
[roslaunch.pmon][INFO] 2017-06-10 01:44:12,661: start_process_monitor: ProcessMonitor started
[roslaunch.parent][INFO] 2017-06-10 01:44:12,665: starting parent XML-RPC server
[roslaunch.server][INFO] 2017-06-10 01:44:12,668: starting roslaunch XML-RPC server
[roslaunch.server][INFO] 2017-06-10 01:44:12,672: waiting for roslaunch XML-RPC server to initialize
[xmlrpc][INFO] 2017-06-10 01:44:12,672: XML-RPC server binding to 0.0.0.0:0
[xmlrpc][INFO] 2017-06-10 01:44:12,679: Started XML-RPC server [http://ip-172-31-19-100:44167/]
[xmlrpc][INFO] 2017-06-10 01:44:12,682: xml rpc node: starting XML-RPC server
[roslaunch][INFO] 2017-06-10 01:44:12,722: started roslaunch server http://ip-172-31-19-100:44167/
[roslaunch.parent][INFO] 2017-06-10 01:44:12,726: ... parent XML-RPC server started
[roslaunch][INFO] 2017-06-10 01:44:12,730: master.is_running[http://ip-172-31-19-100:42299/]
[roslaunch][INFO] 2017-06-10 01:44:12,736: auto-starting new master
[roslaunch][INFO] 2017-06-10 01:44:12,740: create_master_process: rosmaster, /opt/ros/indigo/share/ros, 42299, 3, None
[roslaunch][INFO] 2017-06-10 01:44:12,743: process[master]: launching with args [['rosmaster', '--core', '-p', '42299', '-w', '3']]
[roslaunch.pmon][INFO] 2017-06-10 01:44:12,753: ProcessMonitor.register[master]
[roslaunch.pmon][INFO] 2017-06-10 01:44:12,756: ProcessMonitor.register[master] complete
[roslaunch][INFO] 2017-06-10 01:44:12,760: process[master]: starting os process
[roslaunch][INFO] 2017-06-10 01:44:12,764: process[master]: start w/ args [['rosmaster', '--core', '-p', '42299', '-w', '3', '__log:=/home/ccc_v1_w_dd4cc_18220/asn13529_Project_5/asn13530_Project_4/work/.ros/log/fa0f61be-4db8-11e7-845f-06f360e4abc1/master.log']]
[roslaunch][INFO] 2017-06-10 01:44:12,767: process[master]: cwd will be [/home/ccc_v1_w_dd4cc_18220/asn13529_Project_5/asn13530_Project_4/work/.ros]
[roslaunch][INFO] 2017-06-10 01:44:12,775: process[master]: started with pid [31233]
[roslaunch][INFO] 2017-06-10 01:44:12,776: master.is_running[http://ip-172-31-19-100:42299/]
[roslaunch][INFO] 2017-06-10 01:44:12,880: master.is_running[http://ip-172-31-19-100:42299/]
[roslaunch][INFO] 2017-06-10 01:44:12,985: master.is_running[http://ip-172-31-19-100:42299/]
[roslaunch][INFO] 2017-06-10 01:44:12,990: master.is_running[http://ip-172-31-19-100:42299/]
[roslaunch][INFO] 2017-06-10 01:44:12,995: ROS_MASTER_URI=http://ip-172-31-19-100:42299/
[roslaunch][INFO] 2017-06-10 01:44:13,000: setting /run_id to fa0f61be-4db8-11e7-845f-06f360e4abc1
[roslaunch][INFO] 2017-06-10 01:44:13,008: setting /roslaunch/uris/host_ip_172_31_19_100__44167' to http://ip-172-31-19-100:44167/
[roslaunch][INFO] 2017-06-10 01:44:13,017: ... preparing to launch node of type [rosout/rosout]
[roslaunch][INFO] 2017-06-10 01:44:13,020: create_node_process: package[rosout] type[rosout] machine[Machine(name[] env_loader[None] address[localhost] ssh_port[22] user[None] assignable[True] timeout[10.0])] master_uri[http://ip-172-31-19-100:42299/]
[roslaunch][INFO] 2017-06-10 01:44:13,024: process[rosout-1]: env[{'ROS_DISTRO': 'indigo', 'ASNLIB': '/home/ccc_v1_s54106__48606/asn13529_Project_5/asn13530_Project_4/asnlib', 'LIB': '/home/ccc_v1_s54106__48606/lib', 'VOC_PROXY_TOKEN': '106646320843542435421353001593bb11cdc2dd3.38947515', 'SSH_CLIENT': '172.31.7.153 33564 22', 'CPATH': '/opt/ros/indigo/include', 'LOGNAME': 'ccc_v1_w_dd4cc_18220', 'USER': 'ccc_v1_w_dd4cc_18220', 'ROS_NODE_PORT': '42299', 'HOME': '/home/ccc_v1_w_dd4cc_18220/asn13529_Project_5/asn13530_Project_4/work', 'PATH': '/opt/ros/indigo/bin:/usr/local/sbin:/usr/local/bin:/usr/sbin:/usr/bin:/sbin:/bin:/usr/games:/usr/local/games:/home/local/bin:/home/ccc_v1_s54106__48606/lib:/home/ccc_v1_s54106__48606/asn13529_Project_5/asn13530_Project_4/asnlib:/home/vlibs:.', 'CMAKE_PREFIX_PATH': '/opt/ros/indigo', 'ROS_LOG_FILENAME': '/home/ccc_v1_w_dd4cc_18220/asn13529_Project_5/asn13530_Project_4/work/.ros/log/fa0f61be-4db8-11e7-845f-06f360e4abc1/roslaunch-ip-172-31-19-100-31218.log', 'LANG': 'en_US.UTF-8', 'TERM': 'xterm-256color', 'SHELL': '/bin/bash', 'HISTFILE': '/home/ccc_v1_w_dd4cc_18220/.bash_history', 'SHLVL': '2', 'VOC_WORKAREA': '/home/ccc_v1_w_dd4cc_18220/asn13529_Project_5/asn13530_Project_4/work', 'LD_LIBRARY_PATH': '/opt/ros/indigo/lib:/opt/ros/indigo/lib/x86_64-linux-gnu:/home/ccc_v1_s54106__48606/lib:/home/ccc_v1_s54106__48606/asn13529_Project_5/asn13530_Project_4/asnlib:/home/vlibs', 'PART1': '/home/ccc_v1_s54106__48606/asn13529_Project_5/asn13530_Project_4', 'ROS_MASTER_URI': 'http://ip-172-31-19-100:42299/', 'XDG_RUNTIME_DIR': '/run/user/18220', 'PYTHONPATH': '/opt/ros/indigo/lib/python2.7/dist-packages:/home/vlibs/python', 'VOC_PROXY_WRAPPER_PORT': '5100', 'VOC_XFER_TOKEN': '5889079574354243542135300593bb11cd2a642.66869250', 'ROS_ROOT': '/opt/ros/indigo/share/ros', 'OLD_HOME': '/home/ccc_v1_w_dd4cc_18220', 'PKG_CONFIG_PATH': '/opt/ros/indigo/lib/pkgconfig:/opt/ros/indigo/lib/x86_64-linux-gnu/pkgconfig', 'ROS_PACKAGE_PATH': '/opt/ros/indigo/share:/opt/ros/indigo/stacks', 'XDG_SESSION_ID': '318938', '_': '/usr/bin/stdbuf', 'LD_PRELOAD': '/usr/lib/coreutils/libstdbuf.so', '_STDBUF_O': 'L', 'SSH_TTY': '/dev/pts/1', 'OLDPWD': '/home/ccc_v1_w_dd4cc_18220', 'ROSLISP_PACKAGE_DIRECTORIES': '', 'VLIB': '/home/vlibs', 'PWD': '/home/ccc_v1_w_dd4cc_18220/asn13529_Project_5/asn13530_Project_4/work', 'VOC_PROXY_ID': '43542_43542_13530_0_1', 'ROS_ETC_DIR': '/opt/ros/indigo/etc/ros', 'MAIL': '/var/mail/ccc_v1_w_dd4cc_18220', 'SSH_CONNECTION': '172.31.7.153 33564 172.31.19.100 22'}]
[roslaunch][INFO] 2017-06-10 01:44:13,053: process[rosout-1]: args[[u'/opt/ros/indigo/lib/rosout/rosout', u'__name:=rosout']]
[roslaunch][INFO] 2017-06-10 01:44:13,056: ... created process [rosout-1]
[roslaunch.pmon][INFO] 2017-06-10 01:44:13,060: ProcessMonitor.register[rosout-1]
[roslaunch.pmon][INFO] 2017-06-10 01:44:13,063: ProcessMonitor.register[rosout-1] complete
[roslaunch][INFO] 2017-06-10 01:44:13,066: ... registered process [rosout-1]
[roslaunch][INFO] 2017-06-10 01:44:13,077: process[rosout-1]: starting os process
[roslaunch][INFO] 2017-06-10 01:44:13,082: process[rosout-1]: start w/ args [[u'/opt/ros/indigo/lib/rosout/rosout', u'__name:=rosout', u'__log:=/home/ccc_v1_w_dd4cc_18220/asn13529_Project_5/asn13530_Project_4/work/.ros/log/fa0f61be-4db8-11e7-845f-06f360e4abc1/rosout-1.log']]
[roslaunch][INFO] 2017-06-10 01:44:13,085: process[rosout-1]: cwd will be [/home/ccc_v1_w_dd4cc_18220/asn13529_Project_5/asn13530_Project_4/work/.ros]
[roslaunch][INFO] 2017-06-10 01:44:13,094: process[rosout-1]: started with pid [31246]
[roslaunch][INFO] 2017-06-10 01:44:13,094: ... successfully launched [rosout-1]
[roslaunch][INFO] 2017-06-10 01:44:13,098: load_parameters starting ...
[roslaunch][INFO] 2017-06-10 01:44:13,111: ... load_parameters complete
[roslaunch][INFO] 2017-06-10 01:44:13,115: launch_nodes: launching local nodes ...
[roslaunch][INFO] 2017-06-10 01:44:13,118: ... launch_nodes complete
[roslaunch.pmon][INFO] 2017-06-10 01:44:13,122: registrations completed <ProcessMonitor(ProcessMonitor-1, started daemon 140261576603392)>
[roslaunch.parent][INFO] 2017-06-10 01:44:13,125: ... roslaunch parent running, waiting for process exit
[roslaunch][INFO] 2017-06-10 01:44:13,129: spin
