[rosmaster.main][INFO] 2017-06-05 19:04:11,678: initialization complete, waiting for shutdown
[rosmaster.main][INFO] 2017-06-05 19:04:11,678: Starting ROS Master Node
[xmlrpc][INFO] 2017-06-05 19:04:11,683: XML-RPC server binding to 0.0.0.0:54643
[xmlrpc][INFO] 2017-06-05 19:04:11,687: Started XML-RPC server [http://ip-172-31-19-100:54643/]
[rosmaster.master][INFO] 2017-06-05 19:04:11,687: Master initialized: port[54643], uri[http://ip-172-31-19-100:54643/]
[xmlrpc][INFO] 2017-06-05 19:04:11,690: xml rpc node: starting XML-RPC server
[rosmaster.master][INFO] 2017-06-05 19:04:11,774: +PARAM [/run_id] by /roslaunch
[rosmaster.master][INFO] 2017-06-05 19:04:11,782: +PARAM [/roslaunch/uris/host_ip_172_31_19_100__58058] by /roslaunch
[rosmaster.master][INFO] 2017-06-05 19:04:11,876: +PARAM [/rosversion] by /roslaunch
[rosmaster.master][INFO] 2017-06-05 19:04:11,879: +PARAM [/rosdistro] by /roslaunch
[rosmaster.master][INFO] 2017-06-05 19:04:11,896: +SERVICE [/rosout/get_loggers] /rosout http://ip-172-31-19-100:60620/
[rosmaster.master][INFO] 2017-06-05 19:04:11,900: +SERVICE [/rosout/set_logger_level] /rosout http://ip-172-31-19-100:60620/
[rosmaster.master][INFO] 2017-06-05 19:04:11,906: +PUB [/rosout_agg] /rosout http://ip-172-31-19-100:60620/
[rosmaster.master][INFO] 2017-06-05 19:04:11,916: +SUB [/rosout] /rosout http://ip-172-31-19-100:60620/
[rosmaster.master][INFO] 2017-06-05 19:04:12,239: +PUB [/rosout] /tf2_web_republisher http://ip-172-31-19-100:42925/
[rosmaster.master][INFO] 2017-06-05 19:04:12,244: +SERVICE [/tf2_web_republisher/get_loggers] /tf2_web_republisher http://ip-172-31-19-100:42925/
[rosmaster.master][INFO] 2017-06-05 19:04:12,248: +SERVICE [/tf2_web_republisher/set_logger_level] /tf2_web_republisher http://ip-172-31-19-100:42925/
[rosmaster.master][INFO] 2017-06-05 19:04:12,256: +SUB [/tf] /tf2_web_republisher http://ip-172-31-19-100:42925/
[rosmaster.master][INFO] 2017-06-05 19:04:12,270: +SUB [/tf_static] /tf2_web_republisher http://ip-172-31-19-100:42925/
[rosmaster.master][INFO] 2017-06-05 19:04:12,274: +SERVICE [/republish_tfs] /tf2_web_republisher http://ip-172-31-19-100:42925/
[rosmaster.master][INFO] 2017-06-05 19:04:12,278: +PUB [/tf2_web_republisher/result] /tf2_web_republisher http://ip-172-31-19-100:42925/
[rosmaster.master][INFO] 2017-06-05 19:04:12,282: +PUB [/tf2_web_republisher/feedback] /tf2_web_republisher http://ip-172-31-19-100:42925/
[rosmaster.master][INFO] 2017-06-05 19:04:12,283: publisherUpdate[/rosout] -> http://ip-172-31-19-100:60620/
[rosmaster.master][INFO] 2017-06-05 19:04:12,286: +PUB [/tf2_web_republisher/status] /tf2_web_republisher http://ip-172-31-19-100:42925/
[rosmaster.master][INFO] 2017-06-05 19:04:12,299: +SUB [/tf2_web_republisher/goal] /tf2_web_republisher http://ip-172-31-19-100:42925/
[rosmaster.master][INFO] 2017-06-05 19:04:12,306: +SUB [/tf2_web_republisher/cancel] /tf2_web_republisher http://ip-172-31-19-100:42925/
[rosmaster.master][INFO] 2017-06-05 19:04:13,718: +PARAM [/roslaunch/uris/host_ip_172_31_19_100__37821] by /roslaunch
[rosmaster.master][INFO] 2017-06-05 19:04:13,724: +PARAM [/rosbridge_websocket/port] by /roslaunch
[rosmaster.master][INFO] 2017-06-05 19:04:13,728: +PARAM [/rosdistro] by /roslaunch
[rosmaster.master][INFO] 2017-06-05 19:04:13,731: +PARAM [/rosbridge_websocket/fragment_timeout] by /roslaunch
[rosmaster.master][INFO] 2017-06-05 19:04:13,735: +PARAM [/rosbridge_websocket/delay_between_messages] by /roslaunch
[rosmaster.master][INFO] 2017-06-05 19:04:13,738: +PARAM [/rosversion] by /roslaunch
[rosmaster.master][INFO] 2017-06-05 19:04:13,742: +PARAM [/rosbridge_websocket/authenticate] by /roslaunch
[rosmaster.master][INFO] 2017-06-05 19:04:13,746: +PARAM [/rosbridge_websocket/retry_startup_delay] by /roslaunch
[rosmaster.master][INFO] 2017-06-05 19:04:13,750: +PARAM [/rosbridge_websocket/address] by /roslaunch
[rosmaster.master][INFO] 2017-06-05 19:04:13,753: +PARAM [/rosbridge_websocket/max_message_size] by /roslaunch
[rosmaster.master][INFO] 2017-06-05 19:04:14,279: +PUB [/rosout] /interactive_marker_proxy http://ip-172-31-19-100:34157/
[rosmaster.master][INFO] 2017-06-05 19:04:14,285: +SERVICE [/interactive_marker_proxy/get_loggers] /interactive_marker_proxy http://ip-172-31-19-100:34157/
[rosmaster.master][INFO] 2017-06-05 19:04:14,287: publisherUpdate[/rosout] -> http://ip-172-31-19-100:60620/
[rosmaster.master][INFO] 2017-06-05 19:04:14,289: +SERVICE [/interactive_marker_proxy/set_logger_level] /interactive_marker_proxy http://ip-172-31-19-100:34157/
[rosmaster.master][INFO] 2017-06-05 19:04:14,306: +SUB [/tf] /interactive_marker_proxy http://ip-172-31-19-100:34157/
[rosmaster.master][INFO] 2017-06-05 19:04:14,315: +SUB [/tf_static] /interactive_marker_proxy http://ip-172-31-19-100:34157/
[rosmaster.master][INFO] 2017-06-05 19:04:14,319: +PUB [/rosout] /rosapi http://ip-172-31-19-100:48610/
[rosmaster.master][INFO] 2017-06-05 19:04:14,324: +SUB [/control_markers/update] /interactive_marker_proxy http://ip-172-31-19-100:34157/
[rosmaster.master][INFO] 2017-06-05 19:04:14,333: +SUB [/control_markers/update_full] /interactive_marker_proxy http://ip-172-31-19-100:34157/
[rosmaster.master][INFO] 2017-06-05 19:04:14,337: +SERVICE [/rosapi/get_loggers] /rosapi http://ip-172-31-19-100:48610/
[rosmaster.master][INFO] 2017-06-05 19:04:14,341: +PUB [/control_markers/tunneled/update] /interactive_marker_proxy http://ip-172-31-19-100:34157/
[rosmaster.master][INFO] 2017-06-05 19:04:14,345: +SERVICE [/rosapi/set_logger_level] /rosapi http://ip-172-31-19-100:48610/
[rosmaster.master][INFO] 2017-06-05 19:04:14,349: +SERVICE [/control_markers/tunneled/get_init] /interactive_marker_proxy http://ip-172-31-19-100:34157/
[rosmaster.master][INFO] 2017-06-05 19:04:14,352: +SERVICE [/rosapi/topics] /rosapi http://ip-172-31-19-100:48610/
[rosmaster.master][INFO] 2017-06-05 19:04:14,357: +SERVICE [/rosapi/topics_for_type] /rosapi http://ip-172-31-19-100:48610/
[rosmaster.master][INFO] 2017-06-05 19:04:14,361: +SERVICE [/rosapi/services] /rosapi http://ip-172-31-19-100:48610/
[rosmaster.master][INFO] 2017-06-05 19:04:14,366: +SERVICE [/rosapi/services_for_type] /rosapi http://ip-172-31-19-100:48610/
[rosmaster.master][INFO] 2017-06-05 19:04:14,370: +SERVICE [/rosapi/nodes] /rosapi http://ip-172-31-19-100:48610/
[rosmaster.master][INFO] 2017-06-05 19:04:14,377: +SERVICE [/rosapi/node_details] /rosapi http://ip-172-31-19-100:48610/
[rosmaster.master][INFO] 2017-06-05 19:04:14,381: +SERVICE [/rosapi/topic_type] /rosapi http://ip-172-31-19-100:48610/
[rosmaster.master][INFO] 2017-06-05 19:04:14,386: +SERVICE [/rosapi/service_type] /rosapi http://ip-172-31-19-100:48610/
[rosmaster.master][INFO] 2017-06-05 19:04:14,387: publisherUpdate[/rosout] -> http://ip-172-31-19-100:60620/
[rosmaster.master][INFO] 2017-06-05 19:04:14,389: -SUB [/control_markers/update_full] /interactive_marker_proxy http://ip-172-31-19-100:34157/
[rosmaster.master][INFO] 2017-06-05 19:04:14,396: +SERVICE [/rosapi/publishers] /rosapi http://ip-172-31-19-100:48610/
[rosmaster.master][INFO] 2017-06-05 19:04:14,401: +SERVICE [/rosapi/subscribers] /rosapi http://ip-172-31-19-100:48610/
[rosmaster.master][INFO] 2017-06-05 19:04:14,405: +SERVICE [/rosapi/service_providers] /rosapi http://ip-172-31-19-100:48610/
[rosmaster.master][INFO] 2017-06-05 19:04:14,410: +SERVICE [/rosapi/service_node] /rosapi http://ip-172-31-19-100:48610/
[rosmaster.master][INFO] 2017-06-05 19:04:14,419: +SERVICE [/rosapi/service_host] /rosapi http://ip-172-31-19-100:48610/
[rosmaster.master][INFO] 2017-06-05 19:04:14,424: +SERVICE [/rosapi/message_details] /rosapi http://ip-172-31-19-100:48610/
[rosmaster.master][INFO] 2017-06-05 19:04:14,429: +SERVICE [/rosapi/service_request_details] /rosapi http://ip-172-31-19-100:48610/
[rosmaster.master][INFO] 2017-06-05 19:04:14,433: +SERVICE [/rosapi/service_response_details] /rosapi http://ip-172-31-19-100:48610/
[rosmaster.master][INFO] 2017-06-05 19:04:14,438: +SERVICE [/rosapi/set_param] /rosapi http://ip-172-31-19-100:48610/
[rosmaster.master][INFO] 2017-06-05 19:04:14,443: +SERVICE [/rosapi/get_param] /rosapi http://ip-172-31-19-100:48610/
[rosmaster.master][INFO] 2017-06-05 19:04:14,448: +SERVICE [/rosapi/has_param] /rosapi http://ip-172-31-19-100:48610/
[rosmaster.master][INFO] 2017-06-05 19:04:14,452: +PUB [/rosout] /rosbridge_websocket http://ip-172-31-19-100:59570/
[rosmaster.master][INFO] 2017-06-05 19:04:14,457: +SERVICE [/rosapi/search_param] /rosapi http://ip-172-31-19-100:48610/
[rosmaster.master][INFO] 2017-06-05 19:04:14,463: +SERVICE [/rosapi/delete_param] /rosapi http://ip-172-31-19-100:48610/
[rosmaster.master][INFO] 2017-06-05 19:04:14,468: +SERVICE [/rosbridge_websocket/get_loggers] /rosbridge_websocket http://ip-172-31-19-100:59570/
[rosmaster.master][INFO] 2017-06-05 19:04:14,471: +SERVICE [/rosapi/get_param_names] /rosapi http://ip-172-31-19-100:48610/
[rosmaster.master][INFO] 2017-06-05 19:04:14,477: +SERVICE [/rosbridge_websocket/set_logger_level] /rosbridge_websocket http://ip-172-31-19-100:59570/
[rosmaster.master][INFO] 2017-06-05 19:04:14,481: +SERVICE [/rosapi/get_time] /rosapi http://ip-172-31-19-100:48610/
[rosmaster.master][INFO] 2017-06-05 19:04:14,494: publisherUpdate[/rosout] -> http://ip-172-31-19-100:60620/
[rosmaster.master][INFO] 2017-06-05 19:04:15,086: +PARAM [/robot_description] by /rosparam-19829
[rosmaster.master][INFO] 2017-06-05 19:04:15,287: +PUB [/rosout] /robot_sim http://ip-172-31-19-100:50138/
[rosmaster.master][INFO] 2017-06-05 19:04:15,291: +SERVICE [/robot_sim/get_loggers] /robot_sim http://ip-172-31-19-100:50138/
[rosmaster.master][INFO] 2017-06-05 19:04:15,295: +SERVICE [/robot_sim/set_logger_level] /robot_sim http://ip-172-31-19-100:50138/
[rosmaster.master][INFO] 2017-06-05 19:04:15,299: publisherUpdate[/rosout] -> http://ip-172-31-19-100:60620/
[rosmaster.master][INFO] 2017-06-05 19:04:15,305: +PUB [/joint_states] /robot_sim http://ip-172-31-19-100:50138/
[rosmaster.master][INFO] 2017-06-05 19:04:15,312: +SUB [/joint_velocities] /robot_sim http://ip-172-31-19-100:50138/
[rosmaster.master][INFO] 2017-06-05 19:04:15,320: +SUB [/joint_positions] /robot_sim http://ip-172-31-19-100:50138/
[rosmaster.master][INFO] 2017-06-05 19:04:15,329: +SUB [/joint_command] /robot_sim http://ip-172-31-19-100:50138/
[rosmaster.master][INFO] 2017-06-05 19:04:16,254: +PUB [/rosout] /robot_state_publisher http://ip-172-31-19-100:49423/
[rosmaster.master][INFO] 2017-06-05 19:04:16,259: +SERVICE [/robot_state_publisher/get_loggers] /robot_state_publisher http://ip-172-31-19-100:49423/
[rosmaster.master][INFO] 2017-06-05 19:04:16,263: +SERVICE [/robot_state_publisher/set_logger_level] /robot_state_publisher http://ip-172-31-19-100:49423/
[rosmaster.master][INFO] 2017-06-05 19:04:16,271: +PUB [/tf] /robot_state_publisher http://ip-172-31-19-100:49423/
[rosmaster.master][INFO] 2017-06-05 19:04:16,276: +PUB [/tf_static] /robot_state_publisher http://ip-172-31-19-100:49423/
[rosmaster.master][INFO] 2017-06-05 19:04:16,287: +SUB [/joint_states] /robot_state_publisher http://ip-172-31-19-100:49423/
[rosmaster.master][INFO] 2017-06-05 19:04:16,302: publisherUpdate[/rosout] -> http://ip-172-31-19-100:60620/
[rosmaster.master][INFO] 2017-06-05 19:04:16,302: publisherUpdate[/tf] -> http://ip-172-31-19-100:42925/
[rosmaster.master][INFO] 2017-06-05 19:04:16,306: publisherUpdate[/tf] -> http://ip-172-31-19-100:34157/
[rosmaster.master][INFO] 2017-06-05 19:04:16,312: publisherUpdate[/tf_static] -> http://ip-172-31-19-100:42925/
[rosmaster.master][INFO] 2017-06-05 19:04:16,316: publisherUpdate[/tf_static] -> http://ip-172-31-19-100:34157/
[rosmaster.master][INFO] 2017-06-05 19:04:17,922: +PUB [/rosout] /cartesian_control_19914_1496714657763 http://ip-172-31-19-100:37628/
[rosmaster.master][INFO] 2017-06-05 19:04:17,924: publisherUpdate[/rosout] -> http://ip-172-31-19-100:60620/
[rosmaster.master][INFO] 2017-06-05 19:04:17,937: +SERVICE [/cartesian_control_19914_1496714657763/get_loggers] /cartesian_control_19914_1496714657763 http://ip-172-31-19-100:37628/
[rosmaster.master][INFO] 2017-06-05 19:04:17,941: +SERVICE [/cartesian_control_19914_1496714657763/set_logger_level] /cartesian_control_19914_1496714657763 http://ip-172-31-19-100:37628/
[rosmaster.master][INFO] 2017-06-05 19:04:17,955: +PUB [/cartesian_command] /cartesian_control_19914_1496714657763 http://ip-172-31-19-100:37628/
[rosmaster.master][INFO] 2017-06-05 19:04:17,960: +PUB [/redundancy_command] /cartesian_control_19914_1496714657763 http://ip-172-31-19-100:37628/
[rosmaster.master][INFO] 2017-06-05 19:04:17,972: +PUB [/joint_command] /cartesian_control_19914_1496714657763 http://ip-172-31-19-100:37628/
[rosmaster.master][INFO] 2017-06-05 19:04:17,976: +PUB [/control_markers/update_full] /cartesian_control_19914_1496714657763 http://ip-172-31-19-100:37628/
[rosmaster.master][INFO] 2017-06-05 19:04:17,982: +PUB [/control_markers/update] /cartesian_control_19914_1496714657763 http://ip-172-31-19-100:37628/
[rosmaster.master][INFO] 2017-06-05 19:04:17,988: +SUB [/control_markers/feedback] /cartesian_control_19914_1496714657763 http://ip-172-31-19-100:37628/
[rosmaster.master][INFO] 2017-06-05 19:04:17,994: +SUB [/joint_states] /cartesian_control_19914_1496714657763 http://ip-172-31-19-100:37628/
[rosmaster.master][INFO] 2017-06-05 19:04:18,009: publisherUpdate[/joint_command] -> http://ip-172-31-19-100:50138/
[rosmaster.master][INFO] 2017-06-05 19:04:18,020: publisherUpdate[/control_markers/update] -> http://ip-172-31-19-100:34157/
[rosmaster.master][INFO] 2017-06-05 19:04:18,235: +SUB [/control_markers/update_full] /interactive_marker_proxy http://ip-172-31-19-100:34157/
[rosmaster.master][INFO] 2017-06-05 19:04:18,455: -SUB [/control_markers/update_full] /interactive_marker_proxy http://ip-172-31-19-100:34157/
[rosmaster.master][INFO] 2017-06-05 19:06:25,715: +PUB [/tf2_web_republisher/goal] /rosbridge_websocket http://ip-172-31-19-100:59570/
[rosmaster.master][INFO] 2017-06-05 19:06:25,723: +PUB [/tf2_web_republisher/cancel] /rosbridge_websocket http://ip-172-31-19-100:59570/
[rosmaster.master][INFO] 2017-06-05 19:06:25,730: +SUB [/tf2_web_republisher/feedback] /rosbridge_websocket http://ip-172-31-19-100:59570/
[rosmaster.master][INFO] 2017-06-05 19:06:25,747: publisherUpdate[/tf2_web_republisher/goal] -> http://ip-172-31-19-100:42925/
[rosmaster.master][INFO] 2017-06-05 19:06:25,752: publisherUpdate[/tf2_web_republisher/cancel] -> http://ip-172-31-19-100:42925/
[rosmaster.master][INFO] 2017-06-05 19:06:25,754: +SUB [/control_markers/tunneled/update] /rosbridge_websocket http://ip-172-31-19-100:59570/
[rosmaster.master][INFO] 2017-06-05 19:06:25,773: +PUB [/control_markers/feedback] /rosbridge_websocket http://ip-172-31-19-100:59570/
[rosmaster.master][INFO] 2017-06-05 19:06:25,851: publisherUpdate[/control_markers/feedback] -> http://ip-172-31-19-100:37628/
[rosmaster.master][INFO] 2017-06-05 19:14:27,784: +PUB [/rosout] /cartesian_control_27257_1496715267620 http://ip-172-31-19-100:40746/
[rosmaster.master][INFO] 2017-06-05 19:14:27,794: +SERVICE [/cartesian_control_27257_1496715267620/get_loggers] /cartesian_control_27257_1496715267620 http://ip-172-31-19-100:40746/
[rosmaster.master][INFO] 2017-06-05 19:14:27,799: +SERVICE [/cartesian_control_27257_1496715267620/set_logger_level] /cartesian_control_27257_1496715267620 http://ip-172-31-19-100:40746/
[rosmaster.master][INFO] 2017-06-05 19:14:27,812: +SUB [/joint_states] /cartesian_control_27257_1496715267620 http://ip-172-31-19-100:40746/
[rosmaster.master][INFO] 2017-06-05 19:14:27,817: +SUB [/cartesian_command] /cartesian_control_27257_1496715267620 http://ip-172-31-19-100:40746/
[rosmaster.master][INFO] 2017-06-05 19:14:27,823: +SUB [/redundancy_command] /cartesian_control_27257_1496715267620 http://ip-172-31-19-100:40746/
[rosmaster.master][INFO] 2017-06-05 19:14:27,828: +PUB [/joint_velocities] /cartesian_control_27257_1496715267620 http://ip-172-31-19-100:40746/
[rosmaster.master][INFO] 2017-06-05 19:14:27,878: publisherUpdate[/rosout] -> http://ip-172-31-19-100:60620/
[rosmaster.master][INFO] 2017-06-05 19:14:27,878: publisherUpdate[/joint_velocities] -> http://ip-172-31-19-100:50138/
