[rospy.client][INFO] 2017-06-05 19:04:14,330: init_node, name[/rosbridge_websocket], pid[19669]
[xmlrpc][INFO] 2017-06-05 19:04:14,331: XML-RPC server binding to 0.0.0.0:0
[xmlrpc][INFO] 2017-06-05 19:04:14,335: Started XML-RPC server [http://ip-172-31-19-100:59570/]
[rospy.init][INFO] 2017-06-05 19:04:14,335: ROS Slave URI: [http://ip-172-31-19-100:59570/]
[rospy.impl.masterslave][INFO] 2017-06-05 19:04:14,338: _ready: http://ip-172-31-19-100:59570/
[rospy.registration][INFO] 2017-06-05 19:04:14,345: Registering with master node http://localhost:54643
[xmlrpc][INFO] 2017-06-05 19:04:14,345: xml rpc node: starting XML-RPC server
[rospy.init][INFO] 2017-06-05 19:04:14,442: registered with master
[rospy.rosout][INFO] 2017-06-05 19:04:14,445: initializing /rosout core topic
[rospy.rosout][INFO] 2017-06-05 19:04:14,458: connected to core topic /rosout
[rospy.simtime][INFO] 2017-06-05 19:04:14,463: /use_sim_time is not set, will not subscribe to simulated time [/clock] topic
[rosout][INFO] 2017-06-05 19:04:14,493: Rosbridge WebSocket server started on port 39921
[rospy.internal][INFO] 2017-06-05 19:04:14,701: topic[/rosout] adding connection to [/rosout], count 0
[rosout][INFO] 2017-06-05 19:06:25,583: Client connected.  1 clients total.
[rosout][INFO] 2017-06-05 19:06:25,734: [Client 0] Subscribed to /tf2_web_republisher/feedback
[rosout][INFO] 2017-06-05 19:06:25,762: [Client 0] Subscribed to /control_markers/tunneled/update
[rospy.internal][INFO] 2017-06-05 19:06:25,768: topic[/tf2_web_republisher/feedback] adding connection to [http://ip-172-31-19-100:42925/], count 0
[rospy.internal][INFO] 2017-06-05 19:06:25,771: topic[/control_markers/tunneled/update] adding connection to [http://ip-172-31-19-100:34157/], count 0
[rospy.internal][INFO] 2017-06-05 19:06:25,903: topic[/control_markers/feedback] adding connection to [/cartesian_control_19914_1496714657763], count 0
[rosout][INFO] 2017-06-05 19:06:25,914: [Client 0] Subscribed to /tf2_web_republisher/feedback
[rosout][INFO] 2017-06-05 19:06:25,924: [Client 0] Subscribed to /tf2_web_republisher/feedback
[rosout][INFO] 2017-06-05 19:06:25,929: [Client 0] Subscribed to /tf2_web_republisher/feedback
[rosout][INFO] 2017-06-05 19:06:25,933: [Client 0] Subscribed to /tf2_web_republisher/feedback
[rosout][INFO] 2017-06-05 19:06:25,937: [Client 0] Subscribed to /tf2_web_republisher/feedback
[rosout][INFO] 2017-06-05 19:06:25,941: [Client 0] Subscribed to /tf2_web_republisher/feedback
[rosout][INFO] 2017-06-05 19:06:25,948: [Client 0] Subscribed to /tf2_web_republisher/feedback
[rosout][INFO] 2017-06-05 19:06:25,960: [Client 0] Subscribed to /tf2_web_republisher/feedback
[rospy.internal][INFO] 2017-06-05 19:06:25,972: topic[/tf2_web_republisher/goal] adding connection to [/tf2_web_republisher], count 0
[rospy.internal][INFO] 2017-06-05 19:06:25,976: topic[/tf2_web_republisher/cancel] adding connection to [/tf2_web_republisher], count 0
[rospy.internal][INFO] 2017-06-05 19:16:24,709: topic impl's ref count is zero, deleting topic /tf2_web_republisher/cancel...
[rospy.internal][INFO] 2017-06-05 19:16:24,710: topic[/tf2_web_republisher/cancel] removing connection to /tf2_web_republisher
[rospy.internal][INFO] 2017-06-05 19:16:24,718: topic impl's ref count is zero, deleting topic /tf2_web_republisher/goal...
[rospy.internal][INFO] 2017-06-05 19:16:24,722: topic[/tf2_web_republisher/goal] removing connection to /tf2_web_republisher
[rospy.internal][INFO] 2017-06-05 19:16:24,731: topic impl's ref count is zero, deleting topic /control_markers/feedback...
[rospy.internal][INFO] 2017-06-05 19:16:24,735: topic[/control_markers/feedback] removing connection to /cartesian_control_19914_1496714657763
[rosout][WARNING] 2017-06-05 19:16:24,735: Could not process inbound connection: Internal error processing topic [/control_markers/feedback]{'message_definition': "# Time/frame info.\nHeader header\n\n# Identifying string. Must be unique in the topic namespace.\nstring client_id\n\n# Feedback message sent back from the GUI, e.g.\n# when the status of an interactive marker was modified by the user.\n\n# Specifies which interactive marker and control this message refers to\nstring marker_name\nstring control_name\n\n# Type of the event\n# KEEP_ALIVE: sent while dragging to keep up control of the marker\n# MENU_SELECT: a menu entry has been selected\n# BUTTON_CLICK: a button control has been clicked\n# POSE_UPDATE: the pose has been changed using one of the controls\nuint8 KEEP_ALIVE = 0\nuint8 POSE_UPDATE = 1\nuint8 MENU_SELECT = 2\nuint8 BUTTON_CLICK = 3\n\nuint8 MOUSE_DOWN = 4\nuint8 MOUSE_UP = 5\n\nuint8 event_type\n\n# Current pose of the marker\n# Note: Has to be valid for all feedback types.\ngeometry_msgs/Pose pose\n\n# Contains the ID of the selected menu entry\n# Only valid for MENU_SELECT events.\nuint32 menu_entry_id\n\n# If event_type is BUTTON_CLICK, MOUSE_DOWN, or MOUSE_UP, mouse_point\n# may contain the 3 dimensional position of the event on the\n# control.  If it does, mouse_point_valid will be true.  mouse_point\n# will be relative to the frame listed in the header.\ngeometry_msgs/Point mouse_point\nbool mouse_point_valid\n\n================================================================================\nMSG: std_msgs/Header\n# Standard metadata for higher-level stamped data types.\n# This is generally used to communicate timestamped data \n# in a particular coordinate frame.\n# \n# sequence ID: consecutively increasing ID \nuint32 seq\n#Two-integer timestamp that is expressed as:\n# * stamp.sec: seconds (stamp_secs) since epoch (in Python the variable is called 'secs')\n# * stamp.nsec: nanoseconds since stamp_secs (in Python the variable is called 'nsecs')\n# time-handling sugar is provided by the client library\ntime stamp\n#Frame this data is associated with\n# 0: no frame\n# 1: global frame\nstring frame_id\n\n================================================================================\nMSG: geometry_msgs/Pose\n# A representation of pose in free space, composed of postion and orientation. \nPoint position\nQuaternion orientation\n\n================================================================================\nMSG: geometry_msgs/Point\n# This contains the position of a point in free space\nfloat64 x\nfloat64 y\nfloat64 z\n\n================================================================================\nMSG: geometry_msgs/Quaternion\n# This represents an orientation in free space in quaternion form.\n\nfloat64 x\nfloat64 y\nfloat64 z\nfloat64 w\n", 'callerid': '/cartesian_control_19914_1496714657763', 'tcp_nodelay': '0', 'md5sum': 'ab0f1eee058667e28c19ff3ffc3f4b78', 'topic': '/control_markers/feedback', 'type': 'visualization_msgs/InteractiveMarkerFeedback'}
[rospy.internal][INFO] 2017-06-05 19:16:24,744: topic impl's ref count is zero, deleting topic /control_markers/tunneled/update...
[rospy.internal][INFO] 2017-06-05 19:16:24,748: topic[/control_markers/tunneled/update] removing connection to http://ip-172-31-19-100:34157/
[rospy.internal][INFO] 2017-06-05 19:16:24,757: topic impl's ref count is zero, deleting topic /tf2_web_republisher/feedback...
[rospy.internal][INFO] 2017-06-05 19:16:24,760: topic[/tf2_web_republisher/feedback] removing connection to http://ip-172-31-19-100:42925/
[rosout][INFO] 2017-06-05 19:16:24,768: Client disconnected. 0 clients total.
[tornado.application][ERROR] 2017-06-05 19:16:24,779: Exception in callback <functools.partial object at 0x7f5105433ec0>
Traceback (most recent call last):
  File "/opt/ros/indigo/lib/python2.7/dist-packages/tornado/ioloop.py", line 565, in _run_callback
    ret = callback()
  File "/opt/ros/indigo/lib/python2.7/dist-packages/tornado/stack_context.py", line 275, in null_wrapper
    return fn(*args, **kwargs)
  File "/opt/ros/indigo/lib/python2.7/dist-packages/tornado/websocket.py", line 198, in write_message
    raise WebSocketClosedError()
WebSocketClosedError
[tornado.application][ERROR] 2017-06-05 19:16:24,784: Exception in callback <functools.partial object at 0x7f5105433f70>
Traceback (most recent call last):
  File "/opt/ros/indigo/lib/python2.7/dist-packages/tornado/ioloop.py", line 565, in _run_callback
    ret = callback()
  File "/opt/ros/indigo/lib/python2.7/dist-packages/tornado/stack_context.py", line 275, in null_wrapper
    return fn(*args, **kwargs)
  File "/opt/ros/indigo/lib/python2.7/dist-packages/tornado/websocket.py", line 198, in write_message
    raise WebSocketClosedError()
WebSocketClosedError
[tornado.application][ERROR] 2017-06-05 19:16:24,787: Exception in callback <functools.partial object at 0x7f5105433b50>
Traceback (most recent call last):
  File "/opt/ros/indigo/lib/python2.7/dist-packages/tornado/ioloop.py", line 565, in _run_callback
    ret = callback()
  File "/opt/ros/indigo/lib/python2.7/dist-packages/tornado/stack_context.py", line 275, in null_wrapper
    return fn(*args, **kwargs)
  File "/opt/ros/indigo/lib/python2.7/dist-packages/tornado/websocket.py", line 198, in write_message
    raise WebSocketClosedError()
WebSocketClosedError
[rosout][WARNING] 2017-06-05 19:16:25,737: Could not process inbound connection: [/rosbridge_websocket] is not a publisher of [/control_markers/feedback]. Topics are [['/rosout', 'rosgraph_msgs/Log']]{'message_definition': "# Time/frame info.\nHeader header\n\n# Identifying string. Must be unique in the topic namespace.\nstring client_id\n\n# Feedback message sent back from the GUI, e.g.\n# when the status of an interactive marker was modified by the user.\n\n# Specifies which interactive marker and control this message refers to\nstring marker_name\nstring control_name\n\n# Type of the event\n# KEEP_ALIVE: sent while dragging to keep up control of the marker\n# MENU_SELECT: a menu entry has been selected\n# BUTTON_CLICK: a button control has been clicked\n# POSE_UPDATE: the pose has been changed using one of the controls\nuint8 KEEP_ALIVE = 0\nuint8 POSE_UPDATE = 1\nuint8 MENU_SELECT = 2\nuint8 BUTTON_CLICK = 3\n\nuint8 MOUSE_DOWN = 4\nuint8 MOUSE_UP = 5\n\nuint8 event_type\n\n# Current pose of the marker\n# Note: Has to be valid for all feedback types.\ngeometry_msgs/Pose pose\n\n# Contains the ID of the selected menu entry\n# Only valid for MENU_SELECT events.\nuint32 menu_entry_id\n\n# If event_type is BUTTON_CLICK, MOUSE_DOWN, or MOUSE_UP, mouse_point\n# may contain the 3 dimensional position of the event on the\n# control.  If it does, mouse_point_valid will be true.  mouse_point\n# will be relative to the frame listed in the header.\ngeometry_msgs/Point mouse_point\nbool mouse_point_valid\n\n================================================================================\nMSG: std_msgs/Header\n# Standard metadata for higher-level stamped data types.\n# This is generally used to communicate timestamped data \n# in a particular coordinate frame.\n# \n# sequence ID: consecutively increasing ID \nuint32 seq\n#Two-integer timestamp that is expressed as:\n# * stamp.sec: seconds (stamp_secs) since epoch (in Python the variable is called 'secs')\n# * stamp.nsec: nanoseconds since stamp_secs (in Python the variable is called 'nsecs')\n# time-handling sugar is provided by the client library\ntime stamp\n#Frame this data is associated with\n# 0: no frame\n# 1: global frame\nstring frame_id\n\n================================================================================\nMSG: geometry_msgs/Pose\n# A representation of pose in free space, composed of postion and orientation. \nPoint position\nQuaternion orientation\n\n================================================================================\nMSG: geometry_msgs/Point\n# This contains the position of a point in free space\nfloat64 x\nfloat64 y\nfloat64 z\n\n================================================================================\nMSG: geometry_msgs/Quaternion\n# This represents an orientation in free space in quaternion form.\n\nfloat64 x\nfloat64 y\nfloat64 z\nfloat64 w\n", 'callerid': '/cartesian_control_19914_1496714657763', 'tcp_nodelay': '0', 'md5sum': 'ab0f1eee058667e28c19ff3ffc3f4b78', 'topic': '/control_markers/feedback', 'type': 'visualization_msgs/InteractiveMarkerFeedback'}
