[roslaunch][INFO] 2017-06-05 19:04:13,477: Checking log directory for disk usage. This may take awhile.
Press Ctrl-C to interrupt
[roslaunch][INFO] 2017-06-05 19:04:13,504: Done checking log file disk usage. Usage is <1GB.
[roslaunch][INFO] 2017-06-05 19:04:13,504: roslaunch starting with args ['/opt/ros/indigo/bin/roslaunch', 'rosbridge_server', 'rosbridge_websocket.launch', 'port:=39921']
[roslaunch][INFO] 2017-06-05 19:04:13,508: roslaunch env is {'ROS_DISTRO': 'indigo', 'ASNLIB': '/home/ccc_v1_s54106__48606/asn13354_Project_4/asn13355_Project_4/asnlib', 'LIB': '/home/ccc_v1_s54106__48606/lib', 'PKG_CONFIG_PATH': '/opt/ros/indigo/lib/pkgconfig:/opt/ros/indigo/lib/x86_64-linux-gnu/pkgconfig', 'SSH_CLIENT': '172.31.7.153 49014 22', 'CPATH': '/opt/ros/indigo/include', 'LOGNAME': 'ccc_v1_w_dd4cc_18220', 'USER': 'ccc_v1_w_dd4cc_18220', 'ROS_NODE_PORT': '54643', 'HOME': '/home/ccc_v1_w_dd4cc_18220/asn13354_Project_4/asn13355_Project_4/work', 'PATH': '/opt/ros/indigo/bin:/usr/local/sbin:/usr/local/bin:/usr/sbin:/usr/bin:/sbin:/bin:/usr/games:/usr/local/games:/home/local/bin:/home/ccc_v1_s54106__48606/lib:/home/ccc_v1_s54106__48606/asn13354_Project_4/asn13355_Project_4/asnlib:/home/vlibs:.', 'CMAKE_PREFIX_PATH': '/opt/ros/indigo', 'LD_LIBRARY_PATH': '/opt/ros/indigo/lib:/opt/ros/indigo/lib/x86_64-linux-gnu:/home/ccc_v1_s54106__48606/lib:/home/ccc_v1_s54106__48606/asn13354_Project_4/asn13355_Project_4/asnlib:/home/vlibs', 'LANG': 'en_US.UTF-8', 'TERM': 'xterm-256color', 'SHELL': '/bin/bash', 'HISTFILE': '/home/ccc_v1_w_dd4cc_18220/.bash_history', 'SHLVL': '2', 'VOC_WORKAREA': '/home/ccc_v1_w_dd4cc_18220/asn13354_Project_4/asn13355_Project_4/work', 'ROS_LOG_FILENAME': '/home/ccc_v1_w_dd4cc_18220/asn13354_Project_4/asn13355_Project_4/work/.ros/log/6eacaf3c-4a5c-11e7-9c19-06f360e4abc1/roslaunch-ip-172-31-19-100-19649.log', 'PART1': '/home/ccc_v1_s54106__48606/asn13354_Project_4/asn13355_Project_4', 'ROS_ETC_DIR': '/opt/ros/indigo/etc/ros', 'XDG_RUNTIME_DIR': '/run/user/18220', 'PYTHONPATH': '/opt/ros/indigo/lib/python2.7/dist-packages:/home/vlibs/python', 'VOC_PROXY_WRAPPER_PORT': '5100', 'VOC_XFER_TOKEN': '1478563825435424354213355059360d93c09081.30697884', 'ROS_ROOT': '/opt/ros/indigo/share/ros', 'OLD_HOME': '/home/ccc_v1_w_dd4cc_18220', 'VOC_PROXY_TOKEN': '13200210884354243542133550159360d93c66d90.36235141', 'ROS_PACKAGE_PATH': '/opt/ros/indigo/share:/opt/ros/indigo/stacks', 'XDG_SESSION_ID': '298168', '_': '/usr/bin/stdbuf', 'LD_PRELOAD': '/usr/lib/coreutils/libstdbuf.so', '_STDBUF_O': 'L', 'SSH_TTY': '/dev/pts/4', 'OLDPWD': '/home/ccc_v1_w_dd4cc_18220', 'ROSLISP_PACKAGE_DIRECTORIES': '', 'VLIB': '/home/vlibs', 'PWD': '/home/ccc_v1_w_dd4cc_18220/asn13354_Project_4/asn13355_Project_4/work', 'VOC_PROXY_ID': '43542_43542_13355_0_1', 'ROS_MASTER_URI': 'http://localhost:54643', 'MAIL': '/var/mail/ccc_v1_w_dd4cc_18220', 'SSH_CONNECTION': '172.31.7.153 49014 172.31.19.100 22'}
[roslaunch][INFO] 2017-06-05 19:04:13,511: starting in server mode
[roslaunch.parent][INFO] 2017-06-05 19:04:13,515: starting roslaunch parent run
[roslaunch][INFO] 2017-06-05 19:04:13,518: loading roscore config file /opt/ros/indigo/etc/ros/roscore.xml
[roslaunch][INFO] 2017-06-05 19:04:13,628: Added core node of type [rosout/rosout] in namespace [/]
[roslaunch.config][INFO] 2017-06-05 19:04:13,629: loading config file /opt/ros/indigo/share/rosbridge_server/launch/rosbridge_websocket.launch
[roslaunch][INFO] 2017-06-05 19:04:13,635: Added node of type [rosbridge_server/rosbridge_websocket] in namespace [/]
[roslaunch][INFO] 2017-06-05 19:04:13,639: Added node of type [rosapi/rosapi_node] in namespace [/]
[roslaunch][INFO] 2017-06-05 19:04:13,642: ... selected machine [] for node of type [rosbridge_server/rosbridge_websocket]
[roslaunch][INFO] 2017-06-05 19:04:13,645: ... selected machine [] for node of type [rosapi/rosapi_node]
[roslaunch.pmon][INFO] 2017-06-05 19:04:13,649: start_process_monitor: creating ProcessMonitor
[roslaunch.pmon][INFO] 2017-06-05 19:04:13,661: created process monitor <ProcessMonitor(ProcessMonitor-1, initial daemon)>
[roslaunch.pmon][INFO] 2017-06-05 19:04:13,664: start_process_monitor: ProcessMonitor started
[roslaunch.parent][INFO] 2017-06-05 19:04:13,668: starting parent XML-RPC server
[roslaunch.server][INFO] 2017-06-05 19:04:13,672: starting roslaunch XML-RPC server
[roslaunch.server][INFO] 2017-06-05 19:04:13,675: waiting for roslaunch XML-RPC server to initialize
[xmlrpc][INFO] 2017-06-05 19:04:13,675: XML-RPC server binding to 0.0.0.0:0
[xmlrpc][INFO] 2017-06-05 19:04:13,682: Started XML-RPC server [http://ip-172-31-19-100:37821/]
[xmlrpc][INFO] 2017-06-05 19:04:13,686: xml rpc node: starting XML-RPC server
[roslaunch][INFO] 2017-06-05 19:04:13,692: started roslaunch server http://ip-172-31-19-100:37821/
[roslaunch.parent][INFO] 2017-06-05 19:04:13,696: ... parent XML-RPC server started
[roslaunch][INFO] 2017-06-05 19:04:13,699: master.is_running[http://localhost:54643]
[roslaunch][INFO] 2017-06-05 19:04:13,704: master.is_running[http://localhost:54643]
[roslaunch][INFO] 2017-06-05 19:04:13,708: ROS_MASTER_URI=http://localhost:54643
[roslaunch][INFO] 2017-06-05 19:04:13,714: setting /roslaunch/uris/host_ip_172_31_19_100__37821' to http://ip-172-31-19-100:37821/
[roslaunch][INFO] 2017-06-05 19:04:13,719: load_parameters starting ...
[roslaunch][INFO] 2017-06-05 19:04:13,758: ... load_parameters complete
[roslaunch][INFO] 2017-06-05 19:04:13,763: launch_nodes: launching local nodes ...
[roslaunch][INFO] 2017-06-05 19:04:13,771: ... preparing to launch node of type [rosbridge_server/rosbridge_websocket]
[roslaunch][INFO] 2017-06-05 19:04:13,775: create_node_process: package[rosbridge_server] type[rosbridge_websocket] machine[Machine(name[] env_loader[None] address[localhost] ssh_port[22] user[None] assignable[True] timeout[10.0])] master_uri[http://localhost:54643]
[roslaunch][INFO] 2017-06-05 19:04:13,779: process[rosbridge_websocket-1]: env[{'ROS_DISTRO': 'indigo', 'ASNLIB': '/home/ccc_v1_s54106__48606/asn13354_Project_4/asn13355_Project_4/asnlib', 'LIB': '/home/ccc_v1_s54106__48606/lib', 'VOC_PROXY_TOKEN': '13200210884354243542133550159360d93c66d90.36235141', 'SSH_CLIENT': '172.31.7.153 49014 22', 'CPATH': '/opt/ros/indigo/include', 'LOGNAME': 'ccc_v1_w_dd4cc_18220', 'USER': 'ccc_v1_w_dd4cc_18220', 'ROS_NODE_PORT': '54643', 'HOME': '/home/ccc_v1_w_dd4cc_18220/asn13354_Project_4/asn13355_Project_4/work', 'PATH': '/opt/ros/indigo/bin:/usr/local/sbin:/usr/local/bin:/usr/sbin:/usr/bin:/sbin:/bin:/usr/games:/usr/local/games:/home/local/bin:/home/ccc_v1_s54106__48606/lib:/home/ccc_v1_s54106__48606/asn13354_Project_4/asn13355_Project_4/asnlib:/home/vlibs:.', 'CMAKE_PREFIX_PATH': '/opt/ros/indigo', 'ROS_LOG_FILENAME': '/home/ccc_v1_w_dd4cc_18220/asn13354_Project_4/asn13355_Project_4/work/.ros/log/6eacaf3c-4a5c-11e7-9c19-06f360e4abc1/roslaunch-ip-172-31-19-100-19649.log', 'LANG': 'en_US.UTF-8', 'TERM': 'xterm-256color', 'SHELL': '/bin/bash', 'HISTFILE': '/home/ccc_v1_w_dd4cc_18220/.bash_history', 'SHLVL': '2', 'VOC_WORKAREA': '/home/ccc_v1_w_dd4cc_18220/asn13354_Project_4/asn13355_Project_4/work', 'LD_LIBRARY_PATH': '/opt/ros/indigo/lib:/opt/ros/indigo/lib/x86_64-linux-gnu:/home/ccc_v1_s54106__48606/lib:/home/ccc_v1_s54106__48606/asn13354_Project_4/asn13355_Project_4/asnlib:/home/vlibs', 'PART1': '/home/ccc_v1_s54106__48606/asn13354_Project_4/asn13355_Project_4', 'ROS_MASTER_URI': 'http://localhost:54643', 'XDG_RUNTIME_DIR': '/run/user/18220', 'PYTHONPATH': '/opt/ros/indigo/lib/python2.7/dist-packages:/home/vlibs/python', 'VOC_PROXY_WRAPPER_PORT': '5100', 'VOC_XFER_TOKEN': '1478563825435424354213355059360d93c09081.30697884', 'ROS_ROOT': '/opt/ros/indigo/share/ros', 'OLD_HOME': '/home/ccc_v1_w_dd4cc_18220', 'PKG_CONFIG_PATH': '/opt/ros/indigo/lib/pkgconfig:/opt/ros/indigo/lib/x86_64-linux-gnu/pkgconfig', 'ROS_PACKAGE_PATH': '/opt/ros/indigo/share:/opt/ros/indigo/stacks', 'XDG_SESSION_ID': '298168', '_': '/usr/bin/stdbuf', 'LD_PRELOAD': '/usr/lib/coreutils/libstdbuf.so', '_STDBUF_O': 'L', 'SSH_TTY': '/dev/pts/4', 'OLDPWD': '/home/ccc_v1_w_dd4cc_18220', 'ROSLISP_PACKAGE_DIRECTORIES': '', 'VLIB': '/home/vlibs', 'PWD': '/home/ccc_v1_w_dd4cc_18220/asn13354_Project_4/asn13355_Project_4/work', 'VOC_PROXY_ID': '43542_43542_13355_0_1', 'ROS_ETC_DIR': '/opt/ros/indigo/etc/ros', 'MAIL': '/var/mail/ccc_v1_w_dd4cc_18220', 'SSH_CONNECTION': '172.31.7.153 49014 172.31.19.100 22'}]
[roslaunch][INFO] 2017-06-05 19:04:13,810: process[rosbridge_websocket-1]: args[[u'/opt/ros/indigo/lib/rosbridge_server/rosbridge_websocket', u'__name:=rosbridge_websocket']]
[roslaunch][INFO] 2017-06-05 19:04:13,814: ... created process [rosbridge_websocket-1]
[roslaunch.pmon][INFO] 2017-06-05 19:04:13,817: ProcessMonitor.register[rosbridge_websocket-1]
[roslaunch.pmon][INFO] 2017-06-05 19:04:13,821: ProcessMonitor.register[rosbridge_websocket-1] complete
[roslaunch][INFO] 2017-06-05 19:04:13,824: ... registered process [rosbridge_websocket-1]
[roslaunch][INFO] 2017-06-05 19:04:13,828: process[rosbridge_websocket-1]: starting os process
[roslaunch][INFO] 2017-06-05 19:04:13,832: process[rosbridge_websocket-1]: start w/ args [[u'/opt/ros/indigo/lib/rosbridge_server/rosbridge_websocket', u'__name:=rosbridge_websocket', u'__log:=/home/ccc_v1_w_dd4cc_18220/asn13354_Project_4/asn13355_Project_4/work/.ros/log/6eacaf3c-4a5c-11e7-9c19-06f360e4abc1/rosbridge_websocket-1.log']]
[roslaunch][INFO] 2017-06-05 19:04:13,835: process[rosbridge_websocket-1]: cwd will be [/home/ccc_v1_w_dd4cc_18220/asn13354_Project_4/asn13355_Project_4/work/.ros]
[roslaunch][INFO] 2017-06-05 19:04:13,844: process[rosbridge_websocket-1]: started with pid [19669]
[roslaunch][INFO] 2017-06-05 19:04:13,845: ... successfully launched [rosbridge_websocket-1]
[roslaunch][INFO] 2017-06-05 19:04:13,848: ... preparing to launch node of type [rosapi/rosapi_node]
[roslaunch][INFO] 2017-06-05 19:04:13,852: create_node_process: package[rosapi] type[rosapi_node] machine[Machine(name[] env_loader[None] address[localhost] ssh_port[22] user[None] assignable[True] timeout[10.0])] master_uri[http://localhost:54643]
[roslaunch][INFO] 2017-06-05 19:04:13,856: process[rosapi-2]: env[{'ROS_DISTRO': 'indigo', 'ASNLIB': '/home/ccc_v1_s54106__48606/asn13354_Project_4/asn13355_Project_4/asnlib', 'LIB': '/home/ccc_v1_s54106__48606/lib', 'VOC_PROXY_TOKEN': '13200210884354243542133550159360d93c66d90.36235141', 'SSH_CLIENT': '172.31.7.153 49014 22', 'CPATH': '/opt/ros/indigo/include', 'LOGNAME': 'ccc_v1_w_dd4cc_18220', 'USER': 'ccc_v1_w_dd4cc_18220', 'ROS_NODE_PORT': '54643', 'HOME': '/home/ccc_v1_w_dd4cc_18220/asn13354_Project_4/asn13355_Project_4/work', 'PATH': '/opt/ros/indigo/bin:/usr/local/sbin:/usr/local/bin:/usr/sbin:/usr/bin:/sbin:/bin:/usr/games:/usr/local/games:/home/local/bin:/home/ccc_v1_s54106__48606/lib:/home/ccc_v1_s54106__48606/asn13354_Project_4/asn13355_Project_4/asnlib:/home/vlibs:.', 'CMAKE_PREFIX_PATH': '/opt/ros/indigo', 'ROS_LOG_FILENAME': '/home/ccc_v1_w_dd4cc_18220/asn13354_Project_4/asn13355_Project_4/work/.ros/log/6eacaf3c-4a5c-11e7-9c19-06f360e4abc1/roslaunch-ip-172-31-19-100-19649.log', 'LANG': 'en_US.UTF-8', 'TERM': 'xterm-256color', 'SHELL': '/bin/bash', 'HISTFILE': '/home/ccc_v1_w_dd4cc_18220/.bash_history', 'SHLVL': '2', 'VOC_WORKAREA': '/home/ccc_v1_w_dd4cc_18220/asn13354_Project_4/asn13355_Project_4/work', 'LD_LIBRARY_PATH': '/opt/ros/indigo/lib:/opt/ros/indigo/lib/x86_64-linux-gnu:/home/ccc_v1_s54106__48606/lib:/home/ccc_v1_s54106__48606/asn13354_Project_4/asn13355_Project_4/asnlib:/home/vlibs', 'PART1': '/home/ccc_v1_s54106__48606/asn13354_Project_4/asn13355_Project_4', 'ROS_MASTER_URI': 'http://localhost:54643', 'XDG_RUNTIME_DIR': '/run/user/18220', 'PYTHONPATH': '/opt/ros/indigo/lib/python2.7/dist-packages:/home/vlibs/python', 'VOC_PROXY_WRAPPER_PORT': '5100', 'VOC_XFER_TOKEN': '1478563825435424354213355059360d93c09081.30697884', 'ROS_ROOT': '/opt/ros/indigo/share/ros', 'OLD_HOME': '/home/ccc_v1_w_dd4cc_18220', 'PKG_CONFIG_PATH': '/opt/ros/indigo/lib/pkgconfig:/opt/ros/indigo/lib/x86_64-linux-gnu/pkgconfig', 'ROS_PACKAGE_PATH': '/opt/ros/indigo/share:/opt/ros/indigo/stacks', 'XDG_SESSION_ID': '298168', '_': '/usr/bin/stdbuf', 'LD_PRELOAD': '/usr/lib/coreutils/libstdbuf.so', '_STDBUF_O': 'L', 'SSH_TTY': '/dev/pts/4', 'OLDPWD': '/home/ccc_v1_w_dd4cc_18220', 'ROSLISP_PACKAGE_DIRECTORIES': '', 'VLIB': '/home/vlibs', 'PWD': '/home/ccc_v1_w_dd4cc_18220/asn13354_Project_4/asn13355_Project_4/work', 'VOC_PROXY_ID': '43542_43542_13355_0_1', 'ROS_ETC_DIR': '/opt/ros/indigo/etc/ros', 'MAIL': '/var/mail/ccc_v1_w_dd4cc_18220', 'SSH_CONNECTION': '172.31.7.153 49014 172.31.19.100 22'}]
[roslaunch][INFO] 2017-06-05 19:04:13,860: process[rosapi-2]: args[[u'/opt/ros/indigo/lib/rosapi/rosapi_node', u'__name:=rosapi']]
[roslaunch][INFO] 2017-06-05 19:04:13,865: ... created process [rosapi-2]
[roslaunch.pmon][INFO] 2017-06-05 19:04:13,868: ProcessMonitor.register[rosapi-2]
[roslaunch.pmon][INFO] 2017-06-05 19:04:13,879: ProcessMonitor.register[rosapi-2] complete
[roslaunch][INFO] 2017-06-05 19:04:13,883: ... registered process [rosapi-2]
[roslaunch][INFO] 2017-06-05 19:04:13,886: process[rosapi-2]: starting os process
[roslaunch][INFO] 2017-06-05 19:04:13,892: process[rosapi-2]: start w/ args [[u'/opt/ros/indigo/lib/rosapi/rosapi_node', u'__name:=rosapi', u'__log:=/home/ccc_v1_w_dd4cc_18220/asn13354_Project_4/asn13355_Project_4/work/.ros/log/6eacaf3c-4a5c-11e7-9c19-06f360e4abc1/rosapi-2.log']]
[roslaunch][INFO] 2017-06-05 19:04:13,896: process[rosapi-2]: cwd will be [/home/ccc_v1_w_dd4cc_18220/asn13354_Project_4/asn13355_Project_4/work/.ros]
[roslaunch][INFO] 2017-06-05 19:04:13,906: process[rosapi-2]: started with pid [19670]
[roslaunch][INFO] 2017-06-05 19:04:13,907: ... successfully launched [rosapi-2]
[roslaunch][INFO] 2017-06-05 19:04:13,911: ... launch_nodes complete
[roslaunch.pmon][INFO] 2017-06-05 19:04:13,915: registrations completed <ProcessMonitor(ProcessMonitor-1, started daemon 140507377415936)>
[roslaunch.parent][INFO] 2017-06-05 19:04:13,919: ... roslaunch parent running, waiting for process exit
[roslaunch][INFO] 2017-06-05 19:04:13,923: spin
