[roslaunch][INFO] 2017-06-08 23:00:02,898: Checking log directory for disk usage. This may take awhile.
Press Ctrl-C to interrupt
[roslaunch][INFO] 2017-06-08 23:00:02,931: Done checking log file disk usage. Usage is <1GB.
[roslaunch][INFO] 2017-06-08 23:00:02,931: roslaunch starting with args ['/opt/ros/indigo/bin/roslaunch', 'rosbridge_server', 'rosbridge_websocket.launch', 'port:=52188']
[roslaunch][INFO] 2017-06-08 23:00:02,935: roslaunch env is {'ROS_DISTRO': 'indigo', 'ASNLIB': '/home/ccc_v1_s54106__48606/asn13354_Project_4/asn13355_Project_4/asnlib', 'LIB': '/home/ccc_v1_s54106__48606/lib', 'PKG_CONFIG_PATH': '/opt/ros/indigo/lib/pkgconfig:/opt/ros/indigo/lib/x86_64-linux-gnu/pkgconfig', 'SSH_CLIENT': '172.31.7.153 41920 22', 'CPATH': '/opt/ros/indigo/include', 'LOGNAME': 'ccc_v1_w_dd4cc_18220', 'USER': 'ccc_v1_w_dd4cc_18220', 'ROS_NODE_PORT': '32799', 'HOME': '/home/ccc_v1_w_dd4cc_18220/asn13354_Project_4/asn13355_Project_4/work', 'PATH': '/opt/ros/indigo/bin:/usr/local/sbin:/usr/local/bin:/usr/sbin:/usr/bin:/sbin:/bin:/usr/games:/usr/local/games:/home/local/bin:/home/ccc_v1_s54106__48606/lib:/home/ccc_v1_s54106__48606/asn13354_Project_4/asn13355_Project_4/asnlib:/home/vlibs:.', 'CMAKE_PREFIX_PATH': '/opt/ros/indigo', 'LD_LIBRARY_PATH': '/opt/ros/indigo/lib:/opt/ros/indigo/lib/x86_64-linux-gnu:/home/ccc_v1_s54106__48606/lib:/home/ccc_v1_s54106__48606/asn13354_Project_4/asn13355_Project_4/asnlib:/home/vlibs', 'LANG': 'en_US.UTF-8', 'TERM': 'xterm-256color', 'SHELL': '/bin/bash', 'HISTFILE': '/home/ccc_v1_w_dd4cc_18220/.bash_history', 'SHLVL': '2', 'VOC_WORKAREA': '/home/ccc_v1_w_dd4cc_18220/asn13354_Project_4/asn13355_Project_4/work', 'ROS_LOG_FILENAME': '/home/ccc_v1_w_dd4cc_18220/asn13354_Project_4/asn13355_Project_4/work/.ros/log/dfa6133a-4cd8-11e7-8d93-06b0869cc04d/roslaunch-ip-172-31-26-229-18725.log', 'PART1': '/home/ccc_v1_s54106__48606/asn13354_Project_4/asn13355_Project_4', 'ROS_ETC_DIR': '/opt/ros/indigo/etc/ros', 'XDG_RUNTIME_DIR': '/run/user/18220', 'PYTHONPATH': '/opt/ros/indigo/lib/python2.7/dist-packages:/home/vlibs/python', 'VOC_PROXY_WRAPPER_PORT': '5100', 'VOC_XFER_TOKEN': '7031294884354243542133550593a3955b47934.46893976', 'ROS_ROOT': '/opt/ros/indigo/share/ros', 'OLD_HOME': '/home/ccc_v1_w_dd4cc_18220', 'VOC_PROXY_TOKEN': '8681459643542435421335501593a3955bcd368.76355793', 'ROS_PACKAGE_PATH': '/opt/ros/indigo/share:/opt/ros/indigo/stacks', 'XDG_SESSION_ID': '313126', '_': '/usr/bin/stdbuf', 'LD_PRELOAD': '/usr/lib/coreutils/libstdbuf.so', '_STDBUF_O': 'L', 'SSH_TTY': '/dev/pts/5', 'OLDPWD': '/home/ccc_v1_w_dd4cc_18220', 'ROSLISP_PACKAGE_DIRECTORIES': '', 'VLIB': '/home/vlibs', 'PWD': '/home/ccc_v1_w_dd4cc_18220/asn13354_Project_4/asn13355_Project_4/work', 'VOC_PROXY_ID': '43542_43542_13355_0_1', 'ROS_MASTER_URI': 'http://localhost:32799', 'MAIL': '/var/mail/ccc_v1_w_dd4cc_18220', 'SSH_CONNECTION': '172.31.7.153 41920 172.31.26.229 22'}
[roslaunch][INFO] 2017-06-08 23:00:02,938: starting in server mode
[roslaunch.parent][INFO] 2017-06-08 23:00:02,942: starting roslaunch parent run
[roslaunch][INFO] 2017-06-08 23:00:02,952: loading roscore config file /opt/ros/indigo/etc/ros/roscore.xml
[roslaunch][INFO] 2017-06-08 23:00:03,060: Added core node of type [rosout/rosout] in namespace [/]
[roslaunch.config][INFO] 2017-06-08 23:00:03,061: loading config file /opt/ros/indigo/share/rosbridge_server/launch/rosbridge_websocket.launch
[roslaunch][INFO] 2017-06-08 23:00:03,068: Added node of type [rosbridge_server/rosbridge_websocket] in namespace [/]
[roslaunch][INFO] 2017-06-08 23:00:03,071: Added node of type [rosapi/rosapi_node] in namespace [/]
[roslaunch][INFO] 2017-06-08 23:00:03,075: ... selected machine [] for node of type [rosbridge_server/rosbridge_websocket]
[roslaunch][INFO] 2017-06-08 23:00:03,079: ... selected machine [] for node of type [rosapi/rosapi_node]
[roslaunch.pmon][INFO] 2017-06-08 23:00:03,083: start_process_monitor: creating ProcessMonitor
[roslaunch.pmon][INFO] 2017-06-08 23:00:03,086: created process monitor <ProcessMonitor(ProcessMonitor-1, initial daemon)>
[roslaunch.pmon][INFO] 2017-06-08 23:00:03,091: start_process_monitor: ProcessMonitor started
[roslaunch.parent][INFO] 2017-06-08 23:00:03,094: starting parent XML-RPC server
[roslaunch.server][INFO] 2017-06-08 23:00:03,098: starting roslaunch XML-RPC server
[roslaunch.server][INFO] 2017-06-08 23:00:03,102: waiting for roslaunch XML-RPC server to initialize
[xmlrpc][INFO] 2017-06-08 23:00:03,102: XML-RPC server binding to 0.0.0.0:0
[xmlrpc][INFO] 2017-06-08 23:00:03,109: Started XML-RPC server [http://ip-172-31-26-229:39954/]
[xmlrpc][INFO] 2017-06-08 23:00:03,113: xml rpc node: starting XML-RPC server
[roslaunch][INFO] 2017-06-08 23:00:03,121: started roslaunch server http://ip-172-31-26-229:39954/
[roslaunch.parent][INFO] 2017-06-08 23:00:03,124: ... parent XML-RPC server started
[roslaunch][INFO] 2017-06-08 23:00:03,128: master.is_running[http://localhost:32799]
[roslaunch][INFO] 2017-06-08 23:00:03,133: master.is_running[http://localhost:32799]
[roslaunch][INFO] 2017-06-08 23:00:03,137: ROS_MASTER_URI=http://localhost:32799
[roslaunch][INFO] 2017-06-08 23:00:03,142: setting /roslaunch/uris/host_ip_172_31_26_229__39954' to http://ip-172-31-26-229:39954/
[roslaunch][INFO] 2017-06-08 23:00:03,148: load_parameters starting ...
[roslaunch][INFO] 2017-06-08 23:00:03,195: ... load_parameters complete
[roslaunch][INFO] 2017-06-08 23:00:03,199: launch_nodes: launching local nodes ...
[roslaunch][INFO] 2017-06-08 23:00:03,203: ... preparing to launch node of type [rosbridge_server/rosbridge_websocket]
[roslaunch][INFO] 2017-06-08 23:00:03,207: create_node_process: package[rosbridge_server] type[rosbridge_websocket] machine[Machine(name[] env_loader[None] address[localhost] ssh_port[22] user[None] assignable[True] timeout[10.0])] master_uri[http://localhost:32799]
[roslaunch][INFO] 2017-06-08 23:00:03,211: process[rosbridge_websocket-1]: env[{'ROS_DISTRO': 'indigo', 'ASNLIB': '/home/ccc_v1_s54106__48606/asn13354_Project_4/asn13355_Project_4/asnlib', 'LIB': '/home/ccc_v1_s54106__48606/lib', 'VOC_PROXY_TOKEN': '8681459643542435421335501593a3955bcd368.76355793', 'SSH_CLIENT': '172.31.7.153 41920 22', 'CPATH': '/opt/ros/indigo/include', 'LOGNAME': 'ccc_v1_w_dd4cc_18220', 'USER': 'ccc_v1_w_dd4cc_18220', 'ROS_NODE_PORT': '32799', 'HOME': '/home/ccc_v1_w_dd4cc_18220/asn13354_Project_4/asn13355_Project_4/work', 'PATH': '/opt/ros/indigo/bin:/usr/local/sbin:/usr/local/bin:/usr/sbin:/usr/bin:/sbin:/bin:/usr/games:/usr/local/games:/home/local/bin:/home/ccc_v1_s54106__48606/lib:/home/ccc_v1_s54106__48606/asn13354_Project_4/asn13355_Project_4/asnlib:/home/vlibs:.', 'CMAKE_PREFIX_PATH': '/opt/ros/indigo', 'ROS_LOG_FILENAME': '/home/ccc_v1_w_dd4cc_18220/asn13354_Project_4/asn13355_Project_4/work/.ros/log/dfa6133a-4cd8-11e7-8d93-06b0869cc04d/roslaunch-ip-172-31-26-229-18725.log', 'LANG': 'en_US.UTF-8', 'TERM': 'xterm-256color', 'SHELL': '/bin/bash', 'HISTFILE': '/home/ccc_v1_w_dd4cc_18220/.bash_history', 'SHLVL': '2', 'VOC_WORKAREA': '/home/ccc_v1_w_dd4cc_18220/asn13354_Project_4/asn13355_Project_4/work', 'LD_LIBRARY_PATH': '/opt/ros/indigo/lib:/opt/ros/indigo/lib/x86_64-linux-gnu:/home/ccc_v1_s54106__48606/lib:/home/ccc_v1_s54106__48606/asn13354_Project_4/asn13355_Project_4/asnlib:/home/vlibs', 'PART1': '/home/ccc_v1_s54106__48606/asn13354_Project_4/asn13355_Project_4', 'ROS_MASTER_URI': 'http://localhost:32799', 'XDG_RUNTIME_DIR': '/run/user/18220', 'PYTHONPATH': '/opt/ros/indigo/lib/python2.7/dist-packages:/home/vlibs/python', 'VOC_PROXY_WRAPPER_PORT': '5100', 'VOC_XFER_TOKEN': '7031294884354243542133550593a3955b47934.46893976', 'ROS_ROOT': '/opt/ros/indigo/share/ros', 'OLD_HOME': '/home/ccc_v1_w_dd4cc_18220', 'PKG_CONFIG_PATH': '/opt/ros/indigo/lib/pkgconfig:/opt/ros/indigo/lib/x86_64-linux-gnu/pkgconfig', 'ROS_PACKAGE_PATH': '/opt/ros/indigo/share:/opt/ros/indigo/stacks', 'XDG_SESSION_ID': '313126', '_': '/usr/bin/stdbuf', 'LD_PRELOAD': '/usr/lib/coreutils/libstdbuf.so', '_STDBUF_O': 'L', 'SSH_TTY': '/dev/pts/5', 'OLDPWD': '/home/ccc_v1_w_dd4cc_18220', 'ROSLISP_PACKAGE_DIRECTORIES': '', 'VLIB': '/home/vlibs', 'PWD': '/home/ccc_v1_w_dd4cc_18220/asn13354_Project_4/asn13355_Project_4/work', 'VOC_PROXY_ID': '43542_43542_13355_0_1', 'ROS_ETC_DIR': '/opt/ros/indigo/etc/ros', 'MAIL': '/var/mail/ccc_v1_w_dd4cc_18220', 'SSH_CONNECTION': '172.31.7.153 41920 172.31.26.229 22'}]
[roslaunch][INFO] 2017-06-08 23:00:03,240: process[rosbridge_websocket-1]: args[[u'/opt/ros/indigo/lib/rosbridge_server/rosbridge_websocket', u'__name:=rosbridge_websocket']]
[roslaunch][INFO] 2017-06-08 23:00:03,244: ... created process [rosbridge_websocket-1]
[roslaunch.pmon][INFO] 2017-06-08 23:00:03,248: ProcessMonitor.register[rosbridge_websocket-1]
[roslaunch.pmon][INFO] 2017-06-08 23:00:03,252: ProcessMonitor.register[rosbridge_websocket-1] complete
[roslaunch][INFO] 2017-06-08 23:00:03,256: ... registered process [rosbridge_websocket-1]
[roslaunch][INFO] 2017-06-08 23:00:03,260: process[rosbridge_websocket-1]: starting os process
[roslaunch][INFO] 2017-06-08 23:00:03,264: process[rosbridge_websocket-1]: start w/ args [[u'/opt/ros/indigo/lib/rosbridge_server/rosbridge_websocket', u'__name:=rosbridge_websocket', u'__log:=/home/ccc_v1_w_dd4cc_18220/asn13354_Project_4/asn13355_Project_4/work/.ros/log/dfa6133a-4cd8-11e7-8d93-06b0869cc04d/rosbridge_websocket-1.log']]
[roslaunch][INFO] 2017-06-08 23:00:03,268: process[rosbridge_websocket-1]: cwd will be [/home/ccc_v1_w_dd4cc_18220/asn13354_Project_4/asn13355_Project_4/work/.ros]
[roslaunch][INFO] 2017-06-08 23:00:03,277: process[rosbridge_websocket-1]: started with pid [18751]
[roslaunch][INFO] 2017-06-08 23:00:03,277: ... successfully launched [rosbridge_websocket-1]
[roslaunch][INFO] 2017-06-08 23:00:03,281: ... preparing to launch node of type [rosapi/rosapi_node]
[roslaunch][INFO] 2017-06-08 23:00:03,285: create_node_process: package[rosapi] type[rosapi_node] machine[Machine(name[] env_loader[None] address[localhost] ssh_port[22] user[None] assignable[True] timeout[10.0])] master_uri[http://localhost:32799]
[roslaunch][INFO] 2017-06-08 23:00:03,289: process[rosapi-2]: env[{'ROS_DISTRO': 'indigo', 'ASNLIB': '/home/ccc_v1_s54106__48606/asn13354_Project_4/asn13355_Project_4/asnlib', 'LIB': '/home/ccc_v1_s54106__48606/lib', 'VOC_PROXY_TOKEN': '8681459643542435421335501593a3955bcd368.76355793', 'SSH_CLIENT': '172.31.7.153 41920 22', 'CPATH': '/opt/ros/indigo/include', 'LOGNAME': 'ccc_v1_w_dd4cc_18220', 'USER': 'ccc_v1_w_dd4cc_18220', 'ROS_NODE_PORT': '32799', 'HOME': '/home/ccc_v1_w_dd4cc_18220/asn13354_Project_4/asn13355_Project_4/work', 'PATH': '/opt/ros/indigo/bin:/usr/local/sbin:/usr/local/bin:/usr/sbin:/usr/bin:/sbin:/bin:/usr/games:/usr/local/games:/home/local/bin:/home/ccc_v1_s54106__48606/lib:/home/ccc_v1_s54106__48606/asn13354_Project_4/asn13355_Project_4/asnlib:/home/vlibs:.', 'CMAKE_PREFIX_PATH': '/opt/ros/indigo', 'ROS_LOG_FILENAME': '/home/ccc_v1_w_dd4cc_18220/asn13354_Project_4/asn13355_Project_4/work/.ros/log/dfa6133a-4cd8-11e7-8d93-06b0869cc04d/roslaunch-ip-172-31-26-229-18725.log', 'LANG': 'en_US.UTF-8', 'TERM': 'xterm-256color', 'SHELL': '/bin/bash', 'HISTFILE': '/home/ccc_v1_w_dd4cc_18220/.bash_history', 'SHLVL': '2', 'VOC_WORKAREA': '/home/ccc_v1_w_dd4cc_18220/asn13354_Project_4/asn13355_Project_4/work', 'LD_LIBRARY_PATH': '/opt/ros/indigo/lib:/opt/ros/indigo/lib/x86_64-linux-gnu:/home/ccc_v1_s54106__48606/lib:/home/ccc_v1_s54106__48606/asn13354_Project_4/asn13355_Project_4/asnlib:/home/vlibs', 'PART1': '/home/ccc_v1_s54106__48606/asn13354_Project_4/asn13355_Project_4', 'ROS_MASTER_URI': 'http://localhost:32799', 'XDG_RUNTIME_DIR': '/run/user/18220', 'PYTHONPATH': '/opt/ros/indigo/lib/python2.7/dist-packages:/home/vlibs/python', 'VOC_PROXY_WRAPPER_PORT': '5100', 'VOC_XFER_TOKEN': '7031294884354243542133550593a3955b47934.46893976', 'ROS_ROOT': '/opt/ros/indigo/share/ros', 'OLD_HOME': '/home/ccc_v1_w_dd4cc_18220', 'PKG_CONFIG_PATH': '/opt/ros/indigo/lib/pkgconfig:/opt/ros/indigo/lib/x86_64-linux-gnu/pkgconfig', 'ROS_PACKAGE_PATH': '/opt/ros/indigo/share:/opt/ros/indigo/stacks', 'XDG_SESSION_ID': '313126', '_': '/usr/bin/stdbuf', 'LD_PRELOAD': '/usr/lib/coreutils/libstdbuf.so', '_STDBUF_O': 'L', 'SSH_TTY': '/dev/pts/5', 'OLDPWD': '/home/ccc_v1_w_dd4cc_18220', 'ROSLISP_PACKAGE_DIRECTORIES': '', 'VLIB': '/home/vlibs', 'PWD': '/home/ccc_v1_w_dd4cc_18220/asn13354_Project_4/asn13355_Project_4/work', 'VOC_PROXY_ID': '43542_43542_13355_0_1', 'ROS_ETC_DIR': '/opt/ros/indigo/etc/ros', 'MAIL': '/var/mail/ccc_v1_w_dd4cc_18220', 'SSH_CONNECTION': '172.31.7.153 41920 172.31.26.229 22'}]
[roslaunch][INFO] 2017-06-08 23:00:03,294: process[rosapi-2]: args[[u'/opt/ros/indigo/lib/rosapi/rosapi_node', u'__name:=rosapi']]
[roslaunch][INFO] 2017-06-08 23:00:03,298: ... created process [rosapi-2]
[roslaunch.pmon][INFO] 2017-06-08 23:00:03,301: ProcessMonitor.register[rosapi-2]
[roslaunch.pmon][INFO] 2017-06-08 23:00:03,305: ProcessMonitor.register[rosapi-2] complete
[roslaunch][INFO] 2017-06-08 23:00:03,308: ... registered process [rosapi-2]
[roslaunch][INFO] 2017-06-08 23:00:03,312: process[rosapi-2]: starting os process
[roslaunch][INFO] 2017-06-08 23:00:03,319: process[rosapi-2]: start w/ args [[u'/opt/ros/indigo/lib/rosapi/rosapi_node', u'__name:=rosapi', u'__log:=/home/ccc_v1_w_dd4cc_18220/asn13354_Project_4/asn13355_Project_4/work/.ros/log/dfa6133a-4cd8-11e7-8d93-06b0869cc04d/rosapi-2.log']]
[roslaunch][INFO] 2017-06-08 23:00:03,323: process[rosapi-2]: cwd will be [/home/ccc_v1_w_dd4cc_18220/asn13354_Project_4/asn13355_Project_4/work/.ros]
[roslaunch][INFO] 2017-06-08 23:00:03,331: process[rosapi-2]: started with pid [18752]
[roslaunch][INFO] 2017-06-08 23:00:03,332: ... successfully launched [rosapi-2]
[roslaunch][INFO] 2017-06-08 23:00:03,336: ... launch_nodes complete
[roslaunch.pmon][INFO] 2017-06-08 23:00:03,340: registrations completed <ProcessMonitor(ProcessMonitor-1, started daemon 140670279939840)>
[roslaunch.parent][INFO] 2017-06-08 23:00:03,343: ... roslaunch parent running, waiting for process exit
[roslaunch][INFO] 2017-06-08 23:00:03,347: spin
