[roslaunch][INFO] 2017-06-08 23:00:00,739: Checking log directory for disk usage. This may take awhile.
Press Ctrl-C to interrupt
[roslaunch][INFO] 2017-06-08 23:00:00,766: Done checking log file disk usage. Usage is <1GB.
[roslaunch][INFO] 2017-06-08 23:00:00,766: roslaunch starting with args ['roscore', '--core', '-p', '32799']
[roslaunch][INFO] 2017-06-08 23:00:00,769: roslaunch env is {'ROS_DISTRO': 'indigo', 'ASNLIB': '/home/ccc_v1_s54106__48606/asn13354_Project_4/asn13355_Project_4/asnlib', 'LIB': '/home/ccc_v1_s54106__48606/lib', 'PKG_CONFIG_PATH': '/opt/ros/indigo/lib/pkgconfig:/opt/ros/indigo/lib/x86_64-linux-gnu/pkgconfig', 'SSH_CLIENT': '172.31.7.153 41920 22', 'CPATH': '/opt/ros/indigo/include', 'LOGNAME': 'ccc_v1_w_dd4cc_18220', 'USER': 'ccc_v1_w_dd4cc_18220', 'ROS_NODE_PORT': '32799', 'HOME': '/home/ccc_v1_w_dd4cc_18220/asn13354_Project_4/asn13355_Project_4/work', 'PATH': '/opt/ros/indigo/bin:/usr/local/sbin:/usr/local/bin:/usr/sbin:/usr/bin:/sbin:/bin:/usr/games:/usr/local/games:/home/local/bin:/home/ccc_v1_s54106__48606/lib:/home/ccc_v1_s54106__48606/asn13354_Project_4/asn13355_Project_4/asnlib:/home/vlibs:.', 'CMAKE_PREFIX_PATH': '/opt/ros/indigo', 'LD_LIBRARY_PATH': '/opt/ros/indigo/lib:/opt/ros/indigo/lib/x86_64-linux-gnu:/home/ccc_v1_s54106__48606/lib:/home/ccc_v1_s54106__48606/asn13354_Project_4/asn13355_Project_4/asnlib:/home/vlibs', 'LANG': 'en_US.UTF-8', 'TERM': 'xterm-256color', 'SHELL': '/bin/bash', 'HISTFILE': '/home/ccc_v1_w_dd4cc_18220/.bash_history', 'SHLVL': '2', 'VOC_WORKAREA': '/home/ccc_v1_w_dd4cc_18220/asn13354_Project_4/asn13355_Project_4/work', 'ROS_LOG_FILENAME': '/home/ccc_v1_w_dd4cc_18220/asn13354_Project_4/asn13355_Project_4/work/.ros/log/dfa6133a-4cd8-11e7-8d93-06b0869cc04d/roslaunch-ip-172-31-26-229-18621.log', 'PART1': '/home/ccc_v1_s54106__48606/asn13354_Project_4/asn13355_Project_4', 'ROS_ETC_DIR': '/opt/ros/indigo/etc/ros', 'XDG_RUNTIME_DIR': '/run/user/18220', 'PYTHONPATH': '/opt/ros/indigo/lib/python2.7/dist-packages:/home/vlibs/python', 'VOC_PROXY_WRAPPER_PORT': '5100', 'VOC_XFER_TOKEN': '7031294884354243542133550593a3955b47934.46893976', 'ROS_ROOT': '/opt/ros/indigo/share/ros', 'OLD_HOME': '/home/ccc_v1_w_dd4cc_18220', 'VOC_PROXY_TOKEN': '8681459643542435421335501593a3955bcd368.76355793', 'ROS_PACKAGE_PATH': '/opt/ros/indigo/share:/opt/ros/indigo/stacks', 'XDG_SESSION_ID': '313126', '_': '/usr/bin/stdbuf', 'LD_PRELOAD': '/usr/lib/coreutils/libstdbuf.so', '_STDBUF_O': 'L', 'SSH_TTY': '/dev/pts/5', 'OLDPWD': '/home/ccc_v1_w_dd4cc_18220', 'ROSLISP_PACKAGE_DIRECTORIES': '', 'VLIB': '/home/vlibs', 'PWD': '/home/ccc_v1_w_dd4cc_18220/asn13354_Project_4/asn13355_Project_4/work', 'VOC_PROXY_ID': '43542_43542_13355_0_1', 'ROS_MASTER_URI': 'http://localhost:32799', 'MAIL': '/var/mail/ccc_v1_w_dd4cc_18220', 'SSH_CONNECTION': '172.31.7.153 41920 172.31.26.229 22'}
[roslaunch][INFO] 2017-06-08 23:00:00,774: starting in server mode
[roslaunch.parent][INFO] 2017-06-08 23:00:00,778: starting roslaunch parent run
[roslaunch][INFO] 2017-06-08 23:00:00,781: loading roscore config file /opt/ros/indigo/etc/ros/roscore.xml
[roslaunch][INFO] 2017-06-08 23:00:00,889: Added core node of type [rosout/rosout] in namespace [/]
[roslaunch.pmon][INFO] 2017-06-08 23:00:00,890: start_process_monitor: creating ProcessMonitor
[roslaunch.pmon][INFO] 2017-06-08 23:00:00,894: created process monitor <ProcessMonitor(ProcessMonitor-1, initial daemon)>
[roslaunch.pmon][INFO] 2017-06-08 23:00:00,904: start_process_monitor: ProcessMonitor started
[roslaunch.parent][INFO] 2017-06-08 23:00:00,908: starting parent XML-RPC server
[roslaunch.server][INFO] 2017-06-08 23:00:00,911: starting roslaunch XML-RPC server
[roslaunch.server][INFO] 2017-06-08 23:00:00,915: waiting for roslaunch XML-RPC server to initialize
[xmlrpc][INFO] 2017-06-08 23:00:00,915: XML-RPC server binding to 0.0.0.0:0
[xmlrpc][INFO] 2017-06-08 23:00:00,922: Started XML-RPC server [http://ip-172-31-26-229:44203/]
[xmlrpc][INFO] 2017-06-08 23:00:00,926: xml rpc node: starting XML-RPC server
[roslaunch][INFO] 2017-06-08 23:00:00,934: started roslaunch server http://ip-172-31-26-229:44203/
[roslaunch.parent][INFO] 2017-06-08 23:00:00,938: ... parent XML-RPC server started
[roslaunch][INFO] 2017-06-08 23:00:00,942: master.is_running[http://ip-172-31-26-229:32799/]
[roslaunch][INFO] 2017-06-08 23:00:00,947: auto-starting new master
[roslaunch][INFO] 2017-06-08 23:00:00,951: create_master_process: rosmaster, /opt/ros/indigo/share/ros, 32799, 3, None
[roslaunch][INFO] 2017-06-08 23:00:00,954: process[master]: launching with args [['rosmaster', '--core', '-p', '32799', '-w', '3']]
[roslaunch.pmon][INFO] 2017-06-08 23:00:00,958: ProcessMonitor.register[master]
[roslaunch.pmon][INFO] 2017-06-08 23:00:00,961: ProcessMonitor.register[master] complete
[roslaunch][INFO] 2017-06-08 23:00:00,965: process[master]: starting os process
[roslaunch][INFO] 2017-06-08 23:00:00,969: process[master]: start w/ args [['rosmaster', '--core', '-p', '32799', '-w', '3', '__log:=/home/ccc_v1_w_dd4cc_18220/asn13354_Project_4/asn13355_Project_4/work/.ros/log/dfa6133a-4cd8-11e7-8d93-06b0869cc04d/master.log']]
[roslaunch][INFO] 2017-06-08 23:00:00,972: process[master]: cwd will be [/home/ccc_v1_w_dd4cc_18220/asn13354_Project_4/asn13355_Project_4/work/.ros]
[roslaunch][INFO] 2017-06-08 23:00:00,981: process[master]: started with pid [18636]
[roslaunch][INFO] 2017-06-08 23:00:00,982: master.is_running[http://ip-172-31-26-229:32799/]
[roslaunch][INFO] 2017-06-08 23:00:01,086: master.is_running[http://ip-172-31-26-229:32799/]
[roslaunch][INFO] 2017-06-08 23:00:01,191: master.is_running[http://ip-172-31-26-229:32799/]
[roslaunch][INFO] 2017-06-08 23:00:01,199: master.is_running[http://ip-172-31-26-229:32799/]
[roslaunch][INFO] 2017-06-08 23:00:01,204: ROS_MASTER_URI=http://ip-172-31-26-229:32799/
[roslaunch][INFO] 2017-06-08 23:00:01,209: setting /run_id to dfa6133a-4cd8-11e7-8d93-06b0869cc04d
[roslaunch][INFO] 2017-06-08 23:00:01,218: setting /roslaunch/uris/host_ip_172_31_26_229__44203' to http://ip-172-31-26-229:44203/
[roslaunch][INFO] 2017-06-08 23:00:01,235: ... preparing to launch node of type [rosout/rosout]
[roslaunch][INFO] 2017-06-08 23:00:01,239: create_node_process: package[rosout] type[rosout] machine[Machine(name[] env_loader[None] address[localhost] ssh_port[22] user[None] assignable[True] timeout[10.0])] master_uri[http://ip-172-31-26-229:32799/]
[roslaunch][INFO] 2017-06-08 23:00:01,243: process[rosout-1]: env[{'ROS_DISTRO': 'indigo', 'ASNLIB': '/home/ccc_v1_s54106__48606/asn13354_Project_4/asn13355_Project_4/asnlib', 'LIB': '/home/ccc_v1_s54106__48606/lib', 'VOC_PROXY_TOKEN': '8681459643542435421335501593a3955bcd368.76355793', 'SSH_CLIENT': '172.31.7.153 41920 22', 'CPATH': '/opt/ros/indigo/include', 'LOGNAME': 'ccc_v1_w_dd4cc_18220', 'USER': 'ccc_v1_w_dd4cc_18220', 'ROS_NODE_PORT': '32799', 'HOME': '/home/ccc_v1_w_dd4cc_18220/asn13354_Project_4/asn13355_Project_4/work', 'PATH': '/opt/ros/indigo/bin:/usr/local/sbin:/usr/local/bin:/usr/sbin:/usr/bin:/sbin:/bin:/usr/games:/usr/local/games:/home/local/bin:/home/ccc_v1_s54106__48606/lib:/home/ccc_v1_s54106__48606/asn13354_Project_4/asn13355_Project_4/asnlib:/home/vlibs:.', 'CMAKE_PREFIX_PATH': '/opt/ros/indigo', 'ROS_LOG_FILENAME': '/home/ccc_v1_w_dd4cc_18220/asn13354_Project_4/asn13355_Project_4/work/.ros/log/dfa6133a-4cd8-11e7-8d93-06b0869cc04d/roslaunch-ip-172-31-26-229-18621.log', 'LANG': 'en_US.UTF-8', 'TERM': 'xterm-256color', 'SHELL': '/bin/bash', 'HISTFILE': '/home/ccc_v1_w_dd4cc_18220/.bash_history', 'SHLVL': '2', 'VOC_WORKAREA': '/home/ccc_v1_w_dd4cc_18220/asn13354_Project_4/asn13355_Project_4/work', 'LD_LIBRARY_PATH': '/opt/ros/indigo/lib:/opt/ros/indigo/lib/x86_64-linux-gnu:/home/ccc_v1_s54106__48606/lib:/home/ccc_v1_s54106__48606/asn13354_Project_4/asn13355_Project_4/asnlib:/home/vlibs', 'PART1': '/home/ccc_v1_s54106__48606/asn13354_Project_4/asn13355_Project_4', 'ROS_MASTER_URI': 'http://ip-172-31-26-229:32799/', 'XDG_RUNTIME_DIR': '/run/user/18220', 'PYTHONPATH': '/opt/ros/indigo/lib/python2.7/dist-packages:/home/vlibs/python', 'VOC_PROXY_WRAPPER_PORT': '5100', 'VOC_XFER_TOKEN': '7031294884354243542133550593a3955b47934.46893976', 'ROS_ROOT': '/opt/ros/indigo/share/ros', 'OLD_HOME': '/home/ccc_v1_w_dd4cc_18220', 'PKG_CONFIG_PATH': '/opt/ros/indigo/lib/pkgconfig:/opt/ros/indigo/lib/x86_64-linux-gnu/pkgconfig', 'ROS_PACKAGE_PATH': '/opt/ros/indigo/share:/opt/ros/indigo/stacks', 'XDG_SESSION_ID': '313126', '_': '/usr/bin/stdbuf', 'LD_PRELOAD': '/usr/lib/coreutils/libstdbuf.so', '_STDBUF_O': 'L', 'SSH_TTY': '/dev/pts/5', 'OLDPWD': '/home/ccc_v1_w_dd4cc_18220', 'ROSLISP_PACKAGE_DIRECTORIES': '', 'VLIB': '/home/vlibs', 'PWD': '/home/ccc_v1_w_dd4cc_18220/asn13354_Project_4/asn13355_Project_4/work', 'VOC_PROXY_ID': '43542_43542_13355_0_1', 'ROS_ETC_DIR': '/opt/ros/indigo/etc/ros', 'MAIL': '/var/mail/ccc_v1_w_dd4cc_18220', 'SSH_CONNECTION': '172.31.7.153 41920 172.31.26.229 22'}]
[roslaunch][INFO] 2017-06-08 23:00:01,272: process[rosout-1]: args[[u'/opt/ros/indigo/lib/rosout/rosout', u'__name:=rosout']]
[roslaunch][INFO] 2017-06-08 23:00:01,276: ... created process [rosout-1]
[roslaunch.pmon][INFO] 2017-06-08 23:00:01,280: ProcessMonitor.register[rosout-1]
[roslaunch.pmon][INFO] 2017-06-08 23:00:01,284: ProcessMonitor.register[rosout-1] complete
[roslaunch][INFO] 2017-06-08 23:00:01,287: ... registered process [rosout-1]
[roslaunch][INFO] 2017-06-08 23:00:01,291: process[rosout-1]: starting os process
[roslaunch][INFO] 2017-06-08 23:00:01,297: process[rosout-1]: start w/ args [[u'/opt/ros/indigo/lib/rosout/rosout', u'__name:=rosout', u'__log:=/home/ccc_v1_w_dd4cc_18220/asn13354_Project_4/asn13355_Project_4/work/.ros/log/dfa6133a-4cd8-11e7-8d93-06b0869cc04d/rosout-1.log']]
[roslaunch][INFO] 2017-06-08 23:00:01,300: process[rosout-1]: cwd will be [/home/ccc_v1_w_dd4cc_18220/asn13354_Project_4/asn13355_Project_4/work/.ros]
[roslaunch][INFO] 2017-06-08 23:00:01,309: process[rosout-1]: started with pid [18650]
[roslaunch][INFO] 2017-06-08 23:00:01,310: ... successfully launched [rosout-1]
[roslaunch][INFO] 2017-06-08 23:00:01,314: load_parameters starting ...
[roslaunch][INFO] 2017-06-08 23:00:01,328: ... load_parameters complete
[roslaunch][INFO] 2017-06-08 23:00:01,331: launch_nodes: launching local nodes ...
[roslaunch][INFO] 2017-06-08 23:00:01,335: ... launch_nodes complete
[roslaunch.pmon][INFO] 2017-06-08 23:00:01,339: registrations completed <ProcessMonitor(ProcessMonitor-1, started daemon 139795298502400)>
[roslaunch.parent][INFO] 2017-06-08 23:00:01,342: ... roslaunch parent running, waiting for process exit
[roslaunch][INFO] 2017-06-08 23:00:01,346: spin
