[rosmaster.main][INFO] 2017-06-10 15:16:57,318: initialization complete, waiting for shutdown
[rosmaster.main][INFO] 2017-06-10 15:16:57,318: Starting ROS Master Node
[xmlrpc][INFO] 2017-06-10 15:16:57,322: XML-RPC server binding to 0.0.0.0:38867
[xmlrpc][INFO] 2017-06-10 15:16:57,326: Started XML-RPC server [http://ip-172-31-19-100:38867/]
[rosmaster.master][INFO] 2017-06-10 15:16:57,326: Master initialized: port[38867], uri[http://ip-172-31-19-100:38867/]
[xmlrpc][INFO] 2017-06-10 15:16:57,330: xml rpc node: starting XML-RPC server
[rosmaster.master][INFO] 2017-06-10 15:16:57,411: +PARAM [/run_id] by /roslaunch
[rosmaster.master][INFO] 2017-06-10 15:16:57,420: +PARAM [/roslaunch/uris/host_ip_172_31_19_100__33286] by /roslaunch
[rosmaster.master][INFO] 2017-06-10 15:16:57,518: +PARAM [/rosversion] by /roslaunch
[rosmaster.master][INFO] 2017-06-10 15:16:57,521: +PARAM [/rosdistro] by /roslaunch
[rosmaster.master][INFO] 2017-06-10 15:16:57,552: +SERVICE [/rosout/get_loggers] /rosout http://ip-172-31-19-100:39457/
[rosmaster.master][INFO] 2017-06-10 15:16:57,557: +SERVICE [/rosout/set_logger_level] /rosout http://ip-172-31-19-100:39457/
[rosmaster.master][INFO] 2017-06-10 15:16:57,563: +PUB [/rosout_agg] /rosout http://ip-172-31-19-100:39457/
[rosmaster.master][INFO] 2017-06-10 15:16:57,572: +SUB [/rosout] /rosout http://ip-172-31-19-100:39457/
[rosmaster.master][INFO] 2017-06-10 15:16:57,848: +PUB [/rosout] /tf2_web_republisher http://ip-172-31-19-100:33910/
[rosmaster.master][INFO] 2017-06-10 15:16:57,853: +SERVICE [/tf2_web_republisher/get_loggers] /tf2_web_republisher http://ip-172-31-19-100:33910/
[rosmaster.master][INFO] 2017-06-10 15:16:57,857: +SERVICE [/tf2_web_republisher/set_logger_level] /tf2_web_republisher http://ip-172-31-19-100:33910/
[rosmaster.master][INFO] 2017-06-10 15:16:57,866: +SUB [/tf] /tf2_web_republisher http://ip-172-31-19-100:33910/
[rosmaster.master][INFO] 2017-06-10 15:16:57,874: +SUB [/tf_static] /tf2_web_republisher http://ip-172-31-19-100:33910/
[rosmaster.master][INFO] 2017-06-10 15:16:57,879: +SERVICE [/republish_tfs] /tf2_web_republisher http://ip-172-31-19-100:33910/
[rosmaster.master][INFO] 2017-06-10 15:16:57,884: +PUB [/tf2_web_republisher/result] /tf2_web_republisher http://ip-172-31-19-100:33910/
[rosmaster.master][INFO] 2017-06-10 15:16:57,888: +PUB [/tf2_web_republisher/feedback] /tf2_web_republisher http://ip-172-31-19-100:33910/
[rosmaster.master][INFO] 2017-06-10 15:16:57,892: +PUB [/tf2_web_republisher/status] /tf2_web_republisher http://ip-172-31-19-100:33910/
[rosmaster.master][INFO] 2017-06-10 15:16:57,904: +SUB [/tf2_web_republisher/goal] /tf2_web_republisher http://ip-172-31-19-100:33910/
[rosmaster.master][INFO] 2017-06-10 15:16:57,911: +SUB [/tf2_web_republisher/cancel] /tf2_web_republisher http://ip-172-31-19-100:33910/
[rosmaster.master][INFO] 2017-06-10 15:16:57,923: publisherUpdate[/rosout] -> http://ip-172-31-19-100:39457/
[rosmaster.master][INFO] 2017-06-10 15:16:59,361: +PARAM [/roslaunch/uris/host_ip_172_31_19_100__39879] by /roslaunch
[rosmaster.master][INFO] 2017-06-10 15:16:59,368: +PARAM [/rosbridge_websocket/port] by /roslaunch
[rosmaster.master][INFO] 2017-06-10 15:16:59,371: +PARAM [/rosdistro] by /roslaunch
[rosmaster.master][INFO] 2017-06-10 15:16:59,375: +PARAM [/rosbridge_websocket/fragment_timeout] by /roslaunch
[rosmaster.master][INFO] 2017-06-10 15:16:59,378: +PARAM [/rosbridge_websocket/delay_between_messages] by /roslaunch
[rosmaster.master][INFO] 2017-06-10 15:16:59,382: +PARAM [/rosversion] by /roslaunch
[rosmaster.master][INFO] 2017-06-10 15:16:59,385: +PARAM [/rosbridge_websocket/authenticate] by /roslaunch
[rosmaster.master][INFO] 2017-06-10 15:16:59,388: +PARAM [/rosbridge_websocket/retry_startup_delay] by /roslaunch
[rosmaster.master][INFO] 2017-06-10 15:16:59,392: +PARAM [/rosbridge_websocket/address] by /roslaunch
[rosmaster.master][INFO] 2017-06-10 15:16:59,396: +PARAM [/rosbridge_websocket/max_message_size] by /roslaunch
[rosmaster.master][INFO] 2017-06-10 15:16:59,974: +PUB [/rosout] /interactive_marker_proxy http://ip-172-31-19-100:58700/
[rosmaster.master][INFO] 2017-06-10 15:16:59,978: +SERVICE [/interactive_marker_proxy/get_loggers] /interactive_marker_proxy http://ip-172-31-19-100:58700/
[rosmaster.master][INFO] 2017-06-10 15:16:59,983: +SERVICE [/interactive_marker_proxy/set_logger_level] /interactive_marker_proxy http://ip-172-31-19-100:58700/
[rosmaster.master][INFO] 2017-06-10 15:16:59,992: +PUB [/rosout] /rosapi http://ip-172-31-19-100:47797/
[rosmaster.master][INFO] 2017-06-10 15:16:59,996: +SUB [/tf] /interactive_marker_proxy http://ip-172-31-19-100:58700/
[rosmaster.master][INFO] 2017-06-10 15:17:00,007: +SUB [/tf_static] /interactive_marker_proxy http://ip-172-31-19-100:58700/
[rosmaster.master][INFO] 2017-06-10 15:17:00,010: +SERVICE [/rosapi/get_loggers] /rosapi http://ip-172-31-19-100:47797/
[rosmaster.master][INFO] 2017-06-10 15:17:00,018: +SERVICE [/rosapi/set_logger_level] /rosapi http://ip-172-31-19-100:47797/
[rosmaster.master][INFO] 2017-06-10 15:17:00,022: +SUB [/control_markers/update] /interactive_marker_proxy http://ip-172-31-19-100:58700/
[rosmaster.master][INFO] 2017-06-10 15:17:00,025: +SERVICE [/rosapi/topics] /rosapi http://ip-172-31-19-100:47797/
[rosmaster.master][INFO] 2017-06-10 15:17:00,028: publisherUpdate[/rosout] -> http://ip-172-31-19-100:39457/
[rosmaster.master][INFO] 2017-06-10 15:17:00,032: +SUB [/control_markers/update_full] /interactive_marker_proxy http://ip-172-31-19-100:58700/
[rosmaster.master][INFO] 2017-06-10 15:17:00,036: publisherUpdate[/rosout] -> http://ip-172-31-19-100:39457/
[rosmaster.master][INFO] 2017-06-10 15:17:00,040: +SERVICE [/rosapi/topics_for_type] /rosapi http://ip-172-31-19-100:47797/
[rosmaster.master][INFO] 2017-06-10 15:17:00,053: +PUB [/control_markers/tunneled/update] /interactive_marker_proxy http://ip-172-31-19-100:58700/
[rosmaster.master][INFO] 2017-06-10 15:17:00,056: +SERVICE [/rosapi/services] /rosapi http://ip-172-31-19-100:47797/
[rosmaster.master][INFO] 2017-06-10 15:17:00,068: +SERVICE [/control_markers/tunneled/get_init] /interactive_marker_proxy http://ip-172-31-19-100:58700/
[rosmaster.master][INFO] 2017-06-10 15:17:00,072: +SERVICE [/rosapi/services_for_type] /rosapi http://ip-172-31-19-100:47797/
[rosmaster.master][INFO] 2017-06-10 15:17:00,076: +SERVICE [/rosapi/nodes] /rosapi http://ip-172-31-19-100:47797/
[rosmaster.master][INFO] 2017-06-10 15:17:00,081: +SERVICE [/rosapi/node_details] /rosapi http://ip-172-31-19-100:47797/
[rosmaster.master][INFO] 2017-06-10 15:17:00,085: +SERVICE [/rosapi/topic_type] /rosapi http://ip-172-31-19-100:47797/
[rosmaster.master][INFO] 2017-06-10 15:17:00,090: +SERVICE [/rosapi/service_type] /rosapi http://ip-172-31-19-100:47797/
[rosmaster.master][INFO] 2017-06-10 15:17:00,095: +SERVICE [/rosapi/publishers] /rosapi http://ip-172-31-19-100:47797/
[rosmaster.master][INFO] 2017-06-10 15:17:00,100: +SERVICE [/rosapi/subscribers] /rosapi http://ip-172-31-19-100:47797/
[rosmaster.master][INFO] 2017-06-10 15:17:00,104: +SERVICE [/rosapi/service_providers] /rosapi http://ip-172-31-19-100:47797/
[rosmaster.master][INFO] 2017-06-10 15:17:00,108: -SUB [/control_markers/update_full] /interactive_marker_proxy http://ip-172-31-19-100:58700/
[rosmaster.master][INFO] 2017-06-10 15:17:00,112: +SERVICE [/rosapi/service_node] /rosapi http://ip-172-31-19-100:47797/
[rosmaster.master][INFO] 2017-06-10 15:17:00,118: +SERVICE [/rosapi/service_host] /rosapi http://ip-172-31-19-100:47797/
[rosmaster.master][INFO] 2017-06-10 15:17:00,123: +SERVICE [/rosapi/message_details] /rosapi http://ip-172-31-19-100:47797/
[rosmaster.master][INFO] 2017-06-10 15:17:00,128: +SERVICE [/rosapi/service_request_details] /rosapi http://ip-172-31-19-100:47797/
[rosmaster.master][INFO] 2017-06-10 15:17:00,134: +SERVICE [/rosapi/service_response_details] /rosapi http://ip-172-31-19-100:47797/
[rosmaster.master][INFO] 2017-06-10 15:17:00,138: +SERVICE [/rosapi/set_param] /rosapi http://ip-172-31-19-100:47797/
[rosmaster.master][INFO] 2017-06-10 15:17:00,143: +SERVICE [/rosapi/get_param] /rosapi http://ip-172-31-19-100:47797/
[rosmaster.master][INFO] 2017-06-10 15:17:00,148: +SERVICE [/rosapi/has_param] /rosapi http://ip-172-31-19-100:47797/
[rosmaster.master][INFO] 2017-06-10 15:17:00,153: +SERVICE [/rosapi/search_param] /rosapi http://ip-172-31-19-100:47797/
[rosmaster.master][INFO] 2017-06-10 15:17:00,158: +SERVICE [/rosapi/delete_param] /rosapi http://ip-172-31-19-100:47797/
[rosmaster.master][INFO] 2017-06-10 15:17:00,164: +SERVICE [/rosapi/get_param_names] /rosapi http://ip-172-31-19-100:47797/
[rosmaster.master][INFO] 2017-06-10 15:17:00,168: +SERVICE [/rosapi/get_time] /rosapi http://ip-172-31-19-100:47797/
[rosmaster.master][INFO] 2017-06-10 15:17:00,191: +PUB [/rosout] /rosbridge_websocket http://ip-172-31-19-100:37654/
[rosmaster.master][INFO] 2017-06-10 15:17:00,205: +SERVICE [/rosbridge_websocket/get_loggers] /rosbridge_websocket http://ip-172-31-19-100:37654/
[rosmaster.master][INFO] 2017-06-10 15:17:00,210: +SERVICE [/rosbridge_websocket/set_logger_level] /rosbridge_websocket http://ip-172-31-19-100:37654/
[rosmaster.master][INFO] 2017-06-10 15:17:00,228: publisherUpdate[/rosout] -> http://ip-172-31-19-100:39457/
[rosmaster.master][INFO] 2017-06-10 15:17:01,988: +PARAM [/roslaunch/uris/host_ip_172_31_19_100__41959] by /roslaunch
[rosmaster.master][INFO] 2017-06-10 15:17:02,010: +PARAM [/robot_description_kinematics/lwr_arm/kinematics_solver] by /roslaunch
[rosmaster.master][INFO] 2017-06-10 15:17:02,014: +PARAM [/move_group/planner_configs/RRTkConfigDefault/goal_bias] by /roslaunch
[rosmaster.master][INFO] 2017-06-10 15:17:02,017: +PARAM [/robot_description_semantic] by /roslaunch
[rosmaster.master][INFO] 2017-06-10 15:17:02,021: +PARAM [/robot_description_kinematics/lwr_arm/kinematics_solver_attempts] by /roslaunch
[rosmaster.master][INFO] 2017-06-10 15:17:02,024: +PARAM [/robot_description_planning/joint_limits/lwr_arm_6_joint/max_acceleration] by /roslaunch
[rosmaster.master][INFO] 2017-06-10 15:17:02,028: +PARAM [/robot_description_planning/joint_limits/lwr_arm_5_joint/has_acceleration_limits] by /roslaunch
[rosmaster.master][INFO] 2017-06-10 15:17:02,032: +PARAM [/move_group/planner_configs/RRTstarkConfigDefault/range] by /roslaunch
[rosmaster.master][INFO] 2017-06-10 15:17:02,036: +PARAM [/robot_description_planning/joint_limits/lwr_arm_0_joint/max_acceleration] by /roslaunch
[rosmaster.master][INFO] 2017-06-10 15:17:02,039: +PARAM [/robot_description_planning/joint_limits/lwr_arm_0_joint/has_velocity_limits] by /roslaunch
[rosmaster.master][INFO] 2017-06-10 15:17:02,043: +PARAM [/move_group/max_safe_path_cost] by /roslaunch
[rosmaster.master][INFO] 2017-06-10 15:17:02,047: +PARAM [/move_group/planner_configs/RRTstarkConfigDefault/goal_bias] by /roslaunch
[rosmaster.master][INFO] 2017-06-10 15:17:02,050: +PARAM [/move_group/planning_scene_monitor/publish_planning_scene] by /roslaunch
[rosmaster.master][INFO] 2017-06-10 15:17:02,054: +PARAM [/move_group/planner_configs/PRMkConfigDefault/type] by /roslaunch
[rosmaster.master][INFO] 2017-06-10 15:17:02,057: +PARAM [/move_group/planner_configs/ESTkConfigDefault/range] by /roslaunch
[rosmaster.master][INFO] 2017-06-10 15:17:02,062: +PARAM [/robot_description_planning/joint_limits/lwr_arm_2_joint/max_acceleration] by /roslaunch
[rosmaster.master][INFO] 2017-06-10 15:17:02,065: +PARAM [/move_group/planner_configs/KPIECEkConfigDefault/min_valid_path_fraction] by /roslaunch
[rosmaster.master][INFO] 2017-06-10 15:17:02,069: +PARAM [/move_group/planner_configs/BKPIECEkConfigDefault/border_fraction] by /roslaunch
[rosmaster.master][INFO] 2017-06-10 15:17:02,072: +PARAM [/move_group/planner_configs/PRMkConfigDefault/max_nearest_neighbors] by /roslaunch
[rosmaster.master][INFO] 2017-06-10 15:17:02,076: +PARAM [/move_group/planner_configs/TRRTkConfigDefault/goal_bias] by /roslaunch
[rosmaster.master][INFO] 2017-06-10 15:17:02,080: +PARAM [/move_group/planner_configs/BKPIECEkConfigDefault/min_valid_path_fraction] by /roslaunch
[rosmaster.master][INFO] 2017-06-10 15:17:02,083: +PARAM [/robot_description_planning/joint_limits/lwr_arm_2_joint/has_velocity_limits] by /roslaunch
[rosmaster.master][INFO] 2017-06-10 15:17:02,087: +PARAM [/robot_description_planning/joint_limits/lwr_arm_3_joint/max_velocity] by /roslaunch
[rosmaster.master][INFO] 2017-06-10 15:17:02,090: +PARAM [/robot_description_planning/joint_limits/lwr_arm_4_joint/max_acceleration] by /roslaunch
[rosmaster.master][INFO] 2017-06-10 15:17:02,094: +PARAM [/robot_description_planning/joint_limits/lwr_arm_0_joint/max_velocity] by /roslaunch
[rosmaster.master][INFO] 2017-06-10 15:17:02,098: +PARAM [/move_group/planner_configs/SBLkConfigDefault/range] by /roslaunch
[rosmaster.master][INFO] 2017-06-10 15:17:02,102: +PARAM [/move_group/planner_configs/TRRTkConfigDefault/frountierNodeRatio] by /roslaunch
[rosmaster.master][INFO] 2017-06-10 15:17:02,105: +PARAM [/robot_description_planning/joint_limits/lwr_arm_6_joint/has_acceleration_limits] by /roslaunch
[rosmaster.master][INFO] 2017-06-10 15:17:02,109: +PARAM [/move_group/planning_plugin] by /roslaunch
[rosmaster.master][INFO] 2017-06-10 15:17:02,112: +PARAM [/move_group/planning_scene_monitor/publish_geometry_updates] by /roslaunch
[rosmaster.master][INFO] 2017-06-10 15:17:02,116: +PARAM [/robot_description_planning/joint_limits/lwr_arm_3_joint/max_acceleration] by /roslaunch
[rosmaster.master][INFO] 2017-06-10 15:17:02,119: +PARAM [/move_group/planner_configs/TRRTkConfigDefault/max_states_failed] by /roslaunch
[rosmaster.master][INFO] 2017-06-10 15:17:02,124: +PARAM [/robot_description_planning/joint_limits/lwr_arm_3_joint/has_velocity_limits] by /roslaunch
[rosmaster.master][INFO] 2017-06-10 15:17:02,127: +PARAM [/robot_description_kinematics/lwr_arm/kinematics_solver_timeout] by /roslaunch
[rosmaster.master][INFO] 2017-06-10 15:17:02,131: +PARAM [/move_group/lwr_arm/projection_evaluator] by /roslaunch
[rosmaster.master][INFO] 2017-06-10 15:17:02,135: +PARAM [/robot_description_planning/joint_limits/lwr_arm_1_joint/has_acceleration_limits] by /roslaunch
[rosmaster.master][INFO] 2017-06-10 15:17:02,138: +PARAM [/rosdistro] by /roslaunch
[rosmaster.master][INFO] 2017-06-10 15:17:02,142: +PARAM [/robot_description_planning/joint_limits/lwr_arm_5_joint/max_velocity] by /roslaunch
[rosmaster.master][INFO] 2017-06-10 15:17:02,146: +PARAM [/move_group/planner_configs/PRMstarkConfigDefault/type] by /roslaunch
[rosmaster.master][INFO] 2017-06-10 15:17:02,149: +PARAM [/move_group/planner_configs/RRTkConfigDefault/range] by /roslaunch
[rosmaster.master][INFO] 2017-06-10 15:17:02,153: +PARAM [/move_group/allow_trajectory_execution] by /roslaunch
[rosmaster.master][INFO] 2017-06-10 15:17:02,156: +PARAM [/move_group/lwr_arm/planner_configs] by /roslaunch
[rosmaster.master][INFO] 2017-06-10 15:17:02,160: +PARAM [/move_group/planner_configs/ESTkConfigDefault/type] by /roslaunch
[rosmaster.master][INFO] 2017-06-10 15:17:02,163: +PARAM [/move_group/start_state_max_bounds_error] by /roslaunch
[rosmaster.master][INFO] 2017-06-10 15:17:02,167: +PARAM [/move_group/planner_configs/TRRTkConfigDefault/init_temperature] by /roslaunch
[rosmaster.master][INFO] 2017-06-10 15:17:02,170: +PARAM [/move_group/planner_configs/BKPIECEkConfigDefault/type] by /roslaunch
[rosmaster.master][INFO] 2017-06-10 15:17:02,174: +PARAM [/move_group/planner_configs/KPIECEkConfigDefault/border_fraction] by /roslaunch
[rosmaster.master][INFO] 2017-06-10 15:17:02,178: +PARAM [/robot_description_planning/joint_limits/lwr_arm_4_joint/has_velocity_limits] by /roslaunch
[rosmaster.master][INFO] 2017-06-10 15:17:02,181: +PARAM [/move_group/planner_configs/ESTkConfigDefault/goal_bias] by /roslaunch
[rosmaster.master][INFO] 2017-06-10 15:17:02,185: +PARAM [/move_group/planner_configs/LBKPIECEkConfigDefault/border_fraction] by /roslaunch
[rosmaster.master][INFO] 2017-06-10 15:17:02,188: +PARAM [/move_group/jiggle_fraction] by /roslaunch
[rosmaster.master][INFO] 2017-06-10 15:17:02,192: +PARAM [/move_group/planner_configs/TRRTkConfigDefault/range] by /roslaunch
[rosmaster.master][INFO] 2017-06-10 15:17:02,196: +PARAM [/move_group/planning_scene_monitor/publish_state_updates] by /roslaunch
[rosmaster.master][INFO] 2017-06-10 15:17:02,200: +PARAM [/move_group/planner_configs/TRRTkConfigDefault/temp_change_factor] by /roslaunch
[rosmaster.master][INFO] 2017-06-10 15:17:02,211: +PARAM [/robot_description_planning/joint_limits/lwr_arm_6_joint/max_velocity] by /roslaunch
[rosmaster.master][INFO] 2017-06-10 15:17:02,215: +PARAM [/robot_description_planning/joint_limits/lwr_arm_1_joint/max_velocity] by /roslaunch
[rosmaster.master][INFO] 2017-06-10 15:17:02,218: +PARAM [/move_group/planner_configs/SBLkConfigDefault/type] by /roslaunch
[rosmaster.master][INFO] 2017-06-10 15:17:02,222: +PARAM [/robot_description] by /roslaunch
[rosmaster.master][INFO] 2017-06-10 15:17:02,226: +PARAM [/move_group/capabilities] by /roslaunch
[rosmaster.master][INFO] 2017-06-10 15:17:02,229: +PARAM [/move_group/planner_configs/LBKPIECEkConfigDefault/range] by /roslaunch
[rosmaster.master][INFO] 2017-06-10 15:17:02,233: +PARAM [/robot_description_planning/joint_limits/lwr_arm_5_joint/max_acceleration] by /roslaunch
[rosmaster.master][INFO] 2017-06-10 15:17:02,236: +PARAM [/move_group/planner_configs/KPIECEkConfigDefault/range] by /roslaunch
[rosmaster.master][INFO] 2017-06-10 15:17:02,240: +PARAM [/move_group/planner_configs/BKPIECEkConfigDefault/range] by /roslaunch
[rosmaster.master][INFO] 2017-06-10 15:17:02,244: +PARAM [/move_group/planner_configs/TRRTkConfigDefault/type] by /roslaunch
[rosmaster.master][INFO] 2017-06-10 15:17:02,248: +PARAM [/move_group/planner_configs/KPIECEkConfigDefault/goal_bias] by /roslaunch
[rosmaster.master][INFO] 2017-06-10 15:17:02,252: +PARAM [/move_group/planner_configs/RRTConnectkConfigDefault/range] by /roslaunch
[rosmaster.master][INFO] 2017-06-10 15:17:02,255: +PARAM [/move_group/request_adapters] by /roslaunch
[rosmaster.master][INFO] 2017-06-10 15:17:02,259: +PARAM [/move_group/planner_configs/TRRTkConfigDefault/min_temperature] by /roslaunch
[rosmaster.master][INFO] 2017-06-10 15:17:02,263: +PARAM [/robot_description_planning/joint_limits/lwr_arm_6_joint/has_velocity_limits] by /roslaunch
[rosmaster.master][INFO] 2017-06-10 15:17:02,267: +PARAM [/robot_description_planning/joint_limits/lwr_arm_1_joint/has_velocity_limits] by /roslaunch
[rosmaster.master][INFO] 2017-06-10 15:17:02,271: +PARAM [/move_group/planner_configs/KPIECEkConfigDefault/failed_expansion_score_factor] by /roslaunch
[rosmaster.master][INFO] 2017-06-10 15:17:02,274: +PARAM [/move_group/planning_scene_monitor/publish_transforms_updates] by /roslaunch
[rosmaster.master][INFO] 2017-06-10 15:17:02,278: +PARAM [/robot_description_planning/joint_limits/lwr_arm_5_joint/has_velocity_limits] by /roslaunch
[rosmaster.master][INFO] 2017-06-10 15:17:02,282: +PARAM [/robot_description_planning/joint_limits/lwr_arm_3_joint/has_acceleration_limits] by /roslaunch
[rosmaster.master][INFO] 2017-06-10 15:17:02,285: +PARAM [/move_group/planner_configs/RRTstarkConfigDefault/type] by /roslaunch
[rosmaster.master][INFO] 2017-06-10 15:17:02,289: +PARAM [/move_group/lwr_arm/longest_valid_segment_fraction] by /roslaunch
[rosmaster.master][INFO] 2017-06-10 15:17:02,292: +PARAM [/move_group/planner_configs/RRTstarkConfigDefault/delay_collision_checking] by /roslaunch
[rosmaster.master][INFO] 2017-06-10 15:17:02,296: +PARAM [/move_group/planner_configs/KPIECEkConfigDefault/type] by /roslaunch
[rosmaster.master][INFO] 2017-06-10 15:17:02,300: +PARAM [/robot_description_kinematics/lwr_arm/kinematics_solver_search_resolution] by /roslaunch
[rosmaster.master][INFO] 2017-06-10 15:17:02,303: +PARAM [/move_group/planner_configs/RRTConnectkConfigDefault/type] by /roslaunch
[rosmaster.master][INFO] 2017-06-10 15:17:02,307: +PARAM [/robot_description_planning/joint_limits/lwr_arm_2_joint/has_acceleration_limits] by /roslaunch
[rosmaster.master][INFO] 2017-06-10 15:17:02,311: +PARAM [/move_group/planner_configs/BKPIECEkConfigDefault/failed_expansion_score_factor] by /roslaunch
[rosmaster.master][INFO] 2017-06-10 15:17:02,318: +PARAM [/robot_description_planning/joint_limits/lwr_arm_2_joint/max_velocity] by /roslaunch
[rosmaster.master][INFO] 2017-06-10 15:17:02,322: +PARAM [/move_group/planner_configs/LBKPIECEkConfigDefault/min_valid_path_fraction] by /roslaunch
[rosmaster.master][INFO] 2017-06-10 15:17:02,326: +PARAM [/rosversion] by /roslaunch
[rosmaster.master][INFO] 2017-06-10 15:17:02,331: +PARAM [/robot_description_planning/joint_limits/lwr_arm_4_joint/max_velocity] by /roslaunch
[rosmaster.master][INFO] 2017-06-10 15:17:02,335: +PARAM [/robot_description_planning/joint_limits/lwr_arm_4_joint/has_acceleration_limits] by /roslaunch
[rosmaster.master][INFO] 2017-06-10 15:17:02,339: +PARAM [/robot_description_planning/joint_limits/lwr_arm_0_joint/has_acceleration_limits] by /roslaunch
[rosmaster.master][INFO] 2017-06-10 15:17:02,342: +PARAM [/robot_description_planning/joint_limits/lwr_arm_1_joint/max_acceleration] by /roslaunch
[rosmaster.master][INFO] 2017-06-10 15:17:02,346: +PARAM [/move_group/planner_configs/TRRTkConfigDefault/k_constant] by /roslaunch
[rosmaster.master][INFO] 2017-06-10 15:17:02,349: +PARAM [/move_group/planner_configs/TRRTkConfigDefault/frountier_threshold] by /roslaunch
[rosmaster.master][INFO] 2017-06-10 15:17:02,353: +PARAM [/move_group/planner_configs/LBKPIECEkConfigDefault/type] by /roslaunch
[rosmaster.master][INFO] 2017-06-10 15:17:02,356: +PARAM [/move_group/planner_configs/RRTkConfigDefault/type] by /roslaunch
[rosmaster.master][INFO] 2017-06-10 15:17:02,754: +PUB [/rosout] /robot_sim http://ip-172-31-19-100:55627/
[rosmaster.master][INFO] 2017-06-10 15:17:02,758: +SERVICE [/robot_sim/get_loggers] /robot_sim http://ip-172-31-19-100:55627/
[rosmaster.master][INFO] 2017-06-10 15:17:02,763: +SERVICE [/robot_sim/set_logger_level] /robot_sim http://ip-172-31-19-100:55627/
[rosmaster.master][INFO] 2017-06-10 15:17:02,774: +PUB [/joint_states] /robot_sim http://ip-172-31-19-100:55627/
[rosmaster.master][INFO] 2017-06-10 15:17:02,785: +SUB [/joint_velocities] /robot_sim http://ip-172-31-19-100:55627/
[rosmaster.master][INFO] 2017-06-10 15:17:02,797: +SUB [/joint_positions] /robot_sim http://ip-172-31-19-100:55627/
[rosmaster.master][INFO] 2017-06-10 15:17:02,804: +PUB [/rosout] /robot_state_publisher http://ip-172-31-19-100:47387/
[rosmaster.master][INFO] 2017-06-10 15:17:02,811: +SUB [/joint_command] /robot_sim http://ip-172-31-19-100:55627/
[rosmaster.master][INFO] 2017-06-10 15:17:02,815: +SERVICE [/robot_state_publisher/get_loggers] /robot_state_publisher http://ip-172-31-19-100:47387/
[rosmaster.master][INFO] 2017-06-10 15:17:02,820: +SERVICE [/robot_state_publisher/set_logger_level] /robot_state_publisher http://ip-172-31-19-100:47387/
[rosmaster.master][INFO] 2017-06-10 15:17:02,825: +SUB [/joint_trajectory] /robot_sim http://ip-172-31-19-100:55627/
[rosmaster.master][INFO] 2017-06-10 15:17:02,832: +PUB [/tf] /robot_state_publisher http://ip-172-31-19-100:47387/
[rosmaster.master][INFO] 2017-06-10 15:17:02,837: +PUB [/tf_static] /robot_state_publisher http://ip-172-31-19-100:47387/
[rosmaster.master][INFO] 2017-06-10 15:17:02,838: publisherUpdate[/rosout] -> http://ip-172-31-19-100:39457/
[rosmaster.master][INFO] 2017-06-10 15:17:02,842: publisherUpdate[/tf] -> http://ip-172-31-19-100:33910/
[rosmaster.master][INFO] 2017-06-10 15:17:02,845: publisherUpdate[/rosout] -> http://ip-172-31-19-100:39457/
[rosmaster.master][INFO] 2017-06-10 15:17:02,850: +SUB [/joint_states] /robot_state_publisher http://ip-172-31-19-100:47387/
[rosmaster.master][INFO] 2017-06-10 15:17:02,853: publisherUpdate[/tf] -> http://ip-172-31-19-100:58700/
[rosmaster.master][INFO] 2017-06-10 15:17:02,858: publisherUpdate[/tf_static] -> http://ip-172-31-19-100:33910/
[rosmaster.master][INFO] 2017-06-10 15:17:02,872: publisherUpdate[/tf_static] -> http://ip-172-31-19-100:58700/
[rosmaster.master][INFO] 2017-06-10 15:17:03,027: +PUB [/rosout] /move_group http://ip-172-31-19-100:57336/
[rosmaster.master][INFO] 2017-06-10 15:17:03,035: +SERVICE [/move_group/get_loggers] /move_group http://ip-172-31-19-100:57336/
[rosmaster.master][INFO] 2017-06-10 15:17:03,039: +SERVICE [/move_group/set_logger_level] /move_group http://ip-172-31-19-100:57336/
[rosmaster.master][INFO] 2017-06-10 15:17:03,049: +SUB [/tf] /move_group http://ip-172-31-19-100:57336/
[rosmaster.master][INFO] 2017-06-10 15:17:03,057: publisherUpdate[/rosout] -> http://ip-172-31-19-100:39457/
[rosmaster.master][INFO] 2017-06-10 15:17:03,058: +SUB [/tf_static] /move_group http://ip-172-31-19-100:57336/
[rosmaster.master][INFO] 2017-06-10 15:17:03,268: +PUB [/rosout] /move_group_commander_wrappers_1497133023260440838 http://ip-172-31-19-100:40734/
[rosmaster.master][INFO] 2017-06-10 15:17:03,270: publisherUpdate[/rosout] -> http://ip-172-31-19-100:39457/
[rosmaster.master][INFO] 2017-06-10 15:17:03,277: +SERVICE [/move_group_commander_wrappers_1497133023260440838/get_loggers] /move_group_commander_wrappers_1497133023260440838 http://ip-172-31-19-100:40734/
[rosmaster.master][INFO] 2017-06-10 15:17:03,285: +SERVICE [/move_group_commander_wrappers_1497133023260440838/set_logger_level] /move_group_commander_wrappers_1497133023260440838 http://ip-172-31-19-100:40734/
[rosmaster.master][INFO] 2017-06-10 15:17:03,308: +SERVICE [/move_group/planning_scene_monitor/set_parameters] /move_group http://ip-172-31-19-100:57336/
[rosmaster.master][INFO] 2017-06-10 15:17:03,315: +PUB [/move_group/planning_scene_monitor/parameter_descriptions] /move_group http://ip-172-31-19-100:57336/
[rosmaster.master][INFO] 2017-06-10 15:17:03,320: +PUB [/move_group/planning_scene_monitor/parameter_updates] /move_group http://ip-172-31-19-100:57336/
[rosmaster.master][INFO] 2017-06-10 15:17:03,331: +PARAM [/move_group/planning_scene_monitor/publish_planning_scene] by /move_group
[rosmaster.master][INFO] 2017-06-10 15:17:03,335: +PARAM [/move_group/planning_scene_monitor/publish_planning_scene_hz] by /move_group
[rosmaster.master][INFO] 2017-06-10 15:17:03,339: +PARAM [/move_group/planning_scene_monitor/publish_geometry_updates] by /move_group
[rosmaster.master][INFO] 2017-06-10 15:17:03,344: +PARAM [/move_group/planning_scene_monitor/publish_state_updates] by /move_group
[rosmaster.master][INFO] 2017-06-10 15:17:03,348: +PARAM [/move_group/planning_scene_monitor/publish_transforms_updates] by /move_group
[rosmaster.master][INFO] 2017-06-10 15:17:03,354: +PUB [/move_group/monitored_planning_scene] /move_group http://ip-172-31-19-100:57336/
[rosmaster.master][INFO] 2017-06-10 15:17:03,359: +PARAM [/move_group/planning_scene_monitor/publish_planning_scene] by /move_group
[rosmaster.master][INFO] 2017-06-10 15:17:03,364: +PARAM [/move_group/planning_scene_monitor/publish_planning_scene_hz] by /move_group
[rosmaster.master][INFO] 2017-06-10 15:17:03,369: +PARAM [/move_group/planning_scene_monitor/publish_geometry_updates] by /move_group
[rosmaster.master][INFO] 2017-06-10 15:17:03,374: +PARAM [/move_group/planning_scene_monitor/publish_state_updates] by /move_group
[rosmaster.master][INFO] 2017-06-10 15:17:03,383: +PARAM [/move_group/planning_scene_monitor/publish_transforms_updates] by /move_group
[rosmaster.master][INFO] 2017-06-10 15:17:03,393: +SUB [/planning_scene] /move_group http://ip-172-31-19-100:57336/
[rosmaster.master][INFO] 2017-06-10 15:17:03,402: +SUB [/collision_object] /move_group http://ip-172-31-19-100:57336/
[rosmaster.master][INFO] 2017-06-10 15:17:03,411: +SUB [/planning_scene_world] /move_group http://ip-172-31-19-100:57336/
[rosmaster.master][INFO] 2017-06-10 15:17:03,418: +SERVICE [/move_group/save_map] /move_group http://ip-172-31-19-100:57336/
[rosmaster.master][INFO] 2017-06-10 15:17:03,424: +SERVICE [/move_group/load_map] /move_group http://ip-172-31-19-100:57336/
[rosmaster.master][INFO] 2017-06-10 15:17:03,435: +SUB [/joint_states] /move_group http://ip-172-31-19-100:57336/
[rosmaster.master][INFO] 2017-06-10 15:17:03,445: +SUB [/attached_collision_object] /move_group http://ip-172-31-19-100:57336/
[rosmaster.master][INFO] 2017-06-10 15:17:03,461: +PUB [/rosout] /marker_control_28718_1497133023293 http://ip-172-31-19-100:48349/
[rosmaster.master][INFO] 2017-06-10 15:17:03,465: publisherUpdate[/rosout] -> http://ip-172-31-19-100:39457/
[rosmaster.master][INFO] 2017-06-10 15:17:03,475: +SERVICE [/marker_control_28718_1497133023293/get_loggers] /marker_control_28718_1497133023293 http://ip-172-31-19-100:48349/
[rosmaster.master][INFO] 2017-06-10 15:17:03,479: +SERVICE [/marker_control_28718_1497133023293/set_logger_level] /marker_control_28718_1497133023293 http://ip-172-31-19-100:48349/
[rosmaster.master][INFO] 2017-06-10 15:17:03,490: +PUB [/planning_scene] /move_group_commander_wrappers_1497133023260440838 http://ip-172-31-19-100:40734/
[rosmaster.master][INFO] 2017-06-10 15:17:03,497: +PUB [/collision_object] /marker_control_28718_1497133023293 http://ip-172-31-19-100:48349/
[rosmaster.master][INFO] 2017-06-10 15:17:03,502: +PUB [/attached_collision_object] /marker_control_28718_1497133023293 http://ip-172-31-19-100:48349/
[rosmaster.master][INFO] 2017-06-10 15:17:03,506: +PUB [/visualization_marker_array] /marker_control_28718_1497133023293 http://ip-172-31-19-100:48349/
[rosmaster.master][INFO] 2017-06-10 15:17:03,511: +PUB [/motion_planning_goal] /marker_control_28718_1497133023293 http://ip-172-31-19-100:48349/
[rosmaster.master][INFO] 2017-06-10 15:17:03,517: +SUB [/joint_trajectory] /marker_control_28718_1497133023293 http://ip-172-31-19-100:48349/
[rosmaster.master][INFO] 2017-06-10 15:17:03,524: +PUB [/control_markers/update_full] /marker_control_28718_1497133023293 http://ip-172-31-19-100:48349/
[rosmaster.master][INFO] 2017-06-10 15:17:03,530: +PUB [/control_markers/update] /marker_control_28718_1497133023293 http://ip-172-31-19-100:48349/
[rosmaster.master][INFO] 2017-06-10 15:17:03,535: +SUB [/control_markers/feedback] /marker_control_28718_1497133023293 http://ip-172-31-19-100:48349/
[rosmaster.master][INFO] 2017-06-10 15:17:03,560: +SERVICE [/move_group/ompl/set_parameters] /move_group http://ip-172-31-19-100:57336/
[rosmaster.master][INFO] 2017-06-10 15:17:03,565: +PUB [/move_group/ompl/parameter_descriptions] /move_group http://ip-172-31-19-100:57336/
[rosmaster.master][INFO] 2017-06-10 15:17:03,569: +PUB [/move_group/ompl/parameter_updates] /move_group http://ip-172-31-19-100:57336/
[rosmaster.master][INFO] 2017-06-10 15:17:03,571: publisherUpdate[/planning_scene] -> http://ip-172-31-19-100:57336/
[rosmaster.master][INFO] 2017-06-10 15:17:03,577: publisherUpdate[/control_markers/update] -> http://ip-172-31-19-100:58700/
[rosmaster.master][INFO] 2017-06-10 15:17:03,580: publisherUpdate[/collision_object] -> http://ip-172-31-19-100:57336/
[rosmaster.master][INFO] 2017-06-10 15:17:03,580: +PARAM [/move_group/ompl/simplify_solutions] by /move_group
[rosmaster.master][INFO] 2017-06-10 15:17:03,586: publisherUpdate[/attached_collision_object] -> http://ip-172-31-19-100:57336/
[rosmaster.master][INFO] 2017-06-10 15:17:03,590: +PARAM [/move_group/ompl/minimum_waypoint_count] by /move_group
[rosmaster.master][INFO] 2017-06-10 15:17:03,599: +PARAM [/move_group/ompl/maximum_waypoint_distance] by /move_group
[rosmaster.master][INFO] 2017-06-10 15:17:03,604: +PARAM [/move_group/ompl/link_for_exploration_tree] by /move_group
[rosmaster.master][INFO] 2017-06-10 15:17:03,608: +PARAM [/move_group/ompl/display_random_valid_states] by /move_group
[rosmaster.master][INFO] 2017-06-10 15:17:03,614: +PARAM [/move_group/ompl/simplify_solutions] by /move_group
[rosmaster.master][INFO] 2017-06-10 15:17:03,618: +PARAM [/move_group/ompl/minimum_waypoint_count] by /move_group
[rosmaster.master][INFO] 2017-06-10 15:17:03,623: +PARAM [/move_group/ompl/maximum_waypoint_distance] by /move_group
[rosmaster.master][INFO] 2017-06-10 15:17:03,627: +PARAM [/move_group/ompl/link_for_exploration_tree] by /move_group
[rosmaster.master][INFO] 2017-06-10 15:17:03,632: +PARAM [/move_group/ompl/display_random_valid_states] by /move_group
[rosmaster.master][INFO] 2017-06-10 15:17:03,688: +PUB [/move_group/display_planned_path] /move_group http://ip-172-31-19-100:57336/
[rosmaster.master][INFO] 2017-06-10 15:17:03,693: +PUB [/move_group/display_contacts] /move_group http://ip-172-31-19-100:57336/
[rosmaster.master][INFO] 2017-06-10 15:17:03,747: +SERVICE [/apply_planning_scene] /move_group http://ip-172-31-19-100:57336/
[rosmaster.master][INFO] 2017-06-10 15:17:03,753: +SERVICE [/clear_octomap] /move_group http://ip-172-31-19-100:57336/
[rosmaster.master][INFO] 2017-06-10 15:17:03,757: +SERVICE [/compute_cartesian_path] /move_group http://ip-172-31-19-100:57336/
[rosmaster.master][INFO] 2017-06-10 15:17:03,762: +SERVICE [/execute_kinematic_path] /move_group http://ip-172-31-19-100:57336/
[rosmaster.master][INFO] 2017-06-10 15:17:03,769: +PUB [/execute_trajectory/result] /move_group http://ip-172-31-19-100:57336/
[rosmaster.master][INFO] 2017-06-10 15:17:03,773: +PUB [/execute_trajectory/feedback] /move_group http://ip-172-31-19-100:57336/
[rosmaster.master][INFO] 2017-06-10 15:17:03,778: +PUB [/execute_trajectory/status] /move_group http://ip-172-31-19-100:57336/
[rosmaster.master][INFO] 2017-06-10 15:17:03,790: +SUB [/execute_trajectory/goal] /move_group http://ip-172-31-19-100:57336/
[rosmaster.master][INFO] 2017-06-10 15:17:03,799: +SUB [/execute_trajectory/cancel] /move_group http://ip-172-31-19-100:57336/
[rosmaster.master][INFO] 2017-06-10 15:17:03,805: +SERVICE [/get_planning_scene] /move_group http://ip-172-31-19-100:57336/
[rosmaster.master][INFO] 2017-06-10 15:17:03,810: +SERVICE [/compute_fk] /move_group http://ip-172-31-19-100:57336/
[rosmaster.master][INFO] 2017-06-10 15:17:03,814: +SERVICE [/compute_ik] /move_group http://ip-172-31-19-100:57336/
[rosmaster.master][INFO] 2017-06-10 15:17:03,820: +PUB [/move_group/result] /move_group http://ip-172-31-19-100:57336/
[rosmaster.master][INFO] 2017-06-10 15:17:03,825: +PUB [/move_group/feedback] /move_group http://ip-172-31-19-100:57336/
[rosmaster.master][INFO] 2017-06-10 15:17:03,830: +PUB [/move_group/status] /move_group http://ip-172-31-19-100:57336/
[rosmaster.master][INFO] 2017-06-10 15:17:03,841: +SUB [/move_group/goal] /move_group http://ip-172-31-19-100:57336/
[rosmaster.master][INFO] 2017-06-10 15:17:03,849: +SUB [/move_group/cancel] /move_group http://ip-172-31-19-100:57336/
[rosmaster.master][INFO] 2017-06-10 15:17:03,905: +PUB [/pickup/result] /move_group http://ip-172-31-19-100:57336/
[rosmaster.master][INFO] 2017-06-10 15:17:03,909: +PUB [/pickup/feedback] /move_group http://ip-172-31-19-100:57336/
[rosmaster.master][INFO] 2017-06-10 15:17:03,914: +PUB [/pickup/status] /move_group http://ip-172-31-19-100:57336/
[rosmaster.master][INFO] 2017-06-10 15:17:03,926: +SUB [/pickup/goal] /move_group http://ip-172-31-19-100:57336/
[rosmaster.master][INFO] 2017-06-10 15:17:03,936: +SUB [/pickup/cancel] /move_group http://ip-172-31-19-100:57336/
[rosmaster.master][INFO] 2017-06-10 15:17:03,942: +PUB [/place/result] /move_group http://ip-172-31-19-100:57336/
[rosmaster.master][INFO] 2017-06-10 15:17:03,947: +PUB [/place/feedback] /move_group http://ip-172-31-19-100:57336/
[rosmaster.master][INFO] 2017-06-10 15:17:03,952: +PUB [/place/status] /move_group http://ip-172-31-19-100:57336/
[rosmaster.master][INFO] 2017-06-10 15:17:03,965: +SUB [/place/goal] /move_group http://ip-172-31-19-100:57336/
[rosmaster.master][INFO] 2017-06-10 15:17:03,974: +SUB [/place/cancel] /move_group http://ip-172-31-19-100:57336/
[rosmaster.master][INFO] 2017-06-10 15:17:03,979: +SERVICE [/plan_kinematic_path] /move_group http://ip-172-31-19-100:57336/
[rosmaster.master][INFO] 2017-06-10 15:17:03,983: +SERVICE [/query_planner_interface] /move_group http://ip-172-31-19-100:57336/
[rosmaster.master][INFO] 2017-06-10 15:17:03,988: +SERVICE [/check_state_validity] /move_group http://ip-172-31-19-100:57336/
[rosmaster.master][INFO] 2017-06-10 15:17:04,045: +SUB [/control_markers/update_full] /interactive_marker_proxy http://ip-172-31-19-100:58700/
[rosmaster.master][INFO] 2017-06-10 15:17:04,208: -SUB [/control_markers/update_full] /interactive_marker_proxy http://ip-172-31-19-100:58700/
[rosmaster.master][INFO] 2017-06-10 15:17:06,397: +PUB [/tf2_web_republisher/goal] /rosbridge_websocket http://ip-172-31-19-100:37654/
[rosmaster.master][INFO] 2017-06-10 15:17:06,400: publisherUpdate[/tf2_web_republisher/goal] -> http://ip-172-31-19-100:33910/
[rosmaster.master][INFO] 2017-06-10 15:17:06,405: +PUB [/tf2_web_republisher/cancel] /rosbridge_websocket http://ip-172-31-19-100:37654/
[rosmaster.master][INFO] 2017-06-10 15:17:06,415: +SUB [/tf2_web_republisher/feedback] /rosbridge_websocket http://ip-172-31-19-100:37654/
[rosmaster.master][INFO] 2017-06-10 15:17:06,436: +SUB [/visualization_marker_array] /rosbridge_websocket http://ip-172-31-19-100:37654/
[rosmaster.master][INFO] 2017-06-10 15:17:06,452: +SUB [/control_markers/tunneled/update] /rosbridge_websocket http://ip-172-31-19-100:37654/
[rosmaster.master][INFO] 2017-06-10 15:17:06,473: +PUB [/control_markers/feedback] /rosbridge_websocket http://ip-172-31-19-100:37654/
[rosmaster.master][INFO] 2017-06-10 15:17:06,487: publisherUpdate[/tf2_web_republisher/cancel] -> http://ip-172-31-19-100:33910/
[rosmaster.master][INFO] 2017-06-10 15:17:06,488: publisherUpdate[/control_markers/feedback] -> http://ip-172-31-19-100:48349/
