[rospy.client][INFO] 2017-06-10 15:17:00,055: init_node, name[/rosbridge_websocket], pid[28537]
[xmlrpc][INFO] 2017-06-10 15:17:00,056: XML-RPC server binding to 0.0.0.0:0
[xmlrpc][INFO] 2017-06-10 15:17:00,068: Started XML-RPC server [http://ip-172-31-19-100:37654/]
[rospy.impl.masterslave][INFO] 2017-06-10 15:17:00,072: _ready: http://ip-172-31-19-100:37654/
[rospy.init][INFO] 2017-06-10 15:17:00,069: ROS Slave URI: [http://ip-172-31-19-100:37654/]
[xmlrpc][INFO] 2017-06-10 15:17:00,076: xml rpc node: starting XML-RPC server
[rospy.registration][INFO] 2017-06-10 15:17:00,077: Registering with master node http://localhost:38867
[rospy.init][INFO] 2017-06-10 15:17:00,180: registered with master
[rospy.rosout][INFO] 2017-06-10 15:17:00,184: initializing /rosout core topic
[rospy.rosout][INFO] 2017-06-10 15:17:00,195: connected to core topic /rosout
[rospy.simtime][INFO] 2017-06-10 15:17:00,200: /use_sim_time is not set, will not subscribe to simulated time [/clock] topic
[rosout][INFO] 2017-06-10 15:17:00,225: Rosbridge WebSocket server started on port 32896
[rospy.internal][INFO] 2017-06-10 15:17:00,435: topic[/rosout] adding connection to [/rosout], count 0
[rosout][INFO] 2017-06-10 15:17:06,268: Client connected.  1 clients total.
[rosout][INFO] 2017-06-10 15:17:06,419: [Client 0] Subscribed to /tf2_web_republisher/feedback
[rosout][INFO] 2017-06-10 15:17:06,440: [Client 0] Subscribed to /visualization_marker_array
[rospy.internal][INFO] 2017-06-10 15:17:06,455: topic[/tf2_web_republisher/feedback] adding connection to [http://ip-172-31-19-100:33910/], count 0
[rospy.internal][INFO] 2017-06-10 15:17:06,456: topic[/visualization_marker_array] adding connection to [http://ip-172-31-19-100:48349/], count 0
[rosout][INFO] 2017-06-10 15:17:06,457: [Client 0] Subscribed to /control_markers/tunneled/update
[rospy.internal][INFO] 2017-06-10 15:17:06,458: topic[/control_markers/tunneled/update] adding connection to [http://ip-172-31-19-100:58700/], count 0
[rospy.internal][INFO] 2017-06-10 15:17:06,516: topic[/control_markers/feedback] adding connection to [/marker_control_28718_1497133023293], count 0
[rospy.internal][INFO] 2017-06-10 15:17:06,602: topic[/tf2_web_republisher/goal] adding connection to [/tf2_web_republisher], count 0
[rospy.internal][INFO] 2017-06-10 15:17:06,607: topic[/tf2_web_republisher/cancel] adding connection to [/tf2_web_republisher], count 0
[rosout][INFO] 2017-06-10 15:17:06,696: [Client 0] Subscribed to /tf2_web_republisher/feedback
[rosout][INFO] 2017-06-10 15:17:06,701: [Client 0] Subscribed to /tf2_web_republisher/feedback
[rosout][INFO] 2017-06-10 15:17:06,706: [Client 0] Subscribed to /tf2_web_republisher/feedback
[rosout][INFO] 2017-06-10 15:17:06,710: [Client 0] Subscribed to /tf2_web_republisher/feedback
[rosout][INFO] 2017-06-10 15:17:06,714: [Client 0] Subscribed to /tf2_web_republisher/feedback
[rosout][INFO] 2017-06-10 15:17:06,718: [Client 0] Subscribed to /tf2_web_republisher/feedback
[rosout][INFO] 2017-06-10 15:17:06,723: [Client 0] Subscribed to /tf2_web_republisher/feedback
