[roslaunch][INFO] 2017-06-10 15:16:56,880: Checking log directory for disk usage. This may take awhile.
Press Ctrl-C to interrupt
[roslaunch][INFO] 2017-06-10 15:16:56,945: Done checking log file disk usage. Usage is <1GB.
[roslaunch][INFO] 2017-06-10 15:16:56,946: roslaunch starting with args ['roscore', '--core', '-p', '38867']
[roslaunch][INFO] 2017-06-10 15:16:56,949: roslaunch env is {'ROS_DISTRO': 'indigo', 'ASNLIB': '/home/ccc_v1_s54106__48606/asn13529_Project_5/asn13530_Project_4/asnlib', 'LIB': '/home/ccc_v1_s54106__48606/lib', 'PKG_CONFIG_PATH': '/opt/ros/indigo/lib/pkgconfig:/opt/ros/indigo/lib/x86_64-linux-gnu/pkgconfig', 'SSH_CLIENT': '172.31.7.153 35474 22', 'CPATH': '/opt/ros/indigo/include', 'LOGNAME': 'ccc_v1_w_dd4cc_18220', 'USER': 'ccc_v1_w_dd4cc_18220', 'ROS_NODE_PORT': '38867', 'HOME': '/home/ccc_v1_w_dd4cc_18220/asn13529_Project_5/asn13530_Project_4/work', 'PATH': '/opt/ros/indigo/bin:/usr/local/sbin:/usr/local/bin:/usr/sbin:/usr/bin:/sbin:/bin:/usr/games:/usr/local/games:/home/local/bin:/home/ccc_v1_s54106__48606/lib:/home/ccc_v1_s54106__48606/asn13529_Project_5/asn13530_Project_4/asnlib:/home/vlibs:.', 'CMAKE_PREFIX_PATH': '/opt/ros/indigo', 'LD_LIBRARY_PATH': '/opt/ros/indigo/lib:/opt/ros/indigo/lib/x86_64-linux-gnu:/home/ccc_v1_s54106__48606/lib:/home/ccc_v1_s54106__48606/asn13529_Project_5/asn13530_Project_4/asnlib:/home/vlibs', 'LANG': 'en_US.UTF-8', 'TERM': 'xterm-256color', 'SHELL': '/bin/bash', 'HISTFILE': '/home/ccc_v1_w_dd4cc_18220/.bash_history', 'SHLVL': '2', 'VOC_WORKAREA': '/home/ccc_v1_w_dd4cc_18220/asn13529_Project_5/asn13530_Project_4/work', 'ROS_LOG_FILENAME': '/home/ccc_v1_w_dd4cc_18220/asn13529_Project_5/asn13530_Project_4/work/.ros/log/83ffe968-4e2a-11e7-9829-06f360e4abc1/roslaunch-ip-172-31-19-100-28415.log', 'PART1': '/home/ccc_v1_s54106__48606/asn13529_Project_5/asn13530_Project_4', 'ROS_ETC_DIR': '/opt/ros/indigo/etc/ros', 'XDG_RUNTIME_DIR': '/run/user/18220', 'PYTHONPATH': '/opt/ros/indigo/lib/python2.7/dist-packages:/home/vlibs/python', 'VOC_PROXY_WRAPPER_PORT': '5100', 'VOC_XFER_TOKEN': '12954356164354243542135300593c6fc7a22908.43527757', 'ROS_ROOT': '/opt/ros/indigo/share/ros', 'OLD_HOME': '/home/ccc_v1_w_dd4cc_18220', 'VOC_PROXY_TOKEN': '93399826843542435421353001593c6fc7a95265.99473374', 'ROS_PACKAGE_PATH': '/opt/ros/indigo/share:/opt/ros/indigo/stacks', 'XDG_SESSION_ID': '322542', '_': '/usr/bin/stdbuf', 'LD_PRELOAD': '/usr/lib/coreutils/libstdbuf.so', '_STDBUF_O': 'L', 'SSH_TTY': '/dev/pts/4', 'OLDPWD': '/home/ccc_v1_w_dd4cc_18220', 'ROSLISP_PACKAGE_DIRECTORIES': '', 'VLIB': '/home/vlibs', 'PWD': '/home/ccc_v1_w_dd4cc_18220/asn13529_Project_5/asn13530_Project_4/work', 'VOC_PROXY_ID': '43542_43542_13530_0_1', 'ROS_MASTER_URI': 'http://localhost:38867', 'MAIL': '/var/mail/ccc_v1_w_dd4cc_18220', 'SSH_CONNECTION': '172.31.7.153 35474 172.31.19.100 22'}
[roslaunch][INFO] 2017-06-10 15:16:56,953: starting in server mode
[roslaunch.parent][INFO] 2017-06-10 15:16:56,956: starting roslaunch parent run
[roslaunch][INFO] 2017-06-10 15:16:56,960: loading roscore config file /opt/ros/indigo/etc/ros/roscore.xml
[roslaunch][INFO] 2017-06-10 15:16:57,091: Added core node of type [rosout/rosout] in namespace [/]
[roslaunch.pmon][INFO] 2017-06-10 15:16:57,092: start_process_monitor: creating ProcessMonitor
[roslaunch.pmon][INFO] 2017-06-10 15:16:57,095: created process monitor <ProcessMonitor(ProcessMonitor-1, initial daemon)>
[roslaunch.pmon][INFO] 2017-06-10 15:16:57,099: start_process_monitor: ProcessMonitor started
[roslaunch.parent][INFO] 2017-06-10 15:16:57,103: starting parent XML-RPC server
[roslaunch.server][INFO] 2017-06-10 15:16:57,106: starting roslaunch XML-RPC server
[roslaunch.server][INFO] 2017-06-10 15:16:57,109: waiting for roslaunch XML-RPC server to initialize
[xmlrpc][INFO] 2017-06-10 15:16:57,110: XML-RPC server binding to 0.0.0.0:0
[xmlrpc][INFO] 2017-06-10 15:16:57,116: Started XML-RPC server [http://ip-172-31-19-100:33286/]
[xmlrpc][INFO] 2017-06-10 15:16:57,120: xml rpc node: starting XML-RPC server
[roslaunch][INFO] 2017-06-10 15:16:57,130: started roslaunch server http://ip-172-31-19-100:33286/
[roslaunch.parent][INFO] 2017-06-10 15:16:57,133: ... parent XML-RPC server started
[roslaunch][INFO] 2017-06-10 15:16:57,137: master.is_running[http://ip-172-31-19-100:38867/]
[roslaunch][INFO] 2017-06-10 15:16:57,142: auto-starting new master
[roslaunch][INFO] 2017-06-10 15:16:57,146: create_master_process: rosmaster, /opt/ros/indigo/share/ros, 38867, 3, None
[roslaunch][INFO] 2017-06-10 15:16:57,149: process[master]: launching with args [['rosmaster', '--core', '-p', '38867', '-w', '3']]
[roslaunch.pmon][INFO] 2017-06-10 15:16:57,153: ProcessMonitor.register[master]
[roslaunch.pmon][INFO] 2017-06-10 15:16:57,156: ProcessMonitor.register[master] complete
[roslaunch][INFO] 2017-06-10 15:16:57,159: process[master]: starting os process
[roslaunch][INFO] 2017-06-10 15:16:57,164: process[master]: start w/ args [['rosmaster', '--core', '-p', '38867', '-w', '3', '__log:=/home/ccc_v1_w_dd4cc_18220/asn13529_Project_5/asn13530_Project_4/work/.ros/log/83ffe968-4e2a-11e7-9829-06f360e4abc1/master.log']]
[roslaunch][INFO] 2017-06-10 15:16:57,167: process[master]: cwd will be [/home/ccc_v1_w_dd4cc_18220/asn13529_Project_5/asn13530_Project_4/work/.ros]
[roslaunch][INFO] 2017-06-10 15:16:57,175: process[master]: started with pid [28430]
[roslaunch][INFO] 2017-06-10 15:16:57,176: master.is_running[http://ip-172-31-19-100:38867/]
[roslaunch][INFO] 2017-06-10 15:16:57,284: master.is_running[http://ip-172-31-19-100:38867/]
[roslaunch][INFO] 2017-06-10 15:16:57,391: master.is_running[http://ip-172-31-19-100:38867/]
[roslaunch][INFO] 2017-06-10 15:16:57,398: master.is_running[http://ip-172-31-19-100:38867/]
[roslaunch][INFO] 2017-06-10 15:16:57,402: ROS_MASTER_URI=http://ip-172-31-19-100:38867/
[roslaunch][INFO] 2017-06-10 15:16:57,407: setting /run_id to 83ffe968-4e2a-11e7-9829-06f360e4abc1
[roslaunch][INFO] 2017-06-10 15:16:57,415: setting /roslaunch/uris/host_ip_172_31_19_100__33286' to http://ip-172-31-19-100:33286/
[roslaunch][INFO] 2017-06-10 15:16:57,425: ... preparing to launch node of type [rosout/rosout]
[roslaunch][INFO] 2017-06-10 15:16:57,429: create_node_process: package[rosout] type[rosout] machine[Machine(name[] env_loader[None] address[localhost] ssh_port[22] user[None] assignable[True] timeout[10.0])] master_uri[http://ip-172-31-19-100:38867/]
[roslaunch][INFO] 2017-06-10 15:16:57,432: process[rosout-1]: env[{'ROS_DISTRO': 'indigo', 'ASNLIB': '/home/ccc_v1_s54106__48606/asn13529_Project_5/asn13530_Project_4/asnlib', 'LIB': '/home/ccc_v1_s54106__48606/lib', 'VOC_PROXY_TOKEN': '93399826843542435421353001593c6fc7a95265.99473374', 'SSH_CLIENT': '172.31.7.153 35474 22', 'CPATH': '/opt/ros/indigo/include', 'LOGNAME': 'ccc_v1_w_dd4cc_18220', 'USER': 'ccc_v1_w_dd4cc_18220', 'ROS_NODE_PORT': '38867', 'HOME': '/home/ccc_v1_w_dd4cc_18220/asn13529_Project_5/asn13530_Project_4/work', 'PATH': '/opt/ros/indigo/bin:/usr/local/sbin:/usr/local/bin:/usr/sbin:/usr/bin:/sbin:/bin:/usr/games:/usr/local/games:/home/local/bin:/home/ccc_v1_s54106__48606/lib:/home/ccc_v1_s54106__48606/asn13529_Project_5/asn13530_Project_4/asnlib:/home/vlibs:.', 'CMAKE_PREFIX_PATH': '/opt/ros/indigo', 'ROS_LOG_FILENAME': '/home/ccc_v1_w_dd4cc_18220/asn13529_Project_5/asn13530_Project_4/work/.ros/log/83ffe968-4e2a-11e7-9829-06f360e4abc1/roslaunch-ip-172-31-19-100-28415.log', 'LANG': 'en_US.UTF-8', 'TERM': 'xterm-256color', 'SHELL': '/bin/bash', 'HISTFILE': '/home/ccc_v1_w_dd4cc_18220/.bash_history', 'SHLVL': '2', 'VOC_WORKAREA': '/home/ccc_v1_w_dd4cc_18220/asn13529_Project_5/asn13530_Project_4/work', 'LD_LIBRARY_PATH': '/opt/ros/indigo/lib:/opt/ros/indigo/lib/x86_64-linux-gnu:/home/ccc_v1_s54106__48606/lib:/home/ccc_v1_s54106__48606/asn13529_Project_5/asn13530_Project_4/asnlib:/home/vlibs', 'PART1': '/home/ccc_v1_s54106__48606/asn13529_Project_5/asn13530_Project_4', 'ROS_MASTER_URI': 'http://ip-172-31-19-100:38867/', 'XDG_RUNTIME_DIR': '/run/user/18220', 'PYTHONPATH': '/opt/ros/indigo/lib/python2.7/dist-packages:/home/vlibs/python', 'VOC_PROXY_WRAPPER_PORT': '5100', 'VOC_XFER_TOKEN': '12954356164354243542135300593c6fc7a22908.43527757', 'ROS_ROOT': '/opt/ros/indigo/share/ros', 'OLD_HOME': '/home/ccc_v1_w_dd4cc_18220', 'PKG_CONFIG_PATH': '/opt/ros/indigo/lib/pkgconfig:/opt/ros/indigo/lib/x86_64-linux-gnu/pkgconfig', 'ROS_PACKAGE_PATH': '/opt/ros/indigo/share:/opt/ros/indigo/stacks', 'XDG_SESSION_ID': '322542', '_': '/usr/bin/stdbuf', 'LD_PRELOAD': '/usr/lib/coreutils/libstdbuf.so', '_STDBUF_O': 'L', 'SSH_TTY': '/dev/pts/4', 'OLDPWD': '/home/ccc_v1_w_dd4cc_18220', 'ROSLISP_PACKAGE_DIRECTORIES': '', 'VLIB': '/home/vlibs', 'PWD': '/home/ccc_v1_w_dd4cc_18220/asn13529_Project_5/asn13530_Project_4/work', 'VOC_PROXY_ID': '43542_43542_13530_0_1', 'ROS_ETC_DIR': '/opt/ros/indigo/etc/ros', 'MAIL': '/var/mail/ccc_v1_w_dd4cc_18220', 'SSH_CONNECTION': '172.31.7.153 35474 172.31.19.100 22'}]
[roslaunch][INFO] 2017-06-10 15:16:57,465: process[rosout-1]: args[[u'/opt/ros/indigo/lib/rosout/rosout', u'__name:=rosout']]
[roslaunch][INFO] 2017-06-10 15:16:57,469: ... created process [rosout-1]
[roslaunch.pmon][INFO] 2017-06-10 15:16:57,473: ProcessMonitor.register[rosout-1]
[roslaunch.pmon][INFO] 2017-06-10 15:16:57,476: ProcessMonitor.register[rosout-1] complete
[roslaunch][INFO] 2017-06-10 15:16:57,479: ... registered process [rosout-1]
[roslaunch][INFO] 2017-06-10 15:16:57,483: process[rosout-1]: starting os process
[roslaunch][INFO] 2017-06-10 15:16:57,488: process[rosout-1]: start w/ args [[u'/opt/ros/indigo/lib/rosout/rosout', u'__name:=rosout', u'__log:=/home/ccc_v1_w_dd4cc_18220/asn13529_Project_5/asn13530_Project_4/work/.ros/log/83ffe968-4e2a-11e7-9829-06f360e4abc1/rosout-1.log']]
[roslaunch][INFO] 2017-06-10 15:16:57,492: process[rosout-1]: cwd will be [/home/ccc_v1_w_dd4cc_18220/asn13529_Project_5/asn13530_Project_4/work/.ros]
[roslaunch][INFO] 2017-06-10 15:16:57,507: process[rosout-1]: started with pid [28443]
[roslaunch][INFO] 2017-06-10 15:16:57,508: ... successfully launched [rosout-1]
[roslaunch][INFO] 2017-06-10 15:16:57,512: load_parameters starting ...
[roslaunch][INFO] 2017-06-10 15:16:57,525: ... load_parameters complete
[roslaunch][INFO] 2017-06-10 15:16:57,528: launch_nodes: launching local nodes ...
[roslaunch][INFO] 2017-06-10 15:16:57,532: ... launch_nodes complete
[roslaunch.pmon][INFO] 2017-06-10 15:16:57,535: registrations completed <ProcessMonitor(ProcessMonitor-1, started daemon 140699390314240)>
[roslaunch.parent][INFO] 2017-06-10 15:16:57,539: ... roslaunch parent running, waiting for process exit
[roslaunch][INFO] 2017-06-10 15:16:57,542: spin
