

1497133017.562964466  Node Startup
1497133020.049096036 INFO [/tmp/binarydeb/ros-indigo-interactive-marker-proxy-0.1.2/src/proxy.cpp:143(statusCb) [topics: /rosout] (INFO) General: Waiting for messages.
1497133020.178219079 INFO [rosapi_node:184(<module>) [topics: /rosout] Rosapi started
1497133020.225605010 INFO [rosbridge_websocket:141(<module>) [topics: /rosout] Rosbridge WebSocket server started on port 32896
1497133022.830745091 INFO [/home/ccc_v1_w_dd4cc_18220/asn13529_Project_5/asn13530_Project_4/work/catkin_ws/src/robot_sim/src/robot_sim_bringup.cpp:100(main) [topics: /rosout, /joint_states] Simulated robot spinning
1497133022.830569189 WARN [/tmp/binarydeb/ros-indigo-kdl-parser-1.11.11/src/kdl_parser.cpp:196(treeFromUrdfModel) [topics: /rosout] The root link world_link has an inertia specified in the URDF, but KDL does not support a root link with an inertia.  As a workaround, you can add an extra dummy link to your URDF.
1497133023.165652691 WARN [/tmp/binarydeb/ros-indigo-moveit-core-0.7.9/robot_model/src/robot_model.cpp:634() [topics: /rosout] Could not identify parent group for end-effector 'end_effector'
1497133023.288647320 INFO [/tmp/binarydeb/ros-indigo-moveit-core-0.7.9/robot_model/src/robot_model.cpp:89() [topics: /rosout] Loading robot model 'lwr'...
1497133023.288701437 INFO [/tmp/binarydeb/ros-indigo-moveit-core-0.7.9/robot_model/src/robot_model.cpp:932() [topics: /rosout] No root/virtual joint specified in SRDF. Assuming fixed joint
1497133023.289345261 WARN [/tmp/binarydeb/ros-indigo-moveit-core-0.7.9/robot_model/src/robot_model.cpp:634() [topics: /rosout] Could not identify parent group for end-effector 'end_effector'
1497133023.289459526 WARN [/tmp/binarydeb/ros-indigo-kdl-parser-1.11.11/src/kdl_parser.cpp:196(treeFromUrdfModel) [topics: /rosout] The root link world_link has an inertia specified in the URDF, but KDL does not support a root link with an inertia.  As a workaround, you can add an extra dummy link to your URDF.
1497133023.358379390 INFO [/tmp/binarydeb/ros-indigo-moveit-ros-planning-0.7.9/planning_scene_monitor/src/planning_scene_monitor.cpp:318(PlanningSceneMonitor::startPublishingPlanningScene) [topics: /rosout, /move_group/planning_scene_monitor/parameter_descriptions, /move_group/planning_scene_monitor/parameter_updates, /move_group/monitored_planning_scene] Publishing maintained planning scene on 'monitored_planning_scene'
1497133023.387383843 INFO [/tmp/binarydeb/ros-indigo-moveit-ros-move-group-0.7.9/src/move_group.cpp:193(main) [topics: /rosout, /move_group/planning_scene_monitor/parameter_descriptions, /move_group/planning_scene_monitor/parameter_updates, /move_group/monitored_planning_scene] MoveGroup debug mode is OFF
1497133023.387456062 INFO [/tmp/binarydeb/ros-indigo-moveit-ros-planning-0.7.9/planning_scene_monitor/src/planning_scene_monitor.cpp:885(PlanningSceneMonitor::startSceneMonitor) [topics: /rosout, /move_group/planning_scene_monitor/parameter_descriptions, /move_group/planning_scene_monitor/parameter_updates, /move_group/monitored_planning_scene] Starting scene monitor
1497133023.397633544 INFO [/tmp/binarydeb/ros-indigo-moveit-ros-planning-0.7.9/planning_scene_monitor/src/planning_scene_monitor.cpp:891(PlanningSceneMonitor::startSceneMonitor) [topics: /rosout, /move_group/planning_scene_monitor/parameter_descriptions, /move_group/planning_scene_monitor/parameter_updates, /move_group/monitored_planning_scene] Listening to '/planning_scene'
1497133023.397682269 INFO [/tmp/binarydeb/ros-indigo-moveit-ros-planning-0.7.9/planning_scene_monitor/src/planning_scene_monitor.cpp:962(PlanningSceneMonitor::startWorldGeometryMonitor) [topics: /rosout, /move_group/planning_scene_monitor/parameter_descriptions, /move_group/planning_scene_monitor/parameter_updates, /move_group/monitored_planning_scene] Starting world geometry monitor
1497133023.406463073 INFO [/tmp/binarydeb/ros-indigo-moveit-ros-planning-0.7.9/planning_scene_monitor/src/planning_scene_monitor.cpp:978(PlanningSceneMonitor::startWorldGeometryMonitor) [topics: /rosout, /move_group/planning_scene_monitor/parameter_descriptions, /move_group/planning_scene_monitor/parameter_updates, /move_group/monitored_planning_scene] Listening to '/collision_object' using message notifier with target frame '/world_link '
1497133023.414923912 INFO [/tmp/binarydeb/ros-indigo-moveit-ros-planning-0.7.9/planning_scene_monitor/src/planning_scene_monitor.cpp:993(PlanningSceneMonitor::startWorldGeometryMonitor) [topics: /rosout, /move_group/planning_scene_monitor/parameter_descriptions, /move_group/planning_scene_monitor/parameter_updates, /move_group/monitored_planning_scene] Listening to '/planning_scene_world' for planning scene world geometry
1497133023.415892330 WARN [/tmp/binarydeb/ros-indigo-moveit-ros-perception-0.7.9/occupancy_map_monitor/src/occupancy_map_monitor.cpp:73(OccupancyMapMonitor::initialize) [topics: /rosout, /move_group/planning_scene_monitor/parameter_descriptions, /move_group/planning_scene_monitor/parameter_updates, /move_group/monitored_planning_scene] Resolution not specified for Octomap. Assuming resolution = 0.1 instead
1497133023.449281462 INFO [/tmp/binarydeb/ros-indigo-moveit-ros-planning-0.7.9/planning_scene_monitor/src/planning_scene_monitor.cpp:1055(PlanningSceneMonitor::startStateMonitor) [topics: /rosout, /move_group/planning_scene_monitor/parameter_descriptions, /move_group/planning_scene_monitor/parameter_updates, /move_group/monitored_planning_scene] Listening to '/attached_collision_object' for attached collision objects
1497133023.538126831 INFO [/tmp/binarydeb/ros-indigo-moveit-planners-ompl-0.7.9/ompl_interface/src/ompl_interface.cpp:53(OMPLInterface::OMPLInterface) [topics: /rosout, /move_group/planning_scene_monitor/parameter_descriptions, /move_group/planning_scene_monitor/parameter_updates, /move_group/monitored_planning_scene] Initializing OMPL interface using ROS parameters
1497133023.636886945 INFO [/tmp/binarydeb/ros-indigo-moveit-ros-planning-0.7.9/planning_pipeline/src/planning_pipeline.cpp:119(PlanningPipeline::configure) [topics: /rosout, /move_group/planning_scene_monitor/parameter_descriptions, /move_group/planning_scene_monitor/parameter_updates, /move_group/monitored_planning_scene, /move_group/ompl/parameter_descriptions, /move_group/ompl/parameter_updates] Using planning interface 'OMPL'
1497133023.682919826 INFO [/tmp/binarydeb/ros-indigo-moveit-ros-planning-0.7.9/planning_request_adapter_plugins/src/fix_workspace_bounds.cpp:53(FixWorkspaceBounds::FixWorkspaceBounds) [topics: /rosout, /move_group/planning_scene_monitor/parameter_descriptions, /move_group/planning_scene_monitor/parameter_updates, /move_group/monitored_planning_scene, /move_group/ompl/parameter_descriptions, /move_group/ompl/parameter_updates] Param 'default_workspace_bounds' was not set. Using default value: 10
1497133023.684082328 INFO [/tmp/binarydeb/ros-indigo-moveit-ros-planning-0.7.9/planning_request_adapter_plugins/src/fix_start_state_bounds.cpp:60(FixStartStateBounds::FixStartStateBounds) [topics: /rosout, /move_group/planning_scene_monitor/parameter_descriptions, /move_group/planning_scene_monitor/parameter_updates, /move_group/monitored_planning_scene, /move_group/ompl/parameter_descriptions, /move_group/ompl/parameter_updates] Param 'start_state_max_bounds_error' was set to 0.1
1497133023.685080198 INFO [/tmp/binarydeb/ros-indigo-moveit-ros-planning-0.7.9/planning_request_adapter_plugins/src/fix_start_state_bounds.cpp:65(FixStartStateBounds::FixStartStateBounds) [topics: /rosout, /move_group/planning_scene_monitor/parameter_descriptions, /move_group/planning_scene_monitor/parameter_updates, /move_group/monitored_planning_scene, /move_group/ompl/parameter_descriptions, /move_group/ompl/parameter_updates] Param 'start_state_max_dt' was not set. Using default value: 0.5
1497133023.686107317 INFO [/tmp/binarydeb/ros-indigo-moveit-ros-planning-0.7.9/planning_request_adapter_plugins/src/fix_start_state_collision.cpp:57(FixStartStateCollision::FixStartStateCollision) [topics: /rosout, /move_group/planning_scene_monitor/parameter_descriptions, /move_group/planning_scene_monitor/parameter_updates, /move_group/monitored_planning_scene, /move_group/ompl/parameter_descriptions, /move_group/ompl/parameter_updates] Param 'start_state_max_dt' was not set. Using default value: 0.5
1497133023.686954253 INFO [/tmp/binarydeb/ros-indigo-moveit-ros-planning-0.7.9/planning_request_adapter_plugins/src/fix_start_state_collision.cpp:68(FixStartStateCollision::FixStartStateCollision) [topics: /rosout, /move_group/planning_scene_monitor/parameter_descriptions, /move_group/planning_scene_monitor/parameter_updates, /move_group/monitored_planning_scene, /move_group/ompl/parameter_descriptions, /move_group/ompl/parameter_updates] Param 'jiggle_fraction' was set to 0.05
1497133023.687886024 INFO [/tmp/binarydeb/ros-indigo-moveit-ros-planning-0.7.9/planning_request_adapter_plugins/src/fix_start_state_collision.cpp:73(FixStartStateCollision::FixStartStateCollision) [topics: /rosout, /move_group/planning_scene_monitor/parameter_descriptions, /move_group/planning_scene_monitor/parameter_updates, /move_group/monitored_planning_scene, /move_group/ompl/parameter_descriptions, /move_group/ompl/parameter_updates] Param 'max_sampling_attempts' was not set. Using default value: 100
1497133023.687954236 INFO [/tmp/binarydeb/ros-indigo-moveit-ros-planning-0.7.9/planning_pipeline/src/planning_pipeline.cpp:163(PlanningPipeline::configure) [topics: /rosout, /move_group/planning_scene_monitor/parameter_descriptions, /move_group/planning_scene_monitor/parameter_updates, /move_group/monitored_planning_scene, /move_group/ompl/parameter_descriptions, /move_group/ompl/parameter_updates] Using planning request adapter 'Add Time Parameterization'
1497133023.687981016 INFO [/tmp/binarydeb/ros-indigo-moveit-ros-planning-0.7.9/planning_pipeline/src/planning_pipeline.cpp:163(PlanningPipeline::configure) [topics: /rosout, /move_group/planning_scene_monitor/parameter_descriptions, /move_group/planning_scene_monitor/parameter_updates, /move_group/monitored_planning_scene, /move_group/ompl/parameter_descriptions, /move_group/ompl/parameter_updates] Using planning request adapter 'Fix Workspace Bounds'
1497133023.687992313 INFO [/tmp/binarydeb/ros-indigo-moveit-ros-planning-0.7.9/planning_pipeline/src/planning_pipeline.cpp:163(PlanningPipeline::configure) [topics: /rosout, /move_group/planning_scene_monitor/parameter_descriptions, /move_group/planning_scene_monitor/parameter_updates, /move_group/monitored_planning_scene, /move_group/ompl/parameter_descriptions, /move_group/ompl/parameter_updates] Using planning request adapter 'Fix Start State Bounds'
1497133023.688010674 INFO [/tmp/binarydeb/ros-indigo-moveit-ros-planning-0.7.9/planning_pipeline/src/planning_pipeline.cpp:163(PlanningPipeline::configure) [topics: /rosout, /move_group/planning_scene_monitor/parameter_descriptions, /move_group/planning_scene_monitor/parameter_updates, /move_group/monitored_planning_scene, /move_group/ompl/parameter_descriptions, /move_group/ompl/parameter_updates] Using planning request adapter 'Fix Start State In Collision'
1497133023.688020242 INFO [/tmp/binarydeb/ros-indigo-moveit-ros-planning-0.7.9/planning_pipeline/src/planning_pipeline.cpp:163(PlanningPipeline::configure) [topics: /rosout, /move_group/planning_scene_monitor/parameter_descriptions, /move_group/planning_scene_monitor/parameter_updates, /move_group/monitored_planning_scene, /move_group/ompl/parameter_descriptions, /move_group/ompl/parameter_updates] Using planning request adapter 'Fix Start State Path Constraints'
1497133023.992226645 INFO [/tmp/binarydeb/ros-indigo-moveit-ros-move-group-0.7.9/src/move_group.cpp:159(MoveGroupExe::configureCapabilities) [topics: /rosout, /move_group/planning_scene_monitor/parameter_descriptions, /move_group/planning_scene_monitor/parameter_updates, /move_group/monitored_planning_scene, /move_group/ompl/parameter_descriptions, /move_group/ompl/parameter_updates, /move_group/display_planned_path, /move_group/display_contacts, /execute_trajectory/result, /execute_trajectory/feedback, /execute_trajectory/status, /move_group/result, /move_group/feedback, /move_group/status, /pickup/result, /pickup/feedback, /pickup/status, /place/result, /place/feedback, /place/status] 

********************************************************
* MoveGroup using: 
*     - ApplyPlanningSceneService
*     - ClearOctomapService
*     - CartesianPathService
*     - ExecuteTrajectoryService
*     - ExecuteTrajectoryAction
*     - GetPlanningSceneService
*     - KinematicsService
*     - MoveAction
*     - PickPlaceAction
*     - MotionPlanService
*     - QueryPlannersService
*     - StateValidationService
********************************************************

1497133023.992293842 INFO [/tmp/binarydeb/ros-indigo-moveit-ros-move-group-0.7.9/src/move_group_context.cpp:84(MoveGroupContext::status) [topics: /rosout, /move_group/planning_scene_monitor/parameter_descriptions, /move_group/planning_scene_monitor/parameter_updates, /move_group/monitored_planning_scene, /move_group/ompl/parameter_descriptions, /move_group/ompl/parameter_updates, /move_group/display_planned_path, /move_group/display_contacts, /execute_trajectory/result, /execute_trajectory/feedback, /execute_trajectory/status, /move_group/result, /move_group/feedback, /move_group/status, /pickup/result, /pickup/feedback, /pickup/status, /place/result, /place/feedback, /place/status] MoveGroup context using planning plugin ompl_interface/OMPLPlanner
1497133023.992320595 INFO [/tmp/binarydeb/ros-indigo-moveit-ros-move-group-0.7.9/src/move_group_context.cpp:85(MoveGroupContext::status) [topics: /rosout, /move_group/planning_scene_monitor/parameter_descriptions, /move_group/planning_scene_monitor/parameter_updates, /move_group/monitored_planning_scene, /move_group/ompl/parameter_descriptions, /move_group/ompl/parameter_updates, /move_group/display_planned_path, /move_group/display_contacts, /execute_trajectory/result, /execute_trajectory/feedback, /execute_trajectory/status, /move_group/result, /move_group/feedback, /move_group/status, /pickup/result, /pickup/feedback, /pickup/status, /place/result, /place/feedback, /place/status] MoveGroup context initialization complete
1497133024.040685278 INFO [/tmp/binarydeb/ros-indigo-interactive-marker-proxy-0.1.2/src/proxy.cpp:143(statusCb) [topics: /rosout, /control_markers/tunneled/update] (INFO) General: Receiving messages.
1497133024.040742478 INFO [/tmp/binarydeb/ros-indigo-interactive-marker-proxy-0.1.2/src/proxy.cpp:143(statusCb) [topics: /rosout, /control_markers/tunneled/update] (INFO) /marker_control_28718_1497133023293: Waiting for init message.
1497133024.191015143 INFO [/tmp/binarydeb/ros-indigo-interactive-marker-proxy-0.1.2/src/proxy.cpp:143(statusCb) [topics: /rosout, /control_markers/tunneled/update] (INFO) /marker_control_28718_1497133023293: Init message received.
1497133024.207215621 INFO [/tmp/binarydeb/ros-indigo-interactive-marker-proxy-0.1.2/src/proxy.cpp:143(statusCb) [topics: /rosout, /control_markers/tunneled/update] (INFO) /marker_control_28718_1497133023293: Receiving updates.
1497133026.268413066 INFO [websocket_handler.py:74(open) [topics: /rosout] Client connected.  1 clients total.
1497133026.419230937 INFO [protocol.py:367(log) [topics: /tf2_web_republisher/cancel, /tf2_web_republisher/goal, /rosout, /tf2_web_republisher/feedback] [Client 0] Subscribed to /tf2_web_republisher/feedback
1497133026.441495895 INFO [protocol.py:367(log) [topics: /tf2_web_republisher/cancel, /tf2_web_republisher/goal, /visualization_marker_array, /rosout, /tf2_web_republisher/feedback] [Client 0] Subscribed to /visualization_marker_array
1497133026.457282066 INFO [protocol.py:367(log) [topics: /visualization_marker_array, /tf2_web_republisher/feedback, /rosout, /control_markers/tunneled/update, /tf2_web_republisher/cancel, /tf2_web_republisher/goal] [Client 0] Subscribed to /control_markers/tunneled/update
1497133026.483291608 INFO [/tmp/binarydeb/ros-indigo-interactive-marker-proxy-0.1.2/src/proxy.cpp:89(getInit) [topics: /rosout, /control_markers/tunneled/update] Init requested.
1497133026.696301937 INFO [protocol.py:367(log) [topics: /control_markers/feedback, /visualization_marker_array, /tf2_web_republisher/feedback, /rosout, /control_markers/tunneled/update, /tf2_web_republisher/cancel, /tf2_web_republisher/goal] [Client 0] Subscribed to /tf2_web_republisher/feedback
1497133026.701472997 INFO [protocol.py:367(log) [topics: /control_markers/feedback, /visualization_marker_array, /tf2_web_republisher/feedback, /rosout, /control_markers/tunneled/update, /tf2_web_republisher/cancel, /tf2_web_republisher/goal] [Client 0] Subscribed to /tf2_web_republisher/feedback
1497133026.706568956 INFO [protocol.py:367(log) [topics: /control_markers/feedback, /visualization_marker_array, /tf2_web_republisher/feedback, /rosout, /control_markers/tunneled/update, /tf2_web_republisher/cancel, /tf2_web_republisher/goal] [Client 0] Subscribed to /tf2_web_republisher/feedback
1497133026.710691928 INFO [protocol.py:367(log) [topics: /control_markers/feedback, /visualization_marker_array, /tf2_web_republisher/feedback, /rosout, /control_markers/tunneled/update, /tf2_web_republisher/cancel, /tf2_web_republisher/goal] [Client 0] Subscribed to /tf2_web_republisher/feedback
1497133026.714808940 INFO [protocol.py:367(log) [topics: /control_markers/feedback, /visualization_marker_array, /tf2_web_republisher/feedback, /rosout, /control_markers/tunneled/update, /tf2_web_republisher/cancel, /tf2_web_republisher/goal] [Client 0] Subscribed to /tf2_web_republisher/feedback
1497133026.718913078 INFO [protocol.py:367(log) [topics: /control_markers/feedback, /visualization_marker_array, /tf2_web_republisher/feedback, /rosout, /control_markers/tunneled/update, /tf2_web_republisher/cancel, /tf2_web_republisher/goal] [Client 0] Subscribed to /tf2_web_republisher/feedback
1497133026.723184108 INFO [protocol.py:367(log) [topics: /control_markers/feedback, /visualization_marker_array, /tf2_web_republisher/feedback, /rosout, /control_markers/tunneled/update, /tf2_web_republisher/cancel, /tf2_web_republisher/goal] [Client 0] Subscribed to /tf2_web_republisher/feedback
