[rospy.client][INFO] 2017-06-10 15:37:06,996: init_node, name[/rosbridge_websocket], pid[21415]
[xmlrpc][INFO] 2017-06-10 15:37:06,996: XML-RPC server binding to 0.0.0.0:0
[xmlrpc][INFO] 2017-06-10 15:37:07,009: Started XML-RPC server [http://ip-172-31-19-100:46369/]
[rospy.init][INFO] 2017-06-10 15:37:07,009: ROS Slave URI: [http://ip-172-31-19-100:46369/]
[rospy.impl.masterslave][INFO] 2017-06-10 15:37:07,013: _ready: http://ip-172-31-19-100:46369/
[rospy.registration][INFO] 2017-06-10 15:37:07,026: Registering with master node http://localhost:44614
[xmlrpc][INFO] 2017-06-10 15:37:07,026: xml rpc node: starting XML-RPC server
[rospy.init][INFO] 2017-06-10 15:37:07,117: registered with master
[rospy.rosout][INFO] 2017-06-10 15:37:07,120: initializing /rosout core topic
[rospy.rosout][INFO] 2017-06-10 15:37:07,131: connected to core topic /rosout
[rospy.simtime][INFO] 2017-06-10 15:37:07,137: /use_sim_time is not set, will not subscribe to simulated time [/clock] topic
[rosout][INFO] 2017-06-10 15:37:07,171: Rosbridge WebSocket server started on port 47552
[rospy.internal][INFO] 2017-06-10 15:37:07,338: topic[/rosout] adding connection to [/rosout], count 0
[rosout][INFO] 2017-06-10 15:37:25,770: Client connected.  1 clients total.
[rosout][INFO] 2017-06-10 15:37:25,932: [Client 0] Subscribed to /tf2_web_republisher/feedback
[rosout][INFO] 2017-06-10 15:37:25,954: [Client 0] Subscribed to /visualization_marker_array
[rospy.internal][INFO] 2017-06-10 15:37:25,965: topic[/visualization_marker_array] adding connection to [http://ip-172-31-19-100:33661/], count 0
[rospy.internal][INFO] 2017-06-10 15:37:25,966: topic[/tf2_web_republisher/feedback] adding connection to [http://ip-172-31-19-100:59145/], count 0
[rosout][INFO] 2017-06-10 15:37:25,976: [Client 0] Subscribed to /control_markers/tunneled/update
[rospy.internal][INFO] 2017-06-10 15:37:25,985: topic[/control_markers/tunneled/update] adding connection to [http://ip-172-31-19-100:56332/], count 0
[rospy.internal][INFO] 2017-06-10 15:37:26,047: topic[/control_markers/feedback] adding connection to [/marker_control_21633_1497134230225], count 0
[rosout][INFO] 2017-06-10 15:37:26,089: [Client 0] Subscribed to /tf2_web_republisher/feedback
[rosout][INFO] 2017-06-10 15:37:26,095: [Client 0] Subscribed to /tf2_web_republisher/feedback
[rosout][INFO] 2017-06-10 15:37:26,100: [Client 0] Subscribed to /tf2_web_republisher/feedback
[rosout][INFO] 2017-06-10 15:37:26,104: [Client 0] Subscribed to /tf2_web_republisher/feedback
[rosout][INFO] 2017-06-10 15:37:26,109: [Client 0] Subscribed to /tf2_web_republisher/feedback
[rosout][INFO] 2017-06-10 15:37:26,113: [Client 0] Subscribed to /tf2_web_republisher/feedback
[rosout][INFO] 2017-06-10 15:37:26,117: [Client 0] Subscribed to /tf2_web_republisher/feedback
[rospy.internal][INFO] 2017-06-10 15:37:26,169: topic[/tf2_web_republisher/goal] adding connection to [/tf2_web_republisher], count 0
[rospy.internal][INFO] 2017-06-10 15:37:26,173: topic[/tf2_web_republisher/cancel] adding connection to [/tf2_web_republisher], count 0
[rospy.internal][INFO] 2017-06-10 15:55:31,322: topic impl's ref count is zero, deleting topic /tf2_web_republisher/cancel...
[rospy.internal][INFO] 2017-06-10 15:55:31,323: topic[/tf2_web_republisher/cancel] removing connection to /tf2_web_republisher
[rospy.internal][INFO] 2017-06-10 15:55:31,333: topic impl's ref count is zero, deleting topic /tf2_web_republisher/goal...
[rospy.internal][INFO] 2017-06-10 15:55:31,337: topic[/tf2_web_republisher/goal] removing connection to /tf2_web_republisher
[rospy.internal][INFO] 2017-06-10 15:55:31,345: topic impl's ref count is zero, deleting topic /control_markers/feedback...
[rospy.internal][INFO] 2017-06-10 15:55:31,349: topic[/control_markers/feedback] removing connection to /marker_control_21633_1497134230225
[rospy.internal][INFO] 2017-06-10 15:55:31,358: topic impl's ref count is zero, deleting topic /control_markers/tunneled/update...
[rospy.internal][INFO] 2017-06-10 15:55:31,362: topic[/control_markers/tunneled/update] removing connection to http://ip-172-31-19-100:56332/
[rospy.internal][WARNING] 2017-06-10 15:55:31,362: Unknown error initiating TCP/IP socket to ip-172-31-19-100:50383 (http://ip-172-31-19-100:56332/): Traceback (most recent call last):
  File "/opt/ros/indigo/lib/python2.7/dist-packages/rospy/impl/tcpros_base.py", line 558, in connect
    self.local_endpoint = self.socket.getsockname()
AttributeError: 'NoneType' object has no attribute 'getsockname'

[rospy.internal][INFO] 2017-06-10 15:55:31,370: topic impl's ref count is zero, deleting topic /tf2_web_republisher/feedback...
[rospy.internal][INFO] 2017-06-10 15:55:31,373: topic[/tf2_web_republisher/feedback] removing connection to http://ip-172-31-19-100:59145/
[rospy.internal][INFO] 2017-06-10 15:55:31,385: topic impl's ref count is zero, deleting topic /visualization_marker_array...
[rospy.internal][INFO] 2017-06-10 15:55:31,389: topic[/visualization_marker_array] removing connection to http://ip-172-31-19-100:33661/
[rosout][INFO] 2017-06-10 15:55:31,397: Client disconnected. 0 clients total.
