[roslaunch][INFO] 2017-06-10 15:37:03,646: Checking log directory for disk usage. This may take awhile.
Press Ctrl-C to interrupt
[roslaunch][INFO] 2017-06-10 15:37:03,720: Done checking log file disk usage. Usage is <1GB.
[roslaunch][INFO] 2017-06-10 15:37:03,720: roslaunch starting with args ['roscore', '--core', '-p', '44614']
[roslaunch][INFO] 2017-06-10 15:37:03,724: roslaunch env is {'ROS_DISTRO': 'indigo', 'ASNLIB': '/home/ccc_v1_s54106__48606/asn13529_Project_5/asn13530_Project_4/asnlib', 'LIB': '/home/ccc_v1_s54106__48606/lib', 'PKG_CONFIG_PATH': '/opt/ros/indigo/lib/pkgconfig:/opt/ros/indigo/lib/x86_64-linux-gnu/pkgconfig', 'SSH_CLIENT': '172.31.7.153 39224 22', 'CPATH': '/opt/ros/indigo/include', 'LOGNAME': 'ccc_v1_w_dd4cc_18220', 'USER': 'ccc_v1_w_dd4cc_18220', 'ROS_NODE_PORT': '44614', 'HOME': '/home/ccc_v1_w_dd4cc_18220/asn13529_Project_5/asn13530_Project_4/work', 'PATH': '/opt/ros/indigo/bin:/usr/local/sbin:/usr/local/bin:/usr/sbin:/usr/bin:/sbin:/bin:/usr/games:/usr/local/games:/home/local/bin:/home/ccc_v1_s54106__48606/lib:/home/ccc_v1_s54106__48606/asn13529_Project_5/asn13530_Project_4/asnlib:/home/vlibs:.', 'CMAKE_PREFIX_PATH': '/opt/ros/indigo', 'LD_LIBRARY_PATH': '/opt/ros/indigo/lib:/opt/ros/indigo/lib/x86_64-linux-gnu:/home/ccc_v1_s54106__48606/lib:/home/ccc_v1_s54106__48606/asn13529_Project_5/asn13530_Project_4/asnlib:/home/vlibs', 'LANG': 'en_US.UTF-8', 'TERM': 'xterm-256color', 'SHELL': '/bin/bash', 'HISTFILE': '/home/ccc_v1_w_dd4cc_18220/.bash_history', 'SHLVL': '2', 'VOC_WORKAREA': '/home/ccc_v1_w_dd4cc_18220/asn13529_Project_5/asn13530_Project_4/work', 'ROS_LOG_FILENAME': '/home/ccc_v1_w_dd4cc_18220/asn13529_Project_5/asn13530_Project_4/work/.ros/log/53491b7a-4e2d-11e7-ab8e-06f360e4abc1/roslaunch-ip-172-31-19-100-21292.log', 'PART1': '/home/ccc_v1_s54106__48606/asn13529_Project_5/asn13530_Project_4', 'ROS_ETC_DIR': '/opt/ros/indigo/etc/ros', 'XDG_RUNTIME_DIR': '/run/user/18220', 'PYTHONPATH': '/opt/ros/indigo/lib/python2.7/dist-packages:/home/vlibs/python', 'VOC_PROXY_WRAPPER_PORT': '5100', 'VOC_XFER_TOKEN': '19222148974354243542135300593c7475141532.89829746', 'ROS_ROOT': '/opt/ros/indigo/share/ros', 'OLD_HOME': '/home/ccc_v1_w_dd4cc_18220', 'VOC_PROXY_TOKEN': '134231658543542435421353001593c74751fe696.97656752', 'ROS_PACKAGE_PATH': '/opt/ros/indigo/share:/opt/ros/indigo/stacks', 'XDG_SESSION_ID': '322670', '_': '/usr/bin/stdbuf', 'LD_PRELOAD': '/usr/lib/coreutils/libstdbuf.so', '_STDBUF_O': 'L', 'SSH_TTY': '/dev/pts/4', 'OLDPWD': '/home/ccc_v1_w_dd4cc_18220', 'ROSLISP_PACKAGE_DIRECTORIES': '', 'VLIB': '/home/vlibs', 'PWD': '/home/ccc_v1_w_dd4cc_18220/asn13529_Project_5/asn13530_Project_4/work', 'VOC_PROXY_ID': '43542_43542_13530_0_1', 'ROS_MASTER_URI': 'http://localhost:44614', 'MAIL': '/var/mail/ccc_v1_w_dd4cc_18220', 'SSH_CONNECTION': '172.31.7.153 39224 172.31.19.100 22'}
[roslaunch][INFO] 2017-06-10 15:37:03,728: starting in server mode
[roslaunch.parent][INFO] 2017-06-10 15:37:03,732: starting roslaunch parent run
[roslaunch][INFO] 2017-06-10 15:37:03,736: loading roscore config file /opt/ros/indigo/etc/ros/roscore.xml
[roslaunch][INFO] 2017-06-10 15:37:03,867: Added core node of type [rosout/rosout] in namespace [/]
[roslaunch.pmon][INFO] 2017-06-10 15:37:03,868: start_process_monitor: creating ProcessMonitor
[roslaunch.pmon][INFO] 2017-06-10 15:37:03,872: created process monitor <ProcessMonitor(ProcessMonitor-1, initial daemon)>
[roslaunch.pmon][INFO] 2017-06-10 15:37:03,876: start_process_monitor: ProcessMonitor started
[roslaunch.parent][INFO] 2017-06-10 15:37:03,879: starting parent XML-RPC server
[roslaunch.server][INFO] 2017-06-10 15:37:03,883: starting roslaunch XML-RPC server
[roslaunch.server][INFO] 2017-06-10 15:37:03,887: waiting for roslaunch XML-RPC server to initialize
[xmlrpc][INFO] 2017-06-10 15:37:03,887: XML-RPC server binding to 0.0.0.0:0
[xmlrpc][INFO] 2017-06-10 15:37:03,894: Started XML-RPC server [http://ip-172-31-19-100:50901/]
[xmlrpc][INFO] 2017-06-10 15:37:03,897: xml rpc node: starting XML-RPC server
[roslaunch][INFO] 2017-06-10 15:37:03,907: started roslaunch server http://ip-172-31-19-100:50901/
[roslaunch.parent][INFO] 2017-06-10 15:37:03,911: ... parent XML-RPC server started
[roslaunch][INFO] 2017-06-10 15:37:03,914: master.is_running[http://ip-172-31-19-100:44614/]
[roslaunch][INFO] 2017-06-10 15:37:03,920: auto-starting new master
[roslaunch][INFO] 2017-06-10 15:37:03,924: create_master_process: rosmaster, /opt/ros/indigo/share/ros, 44614, 3, None
[roslaunch][INFO] 2017-06-10 15:37:03,928: process[master]: launching with args [['rosmaster', '--core', '-p', '44614', '-w', '3']]
[roslaunch.pmon][INFO] 2017-06-10 15:37:03,931: ProcessMonitor.register[master]
[roslaunch.pmon][INFO] 2017-06-10 15:37:03,935: ProcessMonitor.register[master] complete
[roslaunch][INFO] 2017-06-10 15:37:03,939: process[master]: starting os process
[roslaunch][INFO] 2017-06-10 15:37:03,943: process[master]: start w/ args [['rosmaster', '--core', '-p', '44614', '-w', '3', '__log:=/home/ccc_v1_w_dd4cc_18220/asn13529_Project_5/asn13530_Project_4/work/.ros/log/53491b7a-4e2d-11e7-ab8e-06f360e4abc1/master.log']]
[roslaunch][INFO] 2017-06-10 15:37:03,946: process[master]: cwd will be [/home/ccc_v1_w_dd4cc_18220/asn13529_Project_5/asn13530_Project_4/work/.ros]
[roslaunch][INFO] 2017-06-10 15:37:03,955: process[master]: started with pid [21308]
[roslaunch][INFO] 2017-06-10 15:37:03,956: master.is_running[http://ip-172-31-19-100:44614/]
[roslaunch][INFO] 2017-06-10 15:37:04,060: master.is_running[http://ip-172-31-19-100:44614/]
[roslaunch][INFO] 2017-06-10 15:37:04,165: master.is_running[http://ip-172-31-19-100:44614/]
[roslaunch][INFO] 2017-06-10 15:37:04,171: master.is_running[http://ip-172-31-19-100:44614/]
[roslaunch][INFO] 2017-06-10 15:37:04,175: ROS_MASTER_URI=http://ip-172-31-19-100:44614/
[roslaunch][INFO] 2017-06-10 15:37:04,180: setting /run_id to 53491b7a-4e2d-11e7-ab8e-06f360e4abc1
[roslaunch][INFO] 2017-06-10 15:37:04,189: setting /roslaunch/uris/host_ip_172_31_19_100__50901' to http://ip-172-31-19-100:50901/
[roslaunch][INFO] 2017-06-10 15:37:04,198: ... preparing to launch node of type [rosout/rosout]
[roslaunch][INFO] 2017-06-10 15:37:04,208: create_node_process: package[rosout] type[rosout] machine[Machine(name[] env_loader[None] address[localhost] ssh_port[22] user[None] assignable[True] timeout[10.0])] master_uri[http://ip-172-31-19-100:44614/]
[roslaunch][INFO] 2017-06-10 15:37:04,212: process[rosout-1]: env[{'ROS_DISTRO': 'indigo', 'ASNLIB': '/home/ccc_v1_s54106__48606/asn13529_Project_5/asn13530_Project_4/asnlib', 'LIB': '/home/ccc_v1_s54106__48606/lib', 'VOC_PROXY_TOKEN': '134231658543542435421353001593c74751fe696.97656752', 'SSH_CLIENT': '172.31.7.153 39224 22', 'CPATH': '/opt/ros/indigo/include', 'LOGNAME': 'ccc_v1_w_dd4cc_18220', 'USER': 'ccc_v1_w_dd4cc_18220', 'ROS_NODE_PORT': '44614', 'HOME': '/home/ccc_v1_w_dd4cc_18220/asn13529_Project_5/asn13530_Project_4/work', 'PATH': '/opt/ros/indigo/bin:/usr/local/sbin:/usr/local/bin:/usr/sbin:/usr/bin:/sbin:/bin:/usr/games:/usr/local/games:/home/local/bin:/home/ccc_v1_s54106__48606/lib:/home/ccc_v1_s54106__48606/asn13529_Project_5/asn13530_Project_4/asnlib:/home/vlibs:.', 'CMAKE_PREFIX_PATH': '/opt/ros/indigo', 'ROS_LOG_FILENAME': '/home/ccc_v1_w_dd4cc_18220/asn13529_Project_5/asn13530_Project_4/work/.ros/log/53491b7a-4e2d-11e7-ab8e-06f360e4abc1/roslaunch-ip-172-31-19-100-21292.log', 'LANG': 'en_US.UTF-8', 'TERM': 'xterm-256color', 'SHELL': '/bin/bash', 'HISTFILE': '/home/ccc_v1_w_dd4cc_18220/.bash_history', 'SHLVL': '2', 'VOC_WORKAREA': '/home/ccc_v1_w_dd4cc_18220/asn13529_Project_5/asn13530_Project_4/work', 'LD_LIBRARY_PATH': '/opt/ros/indigo/lib:/opt/ros/indigo/lib/x86_64-linux-gnu:/home/ccc_v1_s54106__48606/lib:/home/ccc_v1_s54106__48606/asn13529_Project_5/asn13530_Project_4/asnlib:/home/vlibs', 'PART1': '/home/ccc_v1_s54106__48606/asn13529_Project_5/asn13530_Project_4', 'ROS_MASTER_URI': 'http://ip-172-31-19-100:44614/', 'XDG_RUNTIME_DIR': '/run/user/18220', 'PYTHONPATH': '/opt/ros/indigo/lib/python2.7/dist-packages:/home/vlibs/python', 'VOC_PROXY_WRAPPER_PORT': '5100', 'VOC_XFER_TOKEN': '19222148974354243542135300593c7475141532.89829746', 'ROS_ROOT': '/opt/ros/indigo/share/ros', 'OLD_HOME': '/home/ccc_v1_w_dd4cc_18220', 'PKG_CONFIG_PATH': '/opt/ros/indigo/lib/pkgconfig:/opt/ros/indigo/lib/x86_64-linux-gnu/pkgconfig', 'ROS_PACKAGE_PATH': '/opt/ros/indigo/share:/opt/ros/indigo/stacks', 'XDG_SESSION_ID': '322670', '_': '/usr/bin/stdbuf', 'LD_PRELOAD': '/usr/lib/coreutils/libstdbuf.so', '_STDBUF_O': 'L', 'SSH_TTY': '/dev/pts/4', 'OLDPWD': '/home/ccc_v1_w_dd4cc_18220', 'ROSLISP_PACKAGE_DIRECTORIES': '', 'VLIB': '/home/vlibs', 'PWD': '/home/ccc_v1_w_dd4cc_18220/asn13529_Project_5/asn13530_Project_4/work', 'VOC_PROXY_ID': '43542_43542_13530_0_1', 'ROS_ETC_DIR': '/opt/ros/indigo/etc/ros', 'MAIL': '/var/mail/ccc_v1_w_dd4cc_18220', 'SSH_CONNECTION': '172.31.7.153 39224 172.31.19.100 22'}]
[roslaunch][INFO] 2017-06-10 15:37:04,251: process[rosout-1]: args[[u'/opt/ros/indigo/lib/rosout/rosout', u'__name:=rosout']]
[roslaunch][INFO] 2017-06-10 15:37:04,255: ... created process [rosout-1]
[roslaunch.pmon][INFO] 2017-06-10 15:37:04,258: ProcessMonitor.register[rosout-1]
[roslaunch.pmon][INFO] 2017-06-10 15:37:04,262: ProcessMonitor.register[rosout-1] complete
[roslaunch][INFO] 2017-06-10 15:37:04,266: ... registered process [rosout-1]
[roslaunch][INFO] 2017-06-10 15:37:04,269: process[rosout-1]: starting os process
[roslaunch][INFO] 2017-06-10 15:37:04,277: process[rosout-1]: start w/ args [[u'/opt/ros/indigo/lib/rosout/rosout', u'__name:=rosout', u'__log:=/home/ccc_v1_w_dd4cc_18220/asn13529_Project_5/asn13530_Project_4/work/.ros/log/53491b7a-4e2d-11e7-ab8e-06f360e4abc1/rosout-1.log']]
[roslaunch][INFO] 2017-06-10 15:37:04,281: process[rosout-1]: cwd will be [/home/ccc_v1_w_dd4cc_18220/asn13529_Project_5/asn13530_Project_4/work/.ros]
[roslaunch][INFO] 2017-06-10 15:37:04,289: process[rosout-1]: started with pid [21321]
[roslaunch][INFO] 2017-06-10 15:37:04,290: ... successfully launched [rosout-1]
[roslaunch][INFO] 2017-06-10 15:37:04,294: load_parameters starting ...
[roslaunch][INFO] 2017-06-10 15:37:04,316: ... load_parameters complete
[roslaunch][INFO] 2017-06-10 15:37:04,320: launch_nodes: launching local nodes ...
[roslaunch][INFO] 2017-06-10 15:37:04,323: ... launch_nodes complete
[roslaunch.pmon][INFO] 2017-06-10 15:37:04,327: registrations completed <ProcessMonitor(ProcessMonitor-1, started daemon 139774793045760)>
[roslaunch.parent][INFO] 2017-06-10 15:37:04,331: ... roslaunch parent running, waiting for process exit
[roslaunch][INFO] 2017-06-10 15:37:04,334: spin
