

1497134224.334143919  Node Startup
1497134226.821842559 INFO [/tmp/binarydeb/ros-indigo-interactive-marker-proxy-0.1.2/src/proxy.cpp:143(statusCb) [topics: /rosout] (INFO) General: Waiting for messages.
1497134227.034362077 INFO [rosapi_node:184(<module>) [topics: /rosout] Rosapi started
1497134227.171613931 INFO [rosbridge_websocket:141(<module>) [topics: /rosout] Rosbridge WebSocket server started on port 47552
1497134229.795404927 INFO [/home/ccc_v1_w_dd4cc_18220/asn13529_Project_5/asn13530_Project_4/work/catkin_ws/src/robot_sim/src/robot_sim_bringup.cpp:100(main) [topics: /rosout, /joint_states] Simulated robot spinning
1497134229.778867915 WARN [/tmp/binarydeb/ros-indigo-kdl-parser-1.11.11/src/kdl_parser.cpp:196(treeFromUrdfModel) [topics: /rosout] The root link world_link has an inertia specified in the URDF, but KDL does not support a root link with an inertia.  As a workaround, you can add an extra dummy link to your URDF.
1497134230.259188650 WARN [/tmp/binarydeb/ros-indigo-moveit-core-0.7.9/robot_model/src/robot_model.cpp:634() [topics: /rosout] Could not identify parent group for end-effector 'end_effector'
1497134230.259423385 WARN [/tmp/binarydeb/ros-indigo-kdl-parser-1.11.11/src/kdl_parser.cpp:196(treeFromUrdfModel) [topics: /rosout] The root link world_link has an inertia specified in the URDF, but KDL does not support a root link with an inertia.  As a workaround, you can add an extra dummy link to your URDF.
1497134230.330082371 INFO [/tmp/binarydeb/ros-indigo-moveit-ros-planning-0.7.9/planning_scene_monitor/src/planning_scene_monitor.cpp:318(PlanningSceneMonitor::startPublishingPlanningScene) [topics: /rosout, /move_group/planning_scene_monitor/parameter_descriptions, /move_group/planning_scene_monitor/parameter_updates, /move_group/monitored_planning_scene] Publishing maintained planning scene on 'monitored_planning_scene'
1497134230.354504998 INFO [/tmp/binarydeb/ros-indigo-moveit-ros-move-group-0.7.9/src/move_group.cpp:193(main) [topics: /rosout, /move_group/planning_scene_monitor/parameter_descriptions, /move_group/planning_scene_monitor/parameter_updates, /move_group/monitored_planning_scene] MoveGroup debug mode is OFF
1497134230.354556247 INFO [/tmp/binarydeb/ros-indigo-moveit-ros-planning-0.7.9/planning_scene_monitor/src/planning_scene_monitor.cpp:885(PlanningSceneMonitor::startSceneMonitor) [topics: /rosout, /move_group/planning_scene_monitor/parameter_descriptions, /move_group/planning_scene_monitor/parameter_updates, /move_group/monitored_planning_scene] Starting scene monitor
1497134230.364089505 INFO [/tmp/binarydeb/ros-indigo-moveit-ros-planning-0.7.9/planning_scene_monitor/src/planning_scene_monitor.cpp:891(PlanningSceneMonitor::startSceneMonitor) [topics: /rosout, /move_group/planning_scene_monitor/parameter_descriptions, /move_group/planning_scene_monitor/parameter_updates, /move_group/monitored_planning_scene] Listening to '/planning_scene'
1497134230.364166519 INFO [/tmp/binarydeb/ros-indigo-moveit-ros-planning-0.7.9/planning_scene_monitor/src/planning_scene_monitor.cpp:962(PlanningSceneMonitor::startWorldGeometryMonitor) [topics: /rosout, /move_group/planning_scene_monitor/parameter_descriptions, /move_group/planning_scene_monitor/parameter_updates, /move_group/monitored_planning_scene] Starting world geometry monitor
1497134230.374353600 INFO [/tmp/binarydeb/ros-indigo-moveit-ros-planning-0.7.9/planning_scene_monitor/src/planning_scene_monitor.cpp:978(PlanningSceneMonitor::startWorldGeometryMonitor) [topics: /rosout, /move_group/planning_scene_monitor/parameter_descriptions, /move_group/planning_scene_monitor/parameter_updates, /move_group/monitored_planning_scene] Listening to '/collision_object' using message notifier with target frame '/world_link '
1497134230.385007907 INFO [/tmp/binarydeb/ros-indigo-moveit-ros-planning-0.7.9/planning_scene_monitor/src/planning_scene_monitor.cpp:993(PlanningSceneMonitor::startWorldGeometryMonitor) [topics: /rosout, /move_group/planning_scene_monitor/parameter_descriptions, /move_group/planning_scene_monitor/parameter_updates, /move_group/monitored_planning_scene] Listening to '/planning_scene_world' for planning scene world geometry
1497134230.386035750 WARN [/tmp/binarydeb/ros-indigo-moveit-ros-perception-0.7.9/occupancy_map_monitor/src/occupancy_map_monitor.cpp:73(OccupancyMapMonitor::initialize) [topics: /rosout, /move_group/planning_scene_monitor/parameter_descriptions, /move_group/planning_scene_monitor/parameter_updates, /move_group/monitored_planning_scene] Resolution not specified for Octomap. Assuming resolution = 0.1 instead
1497134230.418823698 INFO [/tmp/binarydeb/ros-indigo-moveit-ros-planning-0.7.9/planning_scene_monitor/src/planning_scene_monitor.cpp:1055(PlanningSceneMonitor::startStateMonitor) [topics: /rosout, /move_group/planning_scene_monitor/parameter_descriptions, /move_group/planning_scene_monitor/parameter_updates, /move_group/monitored_planning_scene] Listening to '/attached_collision_object' for attached collision objects
1497134230.517988499 INFO [/tmp/binarydeb/ros-indigo-moveit-planners-ompl-0.7.9/ompl_interface/src/ompl_interface.cpp:53(OMPLInterface::OMPLInterface) [topics: /rosout, /move_group/planning_scene_monitor/parameter_descriptions, /move_group/planning_scene_monitor/parameter_updates, /move_group/monitored_planning_scene] Initializing OMPL interface using ROS parameters
1497134230.613486600 INFO [/tmp/binarydeb/ros-indigo-moveit-ros-planning-0.7.9/planning_pipeline/src/planning_pipeline.cpp:119(PlanningPipeline::configure) [topics: /rosout, /move_group/planning_scene_monitor/parameter_descriptions, /move_group/planning_scene_monitor/parameter_updates, /move_group/monitored_planning_scene, /move_group/ompl/parameter_descriptions, /move_group/ompl/parameter_updates] Using planning interface 'OMPL'
1497134230.664382501 INFO [/tmp/binarydeb/ros-indigo-moveit-ros-planning-0.7.9/planning_request_adapter_plugins/src/fix_workspace_bounds.cpp:53(FixWorkspaceBounds::FixWorkspaceBounds) [topics: /rosout, /move_group/planning_scene_monitor/parameter_descriptions, /move_group/planning_scene_monitor/parameter_updates, /move_group/monitored_planning_scene, /move_group/ompl/parameter_descriptions, /move_group/ompl/parameter_updates] Param 'default_workspace_bounds' was not set. Using default value: 10
1497134230.665708414 INFO [/tmp/binarydeb/ros-indigo-moveit-ros-planning-0.7.9/planning_request_adapter_plugins/src/fix_start_state_bounds.cpp:60(FixStartStateBounds::FixStartStateBounds) [topics: /rosout, /move_group/planning_scene_monitor/parameter_descriptions, /move_group/planning_scene_monitor/parameter_updates, /move_group/monitored_planning_scene, /move_group/ompl/parameter_descriptions, /move_group/ompl/parameter_updates] Param 'start_state_max_bounds_error' was set to 0.1
1497134230.666651775 INFO [/tmp/binarydeb/ros-indigo-moveit-ros-planning-0.7.9/planning_request_adapter_plugins/src/fix_start_state_bounds.cpp:65(FixStartStateBounds::FixStartStateBounds) [topics: /rosout, /move_group/planning_scene_monitor/parameter_descriptions, /move_group/planning_scene_monitor/parameter_updates, /move_group/monitored_planning_scene, /move_group/ompl/parameter_descriptions, /move_group/ompl/parameter_updates] Param 'start_state_max_dt' was not set. Using default value: 0.5
1497134230.667674863 INFO [/tmp/binarydeb/ros-indigo-moveit-ros-planning-0.7.9/planning_request_adapter_plugins/src/fix_start_state_collision.cpp:57(FixStartStateCollision::FixStartStateCollision) [topics: /rosout, /move_group/planning_scene_monitor/parameter_descriptions, /move_group/planning_scene_monitor/parameter_updates, /move_group/monitored_planning_scene, /move_group/ompl/parameter_descriptions, /move_group/ompl/parameter_updates] Param 'start_state_max_dt' was not set. Using default value: 0.5
1497134230.668618525 INFO [/tmp/binarydeb/ros-indigo-moveit-ros-planning-0.7.9/planning_request_adapter_plugins/src/fix_start_state_collision.cpp:68(FixStartStateCollision::FixStartStateCollision) [topics: /rosout, /move_group/planning_scene_monitor/parameter_descriptions, /move_group/planning_scene_monitor/parameter_updates, /move_group/monitored_planning_scene, /move_group/ompl/parameter_descriptions, /move_group/ompl/parameter_updates] Param 'jiggle_fraction' was set to 0.05
1497134230.669672304 INFO [/tmp/binarydeb/ros-indigo-moveit-ros-planning-0.7.9/planning_request_adapter_plugins/src/fix_start_state_collision.cpp:73(FixStartStateCollision::FixStartStateCollision) [topics: /rosout, /move_group/planning_scene_monitor/parameter_descriptions, /move_group/planning_scene_monitor/parameter_updates, /move_group/monitored_planning_scene, /move_group/ompl/parameter_descriptions, /move_group/ompl/parameter_updates] Param 'max_sampling_attempts' was not set. Using default value: 100
1497134230.669733405 INFO [/tmp/binarydeb/ros-indigo-moveit-ros-planning-0.7.9/planning_pipeline/src/planning_pipeline.cpp:163(PlanningPipeline::configure) [topics: /rosout, /move_group/planning_scene_monitor/parameter_descriptions, /move_group/planning_scene_monitor/parameter_updates, /move_group/monitored_planning_scene, /move_group/ompl/parameter_descriptions, /move_group/ompl/parameter_updates] Using planning request adapter 'Add Time Parameterization'
1497134230.669748191 INFO [/tmp/binarydeb/ros-indigo-moveit-ros-planning-0.7.9/planning_pipeline/src/planning_pipeline.cpp:163(PlanningPipeline::configure) [topics: /rosout, /move_group/planning_scene_monitor/parameter_descriptions, /move_group/planning_scene_monitor/parameter_updates, /move_group/monitored_planning_scene, /move_group/ompl/parameter_descriptions, /move_group/ompl/parameter_updates] Using planning request adapter 'Fix Workspace Bounds'
1497134230.669759744 INFO [/tmp/binarydeb/ros-indigo-moveit-ros-planning-0.7.9/planning_pipeline/src/planning_pipeline.cpp:163(PlanningPipeline::configure) [topics: /rosout, /move_group/planning_scene_monitor/parameter_descriptions, /move_group/planning_scene_monitor/parameter_updates, /move_group/monitored_planning_scene, /move_group/ompl/parameter_descriptions, /move_group/ompl/parameter_updates] Using planning request adapter 'Fix Start State Bounds'
1497134230.669773125 INFO [/tmp/binarydeb/ros-indigo-moveit-ros-planning-0.7.9/planning_pipeline/src/planning_pipeline.cpp:163(PlanningPipeline::configure) [topics: /rosout, /move_group/planning_scene_monitor/parameter_descriptions, /move_group/planning_scene_monitor/parameter_updates, /move_group/monitored_planning_scene, /move_group/ompl/parameter_descriptions, /move_group/ompl/parameter_updates] Using planning request adapter 'Fix Start State In Collision'
1497134231.017956107 INFO [/tmp/binarydeb/ros-indigo-interactive-marker-proxy-0.1.2/src/proxy.cpp:143(statusCb) [topics: /rosout, /control_markers/tunneled/update] (INFO) General: Receiving messages.
1497134231.018011797 INFO [/tmp/binarydeb/ros-indigo-interactive-marker-proxy-0.1.2/src/proxy.cpp:143(statusCb) [topics: /rosout, /control_markers/tunneled/update] (INFO) /marker_control_21633_1497134230225: Waiting for init message.
1497134230.669788594 INFO [/tmp/binarydeb/ros-indigo-moveit-ros-planning-0.7.9/planning_pipeline/src/planning_pipeline.cpp:163(PlanningPipeline::configure) [topics: /rosout, /move_group/planning_scene_monitor/parameter_descriptions, /move_group/planning_scene_monitor/parameter_updates, /move_group/monitored_planning_scene, /move_group/ompl/parameter_descriptions, /move_group/ompl/parameter_updates] Using planning request adapter 'Fix Start State Path Constraints'
1497134231.023567543 INFO [/tmp/binarydeb/ros-indigo-moveit-ros-move-group-0.7.9/src/move_group.cpp:159(MoveGroupExe::configureCapabilities) [topics: /rosout, /move_group/planning_scene_monitor/parameter_descriptions, /move_group/planning_scene_monitor/parameter_updates, /move_group/monitored_planning_scene, /move_group/ompl/parameter_descriptions, /move_group/ompl/parameter_updates, /move_group/display_planned_path, /move_group/display_contacts, /execute_trajectory/result, /execute_trajectory/feedback, /execute_trajectory/status, /move_group/result, /move_group/feedback, /move_group/status, /pickup/result, /pickup/feedback, /pickup/status, /place/result, /place/feedback, /place/status] 

********************************************************
* MoveGroup using: 
*     - ApplyPlanningSceneService
*     - ClearOctomapService
*     - CartesianPathService
*     - ExecuteTrajectoryService
*     - ExecuteTrajectoryAction
*     - GetPlanningSceneService
*     - KinematicsService
*     - MoveAction
*     - PickPlaceAction
*     - MotionPlanService
*     - QueryPlannersService
*     - StateValidationService
********************************************************

1497134231.023681906 INFO [/tmp/binarydeb/ros-indigo-moveit-ros-move-group-0.7.9/src/move_group_context.cpp:84(MoveGroupContext::status) [topics: /rosout, /move_group/planning_scene_monitor/parameter_descriptions, /move_group/planning_scene_monitor/parameter_updates, /move_group/monitored_planning_scene, /move_group/ompl/parameter_descriptions, /move_group/ompl/parameter_updates, /move_group/display_planned_path, /move_group/display_contacts, /execute_trajectory/result, /execute_trajectory/feedback, /execute_trajectory/status, /move_group/result, /move_group/feedback, /move_group/status, /pickup/result, /pickup/feedback, /pickup/status, /place/result, /place/feedback, /place/status] MoveGroup context using planning plugin ompl_interface/OMPLPlanner
1497134231.023718540 INFO [/tmp/binarydeb/ros-indigo-moveit-ros-move-group-0.7.9/src/move_group_context.cpp:85(MoveGroupContext::status) [topics: /rosout, /move_group/planning_scene_monitor/parameter_descriptions, /move_group/planning_scene_monitor/parameter_updates, /move_group/monitored_planning_scene, /move_group/ompl/parameter_descriptions, /move_group/ompl/parameter_updates, /move_group/display_planned_path, /move_group/display_contacts, /execute_trajectory/result, /execute_trajectory/feedback, /execute_trajectory/status, /move_group/result, /move_group/feedback, /move_group/status, /pickup/result, /pickup/feedback, /pickup/status, /place/result, /place/feedback, /place/status] MoveGroup context initialization complete
1497134231.186681107 INFO [/tmp/binarydeb/ros-indigo-interactive-marker-proxy-0.1.2/src/proxy.cpp:143(statusCb) [topics: /rosout, /control_markers/tunneled/update] (INFO) /marker_control_21633_1497134230225: Init message received.
1497134231.202857203 INFO [/tmp/binarydeb/ros-indigo-interactive-marker-proxy-0.1.2/src/proxy.cpp:143(statusCb) [topics: /rosout, /control_markers/tunneled/update] (INFO) /marker_control_21633_1497134230225: Receiving updates.
1497134245.771187067 INFO [websocket_handler.py:74(open) [topics: /rosout] Client connected.  1 clients total.
1497134245.932657957 INFO [protocol.py:367(log) [topics: /tf2_web_republisher/cancel, /tf2_web_republisher/goal, /rosout, /tf2_web_republisher/feedback] [Client 0] Subscribed to /tf2_web_republisher/feedback
1497134245.955643892 INFO [protocol.py:367(log) [topics: /tf2_web_republisher/cancel, /tf2_web_republisher/goal, /visualization_marker_array, /rosout, /tf2_web_republisher/feedback] [Client 0] Subscribed to /visualization_marker_array
1497134245.976243019 INFO [protocol.py:367(log) [topics: /visualization_marker_array, /tf2_web_republisher/feedback, /rosout, /control_markers/tunneled/update, /tf2_web_republisher/cancel, /tf2_web_republisher/goal] [Client 0] Subscribed to /control_markers/tunneled/update
1497134245.998332378 INFO [/tmp/binarydeb/ros-indigo-interactive-marker-proxy-0.1.2/src/proxy.cpp:89(getInit) [topics: /rosout, /control_markers/tunneled/update] Init requested.
1497134246.089559078 INFO [protocol.py:367(log) [topics: /control_markers/feedback, /visualization_marker_array, /tf2_web_republisher/feedback, /rosout, /control_markers/tunneled/update, /tf2_web_republisher/cancel, /tf2_web_republisher/goal] [Client 0] Subscribed to /tf2_web_republisher/feedback
1497134246.095252037 INFO [protocol.py:367(log) [topics: /control_markers/feedback, /visualization_marker_array, /tf2_web_republisher/feedback, /rosout, /control_markers/tunneled/update, /tf2_web_republisher/cancel, /tf2_web_republisher/goal] [Client 0] Subscribed to /tf2_web_republisher/feedback
1497134246.100569009 INFO [protocol.py:367(log) [topics: /control_markers/feedback, /visualization_marker_array, /tf2_web_republisher/feedback, /rosout, /control_markers/tunneled/update, /tf2_web_republisher/cancel, /tf2_web_republisher/goal] [Client 0] Subscribed to /tf2_web_republisher/feedback
1497134246.104896068 INFO [protocol.py:367(log) [topics: /control_markers/feedback, /visualization_marker_array, /tf2_web_republisher/feedback, /rosout, /control_markers/tunneled/update, /tf2_web_republisher/cancel, /tf2_web_republisher/goal] [Client 0] Subscribed to /tf2_web_republisher/feedback
1497134246.109366893 INFO [protocol.py:367(log) [topics: /control_markers/feedback, /visualization_marker_array, /tf2_web_republisher/feedback, /rosout, /control_markers/tunneled/update, /tf2_web_republisher/cancel, /tf2_web_republisher/goal] [Client 0] Subscribed to /tf2_web_republisher/feedback
1497134246.113436937 INFO [protocol.py:367(log) [topics: /control_markers/feedback, /visualization_marker_array, /tf2_web_republisher/feedback, /rosout, /control_markers/tunneled/update, /tf2_web_republisher/cancel, /tf2_web_republisher/goal] [Client 0] Subscribed to /tf2_web_republisher/feedback
1497134246.117640018 INFO [protocol.py:367(log) [topics: /control_markers/feedback, /visualization_marker_array, /tf2_web_republisher/feedback, /rosout, /control_markers/tunneled/update, /tf2_web_republisher/cancel, /tf2_web_republisher/goal] [Client 0] Subscribed to /tf2_web_republisher/feedback
1497134252.217048003 INFO [/tmp/binarydeb/ros-indigo-moveit-core-0.7.9/robot_model/src/robot_model.cpp:89() [topics: /rosout] Loading robot model 'lwr'...
1497134252.217276408 INFO [/tmp/binarydeb/ros-indigo-moveit-core-0.7.9/robot_model/src/robot_model.cpp:932() [topics: /rosout] No root/virtual joint specified in SRDF. Assuming fixed joint
1497134252.262443243 WARN [/tmp/binarydeb/ros-indigo-moveit-core-0.7.9/robot_model/src/robot_model.cpp:634() [topics: /rosout] Could not identify parent group for end-effector 'end_effector'
1497134252.490312762 INFO [/tmp/binarydeb/ros-indigo-moveit-core-0.7.9/robot_model/src/robot_model.cpp:89() [topics: /rosout] Loading robot model 'lwr'...
1497134252.490351602 INFO [/tmp/binarydeb/ros-indigo-moveit-core-0.7.9/robot_model/src/robot_model.cpp:932() [topics: /rosout] No root/virtual joint specified in SRDF. Assuming fixed joint
1497134252.490990985 WARN [/tmp/binarydeb/ros-indigo-moveit-core-0.7.9/robot_model/src/robot_model.cpp:634() [topics: /rosout] Could not identify parent group for end-effector 'end_effector'
1497134252.491088282 WARN [/tmp/binarydeb/ros-indigo-kdl-parser-1.11.11/src/kdl_parser.cpp:196(treeFromUrdfModel) [topics: /rosout] The root link world_link has an inertia specified in the URDF, but KDL does not support a root link with an inertia.  As a workaround, you can add an extra dummy link to your URDF.
