[rosmaster.main][INFO] 2017-06-05 18:59:25,044: initialization complete, waiting for shutdown
[rosmaster.main][INFO] 2017-06-05 18:59:25,044: Starting ROS Master Node
[xmlrpc][INFO] 2017-06-05 18:59:25,050: XML-RPC server binding to 0.0.0.0:56640
[xmlrpc][INFO] 2017-06-05 18:59:25,054: Started XML-RPC server [http://ip-172-31-26-229:56640/]
[rosmaster.master][INFO] 2017-06-05 18:59:25,054: Master initialized: port[56640], uri[http://ip-172-31-26-229:56640/]
[xmlrpc][INFO] 2017-06-05 18:59:25,057: xml rpc node: starting XML-RPC server
[rosmaster.master][INFO] 2017-06-05 18:59:25,147: +PARAM [/run_id] by /roslaunch
[rosmaster.master][INFO] 2017-06-05 18:59:25,156: +PARAM [/roslaunch/uris/host_ip_172_31_26_229__40711] by /roslaunch
[rosmaster.master][INFO] 2017-06-05 18:59:25,244: +PARAM [/rosversion] by /roslaunch
[rosmaster.master][INFO] 2017-06-05 18:59:25,248: +PARAM [/rosdistro] by /roslaunch
[rosmaster.master][INFO] 2017-06-05 18:59:25,271: +SERVICE [/rosout/get_loggers] /rosout http://ip-172-31-26-229:47066/
[rosmaster.master][INFO] 2017-06-05 18:59:25,275: +SERVICE [/rosout/set_logger_level] /rosout http://ip-172-31-26-229:47066/
[rosmaster.master][INFO] 2017-06-05 18:59:25,281: +PUB [/rosout_agg] /rosout http://ip-172-31-26-229:47066/
[rosmaster.master][INFO] 2017-06-05 18:59:25,290: +SUB [/rosout] /rosout http://ip-172-31-26-229:47066/
[rosmaster.master][INFO] 2017-06-05 18:59:25,659: +PUB [/rosout] /tf2_web_republisher http://ip-172-31-26-229:53617/
[rosmaster.master][INFO] 2017-06-05 18:59:25,664: +SERVICE [/tf2_web_republisher/get_loggers] /tf2_web_republisher http://ip-172-31-26-229:53617/
[rosmaster.master][INFO] 2017-06-05 18:59:25,668: +SERVICE [/tf2_web_republisher/set_logger_level] /tf2_web_republisher http://ip-172-31-26-229:53617/
[rosmaster.master][INFO] 2017-06-05 18:59:25,676: +SUB [/tf] /tf2_web_republisher http://ip-172-31-26-229:53617/
[rosmaster.master][INFO] 2017-06-05 18:59:25,682: +SUB [/tf_static] /tf2_web_republisher http://ip-172-31-26-229:53617/
[rosmaster.master][INFO] 2017-06-05 18:59:25,686: +SERVICE [/republish_tfs] /tf2_web_republisher http://ip-172-31-26-229:53617/
[rosmaster.master][INFO] 2017-06-05 18:59:25,690: +PUB [/tf2_web_republisher/result] /tf2_web_republisher http://ip-172-31-26-229:53617/
[rosmaster.master][INFO] 2017-06-05 18:59:25,694: +PUB [/tf2_web_republisher/feedback] /tf2_web_republisher http://ip-172-31-26-229:53617/
[rosmaster.master][INFO] 2017-06-05 18:59:25,698: +PUB [/tf2_web_republisher/status] /tf2_web_republisher http://ip-172-31-26-229:53617/
[rosmaster.master][INFO] 2017-06-05 18:59:25,707: +SUB [/tf2_web_republisher/goal] /tf2_web_republisher http://ip-172-31-26-229:53617/
[rosmaster.master][INFO] 2017-06-05 18:59:25,713: +SUB [/tf2_web_republisher/cancel] /tf2_web_republisher http://ip-172-31-26-229:53617/
[rosmaster.master][INFO] 2017-06-05 18:59:25,751: publisherUpdate[/rosout] -> http://ip-172-31-26-229:47066/
[rosmaster.master][INFO] 2017-06-05 18:59:27,032: +PARAM [/roslaunch/uris/host_ip_172_31_26_229__58920] by /roslaunch
[rosmaster.master][INFO] 2017-06-05 18:59:27,039: +PARAM [/rosbridge_websocket/port] by /roslaunch
[rosmaster.master][INFO] 2017-06-05 18:59:27,042: +PARAM [/rosdistro] by /roslaunch
[rosmaster.master][INFO] 2017-06-05 18:59:27,047: +PARAM [/rosbridge_websocket/fragment_timeout] by /roslaunch
[rosmaster.master][INFO] 2017-06-05 18:59:27,051: +PARAM [/rosbridge_websocket/delay_between_messages] by /roslaunch
[rosmaster.master][INFO] 2017-06-05 18:59:27,054: +PARAM [/rosversion] by /roslaunch
[rosmaster.master][INFO] 2017-06-05 18:59:27,057: +PARAM [/rosbridge_websocket/authenticate] by /roslaunch
[rosmaster.master][INFO] 2017-06-05 18:59:27,061: +PARAM [/rosbridge_websocket/retry_startup_delay] by /roslaunch
[rosmaster.master][INFO] 2017-06-05 18:59:27,064: +PARAM [/rosbridge_websocket/address] by /roslaunch
[rosmaster.master][INFO] 2017-06-05 18:59:27,067: +PARAM [/rosbridge_websocket/max_message_size] by /roslaunch
[rosmaster.master][INFO] 2017-06-05 18:59:27,566: +PUB [/rosout] /rosapi http://ip-172-31-26-229:50046/
[rosmaster.master][INFO] 2017-06-05 18:59:27,579: +SERVICE [/rosapi/get_loggers] /rosapi http://ip-172-31-26-229:50046/
[rosmaster.master][INFO] 2017-06-05 18:59:27,584: +SERVICE [/rosapi/set_logger_level] /rosapi http://ip-172-31-26-229:50046/
[rosmaster.master][INFO] 2017-06-05 18:59:27,588: +SERVICE [/rosapi/topics] /rosapi http://ip-172-31-26-229:50046/
[rosmaster.master][INFO] 2017-06-05 18:59:27,593: +SERVICE [/rosapi/topics_for_type] /rosapi http://ip-172-31-26-229:50046/
[rosmaster.master][INFO] 2017-06-05 18:59:27,597: +SERVICE [/rosapi/services] /rosapi http://ip-172-31-26-229:50046/
[rosmaster.master][INFO] 2017-06-05 18:59:27,609: +SERVICE [/rosapi/services_for_type] /rosapi http://ip-172-31-26-229:50046/
[rosmaster.master][INFO] 2017-06-05 18:59:27,614: +SERVICE [/rosapi/nodes] /rosapi http://ip-172-31-26-229:50046/
[rosmaster.master][INFO] 2017-06-05 18:59:27,618: +SERVICE [/rosapi/node_details] /rosapi http://ip-172-31-26-229:50046/
[rosmaster.master][INFO] 2017-06-05 18:59:27,622: +SERVICE [/rosapi/topic_type] /rosapi http://ip-172-31-26-229:50046/
[rosmaster.master][INFO] 2017-06-05 18:59:27,627: +SERVICE [/rosapi/service_type] /rosapi http://ip-172-31-26-229:50046/
[rosmaster.master][INFO] 2017-06-05 18:59:27,631: +SERVICE [/rosapi/publishers] /rosapi http://ip-172-31-26-229:50046/
[rosmaster.master][INFO] 2017-06-05 18:59:27,636: +SERVICE [/rosapi/subscribers] /rosapi http://ip-172-31-26-229:50046/
[rosmaster.master][INFO] 2017-06-05 18:59:27,640: +SERVICE [/rosapi/service_providers] /rosapi http://ip-172-31-26-229:50046/
[rosmaster.master][INFO] 2017-06-05 18:59:27,645: +SERVICE [/rosapi/service_node] /rosapi http://ip-172-31-26-229:50046/
[rosmaster.master][INFO] 2017-06-05 18:59:27,649: +SERVICE [/rosapi/service_host] /rosapi http://ip-172-31-26-229:50046/
[rosmaster.master][INFO] 2017-06-05 18:59:27,654: +SERVICE [/rosapi/message_details] /rosapi http://ip-172-31-26-229:50046/
[rosmaster.master][INFO] 2017-06-05 18:59:27,654: publisherUpdate[/rosout] -> http://ip-172-31-26-229:47066/
[rosmaster.master][INFO] 2017-06-05 18:59:27,659: +SERVICE [/rosapi/service_request_details] /rosapi http://ip-172-31-26-229:50046/
[rosmaster.master][INFO] 2017-06-05 18:59:27,665: +SERVICE [/rosapi/service_response_details] /rosapi http://ip-172-31-26-229:50046/
[rosmaster.master][INFO] 2017-06-05 18:59:27,670: +SERVICE [/rosapi/set_param] /rosapi http://ip-172-31-26-229:50046/
[rosmaster.master][INFO] 2017-06-05 18:59:27,674: +SERVICE [/rosapi/get_param] /rosapi http://ip-172-31-26-229:50046/
[rosmaster.master][INFO] 2017-06-05 18:59:27,678: +SERVICE [/rosapi/has_param] /rosapi http://ip-172-31-26-229:50046/
[rosmaster.master][INFO] 2017-06-05 18:59:27,683: +SERVICE [/rosapi/search_param] /rosapi http://ip-172-31-26-229:50046/
[rosmaster.master][INFO] 2017-06-05 18:59:27,688: +SERVICE [/rosapi/delete_param] /rosapi http://ip-172-31-26-229:50046/
[rosmaster.master][INFO] 2017-06-05 18:59:27,692: +PUB [/rosout] /rosbridge_websocket http://ip-172-31-26-229:45960/
[rosmaster.master][INFO] 2017-06-05 18:59:27,698: +PUB [/rosout] /interactive_marker_proxy http://ip-172-31-26-229:39747/
[rosmaster.master][INFO] 2017-06-05 18:59:27,701: +SERVICE [/rosapi/get_param_names] /rosapi http://ip-172-31-26-229:50046/
[rosmaster.master][INFO] 2017-06-05 18:59:27,705: +SERVICE [/interactive_marker_proxy/get_loggers] /interactive_marker_proxy http://ip-172-31-26-229:39747/
[rosmaster.master][INFO] 2017-06-05 18:59:27,708: +SERVICE [/rosapi/get_time] /rosapi http://ip-172-31-26-229:50046/
[rosmaster.master][INFO] 2017-06-05 18:59:27,712: +SERVICE [/rosbridge_websocket/get_loggers] /rosbridge_websocket http://ip-172-31-26-229:45960/
[rosmaster.master][INFO] 2017-06-05 18:59:27,716: +SERVICE [/interactive_marker_proxy/set_logger_level] /interactive_marker_proxy http://ip-172-31-26-229:39747/
[rosmaster.master][INFO] 2017-06-05 18:59:27,719: +SERVICE [/rosbridge_websocket/set_logger_level] /rosbridge_websocket http://ip-172-31-26-229:45960/
[rosmaster.master][INFO] 2017-06-05 18:59:27,726: +SUB [/tf] /interactive_marker_proxy http://ip-172-31-26-229:39747/
[rosmaster.master][INFO] 2017-06-05 18:59:27,735: +SUB [/tf_static] /interactive_marker_proxy http://ip-172-31-26-229:39747/
[rosmaster.master][INFO] 2017-06-05 18:59:27,743: +SUB [/control_markers/update] /interactive_marker_proxy http://ip-172-31-26-229:39747/
[rosmaster.master][INFO] 2017-06-05 18:59:27,749: +SUB [/control_markers/update_full] /interactive_marker_proxy http://ip-172-31-26-229:39747/
[rosmaster.master][INFO] 2017-06-05 18:59:27,755: publisherUpdate[/rosout] -> http://ip-172-31-26-229:47066/
[rosmaster.master][INFO] 2017-06-05 18:59:27,756: +PUB [/control_markers/tunneled/update] /interactive_marker_proxy http://ip-172-31-26-229:39747/
[rosmaster.master][INFO] 2017-06-05 18:59:27,760: publisherUpdate[/rosout] -> http://ip-172-31-26-229:47066/
[rosmaster.master][INFO] 2017-06-05 18:59:27,763: +SERVICE [/control_markers/tunneled/get_init] /interactive_marker_proxy http://ip-172-31-26-229:39747/
[rosmaster.master][INFO] 2017-06-05 18:59:27,805: -SUB [/control_markers/update_full] /interactive_marker_proxy http://ip-172-31-26-229:39747/
[rosmaster.master][INFO] 2017-06-05 18:59:28,614: +PARAM [/robot_description] by /rosparam-9047
[rosmaster.master][INFO] 2017-06-05 18:59:28,816: +PUB [/rosout] /robot_sim http://ip-172-31-26-229:40167/
[rosmaster.master][INFO] 2017-06-05 18:59:28,820: +SERVICE [/robot_sim/get_loggers] /robot_sim http://ip-172-31-26-229:40167/
[rosmaster.master][INFO] 2017-06-05 18:59:28,824: +SERVICE [/robot_sim/set_logger_level] /robot_sim http://ip-172-31-26-229:40167/
[rosmaster.master][INFO] 2017-06-05 18:59:28,833: +PUB [/joint_states] /robot_sim http://ip-172-31-26-229:40167/
[rosmaster.master][INFO] 2017-06-05 18:59:28,840: +SUB [/joint_velocities] /robot_sim http://ip-172-31-26-229:40167/
[rosmaster.master][INFO] 2017-06-05 18:59:28,847: +SUB [/joint_positions] /robot_sim http://ip-172-31-26-229:40167/
[rosmaster.master][INFO] 2017-06-05 18:59:28,854: +SUB [/joint_command] /robot_sim http://ip-172-31-26-229:40167/
[rosmaster.master][INFO] 2017-06-05 18:59:28,864: publisherUpdate[/rosout] -> http://ip-172-31-26-229:47066/
[rosmaster.master][INFO] 2017-06-05 18:59:29,785: +PUB [/rosout] /robot_state_publisher http://ip-172-31-26-229:49658/
[rosmaster.master][INFO] 2017-06-05 18:59:29,790: +SERVICE [/robot_state_publisher/get_loggers] /robot_state_publisher http://ip-172-31-26-229:49658/
[rosmaster.master][INFO] 2017-06-05 18:59:29,794: +SERVICE [/robot_state_publisher/set_logger_level] /robot_state_publisher http://ip-172-31-26-229:49658/
[rosmaster.master][INFO] 2017-06-05 18:59:29,801: +PUB [/tf] /robot_state_publisher http://ip-172-31-26-229:49658/
[rosmaster.master][INFO] 2017-06-05 18:59:29,805: +PUB [/tf_static] /robot_state_publisher http://ip-172-31-26-229:49658/
[rosmaster.master][INFO] 2017-06-05 18:59:29,814: +SUB [/joint_states] /robot_state_publisher http://ip-172-31-26-229:49658/
[rosmaster.master][INFO] 2017-06-05 18:59:29,867: publisherUpdate[/rosout] -> http://ip-172-31-26-229:47066/
[rosmaster.master][INFO] 2017-06-05 18:59:29,870: publisherUpdate[/tf] -> http://ip-172-31-26-229:53617/
[rosmaster.master][INFO] 2017-06-05 18:59:29,870: publisherUpdate[/tf] -> http://ip-172-31-26-229:39747/
[rosmaster.master][INFO] 2017-06-05 18:59:29,878: publisherUpdate[/tf_static] -> http://ip-172-31-26-229:53617/
[rosmaster.master][INFO] 2017-06-05 18:59:29,882: publisherUpdate[/tf_static] -> http://ip-172-31-26-229:39747/
[rosmaster.master][INFO] 2017-06-05 18:59:31,387: +PUB [/rosout] /cartesian_control_9131_1496714371222 http://ip-172-31-26-229:45391/
[rosmaster.master][INFO] 2017-06-05 18:59:31,390: publisherUpdate[/rosout] -> http://ip-172-31-26-229:47066/
[rosmaster.master][INFO] 2017-06-05 18:59:31,402: +SERVICE [/cartesian_control_9131_1496714371222/get_loggers] /cartesian_control_9131_1496714371222 http://ip-172-31-26-229:45391/
[rosmaster.master][INFO] 2017-06-05 18:59:31,406: +SERVICE [/cartesian_control_9131_1496714371222/set_logger_level] /cartesian_control_9131_1496714371222 http://ip-172-31-26-229:45391/
[rosmaster.master][INFO] 2017-06-05 18:59:31,419: +PUB [/cartesian_command] /cartesian_control_9131_1496714371222 http://ip-172-31-26-229:45391/
[rosmaster.master][INFO] 2017-06-05 18:59:31,423: +PUB [/redundancy_command] /cartesian_control_9131_1496714371222 http://ip-172-31-26-229:45391/
[rosmaster.master][INFO] 2017-06-05 18:59:31,428: +PUB [/joint_command] /cartesian_control_9131_1496714371222 http://ip-172-31-26-229:45391/
[rosmaster.master][INFO] 2017-06-05 18:59:31,432: +PUB [/control_markers/update_full] /cartesian_control_9131_1496714371222 http://ip-172-31-26-229:45391/
[rosmaster.master][INFO] 2017-06-05 18:59:31,437: +PUB [/control_markers/update] /cartesian_control_9131_1496714371222 http://ip-172-31-26-229:45391/
[rosmaster.master][INFO] 2017-06-05 18:59:31,442: +SUB [/control_markers/feedback] /cartesian_control_9131_1496714371222 http://ip-172-31-26-229:45391/
[rosmaster.master][INFO] 2017-06-05 18:59:31,447: +SUB [/joint_states] /cartesian_control_9131_1496714371222 http://ip-172-31-26-229:45391/
[rosmaster.master][INFO] 2017-06-05 18:59:31,474: publisherUpdate[/joint_command] -> http://ip-172-31-26-229:40167/
[rosmaster.master][INFO] 2017-06-05 18:59:31,481: publisherUpdate[/control_markers/update] -> http://ip-172-31-26-229:39747/
[rosmaster.master][INFO] 2017-06-05 18:59:31,702: +SUB [/control_markers/update_full] /interactive_marker_proxy http://ip-172-31-26-229:39747/
[rosmaster.master][INFO] 2017-06-05 18:59:31,905: -SUB [/control_markers/update_full] /interactive_marker_proxy http://ip-172-31-26-229:39747/
[rosmaster.master][INFO] 2017-06-05 18:59:46,436: +PUB [/tf2_web_republisher/goal] /rosbridge_websocket http://ip-172-31-26-229:45960/
[rosmaster.master][INFO] 2017-06-05 18:59:46,445: +PUB [/tf2_web_republisher/cancel] /rosbridge_websocket http://ip-172-31-26-229:45960/
[rosmaster.master][INFO] 2017-06-05 18:59:46,452: +SUB [/tf2_web_republisher/feedback] /rosbridge_websocket http://ip-172-31-26-229:45960/
[rosmaster.master][INFO] 2017-06-05 18:59:46,466: +SUB [/control_markers/tunneled/update] /rosbridge_websocket http://ip-172-31-26-229:45960/
[rosmaster.master][INFO] 2017-06-05 18:59:46,481: +PUB [/control_markers/feedback] /rosbridge_websocket http://ip-172-31-26-229:45960/
[rosmaster.master][INFO] 2017-06-05 18:59:46,511: publisherUpdate[/tf2_web_republisher/goal] -> http://ip-172-31-26-229:53617/
[rosmaster.master][INFO] 2017-06-05 18:59:46,511: publisherUpdate[/control_markers/feedback] -> http://ip-172-31-26-229:45391/
[rosmaster.master][INFO] 2017-06-05 18:59:46,515: publisherUpdate[/tf2_web_republisher/cancel] -> http://ip-172-31-26-229:53617/
[rosmaster.master][INFO] 2017-06-05 19:01:05,422: +PUB [/rosout] /cartesian_control_9967_1496714465264 http://ip-172-31-26-229:51388/
[rosmaster.master][INFO] 2017-06-05 19:01:05,440: +SERVICE [/cartesian_control_9967_1496714465264/get_loggers] /cartesian_control_9967_1496714465264 http://ip-172-31-26-229:51388/
[rosmaster.master][INFO] 2017-06-05 19:01:05,444: +SERVICE [/cartesian_control_9967_1496714465264/set_logger_level] /cartesian_control_9967_1496714465264 http://ip-172-31-26-229:51388/
[rosmaster.master][INFO] 2017-06-05 19:01:05,453: publisherUpdate[/rosout] -> http://ip-172-31-26-229:47066/
[rosmaster.master][INFO] 2017-06-05 19:01:05,456: +SUB [/joint_states] /cartesian_control_9967_1496714465264 http://ip-172-31-26-229:51388/
[rosmaster.master][INFO] 2017-06-05 19:01:05,462: +SUB [/cartesian_command] /cartesian_control_9967_1496714465264 http://ip-172-31-26-229:51388/
[rosmaster.master][INFO] 2017-06-05 19:01:05,468: +SUB [/redundancy_command] /cartesian_control_9967_1496714465264 http://ip-172-31-26-229:51388/
[rosmaster.master][INFO] 2017-06-05 19:01:05,472: +PUB [/joint_velocities] /cartesian_control_9967_1496714465264 http://ip-172-31-26-229:51388/
[rosmaster.master][INFO] 2017-06-05 19:01:05,555: publisherUpdate[/joint_velocities] -> http://ip-172-31-26-229:40167/
[rosmaster.master][INFO] 2017-06-05 19:01:43,890: -SUB [/redundancy_command] /cartesian_control_9967_1496714465264 http://ip-172-31-26-229:51388/
[rosmaster.master][INFO] 2017-06-05 19:01:43,891: -SUB [/joint_states] /cartesian_control_9967_1496714465264 http://ip-172-31-26-229:51388/
[rosmaster.master][INFO] 2017-06-05 19:01:43,895: -SUB [/cartesian_command] /cartesian_control_9967_1496714465264 http://ip-172-31-26-229:51388/
[rosmaster.master][INFO] 2017-06-05 19:01:43,898: -PUB [/joint_velocities] /cartesian_control_9967_1496714465264 http://ip-172-31-26-229:51388/
[rosmaster.master][INFO] 2017-06-05 19:01:43,902: -PUB [/rosout] /cartesian_control_9967_1496714465264 http://ip-172-31-26-229:51388/
[rosmaster.master][INFO] 2017-06-05 19:01:43,905: -SERVICE [/cartesian_control_9967_1496714465264/set_logger_level] /cartesian_control_9967_1496714465264 rosrpc://ip-172-31-26-229:52811
[rosmaster.master][INFO] 2017-06-05 19:01:43,908: -SERVICE [/cartesian_control_9967_1496714465264/get_loggers] /cartesian_control_9967_1496714465264 rosrpc://ip-172-31-26-229:52811
[rosmaster.master][INFO] 2017-06-05 19:01:43,921: publisherUpdate[/joint_velocities] -> http://ip-172-31-26-229:40167/
[rosmaster.master][INFO] 2017-06-05 19:01:43,923: publisherUpdate[/rosout] -> http://ip-172-31-26-229:47066/
[rosmaster.master][INFO] 2017-06-05 19:04:01,282: -PUB [/tf2_web_republisher/cancel] /rosbridge_websocket http://ip-172-31-26-229:45960/
[rosmaster.master][INFO] 2017-06-05 19:04:01,291: -PUB [/tf2_web_republisher/goal] /rosbridge_websocket http://ip-172-31-26-229:45960/
[rosmaster.master][INFO] 2017-06-05 19:04:01,304: -PUB [/control_markers/feedback] /rosbridge_websocket http://ip-172-31-26-229:45960/
[rosmaster.master][INFO] 2017-06-05 19:04:01,315: -SUB [/control_markers/tunneled/update] /rosbridge_websocket http://ip-172-31-26-229:45960/
[rosmaster.master][INFO] 2017-06-05 19:04:01,330: -SUB [/tf2_web_republisher/feedback] /rosbridge_websocket http://ip-172-31-26-229:45960/
[rosmaster.master][INFO] 2017-06-05 19:04:01,354: publisherUpdate[/tf2_web_republisher/cancel] -> http://ip-172-31-26-229:53617/
[rosmaster.master][INFO] 2017-06-05 19:04:01,354: publisherUpdate[/control_markers/feedback] -> http://ip-172-31-26-229:45391/
[rosmaster.master][INFO] 2017-06-05 19:04:01,358: publisherUpdate[/tf2_web_republisher/goal] -> http://ip-172-31-26-229:53617/
