[roslaunch][INFO] 2017-06-05 18:59:26,796: Checking log directory for disk usage. This may take awhile.
Press Ctrl-C to interrupt
[roslaunch][INFO] 2017-06-05 18:59:26,823: Done checking log file disk usage. Usage is <1GB.
[roslaunch][INFO] 2017-06-05 18:59:26,823: roslaunch starting with args ['/opt/ros/indigo/bin/roslaunch', 'rosbridge_server', 'rosbridge_websocket.launch', 'port:=38327']
[roslaunch][INFO] 2017-06-05 18:59:26,827: roslaunch env is {'ROS_DISTRO': 'indigo', 'ASNLIB': '/home/ccc_v1_s54106__48606/asn13354_Project_4/asn13355_Project_4/asnlib', 'LIB': '/home/ccc_v1_s54106__48606/lib', 'PKG_CONFIG_PATH': '/opt/ros/indigo/lib/pkgconfig:/opt/ros/indigo/lib/x86_64-linux-gnu/pkgconfig', 'SSH_CLIENT': '172.31.7.153 39988 22', 'CPATH': '/opt/ros/indigo/include', 'LOGNAME': 'ccc_v1_w_dd4cc_18220', 'USER': 'ccc_v1_w_dd4cc_18220', 'ROS_NODE_PORT': '56640', 'HOME': '/home/ccc_v1_w_dd4cc_18220/asn13354_Project_4/asn13355_Project_4/work', 'PATH': '/opt/ros/indigo/bin:/usr/local/sbin:/usr/local/bin:/usr/sbin:/usr/bin:/sbin:/bin:/usr/games:/usr/local/games:/home/local/bin:/home/ccc_v1_s54106__48606/lib:/home/ccc_v1_s54106__48606/asn13354_Project_4/asn13355_Project_4/asnlib:/home/vlibs:.', 'CMAKE_PREFIX_PATH': '/opt/ros/indigo', 'LD_LIBRARY_PATH': '/opt/ros/indigo/lib:/opt/ros/indigo/lib/x86_64-linux-gnu:/home/ccc_v1_s54106__48606/lib:/home/ccc_v1_s54106__48606/asn13354_Project_4/asn13355_Project_4/asnlib:/home/vlibs', 'LANG': 'en_US.UTF-8', 'TERM': 'xterm-256color', 'SHELL': '/bin/bash', 'HISTFILE': '/home/ccc_v1_w_dd4cc_18220/.bash_history', 'SHLVL': '2', 'VOC_WORKAREA': '/home/ccc_v1_w_dd4cc_18220/asn13354_Project_4/asn13355_Project_4/work', 'ROS_LOG_FILENAME': '/home/ccc_v1_w_dd4cc_18220/asn13354_Project_4/asn13355_Project_4/work/.ros/log/c3d7388e-4a5b-11e7-8e37-06b0869cc04d/roslaunch-ip-172-31-26-229-8870.log', 'PART1': '/home/ccc_v1_s54106__48606/asn13354_Project_4/asn13355_Project_4', 'ROS_ETC_DIR': '/opt/ros/indigo/etc/ros', 'XDG_RUNTIME_DIR': '/run/user/18220', 'PYTHONPATH': '/opt/ros/indigo/lib/python2.7/dist-packages:/home/vlibs/python', 'VOC_PROXY_WRAPPER_PORT': '5100', 'VOC_XFER_TOKEN': '64288179435424354213355059360c758fcb98.94283177', 'ROS_ROOT': '/opt/ros/indigo/share/ros', 'OLD_HOME': '/home/ccc_v1_w_dd4cc_18220', 'VOC_PROXY_TOKEN': '3392240014354243542133550159360c759c0938.61391546', 'ROS_PACKAGE_PATH': '/opt/ros/indigo/share:/opt/ros/indigo/stacks', 'XDG_SESSION_ID': '298370', '_': '/usr/bin/stdbuf', 'LD_PRELOAD': '/usr/lib/coreutils/libstdbuf.so', '_STDBUF_O': 'L', 'SSH_TTY': '/dev/pts/0', 'OLDPWD': '/home/ccc_v1_w_dd4cc_18220', 'ROSLISP_PACKAGE_DIRECTORIES': '', 'VLIB': '/home/vlibs', 'PWD': '/home/ccc_v1_w_dd4cc_18220/asn13354_Project_4/asn13355_Project_4/work', 'VOC_PROXY_ID': '43542_43542_13355_0_1', 'ROS_MASTER_URI': 'http://localhost:56640', 'MAIL': '/var/mail/ccc_v1_w_dd4cc_18220', 'SSH_CONNECTION': '172.31.7.153 39988 172.31.26.229 22'}
[roslaunch][INFO] 2017-06-05 18:59:26,830: starting in server mode
[roslaunch.parent][INFO] 2017-06-05 18:59:26,834: starting roslaunch parent run
[roslaunch][INFO] 2017-06-05 18:59:26,837: loading roscore config file /opt/ros/indigo/etc/ros/roscore.xml
[roslaunch][INFO] 2017-06-05 18:59:26,948: Added core node of type [rosout/rosout] in namespace [/]
[roslaunch.config][INFO] 2017-06-05 18:59:26,949: loading config file /opt/ros/indigo/share/rosbridge_server/launch/rosbridge_websocket.launch
[roslaunch][INFO] 2017-06-05 18:59:26,954: Added node of type [rosbridge_server/rosbridge_websocket] in namespace [/]
[roslaunch][INFO] 2017-06-05 18:59:26,961: Added node of type [rosapi/rosapi_node] in namespace [/]
[roslaunch][INFO] 2017-06-05 18:59:26,964: ... selected machine [] for node of type [rosbridge_server/rosbridge_websocket]
[roslaunch][INFO] 2017-06-05 18:59:26,968: ... selected machine [] for node of type [rosapi/rosapi_node]
[roslaunch.pmon][INFO] 2017-06-05 18:59:26,972: start_process_monitor: creating ProcessMonitor
[roslaunch.pmon][INFO] 2017-06-05 18:59:26,975: created process monitor <ProcessMonitor(ProcessMonitor-1, initial daemon)>
[roslaunch.pmon][INFO] 2017-06-05 18:59:26,978: start_process_monitor: ProcessMonitor started
[roslaunch.parent][INFO] 2017-06-05 18:59:26,982: starting parent XML-RPC server
[roslaunch.server][INFO] 2017-06-05 18:59:26,985: starting roslaunch XML-RPC server
[roslaunch.server][INFO] 2017-06-05 18:59:26,989: waiting for roslaunch XML-RPC server to initialize
[xmlrpc][INFO] 2017-06-05 18:59:26,989: XML-RPC server binding to 0.0.0.0:0
[xmlrpc][INFO] 2017-06-05 18:59:26,995: Started XML-RPC server [http://ip-172-31-26-229:58920/]
[xmlrpc][INFO] 2017-06-05 18:59:26,999: xml rpc node: starting XML-RPC server
[roslaunch][INFO] 2017-06-05 18:59:27,007: started roslaunch server http://ip-172-31-26-229:58920/
[roslaunch.parent][INFO] 2017-06-05 18:59:27,011: ... parent XML-RPC server started
[roslaunch][INFO] 2017-06-05 18:59:27,015: master.is_running[http://localhost:56640]
[roslaunch][INFO] 2017-06-05 18:59:27,019: master.is_running[http://localhost:56640]
[roslaunch][INFO] 2017-06-05 18:59:27,023: ROS_MASTER_URI=http://localhost:56640
[roslaunch][INFO] 2017-06-05 18:59:27,028: setting /roslaunch/uris/host_ip_172_31_26_229__58920' to http://ip-172-31-26-229:58920/
[roslaunch][INFO] 2017-06-05 18:59:27,034: load_parameters starting ...
[roslaunch][INFO] 2017-06-05 18:59:27,072: ... load_parameters complete
[roslaunch][INFO] 2017-06-05 18:59:27,075: launch_nodes: launching local nodes ...
[roslaunch][INFO] 2017-06-05 18:59:27,079: ... preparing to launch node of type [rosbridge_server/rosbridge_websocket]
[roslaunch][INFO] 2017-06-05 18:59:27,082: create_node_process: package[rosbridge_server] type[rosbridge_websocket] machine[Machine(name[] env_loader[None] address[localhost] ssh_port[22] user[None] assignable[True] timeout[10.0])] master_uri[http://localhost:56640]
[roslaunch][INFO] 2017-06-05 18:59:27,086: process[rosbridge_websocket-1]: env[{'ROS_DISTRO': 'indigo', 'ASNLIB': '/home/ccc_v1_s54106__48606/asn13354_Project_4/asn13355_Project_4/asnlib', 'LIB': '/home/ccc_v1_s54106__48606/lib', 'VOC_PROXY_TOKEN': '3392240014354243542133550159360c759c0938.61391546', 'SSH_CLIENT': '172.31.7.153 39988 22', 'CPATH': '/opt/ros/indigo/include', 'LOGNAME': 'ccc_v1_w_dd4cc_18220', 'USER': 'ccc_v1_w_dd4cc_18220', 'ROS_NODE_PORT': '56640', 'HOME': '/home/ccc_v1_w_dd4cc_18220/asn13354_Project_4/asn13355_Project_4/work', 'PATH': '/opt/ros/indigo/bin:/usr/local/sbin:/usr/local/bin:/usr/sbin:/usr/bin:/sbin:/bin:/usr/games:/usr/local/games:/home/local/bin:/home/ccc_v1_s54106__48606/lib:/home/ccc_v1_s54106__48606/asn13354_Project_4/asn13355_Project_4/asnlib:/home/vlibs:.', 'CMAKE_PREFIX_PATH': '/opt/ros/indigo', 'ROS_LOG_FILENAME': '/home/ccc_v1_w_dd4cc_18220/asn13354_Project_4/asn13355_Project_4/work/.ros/log/c3d7388e-4a5b-11e7-8e37-06b0869cc04d/roslaunch-ip-172-31-26-229-8870.log', 'LANG': 'en_US.UTF-8', 'TERM': 'xterm-256color', 'SHELL': '/bin/bash', 'HISTFILE': '/home/ccc_v1_w_dd4cc_18220/.bash_history', 'SHLVL': '2', 'VOC_WORKAREA': '/home/ccc_v1_w_dd4cc_18220/asn13354_Project_4/asn13355_Project_4/work', 'LD_LIBRARY_PATH': '/opt/ros/indigo/lib:/opt/ros/indigo/lib/x86_64-linux-gnu:/home/ccc_v1_s54106__48606/lib:/home/ccc_v1_s54106__48606/asn13354_Project_4/asn13355_Project_4/asnlib:/home/vlibs', 'PART1': '/home/ccc_v1_s54106__48606/asn13354_Project_4/asn13355_Project_4', 'ROS_MASTER_URI': 'http://localhost:56640', 'XDG_RUNTIME_DIR': '/run/user/18220', 'PYTHONPATH': '/opt/ros/indigo/lib/python2.7/dist-packages:/home/vlibs/python', 'VOC_PROXY_WRAPPER_PORT': '5100', 'VOC_XFER_TOKEN': '64288179435424354213355059360c758fcb98.94283177', 'ROS_ROOT': '/opt/ros/indigo/share/ros', 'OLD_HOME': '/home/ccc_v1_w_dd4cc_18220', 'PKG_CONFIG_PATH': '/opt/ros/indigo/lib/pkgconfig:/opt/ros/indigo/lib/x86_64-linux-gnu/pkgconfig', 'ROS_PACKAGE_PATH': '/opt/ros/indigo/share:/opt/ros/indigo/stacks', 'XDG_SESSION_ID': '298370', '_': '/usr/bin/stdbuf', 'LD_PRELOAD': '/usr/lib/coreutils/libstdbuf.so', '_STDBUF_O': 'L', 'SSH_TTY': '/dev/pts/0', 'OLDPWD': '/home/ccc_v1_w_dd4cc_18220', 'ROSLISP_PACKAGE_DIRECTORIES': '', 'VLIB': '/home/vlibs', 'PWD': '/home/ccc_v1_w_dd4cc_18220/asn13354_Project_4/asn13355_Project_4/work', 'VOC_PROXY_ID': '43542_43542_13355_0_1', 'ROS_ETC_DIR': '/opt/ros/indigo/etc/ros', 'MAIL': '/var/mail/ccc_v1_w_dd4cc_18220', 'SSH_CONNECTION': '172.31.7.153 39988 172.31.26.229 22'}]
[roslaunch][INFO] 2017-06-05 18:59:27,115: process[rosbridge_websocket-1]: args[[u'/opt/ros/indigo/lib/rosbridge_server/rosbridge_websocket', u'__name:=rosbridge_websocket']]
[roslaunch][INFO] 2017-06-05 18:59:27,118: ... created process [rosbridge_websocket-1]
[roslaunch.pmon][INFO] 2017-06-05 18:59:27,123: ProcessMonitor.register[rosbridge_websocket-1]
[roslaunch.pmon][INFO] 2017-06-05 18:59:27,126: ProcessMonitor.register[rosbridge_websocket-1] complete
[roslaunch][INFO] 2017-06-05 18:59:27,130: ... registered process [rosbridge_websocket-1]
[roslaunch][INFO] 2017-06-05 18:59:27,133: process[rosbridge_websocket-1]: starting os process
[roslaunch][INFO] 2017-06-05 18:59:27,137: process[rosbridge_websocket-1]: start w/ args [[u'/opt/ros/indigo/lib/rosbridge_server/rosbridge_websocket', u'__name:=rosbridge_websocket', u'__log:=/home/ccc_v1_w_dd4cc_18220/asn13354_Project_4/asn13355_Project_4/work/.ros/log/c3d7388e-4a5b-11e7-8e37-06b0869cc04d/rosbridge_websocket-1.log']]
[roslaunch][INFO] 2017-06-05 18:59:27,141: process[rosbridge_websocket-1]: cwd will be [/home/ccc_v1_w_dd4cc_18220/asn13354_Project_4/asn13355_Project_4/work/.ros]
[roslaunch][INFO] 2017-06-05 18:59:27,150: process[rosbridge_websocket-1]: started with pid [8888]
[roslaunch][INFO] 2017-06-05 18:59:27,151: ... successfully launched [rosbridge_websocket-1]
[roslaunch][INFO] 2017-06-05 18:59:27,154: ... preparing to launch node of type [rosapi/rosapi_node]
[roslaunch][INFO] 2017-06-05 18:59:27,157: create_node_process: package[rosapi] type[rosapi_node] machine[Machine(name[] env_loader[None] address[localhost] ssh_port[22] user[None] assignable[True] timeout[10.0])] master_uri[http://localhost:56640]
[roslaunch][INFO] 2017-06-05 18:59:27,161: process[rosapi-2]: env[{'ROS_DISTRO': 'indigo', 'ASNLIB': '/home/ccc_v1_s54106__48606/asn13354_Project_4/asn13355_Project_4/asnlib', 'LIB': '/home/ccc_v1_s54106__48606/lib', 'VOC_PROXY_TOKEN': '3392240014354243542133550159360c759c0938.61391546', 'SSH_CLIENT': '172.31.7.153 39988 22', 'CPATH': '/opt/ros/indigo/include', 'LOGNAME': 'ccc_v1_w_dd4cc_18220', 'USER': 'ccc_v1_w_dd4cc_18220', 'ROS_NODE_PORT': '56640', 'HOME': '/home/ccc_v1_w_dd4cc_18220/asn13354_Project_4/asn13355_Project_4/work', 'PATH': '/opt/ros/indigo/bin:/usr/local/sbin:/usr/local/bin:/usr/sbin:/usr/bin:/sbin:/bin:/usr/games:/usr/local/games:/home/local/bin:/home/ccc_v1_s54106__48606/lib:/home/ccc_v1_s54106__48606/asn13354_Project_4/asn13355_Project_4/asnlib:/home/vlibs:.', 'CMAKE_PREFIX_PATH': '/opt/ros/indigo', 'ROS_LOG_FILENAME': '/home/ccc_v1_w_dd4cc_18220/asn13354_Project_4/asn13355_Project_4/work/.ros/log/c3d7388e-4a5b-11e7-8e37-06b0869cc04d/roslaunch-ip-172-31-26-229-8870.log', 'LANG': 'en_US.UTF-8', 'TERM': 'xterm-256color', 'SHELL': '/bin/bash', 'HISTFILE': '/home/ccc_v1_w_dd4cc_18220/.bash_history', 'SHLVL': '2', 'VOC_WORKAREA': '/home/ccc_v1_w_dd4cc_18220/asn13354_Project_4/asn13355_Project_4/work', 'LD_LIBRARY_PATH': '/opt/ros/indigo/lib:/opt/ros/indigo/lib/x86_64-linux-gnu:/home/ccc_v1_s54106__48606/lib:/home/ccc_v1_s54106__48606/asn13354_Project_4/asn13355_Project_4/asnlib:/home/vlibs', 'PART1': '/home/ccc_v1_s54106__48606/asn13354_Project_4/asn13355_Project_4', 'ROS_MASTER_URI': 'http://localhost:56640', 'XDG_RUNTIME_DIR': '/run/user/18220', 'PYTHONPATH': '/opt/ros/indigo/lib/python2.7/dist-packages:/home/vlibs/python', 'VOC_PROXY_WRAPPER_PORT': '5100', 'VOC_XFER_TOKEN': '64288179435424354213355059360c758fcb98.94283177', 'ROS_ROOT': '/opt/ros/indigo/share/ros', 'OLD_HOME': '/home/ccc_v1_w_dd4cc_18220', 'PKG_CONFIG_PATH': '/opt/ros/indigo/lib/pkgconfig:/opt/ros/indigo/lib/x86_64-linux-gnu/pkgconfig', 'ROS_PACKAGE_PATH': '/opt/ros/indigo/share:/opt/ros/indigo/stacks', 'XDG_SESSION_ID': '298370', '_': '/usr/bin/stdbuf', 'LD_PRELOAD': '/usr/lib/coreutils/libstdbuf.so', '_STDBUF_O': 'L', 'SSH_TTY': '/dev/pts/0', 'OLDPWD': '/home/ccc_v1_w_dd4cc_18220', 'ROSLISP_PACKAGE_DIRECTORIES': '', 'VLIB': '/home/vlibs', 'PWD': '/home/ccc_v1_w_dd4cc_18220/asn13354_Project_4/asn13355_Project_4/work', 'VOC_PROXY_ID': '43542_43542_13355_0_1', 'ROS_ETC_DIR': '/opt/ros/indigo/etc/ros', 'MAIL': '/var/mail/ccc_v1_w_dd4cc_18220', 'SSH_CONNECTION': '172.31.7.153 39988 172.31.26.229 22'}]
[roslaunch][INFO] 2017-06-05 18:59:27,165: process[rosapi-2]: args[[u'/opt/ros/indigo/lib/rosapi/rosapi_node', u'__name:=rosapi']]
[roslaunch][INFO] 2017-06-05 18:59:27,176: ... created process [rosapi-2]
[roslaunch.pmon][INFO] 2017-06-05 18:59:27,180: ProcessMonitor.register[rosapi-2]
[roslaunch.pmon][INFO] 2017-06-05 18:59:27,183: ProcessMonitor.register[rosapi-2] complete
[roslaunch][INFO] 2017-06-05 18:59:27,188: ... registered process [rosapi-2]
[roslaunch][INFO] 2017-06-05 18:59:27,191: process[rosapi-2]: starting os process
[roslaunch][INFO] 2017-06-05 18:59:27,197: process[rosapi-2]: start w/ args [[u'/opt/ros/indigo/lib/rosapi/rosapi_node', u'__name:=rosapi', u'__log:=/home/ccc_v1_w_dd4cc_18220/asn13354_Project_4/asn13355_Project_4/work/.ros/log/c3d7388e-4a5b-11e7-8e37-06b0869cc04d/rosapi-2.log']]
[roslaunch][INFO] 2017-06-05 18:59:27,201: process[rosapi-2]: cwd will be [/home/ccc_v1_w_dd4cc_18220/asn13354_Project_4/asn13355_Project_4/work/.ros]
[roslaunch][INFO] 2017-06-05 18:59:27,208: process[rosapi-2]: started with pid [8889]
[roslaunch][INFO] 2017-06-05 18:59:27,209: ... successfully launched [rosapi-2]
[roslaunch][INFO] 2017-06-05 18:59:27,212: ... launch_nodes complete
[roslaunch.pmon][INFO] 2017-06-05 18:59:27,216: registrations completed <ProcessMonitor(ProcessMonitor-1, started daemon 139969148655360)>
[roslaunch.parent][INFO] 2017-06-05 18:59:27,219: ... roslaunch parent running, waiting for process exit
[roslaunch][INFO] 2017-06-05 18:59:27,222: spin
