[roslaunch][INFO] 2017-06-10 22:39:19,516: Checking log directory for disk usage. This may take awhile.
Press Ctrl-C to interrupt
[roslaunch][INFO] 2017-06-10 22:39:19,614: Done checking log file disk usage. Usage is <1GB.
[roslaunch][INFO] 2017-06-10 22:39:19,614: roslaunch starting with args ['roscore', '--core', '-p', '37293']
[roslaunch][INFO] 2017-06-10 22:39:19,618: roslaunch env is {'ROS_DISTRO': 'indigo', 'ASNLIB': '/home/ccc_v1_s54106__48606/asn13529_Project_5/asn13530_Project_4/asnlib', 'LIB': '/home/ccc_v1_s54106__48606/lib', 'PKG_CONFIG_PATH': '/opt/ros/indigo/lib/pkgconfig:/opt/ros/indigo/lib/x86_64-linux-gnu/pkgconfig', 'SSH_CLIENT': '172.31.7.153 42432 22', 'CPATH': '/opt/ros/indigo/include', 'LOGNAME': 'ccc_v1_w_dd4cc_18220', 'USER': 'ccc_v1_w_dd4cc_18220', 'ROS_NODE_PORT': '37293', 'HOME': '/home/ccc_v1_w_dd4cc_18220/asn13529_Project_5/asn13530_Project_4/work', 'PATH': '/opt/ros/indigo/bin:/usr/local/sbin:/usr/local/bin:/usr/sbin:/usr/bin:/sbin:/bin:/usr/games:/usr/local/games:/home/local/bin:/home/ccc_v1_s54106__48606/lib:/home/ccc_v1_s54106__48606/asn13529_Project_5/asn13530_Project_4/asnlib:/home/vlibs:.', 'CMAKE_PREFIX_PATH': '/opt/ros/indigo', 'LD_LIBRARY_PATH': '/opt/ros/indigo/lib:/opt/ros/indigo/lib/x86_64-linux-gnu:/home/ccc_v1_s54106__48606/lib:/home/ccc_v1_s54106__48606/asn13529_Project_5/asn13530_Project_4/asnlib:/home/vlibs', 'LANG': 'en_US.UTF-8', 'TERM': 'xterm-256color', 'SHELL': '/bin/bash', 'HISTFILE': '/home/ccc_v1_w_dd4cc_18220/.bash_history', 'SHLVL': '2', 'VOC_WORKAREA': '/home/ccc_v1_w_dd4cc_18220/asn13529_Project_5/asn13530_Project_4/work', 'ROS_LOG_FILENAME': '/home/ccc_v1_w_dd4cc_18220/asn13529_Project_5/asn13530_Project_4/work/.ros/log/50a54cdc-4e68-11e7-86d0-06b0869cc04d/roslaunch-ip-172-31-26-229-19052.log', 'PART1': '/home/ccc_v1_s54106__48606/asn13529_Project_5/asn13530_Project_4', 'ROS_ETC_DIR': '/opt/ros/indigo/etc/ros', 'XDG_RUNTIME_DIR': '/run/user/18220', 'PYTHONPATH': '/opt/ros/indigo/lib/python2.7/dist-packages:/home/vlibs/python', 'VOC_PROXY_WRAPPER_PORT': '5100', 'VOC_XFER_TOKEN': '18263566494354243542135300593cd77c1b93c9.21624630', 'ROS_ROOT': '/opt/ros/indigo/share/ros', 'OLD_HOME': '/home/ccc_v1_w_dd4cc_18220', 'VOC_PROXY_TOKEN': '194033472343542435421353001593cd77c268b72.26282305', 'ROS_PACKAGE_PATH': '/opt/ros/indigo/share:/opt/ros/indigo/stacks', 'XDG_SESSION_ID': '322846', '_': '/usr/bin/stdbuf', 'LD_PRELOAD': '/usr/lib/coreutils/libstdbuf.so', '_STDBUF_O': 'L', 'SSH_TTY': '/dev/pts/2', 'OLDPWD': '/home/ccc_v1_w_dd4cc_18220', 'ROSLISP_PACKAGE_DIRECTORIES': '', 'VLIB': '/home/vlibs', 'PWD': '/home/ccc_v1_w_dd4cc_18220/asn13529_Project_5/asn13530_Project_4/work', 'VOC_PROXY_ID': '43542_43542_13530_0_1', 'ROS_MASTER_URI': 'http://localhost:37293', 'MAIL': '/var/mail/ccc_v1_w_dd4cc_18220', 'SSH_CONNECTION': '172.31.7.153 42432 172.31.26.229 22'}
[roslaunch][INFO] 2017-06-10 22:39:19,621: starting in server mode
[roslaunch.parent][INFO] 2017-06-10 22:39:19,624: starting roslaunch parent run
[roslaunch][INFO] 2017-06-10 22:39:19,628: loading roscore config file /opt/ros/indigo/etc/ros/roscore.xml
[roslaunch][INFO] 2017-06-10 22:39:19,755: Added core node of type [rosout/rosout] in namespace [/]
[roslaunch.pmon][INFO] 2017-06-10 22:39:19,756: start_process_monitor: creating ProcessMonitor
[roslaunch.pmon][INFO] 2017-06-10 22:39:19,759: created process monitor <ProcessMonitor(ProcessMonitor-1, initial daemon)>
[roslaunch.pmon][INFO] 2017-06-10 22:39:19,763: start_process_monitor: ProcessMonitor started
[roslaunch.parent][INFO] 2017-06-10 22:39:19,766: starting parent XML-RPC server
[roslaunch.server][INFO] 2017-06-10 22:39:19,770: starting roslaunch XML-RPC server
[roslaunch.server][INFO] 2017-06-10 22:39:19,774: waiting for roslaunch XML-RPC server to initialize
[xmlrpc][INFO] 2017-06-10 22:39:19,774: XML-RPC server binding to 0.0.0.0:0
[xmlrpc][INFO] 2017-06-10 22:39:19,781: Started XML-RPC server [http://ip-172-31-26-229:46430/]
[xmlrpc][INFO] 2017-06-10 22:39:19,785: xml rpc node: starting XML-RPC server
[roslaunch][INFO] 2017-06-10 22:39:19,793: started roslaunch server http://ip-172-31-26-229:46430/
[roslaunch.parent][INFO] 2017-06-10 22:39:19,797: ... parent XML-RPC server started
[roslaunch][INFO] 2017-06-10 22:39:19,802: master.is_running[http://ip-172-31-26-229:37293/]
[roslaunch][INFO] 2017-06-10 22:39:19,807: auto-starting new master
[roslaunch][INFO] 2017-06-10 22:39:19,810: create_master_process: rosmaster, /opt/ros/indigo/share/ros, 37293, 3, None
[roslaunch][INFO] 2017-06-10 22:39:19,814: process[master]: launching with args [['rosmaster', '--core', '-p', '37293', '-w', '3']]
[roslaunch.pmon][INFO] 2017-06-10 22:39:19,817: ProcessMonitor.register[master]
[roslaunch.pmon][INFO] 2017-06-10 22:39:19,821: ProcessMonitor.register[master] complete
[roslaunch][INFO] 2017-06-10 22:39:19,824: process[master]: starting os process
[roslaunch][INFO] 2017-06-10 22:39:19,835: process[master]: start w/ args [['rosmaster', '--core', '-p', '37293', '-w', '3', '__log:=/home/ccc_v1_w_dd4cc_18220/asn13529_Project_5/asn13530_Project_4/work/.ros/log/50a54cdc-4e68-11e7-86d0-06b0869cc04d/master.log']]
[roslaunch][INFO] 2017-06-10 22:39:19,838: process[master]: cwd will be [/home/ccc_v1_w_dd4cc_18220/asn13529_Project_5/asn13530_Project_4/work/.ros]
[roslaunch][INFO] 2017-06-10 22:39:19,847: process[master]: started with pid [19067]
[roslaunch][INFO] 2017-06-10 22:39:19,848: master.is_running[http://ip-172-31-26-229:37293/]
[roslaunch][INFO] 2017-06-10 22:39:19,952: master.is_running[http://ip-172-31-26-229:37293/]
[roslaunch][INFO] 2017-06-10 22:39:20,057: master.is_running[http://ip-172-31-26-229:37293/]
[roslaunch][INFO] 2017-06-10 22:39:20,062: master.is_running[http://ip-172-31-26-229:37293/]
[roslaunch][INFO] 2017-06-10 22:39:20,067: ROS_MASTER_URI=http://ip-172-31-26-229:37293/
[roslaunch][INFO] 2017-06-10 22:39:20,072: setting /run_id to 50a54cdc-4e68-11e7-86d0-06b0869cc04d
[roslaunch][INFO] 2017-06-10 22:39:20,081: setting /roslaunch/uris/host_ip_172_31_26_229__46430' to http://ip-172-31-26-229:46430/
[roslaunch][INFO] 2017-06-10 22:39:20,090: ... preparing to launch node of type [rosout/rosout]
[roslaunch][INFO] 2017-06-10 22:39:20,094: create_node_process: package[rosout] type[rosout] machine[Machine(name[] env_loader[None] address[localhost] ssh_port[22] user[None] assignable[True] timeout[10.0])] master_uri[http://ip-172-31-26-229:37293/]
[roslaunch][INFO] 2017-06-10 22:39:20,098: process[rosout-1]: env[{'ROS_DISTRO': 'indigo', 'ASNLIB': '/home/ccc_v1_s54106__48606/asn13529_Project_5/asn13530_Project_4/asnlib', 'LIB': '/home/ccc_v1_s54106__48606/lib', 'VOC_PROXY_TOKEN': '194033472343542435421353001593cd77c268b72.26282305', 'SSH_CLIENT': '172.31.7.153 42432 22', 'CPATH': '/opt/ros/indigo/include', 'LOGNAME': 'ccc_v1_w_dd4cc_18220', 'USER': 'ccc_v1_w_dd4cc_18220', 'ROS_NODE_PORT': '37293', 'HOME': '/home/ccc_v1_w_dd4cc_18220/asn13529_Project_5/asn13530_Project_4/work', 'PATH': '/opt/ros/indigo/bin:/usr/local/sbin:/usr/local/bin:/usr/sbin:/usr/bin:/sbin:/bin:/usr/games:/usr/local/games:/home/local/bin:/home/ccc_v1_s54106__48606/lib:/home/ccc_v1_s54106__48606/asn13529_Project_5/asn13530_Project_4/asnlib:/home/vlibs:.', 'CMAKE_PREFIX_PATH': '/opt/ros/indigo', 'ROS_LOG_FILENAME': '/home/ccc_v1_w_dd4cc_18220/asn13529_Project_5/asn13530_Project_4/work/.ros/log/50a54cdc-4e68-11e7-86d0-06b0869cc04d/roslaunch-ip-172-31-26-229-19052.log', 'LANG': 'en_US.UTF-8', 'TERM': 'xterm-256color', 'SHELL': '/bin/bash', 'HISTFILE': '/home/ccc_v1_w_dd4cc_18220/.bash_history', 'SHLVL': '2', 'VOC_WORKAREA': '/home/ccc_v1_w_dd4cc_18220/asn13529_Project_5/asn13530_Project_4/work', 'LD_LIBRARY_PATH': '/opt/ros/indigo/lib:/opt/ros/indigo/lib/x86_64-linux-gnu:/home/ccc_v1_s54106__48606/lib:/home/ccc_v1_s54106__48606/asn13529_Project_5/asn13530_Project_4/asnlib:/home/vlibs', 'PART1': '/home/ccc_v1_s54106__48606/asn13529_Project_5/asn13530_Project_4', 'ROS_MASTER_URI': 'http://ip-172-31-26-229:37293/', 'XDG_RUNTIME_DIR': '/run/user/18220', 'PYTHONPATH': '/opt/ros/indigo/lib/python2.7/dist-packages:/home/vlibs/python', 'VOC_PROXY_WRAPPER_PORT': '5100', 'VOC_XFER_TOKEN': '18263566494354243542135300593cd77c1b93c9.21624630', 'ROS_ROOT': '/opt/ros/indigo/share/ros', 'OLD_HOME': '/home/ccc_v1_w_dd4cc_18220', 'PKG_CONFIG_PATH': '/opt/ros/indigo/lib/pkgconfig:/opt/ros/indigo/lib/x86_64-linux-gnu/pkgconfig', 'ROS_PACKAGE_PATH': '/opt/ros/indigo/share:/opt/ros/indigo/stacks', 'XDG_SESSION_ID': '322846', '_': '/usr/bin/stdbuf', 'LD_PRELOAD': '/usr/lib/coreutils/libstdbuf.so', '_STDBUF_O': 'L', 'SSH_TTY': '/dev/pts/2', 'OLDPWD': '/home/ccc_v1_w_dd4cc_18220', 'ROSLISP_PACKAGE_DIRECTORIES': '', 'VLIB': '/home/vlibs', 'PWD': '/home/ccc_v1_w_dd4cc_18220/asn13529_Project_5/asn13530_Project_4/work', 'VOC_PROXY_ID': '43542_43542_13530_0_1', 'ROS_ETC_DIR': '/opt/ros/indigo/etc/ros', 'MAIL': '/var/mail/ccc_v1_w_dd4cc_18220', 'SSH_CONNECTION': '172.31.7.153 42432 172.31.26.229 22'}]
[roslaunch][INFO] 2017-06-10 22:39:20,130: process[rosout-1]: args[[u'/opt/ros/indigo/lib/rosout/rosout', u'__name:=rosout']]
[roslaunch][INFO] 2017-06-10 22:39:20,134: ... created process [rosout-1]
[roslaunch.pmon][INFO] 2017-06-10 22:39:20,138: ProcessMonitor.register[rosout-1]
[roslaunch.pmon][INFO] 2017-06-10 22:39:20,141: ProcessMonitor.register[rosout-1] complete
[roslaunch][INFO] 2017-06-10 22:39:20,145: ... registered process [rosout-1]
[roslaunch][INFO] 2017-06-10 22:39:20,158: process[rosout-1]: starting os process
[roslaunch][INFO] 2017-06-10 22:39:20,162: process[rosout-1]: start w/ args [[u'/opt/ros/indigo/lib/rosout/rosout', u'__name:=rosout', u'__log:=/home/ccc_v1_w_dd4cc_18220/asn13529_Project_5/asn13530_Project_4/work/.ros/log/50a54cdc-4e68-11e7-86d0-06b0869cc04d/rosout-1.log']]
[roslaunch][INFO] 2017-06-10 22:39:20,166: process[rosout-1]: cwd will be [/home/ccc_v1_w_dd4cc_18220/asn13529_Project_5/asn13530_Project_4/work/.ros]
[roslaunch][INFO] 2017-06-10 22:39:20,175: process[rosout-1]: started with pid [19080]
[roslaunch][INFO] 2017-06-10 22:39:20,175: ... successfully launched [rosout-1]
[roslaunch][INFO] 2017-06-10 22:39:20,179: load_parameters starting ...
[roslaunch][INFO] 2017-06-10 22:39:20,192: ... load_parameters complete
[roslaunch][INFO] 2017-06-10 22:39:20,196: launch_nodes: launching local nodes ...
[roslaunch][INFO] 2017-06-10 22:39:20,199: ... launch_nodes complete
[roslaunch.pmon][INFO] 2017-06-10 22:39:20,206: registrations completed <ProcessMonitor(ProcessMonitor-1, started daemon 140191738365696)>
[roslaunch.parent][INFO] 2017-06-10 22:39:20,212: ... roslaunch parent running, waiting for process exit
[roslaunch][INFO] 2017-06-10 22:39:20,215: spin
