[rospy.client][INFO] 2017-06-10 02:09:30,989: init_node, name[/rosbridge_websocket], pid[32257]
[xmlrpc][INFO] 2017-06-10 02:09:30,990: XML-RPC server binding to 0.0.0.0:0
[xmlrpc][INFO] 2017-06-10 02:09:30,994: Started XML-RPC server [http://ip-172-31-26-229:50653/]
[rospy.init][INFO] 2017-06-10 02:09:30,994: ROS Slave URI: [http://ip-172-31-26-229:50653/]
[rospy.impl.masterslave][INFO] 2017-06-10 02:09:30,998: _ready: http://ip-172-31-26-229:50653/
[xmlrpc][INFO] 2017-06-10 02:09:31,008: xml rpc node: starting XML-RPC server
[rospy.registration][INFO] 2017-06-10 02:09:31,009: Registering with master node http://localhost:55289
[rospy.init][INFO] 2017-06-10 02:09:31,105: registered with master
[rospy.rosout][INFO] 2017-06-10 02:09:31,109: initializing /rosout core topic
[rospy.rosout][INFO] 2017-06-10 02:09:31,126: connected to core topic /rosout
[rospy.simtime][INFO] 2017-06-10 02:09:31,131: /use_sim_time is not set, will not subscribe to simulated time [/clock] topic
[rosout][INFO] 2017-06-10 02:09:31,171: Rosbridge WebSocket server started on port 36283
[rospy.internal][INFO] 2017-06-10 02:09:31,355: topic[/rosout] adding connection to [/rosout], count 0
[rosout][INFO] 2017-06-10 02:09:37,256: Client connected.  1 clients total.
[rosout][INFO] 2017-06-10 02:09:37,398: [Client 0] Subscribed to /tf2_web_republisher/feedback
[rosout][INFO] 2017-06-10 02:09:37,414: [Client 0] Subscribed to /visualization_marker_array
[rosout][INFO] 2017-06-10 02:09:37,432: [Client 0] Subscribed to /control_markers/tunneled/update
[rospy.internal][INFO] 2017-06-10 02:09:37,435: topic[/control_markers/tunneled/update] adding connection to [http://ip-172-31-26-229:55586/], count 0
[rospy.internal][INFO] 2017-06-10 02:09:37,436: topic[/tf2_web_republisher/feedback] adding connection to [http://ip-172-31-26-229:54145/], count 0
[rospy.internal][INFO] 2017-06-10 02:09:37,437: topic[/visualization_marker_array] adding connection to [http://ip-172-31-26-229:52129/], count 0
[rospy.internal][INFO] 2017-06-10 02:09:37,518: topic[/control_markers/feedback] adding connection to [/marker_control_32504_1497085774017], count 0
[rosout][INFO] 2017-06-10 02:09:37,538: [Client 0] Subscribed to /tf2_web_republisher/feedback
[rosout][INFO] 2017-06-10 02:09:37,551: [Client 0] Subscribed to /tf2_web_republisher/feedback
[rosout][INFO] 2017-06-10 02:09:37,557: [Client 0] Subscribed to /tf2_web_republisher/feedback
[rosout][INFO] 2017-06-10 02:09:37,561: [Client 0] Subscribed to /tf2_web_republisher/feedback
[rosout][INFO] 2017-06-10 02:09:37,566: [Client 0] Subscribed to /tf2_web_republisher/feedback
[rosout][INFO] 2017-06-10 02:09:37,570: [Client 0] Subscribed to /tf2_web_republisher/feedback
[rosout][INFO] 2017-06-10 02:09:37,574: [Client 0] Subscribed to /tf2_web_republisher/feedback
[rospy.internal][INFO] 2017-06-10 02:09:37,639: topic[/tf2_web_republisher/goal] adding connection to [/tf2_web_republisher], count 0
[rospy.internal][INFO] 2017-06-10 02:09:37,642: topic[/tf2_web_republisher/cancel] adding connection to [/tf2_web_republisher], count 0
[rospy.internal][INFO] 2017-06-10 02:10:06,920: topic impl's ref count is zero, deleting topic /tf2_web_republisher/cancel...
[rospy.internal][INFO] 2017-06-10 02:10:06,921: topic[/tf2_web_republisher/cancel] removing connection to /tf2_web_republisher
[rospy.internal][INFO] 2017-06-10 02:10:06,928: topic impl's ref count is zero, deleting topic /tf2_web_republisher/goal...
[rospy.internal][INFO] 2017-06-10 02:10:06,932: topic[/tf2_web_republisher/goal] removing connection to /tf2_web_republisher
[rospy.internal][INFO] 2017-06-10 02:10:06,940: topic impl's ref count is zero, deleting topic /control_markers/feedback...
[rospy.internal][INFO] 2017-06-10 02:10:06,943: topic[/control_markers/feedback] removing connection to /marker_control_32504_1497085774017
[rospy.internal][INFO] 2017-06-10 02:10:06,951: topic impl's ref count is zero, deleting topic /control_markers/tunneled/update...
[rospy.internal][INFO] 2017-06-10 02:10:06,954: topic[/control_markers/tunneled/update] removing connection to http://ip-172-31-26-229:55586/
[rospy.internal][INFO] 2017-06-10 02:10:06,962: topic impl's ref count is zero, deleting topic /tf2_web_republisher/feedback...
[rospy.internal][INFO] 2017-06-10 02:10:06,966: topic[/tf2_web_republisher/feedback] removing connection to http://ip-172-31-26-229:54145/
[rospy.internal][INFO] 2017-06-10 02:10:06,974: topic impl's ref count is zero, deleting topic /visualization_marker_array...
[rospy.internal][INFO] 2017-06-10 02:10:06,977: topic[/visualization_marker_array] removing connection to http://ip-172-31-26-229:52129/
[rosout][INFO] 2017-06-10 02:10:06,988: Client disconnected. 0 clients total.
