[roslaunch][INFO] 2017-06-10 02:09:28,016: Checking log directory for disk usage. This may take awhile.
Press Ctrl-C to interrupt
[roslaunch][INFO] 2017-06-10 02:09:28,068: Done checking log file disk usage. Usage is <1GB.
[roslaunch][INFO] 2017-06-10 02:09:28,068: roslaunch starting with args ['roscore', '--core', '-p', '55289']
[roslaunch][INFO] 2017-06-10 02:09:28,071: roslaunch env is {'ROS_DISTRO': 'indigo', 'ASNLIB': '/home/ccc_v1_s54106__48606/asn13529_Project_5/asn13530_Project_4/asnlib', 'LIB': '/home/ccc_v1_s54106__48606/lib', 'PKG_CONFIG_PATH': '/opt/ros/indigo/lib/pkgconfig:/opt/ros/indigo/lib/x86_64-linux-gnu/pkgconfig', 'SSH_CLIENT': '172.31.7.153 55926 22', 'CPATH': '/opt/ros/indigo/include', 'LOGNAME': 'ccc_v1_w_dd4cc_18220', 'USER': 'ccc_v1_w_dd4cc_18220', 'ROS_NODE_PORT': '55289', 'HOME': '/home/ccc_v1_w_dd4cc_18220/asn13529_Project_5/asn13530_Project_4/work', 'PATH': '/opt/ros/indigo/bin:/usr/local/sbin:/usr/local/bin:/usr/sbin:/usr/bin:/sbin:/bin:/usr/games:/usr/local/games:/home/local/bin:/home/ccc_v1_s54106__48606/lib:/home/ccc_v1_s54106__48606/asn13529_Project_5/asn13530_Project_4/asnlib:/home/vlibs:.', 'CMAKE_PREFIX_PATH': '/opt/ros/indigo', 'LD_LIBRARY_PATH': '/opt/ros/indigo/lib:/opt/ros/indigo/lib/x86_64-linux-gnu:/home/ccc_v1_s54106__48606/lib:/home/ccc_v1_s54106__48606/asn13529_Project_5/asn13530_Project_4/asnlib:/home/vlibs', 'LANG': 'en_US.UTF-8', 'TERM': 'xterm-256color', 'SHELL': '/bin/bash', 'HISTFILE': '/home/ccc_v1_w_dd4cc_18220/.bash_history', 'SHLVL': '2', 'VOC_WORKAREA': '/home/ccc_v1_w_dd4cc_18220/asn13529_Project_5/asn13530_Project_4/work', 'ROS_LOG_FILENAME': '/home/ccc_v1_w_dd4cc_18220/asn13529_Project_5/asn13530_Project_4/work/.ros/log/817c922c-4dbc-11e7-a0f5-06b0869cc04d/roslaunch-ip-172-31-26-229-32134.log', 'PART1': '/home/ccc_v1_s54106__48606/asn13529_Project_5/asn13530_Project_4', 'ROS_ETC_DIR': '/opt/ros/indigo/etc/ros', 'XDG_RUNTIME_DIR': '/run/user/18220', 'PYTHONPATH': '/opt/ros/indigo/lib/python2.7/dist-packages:/home/vlibs/python', 'VOC_PROXY_WRAPPER_PORT': '5100', 'VOC_XFER_TOKEN': '16284719214354243542135300593bb47d5be4f8.11700026', 'ROS_ROOT': '/opt/ros/indigo/share/ros', 'OLD_HOME': '/home/ccc_v1_w_dd4cc_18220', 'VOC_PROXY_TOKEN': '172843432343542435421353001593bb47d663926.19658581', 'ROS_PACKAGE_PATH': '/opt/ros/indigo/share:/opt/ros/indigo/stacks', 'XDG_SESSION_ID': '317434', '_': '/usr/bin/stdbuf', 'LD_PRELOAD': '/usr/lib/coreutils/libstdbuf.so', '_STDBUF_O': 'L', 'SSH_TTY': '/dev/pts/7', 'OLDPWD': '/home/ccc_v1_w_dd4cc_18220', 'ROSLISP_PACKAGE_DIRECTORIES': '', 'VLIB': '/home/vlibs', 'PWD': '/home/ccc_v1_w_dd4cc_18220/asn13529_Project_5/asn13530_Project_4/work', 'VOC_PROXY_ID': '43542_43542_13530_0_1', 'ROS_MASTER_URI': 'http://localhost:55289', 'MAIL': '/var/mail/ccc_v1_w_dd4cc_18220', 'SSH_CONNECTION': '172.31.7.153 55926 172.31.26.229 22'}
[roslaunch][INFO] 2017-06-10 02:09:28,075: starting in server mode
[roslaunch.parent][INFO] 2017-06-10 02:09:28,079: starting roslaunch parent run
[roslaunch][INFO] 2017-06-10 02:09:28,082: loading roscore config file /opt/ros/indigo/etc/ros/roscore.xml
[roslaunch][INFO] 2017-06-10 02:09:28,202: Added core node of type [rosout/rosout] in namespace [/]
[roslaunch.pmon][INFO] 2017-06-10 02:09:28,203: start_process_monitor: creating ProcessMonitor
[roslaunch.pmon][INFO] 2017-06-10 02:09:28,207: created process monitor <ProcessMonitor(ProcessMonitor-1, initial daemon)>
[roslaunch.pmon][INFO] 2017-06-10 02:09:28,211: start_process_monitor: ProcessMonitor started
[roslaunch.parent][INFO] 2017-06-10 02:09:28,214: starting parent XML-RPC server
[roslaunch.server][INFO] 2017-06-10 02:09:28,217: starting roslaunch XML-RPC server
[roslaunch.server][INFO] 2017-06-10 02:09:28,221: waiting for roslaunch XML-RPC server to initialize
[xmlrpc][INFO] 2017-06-10 02:09:28,221: XML-RPC server binding to 0.0.0.0:0
[xmlrpc][INFO] 2017-06-10 02:09:28,228: Started XML-RPC server [http://ip-172-31-26-229:58524/]
[xmlrpc][INFO] 2017-06-10 02:09:28,231: xml rpc node: starting XML-RPC server
[roslaunch][INFO] 2017-06-10 02:09:28,240: started roslaunch server http://ip-172-31-26-229:58524/
[roslaunch.parent][INFO] 2017-06-10 02:09:28,245: ... parent XML-RPC server started
[roslaunch][INFO] 2017-06-10 02:09:28,248: master.is_running[http://ip-172-31-26-229:55289/]
[roslaunch][INFO] 2017-06-10 02:09:28,253: auto-starting new master
[roslaunch][INFO] 2017-06-10 02:09:28,256: create_master_process: rosmaster, /opt/ros/indigo/share/ros, 55289, 3, None
[roslaunch][INFO] 2017-06-10 02:09:28,260: process[master]: launching with args [['rosmaster', '--core', '-p', '55289', '-w', '3']]
[roslaunch.pmon][INFO] 2017-06-10 02:09:28,263: ProcessMonitor.register[master]
[roslaunch.pmon][INFO] 2017-06-10 02:09:28,267: ProcessMonitor.register[master] complete
[roslaunch][INFO] 2017-06-10 02:09:28,270: process[master]: starting os process
[roslaunch][INFO] 2017-06-10 02:09:28,274: process[master]: start w/ args [['rosmaster', '--core', '-p', '55289', '-w', '3', '__log:=/home/ccc_v1_w_dd4cc_18220/asn13529_Project_5/asn13530_Project_4/work/.ros/log/817c922c-4dbc-11e7-a0f5-06b0869cc04d/master.log']]
[roslaunch][INFO] 2017-06-10 02:09:28,277: process[master]: cwd will be [/home/ccc_v1_w_dd4cc_18220/asn13529_Project_5/asn13530_Project_4/work/.ros]
[roslaunch][INFO] 2017-06-10 02:09:28,286: process[master]: started with pid [32150]
[roslaunch][INFO] 2017-06-10 02:09:28,287: master.is_running[http://ip-172-31-26-229:55289/]
[roslaunch][INFO] 2017-06-10 02:09:28,391: master.is_running[http://ip-172-31-26-229:55289/]
[roslaunch][INFO] 2017-06-10 02:09:28,495: master.is_running[http://ip-172-31-26-229:55289/]
[roslaunch][INFO] 2017-06-10 02:09:28,500: master.is_running[http://ip-172-31-26-229:55289/]
[roslaunch][INFO] 2017-06-10 02:09:28,505: ROS_MASTER_URI=http://ip-172-31-26-229:55289/
[roslaunch][INFO] 2017-06-10 02:09:28,510: setting /run_id to 817c922c-4dbc-11e7-a0f5-06b0869cc04d
[roslaunch][INFO] 2017-06-10 02:09:28,518: setting /roslaunch/uris/host_ip_172_31_26_229__58524' to http://ip-172-31-26-229:58524/
[roslaunch][INFO] 2017-06-10 02:09:28,527: ... preparing to launch node of type [rosout/rosout]
[roslaunch][INFO] 2017-06-10 02:09:28,532: create_node_process: package[rosout] type[rosout] machine[Machine(name[] env_loader[None] address[localhost] ssh_port[22] user[None] assignable[True] timeout[10.0])] master_uri[http://ip-172-31-26-229:55289/]
[roslaunch][INFO] 2017-06-10 02:09:28,535: process[rosout-1]: env[{'ROS_DISTRO': 'indigo', 'ASNLIB': '/home/ccc_v1_s54106__48606/asn13529_Project_5/asn13530_Project_4/asnlib', 'LIB': '/home/ccc_v1_s54106__48606/lib', 'VOC_PROXY_TOKEN': '172843432343542435421353001593bb47d663926.19658581', 'SSH_CLIENT': '172.31.7.153 55926 22', 'CPATH': '/opt/ros/indigo/include', 'LOGNAME': 'ccc_v1_w_dd4cc_18220', 'USER': 'ccc_v1_w_dd4cc_18220', 'ROS_NODE_PORT': '55289', 'HOME': '/home/ccc_v1_w_dd4cc_18220/asn13529_Project_5/asn13530_Project_4/work', 'PATH': '/opt/ros/indigo/bin:/usr/local/sbin:/usr/local/bin:/usr/sbin:/usr/bin:/sbin:/bin:/usr/games:/usr/local/games:/home/local/bin:/home/ccc_v1_s54106__48606/lib:/home/ccc_v1_s54106__48606/asn13529_Project_5/asn13530_Project_4/asnlib:/home/vlibs:.', 'CMAKE_PREFIX_PATH': '/opt/ros/indigo', 'ROS_LOG_FILENAME': '/home/ccc_v1_w_dd4cc_18220/asn13529_Project_5/asn13530_Project_4/work/.ros/log/817c922c-4dbc-11e7-a0f5-06b0869cc04d/roslaunch-ip-172-31-26-229-32134.log', 'LANG': 'en_US.UTF-8', 'TERM': 'xterm-256color', 'SHELL': '/bin/bash', 'HISTFILE': '/home/ccc_v1_w_dd4cc_18220/.bash_history', 'SHLVL': '2', 'VOC_WORKAREA': '/home/ccc_v1_w_dd4cc_18220/asn13529_Project_5/asn13530_Project_4/work', 'LD_LIBRARY_PATH': '/opt/ros/indigo/lib:/opt/ros/indigo/lib/x86_64-linux-gnu:/home/ccc_v1_s54106__48606/lib:/home/ccc_v1_s54106__48606/asn13529_Project_5/asn13530_Project_4/asnlib:/home/vlibs', 'PART1': '/home/ccc_v1_s54106__48606/asn13529_Project_5/asn13530_Project_4', 'ROS_MASTER_URI': 'http://ip-172-31-26-229:55289/', 'XDG_RUNTIME_DIR': '/run/user/18220', 'PYTHONPATH': '/opt/ros/indigo/lib/python2.7/dist-packages:/home/vlibs/python', 'VOC_PROXY_WRAPPER_PORT': '5100', 'VOC_XFER_TOKEN': '16284719214354243542135300593bb47d5be4f8.11700026', 'ROS_ROOT': '/opt/ros/indigo/share/ros', 'OLD_HOME': '/home/ccc_v1_w_dd4cc_18220', 'PKG_CONFIG_PATH': '/opt/ros/indigo/lib/pkgconfig:/opt/ros/indigo/lib/x86_64-linux-gnu/pkgconfig', 'ROS_PACKAGE_PATH': '/opt/ros/indigo/share:/opt/ros/indigo/stacks', 'XDG_SESSION_ID': '317434', '_': '/usr/bin/stdbuf', 'LD_PRELOAD': '/usr/lib/coreutils/libstdbuf.so', '_STDBUF_O': 'L', 'SSH_TTY': '/dev/pts/7', 'OLDPWD': '/home/ccc_v1_w_dd4cc_18220', 'ROSLISP_PACKAGE_DIRECTORIES': '', 'VLIB': '/home/vlibs', 'PWD': '/home/ccc_v1_w_dd4cc_18220/asn13529_Project_5/asn13530_Project_4/work', 'VOC_PROXY_ID': '43542_43542_13530_0_1', 'ROS_ETC_DIR': '/opt/ros/indigo/etc/ros', 'MAIL': '/var/mail/ccc_v1_w_dd4cc_18220', 'SSH_CONNECTION': '172.31.7.153 55926 172.31.26.229 22'}]
[roslaunch][INFO] 2017-06-10 02:09:28,565: process[rosout-1]: args[[u'/opt/ros/indigo/lib/rosout/rosout', u'__name:=rosout']]
[roslaunch][INFO] 2017-06-10 02:09:28,569: ... created process [rosout-1]
[roslaunch.pmon][INFO] 2017-06-10 02:09:28,573: ProcessMonitor.register[rosout-1]
[roslaunch.pmon][INFO] 2017-06-10 02:09:28,576: ProcessMonitor.register[rosout-1] complete
[roslaunch][INFO] 2017-06-10 02:09:28,579: ... registered process [rosout-1]
[roslaunch][INFO] 2017-06-10 02:09:28,583: process[rosout-1]: starting os process
[roslaunch][INFO] 2017-06-10 02:09:28,595: process[rosout-1]: start w/ args [[u'/opt/ros/indigo/lib/rosout/rosout', u'__name:=rosout', u'__log:=/home/ccc_v1_w_dd4cc_18220/asn13529_Project_5/asn13530_Project_4/work/.ros/log/817c922c-4dbc-11e7-a0f5-06b0869cc04d/rosout-1.log']]
[roslaunch][INFO] 2017-06-10 02:09:28,599: process[rosout-1]: cwd will be [/home/ccc_v1_w_dd4cc_18220/asn13529_Project_5/asn13530_Project_4/work/.ros]
[roslaunch][INFO] 2017-06-10 02:09:28,607: process[rosout-1]: started with pid [32164]
[roslaunch][INFO] 2017-06-10 02:09:28,608: ... successfully launched [rosout-1]
[roslaunch][INFO] 2017-06-10 02:09:28,611: load_parameters starting ...
[roslaunch][INFO] 2017-06-10 02:09:28,625: ... load_parameters complete
[roslaunch][INFO] 2017-06-10 02:09:28,629: launch_nodes: launching local nodes ...
[roslaunch][INFO] 2017-06-10 02:09:28,635: ... launch_nodes complete
[roslaunch.pmon][INFO] 2017-06-10 02:09:28,638: registrations completed <ProcessMonitor(ProcessMonitor-1, started daemon 140043959199488)>
[roslaunch.parent][INFO] 2017-06-10 02:09:28,642: ... roslaunch parent running, waiting for process exit
[roslaunch][INFO] 2017-06-10 02:09:28,645: spin
