[roslaunch][INFO] 2017-06-08 22:23:57,908: Checking log directory for disk usage. This may take awhile.
Press Ctrl-C to interrupt
[roslaunch][INFO] 2017-06-08 22:23:57,953: Done checking log file disk usage. Usage is <1GB.
[roslaunch][INFO] 2017-06-08 22:23:57,953: roslaunch starting with args ['roscore', '--core', '-p', '40962']
[roslaunch][INFO] 2017-06-08 22:23:57,957: roslaunch env is {'ROS_DISTRO': 'indigo', 'ASNLIB': '/home/ccc_v1_s54106__48606/asn13354_Project_4/asn13355_Project_4/asnlib', 'LIB': '/home/ccc_v1_s54106__48606/lib', 'PKG_CONFIG_PATH': '/opt/ros/indigo/lib/pkgconfig:/opt/ros/indigo/lib/x86_64-linux-gnu/pkgconfig', 'SSH_CLIENT': '172.31.7.153 58818 22', 'CPATH': '/opt/ros/indigo/include', 'LOGNAME': 'ccc_v1_w_dd4cc_18220', 'USER': 'ccc_v1_w_dd4cc_18220', 'ROS_NODE_PORT': '40962', 'HOME': '/home/ccc_v1_w_dd4cc_18220/asn13354_Project_4/asn13355_Project_4/work', 'PATH': '/opt/ros/indigo/bin:/usr/local/sbin:/usr/local/bin:/usr/sbin:/usr/bin:/sbin:/bin:/usr/games:/usr/local/games:/home/local/bin:/home/ccc_v1_s54106__48606/lib:/home/ccc_v1_s54106__48606/asn13354_Project_4/asn13355_Project_4/asnlib:/home/vlibs:.', 'CMAKE_PREFIX_PATH': '/opt/ros/indigo', 'LD_LIBRARY_PATH': '/opt/ros/indigo/lib:/opt/ros/indigo/lib/x86_64-linux-gnu:/home/ccc_v1_s54106__48606/lib:/home/ccc_v1_s54106__48606/asn13354_Project_4/asn13355_Project_4/asnlib:/home/vlibs', 'LANG': 'en_US.UTF-8', 'TERM': 'xterm-256color', 'SHELL': '/bin/bash', 'HISTFILE': '/home/ccc_v1_w_dd4cc_18220/.bash_history', 'SHLVL': '2', 'VOC_WORKAREA': '/home/ccc_v1_w_dd4cc_18220/asn13354_Project_4/asn13355_Project_4/work', 'ROS_LOG_FILENAME': '/home/ccc_v1_w_dd4cc_18220/asn13354_Project_4/asn13355_Project_4/work/.ros/log/d680162a-4cd3-11e7-9fcb-06b0869cc04d/roslaunch-ip-172-31-26-229-11904.log', 'PART1': '/home/ccc_v1_s54106__48606/asn13354_Project_4/asn13355_Project_4', 'ROS_ETC_DIR': '/opt/ros/indigo/etc/ros', 'XDG_RUNTIME_DIR': '/run/user/18220', 'PYTHONPATH': '/opt/ros/indigo/lib/python2.7/dist-packages:/home/vlibs/python', 'VOC_PROXY_WRAPPER_PORT': '5100', 'VOC_XFER_TOKEN': '14332571994354243542133550593a30e6b8c390.34153996', 'ROS_ROOT': '/opt/ros/indigo/share/ros', 'OLD_HOME': '/home/ccc_v1_w_dd4cc_18220', 'VOC_PROXY_TOKEN': '53762444343542435421335501593a30e6beb737.04825326', 'ROS_PACKAGE_PATH': '/opt/ros/indigo/share:/opt/ros/indigo/stacks', 'XDG_SESSION_ID': '313059', '_': '/usr/bin/stdbuf', 'LD_PRELOAD': '/usr/lib/coreutils/libstdbuf.so', '_STDBUF_O': 'L', 'SSH_TTY': '/dev/pts/5', 'OLDPWD': '/home/ccc_v1_w_dd4cc_18220', 'ROSLISP_PACKAGE_DIRECTORIES': '', 'VLIB': '/home/vlibs', 'PWD': '/home/ccc_v1_w_dd4cc_18220/asn13354_Project_4/asn13355_Project_4/work', 'VOC_PROXY_ID': '43542_43542_13355_0_1', 'ROS_MASTER_URI': 'http://localhost:40962', 'MAIL': '/var/mail/ccc_v1_w_dd4cc_18220', 'SSH_CONNECTION': '172.31.7.153 58818 172.31.26.229 22'}
[roslaunch][INFO] 2017-06-08 22:23:57,961: starting in server mode
[roslaunch.parent][INFO] 2017-06-08 22:23:57,964: starting roslaunch parent run
[roslaunch][INFO] 2017-06-08 22:23:57,968: loading roscore config file /opt/ros/indigo/etc/ros/roscore.xml
[roslaunch][INFO] 2017-06-08 22:23:58,072: Added core node of type [rosout/rosout] in namespace [/]
[roslaunch.pmon][INFO] 2017-06-08 22:23:58,073: start_process_monitor: creating ProcessMonitor
[roslaunch.pmon][INFO] 2017-06-08 22:23:58,077: created process monitor <ProcessMonitor(ProcessMonitor-1, initial daemon)>
[roslaunch.pmon][INFO] 2017-06-08 22:23:58,080: start_process_monitor: ProcessMonitor started
[roslaunch.parent][INFO] 2017-06-08 22:23:58,084: starting parent XML-RPC server
[roslaunch.server][INFO] 2017-06-08 22:23:58,088: starting roslaunch XML-RPC server
[xmlrpc][INFO] 2017-06-08 22:23:58,092: XML-RPC server binding to 0.0.0.0:0
[roslaunch.server][INFO] 2017-06-08 22:23:58,092: waiting for roslaunch XML-RPC server to initialize
[xmlrpc][INFO] 2017-06-08 22:23:58,096: Started XML-RPC server [http://ip-172-31-26-229:54951/]
[xmlrpc][INFO] 2017-06-08 22:23:58,105: xml rpc node: starting XML-RPC server
[roslaunch][INFO] 2017-06-08 22:23:58,111: started roslaunch server http://ip-172-31-26-229:54951/
[roslaunch.parent][INFO] 2017-06-08 22:23:58,114: ... parent XML-RPC server started
[roslaunch][INFO] 2017-06-08 22:23:58,118: master.is_running[http://ip-172-31-26-229:40962/]
[roslaunch][INFO] 2017-06-08 22:23:58,123: auto-starting new master
[roslaunch][INFO] 2017-06-08 22:23:58,126: create_master_process: rosmaster, /opt/ros/indigo/share/ros, 40962, 3, None
[roslaunch][INFO] 2017-06-08 22:23:58,129: process[master]: launching with args [['rosmaster', '--core', '-p', '40962', '-w', '3']]
[roslaunch.pmon][INFO] 2017-06-08 22:23:58,133: ProcessMonitor.register[master]
[roslaunch.pmon][INFO] 2017-06-08 22:23:58,136: ProcessMonitor.register[master] complete
[roslaunch][INFO] 2017-06-08 22:23:58,140: process[master]: starting os process
[roslaunch][INFO] 2017-06-08 22:23:58,144: process[master]: start w/ args [['rosmaster', '--core', '-p', '40962', '-w', '3', '__log:=/home/ccc_v1_w_dd4cc_18220/asn13354_Project_4/asn13355_Project_4/work/.ros/log/d680162a-4cd3-11e7-9fcb-06b0869cc04d/master.log']]
[roslaunch][INFO] 2017-06-08 22:23:58,147: process[master]: cwd will be [/home/ccc_v1_w_dd4cc_18220/asn13354_Project_4/asn13355_Project_4/work/.ros]
[roslaunch][INFO] 2017-06-08 22:23:58,155: process[master]: started with pid [11920]
[roslaunch][INFO] 2017-06-08 22:23:58,156: master.is_running[http://ip-172-31-26-229:40962/]
[roslaunch][INFO] 2017-06-08 22:23:58,261: master.is_running[http://ip-172-31-26-229:40962/]
[roslaunch][INFO] 2017-06-08 22:23:58,365: master.is_running[http://ip-172-31-26-229:40962/]
[roslaunch][INFO] 2017-06-08 22:23:58,370: master.is_running[http://ip-172-31-26-229:40962/]
[roslaunch][INFO] 2017-06-08 22:23:58,375: ROS_MASTER_URI=http://ip-172-31-26-229:40962/
[roslaunch][INFO] 2017-06-08 22:23:58,387: setting /run_id to d680162a-4cd3-11e7-9fcb-06b0869cc04d
[roslaunch][INFO] 2017-06-08 22:23:58,395: setting /roslaunch/uris/host_ip_172_31_26_229__54951' to http://ip-172-31-26-229:54951/
[roslaunch][INFO] 2017-06-08 22:23:58,404: ... preparing to launch node of type [rosout/rosout]
[roslaunch][INFO] 2017-06-08 22:23:58,411: create_node_process: package[rosout] type[rosout] machine[Machine(name[] env_loader[None] address[localhost] ssh_port[22] user[None] assignable[True] timeout[10.0])] master_uri[http://ip-172-31-26-229:40962/]
[roslaunch][INFO] 2017-06-08 22:23:58,415: process[rosout-1]: env[{'ROS_DISTRO': 'indigo', 'ASNLIB': '/home/ccc_v1_s54106__48606/asn13354_Project_4/asn13355_Project_4/asnlib', 'LIB': '/home/ccc_v1_s54106__48606/lib', 'VOC_PROXY_TOKEN': '53762444343542435421335501593a30e6beb737.04825326', 'SSH_CLIENT': '172.31.7.153 58818 22', 'CPATH': '/opt/ros/indigo/include', 'LOGNAME': 'ccc_v1_w_dd4cc_18220', 'USER': 'ccc_v1_w_dd4cc_18220', 'ROS_NODE_PORT': '40962', 'HOME': '/home/ccc_v1_w_dd4cc_18220/asn13354_Project_4/asn13355_Project_4/work', 'PATH': '/opt/ros/indigo/bin:/usr/local/sbin:/usr/local/bin:/usr/sbin:/usr/bin:/sbin:/bin:/usr/games:/usr/local/games:/home/local/bin:/home/ccc_v1_s54106__48606/lib:/home/ccc_v1_s54106__48606/asn13354_Project_4/asn13355_Project_4/asnlib:/home/vlibs:.', 'CMAKE_PREFIX_PATH': '/opt/ros/indigo', 'ROS_LOG_FILENAME': '/home/ccc_v1_w_dd4cc_18220/asn13354_Project_4/asn13355_Project_4/work/.ros/log/d680162a-4cd3-11e7-9fcb-06b0869cc04d/roslaunch-ip-172-31-26-229-11904.log', 'LANG': 'en_US.UTF-8', 'TERM': 'xterm-256color', 'SHELL': '/bin/bash', 'HISTFILE': '/home/ccc_v1_w_dd4cc_18220/.bash_history', 'SHLVL': '2', 'VOC_WORKAREA': '/home/ccc_v1_w_dd4cc_18220/asn13354_Project_4/asn13355_Project_4/work', 'LD_LIBRARY_PATH': '/opt/ros/indigo/lib:/opt/ros/indigo/lib/x86_64-linux-gnu:/home/ccc_v1_s54106__48606/lib:/home/ccc_v1_s54106__48606/asn13354_Project_4/asn13355_Project_4/asnlib:/home/vlibs', 'PART1': '/home/ccc_v1_s54106__48606/asn13354_Project_4/asn13355_Project_4', 'ROS_MASTER_URI': 'http://ip-172-31-26-229:40962/', 'XDG_RUNTIME_DIR': '/run/user/18220', 'PYTHONPATH': '/opt/ros/indigo/lib/python2.7/dist-packages:/home/vlibs/python', 'VOC_PROXY_WRAPPER_PORT': '5100', 'VOC_XFER_TOKEN': '14332571994354243542133550593a30e6b8c390.34153996', 'ROS_ROOT': '/opt/ros/indigo/share/ros', 'OLD_HOME': '/home/ccc_v1_w_dd4cc_18220', 'PKG_CONFIG_PATH': '/opt/ros/indigo/lib/pkgconfig:/opt/ros/indigo/lib/x86_64-linux-gnu/pkgconfig', 'ROS_PACKAGE_PATH': '/opt/ros/indigo/share:/opt/ros/indigo/stacks', 'XDG_SESSION_ID': '313059', '_': '/usr/bin/stdbuf', 'LD_PRELOAD': '/usr/lib/coreutils/libstdbuf.so', '_STDBUF_O': 'L', 'SSH_TTY': '/dev/pts/5', 'OLDPWD': '/home/ccc_v1_w_dd4cc_18220', 'ROSLISP_PACKAGE_DIRECTORIES': '', 'VLIB': '/home/vlibs', 'PWD': '/home/ccc_v1_w_dd4cc_18220/asn13354_Project_4/asn13355_Project_4/work', 'VOC_PROXY_ID': '43542_43542_13355_0_1', 'ROS_ETC_DIR': '/opt/ros/indigo/etc/ros', 'MAIL': '/var/mail/ccc_v1_w_dd4cc_18220', 'SSH_CONNECTION': '172.31.7.153 58818 172.31.26.229 22'}]
[roslaunch][INFO] 2017-06-08 22:23:58,442: process[rosout-1]: args[[u'/opt/ros/indigo/lib/rosout/rosout', u'__name:=rosout']]
[roslaunch][INFO] 2017-06-08 22:23:58,446: ... created process [rosout-1]
[roslaunch.pmon][INFO] 2017-06-08 22:23:58,450: ProcessMonitor.register[rosout-1]
[roslaunch.pmon][INFO] 2017-06-08 22:23:58,453: ProcessMonitor.register[rosout-1] complete
[roslaunch][INFO] 2017-06-08 22:23:58,457: ... registered process [rosout-1]
[roslaunch][INFO] 2017-06-08 22:23:58,461: process[rosout-1]: starting os process
[roslaunch][INFO] 2017-06-08 22:23:58,466: process[rosout-1]: start w/ args [[u'/opt/ros/indigo/lib/rosout/rosout', u'__name:=rosout', u'__log:=/home/ccc_v1_w_dd4cc_18220/asn13354_Project_4/asn13355_Project_4/work/.ros/log/d680162a-4cd3-11e7-9fcb-06b0869cc04d/rosout-1.log']]
[roslaunch][INFO] 2017-06-08 22:23:58,469: process[rosout-1]: cwd will be [/home/ccc_v1_w_dd4cc_18220/asn13354_Project_4/asn13355_Project_4/work/.ros]
[roslaunch][INFO] 2017-06-08 22:23:58,479: process[rosout-1]: started with pid [11933]
[roslaunch][INFO] 2017-06-08 22:23:58,480: ... successfully launched [rosout-1]
[roslaunch][INFO] 2017-06-08 22:23:58,484: load_parameters starting ...
[roslaunch][INFO] 2017-06-08 22:23:58,502: ... load_parameters complete
[roslaunch][INFO] 2017-06-08 22:23:58,506: launch_nodes: launching local nodes ...
[roslaunch][INFO] 2017-06-08 22:23:58,509: ... launch_nodes complete
[roslaunch.pmon][INFO] 2017-06-08 22:23:58,514: registrations completed <ProcessMonitor(ProcessMonitor-1, started daemon 140209558984448)>
[roslaunch.parent][INFO] 2017-06-08 22:23:58,518: ... roslaunch parent running, waiting for process exit
[roslaunch][INFO] 2017-06-08 22:23:58,522: spin
