

1497058907.834438416  Node Startup
1497058910.281165859 INFO [/tmp/binarydeb/ros-indigo-interactive-marker-proxy-0.1.2/src/proxy.cpp:143(statusCb) [topics: /rosout] (INFO) General: Waiting for messages.
1497058910.368194103 INFO [rosapi_node:184(<module>) [topics: /rosout] Rosapi started
1497058910.396622896 INFO [rosbridge_websocket:141(<module>) [topics: /rosout] Rosbridge WebSocket server started on port 53376
1497058912.910070462 INFO [/home/ccc_v1_w_dd4cc_18220/asn13529_Project_5/asn13530_Project_4/work/catkin_ws/src/robot_sim/src/robot_sim_bringup.cpp:100(main) [topics: /rosout, /joint_states] Simulated robot spinning
1497058912.908777462 WARN [/tmp/binarydeb/ros-indigo-kdl-parser-1.11.11/src/kdl_parser.cpp:196(treeFromUrdfModel) [topics: /rosout] The root link world_link has an inertia specified in the URDF, but KDL does not support a root link with an inertia.  As a workaround, you can add an extra dummy link to your URDF.
1497058913.335932976 WARN [/tmp/binarydeb/ros-indigo-kdl-parser-1.11.11/src/kdl_parser.cpp:196(treeFromUrdfModel) [topics: /rosout] The root link world_link has an inertia specified in the URDF, but KDL does not support a root link with an inertia.  As a workaround, you can add an extra dummy link to your URDF.
1497058913.408754958 INFO [/tmp/binarydeb/ros-indigo-moveit-ros-planning-0.7.9/planning_scene_monitor/src/planning_scene_monitor.cpp:318(PlanningSceneMonitor::startPublishingPlanningScene) [topics: /rosout, /move_group/planning_scene_monitor/parameter_descriptions, /move_group/planning_scene_monitor/parameter_updates, /move_group/monitored_planning_scene] Publishing maintained planning scene on 'monitored_planning_scene'
1497058913.431921051 INFO [/tmp/binarydeb/ros-indigo-moveit-ros-move-group-0.7.9/src/move_group.cpp:193(main) [topics: /rosout, /move_group/planning_scene_monitor/parameter_descriptions, /move_group/planning_scene_monitor/parameter_updates, /move_group/monitored_planning_scene] MoveGroup debug mode is OFF
1497058913.431964425 INFO [/tmp/binarydeb/ros-indigo-moveit-ros-planning-0.7.9/planning_scene_monitor/src/planning_scene_monitor.cpp:885(PlanningSceneMonitor::startSceneMonitor) [topics: /rosout, /move_group/planning_scene_monitor/parameter_descriptions, /move_group/planning_scene_monitor/parameter_updates, /move_group/monitored_planning_scene] Starting scene monitor
1497058913.441701917 INFO [/tmp/binarydeb/ros-indigo-moveit-ros-planning-0.7.9/planning_scene_monitor/src/planning_scene_monitor.cpp:891(PlanningSceneMonitor::startSceneMonitor) [topics: /rosout, /move_group/planning_scene_monitor/parameter_descriptions, /move_group/planning_scene_monitor/parameter_updates, /move_group/monitored_planning_scene] Listening to '/planning_scene'
1497058913.441741291 INFO [/tmp/binarydeb/ros-indigo-moveit-ros-planning-0.7.9/planning_scene_monitor/src/planning_scene_monitor.cpp:962(PlanningSceneMonitor::startWorldGeometryMonitor) [topics: /rosout, /move_group/planning_scene_monitor/parameter_descriptions, /move_group/planning_scene_monitor/parameter_updates, /move_group/monitored_planning_scene] Starting world geometry monitor
1497058913.451930895 INFO [/tmp/binarydeb/ros-indigo-moveit-ros-planning-0.7.9/planning_scene_monitor/src/planning_scene_monitor.cpp:978(PlanningSceneMonitor::startWorldGeometryMonitor) [topics: /rosout, /move_group/planning_scene_monitor/parameter_descriptions, /move_group/planning_scene_monitor/parameter_updates, /move_group/monitored_planning_scene] Listening to '/collision_object' using message notifier with target frame '/world_link '
1497058913.461261642 INFO [/tmp/binarydeb/ros-indigo-moveit-ros-planning-0.7.9/planning_scene_monitor/src/planning_scene_monitor.cpp:993(PlanningSceneMonitor::startWorldGeometryMonitor) [topics: /rosout, /move_group/planning_scene_monitor/parameter_descriptions, /move_group/planning_scene_monitor/parameter_updates, /move_group/monitored_planning_scene] Listening to '/planning_scene_world' for planning scene world geometry
1497058913.462253358 WARN [/tmp/binarydeb/ros-indigo-moveit-ros-perception-0.7.9/occupancy_map_monitor/src/occupancy_map_monitor.cpp:73(OccupancyMapMonitor::initialize) [topics: /rosout, /move_group/planning_scene_monitor/parameter_descriptions, /move_group/planning_scene_monitor/parameter_updates, /move_group/monitored_planning_scene] Resolution not specified for Octomap. Assuming resolution = 0.1 instead
1497058913.501503282 INFO [/tmp/binarydeb/ros-indigo-moveit-ros-planning-0.7.9/planning_scene_monitor/src/planning_scene_monitor.cpp:1055(PlanningSceneMonitor::startStateMonitor) [topics: /rosout, /move_group/planning_scene_monitor/parameter_descriptions, /move_group/planning_scene_monitor/parameter_updates, /move_group/monitored_planning_scene] Listening to '/attached_collision_object' for attached collision objects
1497058913.583607669 INFO [/tmp/binarydeb/ros-indigo-moveit-planners-ompl-0.7.9/ompl_interface/src/ompl_interface.cpp:53(OMPLInterface::OMPLInterface) [topics: /rosout, /move_group/planning_scene_monitor/parameter_descriptions, /move_group/planning_scene_monitor/parameter_updates, /move_group/monitored_planning_scene] Initializing OMPL interface using ROS parameters
1497058913.670760430 INFO [/tmp/binarydeb/ros-indigo-moveit-ros-planning-0.7.9/planning_pipeline/src/planning_pipeline.cpp:119(PlanningPipeline::configure) [topics: /rosout, /move_group/planning_scene_monitor/parameter_descriptions, /move_group/planning_scene_monitor/parameter_updates, /move_group/monitored_planning_scene, /move_group/ompl/parameter_descriptions, /move_group/ompl/parameter_updates] Using planning interface 'OMPL'
1497058913.712537480 INFO [/tmp/binarydeb/ros-indigo-moveit-ros-planning-0.7.9/planning_request_adapter_plugins/src/fix_workspace_bounds.cpp:53(FixWorkspaceBounds::FixWorkspaceBounds) [topics: /rosout, /move_group/planning_scene_monitor/parameter_descriptions, /move_group/planning_scene_monitor/parameter_updates, /move_group/monitored_planning_scene, /move_group/ompl/parameter_descriptions, /move_group/ompl/parameter_updates] Param 'default_workspace_bounds' was not set. Using default value: 10
1497058913.713553284 INFO [/tmp/binarydeb/ros-indigo-moveit-ros-planning-0.7.9/planning_request_adapter_plugins/src/fix_start_state_bounds.cpp:60(FixStartStateBounds::FixStartStateBounds) [topics: /rosout, /move_group/planning_scene_monitor/parameter_descriptions, /move_group/planning_scene_monitor/parameter_updates, /move_group/monitored_planning_scene, /move_group/ompl/parameter_descriptions, /move_group/ompl/parameter_updates] Param 'start_state_max_bounds_error' was set to 0.1
1497058913.714528228 INFO [/tmp/binarydeb/ros-indigo-moveit-ros-planning-0.7.9/planning_request_adapter_plugins/src/fix_start_state_bounds.cpp:65(FixStartStateBounds::FixStartStateBounds) [topics: /rosout, /move_group/planning_scene_monitor/parameter_descriptions, /move_group/planning_scene_monitor/parameter_updates, /move_group/monitored_planning_scene, /move_group/ompl/parameter_descriptions, /move_group/ompl/parameter_updates] Param 'start_state_max_dt' was not set. Using default value: 0.5
1497058913.715437085 INFO [/tmp/binarydeb/ros-indigo-moveit-ros-planning-0.7.9/planning_request_adapter_plugins/src/fix_start_state_collision.cpp:57(FixStartStateCollision::FixStartStateCollision) [topics: /rosout, /move_group/planning_scene_monitor/parameter_descriptions, /move_group/planning_scene_monitor/parameter_updates, /move_group/monitored_planning_scene, /move_group/ompl/parameter_descriptions, /move_group/ompl/parameter_updates] Param 'start_state_max_dt' was not set. Using default value: 0.5
1497058913.716460659 INFO [/tmp/binarydeb/ros-indigo-moveit-ros-planning-0.7.9/planning_request_adapter_plugins/src/fix_start_state_collision.cpp:68(FixStartStateCollision::FixStartStateCollision) [topics: /rosout, /move_group/planning_scene_monitor/parameter_descriptions, /move_group/planning_scene_monitor/parameter_updates, /move_group/monitored_planning_scene, /move_group/ompl/parameter_descriptions, /move_group/ompl/parameter_updates] Param 'jiggle_fraction' was set to 0.05
1497058913.717480551 INFO [/tmp/binarydeb/ros-indigo-moveit-ros-planning-0.7.9/planning_request_adapter_plugins/src/fix_start_state_collision.cpp:73(FixStartStateCollision::FixStartStateCollision) [topics: /rosout, /move_group/planning_scene_monitor/parameter_descriptions, /move_group/planning_scene_monitor/parameter_updates, /move_group/monitored_planning_scene, /move_group/ompl/parameter_descriptions, /move_group/ompl/parameter_updates] Param 'max_sampling_attempts' was not set. Using default value: 100
1497058913.717549940 INFO [/tmp/binarydeb/ros-indigo-moveit-ros-planning-0.7.9/planning_pipeline/src/planning_pipeline.cpp:163(PlanningPipeline::configure) [topics: /rosout, /move_group/planning_scene_monitor/parameter_descriptions, /move_group/planning_scene_monitor/parameter_updates, /move_group/monitored_planning_scene, /move_group/ompl/parameter_descriptions, /move_group/ompl/parameter_updates] Using planning request adapter 'Add Time Parameterization'
1497058913.717575847 INFO [/tmp/binarydeb/ros-indigo-moveit-ros-planning-0.7.9/planning_pipeline/src/planning_pipeline.cpp:163(PlanningPipeline::configure) [topics: /rosout, /move_group/planning_scene_monitor/parameter_descriptions, /move_group/planning_scene_monitor/parameter_updates, /move_group/monitored_planning_scene, /move_group/ompl/parameter_descriptions, /move_group/ompl/parameter_updates] Using planning request adapter 'Fix Workspace Bounds'
1497058913.717593145 INFO [/tmp/binarydeb/ros-indigo-moveit-ros-planning-0.7.9/planning_pipeline/src/planning_pipeline.cpp:163(PlanningPipeline::configure) [topics: /rosout, /move_group/planning_scene_monitor/parameter_descriptions, /move_group/planning_scene_monitor/parameter_updates, /move_group/monitored_planning_scene, /move_group/ompl/parameter_descriptions, /move_group/ompl/parameter_updates] Using planning request adapter 'Fix Start State Bounds'
1497058913.717617406 INFO [/tmp/binarydeb/ros-indigo-moveit-ros-planning-0.7.9/planning_pipeline/src/planning_pipeline.cpp:163(PlanningPipeline::configure) [topics: /rosout, /move_group/planning_scene_monitor/parameter_descriptions, /move_group/planning_scene_monitor/parameter_updates, /move_group/monitored_planning_scene, /move_group/ompl/parameter_descriptions, /move_group/ompl/parameter_updates] Using planning request adapter 'Fix Start State In Collision'
1497058913.717640882 INFO [/tmp/binarydeb/ros-indigo-moveit-ros-planning-0.7.9/planning_pipeline/src/planning_pipeline.cpp:163(PlanningPipeline::configure) [topics: /rosout, /move_group/planning_scene_monitor/parameter_descriptions, /move_group/planning_scene_monitor/parameter_updates, /move_group/monitored_planning_scene, /move_group/ompl/parameter_descriptions, /move_group/ompl/parameter_updates] Using planning request adapter 'Fix Start State Path Constraints'
1497058914.018954138 INFO [/tmp/binarydeb/ros-indigo-moveit-ros-move-group-0.7.9/src/move_group.cpp:159(MoveGroupExe::configureCapabilities) [topics: /rosout, /move_group/planning_scene_monitor/parameter_descriptions, /move_group/planning_scene_monitor/parameter_updates, /move_group/monitored_planning_scene, /move_group/ompl/parameter_descriptions, /move_group/ompl/parameter_updates, /move_group/display_planned_path, /move_group/display_contacts, /execute_trajectory/result, /execute_trajectory/feedback, /execute_trajectory/status, /move_group/result, /move_group/feedback, /move_group/status, /pickup/result, /pickup/feedback, /pickup/status, /place/result, /place/feedback, /place/status] 

********************************************************
* MoveGroup using: 
*     - ApplyPlanningSceneService
*     - ClearOctomapService
*     - CartesianPathService
*     - ExecuteTrajectoryService
*     - ExecuteTrajectoryAction
*     - GetPlanningSceneService
*     - KinematicsService
*     - MoveAction
*     - PickPlaceAction
*     - MotionPlanService
*     - QueryPlannersService
*     - StateValidationService
********************************************************

1497058914.019046866 INFO [/tmp/binarydeb/ros-indigo-moveit-ros-move-group-0.7.9/src/move_group_context.cpp:84(MoveGroupContext::status) [topics: /rosout, /move_group/planning_scene_monitor/parameter_descriptions, /move_group/planning_scene_monitor/parameter_updates, /move_group/monitored_planning_scene, /move_group/ompl/parameter_descriptions, /move_group/ompl/parameter_updates, /move_group/display_planned_path, /move_group/display_contacts, /execute_trajectory/result, /execute_trajectory/feedback, /execute_trajectory/status, /move_group/result, /move_group/feedback, /move_group/status, /pickup/result, /pickup/feedback, /pickup/status, /place/result, /place/feedback, /place/status] MoveGroup context using planning plugin ompl_interface/OMPLPlanner
1497058914.019108538 INFO [/tmp/binarydeb/ros-indigo-moveit-ros-move-group-0.7.9/src/move_group_context.cpp:85(MoveGroupContext::status) [topics: /rosout, /move_group/planning_scene_monitor/parameter_descriptions, /move_group/planning_scene_monitor/parameter_updates, /move_group/monitored_planning_scene, /move_group/ompl/parameter_descriptions, /move_group/ompl/parameter_updates, /move_group/display_planned_path, /move_group/display_contacts, /execute_trajectory/result, /execute_trajectory/feedback, /execute_trajectory/status, /move_group/result, /move_group/feedback, /move_group/status, /pickup/result, /pickup/feedback, /pickup/status, /place/result, /place/feedback, /place/status] MoveGroup context initialization complete
1497058914.099108285 INFO [/tmp/binarydeb/ros-indigo-interactive-marker-proxy-0.1.2/src/proxy.cpp:143(statusCb) [topics: /rosout, /control_markers/tunneled/update] (INFO) General: Receiving messages.
1497058914.099164064 INFO [/tmp/binarydeb/ros-indigo-interactive-marker-proxy-0.1.2/src/proxy.cpp:143(statusCb) [topics: /rosout, /control_markers/tunneled/update] (INFO) /marker_control_13450_1497058913346: Waiting for init message.
1497058914.275395283 INFO [/tmp/binarydeb/ros-indigo-interactive-marker-proxy-0.1.2/src/proxy.cpp:143(statusCb) [topics: /rosout, /control_markers/tunneled/update] (INFO) /marker_control_13450_1497058913346: Init message received.
1497058914.296176386 INFO [/tmp/binarydeb/ros-indigo-interactive-marker-proxy-0.1.2/src/proxy.cpp:143(statusCb) [topics: /rosout, /control_markers/tunneled/update] (INFO) /marker_control_13450_1497058913346: Receiving updates.
1497058917.506411075 INFO [websocket_handler.py:74(open) [topics: /rosout] Client connected.  1 clients total.
1497058917.649179935 INFO [protocol.py:367(log) [topics: /tf2_web_republisher/cancel, /tf2_web_republisher/goal, /rosout, /tf2_web_republisher/feedback] [Client 0] Subscribed to /tf2_web_republisher/feedback
1497058917.673543930 INFO [protocol.py:367(log) [topics: /tf2_web_republisher/cancel, /tf2_web_republisher/goal, /visualization_marker_array, /rosout, /tf2_web_republisher/feedback] [Client 0] Subscribed to /visualization_marker_array
1497058917.689425945 INFO [protocol.py:367(log) [topics: /visualization_marker_array, /tf2_web_republisher/feedback, /rosout, /control_markers/tunneled/update, /tf2_web_republisher/cancel, /tf2_web_republisher/goal] [Client 0] Subscribed to /control_markers/tunneled/update
1497058917.721869100 INFO [/tmp/binarydeb/ros-indigo-interactive-marker-proxy-0.1.2/src/proxy.cpp:89(getInit) [topics: /rosout, /control_markers/tunneled/update] Init requested.
1497058917.817815065 INFO [protocol.py:367(log) [topics: /control_markers/feedback, /visualization_marker_array, /tf2_web_republisher/feedback, /rosout, /control_markers/tunneled/update, /tf2_web_republisher/cancel, /tf2_web_republisher/goal] [Client 0] Subscribed to /tf2_web_republisher/feedback
1497058917.825649976 INFO [protocol.py:367(log) [topics: /control_markers/feedback, /visualization_marker_array, /tf2_web_republisher/feedback, /rosout, /control_markers/tunneled/update, /tf2_web_republisher/cancel, /tf2_web_republisher/goal] [Client 0] Subscribed to /tf2_web_republisher/feedback
1497058917.832840919 INFO [protocol.py:367(log) [topics: /control_markers/feedback, /visualization_marker_array, /tf2_web_republisher/feedback, /rosout, /control_markers/tunneled/update, /tf2_web_republisher/cancel, /tf2_web_republisher/goal] [Client 0] Subscribed to /tf2_web_republisher/feedback
1497058917.846508026 INFO [protocol.py:367(log) [topics: /control_markers/feedback, /visualization_marker_array, /tf2_web_republisher/feedback, /rosout, /control_markers/tunneled/update, /tf2_web_republisher/cancel, /tf2_web_republisher/goal] [Client 0] Subscribed to /tf2_web_republisher/feedback
1497058917.851042985 INFO [protocol.py:367(log) [topics: /control_markers/feedback, /visualization_marker_array, /tf2_web_republisher/feedback, /rosout, /control_markers/tunneled/update, /tf2_web_republisher/cancel, /tf2_web_republisher/goal] [Client 0] Subscribed to /tf2_web_republisher/feedback
1497058917.855395078 INFO [protocol.py:367(log) [topics: /control_markers/feedback, /visualization_marker_array, /tf2_web_republisher/feedback, /rosout, /control_markers/tunneled/update, /tf2_web_republisher/cancel, /tf2_web_republisher/goal] [Client 0] Subscribed to /tf2_web_republisher/feedback
1497058917.860157012 INFO [protocol.py:367(log) [topics: /control_markers/feedback, /visualization_marker_array, /tf2_web_republisher/feedback, /rosout, /control_markers/tunneled/update, /tf2_web_republisher/cancel, /tf2_web_republisher/goal] [Client 0] Subscribed to /tf2_web_republisher/feedback
1497058935.208439889 WARN [/tmp/binarydeb/ros-indigo-moveit-core-0.7.9/robot_model/src/robot_model.cpp:634() [topics: /rosout] Could not identify parent group for end-effector 'end_effector'
1497058935.343426642 INFO [/tmp/binarydeb/ros-indigo-moveit-core-0.7.9/robot_model/src/robot_model.cpp:89() [topics: /rosout] Loading robot model 'lwr'...
1497058935.343454907 INFO [/tmp/binarydeb/ros-indigo-moveit-core-0.7.9/robot_model/src/robot_model.cpp:932() [topics: /rosout] No root/virtual joint specified in SRDF. Assuming fixed joint
1497058935.344015565 WARN [/tmp/binarydeb/ros-indigo-moveit-core-0.7.9/robot_model/src/robot_model.cpp:634() [topics: /rosout] Could not identify parent group for end-effector 'end_effector'
1497058935.344088944 WARN [/tmp/binarydeb/ros-indigo-kdl-parser-1.11.11/src/kdl_parser.cpp:196(treeFromUrdfModel) [topics: /rosout] The root link world_link has an inertia specified in the URDF, but KDL does not support a root link with an inertia.  As a workaround, you can add an extra dummy link to your URDF.
1497058936.206760911 INFO [/tmp/binarydeb/ros-indigo-moveit-ros-planning-interface-0.7.9/move_group_interface/src/move_group.cpp:293(planning_interface::MoveGroup::MoveGroupImpl::waitForExecuteActionOrService) [topics: /rosout, /planning_scene, /trajectory_execution_event, /attached_collision_object, /move_group/goal, /move_group/cancel, /pickup/goal, /pickup/cancel, /place/goal, /place/cancel] TrajectoryExecution will use old service capability.
1497058936.206826285 INFO [/tmp/binarydeb/ros-indigo-moveit-ros-planning-interface-0.7.9/move_group_interface/src/move_group.cpp:171(planning_interface::MoveGroup::MoveGroupImpl::MoveGroupImpl) [topics: /rosout, /planning_scene, /trajectory_execution_event, /attached_collision_object, /move_group/goal, /move_group/cancel, /pickup/goal, /pickup/cancel, /place/goal, /place/cancel] Ready to take MoveGroup commands for group lwr_arm.
1497058940.016211986 ERROR [topics.py:723(_invoke_callback) [topics: /joint_trajectory, /collision_object, /joint_states, /rosout, /motion_planning_goal, /attached_collision_object] bad callback: <bound method MoveArm.move_arm_cb of <__main__.MoveArm object at 0x7f9d1c9da3d0>>
Traceback (most recent call last):
  File "/opt/ros/indigo/lib/python2.7/dist-packages/rospy/topics.py", line 720, in _invoke_callback
    cb(msg)
  File "/home/ccc_v1_w_dd4cc_18220/asn13529_Project_5/asn13530_Project_4/work/catkin_ws/src/motion_planning/scripts/motion_planning.py", line 339, in move_arm_cb
    trajectory = self.project_plan(numpy.array(q_start), q_goal, self.q_min, self.q_max)
  File "/home/ccc_v1_w_dd4cc_18220/asn13529_Project_5/asn13530_Project_4/work/catkin_ws/src/motion_planning/scripts/motion_planning.py", line 324, in project_plan
    q_list = self.motion_plan(q_start, q_goal, q_min, q_max)
  File "/home/ccc_v1_w_dd4cc_18220/asn13529_Project_5/asn13530_Project_4/work/catkin_ws/src/motion_planning/scripts/motion_planning.py", line 280, in motion_plan
    if self.is_collision_free(new_node.value, point):
  File "/home/ccc_v1_w_dd4cc_18220/asn13529_Project_5/asn13530_Project_4/work/catkin_ws/src/motion_planning/scripts/motion_planning.py", line 248, in is_collision_free
    print('is_collision_free: check_point = {}'.format(check_point.value))
AttributeError: 'list' object has no attribute 'value'

1497059003.555244286 INFO [/tmp/binarydeb/ros-indigo-moveit-core-0.7.9/robot_model/src/robot_model.cpp:89() [topics: /rosout] Loading robot model 'lwr'...
1497059003.555297650 INFO [/tmp/binarydeb/ros-indigo-moveit-core-0.7.9/robot_model/src/robot_model.cpp:932() [topics: /rosout] No root/virtual joint specified in SRDF. Assuming fixed joint
1497059003.582943449 WARN [/tmp/binarydeb/ros-indigo-moveit-core-0.7.9/robot_model/src/robot_model.cpp:634() [topics: /rosout] Could not identify parent group for end-effector 'end_effector'
1497059003.711631621 INFO [/tmp/binarydeb/ros-indigo-moveit-core-0.7.9/robot_model/src/robot_model.cpp:89() [topics: /rosout] Loading robot model 'lwr'...
1497059003.711673031 INFO [/tmp/binarydeb/ros-indigo-moveit-core-0.7.9/robot_model/src/robot_model.cpp:932() [topics: /rosout] No root/virtual joint specified in SRDF. Assuming fixed joint
1497059003.712284161 WARN [/tmp/binarydeb/ros-indigo-moveit-core-0.7.9/robot_model/src/robot_model.cpp:634() [topics: /rosout] Could not identify parent group for end-effector 'end_effector'
1497059003.712389779 WARN [/tmp/binarydeb/ros-indigo-kdl-parser-1.11.11/src/kdl_parser.cpp:196(treeFromUrdfModel) [topics: /rosout] The root link world_link has an inertia specified in the URDF, but KDL does not support a root link with an inertia.  As a workaround, you can add an extra dummy link to your URDF.
1497059004.653594885 INFO [/tmp/binarydeb/ros-indigo-moveit-ros-planning-interface-0.7.9/move_group_interface/src/move_group.cpp:293(planning_interface::MoveGroup::MoveGroupImpl::waitForExecuteActionOrService) [topics: /rosout, /planning_scene, /trajectory_execution_event, /attached_collision_object, /move_group/goal, /move_group/cancel, /pickup/goal, /pickup/cancel, /place/goal, /place/cancel] TrajectoryExecution will use old service capability.
1497059004.653658025 INFO [/tmp/binarydeb/ros-indigo-moveit-ros-planning-interface-0.7.9/move_group_interface/src/move_group.cpp:171(planning_interface::MoveGroup::MoveGroupImpl::MoveGroupImpl) [topics: /rosout, /planning_scene, /trajectory_execution_event, /attached_collision_object, /move_group/goal, /move_group/cancel, /pickup/goal, /pickup/cancel, /place/goal, /place/cancel] Ready to take MoveGroup commands for group lwr_arm.
