[rospy.client][INFO] 2017-06-10 18:58:24,415: init_node, name[/rosbridge_websocket], pid[22558]
[xmlrpc][INFO] 2017-06-10 18:58:24,416: XML-RPC server binding to 0.0.0.0:0
[xmlrpc][INFO] 2017-06-10 18:58:24,420: Started XML-RPC server [http://ip-172-31-26-229:34326/]
[rospy.impl.masterslave][INFO] 2017-06-10 18:58:24,423: _ready: http://ip-172-31-26-229:34326/
[rospy.init][INFO] 2017-06-10 18:58:24,421: ROS Slave URI: [http://ip-172-31-26-229:34326/]
[rospy.registration][INFO] 2017-06-10 18:58:24,427: Registering with master node http://localhost:53261
[xmlrpc][INFO] 2017-06-10 18:58:24,427: xml rpc node: starting XML-RPC server
[rospy.init][INFO] 2017-06-10 18:58:24,531: registered with master
[rospy.rosout][INFO] 2017-06-10 18:58:24,535: initializing /rosout core topic
[rospy.rosout][INFO] 2017-06-10 18:58:24,558: connected to core topic /rosout
[rospy.simtime][INFO] 2017-06-10 18:58:24,563: /use_sim_time is not set, will not subscribe to simulated time [/clock] topic
[rosout][INFO] 2017-06-10 18:58:24,596: Rosbridge WebSocket server started on port 53352
[rospy.internal][INFO] 2017-06-10 18:58:24,798: topic[/rosout] adding connection to [/rosout], count 0
[rosout][INFO] 2017-06-10 18:59:25,226: Client connected.  1 clients total.
[rosout][INFO] 2017-06-10 18:59:25,444: [Client 0] Subscribed to /tf2_web_republisher/feedback
[rospy.internal][INFO] 2017-06-10 18:59:25,463: topic[/tf2_web_republisher/feedback] adding connection to [http://ip-172-31-26-229:35838/], count 0
[rosout][INFO] 2017-06-10 18:59:25,477: [Client 0] Subscribed to /visualization_marker_array
[rospy.internal][INFO] 2017-06-10 18:59:25,481: topic[/visualization_marker_array] adding connection to [http://ip-172-31-26-229:54997/], count 0
[rosout][INFO] 2017-06-10 18:59:25,499: [Client 0] Subscribed to /control_markers/tunneled/update
[rospy.internal][INFO] 2017-06-10 18:59:25,512: topic[/control_markers/tunneled/update] adding connection to [http://ip-172-31-26-229:47424/], count 0
[rospy.internal][INFO] 2017-06-10 18:59:25,626: topic[/control_markers/feedback] adding connection to [/marker_control_22794_1497146307109], count 0
[rospy.internal][INFO] 2017-06-10 18:59:25,692: topic[/tf2_web_republisher/goal] adding connection to [/tf2_web_republisher], count 0
[rospy.internal][INFO] 2017-06-10 18:59:25,696: topic[/tf2_web_republisher/cancel] adding connection to [/tf2_web_republisher], count 0
[rosout][INFO] 2017-06-10 18:59:25,829: [Client 0] Subscribed to /tf2_web_republisher/feedback
[rosout][INFO] 2017-06-10 18:59:25,839: [Client 0] Subscribed to /tf2_web_republisher/feedback
[rosout][INFO] 2017-06-10 18:59:25,848: [Client 0] Subscribed to /tf2_web_republisher/feedback
[rosout][INFO] 2017-06-10 18:59:25,853: [Client 0] Subscribed to /tf2_web_republisher/feedback
[rosout][INFO] 2017-06-10 18:59:25,859: [Client 0] Subscribed to /tf2_web_republisher/feedback
[rosout][INFO] 2017-06-10 18:59:25,864: [Client 0] Subscribed to /tf2_web_republisher/feedback
[rosout][INFO] 2017-06-10 18:59:25,869: [Client 0] Subscribed to /tf2_web_republisher/feedback
[rospy.internal][INFO] 2017-06-10 19:03:50,094: topic impl's ref count is zero, deleting topic /tf2_web_republisher/cancel...
[rospy.internal][INFO] 2017-06-10 19:03:50,094: topic[/tf2_web_republisher/cancel] removing connection to /tf2_web_republisher
[rospy.internal][INFO] 2017-06-10 19:03:50,101: topic impl's ref count is zero, deleting topic /tf2_web_republisher/goal...
[rospy.internal][INFO] 2017-06-10 19:03:50,104: topic[/tf2_web_republisher/goal] removing connection to /tf2_web_republisher
[rospy.internal][INFO] 2017-06-10 19:03:50,113: topic impl's ref count is zero, deleting topic /control_markers/feedback...
[rospy.internal][INFO] 2017-06-10 19:03:50,118: topic[/control_markers/feedback] removing connection to /marker_control_22794_1497146307109
[rospy.internal][INFO] 2017-06-10 19:03:50,126: topic impl's ref count is zero, deleting topic /control_markers/tunneled/update...
[rospy.internal][INFO] 2017-06-10 19:03:50,130: topic[/control_markers/tunneled/update] removing connection to http://ip-172-31-26-229:47424/
[rospy.internal][INFO] 2017-06-10 19:03:50,140: topic impl's ref count is zero, deleting topic /tf2_web_republisher/feedback...
[rospy.internal][INFO] 2017-06-10 19:03:50,144: topic[/tf2_web_republisher/feedback] removing connection to http://ip-172-31-26-229:35838/
[rospy.internal][INFO] 2017-06-10 19:03:50,154: topic impl's ref count is zero, deleting topic /visualization_marker_array...
[rospy.internal][INFO] 2017-06-10 19:03:50,158: topic[/visualization_marker_array] removing connection to http://ip-172-31-26-229:54997/
[rosout][INFO] 2017-06-10 19:03:50,174: Client disconnected. 0 clients total.
