[rosmaster.main][INFO] 2017-06-10 22:46:22,210: initialization complete, waiting for shutdown
[rosmaster.main][INFO] 2017-06-10 22:46:22,210: Starting ROS Master Node
[xmlrpc][INFO] 2017-06-10 22:46:22,214: XML-RPC server binding to 0.0.0.0:53824
[xmlrpc][INFO] 2017-06-10 22:46:22,218: Started XML-RPC server [http://ip-172-31-19-100:53824/]
[rosmaster.master][INFO] 2017-06-10 22:46:22,218: Master initialized: port[53824], uri[http://ip-172-31-19-100:53824/]
[xmlrpc][INFO] 2017-06-10 22:46:22,223: xml rpc node: starting XML-RPC server
[rosmaster.master][INFO] 2017-06-10 22:46:22,298: +PARAM [/run_id] by /roslaunch
[rosmaster.master][INFO] 2017-06-10 22:46:22,307: +PARAM [/roslaunch/uris/host_ip_172_31_19_100__50722] by /roslaunch
[rosmaster.master][INFO] 2017-06-10 22:46:22,401: +PARAM [/rosversion] by /roslaunch
[rosmaster.master][INFO] 2017-06-10 22:46:22,405: +PARAM [/rosdistro] by /roslaunch
[rosmaster.master][INFO] 2017-06-10 22:46:22,438: +SERVICE [/rosout/get_loggers] /rosout http://ip-172-31-19-100:54713/
[rosmaster.master][INFO] 2017-06-10 22:46:22,442: +SERVICE [/rosout/set_logger_level] /rosout http://ip-172-31-19-100:54713/
[rosmaster.master][INFO] 2017-06-10 22:46:22,448: +PUB [/rosout_agg] /rosout http://ip-172-31-19-100:54713/
[rosmaster.master][INFO] 2017-06-10 22:46:22,459: +SUB [/rosout] /rosout http://ip-172-31-19-100:54713/
[rosmaster.master][INFO] 2017-06-10 22:46:22,705: +PUB [/rosout] /tf2_web_republisher http://ip-172-31-19-100:35180/
[rosmaster.master][INFO] 2017-06-10 22:46:22,709: +SERVICE [/tf2_web_republisher/get_loggers] /tf2_web_republisher http://ip-172-31-19-100:35180/
[rosmaster.master][INFO] 2017-06-10 22:46:22,714: +SERVICE [/tf2_web_republisher/set_logger_level] /tf2_web_republisher http://ip-172-31-19-100:35180/
[rosmaster.master][INFO] 2017-06-10 22:46:22,715: publisherUpdate[/rosout] -> http://ip-172-31-19-100:54713/
[rosmaster.master][INFO] 2017-06-10 22:46:22,722: +SUB [/tf] /tf2_web_republisher http://ip-172-31-19-100:35180/
[rosmaster.master][INFO] 2017-06-10 22:46:22,730: +SUB [/tf_static] /tf2_web_republisher http://ip-172-31-19-100:35180/
[rosmaster.master][INFO] 2017-06-10 22:46:22,734: +SERVICE [/republish_tfs] /tf2_web_republisher http://ip-172-31-19-100:35180/
[rosmaster.master][INFO] 2017-06-10 22:46:22,738: +PUB [/tf2_web_republisher/result] /tf2_web_republisher http://ip-172-31-19-100:35180/
[rosmaster.master][INFO] 2017-06-10 22:46:22,742: +PUB [/tf2_web_republisher/feedback] /tf2_web_republisher http://ip-172-31-19-100:35180/
[rosmaster.master][INFO] 2017-06-10 22:46:22,746: +PUB [/tf2_web_republisher/status] /tf2_web_republisher http://ip-172-31-19-100:35180/
[rosmaster.master][INFO] 2017-06-10 22:46:22,756: +SUB [/tf2_web_republisher/goal] /tf2_web_republisher http://ip-172-31-19-100:35180/
[rosmaster.master][INFO] 2017-06-10 22:46:22,765: +SUB [/tf2_web_republisher/cancel] /tf2_web_republisher http://ip-172-31-19-100:35180/
[rosmaster.master][INFO] 2017-06-10 22:46:24,213: +PARAM [/roslaunch/uris/host_ip_172_31_19_100__58832] by /roslaunch
[rosmaster.master][INFO] 2017-06-10 22:46:24,221: +PARAM [/rosbridge_websocket/port] by /roslaunch
[rosmaster.master][INFO] 2017-06-10 22:46:24,225: +PARAM [/rosdistro] by /roslaunch
[rosmaster.master][INFO] 2017-06-10 22:46:24,229: +PARAM [/rosbridge_websocket/fragment_timeout] by /roslaunch
[rosmaster.master][INFO] 2017-06-10 22:46:24,236: +PARAM [/rosbridge_websocket/delay_between_messages] by /roslaunch
[rosmaster.master][INFO] 2017-06-10 22:46:24,240: +PARAM [/rosversion] by /roslaunch
[rosmaster.master][INFO] 2017-06-10 22:46:24,243: +PARAM [/rosbridge_websocket/authenticate] by /roslaunch
[rosmaster.master][INFO] 2017-06-10 22:46:24,246: +PARAM [/rosbridge_websocket/retry_startup_delay] by /roslaunch
[rosmaster.master][INFO] 2017-06-10 22:46:24,250: +PARAM [/rosbridge_websocket/address] by /roslaunch
[rosmaster.master][INFO] 2017-06-10 22:46:24,255: +PARAM [/rosbridge_websocket/max_message_size] by /roslaunch
[rosmaster.master][INFO] 2017-06-10 22:46:24,768: +PUB [/rosout] /interactive_marker_proxy http://ip-172-31-19-100:33761/
[rosmaster.master][INFO] 2017-06-10 22:46:24,775: +SERVICE [/interactive_marker_proxy/get_loggers] /interactive_marker_proxy http://ip-172-31-19-100:33761/
[rosmaster.master][INFO] 2017-06-10 22:46:24,781: +SERVICE [/interactive_marker_proxy/set_logger_level] /interactive_marker_proxy http://ip-172-31-19-100:33761/
[rosmaster.master][INFO] 2017-06-10 22:46:24,792: +SUB [/tf] /interactive_marker_proxy http://ip-172-31-19-100:33761/
[rosmaster.master][INFO] 2017-06-10 22:46:24,801: +SUB [/tf_static] /interactive_marker_proxy http://ip-172-31-19-100:33761/
[rosmaster.master][INFO] 2017-06-10 22:46:24,810: +SUB [/control_markers/update] /interactive_marker_proxy http://ip-172-31-19-100:33761/
[rosmaster.master][INFO] 2017-06-10 22:46:24,819: publisherUpdate[/rosout] -> http://ip-172-31-19-100:54713/
[rosmaster.master][INFO] 2017-06-10 22:46:24,820: +SUB [/control_markers/update_full] /interactive_marker_proxy http://ip-172-31-19-100:33761/
[rosmaster.master][INFO] 2017-06-10 22:46:24,845: +PUB [/control_markers/tunneled/update] /interactive_marker_proxy http://ip-172-31-19-100:33761/
[rosmaster.master][INFO] 2017-06-10 22:46:24,854: +SERVICE [/control_markers/tunneled/get_init] /interactive_marker_proxy http://ip-172-31-19-100:33761/
[rosmaster.master][INFO] 2017-06-10 22:46:24,895: -SUB [/control_markers/update_full] /interactive_marker_proxy http://ip-172-31-19-100:33761/
[rosmaster.master][INFO] 2017-06-10 22:46:24,929: +PUB [/rosout] /rosapi http://ip-172-31-19-100:48072/
[rosmaster.master][INFO] 2017-06-10 22:46:24,932: publisherUpdate[/rosout] -> http://ip-172-31-19-100:54713/
[rosmaster.master][INFO] 2017-06-10 22:46:24,951: +SERVICE [/rosapi/get_loggers] /rosapi http://ip-172-31-19-100:48072/
[rosmaster.master][INFO] 2017-06-10 22:46:24,955: +SERVICE [/rosapi/set_logger_level] /rosapi http://ip-172-31-19-100:48072/
[rosmaster.master][INFO] 2017-06-10 22:46:24,960: +SERVICE [/rosapi/topics] /rosapi http://ip-172-31-19-100:48072/
[rosmaster.master][INFO] 2017-06-10 22:46:24,965: +SERVICE [/rosapi/topics_for_type] /rosapi http://ip-172-31-19-100:48072/
[rosmaster.master][INFO] 2017-06-10 22:46:24,970: +SERVICE [/rosapi/services] /rosapi http://ip-172-31-19-100:48072/
[rosmaster.master][INFO] 2017-06-10 22:46:24,975: +SERVICE [/rosapi/services_for_type] /rosapi http://ip-172-31-19-100:48072/
[rosmaster.master][INFO] 2017-06-10 22:46:24,980: +SERVICE [/rosapi/nodes] /rosapi http://ip-172-31-19-100:48072/
[rosmaster.master][INFO] 2017-06-10 22:46:24,987: +SERVICE [/rosapi/node_details] /rosapi http://ip-172-31-19-100:48072/
[rosmaster.master][INFO] 2017-06-10 22:46:24,991: +SERVICE [/rosapi/topic_type] /rosapi http://ip-172-31-19-100:48072/
[rosmaster.master][INFO] 2017-06-10 22:46:24,998: +SERVICE [/rosapi/service_type] /rosapi http://ip-172-31-19-100:48072/
[rosmaster.master][INFO] 2017-06-10 22:46:25,002: +SERVICE [/rosapi/publishers] /rosapi http://ip-172-31-19-100:48072/
[rosmaster.master][INFO] 2017-06-10 22:46:25,008: +SERVICE [/rosapi/subscribers] /rosapi http://ip-172-31-19-100:48072/
[rosmaster.master][INFO] 2017-06-10 22:46:25,013: +SERVICE [/rosapi/service_providers] /rosapi http://ip-172-31-19-100:48072/
[rosmaster.master][INFO] 2017-06-10 22:46:25,019: +SERVICE [/rosapi/service_node] /rosapi http://ip-172-31-19-100:48072/
[rosmaster.master][INFO] 2017-06-10 22:46:25,023: +SERVICE [/rosapi/service_host] /rosapi http://ip-172-31-19-100:48072/
[rosmaster.master][INFO] 2017-06-10 22:46:25,027: +SERVICE [/rosapi/message_details] /rosapi http://ip-172-31-19-100:48072/
[rosmaster.master][INFO] 2017-06-10 22:46:25,031: +SERVICE [/rosapi/service_request_details] /rosapi http://ip-172-31-19-100:48072/
[rosmaster.master][INFO] 2017-06-10 22:46:25,036: +SERVICE [/rosapi/service_response_details] /rosapi http://ip-172-31-19-100:48072/
[rosmaster.master][INFO] 2017-06-10 22:46:25,040: +SERVICE [/rosapi/set_param] /rosapi http://ip-172-31-19-100:48072/
[rosmaster.master][INFO] 2017-06-10 22:46:25,045: +SERVICE [/rosapi/get_param] /rosapi http://ip-172-31-19-100:48072/
[rosmaster.master][INFO] 2017-06-10 22:46:25,049: +SERVICE [/rosapi/has_param] /rosapi http://ip-172-31-19-100:48072/
[rosmaster.master][INFO] 2017-06-10 22:46:25,053: +SERVICE [/rosapi/search_param] /rosapi http://ip-172-31-19-100:48072/
[rosmaster.master][INFO] 2017-06-10 22:46:25,058: +SERVICE [/rosapi/delete_param] /rosapi http://ip-172-31-19-100:48072/
[rosmaster.master][INFO] 2017-06-10 22:46:25,063: +SERVICE [/rosapi/get_param_names] /rosapi http://ip-172-31-19-100:48072/
[rosmaster.master][INFO] 2017-06-10 22:46:25,069: +SERVICE [/rosapi/get_time] /rosapi http://ip-172-31-19-100:48072/
[rosmaster.master][INFO] 2017-06-10 22:46:25,133: +PUB [/rosout] /rosbridge_websocket http://ip-172-31-19-100:43510/
[rosmaster.master][INFO] 2017-06-10 22:46:25,135: publisherUpdate[/rosout] -> http://ip-172-31-19-100:54713/
[rosmaster.master][INFO] 2017-06-10 22:46:25,150: +SERVICE [/rosbridge_websocket/get_loggers] /rosbridge_websocket http://ip-172-31-19-100:43510/
[rosmaster.master][INFO] 2017-06-10 22:46:25,154: +SERVICE [/rosbridge_websocket/set_logger_level] /rosbridge_websocket http://ip-172-31-19-100:43510/
[rosmaster.master][INFO] 2017-06-10 22:46:26,859: +PARAM [/roslaunch/uris/host_ip_172_31_19_100__54947] by /roslaunch
[rosmaster.master][INFO] 2017-06-10 22:46:26,874: +PARAM [/robot_description_kinematics/lwr_arm/kinematics_solver] by /roslaunch
[rosmaster.master][INFO] 2017-06-10 22:46:26,884: +PARAM [/move_group/planner_configs/RRTkConfigDefault/goal_bias] by /roslaunch
[rosmaster.master][INFO] 2017-06-10 22:46:26,888: +PARAM [/robot_description_semantic] by /roslaunch
[rosmaster.master][INFO] 2017-06-10 22:46:26,892: +PARAM [/robot_description_kinematics/lwr_arm/kinematics_solver_attempts] by /roslaunch
[rosmaster.master][INFO] 2017-06-10 22:46:26,896: +PARAM [/robot_description_planning/joint_limits/lwr_arm_6_joint/max_acceleration] by /roslaunch
[rosmaster.master][INFO] 2017-06-10 22:46:26,899: +PARAM [/robot_description_planning/joint_limits/lwr_arm_5_joint/has_acceleration_limits] by /roslaunch
[rosmaster.master][INFO] 2017-06-10 22:46:26,902: +PARAM [/move_group/planner_configs/RRTstarkConfigDefault/range] by /roslaunch
[rosmaster.master][INFO] 2017-06-10 22:46:26,906: +PARAM [/robot_description_planning/joint_limits/lwr_arm_0_joint/max_acceleration] by /roslaunch
[rosmaster.master][INFO] 2017-06-10 22:46:26,909: +PARAM [/robot_description_planning/joint_limits/lwr_arm_0_joint/has_velocity_limits] by /roslaunch
[rosmaster.master][INFO] 2017-06-10 22:46:26,914: +PARAM [/move_group/max_safe_path_cost] by /roslaunch
[rosmaster.master][INFO] 2017-06-10 22:46:26,918: +PARAM [/move_group/planner_configs/RRTstarkConfigDefault/goal_bias] by /roslaunch
[rosmaster.master][INFO] 2017-06-10 22:46:26,923: +PARAM [/move_group/planning_scene_monitor/publish_planning_scene] by /roslaunch
[rosmaster.master][INFO] 2017-06-10 22:46:26,927: +PARAM [/move_group/planner_configs/PRMkConfigDefault/type] by /roslaunch
[rosmaster.master][INFO] 2017-06-10 22:46:26,930: +PARAM [/move_group/planner_configs/ESTkConfigDefault/range] by /roslaunch
[rosmaster.master][INFO] 2017-06-10 22:46:26,934: +PARAM [/robot_description_planning/joint_limits/lwr_arm_2_joint/max_acceleration] by /roslaunch
[rosmaster.master][INFO] 2017-06-10 22:46:26,938: +PARAM [/move_group/planner_configs/KPIECEkConfigDefault/min_valid_path_fraction] by /roslaunch
[rosmaster.master][INFO] 2017-06-10 22:46:26,942: +PARAM [/move_group/planner_configs/BKPIECEkConfigDefault/border_fraction] by /roslaunch
[rosmaster.master][INFO] 2017-06-10 22:46:26,946: +PARAM [/move_group/planner_configs/PRMkConfigDefault/max_nearest_neighbors] by /roslaunch
[rosmaster.master][INFO] 2017-06-10 22:46:26,952: +PARAM [/move_group/planner_configs/TRRTkConfigDefault/goal_bias] by /roslaunch
[rosmaster.master][INFO] 2017-06-10 22:46:26,957: +PARAM [/move_group/planner_configs/BKPIECEkConfigDefault/min_valid_path_fraction] by /roslaunch
[rosmaster.master][INFO] 2017-06-10 22:46:26,960: +PARAM [/robot_description_planning/joint_limits/lwr_arm_2_joint/has_velocity_limits] by /roslaunch
[rosmaster.master][INFO] 2017-06-10 22:46:26,963: +PARAM [/robot_description_planning/joint_limits/lwr_arm_3_joint/max_velocity] by /roslaunch
[rosmaster.master][INFO] 2017-06-10 22:46:26,971: +PARAM [/robot_description_planning/joint_limits/lwr_arm_4_joint/max_acceleration] by /roslaunch
[rosmaster.master][INFO] 2017-06-10 22:46:26,975: +PARAM [/robot_description_planning/joint_limits/lwr_arm_0_joint/max_velocity] by /roslaunch
[rosmaster.master][INFO] 2017-06-10 22:46:26,977: +PARAM [/move_group/planner_configs/SBLkConfigDefault/range] by /roslaunch
[rosmaster.master][INFO] 2017-06-10 22:46:26,981: +PARAM [/move_group/planner_configs/TRRTkConfigDefault/frountierNodeRatio] by /roslaunch
[rosmaster.master][INFO] 2017-06-10 22:46:26,992: +PARAM [/robot_description_planning/joint_limits/lwr_arm_6_joint/has_acceleration_limits] by /roslaunch
[rosmaster.master][INFO] 2017-06-10 22:46:26,996: +PARAM [/move_group/planning_plugin] by /roslaunch
[rosmaster.master][INFO] 2017-06-10 22:46:26,999: +PARAM [/move_group/planning_scene_monitor/publish_geometry_updates] by /roslaunch
[rosmaster.master][INFO] 2017-06-10 22:46:27,002: +PARAM [/robot_description_planning/joint_limits/lwr_arm_3_joint/max_acceleration] by /roslaunch
[rosmaster.master][INFO] 2017-06-10 22:46:27,007: +PARAM [/move_group/planner_configs/TRRTkConfigDefault/max_states_failed] by /roslaunch
[rosmaster.master][INFO] 2017-06-10 22:46:27,010: +PARAM [/robot_description_planning/joint_limits/lwr_arm_3_joint/has_velocity_limits] by /roslaunch
[rosmaster.master][INFO] 2017-06-10 22:46:27,014: +PARAM [/robot_description_kinematics/lwr_arm/kinematics_solver_timeout] by /roslaunch
[rosmaster.master][INFO] 2017-06-10 22:46:27,017: +PARAM [/move_group/lwr_arm/projection_evaluator] by /roslaunch
[rosmaster.master][INFO] 2017-06-10 22:46:27,022: +PARAM [/robot_description_planning/joint_limits/lwr_arm_1_joint/has_acceleration_limits] by /roslaunch
[rosmaster.master][INFO] 2017-06-10 22:46:27,026: +PARAM [/rosdistro] by /roslaunch
[rosmaster.master][INFO] 2017-06-10 22:46:27,029: +PARAM [/robot_description_planning/joint_limits/lwr_arm_5_joint/max_velocity] by /roslaunch
[rosmaster.master][INFO] 2017-06-10 22:46:27,032: +PARAM [/move_group/planner_configs/PRMstarkConfigDefault/type] by /roslaunch
[rosmaster.master][INFO] 2017-06-10 22:46:27,037: +PARAM [/move_group/planner_configs/RRTkConfigDefault/range] by /roslaunch
[rosmaster.master][INFO] 2017-06-10 22:46:27,040: +PARAM [/move_group/allow_trajectory_execution] by /roslaunch
[rosmaster.master][INFO] 2017-06-10 22:46:27,044: +PARAM [/move_group/lwr_arm/planner_configs] by /roslaunch
[rosmaster.master][INFO] 2017-06-10 22:46:27,047: +PARAM [/move_group/planner_configs/ESTkConfigDefault/type] by /roslaunch
[rosmaster.master][INFO] 2017-06-10 22:46:27,052: +PARAM [/move_group/start_state_max_bounds_error] by /roslaunch
[rosmaster.master][INFO] 2017-06-10 22:46:27,056: +PARAM [/move_group/planner_configs/TRRTkConfigDefault/init_temperature] by /roslaunch
[rosmaster.master][INFO] 2017-06-10 22:46:27,060: +PARAM [/move_group/planner_configs/BKPIECEkConfigDefault/type] by /roslaunch
[rosmaster.master][INFO] 2017-06-10 22:46:27,063: +PARAM [/move_group/planner_configs/KPIECEkConfigDefault/border_fraction] by /roslaunch
[rosmaster.master][INFO] 2017-06-10 22:46:27,068: +PARAM [/robot_description_planning/joint_limits/lwr_arm_4_joint/has_velocity_limits] by /roslaunch
[rosmaster.master][INFO] 2017-06-10 22:46:27,072: +PARAM [/move_group/planner_configs/ESTkConfigDefault/goal_bias] by /roslaunch
[rosmaster.master][INFO] 2017-06-10 22:46:27,077: +PARAM [/move_group/planner_configs/LBKPIECEkConfigDefault/border_fraction] by /roslaunch
[rosmaster.master][INFO] 2017-06-10 22:46:27,080: +PARAM [/move_group/jiggle_fraction] by /roslaunch
[rosmaster.master][INFO] 2017-06-10 22:46:27,084: +PARAM [/move_group/planner_configs/TRRTkConfigDefault/range] by /roslaunch
[rosmaster.master][INFO] 2017-06-10 22:46:27,088: +PARAM [/move_group/planning_scene_monitor/publish_state_updates] by /roslaunch
[rosmaster.master][INFO] 2017-06-10 22:46:27,099: +PARAM [/move_group/planner_configs/TRRTkConfigDefault/temp_change_factor] by /roslaunch
[rosmaster.master][INFO] 2017-06-10 22:46:27,102: +PARAM [/robot_description_planning/joint_limits/lwr_arm_6_joint/max_velocity] by /roslaunch
[rosmaster.master][INFO] 2017-06-10 22:46:27,107: +PARAM [/robot_description_planning/joint_limits/lwr_arm_1_joint/max_velocity] by /roslaunch
[rosmaster.master][INFO] 2017-06-10 22:46:27,111: +PARAM [/move_group/planner_configs/SBLkConfigDefault/type] by /roslaunch
[rosmaster.master][INFO] 2017-06-10 22:46:27,115: +PARAM [/robot_description] by /roslaunch
[rosmaster.master][INFO] 2017-06-10 22:46:27,119: +PARAM [/move_group/capabilities] by /roslaunch
[rosmaster.master][INFO] 2017-06-10 22:46:27,126: +PARAM [/move_group/planner_configs/LBKPIECEkConfigDefault/range] by /roslaunch
[rosmaster.master][INFO] 2017-06-10 22:46:27,130: +PARAM [/robot_description_planning/joint_limits/lwr_arm_5_joint/max_acceleration] by /roslaunch
[rosmaster.master][INFO] 2017-06-10 22:46:27,133: +PARAM [/move_group/planner_configs/KPIECEkConfigDefault/range] by /roslaunch
[rosmaster.master][INFO] 2017-06-10 22:46:27,138: +PARAM [/move_group/planner_configs/BKPIECEkConfigDefault/range] by /roslaunch
[rosmaster.master][INFO] 2017-06-10 22:46:27,141: +PARAM [/move_group/planner_configs/TRRTkConfigDefault/type] by /roslaunch
[rosmaster.master][INFO] 2017-06-10 22:46:27,145: +PARAM [/move_group/planner_configs/KPIECEkConfigDefault/goal_bias] by /roslaunch
[rosmaster.master][INFO] 2017-06-10 22:46:27,148: +PARAM [/move_group/planner_configs/RRTConnectkConfigDefault/range] by /roslaunch
[rosmaster.master][INFO] 2017-06-10 22:46:27,153: +PARAM [/move_group/request_adapters] by /roslaunch
[rosmaster.master][INFO] 2017-06-10 22:46:27,157: +PARAM [/move_group/planner_configs/TRRTkConfigDefault/min_temperature] by /roslaunch
[rosmaster.master][INFO] 2017-06-10 22:46:27,160: +PARAM [/robot_description_planning/joint_limits/lwr_arm_6_joint/has_velocity_limits] by /roslaunch
[rosmaster.master][INFO] 2017-06-10 22:46:27,165: +PARAM [/robot_description_planning/joint_limits/lwr_arm_1_joint/has_velocity_limits] by /roslaunch
[rosmaster.master][INFO] 2017-06-10 22:46:27,168: +PARAM [/move_group/planner_configs/KPIECEkConfigDefault/failed_expansion_score_factor] by /roslaunch
[rosmaster.master][INFO] 2017-06-10 22:46:27,172: +PARAM [/move_group/planning_scene_monitor/publish_transforms_updates] by /roslaunch
[rosmaster.master][INFO] 2017-06-10 22:46:27,175: +PARAM [/robot_description_planning/joint_limits/lwr_arm_5_joint/has_velocity_limits] by /roslaunch
[rosmaster.master][INFO] 2017-06-10 22:46:27,178: +PARAM [/robot_description_planning/joint_limits/lwr_arm_3_joint/has_acceleration_limits] by /roslaunch
[rosmaster.master][INFO] 2017-06-10 22:46:27,182: +PARAM [/move_group/planner_configs/RRTstarkConfigDefault/type] by /roslaunch
[rosmaster.master][INFO] 2017-06-10 22:46:27,185: +PARAM [/move_group/lwr_arm/longest_valid_segment_fraction] by /roslaunch
[rosmaster.master][INFO] 2017-06-10 22:46:27,189: +PARAM [/move_group/planner_configs/RRTstarkConfigDefault/delay_collision_checking] by /roslaunch
[rosmaster.master][INFO] 2017-06-10 22:46:27,192: +PARAM [/move_group/planner_configs/KPIECEkConfigDefault/type] by /roslaunch
[rosmaster.master][INFO] 2017-06-10 22:46:27,196: +PARAM [/robot_description_kinematics/lwr_arm/kinematics_solver_search_resolution] by /roslaunch
[rosmaster.master][INFO] 2017-06-10 22:46:27,206: +PARAM [/move_group/planner_configs/RRTConnectkConfigDefault/type] by /roslaunch
[rosmaster.master][INFO] 2017-06-10 22:46:27,210: +PARAM [/robot_description_planning/joint_limits/lwr_arm_2_joint/has_acceleration_limits] by /roslaunch
[rosmaster.master][INFO] 2017-06-10 22:46:27,213: +PARAM [/move_group/planner_configs/BKPIECEkConfigDefault/failed_expansion_score_factor] by /roslaunch
[rosmaster.master][INFO] 2017-06-10 22:46:27,217: +PARAM [/robot_description_planning/joint_limits/lwr_arm_2_joint/max_velocity] by /roslaunch
[rosmaster.master][INFO] 2017-06-10 22:46:27,223: +PARAM [/move_group/planner_configs/LBKPIECEkConfigDefault/min_valid_path_fraction] by /roslaunch
[rosmaster.master][INFO] 2017-06-10 22:46:27,227: +PARAM [/rosversion] by /roslaunch
[rosmaster.master][INFO] 2017-06-10 22:46:27,231: +PARAM [/robot_description_planning/joint_limits/lwr_arm_4_joint/max_velocity] by /roslaunch
[rosmaster.master][INFO] 2017-06-10 22:46:27,235: +PARAM [/robot_description_planning/joint_limits/lwr_arm_4_joint/has_acceleration_limits] by /roslaunch
[rosmaster.master][INFO] 2017-06-10 22:46:27,238: +PARAM [/robot_description_planning/joint_limits/lwr_arm_0_joint/has_acceleration_limits] by /roslaunch
[rosmaster.master][INFO] 2017-06-10 22:46:27,245: +PARAM [/robot_description_planning/joint_limits/lwr_arm_1_joint/max_acceleration] by /roslaunch
[rosmaster.master][INFO] 2017-06-10 22:46:27,248: +PARAM [/move_group/planner_configs/TRRTkConfigDefault/k_constant] by /roslaunch
[rosmaster.master][INFO] 2017-06-10 22:46:27,252: +PARAM [/move_group/planner_configs/TRRTkConfigDefault/frountier_threshold] by /roslaunch
[rosmaster.master][INFO] 2017-06-10 22:46:27,256: +PARAM [/move_group/planner_configs/LBKPIECEkConfigDefault/type] by /roslaunch
[rosmaster.master][INFO] 2017-06-10 22:46:27,260: +PARAM [/move_group/planner_configs/RRTkConfigDefault/type] by /roslaunch
[rosmaster.master][INFO] 2017-06-10 22:46:27,636: +PUB [/rosout] /robot_sim http://ip-172-31-19-100:53865/
[rosmaster.master][INFO] 2017-06-10 22:46:27,641: +SERVICE [/robot_sim/get_loggers] /robot_sim http://ip-172-31-19-100:53865/
[rosmaster.master][INFO] 2017-06-10 22:46:27,646: +SERVICE [/robot_sim/set_logger_level] /robot_sim http://ip-172-31-19-100:53865/
[rosmaster.master][INFO] 2017-06-10 22:46:27,649: publisherUpdate[/rosout] -> http://ip-172-31-19-100:54713/
[rosmaster.master][INFO] 2017-06-10 22:46:27,658: +PUB [/joint_states] /robot_sim http://ip-172-31-19-100:53865/
[rosmaster.master][INFO] 2017-06-10 22:46:27,667: +SUB [/joint_velocities] /robot_sim http://ip-172-31-19-100:53865/
[rosmaster.master][INFO] 2017-06-10 22:46:27,671: +PUB [/rosout] /robot_state_publisher http://ip-172-31-19-100:48904/
[rosmaster.master][INFO] 2017-06-10 22:46:27,676: +SERVICE [/robot_state_publisher/get_loggers] /robot_state_publisher http://ip-172-31-19-100:48904/
[rosmaster.master][INFO] 2017-06-10 22:46:27,679: +SUB [/joint_positions] /robot_sim http://ip-172-31-19-100:53865/
[rosmaster.master][INFO] 2017-06-10 22:46:27,684: +SERVICE [/robot_state_publisher/set_logger_level] /robot_state_publisher http://ip-172-31-19-100:48904/
[rosmaster.master][INFO] 2017-06-10 22:46:27,690: +SUB [/joint_command] /robot_sim http://ip-172-31-19-100:53865/
[rosmaster.master][INFO] 2017-06-10 22:46:27,694: +PUB [/tf] /robot_state_publisher http://ip-172-31-19-100:48904/
[rosmaster.master][INFO] 2017-06-10 22:46:27,698: +PUB [/tf_static] /robot_state_publisher http://ip-172-31-19-100:48904/
[rosmaster.master][INFO] 2017-06-10 22:46:27,702: +SUB [/joint_trajectory] /robot_sim http://ip-172-31-19-100:53865/
[rosmaster.master][INFO] 2017-06-10 22:46:27,711: +SUB [/joint_states] /robot_state_publisher http://ip-172-31-19-100:48904/
[rosmaster.master][INFO] 2017-06-10 22:46:27,724: publisherUpdate[/rosout] -> http://ip-172-31-19-100:54713/
[rosmaster.master][INFO] 2017-06-10 22:46:27,731: publisherUpdate[/tf] -> http://ip-172-31-19-100:35180/
[rosmaster.master][INFO] 2017-06-10 22:46:27,739: publisherUpdate[/tf] -> http://ip-172-31-19-100:33761/
[rosmaster.master][INFO] 2017-06-10 22:46:27,751: publisherUpdate[/tf_static] -> http://ip-172-31-19-100:35180/
[rosmaster.master][INFO] 2017-06-10 22:46:27,752: publisherUpdate[/tf_static] -> http://ip-172-31-19-100:33761/
[rosmaster.master][INFO] 2017-06-10 22:46:27,900: +PUB [/rosout] /move_group http://ip-172-31-19-100:40952/
[rosmaster.master][INFO] 2017-06-10 22:46:27,904: +SERVICE [/move_group/get_loggers] /move_group http://ip-172-31-19-100:40952/
[rosmaster.master][INFO] 2017-06-10 22:46:27,909: +SERVICE [/move_group/set_logger_level] /move_group http://ip-172-31-19-100:40952/
[rosmaster.master][INFO] 2017-06-10 22:46:27,928: +SUB [/tf] /move_group http://ip-172-31-19-100:40952/
[rosmaster.master][INFO] 2017-06-10 22:46:27,938: +SUB [/tf_static] /move_group http://ip-172-31-19-100:40952/
[rosmaster.master][INFO] 2017-06-10 22:46:27,954: publisherUpdate[/rosout] -> http://ip-172-31-19-100:54713/
[rosmaster.master][INFO] 2017-06-10 22:46:28,148: +PUB [/rosout] /move_group_commander_wrappers_1497159988142597200 http://ip-172-31-19-100:37593/
[rosmaster.master][INFO] 2017-06-10 22:46:28,152: +SERVICE [/move_group_commander_wrappers_1497159988142597200/get_loggers] /move_group_commander_wrappers_1497159988142597200 http://ip-172-31-19-100:37593/
[rosmaster.master][INFO] 2017-06-10 22:46:28,156: +SERVICE [/move_group/planning_scene_monitor/set_parameters] /move_group http://ip-172-31-19-100:40952/
[rosmaster.master][INFO] 2017-06-10 22:46:28,156: publisherUpdate[/rosout] -> http://ip-172-31-19-100:54713/
[rosmaster.master][INFO] 2017-06-10 22:46:28,161: +SERVICE [/move_group_commander_wrappers_1497159988142597200/set_logger_level] /move_group_commander_wrappers_1497159988142597200 http://ip-172-31-19-100:37593/
[rosmaster.master][INFO] 2017-06-10 22:46:28,179: +PUB [/move_group/planning_scene_monitor/parameter_descriptions] /move_group http://ip-172-31-19-100:40952/
[rosmaster.master][INFO] 2017-06-10 22:46:28,183: +PUB [/move_group/planning_scene_monitor/parameter_updates] /move_group http://ip-172-31-19-100:40952/
[rosmaster.master][INFO] 2017-06-10 22:46:28,193: +PARAM [/move_group/planning_scene_monitor/publish_planning_scene] by /move_group
[rosmaster.master][INFO] 2017-06-10 22:46:28,198: +PARAM [/move_group/planning_scene_monitor/publish_planning_scene_hz] by /move_group
[rosmaster.master][INFO] 2017-06-10 22:46:28,202: +PARAM [/move_group/planning_scene_monitor/publish_geometry_updates] by /move_group
[rosmaster.master][INFO] 2017-06-10 22:46:28,207: +PARAM [/move_group/planning_scene_monitor/publish_state_updates] by /move_group
[rosmaster.master][INFO] 2017-06-10 22:46:28,211: +PARAM [/move_group/planning_scene_monitor/publish_transforms_updates] by /move_group
[rosmaster.master][INFO] 2017-06-10 22:46:28,216: +PUB [/move_group/monitored_planning_scene] /move_group http://ip-172-31-19-100:40952/
[rosmaster.master][INFO] 2017-06-10 22:46:28,221: +PARAM [/move_group/planning_scene_monitor/publish_planning_scene] by /move_group
[rosmaster.master][INFO] 2017-06-10 22:46:28,226: +PARAM [/move_group/planning_scene_monitor/publish_planning_scene_hz] by /move_group
[rosmaster.master][INFO] 2017-06-10 22:46:28,231: +PARAM [/move_group/planning_scene_monitor/publish_geometry_updates] by /move_group
[rosmaster.master][INFO] 2017-06-10 22:46:28,236: +PARAM [/move_group/planning_scene_monitor/publish_state_updates] by /move_group
[rosmaster.master][INFO] 2017-06-10 22:46:28,240: +PARAM [/move_group/planning_scene_monitor/publish_transforms_updates] by /move_group
[rosmaster.master][INFO] 2017-06-10 22:46:28,250: +SUB [/planning_scene] /move_group http://ip-172-31-19-100:40952/
[rosmaster.master][INFO] 2017-06-10 22:46:28,258: +SUB [/collision_object] /move_group http://ip-172-31-19-100:40952/
[rosmaster.master][INFO] 2017-06-10 22:46:28,267: +SUB [/planning_scene_world] /move_group http://ip-172-31-19-100:40952/
[rosmaster.master][INFO] 2017-06-10 22:46:28,274: +SERVICE [/move_group/save_map] /move_group http://ip-172-31-19-100:40952/
[rosmaster.master][INFO] 2017-06-10 22:46:28,279: +SERVICE [/move_group/load_map] /move_group http://ip-172-31-19-100:40952/
[rosmaster.master][INFO] 2017-06-10 22:46:28,290: +SUB [/joint_states] /move_group http://ip-172-31-19-100:40952/
[rosmaster.master][INFO] 2017-06-10 22:46:28,299: +SUB [/attached_collision_object] /move_group http://ip-172-31-19-100:40952/
[rosmaster.master][INFO] 2017-06-10 22:46:28,341: +PUB [/rosout] /marker_control_22947_1497159988180 http://ip-172-31-19-100:50402/
[rosmaster.master][INFO] 2017-06-10 22:46:28,355: +SERVICE [/marker_control_22947_1497159988180/get_loggers] /marker_control_22947_1497159988180 http://ip-172-31-19-100:50402/
[rosmaster.master][INFO] 2017-06-10 22:46:28,359: +SERVICE [/marker_control_22947_1497159988180/set_logger_level] /marker_control_22947_1497159988180 http://ip-172-31-19-100:50402/
[rosmaster.master][INFO] 2017-06-10 22:46:28,360: publisherUpdate[/rosout] -> http://ip-172-31-19-100:54713/
[rosmaster.master][INFO] 2017-06-10 22:46:28,365: +PUB [/planning_scene] /move_group_commander_wrappers_1497159988142597200 http://ip-172-31-19-100:37593/
[rosmaster.master][INFO] 2017-06-10 22:46:28,367: publisherUpdate[/planning_scene] -> http://ip-172-31-19-100:40952/
[rosmaster.master][INFO] 2017-06-10 22:46:28,373: +PUB [/collision_object] /marker_control_22947_1497159988180 http://ip-172-31-19-100:50402/
[rosmaster.master][INFO] 2017-06-10 22:46:28,376: publisherUpdate[/collision_object] -> http://ip-172-31-19-100:40952/
[rosmaster.master][INFO] 2017-06-10 22:46:28,381: +PUB [/attached_collision_object] /marker_control_22947_1497159988180 http://ip-172-31-19-100:50402/
[rosmaster.master][INFO] 2017-06-10 22:46:28,385: publisherUpdate[/attached_collision_object] -> http://ip-172-31-19-100:40952/
[rosmaster.master][INFO] 2017-06-10 22:46:28,390: +PUB [/visualization_marker_array] /marker_control_22947_1497159988180 http://ip-172-31-19-100:50402/
[rosmaster.master][INFO] 2017-06-10 22:46:28,397: +SERVICE [/move_group/ompl/set_parameters] /move_group http://ip-172-31-19-100:40952/
[rosmaster.master][INFO] 2017-06-10 22:46:28,401: +PUB [/motion_planning_goal] /marker_control_22947_1497159988180 http://ip-172-31-19-100:50402/
[rosmaster.master][INFO] 2017-06-10 22:46:28,404: +PUB [/move_group/ompl/parameter_descriptions] /move_group http://ip-172-31-19-100:40952/
[rosmaster.master][INFO] 2017-06-10 22:46:28,409: +SUB [/joint_trajectory] /marker_control_22947_1497159988180 http://ip-172-31-19-100:50402/
[rosmaster.master][INFO] 2017-06-10 22:46:28,414: +PUB [/move_group/ompl/parameter_updates] /move_group http://ip-172-31-19-100:40952/
[rosmaster.master][INFO] 2017-06-10 22:46:28,418: +PUB [/control_markers/update_full] /marker_control_22947_1497159988180 http://ip-172-31-19-100:50402/
[rosmaster.master][INFO] 2017-06-10 22:46:28,423: +PUB [/control_markers/update] /marker_control_22947_1497159988180 http://ip-172-31-19-100:50402/
[rosmaster.master][INFO] 2017-06-10 22:46:28,424: +PARAM [/move_group/ompl/simplify_solutions] by /move_group
[rosmaster.master][INFO] 2017-06-10 22:46:28,429: +SUB [/control_markers/feedback] /marker_control_22947_1497159988180 http://ip-172-31-19-100:50402/
[rosmaster.master][INFO] 2017-06-10 22:46:28,432: +PARAM [/move_group/ompl/minimum_waypoint_count] by /move_group
[rosmaster.master][INFO] 2017-06-10 22:46:28,438: +PARAM [/move_group/ompl/maximum_waypoint_distance] by /move_group
[rosmaster.master][INFO] 2017-06-10 22:46:28,443: +PARAM [/move_group/ompl/link_for_exploration_tree] by /move_group
[rosmaster.master][INFO] 2017-06-10 22:46:28,447: +PARAM [/move_group/ompl/display_random_valid_states] by /move_group
[rosmaster.master][INFO] 2017-06-10 22:46:28,452: +PARAM [/move_group/ompl/simplify_solutions] by /move_group
[rosmaster.master][INFO] 2017-06-10 22:46:28,456: +PARAM [/move_group/ompl/minimum_waypoint_count] by /move_group
[rosmaster.master][INFO] 2017-06-10 22:46:28,460: +PARAM [/move_group/ompl/maximum_waypoint_distance] by /move_group
[rosmaster.master][INFO] 2017-06-10 22:46:28,465: publisherUpdate[/control_markers/update] -> http://ip-172-31-19-100:33761/
[rosmaster.master][INFO] 2017-06-10 22:46:28,465: +PARAM [/move_group/ompl/link_for_exploration_tree] by /move_group
[rosmaster.master][INFO] 2017-06-10 22:46:28,475: +PARAM [/move_group/ompl/display_random_valid_states] by /move_group
[rosmaster.master][INFO] 2017-06-10 22:46:28,525: +PUB [/move_group/display_planned_path] /move_group http://ip-172-31-19-100:40952/
[rosmaster.master][INFO] 2017-06-10 22:46:28,529: +PUB [/move_group/display_contacts] /move_group http://ip-172-31-19-100:40952/
[rosmaster.master][INFO] 2017-06-10 22:46:28,577: +SERVICE [/apply_planning_scene] /move_group http://ip-172-31-19-100:40952/
[rosmaster.master][INFO] 2017-06-10 22:46:28,583: +SERVICE [/clear_octomap] /move_group http://ip-172-31-19-100:40952/
[rosmaster.master][INFO] 2017-06-10 22:46:28,588: +SERVICE [/compute_cartesian_path] /move_group http://ip-172-31-19-100:40952/
[rosmaster.master][INFO] 2017-06-10 22:46:28,596: +SERVICE [/execute_kinematic_path] /move_group http://ip-172-31-19-100:40952/
[rosmaster.master][INFO] 2017-06-10 22:46:28,611: +PUB [/execute_trajectory/result] /move_group http://ip-172-31-19-100:40952/
[rosmaster.master][INFO] 2017-06-10 22:46:28,616: +PUB [/execute_trajectory/feedback] /move_group http://ip-172-31-19-100:40952/
[rosmaster.master][INFO] 2017-06-10 22:46:28,621: +PUB [/execute_trajectory/status] /move_group http://ip-172-31-19-100:40952/
[rosmaster.master][INFO] 2017-06-10 22:46:28,632: +SUB [/execute_trajectory/goal] /move_group http://ip-172-31-19-100:40952/
[rosmaster.master][INFO] 2017-06-10 22:46:28,640: +SUB [/execute_trajectory/cancel] /move_group http://ip-172-31-19-100:40952/
[rosmaster.master][INFO] 2017-06-10 22:46:28,646: +SERVICE [/get_planning_scene] /move_group http://ip-172-31-19-100:40952/
[rosmaster.master][INFO] 2017-06-10 22:46:28,650: +SERVICE [/compute_fk] /move_group http://ip-172-31-19-100:40952/
[rosmaster.master][INFO] 2017-06-10 22:46:28,654: +SERVICE [/compute_ik] /move_group http://ip-172-31-19-100:40952/
[rosmaster.master][INFO] 2017-06-10 22:46:28,661: +PUB [/move_group/result] /move_group http://ip-172-31-19-100:40952/
[rosmaster.master][INFO] 2017-06-10 22:46:28,665: +PUB [/move_group/feedback] /move_group http://ip-172-31-19-100:40952/
[rosmaster.master][INFO] 2017-06-10 22:46:28,670: +PUB [/move_group/status] /move_group http://ip-172-31-19-100:40952/
[rosmaster.master][INFO] 2017-06-10 22:46:28,681: +SUB [/move_group/goal] /move_group http://ip-172-31-19-100:40952/
[rosmaster.master][INFO] 2017-06-10 22:46:28,689: +SUB [/move_group/cancel] /move_group http://ip-172-31-19-100:40952/
[rosmaster.master][INFO] 2017-06-10 22:46:28,737: +PUB [/pickup/result] /move_group http://ip-172-31-19-100:40952/
[rosmaster.master][INFO] 2017-06-10 22:46:28,741: +PUB [/pickup/feedback] /move_group http://ip-172-31-19-100:40952/
[rosmaster.master][INFO] 2017-06-10 22:46:28,745: +PUB [/pickup/status] /move_group http://ip-172-31-19-100:40952/
[rosmaster.master][INFO] 2017-06-10 22:46:28,757: +SUB [/pickup/goal] /move_group http://ip-172-31-19-100:40952/
[rosmaster.master][INFO] 2017-06-10 22:46:28,765: +SUB [/pickup/cancel] /move_group http://ip-172-31-19-100:40952/
[rosmaster.master][INFO] 2017-06-10 22:46:28,772: +PUB [/place/result] /move_group http://ip-172-31-19-100:40952/
[rosmaster.master][INFO] 2017-06-10 22:46:28,777: +PUB [/place/feedback] /move_group http://ip-172-31-19-100:40952/
[rosmaster.master][INFO] 2017-06-10 22:46:28,781: +PUB [/place/status] /move_group http://ip-172-31-19-100:40952/
[rosmaster.master][INFO] 2017-06-10 22:46:28,792: +SUB [/place/goal] /move_group http://ip-172-31-19-100:40952/
[rosmaster.master][INFO] 2017-06-10 22:46:28,801: +SUB [/place/cancel] /move_group http://ip-172-31-19-100:40952/
[rosmaster.master][INFO] 2017-06-10 22:46:28,806: +SERVICE [/plan_kinematic_path] /move_group http://ip-172-31-19-100:40952/
[rosmaster.master][INFO] 2017-06-10 22:46:28,811: +SERVICE [/query_planner_interface] /move_group http://ip-172-31-19-100:40952/
[rosmaster.master][INFO] 2017-06-10 22:46:28,816: +SERVICE [/check_state_validity] /move_group http://ip-172-31-19-100:40952/
[rosmaster.master][INFO] 2017-06-10 22:46:28,940: +SUB [/control_markers/update_full] /interactive_marker_proxy http://ip-172-31-19-100:33761/
[rosmaster.master][INFO] 2017-06-10 22:46:29,095: -SUB [/control_markers/update_full] /interactive_marker_proxy http://ip-172-31-19-100:33761/
[rosmaster.master][INFO] 2017-06-10 22:46:39,447: +PUB [/tf2_web_republisher/goal] /rosbridge_websocket http://ip-172-31-19-100:43510/
[rosmaster.master][INFO] 2017-06-10 22:46:39,458: +PUB [/tf2_web_republisher/cancel] /rosbridge_websocket http://ip-172-31-19-100:43510/
[rosmaster.master][INFO] 2017-06-10 22:46:39,466: +SUB [/tf2_web_republisher/feedback] /rosbridge_websocket http://ip-172-31-19-100:43510/
[rosmaster.master][INFO] 2017-06-10 22:46:39,486: publisherUpdate[/tf2_web_republisher/goal] -> http://ip-172-31-19-100:35180/
[rosmaster.master][INFO] 2017-06-10 22:46:39,495: publisherUpdate[/tf2_web_republisher/cancel] -> http://ip-172-31-19-100:35180/
[rosmaster.master][INFO] 2017-06-10 22:46:39,495: +SUB [/visualization_marker_array] /rosbridge_websocket http://ip-172-31-19-100:43510/
[rosmaster.master][INFO] 2017-06-10 22:46:39,523: +SUB [/control_markers/tunneled/update] /rosbridge_websocket http://ip-172-31-19-100:43510/
[rosmaster.master][INFO] 2017-06-10 22:46:39,538: +PUB [/control_markers/feedback] /rosbridge_websocket http://ip-172-31-19-100:43510/
[rosmaster.master][INFO] 2017-06-10 22:46:39,587: publisherUpdate[/control_markers/feedback] -> http://ip-172-31-19-100:50402/
[rosmaster.master][INFO] 2017-06-10 22:46:47,708: +PUB [/rosout] /move_group_commander_wrappers_1497160007702957367 http://ip-172-31-19-100:43201/
[rosmaster.master][INFO] 2017-06-10 22:46:47,709: +SERVICE [/move_group_commander_wrappers_1497160007702957367/get_loggers] /move_group_commander_wrappers_1497160007702957367 http://ip-172-31-19-100:43201/
[rosmaster.master][INFO] 2017-06-10 22:46:47,713: publisherUpdate[/rosout] -> http://ip-172-31-19-100:54713/
[rosmaster.master][INFO] 2017-06-10 22:46:47,714: +SERVICE [/move_group_commander_wrappers_1497160007702957367/set_logger_level] /move_group_commander_wrappers_1497160007702957367 http://ip-172-31-19-100:43201/
[rosmaster.master][INFO] 2017-06-10 22:46:47,889: +PUB [/rosout] /move_arm_24247_1497160007722 http://ip-172-31-19-100:48108/
[rosmaster.master][INFO] 2017-06-10 22:46:47,904: +SERVICE [/move_arm_24247_1497160007722/get_loggers] /move_arm_24247_1497160007722 http://ip-172-31-19-100:48108/
[rosmaster.master][INFO] 2017-06-10 22:46:47,907: publisherUpdate[/rosout] -> http://ip-172-31-19-100:54713/
[rosmaster.master][INFO] 2017-06-10 22:46:47,910: +SERVICE [/move_arm_24247_1497160007722/set_logger_level] /move_arm_24247_1497160007722 http://ip-172-31-19-100:48108/
[rosmaster.master][INFO] 2017-06-10 22:46:47,929: +SUB [/joint_states] /move_arm_24247_1497160007722 http://ip-172-31-19-100:48108/
[rosmaster.master][INFO] 2017-06-10 22:46:47,936: +SUB [/motion_planning_goal] /move_arm_24247_1497160007722 http://ip-172-31-19-100:48108/
[rosmaster.master][INFO] 2017-06-10 22:46:47,941: +PUB [/joint_trajectory] /move_arm_24247_1497160007722 http://ip-172-31-19-100:48108/
[rosmaster.master][INFO] 2017-06-10 22:46:48,015: publisherUpdate[/joint_trajectory] -> http://ip-172-31-19-100:53865/
[rosmaster.master][INFO] 2017-06-10 22:46:48,019: publisherUpdate[/joint_trajectory] -> http://ip-172-31-19-100:50402/
[rosmaster.master][INFO] 2017-06-10 22:46:48,192: +SUB [/tf] /move_group_commander_wrappers_1497160007702957367 http://ip-172-31-19-100:43201/
[rosmaster.master][INFO] 2017-06-10 22:46:48,202: +SUB [/tf_static] /move_group_commander_wrappers_1497160007702957367 http://ip-172-31-19-100:43201/
[rosmaster.master][INFO] 2017-06-10 22:46:48,207: +PUB [/planning_scene] /move_group_commander_wrappers_1497160007702957367 http://ip-172-31-19-100:43201/
[rosmaster.master][INFO] 2017-06-10 22:46:48,218: +PUB [/collision_object] /move_arm_24247_1497160007722 http://ip-172-31-19-100:48108/
[rosmaster.master][INFO] 2017-06-10 22:46:48,224: +PUB [/attached_collision_object] /move_arm_24247_1497160007722 http://ip-172-31-19-100:48108/
[rosmaster.master][INFO] 2017-06-10 22:46:48,228: publisherUpdate[/planning_scene] -> http://ip-172-31-19-100:40952/
[rosmaster.master][INFO] 2017-06-10 22:46:48,229: +PUB [/trajectory_execution_event] /move_group_commander_wrappers_1497160007702957367 http://ip-172-31-19-100:43201/
[rosmaster.master][INFO] 2017-06-10 22:46:48,232: publisherUpdate[/collision_object] -> http://ip-172-31-19-100:40952/
[rosmaster.master][INFO] 2017-06-10 22:46:48,236: +PUB [/attached_collision_object] /move_group_commander_wrappers_1497160007702957367 http://ip-172-31-19-100:43201/
[rosmaster.master][INFO] 2017-06-10 22:46:48,240: publisherUpdate[/attached_collision_object] -> http://ip-172-31-19-100:40952/
[rosmaster.master][INFO] 2017-06-10 22:46:48,252: publisherUpdate[/attached_collision_object] -> http://ip-172-31-19-100:40952/
[rosmaster.master][INFO] 2017-06-10 22:46:48,255: +SUB [/move_group/status] /move_group_commander_wrappers_1497160007702957367 http://ip-172-31-19-100:43201/
[rosmaster.master][INFO] 2017-06-10 22:46:48,265: +SUB [/move_group/feedback] /move_group_commander_wrappers_1497160007702957367 http://ip-172-31-19-100:43201/
[rosmaster.master][INFO] 2017-06-10 22:46:48,275: +SUB [/move_group/result] /move_group_commander_wrappers_1497160007702957367 http://ip-172-31-19-100:43201/
[rosmaster.master][INFO] 2017-06-10 22:46:48,280: +PUB [/move_group/goal] /move_group_commander_wrappers_1497160007702957367 http://ip-172-31-19-100:43201/
[rosmaster.master][INFO] 2017-06-10 22:46:48,285: +PUB [/move_group/cancel] /move_group_commander_wrappers_1497160007702957367 http://ip-172-31-19-100:43201/
[rosmaster.master][INFO] 2017-06-10 22:46:48,335: publisherUpdate[/move_group/goal] -> http://ip-172-31-19-100:40952/
[rosmaster.master][INFO] 2017-06-10 22:46:48,340: publisherUpdate[/move_group/cancel] -> http://ip-172-31-19-100:40952/
[rosmaster.master][INFO] 2017-06-10 22:46:48,555: +SUB [/pickup/status] /move_group_commander_wrappers_1497160007702957367 http://ip-172-31-19-100:43201/
[rosmaster.master][INFO] 2017-06-10 22:46:48,564: +SUB [/pickup/feedback] /move_group_commander_wrappers_1497160007702957367 http://ip-172-31-19-100:43201/
[rosmaster.master][INFO] 2017-06-10 22:46:48,578: +SUB [/pickup/result] /move_group_commander_wrappers_1497160007702957367 http://ip-172-31-19-100:43201/
[rosmaster.master][INFO] 2017-06-10 22:46:48,583: +PUB [/pickup/goal] /move_group_commander_wrappers_1497160007702957367 http://ip-172-31-19-100:43201/
[rosmaster.master][INFO] 2017-06-10 22:46:48,588: +PUB [/pickup/cancel] /move_group_commander_wrappers_1497160007702957367 http://ip-172-31-19-100:43201/
[rosmaster.master][INFO] 2017-06-10 22:46:48,641: publisherUpdate[/pickup/goal] -> http://ip-172-31-19-100:40952/
[rosmaster.master][INFO] 2017-06-10 22:46:48,645: publisherUpdate[/pickup/cancel] -> http://ip-172-31-19-100:40952/
[rosmaster.master][INFO] 2017-06-10 22:46:48,758: +SUB [/place/status] /move_group_commander_wrappers_1497160007702957367 http://ip-172-31-19-100:43201/
[rosmaster.master][INFO] 2017-06-10 22:46:48,767: +SUB [/place/feedback] /move_group_commander_wrappers_1497160007702957367 http://ip-172-31-19-100:43201/
[rosmaster.master][INFO] 2017-06-10 22:46:48,777: +SUB [/place/result] /move_group_commander_wrappers_1497160007702957367 http://ip-172-31-19-100:43201/
[rosmaster.master][INFO] 2017-06-10 22:46:48,790: +PUB [/place/goal] /move_group_commander_wrappers_1497160007702957367 http://ip-172-31-19-100:43201/
[rosmaster.master][INFO] 2017-06-10 22:46:48,795: +PUB [/place/cancel] /move_group_commander_wrappers_1497160007702957367 http://ip-172-31-19-100:43201/
[rosmaster.master][INFO] 2017-06-10 22:46:48,845: publisherUpdate[/place/goal] -> http://ip-172-31-19-100:40952/
[rosmaster.master][INFO] 2017-06-10 22:46:48,850: publisherUpdate[/place/cancel] -> http://ip-172-31-19-100:40952/
[rosmaster.master][INFO] 2017-06-10 22:46:48,963: +SUB [/execute_trajectory/status] /move_group_commander_wrappers_1497160007702957367 http://ip-172-31-19-100:43201/
[rosmaster.master][INFO] 2017-06-10 22:46:48,967: +SUB [/execute_trajectory/feedback] /move_group_commander_wrappers_1497160007702957367 http://ip-172-31-19-100:43201/
[rosmaster.master][INFO] 2017-06-10 22:46:48,975: +SUB [/execute_trajectory/result] /move_group_commander_wrappers_1497160007702957367 http://ip-172-31-19-100:43201/
[rosmaster.master][INFO] 2017-06-10 22:46:48,981: +PUB [/execute_trajectory/goal] /move_group_commander_wrappers_1497160007702957367 http://ip-172-31-19-100:43201/
[rosmaster.master][INFO] 2017-06-10 22:46:48,985: +PUB [/execute_trajectory/cancel] /move_group_commander_wrappers_1497160007702957367 http://ip-172-31-19-100:43201/
[rosmaster.master][INFO] 2017-06-10 22:46:48,991: -SUB [/execute_trajectory/status] /move_group_commander_wrappers_1497160007702957367 http://ip-172-31-19-100:43201/
[rosmaster.master][INFO] 2017-06-10 22:46:48,996: -PUB [/execute_trajectory/cancel] /move_group_commander_wrappers_1497160007702957367 http://ip-172-31-19-100:43201/
[rosmaster.master][INFO] 2017-06-10 22:46:49,004: -PUB [/execute_trajectory/goal] /move_group_commander_wrappers_1497160007702957367 http://ip-172-31-19-100:43201/
[rosmaster.master][INFO] 2017-06-10 22:46:49,009: -SUB [/execute_trajectory/feedback] /move_group_commander_wrappers_1497160007702957367 http://ip-172-31-19-100:43201/
[rosmaster.master][INFO] 2017-06-10 22:46:49,013: -SUB [/execute_trajectory/result] /move_group_commander_wrappers_1497160007702957367 http://ip-172-31-19-100:43201/
