[rospy.client][INFO] 2017-06-10 22:46:25,003: init_node, name[/rosbridge_websocket], pid[22662]
[xmlrpc][INFO] 2017-06-10 22:46:25,003: XML-RPC server binding to 0.0.0.0:0
[xmlrpc][INFO] 2017-06-10 22:46:25,007: Started XML-RPC server [http://ip-172-31-19-100:43510/]
[rospy.impl.masterslave][INFO] 2017-06-10 22:46:25,012: _ready: http://ip-172-31-19-100:43510/
[rospy.init][INFO] 2017-06-10 22:46:25,007: ROS Slave URI: [http://ip-172-31-19-100:43510/]
[rospy.registration][INFO] 2017-06-10 22:46:25,017: Registering with master node http://localhost:53824
[xmlrpc][INFO] 2017-06-10 22:46:25,017: xml rpc node: starting XML-RPC server
[rospy.init][INFO] 2017-06-10 22:46:25,120: registered with master
[rospy.rosout][INFO] 2017-06-10 22:46:25,125: initializing /rosout core topic
[rospy.rosout][INFO] 2017-06-10 22:46:25,140: connected to core topic /rosout
[rospy.simtime][INFO] 2017-06-10 22:46:25,145: /use_sim_time is not set, will not subscribe to simulated time [/clock] topic
[rosout][INFO] 2017-06-10 22:46:25,170: Rosbridge WebSocket server started on port 42843
[rospy.internal][INFO] 2017-06-10 22:46:25,347: topic[/rosout] adding connection to [/rosout], count 0
[rosout][INFO] 2017-06-10 22:46:39,329: Client connected.  1 clients total.
[rosout][INFO] 2017-06-10 22:46:39,477: [Client 0] Subscribed to /tf2_web_republisher/feedback
[rospy.internal][INFO] 2017-06-10 22:46:39,498: topic[/tf2_web_republisher/feedback] adding connection to [http://ip-172-31-19-100:35180/], count 0
[rosout][INFO] 2017-06-10 22:46:39,512: [Client 0] Subscribed to /visualization_marker_array
[rospy.internal][INFO] 2017-06-10 22:46:39,516: topic[/visualization_marker_array] adding connection to [http://ip-172-31-19-100:50402/], count 0
[rosout][INFO] 2017-06-10 22:46:39,528: [Client 0] Subscribed to /control_markers/tunneled/update
[rospy.internal][INFO] 2017-06-10 22:46:39,531: topic[/control_markers/tunneled/update] adding connection to [http://ip-172-31-19-100:33761/], count 0
[rospy.internal][INFO] 2017-06-10 22:46:39,639: topic[/control_markers/feedback] adding connection to [/marker_control_22947_1497159988180], count 0
[rosout][INFO] 2017-06-10 22:46:39,648: [Client 0] Subscribed to /tf2_web_republisher/feedback
[rosout][INFO] 2017-06-10 22:46:39,654: [Client 0] Subscribed to /tf2_web_republisher/feedback
[rosout][INFO] 2017-06-10 22:46:39,664: [Client 0] Subscribed to /tf2_web_republisher/feedback
[rosout][INFO] 2017-06-10 22:46:39,669: [Client 0] Subscribed to /tf2_web_republisher/feedback
[rosout][INFO] 2017-06-10 22:46:39,673: [Client 0] Subscribed to /tf2_web_republisher/feedback
[rosout][INFO] 2017-06-10 22:46:39,677: [Client 0] Subscribed to /tf2_web_republisher/feedback
[rosout][INFO] 2017-06-10 22:46:39,682: [Client 0] Subscribed to /tf2_web_republisher/feedback
[rospy.internal][INFO] 2017-06-10 22:46:39,702: topic[/tf2_web_republisher/goal] adding connection to [/tf2_web_republisher], count 0
[rospy.internal][INFO] 2017-06-10 22:46:39,706: topic[/tf2_web_republisher/cancel] adding connection to [/tf2_web_republisher], count 0
[rospy.internal][INFO] 2017-06-10 22:55:21,575: topic impl's ref count is zero, deleting topic /tf2_web_republisher/cancel...
[rospy.internal][INFO] 2017-06-10 22:55:21,575: topic[/tf2_web_republisher/cancel] removing connection to /tf2_web_republisher
[rospy.internal][INFO] 2017-06-10 22:55:21,584: topic impl's ref count is zero, deleting topic /tf2_web_republisher/goal...
[rospy.internal][INFO] 2017-06-10 22:55:21,588: topic[/tf2_web_republisher/goal] removing connection to /tf2_web_republisher
[rospy.internal][INFO] 2017-06-10 22:55:21,598: topic impl's ref count is zero, deleting topic /control_markers/feedback...
[rospy.internal][INFO] 2017-06-10 22:55:21,603: topic[/control_markers/feedback] removing connection to /marker_control_22947_1497159988180
[rospy.internal][INFO] 2017-06-10 22:55:21,613: topic impl's ref count is zero, deleting topic /control_markers/tunneled/update...
[rospy.internal][INFO] 2017-06-10 22:55:21,617: topic[/control_markers/tunneled/update] removing connection to http://ip-172-31-19-100:33761/
[rospy.internal][WARNING] 2017-06-10 22:55:21,617: Unknown error initiating TCP/IP socket to ip-172-31-19-100:52429 (http://ip-172-31-19-100:33761/): Traceback (most recent call last):
  File "/opt/ros/indigo/lib/python2.7/dist-packages/rospy/impl/tcpros_base.py", line 558, in connect
    self.local_endpoint = self.socket.getsockname()
AttributeError: 'NoneType' object has no attribute 'getsockname'

[rospy.internal][INFO] 2017-06-10 22:55:21,639: topic impl's ref count is zero, deleting topic /tf2_web_republisher/feedback...
[rospy.internal][INFO] 2017-06-10 22:55:21,643: topic[/tf2_web_republisher/feedback] removing connection to http://ip-172-31-19-100:35180/
[rospy.internal][INFO] 2017-06-10 22:55:21,652: topic impl's ref count is zero, deleting topic /visualization_marker_array...
[rospy.internal][INFO] 2017-06-10 22:55:21,656: topic[/visualization_marker_array] removing connection to http://ip-172-31-19-100:50402/
[rosout][INFO] 2017-06-10 22:55:21,665: Client disconnected. 0 clients total.
