[roslaunch][INFO] 2017-06-10 22:46:21,728: Checking log directory for disk usage. This may take awhile.
Press Ctrl-C to interrupt
[roslaunch][INFO] 2017-06-10 22:46:21,828: Done checking log file disk usage. Usage is <1GB.
[roslaunch][INFO] 2017-06-10 22:46:21,828: roslaunch starting with args ['roscore', '--core', '-p', '53824']
[roslaunch][INFO] 2017-06-10 22:46:21,832: roslaunch env is {'ROS_DISTRO': 'indigo', 'ASNLIB': '/home/ccc_v1_s54106__48606/asn13529_Project_5/asn13530_Project_4/asnlib', 'LIB': '/home/ccc_v1_s54106__48606/lib', 'PKG_CONFIG_PATH': '/opt/ros/indigo/lib/pkgconfig:/opt/ros/indigo/lib/x86_64-linux-gnu/pkgconfig', 'SSH_CLIENT': '172.31.7.153 50388 22', 'CPATH': '/opt/ros/indigo/include', 'LOGNAME': 'ccc_v1_w_dd4cc_18220', 'USER': 'ccc_v1_w_dd4cc_18220', 'ROS_NODE_PORT': '53824', 'HOME': '/home/ccc_v1_w_dd4cc_18220/asn13529_Project_5/asn13530_Project_4/work', 'PATH': '/opt/ros/indigo/bin:/usr/local/sbin:/usr/local/bin:/usr/sbin:/usr/bin:/sbin:/bin:/usr/games:/usr/local/games:/home/local/bin:/home/ccc_v1_s54106__48606/lib:/home/ccc_v1_s54106__48606/asn13529_Project_5/asn13530_Project_4/asnlib:/home/vlibs:.', 'CMAKE_PREFIX_PATH': '/opt/ros/indigo', 'LD_LIBRARY_PATH': '/opt/ros/indigo/lib:/opt/ros/indigo/lib/x86_64-linux-gnu:/home/ccc_v1_s54106__48606/lib:/home/ccc_v1_s54106__48606/asn13529_Project_5/asn13530_Project_4/asnlib:/home/vlibs', 'LANG': 'en_US.UTF-8', 'TERM': 'xterm-256color', 'SHELL': '/bin/bash', 'HISTFILE': '/home/ccc_v1_w_dd4cc_18220/.bash_history', 'SHLVL': '2', 'VOC_WORKAREA': '/home/ccc_v1_w_dd4cc_18220/asn13529_Project_5/asn13530_Project_4/work', 'ROS_LOG_FILENAME': '/home/ccc_v1_w_dd4cc_18220/asn13529_Project_5/asn13530_Project_4/work/.ros/log/4c4d7e24-4e69-11e7-b95c-06f360e4abc1/roslaunch-ip-172-31-19-100-22516.log', 'PART1': '/home/ccc_v1_s54106__48606/asn13529_Project_5/asn13530_Project_4', 'ROS_ETC_DIR': '/opt/ros/indigo/etc/ros', 'XDG_RUNTIME_DIR': '/run/user/18220', 'PYTHONPATH': '/opt/ros/indigo/lib/python2.7/dist-packages:/home/vlibs/python', 'VOC_PROXY_WRAPPER_PORT': '5100', 'VOC_XFER_TOKEN': '4101063104354243542135300593cd926ce1700.49909677', 'ROS_ROOT': '/opt/ros/indigo/share/ros', 'OLD_HOME': '/home/ccc_v1_w_dd4cc_18220', 'VOC_PROXY_TOKEN': '32792833643542435421353001593cd926db21a2.66607151', 'ROS_PACKAGE_PATH': '/opt/ros/indigo/share:/opt/ros/indigo/stacks', 'XDG_SESSION_ID': '324548', '_': '/usr/bin/stdbuf', 'LD_PRELOAD': '/usr/lib/coreutils/libstdbuf.so', '_STDBUF_O': 'L', 'SSH_TTY': '/dev/pts/6', 'OLDPWD': '/home/ccc_v1_w_dd4cc_18220', 'ROSLISP_PACKAGE_DIRECTORIES': '', 'VLIB': '/home/vlibs', 'PWD': '/home/ccc_v1_w_dd4cc_18220/asn13529_Project_5/asn13530_Project_4/work', 'VOC_PROXY_ID': '43542_43542_13530_0_1', 'ROS_MASTER_URI': 'http://localhost:53824', 'MAIL': '/var/mail/ccc_v1_w_dd4cc_18220', 'SSH_CONNECTION': '172.31.7.153 50388 172.31.19.100 22'}
[roslaunch][INFO] 2017-06-10 22:46:21,836: starting in server mode
[roslaunch.parent][INFO] 2017-06-10 22:46:21,840: starting roslaunch parent run
[roslaunch][INFO] 2017-06-10 22:46:21,844: loading roscore config file /opt/ros/indigo/etc/ros/roscore.xml
[roslaunch][INFO] 2017-06-10 22:46:21,967: Added core node of type [rosout/rosout] in namespace [/]
[roslaunch.pmon][INFO] 2017-06-10 22:46:21,968: start_process_monitor: creating ProcessMonitor
[roslaunch.pmon][INFO] 2017-06-10 22:46:21,972: created process monitor <ProcessMonitor(ProcessMonitor-1, initial daemon)>
[roslaunch.pmon][INFO] 2017-06-10 22:46:21,976: start_process_monitor: ProcessMonitor started
[roslaunch.parent][INFO] 2017-06-10 22:46:21,980: starting parent XML-RPC server
[roslaunch.server][INFO] 2017-06-10 22:46:21,984: starting roslaunch XML-RPC server
[roslaunch.server][INFO] 2017-06-10 22:46:21,988: waiting for roslaunch XML-RPC server to initialize
[xmlrpc][INFO] 2017-06-10 22:46:21,988: XML-RPC server binding to 0.0.0.0:0
[xmlrpc][INFO] 2017-06-10 22:46:21,996: Started XML-RPC server [http://ip-172-31-19-100:50722/]
[xmlrpc][INFO] 2017-06-10 22:46:22,000: xml rpc node: starting XML-RPC server
[roslaunch][INFO] 2017-06-10 22:46:22,009: started roslaunch server http://ip-172-31-19-100:50722/
[roslaunch.parent][INFO] 2017-06-10 22:46:22,021: ... parent XML-RPC server started
[roslaunch][INFO] 2017-06-10 22:46:22,025: master.is_running[http://ip-172-31-19-100:53824/]
[roslaunch][INFO] 2017-06-10 22:46:22,030: auto-starting new master
[roslaunch][INFO] 2017-06-10 22:46:22,034: create_master_process: rosmaster, /opt/ros/indigo/share/ros, 53824, 3, None
[roslaunch][INFO] 2017-06-10 22:46:22,038: process[master]: launching with args [['rosmaster', '--core', '-p', '53824', '-w', '3']]
[roslaunch.pmon][INFO] 2017-06-10 22:46:22,042: ProcessMonitor.register[master]
[roslaunch.pmon][INFO] 2017-06-10 22:46:22,046: ProcessMonitor.register[master] complete
[roslaunch][INFO] 2017-06-10 22:46:22,049: process[master]: starting os process
[roslaunch][INFO] 2017-06-10 22:46:22,053: process[master]: start w/ args [['rosmaster', '--core', '-p', '53824', '-w', '3', '__log:=/home/ccc_v1_w_dd4cc_18220/asn13529_Project_5/asn13530_Project_4/work/.ros/log/4c4d7e24-4e69-11e7-b95c-06f360e4abc1/master.log']]
[roslaunch][INFO] 2017-06-10 22:46:22,056: process[master]: cwd will be [/home/ccc_v1_w_dd4cc_18220/asn13529_Project_5/asn13530_Project_4/work/.ros]
[roslaunch][INFO] 2017-06-10 22:46:22,068: process[master]: started with pid [22533]
[roslaunch][INFO] 2017-06-10 22:46:22,069: master.is_running[http://ip-172-31-19-100:53824/]
[roslaunch][INFO] 2017-06-10 22:46:22,173: master.is_running[http://ip-172-31-19-100:53824/]
[roslaunch][INFO] 2017-06-10 22:46:22,277: master.is_running[http://ip-172-31-19-100:53824/]
[roslaunch][INFO] 2017-06-10 22:46:22,284: master.is_running[http://ip-172-31-19-100:53824/]
[roslaunch][INFO] 2017-06-10 22:46:22,289: ROS_MASTER_URI=http://ip-172-31-19-100:53824/
[roslaunch][INFO] 2017-06-10 22:46:22,294: setting /run_id to 4c4d7e24-4e69-11e7-b95c-06f360e4abc1
[roslaunch][INFO] 2017-06-10 22:46:22,302: setting /roslaunch/uris/host_ip_172_31_19_100__50722' to http://ip-172-31-19-100:50722/
[roslaunch][INFO] 2017-06-10 22:46:22,312: ... preparing to launch node of type [rosout/rosout]
[roslaunch][INFO] 2017-06-10 22:46:22,316: create_node_process: package[rosout] type[rosout] machine[Machine(name[] env_loader[None] address[localhost] ssh_port[22] user[None] assignable[True] timeout[10.0])] master_uri[http://ip-172-31-19-100:53824/]
[roslaunch][INFO] 2017-06-10 22:46:22,320: process[rosout-1]: env[{'ROS_DISTRO': 'indigo', 'ASNLIB': '/home/ccc_v1_s54106__48606/asn13529_Project_5/asn13530_Project_4/asnlib', 'LIB': '/home/ccc_v1_s54106__48606/lib', 'VOC_PROXY_TOKEN': '32792833643542435421353001593cd926db21a2.66607151', 'SSH_CLIENT': '172.31.7.153 50388 22', 'CPATH': '/opt/ros/indigo/include', 'LOGNAME': 'ccc_v1_w_dd4cc_18220', 'USER': 'ccc_v1_w_dd4cc_18220', 'ROS_NODE_PORT': '53824', 'HOME': '/home/ccc_v1_w_dd4cc_18220/asn13529_Project_5/asn13530_Project_4/work', 'PATH': '/opt/ros/indigo/bin:/usr/local/sbin:/usr/local/bin:/usr/sbin:/usr/bin:/sbin:/bin:/usr/games:/usr/local/games:/home/local/bin:/home/ccc_v1_s54106__48606/lib:/home/ccc_v1_s54106__48606/asn13529_Project_5/asn13530_Project_4/asnlib:/home/vlibs:.', 'CMAKE_PREFIX_PATH': '/opt/ros/indigo', 'ROS_LOG_FILENAME': '/home/ccc_v1_w_dd4cc_18220/asn13529_Project_5/asn13530_Project_4/work/.ros/log/4c4d7e24-4e69-11e7-b95c-06f360e4abc1/roslaunch-ip-172-31-19-100-22516.log', 'LANG': 'en_US.UTF-8', 'TERM': 'xterm-256color', 'SHELL': '/bin/bash', 'HISTFILE': '/home/ccc_v1_w_dd4cc_18220/.bash_history', 'SHLVL': '2', 'VOC_WORKAREA': '/home/ccc_v1_w_dd4cc_18220/asn13529_Project_5/asn13530_Project_4/work', 'LD_LIBRARY_PATH': '/opt/ros/indigo/lib:/opt/ros/indigo/lib/x86_64-linux-gnu:/home/ccc_v1_s54106__48606/lib:/home/ccc_v1_s54106__48606/asn13529_Project_5/asn13530_Project_4/asnlib:/home/vlibs', 'PART1': '/home/ccc_v1_s54106__48606/asn13529_Project_5/asn13530_Project_4', 'ROS_MASTER_URI': 'http://ip-172-31-19-100:53824/', 'XDG_RUNTIME_DIR': '/run/user/18220', 'PYTHONPATH': '/opt/ros/indigo/lib/python2.7/dist-packages:/home/vlibs/python', 'VOC_PROXY_WRAPPER_PORT': '5100', 'VOC_XFER_TOKEN': '4101063104354243542135300593cd926ce1700.49909677', 'ROS_ROOT': '/opt/ros/indigo/share/ros', 'OLD_HOME': '/home/ccc_v1_w_dd4cc_18220', 'PKG_CONFIG_PATH': '/opt/ros/indigo/lib/pkgconfig:/opt/ros/indigo/lib/x86_64-linux-gnu/pkgconfig', 'ROS_PACKAGE_PATH': '/opt/ros/indigo/share:/opt/ros/indigo/stacks', 'XDG_SESSION_ID': '324548', '_': '/usr/bin/stdbuf', 'LD_PRELOAD': '/usr/lib/coreutils/libstdbuf.so', '_STDBUF_O': 'L', 'SSH_TTY': '/dev/pts/6', 'OLDPWD': '/home/ccc_v1_w_dd4cc_18220', 'ROSLISP_PACKAGE_DIRECTORIES': '', 'VLIB': '/home/vlibs', 'PWD': '/home/ccc_v1_w_dd4cc_18220/asn13529_Project_5/asn13530_Project_4/work', 'VOC_PROXY_ID': '43542_43542_13530_0_1', 'ROS_ETC_DIR': '/opt/ros/indigo/etc/ros', 'MAIL': '/var/mail/ccc_v1_w_dd4cc_18220', 'SSH_CONNECTION': '172.31.7.153 50388 172.31.19.100 22'}]
[roslaunch][INFO] 2017-06-10 22:46:22,352: process[rosout-1]: args[[u'/opt/ros/indigo/lib/rosout/rosout', u'__name:=rosout']]
[roslaunch][INFO] 2017-06-10 22:46:22,356: ... created process [rosout-1]
[roslaunch.pmon][INFO] 2017-06-10 22:46:22,360: ProcessMonitor.register[rosout-1]
[roslaunch.pmon][INFO] 2017-06-10 22:46:22,363: ProcessMonitor.register[rosout-1] complete
[roslaunch][INFO] 2017-06-10 22:46:22,367: ... registered process [rosout-1]
[roslaunch][INFO] 2017-06-10 22:46:22,371: process[rosout-1]: starting os process
[roslaunch][INFO] 2017-06-10 22:46:22,377: process[rosout-1]: start w/ args [[u'/opt/ros/indigo/lib/rosout/rosout', u'__name:=rosout', u'__log:=/home/ccc_v1_w_dd4cc_18220/asn13529_Project_5/asn13530_Project_4/work/.ros/log/4c4d7e24-4e69-11e7-b95c-06f360e4abc1/rosout-1.log']]
[roslaunch][INFO] 2017-06-10 22:46:22,382: process[rosout-1]: cwd will be [/home/ccc_v1_w_dd4cc_18220/asn13529_Project_5/asn13530_Project_4/work/.ros]
[roslaunch][INFO] 2017-06-10 22:46:22,390: process[rosout-1]: started with pid [22549]
[roslaunch][INFO] 2017-06-10 22:46:22,391: ... successfully launched [rosout-1]
[roslaunch][INFO] 2017-06-10 22:46:22,396: load_parameters starting ...
[roslaunch][INFO] 2017-06-10 22:46:22,409: ... load_parameters complete
[roslaunch][INFO] 2017-06-10 22:46:22,414: launch_nodes: launching local nodes ...
[roslaunch][INFO] 2017-06-10 22:46:22,417: ... launch_nodes complete
[roslaunch.pmon][INFO] 2017-06-10 22:46:22,421: registrations completed <ProcessMonitor(ProcessMonitor-1, started daemon 139741884929792)>
[roslaunch.parent][INFO] 2017-06-10 22:46:22,425: ... roslaunch parent running, waiting for process exit
[roslaunch][INFO] 2017-06-10 22:46:22,429: spin
