[roslaunch][INFO] 2017-06-10 22:46:23,897: Checking log directory for disk usage. This may take awhile.
Press Ctrl-C to interrupt
[roslaunch][INFO] 2017-06-10 22:46:23,979: Done checking log file disk usage. Usage is <1GB.
[roslaunch][INFO] 2017-06-10 22:46:23,980: roslaunch starting with args ['/opt/ros/indigo/bin/roslaunch', 'rosbridge_server', 'rosbridge_websocket.launch', 'port:=42843']
[roslaunch][INFO] 2017-06-10 22:46:23,984: roslaunch env is {'ROS_DISTRO': 'indigo', 'ASNLIB': '/home/ccc_v1_s54106__48606/asn13529_Project_5/asn13530_Project_4/asnlib', 'LIB': '/home/ccc_v1_s54106__48606/lib', 'PKG_CONFIG_PATH': '/opt/ros/indigo/lib/pkgconfig:/opt/ros/indigo/lib/x86_64-linux-gnu/pkgconfig', 'SSH_CLIENT': '172.31.7.153 50388 22', 'CPATH': '/opt/ros/indigo/include', 'LOGNAME': 'ccc_v1_w_dd4cc_18220', 'USER': 'ccc_v1_w_dd4cc_18220', 'ROS_NODE_PORT': '53824', 'HOME': '/home/ccc_v1_w_dd4cc_18220/asn13529_Project_5/asn13530_Project_4/work', 'PATH': '/opt/ros/indigo/bin:/usr/local/sbin:/usr/local/bin:/usr/sbin:/usr/bin:/sbin:/bin:/usr/games:/usr/local/games:/home/local/bin:/home/ccc_v1_s54106__48606/lib:/home/ccc_v1_s54106__48606/asn13529_Project_5/asn13530_Project_4/asnlib:/home/vlibs:.', 'CMAKE_PREFIX_PATH': '/opt/ros/indigo', 'LD_LIBRARY_PATH': '/opt/ros/indigo/lib:/opt/ros/indigo/lib/x86_64-linux-gnu:/home/ccc_v1_s54106__48606/lib:/home/ccc_v1_s54106__48606/asn13529_Project_5/asn13530_Project_4/asnlib:/home/vlibs', 'LANG': 'en_US.UTF-8', 'TERM': 'xterm-256color', 'SHELL': '/bin/bash', 'HISTFILE': '/home/ccc_v1_w_dd4cc_18220/.bash_history', 'SHLVL': '2', 'VOC_WORKAREA': '/home/ccc_v1_w_dd4cc_18220/asn13529_Project_5/asn13530_Project_4/work', 'ROS_LOG_FILENAME': '/home/ccc_v1_w_dd4cc_18220/asn13529_Project_5/asn13530_Project_4/work/.ros/log/4c4d7e24-4e69-11e7-b95c-06f360e4abc1/roslaunch-ip-172-31-19-100-22624.log', 'PART1': '/home/ccc_v1_s54106__48606/asn13529_Project_5/asn13530_Project_4', 'ROS_ETC_DIR': '/opt/ros/indigo/etc/ros', 'XDG_RUNTIME_DIR': '/run/user/18220', 'PYTHONPATH': '/opt/ros/indigo/lib/python2.7/dist-packages:/home/vlibs/python', 'VOC_PROXY_WRAPPER_PORT': '5100', 'VOC_XFER_TOKEN': '4101063104354243542135300593cd926ce1700.49909677', 'ROS_ROOT': '/opt/ros/indigo/share/ros', 'OLD_HOME': '/home/ccc_v1_w_dd4cc_18220', 'VOC_PROXY_TOKEN': '32792833643542435421353001593cd926db21a2.66607151', 'ROS_PACKAGE_PATH': '/opt/ros/indigo/share:/opt/ros/indigo/stacks', 'XDG_SESSION_ID': '324548', '_': '/usr/bin/stdbuf', 'LD_PRELOAD': '/usr/lib/coreutils/libstdbuf.so', '_STDBUF_O': 'L', 'SSH_TTY': '/dev/pts/6', 'OLDPWD': '/home/ccc_v1_w_dd4cc_18220', 'ROSLISP_PACKAGE_DIRECTORIES': '', 'VLIB': '/home/vlibs', 'PWD': '/home/ccc_v1_w_dd4cc_18220/asn13529_Project_5/asn13530_Project_4/work', 'VOC_PROXY_ID': '43542_43542_13530_0_1', 'ROS_MASTER_URI': 'http://localhost:53824', 'MAIL': '/var/mail/ccc_v1_w_dd4cc_18220', 'SSH_CONNECTION': '172.31.7.153 50388 172.31.19.100 22'}
[roslaunch][INFO] 2017-06-10 22:46:23,987: starting in server mode
[roslaunch.parent][INFO] 2017-06-10 22:46:23,990: starting roslaunch parent run
[roslaunch][INFO] 2017-06-10 22:46:23,994: loading roscore config file /opt/ros/indigo/etc/ros/roscore.xml
[roslaunch][INFO] 2017-06-10 22:46:24,123: Added core node of type [rosout/rosout] in namespace [/]
[roslaunch.config][INFO] 2017-06-10 22:46:24,124: loading config file /opt/ros/indigo/share/rosbridge_server/launch/rosbridge_websocket.launch
[roslaunch][INFO] 2017-06-10 22:46:24,130: Added node of type [rosbridge_server/rosbridge_websocket] in namespace [/]
[roslaunch][INFO] 2017-06-10 22:46:24,136: Added node of type [rosapi/rosapi_node] in namespace [/]
[roslaunch][INFO] 2017-06-10 22:46:24,140: ... selected machine [] for node of type [rosbridge_server/rosbridge_websocket]
[roslaunch][INFO] 2017-06-10 22:46:24,144: ... selected machine [] for node of type [rosapi/rosapi_node]
[roslaunch.pmon][INFO] 2017-06-10 22:46:24,148: start_process_monitor: creating ProcessMonitor
[roslaunch.pmon][INFO] 2017-06-10 22:46:24,152: created process monitor <ProcessMonitor(ProcessMonitor-1, initial daemon)>
[roslaunch.pmon][INFO] 2017-06-10 22:46:24,156: start_process_monitor: ProcessMonitor started
[roslaunch.parent][INFO] 2017-06-10 22:46:24,160: starting parent XML-RPC server
[roslaunch.server][INFO] 2017-06-10 22:46:24,164: starting roslaunch XML-RPC server
[roslaunch.server][INFO] 2017-06-10 22:46:24,168: waiting for roslaunch XML-RPC server to initialize
[xmlrpc][INFO] 2017-06-10 22:46:24,168: XML-RPC server binding to 0.0.0.0:0
[xmlrpc][INFO] 2017-06-10 22:46:24,176: Started XML-RPC server [http://ip-172-31-19-100:58832/]
[xmlrpc][INFO] 2017-06-10 22:46:24,179: xml rpc node: starting XML-RPC server
[roslaunch][INFO] 2017-06-10 22:46:24,186: started roslaunch server http://ip-172-31-19-100:58832/
[roslaunch.parent][INFO] 2017-06-10 22:46:24,189: ... parent XML-RPC server started
[roslaunch][INFO] 2017-06-10 22:46:24,194: master.is_running[http://localhost:53824]
[roslaunch][INFO] 2017-06-10 22:46:24,198: master.is_running[http://localhost:53824]
[roslaunch][INFO] 2017-06-10 22:46:24,203: ROS_MASTER_URI=http://localhost:53824
[roslaunch][INFO] 2017-06-10 22:46:24,208: setting /roslaunch/uris/host_ip_172_31_19_100__58832' to http://ip-172-31-19-100:58832/
[roslaunch][INFO] 2017-06-10 22:46:24,215: load_parameters starting ...
[roslaunch][INFO] 2017-06-10 22:46:24,261: ... load_parameters complete
[roslaunch][INFO] 2017-06-10 22:46:24,264: launch_nodes: launching local nodes ...
[roslaunch][INFO] 2017-06-10 22:46:24,269: ... preparing to launch node of type [rosbridge_server/rosbridge_websocket]
[roslaunch][INFO] 2017-06-10 22:46:24,273: create_node_process: package[rosbridge_server] type[rosbridge_websocket] machine[Machine(name[] env_loader[None] address[localhost] ssh_port[22] user[None] assignable[True] timeout[10.0])] master_uri[http://localhost:53824]
[roslaunch][INFO] 2017-06-10 22:46:24,277: process[rosbridge_websocket-1]: env[{'ROS_DISTRO': 'indigo', 'ASNLIB': '/home/ccc_v1_s54106__48606/asn13529_Project_5/asn13530_Project_4/asnlib', 'LIB': '/home/ccc_v1_s54106__48606/lib', 'VOC_PROXY_TOKEN': '32792833643542435421353001593cd926db21a2.66607151', 'SSH_CLIENT': '172.31.7.153 50388 22', 'CPATH': '/opt/ros/indigo/include', 'LOGNAME': 'ccc_v1_w_dd4cc_18220', 'USER': 'ccc_v1_w_dd4cc_18220', 'ROS_NODE_PORT': '53824', 'HOME': '/home/ccc_v1_w_dd4cc_18220/asn13529_Project_5/asn13530_Project_4/work', 'PATH': '/opt/ros/indigo/bin:/usr/local/sbin:/usr/local/bin:/usr/sbin:/usr/bin:/sbin:/bin:/usr/games:/usr/local/games:/home/local/bin:/home/ccc_v1_s54106__48606/lib:/home/ccc_v1_s54106__48606/asn13529_Project_5/asn13530_Project_4/asnlib:/home/vlibs:.', 'CMAKE_PREFIX_PATH': '/opt/ros/indigo', 'ROS_LOG_FILENAME': '/home/ccc_v1_w_dd4cc_18220/asn13529_Project_5/asn13530_Project_4/work/.ros/log/4c4d7e24-4e69-11e7-b95c-06f360e4abc1/roslaunch-ip-172-31-19-100-22624.log', 'LANG': 'en_US.UTF-8', 'TERM': 'xterm-256color', 'SHELL': '/bin/bash', 'HISTFILE': '/home/ccc_v1_w_dd4cc_18220/.bash_history', 'SHLVL': '2', 'VOC_WORKAREA': '/home/ccc_v1_w_dd4cc_18220/asn13529_Project_5/asn13530_Project_4/work', 'LD_LIBRARY_PATH': '/opt/ros/indigo/lib:/opt/ros/indigo/lib/x86_64-linux-gnu:/home/ccc_v1_s54106__48606/lib:/home/ccc_v1_s54106__48606/asn13529_Project_5/asn13530_Project_4/asnlib:/home/vlibs', 'PART1': '/home/ccc_v1_s54106__48606/asn13529_Project_5/asn13530_Project_4', 'ROS_MASTER_URI': 'http://localhost:53824', 'XDG_RUNTIME_DIR': '/run/user/18220', 'PYTHONPATH': '/opt/ros/indigo/lib/python2.7/dist-packages:/home/vlibs/python', 'VOC_PROXY_WRAPPER_PORT': '5100', 'VOC_XFER_TOKEN': '4101063104354243542135300593cd926ce1700.49909677', 'ROS_ROOT': '/opt/ros/indigo/share/ros', 'OLD_HOME': '/home/ccc_v1_w_dd4cc_18220', 'PKG_CONFIG_PATH': '/opt/ros/indigo/lib/pkgconfig:/opt/ros/indigo/lib/x86_64-linux-gnu/pkgconfig', 'ROS_PACKAGE_PATH': '/opt/ros/indigo/share:/opt/ros/indigo/stacks', 'XDG_SESSION_ID': '324548', '_': '/usr/bin/stdbuf', 'LD_PRELOAD': '/usr/lib/coreutils/libstdbuf.so', '_STDBUF_O': 'L', 'SSH_TTY': '/dev/pts/6', 'OLDPWD': '/home/ccc_v1_w_dd4cc_18220', 'ROSLISP_PACKAGE_DIRECTORIES': '', 'VLIB': '/home/vlibs', 'PWD': '/home/ccc_v1_w_dd4cc_18220/asn13529_Project_5/asn13530_Project_4/work', 'VOC_PROXY_ID': '43542_43542_13530_0_1', 'ROS_ETC_DIR': '/opt/ros/indigo/etc/ros', 'MAIL': '/var/mail/ccc_v1_w_dd4cc_18220', 'SSH_CONNECTION': '172.31.7.153 50388 172.31.19.100 22'}]
[roslaunch][INFO] 2017-06-10 22:46:24,312: process[rosbridge_websocket-1]: args[[u'/opt/ros/indigo/lib/rosbridge_server/rosbridge_websocket', u'__name:=rosbridge_websocket']]
[roslaunch][INFO] 2017-06-10 22:46:24,316: ... created process [rosbridge_websocket-1]
[roslaunch.pmon][INFO] 2017-06-10 22:46:24,320: ProcessMonitor.register[rosbridge_websocket-1]
[roslaunch.pmon][INFO] 2017-06-10 22:46:24,324: ProcessMonitor.register[rosbridge_websocket-1] complete
[roslaunch][INFO] 2017-06-10 22:46:24,327: ... registered process [rosbridge_websocket-1]
[roslaunch][INFO] 2017-06-10 22:46:24,332: process[rosbridge_websocket-1]: starting os process
[roslaunch][INFO] 2017-06-10 22:46:24,338: process[rosbridge_websocket-1]: start w/ args [[u'/opt/ros/indigo/lib/rosbridge_server/rosbridge_websocket', u'__name:=rosbridge_websocket', u'__log:=/home/ccc_v1_w_dd4cc_18220/asn13529_Project_5/asn13530_Project_4/work/.ros/log/4c4d7e24-4e69-11e7-b95c-06f360e4abc1/rosbridge_websocket-1.log']]
[roslaunch][INFO] 2017-06-10 22:46:24,343: process[rosbridge_websocket-1]: cwd will be [/home/ccc_v1_w_dd4cc_18220/asn13529_Project_5/asn13530_Project_4/work/.ros]
[roslaunch][INFO] 2017-06-10 22:46:24,354: process[rosbridge_websocket-1]: started with pid [22662]
[roslaunch][INFO] 2017-06-10 22:46:24,355: ... successfully launched [rosbridge_websocket-1]
[roslaunch][INFO] 2017-06-10 22:46:24,360: ... preparing to launch node of type [rosapi/rosapi_node]
[roslaunch][INFO] 2017-06-10 22:46:24,363: create_node_process: package[rosapi] type[rosapi_node] machine[Machine(name[] env_loader[None] address[localhost] ssh_port[22] user[None] assignable[True] timeout[10.0])] master_uri[http://localhost:53824]
[roslaunch][INFO] 2017-06-10 22:46:24,366: process[rosapi-2]: env[{'ROS_DISTRO': 'indigo', 'ASNLIB': '/home/ccc_v1_s54106__48606/asn13529_Project_5/asn13530_Project_4/asnlib', 'LIB': '/home/ccc_v1_s54106__48606/lib', 'VOC_PROXY_TOKEN': '32792833643542435421353001593cd926db21a2.66607151', 'SSH_CLIENT': '172.31.7.153 50388 22', 'CPATH': '/opt/ros/indigo/include', 'LOGNAME': 'ccc_v1_w_dd4cc_18220', 'USER': 'ccc_v1_w_dd4cc_18220', 'ROS_NODE_PORT': '53824', 'HOME': '/home/ccc_v1_w_dd4cc_18220/asn13529_Project_5/asn13530_Project_4/work', 'PATH': '/opt/ros/indigo/bin:/usr/local/sbin:/usr/local/bin:/usr/sbin:/usr/bin:/sbin:/bin:/usr/games:/usr/local/games:/home/local/bin:/home/ccc_v1_s54106__48606/lib:/home/ccc_v1_s54106__48606/asn13529_Project_5/asn13530_Project_4/asnlib:/home/vlibs:.', 'CMAKE_PREFIX_PATH': '/opt/ros/indigo', 'ROS_LOG_FILENAME': '/home/ccc_v1_w_dd4cc_18220/asn13529_Project_5/asn13530_Project_4/work/.ros/log/4c4d7e24-4e69-11e7-b95c-06f360e4abc1/roslaunch-ip-172-31-19-100-22624.log', 'LANG': 'en_US.UTF-8', 'TERM': 'xterm-256color', 'SHELL': '/bin/bash', 'HISTFILE': '/home/ccc_v1_w_dd4cc_18220/.bash_history', 'SHLVL': '2', 'VOC_WORKAREA': '/home/ccc_v1_w_dd4cc_18220/asn13529_Project_5/asn13530_Project_4/work', 'LD_LIBRARY_PATH': '/opt/ros/indigo/lib:/opt/ros/indigo/lib/x86_64-linux-gnu:/home/ccc_v1_s54106__48606/lib:/home/ccc_v1_s54106__48606/asn13529_Project_5/asn13530_Project_4/asnlib:/home/vlibs', 'PART1': '/home/ccc_v1_s54106__48606/asn13529_Project_5/asn13530_Project_4', 'ROS_MASTER_URI': 'http://localhost:53824', 'XDG_RUNTIME_DIR': '/run/user/18220', 'PYTHONPATH': '/opt/ros/indigo/lib/python2.7/dist-packages:/home/vlibs/python', 'VOC_PROXY_WRAPPER_PORT': '5100', 'VOC_XFER_TOKEN': '4101063104354243542135300593cd926ce1700.49909677', 'ROS_ROOT': '/opt/ros/indigo/share/ros', 'OLD_HOME': '/home/ccc_v1_w_dd4cc_18220', 'PKG_CONFIG_PATH': '/opt/ros/indigo/lib/pkgconfig:/opt/ros/indigo/lib/x86_64-linux-gnu/pkgconfig', 'ROS_PACKAGE_PATH': '/opt/ros/indigo/share:/opt/ros/indigo/stacks', 'XDG_SESSION_ID': '324548', '_': '/usr/bin/stdbuf', 'LD_PRELOAD': '/usr/lib/coreutils/libstdbuf.so', '_STDBUF_O': 'L', 'SSH_TTY': '/dev/pts/6', 'OLDPWD': '/home/ccc_v1_w_dd4cc_18220', 'ROSLISP_PACKAGE_DIRECTORIES': '', 'VLIB': '/home/vlibs', 'PWD': '/home/ccc_v1_w_dd4cc_18220/asn13529_Project_5/asn13530_Project_4/work', 'VOC_PROXY_ID': '43542_43542_13530_0_1', 'ROS_ETC_DIR': '/opt/ros/indigo/etc/ros', 'MAIL': '/var/mail/ccc_v1_w_dd4cc_18220', 'SSH_CONNECTION': '172.31.7.153 50388 172.31.19.100 22'}]
[roslaunch][INFO] 2017-06-10 22:46:24,371: process[rosapi-2]: args[[u'/opt/ros/indigo/lib/rosapi/rosapi_node', u'__name:=rosapi']]
[roslaunch][INFO] 2017-06-10 22:46:24,375: ... created process [rosapi-2]
[roslaunch.pmon][INFO] 2017-06-10 22:46:24,380: ProcessMonitor.register[rosapi-2]
[roslaunch.pmon][INFO] 2017-06-10 22:46:24,384: ProcessMonitor.register[rosapi-2] complete
[roslaunch][INFO] 2017-06-10 22:46:24,388: ... registered process [rosapi-2]
[roslaunch][INFO] 2017-06-10 22:46:24,401: process[rosapi-2]: starting os process
[roslaunch][INFO] 2017-06-10 22:46:24,407: process[rosapi-2]: start w/ args [[u'/opt/ros/indigo/lib/rosapi/rosapi_node', u'__name:=rosapi', u'__log:=/home/ccc_v1_w_dd4cc_18220/asn13529_Project_5/asn13530_Project_4/work/.ros/log/4c4d7e24-4e69-11e7-b95c-06f360e4abc1/rosapi-2.log']]
[roslaunch][INFO] 2017-06-10 22:46:24,411: process[rosapi-2]: cwd will be [/home/ccc_v1_w_dd4cc_18220/asn13529_Project_5/asn13530_Project_4/work/.ros]
[roslaunch][INFO] 2017-06-10 22:46:24,424: process[rosapi-2]: started with pid [22663]
[roslaunch][INFO] 2017-06-10 22:46:24,425: ... successfully launched [rosapi-2]
[roslaunch][INFO] 2017-06-10 22:46:24,429: ... launch_nodes complete
[roslaunch.pmon][INFO] 2017-06-10 22:46:24,436: registrations completed <ProcessMonitor(ProcessMonitor-1, started daemon 140400099305216)>
[roslaunch.parent][INFO] 2017-06-10 22:46:24,440: ... roslaunch parent running, waiting for process exit
[roslaunch][INFO] 2017-06-10 22:46:24,444: spin
