ROSCORE: ... logging to /home/ccc_v1_w_dd4cc_18220/asn12457_Project_1/asn12458_Project_1/work/.ros/log/c3ba57f8-27ee-11e7-8512-06b0869cc04d/roslaunch-ip-172-31-26-229-12402.log
ROSCORE: Checking log directory for disk usage. This may take awhile.
ROSCORE: Press Ctrl-C to interrupt
ROSCORE: Done checking log file disk usage. Usage is <1GB.
ROSCORE: ]2;roscore
ROSCORE: [1mstarted roslaunch server http://ip-172-31-26-229:34538/[0m
ROSCORE: ros_comm version 1.11.20
ROSCORE: 
ROSCORE: 
ROSCORE: SUMMARY
ROSCORE: ========
ROSCORE: 
ROSCORE: PARAMETERS
ROSCORE:  * /rosdistro: indigo
ROSCORE:  * /rosversion: 1.11.20
ROSCORE: 
ROSCORE: NODES
ROSCORE: 
ROSCORE: auto-starting new master
ROSCORE: [1mprocess[master]: started with pid [12484][0m
ROSCORE: [1mROS_MASTER_URI=http://ip-172-31-26-229:44911/[0m
ROSCORE: ]2;roscore http://ip-172-31-26-229:44911/
ROSCORE: [1msetting /run_id to c3ba57f8-27ee-11e7-8512-06b0869cc04d[0m
ROSCORE: [1mprocess[rosout-1]: started with pid [12511][0m
ROSCORE: started core service [/rosout]
