[rosmaster.main][INFO] 2017-06-09 18:18:53,259: initialization complete, waiting for shutdown
[rosmaster.main][INFO] 2017-06-09 18:18:53,259: Starting ROS Master Node
[xmlrpc][INFO] 2017-06-09 18:18:53,266: XML-RPC server binding to 0.0.0.0:32860
[xmlrpc][INFO] 2017-06-09 18:18:53,270: Started XML-RPC server [http://ip-172-31-26-229:32860/]
[rosmaster.master][INFO] 2017-06-09 18:18:53,270: Master initialized: port[32860], uri[http://ip-172-31-26-229:32860/]
[xmlrpc][INFO] 2017-06-09 18:18:53,273: xml rpc node: starting XML-RPC server
[rosmaster.master][INFO] 2017-06-09 18:18:53,351: +PARAM [/run_id] by /roslaunch
[rosmaster.master][INFO] 2017-06-09 18:18:53,359: +PARAM [/roslaunch/uris/host_ip_172_31_26_229__44047] by /roslaunch
[rosmaster.master][INFO] 2017-06-09 18:18:53,453: +PARAM [/rosversion] by /roslaunch
[rosmaster.master][INFO] 2017-06-09 18:18:53,456: +PARAM [/rosdistro] by /roslaunch
[rosmaster.master][INFO] 2017-06-09 18:18:53,485: +SERVICE [/rosout/get_loggers] /rosout http://ip-172-31-26-229:60631/
[rosmaster.master][INFO] 2017-06-09 18:18:53,489: +SERVICE [/rosout/set_logger_level] /rosout http://ip-172-31-26-229:60631/
[rosmaster.master][INFO] 2017-06-09 18:18:53,495: +PUB [/rosout_agg] /rosout http://ip-172-31-26-229:60631/
[rosmaster.master][INFO] 2017-06-09 18:18:53,504: +SUB [/rosout] /rosout http://ip-172-31-26-229:60631/
[rosmaster.master][INFO] 2017-06-09 18:18:53,864: +PUB [/rosout] /tf2_web_republisher http://ip-172-31-26-229:41466/
[rosmaster.master][INFO] 2017-06-09 18:18:53,867: publisherUpdate[/rosout] -> http://ip-172-31-26-229:60631/
[rosmaster.master][INFO] 2017-06-09 18:18:53,868: +SERVICE [/tf2_web_republisher/get_loggers] /tf2_web_republisher http://ip-172-31-26-229:41466/
[rosmaster.master][INFO] 2017-06-09 18:18:53,876: +SERVICE [/tf2_web_republisher/set_logger_level] /tf2_web_republisher http://ip-172-31-26-229:41466/
[rosmaster.master][INFO] 2017-06-09 18:18:53,884: +SUB [/tf] /tf2_web_republisher http://ip-172-31-26-229:41466/
[rosmaster.master][INFO] 2017-06-09 18:18:53,891: +SUB [/tf_static] /tf2_web_republisher http://ip-172-31-26-229:41466/
[rosmaster.master][INFO] 2017-06-09 18:18:53,895: +SERVICE [/republish_tfs] /tf2_web_republisher http://ip-172-31-26-229:41466/
[rosmaster.master][INFO] 2017-06-09 18:18:53,899: +PUB [/tf2_web_republisher/result] /tf2_web_republisher http://ip-172-31-26-229:41466/
[rosmaster.master][INFO] 2017-06-09 18:18:53,903: +PUB [/tf2_web_republisher/feedback] /tf2_web_republisher http://ip-172-31-26-229:41466/
[rosmaster.master][INFO] 2017-06-09 18:18:53,912: +PUB [/tf2_web_republisher/status] /tf2_web_republisher http://ip-172-31-26-229:41466/
[rosmaster.master][INFO] 2017-06-09 18:18:53,921: +SUB [/tf2_web_republisher/goal] /tf2_web_republisher http://ip-172-31-26-229:41466/
[rosmaster.master][INFO] 2017-06-09 18:18:53,928: +SUB [/tf2_web_republisher/cancel] /tf2_web_republisher http://ip-172-31-26-229:41466/
[rosmaster.master][INFO] 2017-06-09 18:18:55,271: +PARAM [/roslaunch/uris/host_ip_172_31_26_229__46514] by /roslaunch
[rosmaster.master][INFO] 2017-06-09 18:18:55,278: +PARAM [/rosbridge_websocket/port] by /roslaunch
[rosmaster.master][INFO] 2017-06-09 18:18:55,282: +PARAM [/rosdistro] by /roslaunch
[rosmaster.master][INFO] 2017-06-09 18:18:55,285: +PARAM [/rosbridge_websocket/fragment_timeout] by /roslaunch
[rosmaster.master][INFO] 2017-06-09 18:18:55,289: +PARAM [/rosbridge_websocket/delay_between_messages] by /roslaunch
[rosmaster.master][INFO] 2017-06-09 18:18:55,292: +PARAM [/rosversion] by /roslaunch
[rosmaster.master][INFO] 2017-06-09 18:18:55,296: +PARAM [/rosbridge_websocket/authenticate] by /roslaunch
[rosmaster.master][INFO] 2017-06-09 18:18:55,304: +PARAM [/rosbridge_websocket/retry_startup_delay] by /roslaunch
[rosmaster.master][INFO] 2017-06-09 18:18:55,308: +PARAM [/rosbridge_websocket/address] by /roslaunch
[rosmaster.master][INFO] 2017-06-09 18:18:55,312: +PARAM [/rosbridge_websocket/max_message_size] by /roslaunch
[rosmaster.master][INFO] 2017-06-09 18:18:55,812: +PUB [/rosout] /rosapi http://ip-172-31-26-229:45830/
[rosmaster.master][INFO] 2017-06-09 18:18:55,827: +SERVICE [/rosapi/get_loggers] /rosapi http://ip-172-31-26-229:45830/
[rosmaster.master][INFO] 2017-06-09 18:18:55,832: +SERVICE [/rosapi/set_logger_level] /rosapi http://ip-172-31-26-229:45830/
[rosmaster.master][INFO] 2017-06-09 18:18:55,842: +SERVICE [/rosapi/topics] /rosapi http://ip-172-31-26-229:45830/
[rosmaster.master][INFO] 2017-06-09 18:18:55,847: +SERVICE [/rosapi/topics_for_type] /rosapi http://ip-172-31-26-229:45830/
[rosmaster.master][INFO] 2017-06-09 18:18:55,852: +SERVICE [/rosapi/services] /rosapi http://ip-172-31-26-229:45830/
[rosmaster.master][INFO] 2017-06-09 18:18:55,858: +SERVICE [/rosapi/services_for_type] /rosapi http://ip-172-31-26-229:45830/
[rosmaster.master][INFO] 2017-06-09 18:18:55,863: +SERVICE [/rosapi/nodes] /rosapi http://ip-172-31-26-229:45830/
[rosmaster.master][INFO] 2017-06-09 18:18:55,867: +SERVICE [/rosapi/node_details] /rosapi http://ip-172-31-26-229:45830/
[rosmaster.master][INFO] 2017-06-09 18:18:55,870: publisherUpdate[/rosout] -> http://ip-172-31-26-229:60631/
[rosmaster.master][INFO] 2017-06-09 18:18:55,872: +SERVICE [/rosapi/topic_type] /rosapi http://ip-172-31-26-229:45830/
[rosmaster.master][INFO] 2017-06-09 18:18:55,879: +SERVICE [/rosapi/service_type] /rosapi http://ip-172-31-26-229:45830/
[rosmaster.master][INFO] 2017-06-09 18:18:55,883: +SERVICE [/rosapi/publishers] /rosapi http://ip-172-31-26-229:45830/
[rosmaster.master][INFO] 2017-06-09 18:18:55,888: +SERVICE [/rosapi/subscribers] /rosapi http://ip-172-31-26-229:45830/
[rosmaster.master][INFO] 2017-06-09 18:18:55,892: +SERVICE [/rosapi/service_providers] /rosapi http://ip-172-31-26-229:45830/
[rosmaster.master][INFO] 2017-06-09 18:18:55,897: +SERVICE [/rosapi/service_node] /rosapi http://ip-172-31-26-229:45830/
[rosmaster.master][INFO] 2017-06-09 18:18:55,902: +SERVICE [/rosapi/service_host] /rosapi http://ip-172-31-26-229:45830/
[rosmaster.master][INFO] 2017-06-09 18:18:55,906: +SERVICE [/rosapi/message_details] /rosapi http://ip-172-31-26-229:45830/
[rosmaster.master][INFO] 2017-06-09 18:18:55,910: +PUB [/rosout] /interactive_marker_proxy http://ip-172-31-26-229:38125/
[rosmaster.master][INFO] 2017-06-09 18:18:55,914: +SERVICE [/rosapi/service_request_details] /rosapi http://ip-172-31-26-229:45830/
[rosmaster.master][INFO] 2017-06-09 18:18:55,917: +SERVICE [/interactive_marker_proxy/get_loggers] /interactive_marker_proxy http://ip-172-31-26-229:38125/
[rosmaster.master][INFO] 2017-06-09 18:18:55,921: +SERVICE [/rosapi/service_response_details] /rosapi http://ip-172-31-26-229:45830/
[rosmaster.master][INFO] 2017-06-09 18:18:55,925: +SERVICE [/interactive_marker_proxy/set_logger_level] /interactive_marker_proxy http://ip-172-31-26-229:38125/
[rosmaster.master][INFO] 2017-06-09 18:18:55,929: +SERVICE [/rosapi/set_param] /rosapi http://ip-172-31-26-229:45830/
[rosmaster.master][INFO] 2017-06-09 18:18:55,933: +SUB [/tf] /interactive_marker_proxy http://ip-172-31-26-229:38125/
[rosmaster.master][INFO] 2017-06-09 18:18:55,937: +SERVICE [/rosapi/get_param] /rosapi http://ip-172-31-26-229:45830/
[rosmaster.master][INFO] 2017-06-09 18:18:55,947: +SUB [/tf_static] /interactive_marker_proxy http://ip-172-31-26-229:38125/
[rosmaster.master][INFO] 2017-06-09 18:18:55,951: +SERVICE [/rosapi/has_param] /rosapi http://ip-172-31-26-229:45830/
[rosmaster.master][INFO] 2017-06-09 18:18:55,956: +PUB [/rosout] /rosbridge_websocket http://ip-172-31-26-229:39967/
[rosmaster.master][INFO] 2017-06-09 18:18:55,960: +SERVICE [/rosapi/search_param] /rosapi http://ip-172-31-26-229:45830/
[rosmaster.master][INFO] 2017-06-09 18:18:55,963: +SUB [/control_markers/update] /interactive_marker_proxy http://ip-172-31-26-229:38125/
[rosmaster.master][INFO] 2017-06-09 18:18:55,967: +SERVICE [/rosapi/delete_param] /rosapi http://ip-172-31-26-229:45830/
[rosmaster.master][INFO] 2017-06-09 18:18:55,971: +SERVICE [/rosbridge_websocket/get_loggers] /rosbridge_websocket http://ip-172-31-26-229:39967/
[rosmaster.master][INFO] 2017-06-09 18:18:55,971: publisherUpdate[/rosout] -> http://ip-172-31-26-229:60631/
[rosmaster.master][INFO] 2017-06-09 18:18:55,975: +SUB [/control_markers/update_full] /interactive_marker_proxy http://ip-172-31-26-229:38125/
[rosmaster.master][INFO] 2017-06-09 18:18:55,979: publisherUpdate[/rosout] -> http://ip-172-31-26-229:60631/
[rosmaster.master][INFO] 2017-06-09 18:18:55,982: +SERVICE [/rosapi/get_param_names] /rosapi http://ip-172-31-26-229:45830/
[rosmaster.master][INFO] 2017-06-09 18:18:55,990: +SERVICE [/rosbridge_websocket/set_logger_level] /rosbridge_websocket http://ip-172-31-26-229:39967/
[rosmaster.master][INFO] 2017-06-09 18:18:55,994: +PUB [/control_markers/tunneled/update] /interactive_marker_proxy http://ip-172-31-26-229:38125/
[rosmaster.master][INFO] 2017-06-09 18:18:55,998: +SERVICE [/rosapi/get_time] /rosapi http://ip-172-31-26-229:45830/
[rosmaster.master][INFO] 2017-06-09 18:18:56,001: +SERVICE [/control_markers/tunneled/get_init] /interactive_marker_proxy http://ip-172-31-26-229:38125/
[rosmaster.master][INFO] 2017-06-09 18:18:56,042: -SUB [/control_markers/update_full] /interactive_marker_proxy http://ip-172-31-26-229:38125/
[rosmaster.master][INFO] 2017-06-09 18:18:57,685: +PARAM [/roslaunch/uris/host_ip_172_31_26_229__37326] by /roslaunch
[rosmaster.master][INFO] 2017-06-09 18:18:57,700: +PARAM [/robot_description_kinematics/lwr_arm/kinematics_solver] by /roslaunch
[rosmaster.master][INFO] 2017-06-09 18:18:57,703: +PARAM [/move_group/planner_configs/RRTkConfigDefault/goal_bias] by /roslaunch
[rosmaster.master][INFO] 2017-06-09 18:18:57,706: +PARAM [/robot_description_semantic] by /roslaunch
[rosmaster.master][INFO] 2017-06-09 18:18:57,710: +PARAM [/robot_description_kinematics/lwr_arm/kinematics_solver_attempts] by /roslaunch
[rosmaster.master][INFO] 2017-06-09 18:18:57,713: +PARAM [/robot_description_planning/joint_limits/lwr_arm_6_joint/max_acceleration] by /roslaunch
[rosmaster.master][INFO] 2017-06-09 18:18:57,717: +PARAM [/robot_description_planning/joint_limits/lwr_arm_5_joint/has_acceleration_limits] by /roslaunch
[rosmaster.master][INFO] 2017-06-09 18:18:57,720: +PARAM [/move_group/planner_configs/RRTstarkConfigDefault/range] by /roslaunch
[rosmaster.master][INFO] 2017-06-09 18:18:57,723: +PARAM [/robot_description_planning/joint_limits/lwr_arm_0_joint/max_acceleration] by /roslaunch
[rosmaster.master][INFO] 2017-06-09 18:18:57,727: +PARAM [/robot_description_planning/joint_limits/lwr_arm_0_joint/has_velocity_limits] by /roslaunch
[rosmaster.master][INFO] 2017-06-09 18:18:57,730: +PARAM [/move_group/max_safe_path_cost] by /roslaunch
[rosmaster.master][INFO] 2017-06-09 18:18:57,733: +PARAM [/move_group/planner_configs/RRTstarkConfigDefault/goal_bias] by /roslaunch
[rosmaster.master][INFO] 2017-06-09 18:18:57,737: +PARAM [/move_group/planning_scene_monitor/publish_planning_scene] by /roslaunch
[rosmaster.master][INFO] 2017-06-09 18:18:57,740: +PARAM [/move_group/planner_configs/PRMkConfigDefault/type] by /roslaunch
[rosmaster.master][INFO] 2017-06-09 18:18:57,744: +PARAM [/move_group/planner_configs/ESTkConfigDefault/range] by /roslaunch
[rosmaster.master][INFO] 2017-06-09 18:18:57,747: +PARAM [/robot_description_planning/joint_limits/lwr_arm_2_joint/max_acceleration] by /roslaunch
[rosmaster.master][INFO] 2017-06-09 18:18:57,751: +PARAM [/move_group/planner_configs/KPIECEkConfigDefault/min_valid_path_fraction] by /roslaunch
[rosmaster.master][INFO] 2017-06-09 18:18:57,754: +PARAM [/move_group/planner_configs/BKPIECEkConfigDefault/border_fraction] by /roslaunch
[rosmaster.master][INFO] 2017-06-09 18:18:57,758: +PARAM [/move_group/planner_configs/PRMkConfigDefault/max_nearest_neighbors] by /roslaunch
[rosmaster.master][INFO] 2017-06-09 18:18:57,761: +PARAM [/move_group/planner_configs/TRRTkConfigDefault/goal_bias] by /roslaunch
[rosmaster.master][INFO] 2017-06-09 18:18:57,765: +PARAM [/move_group/planner_configs/BKPIECEkConfigDefault/min_valid_path_fraction] by /roslaunch
[rosmaster.master][INFO] 2017-06-09 18:18:57,769: +PARAM [/robot_description_planning/joint_limits/lwr_arm_2_joint/has_velocity_limits] by /roslaunch
[rosmaster.master][INFO] 2017-06-09 18:18:57,773: +PARAM [/robot_description_planning/joint_limits/lwr_arm_3_joint/max_velocity] by /roslaunch
[rosmaster.master][INFO] 2017-06-09 18:18:57,777: +PARAM [/robot_description_planning/joint_limits/lwr_arm_4_joint/max_acceleration] by /roslaunch
[rosmaster.master][INFO] 2017-06-09 18:18:57,780: +PARAM [/robot_description_planning/joint_limits/lwr_arm_0_joint/max_velocity] by /roslaunch
[rosmaster.master][INFO] 2017-06-09 18:18:57,786: +PARAM [/move_group/planner_configs/SBLkConfigDefault/range] by /roslaunch
[rosmaster.master][INFO] 2017-06-09 18:18:57,789: +PARAM [/move_group/planner_configs/TRRTkConfigDefault/frountierNodeRatio] by /roslaunch
[rosmaster.master][INFO] 2017-06-09 18:18:57,792: +PARAM [/robot_description_planning/joint_limits/lwr_arm_6_joint/has_acceleration_limits] by /roslaunch
[rosmaster.master][INFO] 2017-06-09 18:18:57,796: +PARAM [/move_group/planning_plugin] by /roslaunch
[rosmaster.master][INFO] 2017-06-09 18:18:57,799: +PARAM [/move_group/planning_scene_monitor/publish_geometry_updates] by /roslaunch
[rosmaster.master][INFO] 2017-06-09 18:18:57,803: +PARAM [/robot_description_planning/joint_limits/lwr_arm_3_joint/max_acceleration] by /roslaunch
[rosmaster.master][INFO] 2017-06-09 18:18:57,806: +PARAM [/move_group/planner_configs/TRRTkConfigDefault/max_states_failed] by /roslaunch
[rosmaster.master][INFO] 2017-06-09 18:18:57,809: +PARAM [/robot_description_planning/joint_limits/lwr_arm_3_joint/has_velocity_limits] by /roslaunch
[rosmaster.master][INFO] 2017-06-09 18:18:57,813: +PARAM [/robot_description_kinematics/lwr_arm/kinematics_solver_timeout] by /roslaunch
[rosmaster.master][INFO] 2017-06-09 18:18:57,816: +PARAM [/move_group/lwr_arm/projection_evaluator] by /roslaunch
[rosmaster.master][INFO] 2017-06-09 18:18:57,820: +PARAM [/robot_description_planning/joint_limits/lwr_arm_1_joint/has_acceleration_limits] by /roslaunch
[rosmaster.master][INFO] 2017-06-09 18:18:57,823: +PARAM [/rosdistro] by /roslaunch
[rosmaster.master][INFO] 2017-06-09 18:18:57,827: +PARAM [/robot_description_planning/joint_limits/lwr_arm_5_joint/max_velocity] by /roslaunch
[rosmaster.master][INFO] 2017-06-09 18:18:57,830: +PARAM [/move_group/planner_configs/PRMstarkConfigDefault/type] by /roslaunch
[rosmaster.master][INFO] 2017-06-09 18:18:57,834: +PARAM [/move_group/planner_configs/RRTkConfigDefault/range] by /roslaunch
[rosmaster.master][INFO] 2017-06-09 18:18:57,837: +PARAM [/move_group/allow_trajectory_execution] by /roslaunch
[rosmaster.master][INFO] 2017-06-09 18:18:57,840: +PARAM [/move_group/lwr_arm/planner_configs] by /roslaunch
[rosmaster.master][INFO] 2017-06-09 18:18:57,844: +PARAM [/move_group/planner_configs/ESTkConfigDefault/type] by /roslaunch
[rosmaster.master][INFO] 2017-06-09 18:18:57,847: +PARAM [/move_group/start_state_max_bounds_error] by /roslaunch
[rosmaster.master][INFO] 2017-06-09 18:18:57,851: +PARAM [/move_group/planner_configs/TRRTkConfigDefault/init_temperature] by /roslaunch
[rosmaster.master][INFO] 2017-06-09 18:18:57,855: +PARAM [/move_group/planner_configs/BKPIECEkConfigDefault/type] by /roslaunch
[rosmaster.master][INFO] 2017-06-09 18:18:57,858: +PARAM [/move_group/planner_configs/KPIECEkConfigDefault/border_fraction] by /roslaunch
[rosmaster.master][INFO] 2017-06-09 18:18:57,862: +PARAM [/robot_description_planning/joint_limits/lwr_arm_4_joint/has_velocity_limits] by /roslaunch
[rosmaster.master][INFO] 2017-06-09 18:18:57,871: +PARAM [/move_group/planner_configs/ESTkConfigDefault/goal_bias] by /roslaunch
[rosmaster.master][INFO] 2017-06-09 18:18:57,875: +PARAM [/move_group/planner_configs/LBKPIECEkConfigDefault/border_fraction] by /roslaunch
[rosmaster.master][INFO] 2017-06-09 18:18:57,878: +PARAM [/move_group/jiggle_fraction] by /roslaunch
[rosmaster.master][INFO] 2017-06-09 18:18:57,882: +PARAM [/move_group/planner_configs/TRRTkConfigDefault/range] by /roslaunch
[rosmaster.master][INFO] 2017-06-09 18:18:57,887: +PARAM [/move_group/planning_scene_monitor/publish_state_updates] by /roslaunch
[rosmaster.master][INFO] 2017-06-09 18:18:57,890: +PARAM [/move_group/planner_configs/TRRTkConfigDefault/temp_change_factor] by /roslaunch
[rosmaster.master][INFO] 2017-06-09 18:18:57,894: +PARAM [/robot_description_planning/joint_limits/lwr_arm_6_joint/max_velocity] by /roslaunch
[rosmaster.master][INFO] 2017-06-09 18:18:57,898: +PARAM [/robot_description_planning/joint_limits/lwr_arm_1_joint/max_velocity] by /roslaunch
[rosmaster.master][INFO] 2017-06-09 18:18:57,901: +PARAM [/move_group/planner_configs/SBLkConfigDefault/type] by /roslaunch
[rosmaster.master][INFO] 2017-06-09 18:18:57,905: +PARAM [/robot_description] by /roslaunch
[rosmaster.master][INFO] 2017-06-09 18:18:57,909: +PARAM [/move_group/capabilities] by /roslaunch
[rosmaster.master][INFO] 2017-06-09 18:18:57,912: +PARAM [/move_group/planner_configs/LBKPIECEkConfigDefault/range] by /roslaunch
[rosmaster.master][INFO] 2017-06-09 18:18:57,916: +PARAM [/robot_description_planning/joint_limits/lwr_arm_5_joint/max_acceleration] by /roslaunch
[rosmaster.master][INFO] 2017-06-09 18:18:57,919: +PARAM [/move_group/planner_configs/KPIECEkConfigDefault/range] by /roslaunch
[rosmaster.master][INFO] 2017-06-09 18:18:57,922: +PARAM [/move_group/planner_configs/BKPIECEkConfigDefault/range] by /roslaunch
[rosmaster.master][INFO] 2017-06-09 18:18:57,926: +PARAM [/move_group/planner_configs/TRRTkConfigDefault/type] by /roslaunch
[rosmaster.master][INFO] 2017-06-09 18:18:57,929: +PARAM [/move_group/planner_configs/KPIECEkConfigDefault/goal_bias] by /roslaunch
[rosmaster.master][INFO] 2017-06-09 18:18:57,933: +PARAM [/move_group/planner_configs/RRTConnectkConfigDefault/range] by /roslaunch
[rosmaster.master][INFO] 2017-06-09 18:18:57,937: +PARAM [/move_group/request_adapters] by /roslaunch
[rosmaster.master][INFO] 2017-06-09 18:18:57,940: +PARAM [/move_group/planner_configs/TRRTkConfigDefault/min_temperature] by /roslaunch
[rosmaster.master][INFO] 2017-06-09 18:18:57,944: +PARAM [/robot_description_planning/joint_limits/lwr_arm_6_joint/has_velocity_limits] by /roslaunch
[rosmaster.master][INFO] 2017-06-09 18:18:57,947: +PARAM [/robot_description_planning/joint_limits/lwr_arm_1_joint/has_velocity_limits] by /roslaunch
[rosmaster.master][INFO] 2017-06-09 18:18:57,951: +PARAM [/move_group/planner_configs/KPIECEkConfigDefault/failed_expansion_score_factor] by /roslaunch
[rosmaster.master][INFO] 2017-06-09 18:18:57,956: +PARAM [/move_group/planning_scene_monitor/publish_transforms_updates] by /roslaunch
[rosmaster.master][INFO] 2017-06-09 18:18:57,959: +PARAM [/robot_description_planning/joint_limits/lwr_arm_5_joint/has_velocity_limits] by /roslaunch
[rosmaster.master][INFO] 2017-06-09 18:18:57,963: +PARAM [/robot_description_planning/joint_limits/lwr_arm_3_joint/has_acceleration_limits] by /roslaunch
[rosmaster.master][INFO] 2017-06-09 18:18:57,967: +PARAM [/move_group/planner_configs/RRTstarkConfigDefault/type] by /roslaunch
[rosmaster.master][INFO] 2017-06-09 18:18:57,970: +PARAM [/move_group/lwr_arm/longest_valid_segment_fraction] by /roslaunch
[rosmaster.master][INFO] 2017-06-09 18:18:57,979: +PARAM [/move_group/planner_configs/RRTstarkConfigDefault/delay_collision_checking] by /roslaunch
[rosmaster.master][INFO] 2017-06-09 18:18:57,983: +PARAM [/move_group/planner_configs/KPIECEkConfigDefault/type] by /roslaunch
[rosmaster.master][INFO] 2017-06-09 18:18:57,986: +PARAM [/robot_description_kinematics/lwr_arm/kinematics_solver_search_resolution] by /roslaunch
[rosmaster.master][INFO] 2017-06-09 18:18:57,990: +PARAM [/move_group/planner_configs/RRTConnectkConfigDefault/type] by /roslaunch
[rosmaster.master][INFO] 2017-06-09 18:18:57,994: +PARAM [/robot_description_planning/joint_limits/lwr_arm_2_joint/has_acceleration_limits] by /roslaunch
[rosmaster.master][INFO] 2017-06-09 18:18:57,998: +PARAM [/move_group/planner_configs/BKPIECEkConfigDefault/failed_expansion_score_factor] by /roslaunch
[rosmaster.master][INFO] 2017-06-09 18:18:58,001: +PARAM [/robot_description_planning/joint_limits/lwr_arm_2_joint/max_velocity] by /roslaunch
[rosmaster.master][INFO] 2017-06-09 18:18:58,005: +PARAM [/move_group/planner_configs/LBKPIECEkConfigDefault/min_valid_path_fraction] by /roslaunch
[rosmaster.master][INFO] 2017-06-09 18:18:58,008: +PARAM [/rosversion] by /roslaunch
[rosmaster.master][INFO] 2017-06-09 18:18:58,012: +PARAM [/robot_description_planning/joint_limits/lwr_arm_4_joint/max_velocity] by /roslaunch
[rosmaster.master][INFO] 2017-06-09 18:18:58,016: +PARAM [/robot_description_planning/joint_limits/lwr_arm_4_joint/has_acceleration_limits] by /roslaunch
[rosmaster.master][INFO] 2017-06-09 18:18:58,020: +PARAM [/robot_description_planning/joint_limits/lwr_arm_0_joint/has_acceleration_limits] by /roslaunch
[rosmaster.master][INFO] 2017-06-09 18:18:58,024: +PARAM [/robot_description_planning/joint_limits/lwr_arm_1_joint/max_acceleration] by /roslaunch
[rosmaster.master][INFO] 2017-06-09 18:18:58,028: +PARAM [/move_group/planner_configs/TRRTkConfigDefault/k_constant] by /roslaunch
[rosmaster.master][INFO] 2017-06-09 18:18:58,031: +PARAM [/move_group/planner_configs/TRRTkConfigDefault/frountier_threshold] by /roslaunch
[rosmaster.master][INFO] 2017-06-09 18:18:58,035: +PARAM [/move_group/planner_configs/LBKPIECEkConfigDefault/type] by /roslaunch
[rosmaster.master][INFO] 2017-06-09 18:18:58,038: +PARAM [/move_group/planner_configs/RRTkConfigDefault/type] by /roslaunch
[rosmaster.master][INFO] 2017-06-09 18:18:58,244: +PUB [/rosout] /robot_sim http://ip-172-31-26-229:43708/
[rosmaster.master][INFO] 2017-06-09 18:18:58,249: +SERVICE [/robot_sim/get_loggers] /robot_sim http://ip-172-31-26-229:43708/
[rosmaster.master][INFO] 2017-06-09 18:18:58,254: +SERVICE [/robot_sim/set_logger_level] /robot_sim http://ip-172-31-26-229:43708/
[rosmaster.master][INFO] 2017-06-09 18:18:58,264: +PUB [/joint_states] /robot_sim http://ip-172-31-26-229:43708/
[rosmaster.master][INFO] 2017-06-09 18:18:58,273: +SUB [/joint_velocities] /robot_sim http://ip-172-31-26-229:43708/
[rosmaster.master][INFO] 2017-06-09 18:18:58,280: publisherUpdate[/rosout] -> http://ip-172-31-26-229:60631/
[rosmaster.master][INFO] 2017-06-09 18:18:58,282: +SUB [/joint_positions] /robot_sim http://ip-172-31-26-229:43708/
[rosmaster.master][INFO] 2017-06-09 18:18:58,298: +SUB [/joint_command] /robot_sim http://ip-172-31-26-229:43708/
[rosmaster.master][INFO] 2017-06-09 18:18:58,308: +SUB [/joint_trajectory] /robot_sim http://ip-172-31-26-229:43708/
[rosmaster.master][INFO] 2017-06-09 18:18:58,316: +PUB [/rosout] /robot_state_publisher http://ip-172-31-26-229:51380/
[rosmaster.master][INFO] 2017-06-09 18:18:58,320: +SERVICE [/robot_state_publisher/get_loggers] /robot_state_publisher http://ip-172-31-26-229:51380/
[rosmaster.master][INFO] 2017-06-09 18:18:58,325: +SERVICE [/robot_state_publisher/set_logger_level] /robot_state_publisher http://ip-172-31-26-229:51380/
[rosmaster.master][INFO] 2017-06-09 18:18:58,334: +PUB [/tf] /robot_state_publisher http://ip-172-31-26-229:51380/
[rosmaster.master][INFO] 2017-06-09 18:18:58,339: +PUB [/tf_static] /robot_state_publisher http://ip-172-31-26-229:51380/
[rosmaster.master][INFO] 2017-06-09 18:18:58,351: +SUB [/joint_states] /robot_state_publisher http://ip-172-31-26-229:51380/
[rosmaster.master][INFO] 2017-06-09 18:18:58,385: publisherUpdate[/rosout] -> http://ip-172-31-26-229:60631/
[rosmaster.master][INFO] 2017-06-09 18:18:58,385: publisherUpdate[/tf] -> http://ip-172-31-26-229:41466/
[rosmaster.master][INFO] 2017-06-09 18:18:58,389: publisherUpdate[/tf] -> http://ip-172-31-26-229:38125/
[rosmaster.master][INFO] 2017-06-09 18:18:58,399: publisherUpdate[/tf_static] -> http://ip-172-31-26-229:41466/
[rosmaster.master][INFO] 2017-06-09 18:18:58,403: publisherUpdate[/tf_static] -> http://ip-172-31-26-229:38125/
[rosmaster.master][INFO] 2017-06-09 18:18:58,521: +PUB [/rosout] /move_group http://ip-172-31-26-229:42684/
[rosmaster.master][INFO] 2017-06-09 18:18:58,526: +SERVICE [/move_group/get_loggers] /move_group http://ip-172-31-26-229:42684/
[rosmaster.master][INFO] 2017-06-09 18:18:58,531: +SERVICE [/move_group/set_logger_level] /move_group http://ip-172-31-26-229:42684/
[rosmaster.master][INFO] 2017-06-09 18:18:58,541: +SUB [/tf] /move_group http://ip-172-31-26-229:42684/
[rosmaster.master][INFO] 2017-06-09 18:18:58,550: +SUB [/tf_static] /move_group http://ip-172-31-26-229:42684/
[rosmaster.master][INFO] 2017-06-09 18:18:58,594: publisherUpdate[/rosout] -> http://ip-172-31-26-229:60631/
[rosmaster.master][INFO] 2017-06-09 18:18:58,778: +SERVICE [/move_group/planning_scene_monitor/set_parameters] /move_group http://ip-172-31-26-229:42684/
[rosmaster.master][INFO] 2017-06-09 18:18:58,783: +PUB [/move_group/planning_scene_monitor/parameter_descriptions] /move_group http://ip-172-31-26-229:42684/
[rosmaster.master][INFO] 2017-06-09 18:18:58,788: +PUB [/move_group/planning_scene_monitor/parameter_updates] /move_group http://ip-172-31-26-229:42684/
[rosmaster.master][INFO] 2017-06-09 18:18:58,797: +PARAM [/move_group/planning_scene_monitor/publish_planning_scene] by /move_group
[rosmaster.master][INFO] 2017-06-09 18:18:58,803: +PARAM [/move_group/planning_scene_monitor/publish_planning_scene_hz] by /move_group
[rosmaster.master][INFO] 2017-06-09 18:18:58,808: +PARAM [/move_group/planning_scene_monitor/publish_geometry_updates] by /move_group
[rosmaster.master][INFO] 2017-06-09 18:18:58,812: +PARAM [/move_group/planning_scene_monitor/publish_state_updates] by /move_group
[rosmaster.master][INFO] 2017-06-09 18:18:58,817: +PARAM [/move_group/planning_scene_monitor/publish_transforms_updates] by /move_group
[rosmaster.master][INFO] 2017-06-09 18:18:58,821: +PUB [/move_group/monitored_planning_scene] /move_group http://ip-172-31-26-229:42684/
[rosmaster.master][INFO] 2017-06-09 18:18:58,826: +PARAM [/move_group/planning_scene_monitor/publish_planning_scene] by /move_group
[rosmaster.master][INFO] 2017-06-09 18:18:58,835: +PARAM [/move_group/planning_scene_monitor/publish_planning_scene_hz] by /move_group
[rosmaster.master][INFO] 2017-06-09 18:18:58,840: +PARAM [/move_group/planning_scene_monitor/publish_geometry_updates] by /move_group
[rosmaster.master][INFO] 2017-06-09 18:18:58,844: +PARAM [/move_group/planning_scene_monitor/publish_state_updates] by /move_group
[rosmaster.master][INFO] 2017-06-09 18:18:58,848: +PARAM [/move_group/planning_scene_monitor/publish_transforms_updates] by /move_group
[rosmaster.master][INFO] 2017-06-09 18:18:58,857: +SUB [/planning_scene] /move_group http://ip-172-31-26-229:42684/
[rosmaster.master][INFO] 2017-06-09 18:18:58,867: +SUB [/collision_object] /move_group http://ip-172-31-26-229:42684/
[rosmaster.master][INFO] 2017-06-09 18:18:58,876: +SUB [/planning_scene_world] /move_group http://ip-172-31-26-229:42684/
[rosmaster.master][INFO] 2017-06-09 18:18:58,884: +SERVICE [/move_group/save_map] /move_group http://ip-172-31-26-229:42684/
[rosmaster.master][INFO] 2017-06-09 18:18:58,888: +SERVICE [/move_group/load_map] /move_group http://ip-172-31-26-229:42684/
[rosmaster.master][INFO] 2017-06-09 18:18:58,898: +SUB [/joint_states] /move_group http://ip-172-31-26-229:42684/
[rosmaster.master][INFO] 2017-06-09 18:18:58,909: +SUB [/attached_collision_object] /move_group http://ip-172-31-26-229:42684/
[rosmaster.master][INFO] 2017-06-09 18:18:58,924: +PUB [/rosout] /move_group_commander_wrappers_1497057538917260283 http://ip-172-31-26-229:47302/
[rosmaster.master][INFO] 2017-06-09 18:18:58,928: +SERVICE [/move_group_commander_wrappers_1497057538917260283/get_loggers] /move_group_commander_wrappers_1497057538917260283 http://ip-172-31-26-229:47302/
[rosmaster.master][INFO] 2017-06-09 18:18:58,932: +SERVICE [/move_group_commander_wrappers_1497057538917260283/set_logger_level] /move_group_commander_wrappers_1497057538917260283 http://ip-172-31-26-229:47302/
[rosmaster.master][INFO] 2017-06-09 18:18:59,001: publisherUpdate[/rosout] -> http://ip-172-31-26-229:60631/
[rosmaster.master][INFO] 2017-06-09 18:18:59,014: +SERVICE [/move_group/ompl/set_parameters] /move_group http://ip-172-31-26-229:42684/
[rosmaster.master][INFO] 2017-06-09 18:18:59,019: +PUB [/move_group/ompl/parameter_descriptions] /move_group http://ip-172-31-26-229:42684/
[rosmaster.master][INFO] 2017-06-09 18:18:59,023: +PUB [/move_group/ompl/parameter_updates] /move_group http://ip-172-31-26-229:42684/
[rosmaster.master][INFO] 2017-06-09 18:18:59,032: +PARAM [/move_group/ompl/simplify_solutions] by /move_group
[rosmaster.master][INFO] 2017-06-09 18:18:59,037: +PARAM [/move_group/ompl/minimum_waypoint_count] by /move_group
[rosmaster.master][INFO] 2017-06-09 18:18:59,046: +PARAM [/move_group/ompl/maximum_waypoint_distance] by /move_group
[rosmaster.master][INFO] 2017-06-09 18:18:59,051: +PARAM [/move_group/ompl/link_for_exploration_tree] by /move_group
[rosmaster.master][INFO] 2017-06-09 18:18:59,055: +PARAM [/move_group/ompl/display_random_valid_states] by /move_group
[rosmaster.master][INFO] 2017-06-09 18:18:59,060: +PARAM [/move_group/ompl/simplify_solutions] by /move_group
[rosmaster.master][INFO] 2017-06-09 18:18:59,064: +PARAM [/move_group/ompl/minimum_waypoint_count] by /move_group
[rosmaster.master][INFO] 2017-06-09 18:18:59,069: +PARAM [/move_group/ompl/maximum_waypoint_distance] by /move_group
[rosmaster.master][INFO] 2017-06-09 18:18:59,073: +PARAM [/move_group/ompl/link_for_exploration_tree] by /move_group
[rosmaster.master][INFO] 2017-06-09 18:18:59,077: +PARAM [/move_group/ompl/display_random_valid_states] by /move_group
[rosmaster.master][INFO] 2017-06-09 18:18:59,129: +PUB [/rosout] /marker_control_5973_1497057538941 http://ip-172-31-26-229:59695/
[rosmaster.master][INFO] 2017-06-09 18:18:59,133: +PUB [/move_group/display_planned_path] /move_group http://ip-172-31-26-229:42684/
[rosmaster.master][INFO] 2017-06-09 18:18:59,138: +PUB [/move_group/display_contacts] /move_group http://ip-172-31-26-229:42684/
[rosmaster.master][INFO] 2017-06-09 18:18:59,142: +SERVICE [/marker_control_5973_1497057538941/get_loggers] /marker_control_5973_1497057538941 http://ip-172-31-26-229:59695/
[rosmaster.master][INFO] 2017-06-09 18:18:59,152: +SERVICE [/marker_control_5973_1497057538941/set_logger_level] /marker_control_5973_1497057538941 http://ip-172-31-26-229:59695/
[rosmaster.master][INFO] 2017-06-09 18:18:59,157: +PUB [/planning_scene] /move_group_commander_wrappers_1497057538917260283 http://ip-172-31-26-229:47302/
[rosmaster.master][INFO] 2017-06-09 18:18:59,162: +PUB [/collision_object] /marker_control_5973_1497057538941 http://ip-172-31-26-229:59695/
[rosmaster.master][INFO] 2017-06-09 18:18:59,168: +PUB [/attached_collision_object] /marker_control_5973_1497057538941 http://ip-172-31-26-229:59695/
[rosmaster.master][INFO] 2017-06-09 18:18:59,173: +PUB [/visualization_marker_array] /marker_control_5973_1497057538941 http://ip-172-31-26-229:59695/
[rosmaster.master][INFO] 2017-06-09 18:18:59,178: +PUB [/motion_planning_goal] /marker_control_5973_1497057538941 http://ip-172-31-26-229:59695/
[rosmaster.master][INFO] 2017-06-09 18:18:59,184: +SUB [/joint_trajectory] /marker_control_5973_1497057538941 http://ip-172-31-26-229:59695/
[rosmaster.master][INFO] 2017-06-09 18:18:59,189: +PUB [/control_markers/update_full] /marker_control_5973_1497057538941 http://ip-172-31-26-229:59695/
[rosmaster.master][INFO] 2017-06-09 18:18:59,195: +SERVICE [/apply_planning_scene] /move_group http://ip-172-31-26-229:42684/
[rosmaster.master][INFO] 2017-06-09 18:18:59,199: +PUB [/control_markers/update] /marker_control_5973_1497057538941 http://ip-172-31-26-229:59695/
[rosmaster.master][INFO] 2017-06-09 18:18:59,202: +SERVICE [/clear_octomap] /move_group http://ip-172-31-26-229:42684/
[rosmaster.master][INFO] 2017-06-09 18:18:59,207: publisherUpdate[/rosout] -> http://ip-172-31-26-229:60631/
[rosmaster.master][INFO] 2017-06-09 18:18:59,208: +SUB [/control_markers/feedback] /marker_control_5973_1497057538941 http://ip-172-31-26-229:59695/
[rosmaster.master][INFO] 2017-06-09 18:18:59,210: publisherUpdate[/planning_scene] -> http://ip-172-31-26-229:42684/
[rosmaster.master][INFO] 2017-06-09 18:18:59,212: publisherUpdate[/control_markers/update] -> http://ip-172-31-26-229:38125/
[rosmaster.master][INFO] 2017-06-09 18:18:59,215: +SERVICE [/compute_cartesian_path] /move_group http://ip-172-31-26-229:42684/
[rosmaster.master][INFO] 2017-06-09 18:18:59,219: publisherUpdate[/collision_object] -> http://ip-172-31-26-229:42684/
[rosmaster.master][INFO] 2017-06-09 18:18:59,227: +SERVICE [/execute_kinematic_path] /move_group http://ip-172-31-26-229:42684/
[rosmaster.master][INFO] 2017-06-09 18:18:59,230: publisherUpdate[/attached_collision_object] -> http://ip-172-31-26-229:42684/
[rosmaster.master][INFO] 2017-06-09 18:18:59,236: +PUB [/execute_trajectory/result] /move_group http://ip-172-31-26-229:42684/
[rosmaster.master][INFO] 2017-06-09 18:18:59,241: +PUB [/execute_trajectory/feedback] /move_group http://ip-172-31-26-229:42684/
[rosmaster.master][INFO] 2017-06-09 18:18:59,245: +PUB [/execute_trajectory/status] /move_group http://ip-172-31-26-229:42684/
[rosmaster.master][INFO] 2017-06-09 18:18:59,258: +SUB [/execute_trajectory/goal] /move_group http://ip-172-31-26-229:42684/
[rosmaster.master][INFO] 2017-06-09 18:18:59,267: +SUB [/execute_trajectory/cancel] /move_group http://ip-172-31-26-229:42684/
[rosmaster.master][INFO] 2017-06-09 18:18:59,272: +SERVICE [/get_planning_scene] /move_group http://ip-172-31-26-229:42684/
[rosmaster.master][INFO] 2017-06-09 18:18:59,276: +SERVICE [/compute_fk] /move_group http://ip-172-31-26-229:42684/
[rosmaster.master][INFO] 2017-06-09 18:18:59,281: +SERVICE [/compute_ik] /move_group http://ip-172-31-26-229:42684/
[rosmaster.master][INFO] 2017-06-09 18:18:59,288: +PUB [/move_group/result] /move_group http://ip-172-31-26-229:42684/
[rosmaster.master][INFO] 2017-06-09 18:18:59,292: +PUB [/move_group/feedback] /move_group http://ip-172-31-26-229:42684/
[rosmaster.master][INFO] 2017-06-09 18:18:59,297: +PUB [/move_group/status] /move_group http://ip-172-31-26-229:42684/
[rosmaster.master][INFO] 2017-06-09 18:18:59,309: +SUB [/move_group/goal] /move_group http://ip-172-31-26-229:42684/
[rosmaster.master][INFO] 2017-06-09 18:18:59,318: +SUB [/move_group/cancel] /move_group http://ip-172-31-26-229:42684/
[rosmaster.master][INFO] 2017-06-09 18:18:59,370: +PUB [/pickup/result] /move_group http://ip-172-31-26-229:42684/
[rosmaster.master][INFO] 2017-06-09 18:18:59,375: +PUB [/pickup/feedback] /move_group http://ip-172-31-26-229:42684/
[rosmaster.master][INFO] 2017-06-09 18:18:59,379: +PUB [/pickup/status] /move_group http://ip-172-31-26-229:42684/
[rosmaster.master][INFO] 2017-06-09 18:18:59,390: +SUB [/pickup/goal] /move_group http://ip-172-31-26-229:42684/
[rosmaster.master][INFO] 2017-06-09 18:18:59,398: +SUB [/pickup/cancel] /move_group http://ip-172-31-26-229:42684/
[rosmaster.master][INFO] 2017-06-09 18:18:59,404: +PUB [/place/result] /move_group http://ip-172-31-26-229:42684/
[rosmaster.master][INFO] 2017-06-09 18:18:59,410: +PUB [/place/feedback] /move_group http://ip-172-31-26-229:42684/
[rosmaster.master][INFO] 2017-06-09 18:18:59,415: +PUB [/place/status] /move_group http://ip-172-31-26-229:42684/
[rosmaster.master][INFO] 2017-06-09 18:18:59,426: +SUB [/place/goal] /move_group http://ip-172-31-26-229:42684/
[rosmaster.master][INFO] 2017-06-09 18:18:59,434: +SUB [/place/cancel] /move_group http://ip-172-31-26-229:42684/
[rosmaster.master][INFO] 2017-06-09 18:18:59,439: +SERVICE [/plan_kinematic_path] /move_group http://ip-172-31-26-229:42684/
[rosmaster.master][INFO] 2017-06-09 18:18:59,443: +SERVICE [/query_planner_interface] /move_group http://ip-172-31-26-229:42684/
[rosmaster.master][INFO] 2017-06-09 18:18:59,447: +SERVICE [/check_state_validity] /move_group http://ip-172-31-26-229:42684/
[rosmaster.master][INFO] 2017-06-09 18:18:59,721: +SUB [/control_markers/update_full] /interactive_marker_proxy http://ip-172-31-26-229:38125/
[rosmaster.master][INFO] 2017-06-09 18:18:59,942: -SUB [/control_markers/update_full] /interactive_marker_proxy http://ip-172-31-26-229:38125/
[rosmaster.master][INFO] 2017-06-09 18:19:13,760: +PUB [/tf2_web_republisher/goal] /rosbridge_websocket http://ip-172-31-26-229:39967/
[rosmaster.master][INFO] 2017-06-09 18:19:13,771: +PUB [/tf2_web_republisher/cancel] /rosbridge_websocket http://ip-172-31-26-229:39967/
[rosmaster.master][INFO] 2017-06-09 18:19:13,779: +SUB [/tf2_web_republisher/feedback] /rosbridge_websocket http://ip-172-31-26-229:39967/
[rosmaster.master][INFO] 2017-06-09 18:19:13,795: +SUB [/visualization_marker_array] /rosbridge_websocket http://ip-172-31-26-229:39967/
[rosmaster.master][INFO] 2017-06-09 18:19:13,810: +SUB [/control_markers/tunneled/update] /rosbridge_websocket http://ip-172-31-26-229:39967/
[rosmaster.master][INFO] 2017-06-09 18:19:13,821: +PUB [/control_markers/feedback] /rosbridge_websocket http://ip-172-31-26-229:39967/
[rosmaster.master][INFO] 2017-06-09 18:19:13,837: publisherUpdate[/tf2_web_republisher/goal] -> http://ip-172-31-26-229:41466/
[rosmaster.master][INFO] 2017-06-09 18:19:13,842: publisherUpdate[/tf2_web_republisher/cancel] -> http://ip-172-31-26-229:41466/
[rosmaster.master][INFO] 2017-06-09 18:19:13,845: publisherUpdate[/control_markers/feedback] -> http://ip-172-31-26-229:59695/
[rosmaster.master][INFO] 2017-06-09 18:19:29,926: +PUB [/rosout] /move_group_commander_wrappers_1497057569919575376 http://ip-172-31-26-229:46178/
[rosmaster.master][INFO] 2017-06-09 18:19:29,927: +SERVICE [/move_group_commander_wrappers_1497057569919575376/get_loggers] /move_group_commander_wrappers_1497057569919575376 http://ip-172-31-26-229:46178/
[rosmaster.master][INFO] 2017-06-09 18:19:29,937: +SERVICE [/move_group_commander_wrappers_1497057569919575376/set_logger_level] /move_group_commander_wrappers_1497057569919575376 http://ip-172-31-26-229:46178/
[rosmaster.master][INFO] 2017-06-09 18:19:29,975: publisherUpdate[/rosout] -> http://ip-172-31-26-229:60631/
[rosmaster.master][INFO] 2017-06-09 18:19:30,107: +PUB [/rosout] /move_arm_7099_1497057569941 http://ip-172-31-26-229:39201/
[rosmaster.master][INFO] 2017-06-09 18:19:30,119: +SERVICE [/move_arm_7099_1497057569941/get_loggers] /move_arm_7099_1497057569941 http://ip-172-31-26-229:39201/
[rosmaster.master][INFO] 2017-06-09 18:19:30,124: +SERVICE [/move_arm_7099_1497057569941/set_logger_level] /move_arm_7099_1497057569941 http://ip-172-31-26-229:39201/
[rosmaster.master][INFO] 2017-06-09 18:19:30,129: +SUB [/joint_states] /move_arm_7099_1497057569941 http://ip-172-31-26-229:39201/
[rosmaster.master][INFO] 2017-06-09 18:19:30,135: +SUB [/motion_planning_goal] /move_arm_7099_1497057569941 http://ip-172-31-26-229:39201/
[rosmaster.master][INFO] 2017-06-09 18:19:30,139: +PUB [/joint_trajectory] /move_arm_7099_1497057569941 http://ip-172-31-26-229:39201/
[rosmaster.master][INFO] 2017-06-09 18:19:30,178: publisherUpdate[/rosout] -> http://ip-172-31-26-229:60631/
[rosmaster.master][INFO] 2017-06-09 18:19:30,180: publisherUpdate[/joint_trajectory] -> http://ip-172-31-26-229:43708/
[rosmaster.master][INFO] 2017-06-09 18:19:30,183: publisherUpdate[/joint_trajectory] -> http://ip-172-31-26-229:59695/
[rosmaster.master][INFO] 2017-06-09 18:19:30,321: +SUB [/tf] /move_group_commander_wrappers_1497057569919575376 http://ip-172-31-26-229:46178/
[rosmaster.master][INFO] 2017-06-09 18:19:30,328: +SUB [/tf_static] /move_group_commander_wrappers_1497057569919575376 http://ip-172-31-26-229:46178/
[rosmaster.master][INFO] 2017-06-09 18:19:30,333: +PUB [/planning_scene] /move_group_commander_wrappers_1497057569919575376 http://ip-172-31-26-229:46178/
[rosmaster.master][INFO] 2017-06-09 18:19:30,339: +PUB [/collision_object] /move_arm_7099_1497057569941 http://ip-172-31-26-229:39201/
[rosmaster.master][INFO] 2017-06-09 18:19:30,344: +PUB [/attached_collision_object] /move_arm_7099_1497057569941 http://ip-172-31-26-229:39201/
[rosmaster.master][INFO] 2017-06-09 18:19:30,349: +PUB [/trajectory_execution_event] /move_group_commander_wrappers_1497057569919575376 http://ip-172-31-26-229:46178/
[rosmaster.master][INFO] 2017-06-09 18:19:30,353: +PUB [/attached_collision_object] /move_group_commander_wrappers_1497057569919575376 http://ip-172-31-26-229:46178/
[rosmaster.master][INFO] 2017-06-09 18:19:30,362: +SUB [/move_group/status] /move_group_commander_wrappers_1497057569919575376 http://ip-172-31-26-229:46178/
[rosmaster.master][INFO] 2017-06-09 18:19:30,371: +SUB [/move_group/feedback] /move_group_commander_wrappers_1497057569919575376 http://ip-172-31-26-229:46178/
[rosmaster.master][INFO] 2017-06-09 18:19:30,378: +SUB [/move_group/result] /move_group_commander_wrappers_1497057569919575376 http://ip-172-31-26-229:46178/
[rosmaster.master][INFO] 2017-06-09 18:19:30,383: +PUB [/move_group/goal] /move_group_commander_wrappers_1497057569919575376 http://ip-172-31-26-229:46178/
[rosmaster.master][INFO] 2017-06-09 18:19:30,386: publisherUpdate[/planning_scene] -> http://ip-172-31-26-229:42684/
[rosmaster.master][INFO] 2017-06-09 18:19:30,388: +PUB [/move_group/cancel] /move_group_commander_wrappers_1497057569919575376 http://ip-172-31-26-229:46178/
[rosmaster.master][INFO] 2017-06-09 18:19:30,392: publisherUpdate[/collision_object] -> http://ip-172-31-26-229:42684/
[rosmaster.master][INFO] 2017-06-09 18:19:30,399: publisherUpdate[/attached_collision_object] -> http://ip-172-31-26-229:42684/
[rosmaster.master][INFO] 2017-06-09 18:19:30,403: publisherUpdate[/attached_collision_object] -> http://ip-172-31-26-229:42684/
[rosmaster.master][INFO] 2017-06-09 18:19:30,407: publisherUpdate[/move_group/goal] -> http://ip-172-31-26-229:42684/
[rosmaster.master][INFO] 2017-06-09 18:19:30,411: publisherUpdate[/move_group/cancel] -> http://ip-172-31-26-229:42684/
[rosmaster.master][INFO] 2017-06-09 18:19:30,625: +SUB [/pickup/status] /move_group_commander_wrappers_1497057569919575376 http://ip-172-31-26-229:46178/
[rosmaster.master][INFO] 2017-06-09 18:19:30,632: +SUB [/pickup/feedback] /move_group_commander_wrappers_1497057569919575376 http://ip-172-31-26-229:46178/
[rosmaster.master][INFO] 2017-06-09 18:19:30,640: +SUB [/pickup/result] /move_group_commander_wrappers_1497057569919575376 http://ip-172-31-26-229:46178/
[rosmaster.master][INFO] 2017-06-09 18:19:30,644: +PUB [/pickup/goal] /move_group_commander_wrappers_1497057569919575376 http://ip-172-31-26-229:46178/
[rosmaster.master][INFO] 2017-06-09 18:19:30,648: +PUB [/pickup/cancel] /move_group_commander_wrappers_1497057569919575376 http://ip-172-31-26-229:46178/
[rosmaster.master][INFO] 2017-06-09 18:19:30,688: publisherUpdate[/pickup/goal] -> http://ip-172-31-26-229:42684/
[rosmaster.master][INFO] 2017-06-09 18:19:30,693: publisherUpdate[/pickup/cancel] -> http://ip-172-31-26-229:42684/
[rosmaster.master][INFO] 2017-06-09 18:19:30,905: +SUB [/place/status] /move_group_commander_wrappers_1497057569919575376 http://ip-172-31-26-229:46178/
[rosmaster.master][INFO] 2017-06-09 18:19:30,913: +SUB [/place/feedback] /move_group_commander_wrappers_1497057569919575376 http://ip-172-31-26-229:46178/
[rosmaster.master][INFO] 2017-06-09 18:19:30,920: +SUB [/place/result] /move_group_commander_wrappers_1497057569919575376 http://ip-172-31-26-229:46178/
[rosmaster.master][INFO] 2017-06-09 18:19:30,925: +PUB [/place/goal] /move_group_commander_wrappers_1497057569919575376 http://ip-172-31-26-229:46178/
[rosmaster.master][INFO] 2017-06-09 18:19:30,930: +PUB [/place/cancel] /move_group_commander_wrappers_1497057569919575376 http://ip-172-31-26-229:46178/
[rosmaster.master][INFO] 2017-06-09 18:19:30,993: publisherUpdate[/place/goal] -> http://ip-172-31-26-229:42684/
[rosmaster.master][INFO] 2017-06-09 18:19:30,998: publisherUpdate[/place/cancel] -> http://ip-172-31-26-229:42684/
[rosmaster.master][INFO] 2017-06-09 18:19:31,110: +SUB [/execute_trajectory/status] /move_group_commander_wrappers_1497057569919575376 http://ip-172-31-26-229:46178/
[rosmaster.master][INFO] 2017-06-09 18:19:31,124: +SUB [/execute_trajectory/feedback] /move_group_commander_wrappers_1497057569919575376 http://ip-172-31-26-229:46178/
[rosmaster.master][INFO] 2017-06-09 18:19:31,133: +SUB [/execute_trajectory/result] /move_group_commander_wrappers_1497057569919575376 http://ip-172-31-26-229:46178/
[rosmaster.master][INFO] 2017-06-09 18:19:31,138: +PUB [/execute_trajectory/goal] /move_group_commander_wrappers_1497057569919575376 http://ip-172-31-26-229:46178/
[rosmaster.master][INFO] 2017-06-09 18:19:31,142: +PUB [/execute_trajectory/cancel] /move_group_commander_wrappers_1497057569919575376 http://ip-172-31-26-229:46178/
[rosmaster.master][INFO] 2017-06-09 18:19:31,148: -SUB [/execute_trajectory/status] /move_group_commander_wrappers_1497057569919575376 http://ip-172-31-26-229:46178/
[rosmaster.master][INFO] 2017-06-09 18:19:31,153: -PUB [/execute_trajectory/cancel] /move_group_commander_wrappers_1497057569919575376 http://ip-172-31-26-229:46178/
[rosmaster.master][INFO] 2017-06-09 18:19:31,157: -PUB [/execute_trajectory/goal] /move_group_commander_wrappers_1497057569919575376 http://ip-172-31-26-229:46178/
[rosmaster.master][INFO] 2017-06-09 18:19:31,162: -SUB [/execute_trajectory/feedback] /move_group_commander_wrappers_1497057569919575376 http://ip-172-31-26-229:46178/
[rosmaster.master][INFO] 2017-06-09 18:19:31,166: -SUB [/execute_trajectory/result] /move_group_commander_wrappers_1497057569919575376 http://ip-172-31-26-229:46178/
[rosmaster.master][INFO] 2017-06-09 18:19:31,198: publisherUpdate[/execute_trajectory/goal] -> http://ip-172-31-26-229:42684/
[rosmaster.master][INFO] 2017-06-09 18:19:31,203: publisherUpdate[/execute_trajectory/cancel] -> http://ip-172-31-26-229:42684/
[rosmaster.master][INFO] 2017-06-09 18:19:31,207: publisherUpdate[/execute_trajectory/cancel] -> http://ip-172-31-26-229:42684/
[rosmaster.master][INFO] 2017-06-09 18:19:31,211: publisherUpdate[/execute_trajectory/goal] -> http://ip-172-31-26-229:42684/
[rosmaster.master][INFO] 2017-06-09 18:19:37,318: +SUB [/tf] /marker_control_5973_1497057538941 http://ip-172-31-26-229:59695/
[rosmaster.master][INFO] 2017-06-09 18:19:37,325: +SERVICE [/marker_control_5973_1497057538941/tf_frames] /marker_control_5973_1497057538941 http://ip-172-31-26-229:59695/
[rosmaster.master][INFO] 2017-06-09 18:19:37,329: +SUB [/joint_states] /marker_control_5973_1497057538941 http://ip-172-31-26-229:59695/
[rosmaster.master][INFO] 2017-06-09 18:19:37,334: +PUB [/joint_command] /marker_control_5973_1497057538941 http://ip-172-31-26-229:59695/
[rosmaster.master][INFO] 2017-06-09 18:19:37,413: publisherUpdate[/joint_command] -> http://ip-172-31-26-229:43708/
[rosmaster.master][INFO] 2017-06-09 18:23:26,521: -SUB [/motion_planning_goal] /move_arm_7099_1497057569941 http://ip-172-31-26-229:39201/
[rosmaster.master][INFO] 2017-06-09 18:23:26,522: -SUB [/joint_states] /move_arm_7099_1497057569941 http://ip-172-31-26-229:39201/
[rosmaster.master][INFO] 2017-06-09 18:23:26,526: -PUB [/collision_object] /move_arm_7099_1497057569941 http://ip-172-31-26-229:39201/
[rosmaster.master][INFO] 2017-06-09 18:23:26,530: -PUB [/joint_trajectory] /move_arm_7099_1497057569941 http://ip-172-31-26-229:39201/
[rosmaster.master][INFO] 2017-06-09 18:23:26,534: -PUB [/rosout] /move_arm_7099_1497057569941 http://ip-172-31-26-229:39201/
[rosmaster.master][INFO] 2017-06-09 18:23:26,538: -PUB [/attached_collision_object] /move_arm_7099_1497057569941 http://ip-172-31-26-229:39201/
[rosmaster.master][INFO] 2017-06-09 18:23:26,542: -SERVICE [/move_arm_7099_1497057569941/set_logger_level] /move_arm_7099_1497057569941 rosrpc://ip-172-31-26-229:44834
[rosmaster.master][INFO] 2017-06-09 18:23:26,546: -SERVICE [/move_arm_7099_1497057569941/get_loggers] /move_arm_7099_1497057569941 rosrpc://ip-172-31-26-229:44834
[rosmaster.master][INFO] 2017-06-09 18:23:26,603: publisherUpdate[/collision_object] -> http://ip-172-31-26-229:42684/
[rosmaster.master][INFO] 2017-06-09 18:23:26,607: publisherUpdate[/joint_trajectory] -> http://ip-172-31-26-229:43708/
[rosmaster.master][INFO] 2017-06-09 18:23:26,608: publisherUpdate[/joint_trajectory] -> http://ip-172-31-26-229:59695/
[rosmaster.master][INFO] 2017-06-09 18:23:26,612: publisherUpdate[/rosout] -> http://ip-172-31-26-229:60631/
[rosmaster.master][INFO] 2017-06-09 18:23:26,612: publisherUpdate[/attached_collision_object] -> http://ip-172-31-26-229:42684/
[rosmaster.master][INFO] 2017-06-09 18:23:27,306: -PUB [/rosout] /move_group_commander_wrappers_1497057569919575376 http://ip-172-31-26-229:46178/
[rosmaster.master][INFO] 2017-06-09 18:23:27,312: -PUB [/planning_scene] /move_group_commander_wrappers_1497057569919575376 http://ip-172-31-26-229:46178/
[rosmaster.master][INFO] 2017-06-09 18:23:27,317: -PUB [/trajectory_execution_event] /move_group_commander_wrappers_1497057569919575376 http://ip-172-31-26-229:46178/
[rosmaster.master][INFO] 2017-06-09 18:23:27,321: publisherUpdate[/rosout] -> http://ip-172-31-26-229:60631/
[rosmaster.master][INFO] 2017-06-09 18:23:27,322: -PUB [/attached_collision_object] /move_group_commander_wrappers_1497057569919575376 http://ip-172-31-26-229:46178/
[rosmaster.master][INFO] 2017-06-09 18:23:27,324: publisherUpdate[/planning_scene] -> http://ip-172-31-26-229:42684/
[rosmaster.master][INFO] 2017-06-09 18:23:27,330: -PUB [/move_group/goal] /move_group_commander_wrappers_1497057569919575376 http://ip-172-31-26-229:46178/
[rosmaster.master][INFO] 2017-06-09 18:23:27,333: publisherUpdate[/attached_collision_object] -> http://ip-172-31-26-229:42684/
[rosmaster.master][INFO] 2017-06-09 18:23:27,337: -PUB [/move_group/cancel] /move_group_commander_wrappers_1497057569919575376 http://ip-172-31-26-229:46178/
[rosmaster.master][INFO] 2017-06-09 18:23:27,341: publisherUpdate[/move_group/goal] -> http://ip-172-31-26-229:42684/
[rosmaster.master][INFO] 2017-06-09 18:23:27,345: -PUB [/pickup/goal] /move_group_commander_wrappers_1497057569919575376 http://ip-172-31-26-229:46178/
[rosmaster.master][INFO] 2017-06-09 18:23:27,348: publisherUpdate[/move_group/cancel] -> http://ip-172-31-26-229:42684/
[rosmaster.master][INFO] 2017-06-09 18:23:27,352: -PUB [/pickup/cancel] /move_group_commander_wrappers_1497057569919575376 http://ip-172-31-26-229:46178/
[rosmaster.master][INFO] 2017-06-09 18:23:27,356: publisherUpdate[/pickup/goal] -> http://ip-172-31-26-229:42684/
[rosmaster.master][INFO] 2017-06-09 18:23:27,360: -PUB [/place/goal] /move_group_commander_wrappers_1497057569919575376 http://ip-172-31-26-229:46178/
[rosmaster.master][INFO] 2017-06-09 18:23:27,373: publisherUpdate[/pickup/cancel] -> http://ip-172-31-26-229:42684/
[rosmaster.master][INFO] 2017-06-09 18:23:27,377: -PUB [/place/cancel] /move_group_commander_wrappers_1497057569919575376 http://ip-172-31-26-229:46178/
[rosmaster.master][INFO] 2017-06-09 18:23:27,380: publisherUpdate[/place/goal] -> http://ip-172-31-26-229:42684/
[rosmaster.master][INFO] 2017-06-09 18:23:27,384: -SUB [/tf] /move_group_commander_wrappers_1497057569919575376 http://ip-172-31-26-229:46178/
[rosmaster.master][INFO] 2017-06-09 18:23:27,387: publisherUpdate[/place/cancel] -> http://ip-172-31-26-229:42684/
[rosmaster.master][INFO] 2017-06-09 18:23:27,391: -SUB [/tf_static] /move_group_commander_wrappers_1497057569919575376 http://ip-172-31-26-229:46178/
[rosmaster.master][INFO] 2017-06-09 18:23:27,398: -SUB [/move_group/status] /move_group_commander_wrappers_1497057569919575376 http://ip-172-31-26-229:46178/
[rosmaster.master][INFO] 2017-06-09 18:23:27,403: -SUB [/move_group/feedback] /move_group_commander_wrappers_1497057569919575376 http://ip-172-31-26-229:46178/
[rosmaster.master][INFO] 2017-06-09 18:23:27,407: -SUB [/move_group/result] /move_group_commander_wrappers_1497057569919575376 http://ip-172-31-26-229:46178/
[rosmaster.master][INFO] 2017-06-09 18:23:27,411: -SUB [/pickup/status] /move_group_commander_wrappers_1497057569919575376 http://ip-172-31-26-229:46178/
[rosmaster.master][INFO] 2017-06-09 18:23:27,416: -SUB [/pickup/feedback] /move_group_commander_wrappers_1497057569919575376 http://ip-172-31-26-229:46178/
[rosmaster.master][INFO] 2017-06-09 18:23:27,420: -SUB [/pickup/result] /move_group_commander_wrappers_1497057569919575376 http://ip-172-31-26-229:46178/
[rosmaster.master][INFO] 2017-06-09 18:23:27,424: -SUB [/place/status] /move_group_commander_wrappers_1497057569919575376 http://ip-172-31-26-229:46178/
[rosmaster.master][INFO] 2017-06-09 18:23:27,428: -SUB [/place/feedback] /move_group_commander_wrappers_1497057569919575376 http://ip-172-31-26-229:46178/
[rosmaster.master][INFO] 2017-06-09 18:23:27,432: -SUB [/place/result] /move_group_commander_wrappers_1497057569919575376 http://ip-172-31-26-229:46178/
[rosmaster.master][INFO] 2017-06-09 18:23:27,437: -SERVICE [/move_group_commander_wrappers_1497057569919575376/get_loggers] /move_group_commander_wrappers_1497057569919575376 rosrpc://ip-172-31-26-229:51821
[rosmaster.master][INFO] 2017-06-09 18:23:27,441: -SERVICE [/move_group_commander_wrappers_1497057569919575376/set_logger_level] /move_group_commander_wrappers_1497057569919575376 rosrpc://ip-172-31-26-229:51821
[rosmaster.master][INFO] 2017-06-09 18:25:01,957: +PUB [/rosout] /move_group_commander_wrappers_1497057901950171168 http://ip-172-31-26-229:45872/
[rosmaster.master][INFO] 2017-06-09 18:25:01,959: +SERVICE [/move_group_commander_wrappers_1497057901950171168/get_loggers] /move_group_commander_wrappers_1497057901950171168 http://ip-172-31-26-229:45872/
[rosmaster.master][INFO] 2017-06-09 18:25:01,963: +SERVICE [/move_group_commander_wrappers_1497057901950171168/set_logger_level] /move_group_commander_wrappers_1497057901950171168 http://ip-172-31-26-229:45872/
[rosmaster.master][INFO] 2017-06-09 18:25:01,976: publisherUpdate[/rosout] -> http://ip-172-31-26-229:60631/
[rosmaster.master][INFO] 2017-06-09 18:25:02,129: +PUB [/rosout] /move_arm_1156_1497057901968 http://ip-172-31-26-229:54832/
[rosmaster.master][INFO] 2017-06-09 18:25:02,148: +SERVICE [/move_arm_1156_1497057901968/get_loggers] /move_arm_1156_1497057901968 http://ip-172-31-26-229:54832/
[rosmaster.master][INFO] 2017-06-09 18:25:02,148: publisherUpdate[/rosout] -> http://ip-172-31-26-229:60631/
[rosmaster.master][INFO] 2017-06-09 18:25:02,152: +SERVICE [/move_arm_1156_1497057901968/set_logger_level] /move_arm_1156_1497057901968 http://ip-172-31-26-229:54832/
[rosmaster.master][INFO] 2017-06-09 18:25:02,161: +SUB [/joint_states] /move_arm_1156_1497057901968 http://ip-172-31-26-229:54832/
[rosmaster.master][INFO] 2017-06-09 18:25:02,166: +SUB [/motion_planning_goal] /move_arm_1156_1497057901968 http://ip-172-31-26-229:54832/
[rosmaster.master][INFO] 2017-06-09 18:25:02,170: +PUB [/joint_trajectory] /move_arm_1156_1497057901968 http://ip-172-31-26-229:54832/
[rosmaster.master][INFO] 2017-06-09 18:25:02,181: publisherUpdate[/joint_trajectory] -> http://ip-172-31-26-229:43708/
[rosmaster.master][INFO] 2017-06-09 18:25:02,186: publisherUpdate[/joint_trajectory] -> http://ip-172-31-26-229:59695/
[rosmaster.master][INFO] 2017-06-09 18:25:02,347: +SUB [/tf] /move_group_commander_wrappers_1497057901950171168 http://ip-172-31-26-229:45872/
[rosmaster.master][INFO] 2017-06-09 18:25:02,361: +SUB [/tf_static] /move_group_commander_wrappers_1497057901950171168 http://ip-172-31-26-229:45872/
[rosmaster.master][INFO] 2017-06-09 18:25:02,368: +PUB [/planning_scene] /move_group_commander_wrappers_1497057901950171168 http://ip-172-31-26-229:45872/
[rosmaster.master][INFO] 2017-06-09 18:25:02,374: +PUB [/collision_object] /move_arm_1156_1497057901968 http://ip-172-31-26-229:54832/
[rosmaster.master][INFO] 2017-06-09 18:25:02,380: +PUB [/attached_collision_object] /move_arm_1156_1497057901968 http://ip-172-31-26-229:54832/
[rosmaster.master][INFO] 2017-06-09 18:25:02,385: +PUB [/trajectory_execution_event] /move_group_commander_wrappers_1497057901950171168 http://ip-172-31-26-229:45872/
[rosmaster.master][INFO] 2017-06-09 18:25:02,389: +PUB [/attached_collision_object] /move_group_commander_wrappers_1497057901950171168 http://ip-172-31-26-229:45872/
[rosmaster.master][INFO] 2017-06-09 18:25:02,392: publisherUpdate[/planning_scene] -> http://ip-172-31-26-229:42684/
[rosmaster.master][INFO] 2017-06-09 18:25:02,398: publisherUpdate[/collision_object] -> http://ip-172-31-26-229:42684/
[rosmaster.master][INFO] 2017-06-09 18:25:02,399: +SUB [/move_group/status] /move_group_commander_wrappers_1497057901950171168 http://ip-172-31-26-229:45872/
[rosmaster.master][INFO] 2017-06-09 18:25:02,404: publisherUpdate[/attached_collision_object] -> http://ip-172-31-26-229:42684/
[rosmaster.master][INFO] 2017-06-09 18:25:02,412: publisherUpdate[/attached_collision_object] -> http://ip-172-31-26-229:42684/
[rosmaster.master][INFO] 2017-06-09 18:25:02,416: +SUB [/move_group/feedback] /move_group_commander_wrappers_1497057901950171168 http://ip-172-31-26-229:45872/
[rosmaster.master][INFO] 2017-06-09 18:25:02,425: +SUB [/move_group/result] /move_group_commander_wrappers_1497057901950171168 http://ip-172-31-26-229:45872/
[rosmaster.master][INFO] 2017-06-09 18:25:02,432: +PUB [/move_group/goal] /move_group_commander_wrappers_1497057901950171168 http://ip-172-31-26-229:45872/
[rosmaster.master][INFO] 2017-06-09 18:25:02,437: +PUB [/move_group/cancel] /move_group_commander_wrappers_1497057901950171168 http://ip-172-31-26-229:45872/
[rosmaster.master][INFO] 2017-06-09 18:25:02,457: publisherUpdate[/move_group/goal] -> http://ip-172-31-26-229:42684/
[rosmaster.master][INFO] 2017-06-09 18:25:02,468: publisherUpdate[/move_group/cancel] -> http://ip-172-31-26-229:42684/
[rosmaster.master][INFO] 2017-06-09 18:25:02,691: +SUB [/pickup/status] /move_group_commander_wrappers_1497057901950171168 http://ip-172-31-26-229:45872/
[rosmaster.master][INFO] 2017-06-09 18:25:02,700: +SUB [/pickup/feedback] /move_group_commander_wrappers_1497057901950171168 http://ip-172-31-26-229:45872/
[rosmaster.master][INFO] 2017-06-09 18:25:02,712: +SUB [/pickup/result] /move_group_commander_wrappers_1497057901950171168 http://ip-172-31-26-229:45872/
[rosmaster.master][INFO] 2017-06-09 18:25:02,716: +PUB [/pickup/goal] /move_group_commander_wrappers_1497057901950171168 http://ip-172-31-26-229:45872/
[rosmaster.master][INFO] 2017-06-09 18:25:02,721: +PUB [/pickup/cancel] /move_group_commander_wrappers_1497057901950171168 http://ip-172-31-26-229:45872/
[rosmaster.master][INFO] 2017-06-09 18:25:02,722: publisherUpdate[/pickup/goal] -> http://ip-172-31-26-229:42684/
[rosmaster.master][INFO] 2017-06-09 18:25:02,729: publisherUpdate[/pickup/cancel] -> http://ip-172-31-26-229:42684/
[rosmaster.master][INFO] 2017-06-09 18:25:02,941: +SUB [/place/status] /move_group_commander_wrappers_1497057901950171168 http://ip-172-31-26-229:45872/
[rosmaster.master][INFO] 2017-06-09 18:25:02,949: +SUB [/place/feedback] /move_group_commander_wrappers_1497057901950171168 http://ip-172-31-26-229:45872/
[rosmaster.master][INFO] 2017-06-09 18:25:02,957: +SUB [/place/result] /move_group_commander_wrappers_1497057901950171168 http://ip-172-31-26-229:45872/
[rosmaster.master][INFO] 2017-06-09 18:25:02,962: +PUB [/place/goal] /move_group_commander_wrappers_1497057901950171168 http://ip-172-31-26-229:45872/
[rosmaster.master][INFO] 2017-06-09 18:25:02,966: +PUB [/place/cancel] /move_group_commander_wrappers_1497057901950171168 http://ip-172-31-26-229:45872/
[rosmaster.master][INFO] 2017-06-09 18:25:02,974: publisherUpdate[/place/goal] -> http://ip-172-31-26-229:42684/
[rosmaster.master][INFO] 2017-06-09 18:25:02,978: publisherUpdate[/place/cancel] -> http://ip-172-31-26-229:42684/
[rosmaster.master][INFO] 2017-06-09 18:25:03,190: +SUB [/execute_trajectory/status] /move_group_commander_wrappers_1497057901950171168 http://ip-172-31-26-229:45872/
[rosmaster.master][INFO] 2017-06-09 18:25:03,198: +SUB [/execute_trajectory/feedback] /move_group_commander_wrappers_1497057901950171168 http://ip-172-31-26-229:45872/
[rosmaster.master][INFO] 2017-06-09 18:25:03,207: +SUB [/execute_trajectory/result] /move_group_commander_wrappers_1497057901950171168 http://ip-172-31-26-229:45872/
[rosmaster.master][INFO] 2017-06-09 18:25:03,220: +PUB [/execute_trajectory/goal] /move_group_commander_wrappers_1497057901950171168 http://ip-172-31-26-229:45872/
[rosmaster.master][INFO] 2017-06-09 18:25:03,225: +PUB [/execute_trajectory/cancel] /move_group_commander_wrappers_1497057901950171168 http://ip-172-31-26-229:45872/
[rosmaster.master][INFO] 2017-06-09 18:25:03,231: -SUB [/execute_trajectory/status] /move_group_commander_wrappers_1497057901950171168 http://ip-172-31-26-229:45872/
[rosmaster.master][INFO] 2017-06-09 18:25:03,234: publisherUpdate[/execute_trajectory/goal] -> http://ip-172-31-26-229:42684/
[rosmaster.master][INFO] 2017-06-09 18:25:03,236: -PUB [/execute_trajectory/cancel] /move_group_commander_wrappers_1497057901950171168 http://ip-172-31-26-229:45872/
[rosmaster.master][INFO] 2017-06-09 18:25:03,239: publisherUpdate[/execute_trajectory/cancel] -> http://ip-172-31-26-229:42684/
[rosmaster.master][INFO] 2017-06-09 18:25:03,243: -PUB [/execute_trajectory/goal] /move_group_commander_wrappers_1497057901950171168 http://ip-172-31-26-229:45872/
[rosmaster.master][INFO] 2017-06-09 18:25:03,247: publisherUpdate[/execute_trajectory/cancel] -> http://ip-172-31-26-229:42684/
[rosmaster.master][INFO] 2017-06-09 18:25:03,250: -SUB [/execute_trajectory/feedback] /move_group_commander_wrappers_1497057901950171168 http://ip-172-31-26-229:45872/
[rosmaster.master][INFO] 2017-06-09 18:25:03,254: publisherUpdate[/execute_trajectory/goal] -> http://ip-172-31-26-229:42684/
[rosmaster.master][INFO] 2017-06-09 18:25:03,258: -SUB [/execute_trajectory/result] /move_group_commander_wrappers_1497057901950171168 http://ip-172-31-26-229:45872/
[rosmaster.master][INFO] 2017-06-09 18:25:19,129: -SUB [/motion_planning_goal] /move_arm_1156_1497057901968 http://ip-172-31-26-229:54832/
[rosmaster.master][INFO] 2017-06-09 18:25:19,130: -SUB [/joint_states] /move_arm_1156_1497057901968 http://ip-172-31-26-229:54832/
[rosmaster.master][INFO] 2017-06-09 18:25:19,134: -PUB [/collision_object] /move_arm_1156_1497057901968 http://ip-172-31-26-229:54832/
[rosmaster.master][INFO] 2017-06-09 18:25:19,137: -PUB [/joint_trajectory] /move_arm_1156_1497057901968 http://ip-172-31-26-229:54832/
[rosmaster.master][INFO] 2017-06-09 18:25:19,142: -PUB [/rosout] /move_arm_1156_1497057901968 http://ip-172-31-26-229:54832/
[rosmaster.master][INFO] 2017-06-09 18:25:19,145: -PUB [/attached_collision_object] /move_arm_1156_1497057901968 http://ip-172-31-26-229:54832/
[rosmaster.master][INFO] 2017-06-09 18:25:19,156: -SERVICE [/move_arm_1156_1497057901968/get_loggers] /move_arm_1156_1497057901968 rosrpc://ip-172-31-26-229:48449
[rosmaster.master][INFO] 2017-06-09 18:25:19,159: -SERVICE [/move_arm_1156_1497057901968/set_logger_level] /move_arm_1156_1497057901968 rosrpc://ip-172-31-26-229:48449
[rosmaster.master][INFO] 2017-06-09 18:25:19,185: publisherUpdate[/collision_object] -> http://ip-172-31-26-229:42684/
[rosmaster.master][INFO] 2017-06-09 18:25:19,189: publisherUpdate[/joint_trajectory] -> http://ip-172-31-26-229:43708/
[rosmaster.master][INFO] 2017-06-09 18:25:19,193: publisherUpdate[/joint_trajectory] -> http://ip-172-31-26-229:59695/
[rosmaster.master][INFO] 2017-06-09 18:25:19,198: publisherUpdate[/rosout] -> http://ip-172-31-26-229:60631/
[rosmaster.master][INFO] 2017-06-09 18:25:19,203: publisherUpdate[/attached_collision_object] -> http://ip-172-31-26-229:42684/
[rosmaster.master][INFO] 2017-06-09 18:25:19,877: -PUB [/rosout] /move_group_commander_wrappers_1497057901950171168 http://ip-172-31-26-229:45872/
[rosmaster.master][INFO] 2017-06-09 18:25:19,882: -PUB [/planning_scene] /move_group_commander_wrappers_1497057901950171168 http://ip-172-31-26-229:45872/
[rosmaster.master][INFO] 2017-06-09 18:25:19,886: -PUB [/trajectory_execution_event] /move_group_commander_wrappers_1497057901950171168 http://ip-172-31-26-229:45872/
[rosmaster.master][INFO] 2017-06-09 18:25:19,890: -PUB [/attached_collision_object] /move_group_commander_wrappers_1497057901950171168 http://ip-172-31-26-229:45872/
[rosmaster.master][INFO] 2017-06-09 18:25:19,895: -PUB [/move_group/goal] /move_group_commander_wrappers_1497057901950171168 http://ip-172-31-26-229:45872/
[rosmaster.master][INFO] 2017-06-09 18:25:19,899: -PUB [/move_group/cancel] /move_group_commander_wrappers_1497057901950171168 http://ip-172-31-26-229:45872/
[rosmaster.master][INFO] 2017-06-09 18:25:19,903: -PUB [/pickup/goal] /move_group_commander_wrappers_1497057901950171168 http://ip-172-31-26-229:45872/
[rosmaster.master][INFO] 2017-06-09 18:25:19,908: publisherUpdate[/rosout] -> http://ip-172-31-26-229:60631/
[rosmaster.master][INFO] 2017-06-09 18:25:19,909: publisherUpdate[/planning_scene] -> http://ip-172-31-26-229:42684/
[rosmaster.master][INFO] 2017-06-09 18:25:19,914: -PUB [/pickup/cancel] /move_group_commander_wrappers_1497057901950171168 http://ip-172-31-26-229:45872/
[rosmaster.master][INFO] 2017-06-09 18:25:19,921: publisherUpdate[/attached_collision_object] -> http://ip-172-31-26-229:42684/
[rosmaster.master][INFO] 2017-06-09 18:25:19,926: -PUB [/place/goal] /move_group_commander_wrappers_1497057901950171168 http://ip-172-31-26-229:45872/
[rosmaster.master][INFO] 2017-06-09 18:25:19,928: publisherUpdate[/move_group/goal] -> http://ip-172-31-26-229:42684/
[rosmaster.master][INFO] 2017-06-09 18:25:19,932: -PUB [/place/cancel] /move_group_commander_wrappers_1497057901950171168 http://ip-172-31-26-229:45872/
[rosmaster.master][INFO] 2017-06-09 18:25:19,935: publisherUpdate[/move_group/cancel] -> http://ip-172-31-26-229:42684/
[rosmaster.master][INFO] 2017-06-09 18:25:19,940: -SUB [/tf] /move_group_commander_wrappers_1497057901950171168 http://ip-172-31-26-229:45872/
[rosmaster.master][INFO] 2017-06-09 18:25:19,943: publisherUpdate[/pickup/goal] -> http://ip-172-31-26-229:42684/
[rosmaster.master][INFO] 2017-06-09 18:25:19,948: -SUB [/tf_static] /move_group_commander_wrappers_1497057901950171168 http://ip-172-31-26-229:45872/
[rosmaster.master][INFO] 2017-06-09 18:25:19,951: publisherUpdate[/pickup/cancel] -> http://ip-172-31-26-229:42684/
[rosmaster.master][INFO] 2017-06-09 18:25:19,956: -SUB [/move_group/status] /move_group_commander_wrappers_1497057901950171168 http://ip-172-31-26-229:45872/
[rosmaster.master][INFO] 2017-06-09 18:25:19,958: publisherUpdate[/place/goal] -> http://ip-172-31-26-229:42684/
[rosmaster.master][INFO] 2017-06-09 18:25:19,966: publisherUpdate[/place/cancel] -> http://ip-172-31-26-229:42684/
[rosmaster.master][INFO] 2017-06-09 18:25:19,963: -SUB [/move_group/feedback] /move_group_commander_wrappers_1497057901950171168 http://ip-172-31-26-229:45872/
[rosmaster.master][INFO] 2017-06-09 18:25:19,974: -SUB [/move_group/result] /move_group_commander_wrappers_1497057901950171168 http://ip-172-31-26-229:45872/
[rosmaster.master][INFO] 2017-06-09 18:25:19,979: -SUB [/pickup/status] /move_group_commander_wrappers_1497057901950171168 http://ip-172-31-26-229:45872/
[rosmaster.master][INFO] 2017-06-09 18:25:19,983: -SUB [/pickup/feedback] /move_group_commander_wrappers_1497057901950171168 http://ip-172-31-26-229:45872/
[rosmaster.master][INFO] 2017-06-09 18:25:19,988: -SUB [/pickup/result] /move_group_commander_wrappers_1497057901950171168 http://ip-172-31-26-229:45872/
[rosmaster.master][INFO] 2017-06-09 18:25:19,992: -SUB [/place/status] /move_group_commander_wrappers_1497057901950171168 http://ip-172-31-26-229:45872/
[rosmaster.master][INFO] 2017-06-09 18:25:19,997: -SUB [/place/feedback] /move_group_commander_wrappers_1497057901950171168 http://ip-172-31-26-229:45872/
[rosmaster.master][INFO] 2017-06-09 18:25:20,002: -SUB [/place/result] /move_group_commander_wrappers_1497057901950171168 http://ip-172-31-26-229:45872/
[rosmaster.master][INFO] 2017-06-09 18:25:20,006: -SERVICE [/move_group_commander_wrappers_1497057901950171168/get_loggers] /move_group_commander_wrappers_1497057901950171168 rosrpc://ip-172-31-26-229:60166
[rosmaster.master][INFO] 2017-06-09 18:25:20,011: -SERVICE [/move_group_commander_wrappers_1497057901950171168/set_logger_level] /move_group_commander_wrappers_1497057901950171168 rosrpc://ip-172-31-26-229:60166
[rosmaster.master][INFO] 2017-06-09 18:25:26,508: -PUB [/tf2_web_republisher/cancel] /rosbridge_websocket http://ip-172-31-26-229:39967/
[rosmaster.master][INFO] 2017-06-09 18:25:26,516: -PUB [/tf2_web_republisher/goal] /rosbridge_websocket http://ip-172-31-26-229:39967/
[rosmaster.master][INFO] 2017-06-09 18:25:26,528: -PUB [/control_markers/feedback] /rosbridge_websocket http://ip-172-31-26-229:39967/
[rosmaster.master][INFO] 2017-06-09 18:25:26,528: publisherUpdate[/tf2_web_republisher/cancel] -> http://ip-172-31-26-229:41466/
[rosmaster.master][INFO] 2017-06-09 18:25:26,537: publisherUpdate[/tf2_web_republisher/goal] -> http://ip-172-31-26-229:41466/
[rosmaster.master][INFO] 2017-06-09 18:25:26,539: publisherUpdate[/control_markers/feedback] -> http://ip-172-31-26-229:59695/
[rosmaster.master][INFO] 2017-06-09 18:25:26,541: -SUB [/control_markers/tunneled/update] /rosbridge_websocket http://ip-172-31-26-229:39967/
[rosmaster.master][INFO] 2017-06-09 18:25:26,556: -SUB [/tf2_web_republisher/feedback] /rosbridge_websocket http://ip-172-31-26-229:39967/
[rosmaster.master][INFO] 2017-06-09 18:25:26,567: -SUB [/visualization_marker_array] /rosbridge_websocket http://ip-172-31-26-229:39967/
