[rospy.client][INFO] 2017-06-09 18:18:55,825: init_node, name[/rosbridge_websocket], pid[5788]
[xmlrpc][INFO] 2017-06-09 18:18:55,826: XML-RPC server binding to 0.0.0.0:0
[xmlrpc][INFO] 2017-06-09 18:18:55,831: Started XML-RPC server [http://ip-172-31-26-229:39967/]
[rospy.init][INFO] 2017-06-09 18:18:55,831: ROS Slave URI: [http://ip-172-31-26-229:39967/]
[rospy.impl.masterslave][INFO] 2017-06-09 18:18:55,841: _ready: http://ip-172-31-26-229:39967/
[xmlrpc][INFO] 2017-06-09 18:18:55,848: xml rpc node: starting XML-RPC server
[rospy.registration][INFO] 2017-06-09 18:18:55,848: Registering with master node http://localhost:32860
[rospy.init][INFO] 2017-06-09 18:18:55,945: registered with master
[rospy.rosout][INFO] 2017-06-09 18:18:55,948: initializing /rosout core topic
[rospy.rosout][INFO] 2017-06-09 18:18:55,960: connected to core topic /rosout
[rospy.simtime][INFO] 2017-06-09 18:18:55,964: /use_sim_time is not set, will not subscribe to simulated time [/clock] topic
[rosout][INFO] 2017-06-09 18:18:56,005: Rosbridge WebSocket server started on port 50517
[rospy.internal][INFO] 2017-06-09 18:18:56,190: topic[/rosout] adding connection to [/rosout], count 0
[rosout][INFO] 2017-06-09 18:19:13,637: Client connected.  1 clients total.
[rosout][INFO] 2017-06-09 18:19:13,783: [Client 0] Subscribed to /tf2_web_republisher/feedback
[rosout][INFO] 2017-06-09 18:19:13,800: [Client 0] Subscribed to /visualization_marker_array
[rosout][INFO] 2017-06-09 18:19:13,814: [Client 0] Subscribed to /control_markers/tunneled/update
[rospy.internal][INFO] 2017-06-09 18:19:13,832: topic[/control_markers/tunneled/update] adding connection to [http://ip-172-31-26-229:38125/], count 0
[rospy.internal][INFO] 2017-06-09 18:19:13,834: topic[/tf2_web_republisher/feedback] adding connection to [http://ip-172-31-26-229:41466/], count 0
[rospy.internal][INFO] 2017-06-09 18:19:13,835: topic[/visualization_marker_array] adding connection to [http://ip-172-31-26-229:59695/], count 0
[rospy.internal][INFO] 2017-06-09 18:19:13,900: topic[/control_markers/feedback] adding connection to [/marker_control_5973_1497057538941], count 0
[rosout][INFO] 2017-06-09 18:19:13,935: [Client 0] Subscribed to /tf2_web_republisher/feedback
[rosout][INFO] 2017-06-09 18:19:13,940: [Client 0] Subscribed to /tf2_web_republisher/feedback
[rosout][INFO] 2017-06-09 18:19:13,945: [Client 0] Subscribed to /tf2_web_republisher/feedback
[rosout][INFO] 2017-06-09 18:19:13,949: [Client 0] Subscribed to /tf2_web_republisher/feedback
[rosout][INFO] 2017-06-09 18:19:13,953: [Client 0] Subscribed to /tf2_web_republisher/feedback
[rosout][INFO] 2017-06-09 18:19:13,957: [Client 0] Subscribed to /tf2_web_republisher/feedback
[rosout][INFO] 2017-06-09 18:19:13,962: [Client 0] Subscribed to /tf2_web_republisher/feedback
[rospy.internal][INFO] 2017-06-09 18:19:14,050: topic[/tf2_web_republisher/goal] adding connection to [/tf2_web_republisher], count 0
[rospy.internal][INFO] 2017-06-09 18:19:14,054: topic[/tf2_web_republisher/cancel] adding connection to [/tf2_web_republisher], count 0
[rospy.internal][INFO] 2017-06-09 18:25:26,502: topic impl's ref count is zero, deleting topic /tf2_web_republisher/cancel...
[rospy.internal][INFO] 2017-06-09 18:25:26,502: topic[/tf2_web_republisher/cancel] removing connection to /tf2_web_republisher
[rospy.internal][INFO] 2017-06-09 18:25:26,508: topic impl's ref count is zero, deleting topic /tf2_web_republisher/goal...
[rospy.internal][INFO] 2017-06-09 18:25:26,512: topic[/tf2_web_republisher/goal] removing connection to /tf2_web_republisher
[rospy.internal][INFO] 2017-06-09 18:25:26,520: topic impl's ref count is zero, deleting topic /control_markers/feedback...
[rospy.internal][INFO] 2017-06-09 18:25:26,523: topic[/control_markers/feedback] removing connection to /marker_control_5973_1497057538941
[rosout][WARNING] 2017-06-09 18:25:26,524: Could not process inbound connection: Internal error processing topic [/control_markers/feedback]{'message_definition': "# Time/frame info.\nHeader header\n\n# Identifying string. Must be unique in the topic namespace.\nstring client_id\n\n# Feedback message sent back from the GUI, e.g.\n# when the status of an interactive marker was modified by the user.\n\n# Specifies which interactive marker and control this message refers to\nstring marker_name\nstring control_name\n\n# Type of the event\n# KEEP_ALIVE: sent while dragging to keep up control of the marker\n# MENU_SELECT: a menu entry has been selected\n# BUTTON_CLICK: a button control has been clicked\n# POSE_UPDATE: the pose has been changed using one of the controls\nuint8 KEEP_ALIVE = 0\nuint8 POSE_UPDATE = 1\nuint8 MENU_SELECT = 2\nuint8 BUTTON_CLICK = 3\n\nuint8 MOUSE_DOWN = 4\nuint8 MOUSE_UP = 5\n\nuint8 event_type\n\n# Current pose of the marker\n# Note: Has to be valid for all feedback types.\ngeometry_msgs/Pose pose\n\n# Contains the ID of the selected menu entry\n# Only valid for MENU_SELECT events.\nuint32 menu_entry_id\n\n# If event_type is BUTTON_CLICK, MOUSE_DOWN, or MOUSE_UP, mouse_point\n# may contain the 3 dimensional position of the event on the\n# control.  If it does, mouse_point_valid will be true.  mouse_point\n# will be relative to the frame listed in the header.\ngeometry_msgs/Point mouse_point\nbool mouse_point_valid\n\n================================================================================\nMSG: std_msgs/Header\n# Standard metadata for higher-level stamped data types.\n# This is generally used to communicate timestamped data \n# in a particular coordinate frame.\n# \n# sequence ID: consecutively increasing ID \nuint32 seq\n#Two-integer timestamp that is expressed as:\n# * stamp.sec: seconds (stamp_secs) since epoch (in Python the variable is called 'secs')\n# * stamp.nsec: nanoseconds since stamp_secs (in Python the variable is called 'nsecs')\n# time-handling sugar is provided by the client library\ntime stamp\n#Frame this data is associated with\n# 0: no frame\n# 1: global frame\nstring frame_id\n\n================================================================================\nMSG: geometry_msgs/Pose\n# A representation of pose in free space, composed of postion and orientation. \nPoint position\nQuaternion orientation\n\n================================================================================\nMSG: geometry_msgs/Point\n# This contains the position of a point in free space\nfloat64 x\nfloat64 y\nfloat64 z\n\n================================================================================\nMSG: geometry_msgs/Quaternion\n# This represents an orientation in free space in quaternion form.\n\nfloat64 x\nfloat64 y\nfloat64 z\nfloat64 w\n", 'callerid': '/marker_control_5973_1497057538941', 'tcp_nodelay': '0', 'md5sum': 'ab0f1eee058667e28c19ff3ffc3f4b78', 'topic': '/control_markers/feedback', 'type': 'visualization_msgs/InteractiveMarkerFeedback'}
[rospy.internal][INFO] 2017-06-09 18:25:26,533: topic impl's ref count is zero, deleting topic /control_markers/tunneled/update...
[rospy.internal][INFO] 2017-06-09 18:25:26,536: topic[/control_markers/tunneled/update] removing connection to http://ip-172-31-26-229:38125/
[rospy.internal][INFO] 2017-06-09 18:25:26,548: topic impl's ref count is zero, deleting topic /tf2_web_republisher/feedback...
[rospy.internal][INFO] 2017-06-09 18:25:26,551: topic[/tf2_web_republisher/feedback] removing connection to http://ip-172-31-26-229:41466/
[rospy.internal][INFO] 2017-06-09 18:25:26,560: topic impl's ref count is zero, deleting topic /visualization_marker_array...
[rospy.internal][INFO] 2017-06-09 18:25:26,563: topic[/visualization_marker_array] removing connection to http://ip-172-31-26-229:59695/
[rospy.internal][WARNING] 2017-06-09 18:25:26,564: Unknown error initiating TCP/IP socket to ip-172-31-26-229:53489 (http://ip-172-31-26-229:59695/): Traceback (most recent call last):
  File "/opt/ros/indigo/lib/python2.7/dist-packages/rospy/impl/tcpros_base.py", line 558, in connect
    self.local_endpoint = self.socket.getsockname()
AttributeError: 'NoneType' object has no attribute 'getsockname'

[rosout][INFO] 2017-06-09 18:25:26,572: Client disconnected. 0 clients total.
[rosout][WARNING] 2017-06-09 18:25:27,526: Could not process inbound connection: [/rosbridge_websocket] is not a publisher of [/control_markers/feedback]. Topics are [['/rosout', 'rosgraph_msgs/Log']]{'message_definition': "# Time/frame info.\nHeader header\n\n# Identifying string. Must be unique in the topic namespace.\nstring client_id\n\n# Feedback message sent back from the GUI, e.g.\n# when the status of an interactive marker was modified by the user.\n\n# Specifies which interactive marker and control this message refers to\nstring marker_name\nstring control_name\n\n# Type of the event\n# KEEP_ALIVE: sent while dragging to keep up control of the marker\n# MENU_SELECT: a menu entry has been selected\n# BUTTON_CLICK: a button control has been clicked\n# POSE_UPDATE: the pose has been changed using one of the controls\nuint8 KEEP_ALIVE = 0\nuint8 POSE_UPDATE = 1\nuint8 MENU_SELECT = 2\nuint8 BUTTON_CLICK = 3\n\nuint8 MOUSE_DOWN = 4\nuint8 MOUSE_UP = 5\n\nuint8 event_type\n\n# Current pose of the marker\n# Note: Has to be valid for all feedback types.\ngeometry_msgs/Pose pose\n\n# Contains the ID of the selected menu entry\n# Only valid for MENU_SELECT events.\nuint32 menu_entry_id\n\n# If event_type is BUTTON_CLICK, MOUSE_DOWN, or MOUSE_UP, mouse_point\n# may contain the 3 dimensional position of the event on the\n# control.  If it does, mouse_point_valid will be true.  mouse_point\n# will be relative to the frame listed in the header.\ngeometry_msgs/Point mouse_point\nbool mouse_point_valid\n\n================================================================================\nMSG: std_msgs/Header\n# Standard metadata for higher-level stamped data types.\n# This is generally used to communicate timestamped data \n# in a particular coordinate frame.\n# \n# sequence ID: consecutively increasing ID \nuint32 seq\n#Two-integer timestamp that is expressed as:\n# * stamp.sec: seconds (stamp_secs) since epoch (in Python the variable is called 'secs')\n# * stamp.nsec: nanoseconds since stamp_secs (in Python the variable is called 'nsecs')\n# time-handling sugar is provided by the client library\ntime stamp\n#Frame this data is associated with\n# 0: no frame\n# 1: global frame\nstring frame_id\n\n================================================================================\nMSG: geometry_msgs/Pose\n# A representation of pose in free space, composed of postion and orientation. \nPoint position\nQuaternion orientation\n\n================================================================================\nMSG: geometry_msgs/Point\n# This contains the position of a point in free space\nfloat64 x\nfloat64 y\nfloat64 z\n\n================================================================================\nMSG: geometry_msgs/Quaternion\n# This represents an orientation in free space in quaternion form.\n\nfloat64 x\nfloat64 y\nfloat64 z\nfloat64 w\n", 'callerid': '/marker_control_5973_1497057538941', 'tcp_nodelay': '0', 'md5sum': 'ab0f1eee058667e28c19ff3ffc3f4b78', 'topic': '/control_markers/feedback', 'type': 'visualization_msgs/InteractiveMarkerFeedback'}
