[rospy.client][INFO] 2017-06-05 17:14:50,306: init_node, name[/cartesian_control_7381_1496708090267], pid[7381]
[xmlrpc][INFO] 2017-06-05 17:14:50,307: XML-RPC server binding to 0.0.0.0:0
[xmlrpc][INFO] 2017-06-05 17:14:50,311: Started XML-RPC server [http://ip-172-31-19-100:51289/]
[rospy.init][INFO] 2017-06-05 17:14:50,311: ROS Slave URI: [http://ip-172-31-19-100:51289/]
[rospy.impl.masterslave][INFO] 2017-06-05 17:14:50,314: _ready: http://ip-172-31-19-100:51289/
[xmlrpc][INFO] 2017-06-05 17:14:50,321: xml rpc node: starting XML-RPC server
[rospy.registration][INFO] 2017-06-05 17:14:50,321: Registering with master node http://localhost:37890
[rospy.init][INFO] 2017-06-05 17:14:50,418: registered with master
[rospy.rosout][INFO] 2017-06-05 17:14:50,421: initializing /rosout core topic
[rospy.rosout][INFO] 2017-06-05 17:14:50,432: connected to core topic /rosout
[rospy.simtime][INFO] 2017-06-05 17:14:50,436: /use_sim_time is not set, will not subscribe to simulated time [/clock] topic
[rospy.internal][INFO] 2017-06-05 17:14:50,505: topic[/joint_states] adding connection to [http://ip-172-31-19-100:50345/], count 0
[rospy.internal][INFO] 2017-06-05 17:14:50,638: topic[/rosout] adding connection to [/rosout], count 0
[rospy.internal][INFO] 2017-06-05 17:14:50,747: topic[/control_markers/update] adding connection to [/interactive_marker_proxy], count 0
[rospy.internal][INFO] 2017-06-05 17:14:50,751: topic[/joint_command] adding connection to [/robot_sim], count 0
[rospy.internal][INFO] 2017-06-05 17:14:50,949: topic[/control_markers/update_full] adding connection to [/interactive_marker_proxy], count 0
[rospy.internal][INFO] 2017-06-05 17:14:50,996: topic[/control_markers/update_full] removing connection to /interactive_marker_proxy
[rospy.internal][INFO] 2017-06-05 17:15:19,378: topic[/control_markers/feedback] adding connection to [http://ip-172-31-19-100:43602/], count 0
[rospy.internal][INFO] 2017-06-05 17:19:09,058: topic[/cartesian_command] adding connection to [/cartesian_control_10146_1496708348806], count 0
[rospy.internal][INFO] 2017-06-05 17:19:09,060: topic[/redundancy_command] adding connection to [/cartesian_control_10146_1496708348806], count 0
[rospy.internal][ERROR] 2017-06-05 17:19:50,638: Unable to initiate TCP/IP socket to ip-172-31-19-100:53069 (http://ip-172-31-19-100:43602/): Traceback (most recent call last):
  File "/opt/ros/indigo/lib/python2.7/dist-packages/rospy/impl/tcpros_base.py", line 557, in connect
    self.read_header()
  File "/opt/ros/indigo/lib/python2.7/dist-packages/rospy/impl/tcpros_base.py", line 619, in read_header
    self._validate_header(read_ros_handshake_header(sock, self.read_buff, self.protocol.buff_size))
  File "/opt/ros/indigo/lib/python2.7/dist-packages/rospy/impl/tcpros_base.py", line 580, in _validate_header
    raise TransportInitError("remote error reported: %s"%header['error'])
TransportInitError: remote error reported: Internal error processing topic [/control_markers/feedback]

[rospy.internal][ERROR] 2017-06-05 17:19:51,640: Unable to initiate TCP/IP socket to ip-172-31-19-100:53069 (http://ip-172-31-19-100:43602/): Traceback (most recent call last):
  File "/opt/ros/indigo/lib/python2.7/dist-packages/rospy/impl/tcpros_base.py", line 557, in connect
    self.read_header()
  File "/opt/ros/indigo/lib/python2.7/dist-packages/rospy/impl/tcpros_base.py", line 619, in read_header
    self._validate_header(read_ros_handshake_header(sock, self.read_buff, self.protocol.buff_size))
  File "/opt/ros/indigo/lib/python2.7/dist-packages/rospy/impl/tcpros_base.py", line 580, in _validate_header
    raise TransportInitError("remote error reported: %s"%header['error'])
TransportInitError: remote error reported: [/rosbridge_websocket] is not a publisher of [/control_markers/feedback]. Topics are [['/rosout', 'rosgraph_msgs/Log']]

