[rospy.client][INFO] 2017-06-05 18:49:14,595: init_node, name[/cartesian_control_12203_1496713754553], pid[12203]
[xmlrpc][INFO] 2017-06-05 18:49:14,595: XML-RPC server binding to 0.0.0.0:0
[xmlrpc][INFO] 2017-06-05 18:49:14,604: Started XML-RPC server [http://ip-172-31-19-100:58778/]
[rospy.init][INFO] 2017-06-05 18:49:14,604: ROS Slave URI: [http://ip-172-31-19-100:58778/]
[rospy.impl.masterslave][INFO] 2017-06-05 18:49:14,608: _ready: http://ip-172-31-19-100:58778/
[xmlrpc][INFO] 2017-06-05 18:49:14,615: xml rpc node: starting XML-RPC server
[rospy.registration][INFO] 2017-06-05 18:49:14,615: Registering with master node http://localhost:52855
[rospy.init][INFO] 2017-06-05 18:49:14,711: registered with master
[rospy.rosout][INFO] 2017-06-05 18:49:14,715: initializing /rosout core topic
[rospy.rosout][INFO] 2017-06-05 18:49:14,725: connected to core topic /rosout
[rospy.simtime][INFO] 2017-06-05 18:49:14,730: /use_sim_time is not set, will not subscribe to simulated time [/clock] topic
[rospy.internal][INFO] 2017-06-05 18:49:14,823: topic[/cartesian_command] adding connection to [http://ip-172-31-19-100:36908/], count 0
[rospy.internal][INFO] 2017-06-05 18:49:14,824: topic[/redundancy_command] adding connection to [http://ip-172-31-19-100:36908/], count 0
[rospy.internal][INFO] 2017-06-05 18:49:14,824: topic[/joint_states] adding connection to [http://ip-172-31-19-100:37610/], count 0
[rospy.internal][INFO] 2017-06-05 18:49:14,924: topic[/rosout] adding connection to [/rosout], count 0
[rospy.internal][INFO] 2017-06-05 18:49:15,026: topic[/joint_velocities] adding connection to [/robot_sim], count 0
[rospy.core][INFO] 2017-06-05 18:51:34,700: signal_shutdown [signal-2]
[rospy.internal][INFO] 2017-06-05 18:51:34,725: topic[/joint_velocities] removing connection to /robot_sim
[rospy.internal][INFO] 2017-06-05 18:51:34,733: topic[/rosout] removing connection to /rosout
[rospy.internal][INFO] 2017-06-05 18:51:34,736: topic[/redundancy_command] removing connection to http://ip-172-31-19-100:36908/
[rospy.internal][INFO] 2017-06-05 18:51:34,740: topic[/joint_states] removing connection to http://ip-172-31-19-100:37610/
[rospy.internal][INFO] 2017-06-05 18:51:34,744: topic[/cartesian_command] removing connection to http://ip-172-31-19-100:36908/
[rospy.impl.masterslave][INFO] 2017-06-05 18:51:34,748: signal-2
[rospy.core][INFO] 2017-06-05 18:51:35,369: signal_shutdown [atexit]
