[rospy.client][INFO] 2017-06-05 18:51:39,176: init_node, name[/cartesian_control_13603_1496713899141], pid[13603]
[xmlrpc][INFO] 2017-06-05 18:51:39,177: XML-RPC server binding to 0.0.0.0:0
[xmlrpc][INFO] 2017-06-05 18:51:39,181: Started XML-RPC server [http://ip-172-31-19-100:46822/]
[rospy.init][INFO] 2017-06-05 18:51:39,181: ROS Slave URI: [http://ip-172-31-19-100:46822/]
[rospy.impl.masterslave][INFO] 2017-06-05 18:51:39,184: _ready: http://ip-172-31-19-100:46822/
[xmlrpc][INFO] 2017-06-05 18:51:39,192: xml rpc node: starting XML-RPC server
[rospy.registration][INFO] 2017-06-05 18:51:39,192: Registering with master node http://localhost:52855
[rospy.init][INFO] 2017-06-05 18:51:39,288: registered with master
[rospy.rosout][INFO] 2017-06-05 18:51:39,292: initializing /rosout core topic
[rospy.rosout][INFO] 2017-06-05 18:51:39,302: connected to core topic /rosout
[rospy.simtime][INFO] 2017-06-05 18:51:39,307: /use_sim_time is not set, will not subscribe to simulated time [/clock] topic
[rospy.internal][INFO] 2017-06-05 18:51:39,388: topic[/joint_states] adding connection to [http://ip-172-31-19-100:37610/], count 0
[rospy.internal][INFO] 2017-06-05 18:51:39,388: topic[/redundancy_command] adding connection to [http://ip-172-31-19-100:36908/], count 0
[rospy.internal][INFO] 2017-06-05 18:51:39,389: topic[/cartesian_command] adding connection to [http://ip-172-31-19-100:36908/], count 0
[rospy.internal][INFO] 2017-06-05 18:51:39,491: topic[/rosout] adding connection to [/rosout], count 0
[rospy.internal][INFO] 2017-06-05 18:51:39,590: topic[/joint_velocities] adding connection to [/robot_sim], count 0
[rospy.core][INFO] 2017-06-05 18:53:51,420: signal_shutdown [signal-2]
[rospy.internal][INFO] 2017-06-05 18:53:51,444: topic[/joint_velocities] removing connection to /robot_sim
[rospy.internal][INFO] 2017-06-05 18:53:51,448: topic[/rosout] removing connection to /rosout
[rospy.internal][INFO] 2017-06-05 18:53:51,454: topic[/redundancy_command] removing connection to http://ip-172-31-19-100:36908/
[rospy.internal][INFO] 2017-06-05 18:53:51,458: topic[/joint_states] removing connection to http://ip-172-31-19-100:37610/
[rospy.internal][INFO] 2017-06-05 18:53:51,461: topic[/cartesian_command] removing connection to http://ip-172-31-19-100:36908/
[rospy.impl.masterslave][INFO] 2017-06-05 18:53:51,465: signal-2
[rospy.core][INFO] 2017-06-05 18:53:52,033: signal_shutdown [atexit]
