[rospy.client][INFO] 2017-06-05 19:17:44,179: init_node, name[/cartesian_control_30748_1496715464139], pid[30748]
[xmlrpc][INFO] 2017-06-05 19:17:44,179: XML-RPC server binding to 0.0.0.0:0
[xmlrpc][INFO] 2017-06-05 19:17:44,183: Started XML-RPC server [http://ip-172-31-19-100:32921/]
[rospy.init][INFO] 2017-06-05 19:17:44,183: ROS Slave URI: [http://ip-172-31-19-100:32921/]
[rospy.impl.masterslave][INFO] 2017-06-05 19:17:44,187: _ready: http://ip-172-31-19-100:32921/
[xmlrpc][INFO] 2017-06-05 19:17:44,194: xml rpc node: starting XML-RPC server
[rospy.registration][INFO] 2017-06-05 19:17:44,194: Registering with master node http://localhost:57311
[rospy.init][INFO] 2017-06-05 19:17:44,290: registered with master
[rospy.rosout][INFO] 2017-06-05 19:17:44,294: initializing /rosout core topic
[rospy.rosout][INFO] 2017-06-05 19:17:44,301: connected to core topic /rosout
[rospy.simtime][INFO] 2017-06-05 19:17:44,306: /use_sim_time is not set, will not subscribe to simulated time [/clock] topic
[rospy.internal][INFO] 2017-06-05 19:17:44,371: topic[/joint_states] adding connection to [http://ip-172-31-19-100:46286/], count 0
[rospy.internal][INFO] 2017-06-05 19:17:44,371: topic[/redundancy_command] adding connection to [http://ip-172-31-19-100:57683/], count 0
[rospy.internal][INFO] 2017-06-05 19:17:44,372: topic[/cartesian_command] adding connection to [http://ip-172-31-19-100:57683/], count 0
[rospy.internal][INFO] 2017-06-05 19:17:44,577: topic[/rosout] adding connection to [/rosout], count 0
[rospy.internal][INFO] 2017-06-05 19:17:44,582: topic[/joint_velocities] adding connection to [/robot_sim], count 0
[rospy.core][INFO] 2017-06-05 19:18:16,568: signal_shutdown [signal-2]
[rospy.internal][INFO] 2017-06-05 19:18:16,605: topic[/joint_velocities] removing connection to /robot_sim
[rospy.internal][INFO] 2017-06-05 19:18:16,609: topic[/rosout] removing connection to /rosout
[rospy.internal][INFO] 2017-06-05 19:18:16,613: topic[/redundancy_command] removing connection to http://ip-172-31-19-100:57683/
[rospy.internal][INFO] 2017-06-05 19:18:16,617: topic[/joint_states] removing connection to http://ip-172-31-19-100:46286/
[rospy.internal][INFO] 2017-06-05 19:18:16,620: topic[/cartesian_command] removing connection to http://ip-172-31-19-100:57683/
[rospy.impl.masterslave][INFO] 2017-06-05 19:18:16,624: signal-2
[rospy.core][INFO] 2017-06-05 19:18:17,195: signal_shutdown [atexit]
