[rospy.client][INFO] 2017-06-05 18:56:34,251: init_node, name[/cartesian_control_15058_1496714194211], pid[15058]
[xmlrpc][INFO] 2017-06-05 18:56:34,252: XML-RPC server binding to 0.0.0.0:0
[xmlrpc][INFO] 2017-06-05 18:56:34,256: Started XML-RPC server [http://ip-172-31-19-100:54273/]
[rospy.init][INFO] 2017-06-05 18:56:34,256: ROS Slave URI: [http://ip-172-31-19-100:54273/]
[rospy.impl.masterslave][INFO] 2017-06-05 18:56:34,259: _ready: http://ip-172-31-19-100:54273/
[xmlrpc][INFO] 2017-06-05 18:56:34,266: xml rpc node: starting XML-RPC server
[rospy.registration][INFO] 2017-06-05 18:56:34,267: Registering with master node http://localhost:52855
[rospy.init][INFO] 2017-06-05 18:56:34,363: registered with master
[rospy.rosout][INFO] 2017-06-05 18:56:34,366: initializing /rosout core topic
[rospy.rosout][INFO] 2017-06-05 18:56:34,376: connected to core topic /rosout
[rospy.simtime][INFO] 2017-06-05 18:56:34,380: /use_sim_time is not set, will not subscribe to simulated time [/clock] topic
[rospy.internal][INFO] 2017-06-05 18:56:34,442: topic[/joint_states] adding connection to [http://ip-172-31-19-100:37610/], count 0
[rospy.internal][INFO] 2017-06-05 18:56:34,443: topic[/redundancy_command] adding connection to [http://ip-172-31-19-100:36908/], count 0
[rospy.internal][INFO] 2017-06-05 18:56:34,443: topic[/cartesian_command] adding connection to [http://ip-172-31-19-100:36908/], count 0
[rospy.internal][INFO] 2017-06-05 18:56:34,599: topic[/rosout] adding connection to [/rosout], count 0
[rospy.internal][INFO] 2017-06-05 18:56:34,609: topic[/joint_velocities] adding connection to [/robot_sim], count 0
[rospy.core][INFO] 2017-06-05 18:57:25,419: signal_shutdown [signal-2]
[rospy.internal][INFO] 2017-06-05 18:57:25,446: topic[/joint_velocities] removing connection to /robot_sim
[rospy.internal][INFO] 2017-06-05 18:57:25,449: topic[/rosout] removing connection to /rosout
[rospy.internal][INFO] 2017-06-05 18:57:25,453: topic[/redundancy_command] removing connection to http://ip-172-31-19-100:36908/
[rospy.internal][INFO] 2017-06-05 18:57:25,457: topic[/joint_states] removing connection to http://ip-172-31-19-100:37610/
[rospy.internal][INFO] 2017-06-05 18:57:25,460: topic[/cartesian_command] removing connection to http://ip-172-31-19-100:36908/
[rospy.impl.masterslave][INFO] 2017-06-05 18:57:25,464: signal-2
[rospy.core][INFO] 2017-06-05 18:57:26,082: signal_shutdown [atexit]
