[rospy.client][INFO] 2017-06-05 17:41:03,405: init_node, name[/cartesian_control_23968_1496709663364], pid[23968]
[xmlrpc][INFO] 2017-06-05 17:41:03,406: XML-RPC server binding to 0.0.0.0:0
[xmlrpc][INFO] 2017-06-05 17:41:03,410: Started XML-RPC server [http://ip-172-31-19-100:52961/]
[rospy.impl.masterslave][INFO] 2017-06-05 17:41:03,414: _ready: http://ip-172-31-19-100:52961/
[rospy.init][INFO] 2017-06-05 17:41:03,410: ROS Slave URI: [http://ip-172-31-19-100:52961/]
[xmlrpc][INFO] 2017-06-05 17:41:03,418: xml rpc node: starting XML-RPC server
[rospy.registration][INFO] 2017-06-05 17:41:03,418: Registering with master node http://localhost:52855
[rospy.init][INFO] 2017-06-05 17:41:03,521: registered with master
[rospy.rosout][INFO] 2017-06-05 17:41:03,525: initializing /rosout core topic
[rospy.rosout][INFO] 2017-06-05 17:41:03,533: connected to core topic /rosout
[rospy.simtime][INFO] 2017-06-05 17:41:03,537: /use_sim_time is not set, will not subscribe to simulated time [/clock] topic
[rospy.internal][INFO] 2017-06-05 17:41:03,601: topic[/joint_states] adding connection to [http://ip-172-31-19-100:37610/], count 0
[rospy.internal][INFO] 2017-06-05 17:41:03,601: topic[/redundancy_command] adding connection to [http://ip-172-31-19-100:36908/], count 0
[rospy.internal][INFO] 2017-06-05 17:41:03,602: topic[/cartesian_command] adding connection to [http://ip-172-31-19-100:36908/], count 0
[rospy.internal][INFO] 2017-06-05 17:41:03,797: topic[/rosout] adding connection to [/rosout], count 0
[rospy.internal][INFO] 2017-06-05 17:41:03,802: topic[/joint_velocities] adding connection to [/robot_sim], count 0
[rospy.core][INFO] 2017-06-05 17:41:58,273: signal_shutdown [signal-2]
[rospy.internal][INFO] 2017-06-05 17:41:58,312: topic[/joint_velocities] removing connection to /robot_sim
[rospy.internal][INFO] 2017-06-05 17:41:58,316: topic[/rosout] removing connection to /rosout
[rospy.internal][INFO] 2017-06-05 17:41:58,320: topic[/redundancy_command] removing connection to http://ip-172-31-19-100:36908/
[rospy.internal][INFO] 2017-06-05 17:41:58,324: topic[/joint_states] removing connection to http://ip-172-31-19-100:37610/
[rospy.internal][INFO] 2017-06-05 17:41:58,329: topic[/cartesian_command] removing connection to http://ip-172-31-19-100:36908/
[rospy.impl.masterslave][INFO] 2017-06-05 17:41:58,332: signal-2
[rospy.core][INFO] 2017-06-05 17:41:58,901: signal_shutdown [atexit]
