[rospy.client][INFO] 2017-06-08 22:15:29,245: init_node, name[/cartesian_control_7883_1496985329207], pid[7883]
[xmlrpc][INFO] 2017-06-08 22:15:29,245: XML-RPC server binding to 0.0.0.0:0
[xmlrpc][INFO] 2017-06-08 22:15:29,249: Started XML-RPC server [http://ip-172-31-19-100:50049/]
[rospy.init][INFO] 2017-06-08 22:15:29,249: ROS Slave URI: [http://ip-172-31-19-100:50049/]
[rospy.impl.masterslave][INFO] 2017-06-08 22:15:29,252: _ready: http://ip-172-31-19-100:50049/
[xmlrpc][INFO] 2017-06-08 22:15:29,260: xml rpc node: starting XML-RPC server
[rospy.registration][INFO] 2017-06-08 22:15:29,260: Registering with master node http://localhost:40944
[rospy.init][INFO] 2017-06-08 22:15:29,356: registered with master
[rospy.rosout][INFO] 2017-06-08 22:15:29,362: initializing /rosout core topic
[rospy.rosout][INFO] 2017-06-08 22:15:29,370: connected to core topic /rosout
[rospy.simtime][INFO] 2017-06-08 22:15:29,375: /use_sim_time is not set, will not subscribe to simulated time [/clock] topic
[rospy.internal][INFO] 2017-06-08 22:15:29,438: topic[/joint_states] adding connection to [http://ip-172-31-19-100:59316/], count 0
[rospy.internal][INFO] 2017-06-08 22:15:29,439: topic[/redundancy_command] adding connection to [http://ip-172-31-19-100:42515/], count 0
[rospy.internal][INFO] 2017-06-08 22:15:29,439: topic[/cartesian_command] adding connection to [http://ip-172-31-19-100:42515/], count 0
[rospy.internal][INFO] 2017-06-08 22:15:29,600: topic[/rosout] adding connection to [/rosout], count 0
[rospy.internal][INFO] 2017-06-08 22:15:29,605: topic[/joint_velocities] adding connection to [/robot_sim], count 0
[rospy.core][INFO] 2017-06-08 22:23:08,872: signal_shutdown [signal-2]
[rospy.internal][INFO] 2017-06-08 22:23:08,899: topic[/joint_velocities] removing connection to /robot_sim
[rospy.internal][INFO] 2017-06-08 22:23:08,903: topic[/rosout] removing connection to /rosout
[rospy.internal][INFO] 2017-06-08 22:23:08,907: topic[/redundancy_command] removing connection to http://ip-172-31-19-100:42515/
[rospy.internal][INFO] 2017-06-08 22:23:08,911: topic[/joint_states] removing connection to http://ip-172-31-19-100:59316/
[rospy.internal][INFO] 2017-06-08 22:23:08,915: topic[/cartesian_command] removing connection to http://ip-172-31-19-100:42515/
[rospy.impl.masterslave][INFO] 2017-06-08 22:23:08,919: signal-2
[rospy.core][INFO] 2017-06-08 22:23:09,537: signal_shutdown [atexit]
