[rospy.client][INFO] 2017-06-08 23:00:07,161: init_node, name[/cartesian_control_18996_1496988007128], pid[18996]
[xmlrpc][INFO] 2017-06-08 23:00:07,162: XML-RPC server binding to 0.0.0.0:0
[xmlrpc][INFO] 2017-06-08 23:00:07,166: Started XML-RPC server [http://ip-172-31-26-229:52516/]
[rospy.init][INFO] 2017-06-08 23:00:07,166: ROS Slave URI: [http://ip-172-31-26-229:52516/]
[rospy.impl.masterslave][INFO] 2017-06-08 23:00:07,169: _ready: http://ip-172-31-26-229:52516/
[xmlrpc][INFO] 2017-06-08 23:00:07,177: xml rpc node: starting XML-RPC server
[rospy.registration][INFO] 2017-06-08 23:00:07,177: Registering with master node http://localhost:32799
[rospy.init][INFO] 2017-06-08 23:00:07,273: registered with master
[rospy.rosout][INFO] 2017-06-08 23:00:07,277: initializing /rosout core topic
[rospy.rosout][INFO] 2017-06-08 23:00:07,286: connected to core topic /rosout
[rospy.simtime][INFO] 2017-06-08 23:00:07,291: /use_sim_time is not set, will not subscribe to simulated time [/clock] topic
[rospy.internal][INFO] 2017-06-08 23:00:07,351: topic[/joint_states] adding connection to [http://ip-172-31-26-229:47840/], count 0
[rospy.internal][INFO] 2017-06-08 23:00:07,546: topic[/rosout] adding connection to [/rosout], count 0
[rospy.internal][INFO] 2017-06-08 23:00:07,556: topic[/joint_command] adding connection to [/robot_sim], count 0
[rospy.internal][INFO] 2017-06-08 23:00:07,560: topic[/control_markers/update] adding connection to [/interactive_marker_proxy], count 0
[rospy.internal][INFO] 2017-06-08 23:00:07,759: topic[/control_markers/update_full] adding connection to [/interactive_marker_proxy], count 0
[rospy.internal][INFO] 2017-06-08 23:00:07,792: topic[/control_markers/update_full] removing connection to /interactive_marker_proxy
[rospy.internal][INFO] 2017-06-08 23:02:37,862: topic[/control_markers/feedback] adding connection to [http://ip-172-31-26-229:36581/], count 0
[rospy.internal][INFO] 2017-06-08 23:02:55,253: topic[/cartesian_command] adding connection to [/cartesian_control_20024_1496988175014], count 0
[rospy.internal][INFO] 2017-06-08 23:02:55,255: topic[/redundancy_command] adding connection to [/cartesian_control_20024_1496988175014], count 0
[rospy.internal][INFO] 2017-06-08 23:03:44,598: topic[/tf] adding connection to [http://ip-172-31-26-229:42396/], count 0
