[rospy.client][INFO] 2017-06-05 17:42:02,306: init_node, name[/cartesian_control_24741_1496709722264], pid[24741]
[xmlrpc][INFO] 2017-06-05 17:42:02,306: XML-RPC server binding to 0.0.0.0:0
[xmlrpc][INFO] 2017-06-05 17:42:02,310: Started XML-RPC server [http://ip-172-31-19-100:51614/]
[rospy.init][INFO] 2017-06-05 17:42:02,311: ROS Slave URI: [http://ip-172-31-19-100:51614/]
[rospy.impl.masterslave][INFO] 2017-06-05 17:42:02,315: _ready: http://ip-172-31-19-100:51614/
[xmlrpc][INFO] 2017-06-05 17:42:02,322: xml rpc node: starting XML-RPC server
[rospy.registration][INFO] 2017-06-05 17:42:02,323: Registering with master node http://localhost:52855
[rospy.init][INFO] 2017-06-05 17:42:02,419: registered with master
[rospy.rosout][INFO] 2017-06-05 17:42:02,423: initializing /rosout core topic
[rospy.rosout][INFO] 2017-06-05 17:42:02,436: connected to core topic /rosout
[rospy.simtime][INFO] 2017-06-05 17:42:02,444: /use_sim_time is not set, will not subscribe to simulated time [/clock] topic
[rospy.internal][INFO] 2017-06-05 17:42:02,504: topic[/joint_states] adding connection to [http://ip-172-31-19-100:37610/], count 0
[rospy.internal][INFO] 2017-06-05 17:42:02,505: topic[/redundancy_command] adding connection to [http://ip-172-31-19-100:36908/], count 0
[rospy.internal][INFO] 2017-06-05 17:42:02,508: topic[/cartesian_command] adding connection to [http://ip-172-31-19-100:36908/], count 0
[rospy.internal][INFO] 2017-06-05 17:42:02,708: topic[/rosout] adding connection to [/rosout], count 0
[rospy.internal][INFO] 2017-06-05 17:42:02,712: topic[/joint_velocities] adding connection to [/robot_sim], count 0
[rospy.core][INFO] 2017-06-05 17:43:01,428: signal_shutdown [signal-2]
[rospy.internal][INFO] 2017-06-05 17:43:01,454: topic[/joint_velocities] removing connection to /robot_sim
[rospy.internal][INFO] 2017-06-05 17:43:01,459: topic[/rosout] removing connection to /rosout
[rospy.internal][INFO] 2017-06-05 17:43:01,463: topic[/redundancy_command] removing connection to http://ip-172-31-19-100:36908/
[rospy.internal][WARNING] 2017-06-05 17:43:01,465: Unknown error initiating TCP/IP socket to ip-172-31-19-100:54869 (http://ip-172-31-19-100:36908/): Traceback (most recent call last):
  File "/opt/ros/indigo/lib/python2.7/dist-packages/rospy/impl/tcpros_base.py", line 557, in connect
    self.read_header()
  File "/opt/ros/indigo/lib/python2.7/dist-packages/rospy/impl/tcpros_base.py", line 619, in read_header
    self._validate_header(read_ros_handshake_header(sock, self.read_buff, self.protocol.buff_size))
AttributeError: 'NoneType' object has no attribute 'buff_size'

[rospy.topics][ERROR] 2017-06-05 17:43:01,467: Traceback (most recent call last):
  File "/opt/ros/indigo/lib/python2.7/dist-packages/rospy/topics.py", line 307, in close
    c.close()
  File "/opt/ros/indigo/lib/python2.7/dist-packages/rospy/impl/tcpros_base.py", line 807, in close
    self.socket.close()
AttributeError: 'NoneType' object has no attribute 'close'

[rospy.internal][INFO] 2017-06-05 17:43:01,475: topic[/joint_states] removing connection to http://ip-172-31-19-100:37610/
[rospy.internal][INFO] 2017-06-05 17:43:01,478: topic[/cartesian_command] removing connection to http://ip-172-31-19-100:36908/
[rospy.impl.masterslave][INFO] 2017-06-05 17:43:01,482: signal-2
[rospy.core][INFO] 2017-06-05 17:43:02,051: signal_shutdown [atexit]
