[rospy.client][INFO] 2017-06-05 17:29:02,308: init_node, name[/cartesian_control_23572_1496708942273], pid[23572]
[xmlrpc][INFO] 2017-06-05 17:29:02,308: XML-RPC server binding to 0.0.0.0:0
[xmlrpc][INFO] 2017-06-05 17:29:02,312: Started XML-RPC server [http://ip-172-31-26-229:47298/]
[rospy.init][INFO] 2017-06-05 17:29:02,312: ROS Slave URI: [http://ip-172-31-26-229:47298/]
[rospy.impl.masterslave][INFO] 2017-06-05 17:29:02,315: _ready: http://ip-172-31-26-229:47298/
[xmlrpc][INFO] 2017-06-05 17:29:02,323: xml rpc node: starting XML-RPC server
[rospy.registration][INFO] 2017-06-05 17:29:02,323: Registering with master node http://localhost:46002
[rospy.init][INFO] 2017-06-05 17:29:02,419: registered with master
[rospy.rosout][INFO] 2017-06-05 17:29:02,423: initializing /rosout core topic
[rospy.rosout][INFO] 2017-06-05 17:29:02,429: connected to core topic /rosout
[rospy.simtime][INFO] 2017-06-05 17:29:02,433: /use_sim_time is not set, will not subscribe to simulated time [/clock] topic
[rospy.internal][INFO] 2017-06-05 17:29:02,499: topic[/joint_states] adding connection to [http://ip-172-31-26-229:38889/], count 0
[rospy.internal][INFO] 2017-06-05 17:29:02,500: topic[/cartesian_command] adding connection to [http://ip-172-31-26-229:33754/], count 0
[rospy.internal][INFO] 2017-06-05 17:29:02,501: topic[/redundancy_command] adding connection to [http://ip-172-31-26-229:33754/], count 0
[rospy.internal][INFO] 2017-06-05 17:29:02,647: topic[/joint_velocities] adding connection to [/robot_sim], count 0
[rospy.internal][INFO] 2017-06-05 17:29:02,667: topic[/rosout] adding connection to [/rosout], count 0
[rospy.core][INFO] 2017-06-05 17:30:41,981: signal_shutdown [signal-2]
[rospy.internal][INFO] 2017-06-05 17:30:42,006: topic[/joint_velocities] removing connection to /robot_sim
[rospy.internal][INFO] 2017-06-05 17:30:42,010: topic[/rosout] removing connection to /rosout
[rospy.internal][INFO] 2017-06-05 17:30:42,013: topic[/redundancy_command] removing connection to http://ip-172-31-26-229:33754/
[rospy.internal][WARNING] 2017-06-05 17:30:42,015: Unknown error initiating TCP/IP socket to ip-172-31-26-229:56437 (http://ip-172-31-26-229:33754/): Traceback (most recent call last):
  File "/opt/ros/indigo/lib/python2.7/dist-packages/rospy/impl/tcpros_base.py", line 557, in connect
    self.read_header()
  File "/opt/ros/indigo/lib/python2.7/dist-packages/rospy/impl/tcpros_base.py", line 619, in read_header
    self._validate_header(read_ros_handshake_header(sock, self.read_buff, self.protocol.buff_size))
AttributeError: 'NoneType' object has no attribute 'buff_size'

[rospy.topics][ERROR] 2017-06-05 17:30:42,017: Traceback (most recent call last):
  File "/opt/ros/indigo/lib/python2.7/dist-packages/rospy/topics.py", line 307, in close
    c.close()
  File "/opt/ros/indigo/lib/python2.7/dist-packages/rospy/impl/tcpros_base.py", line 807, in close
    self.socket.close()
AttributeError: 'NoneType' object has no attribute 'close'

[rospy.internal][INFO] 2017-06-05 17:30:42,024: topic[/joint_states] removing connection to http://ip-172-31-26-229:38889/
[rospy.internal][INFO] 2017-06-05 17:30:42,027: topic[/cartesian_command] removing connection to http://ip-172-31-26-229:33754/
[rospy.impl.masterslave][INFO] 2017-06-05 17:30:42,030: signal-2
[rospy.core][INFO] 2017-06-05 17:30:42,599: signal_shutdown [atexit]
