[rospy.client][INFO] 2017-06-05 18:58:25,524: init_node, name[/cartesian_control_16089_1496714305483], pid[16089]
[xmlrpc][INFO] 2017-06-05 18:58:25,525: XML-RPC server binding to 0.0.0.0:0
[xmlrpc][INFO] 2017-06-05 18:58:25,529: Started XML-RPC server [http://ip-172-31-19-100:48611/]
[rospy.init][INFO] 2017-06-05 18:58:25,529: ROS Slave URI: [http://ip-172-31-19-100:48611/]
[rospy.impl.masterslave][INFO] 2017-06-05 18:58:25,540: _ready: http://ip-172-31-19-100:48611/
[xmlrpc][INFO] 2017-06-05 18:58:25,548: xml rpc node: starting XML-RPC server
[rospy.registration][INFO] 2017-06-05 18:58:25,548: Registering with master node http://localhost:52855
[rospy.init][INFO] 2017-06-05 18:58:25,644: registered with master
[rospy.rosout][INFO] 2017-06-05 18:58:25,650: initializing /rosout core topic
[rospy.rosout][INFO] 2017-06-05 18:58:25,660: connected to core topic /rosout
[rospy.simtime][INFO] 2017-06-05 18:58:25,665: /use_sim_time is not set, will not subscribe to simulated time [/clock] topic
[rospy.internal][INFO] 2017-06-05 18:58:25,725: topic[/redundancy_command] adding connection to [http://ip-172-31-19-100:36908/], count 0
[rospy.internal][INFO] 2017-06-05 18:58:25,724: topic[/joint_states] adding connection to [http://ip-172-31-19-100:37610/], count 0
[rospy.internal][INFO] 2017-06-05 18:58:25,727: topic[/cartesian_command] adding connection to [http://ip-172-31-19-100:36908/], count 0
[rospy.internal][INFO] 2017-06-05 18:58:25,905: topic[/rosout] adding connection to [/rosout], count 0
[rospy.internal][INFO] 2017-06-05 18:58:25,927: topic[/joint_velocities] adding connection to [/robot_sim], count 0
[rospy.core][INFO] 2017-06-05 18:59:04,179: signal_shutdown [signal-2]
[rospy.internal][INFO] 2017-06-05 18:59:04,204: topic[/joint_velocities] removing connection to /robot_sim
[rospy.internal][INFO] 2017-06-05 18:59:04,207: topic[/rosout] removing connection to /rosout
[rospy.internal][INFO] 2017-06-05 18:59:04,211: topic[/redundancy_command] removing connection to http://ip-172-31-19-100:36908/
[rospy.internal][INFO] 2017-06-05 18:59:04,215: topic[/joint_states] removing connection to http://ip-172-31-19-100:37610/
[rospy.internal][INFO] 2017-06-05 18:59:04,219: topic[/cartesian_command] removing connection to http://ip-172-31-19-100:36908/
[rospy.impl.masterslave][INFO] 2017-06-05 18:59:04,222: signal-2
[rospy.core][INFO] 2017-06-05 18:59:04,841: signal_shutdown [atexit]
