[rospy.client][INFO] 2017-06-05 18:47:35,704: init_node, name[/cartesian_control_11437_1496713655667], pid[11437]
[xmlrpc][INFO] 2017-06-05 18:47:35,704: XML-RPC server binding to 0.0.0.0:0
[xmlrpc][INFO] 2017-06-05 18:47:35,708: Started XML-RPC server [http://ip-172-31-19-100:55817/]
[rospy.init][INFO] 2017-06-05 18:47:35,709: ROS Slave URI: [http://ip-172-31-19-100:55817/]
[rospy.impl.masterslave][INFO] 2017-06-05 18:47:35,712: _ready: http://ip-172-31-19-100:55817/
[xmlrpc][INFO] 2017-06-05 18:47:35,719: xml rpc node: starting XML-RPC server
[rospy.registration][INFO] 2017-06-05 18:47:35,719: Registering with master node http://localhost:52855
[rospy.init][INFO] 2017-06-05 18:47:35,815: registered with master
[rospy.rosout][INFO] 2017-06-05 18:47:35,819: initializing /rosout core topic
[rospy.rosout][INFO] 2017-06-05 18:47:35,831: connected to core topic /rosout
[rospy.simtime][INFO] 2017-06-05 18:47:35,836: /use_sim_time is not set, will not subscribe to simulated time [/clock] topic
[rospy.internal][INFO] 2017-06-05 18:47:35,897: topic[/joint_states] adding connection to [http://ip-172-31-19-100:37610/], count 0
[rospy.internal][INFO] 2017-06-05 18:47:35,898: topic[/redundancy_command] adding connection to [http://ip-172-31-19-100:36908/], count 0
[rospy.internal][INFO] 2017-06-05 18:47:35,899: topic[/cartesian_command] adding connection to [http://ip-172-31-19-100:36908/], count 0
[rospy.internal][INFO] 2017-06-05 18:47:36,037: topic[/rosout] adding connection to [/rosout], count 0
[rospy.internal][INFO] 2017-06-05 18:47:36,041: topic[/joint_velocities] adding connection to [/robot_sim], count 0
[rospy.core][INFO] 2017-06-05 18:49:11,621: signal_shutdown [signal-2]
[rospy.internal][INFO] 2017-06-05 18:49:11,647: topic[/joint_velocities] removing connection to /robot_sim
[rospy.internal][INFO] 2017-06-05 18:49:11,651: topic[/rosout] removing connection to /rosout
[rospy.internal][INFO] 2017-06-05 18:49:11,655: topic[/redundancy_command] removing connection to http://ip-172-31-19-100:36908/
[rospy.internal][INFO] 2017-06-05 18:49:11,659: topic[/joint_states] removing connection to http://ip-172-31-19-100:37610/
[rospy.internal][INFO] 2017-06-05 18:49:11,663: topic[/cartesian_command] removing connection to http://ip-172-31-19-100:36908/
[rospy.impl.masterslave][INFO] 2017-06-05 18:49:11,666: signal-2
[rospy.core][INFO] 2017-06-05 18:49:12,285: signal_shutdown [atexit]
