[rospy.client][INFO] 2017-06-10 01:56:35,682: init_node, name[/rosbridge_websocket], pid[13693]
[xmlrpc][INFO] 2017-06-10 01:56:35,682: XML-RPC server binding to 0.0.0.0:0
[xmlrpc][INFO] 2017-06-10 01:56:35,686: Started XML-RPC server [http://ip-172-31-19-100:38812/]
[rospy.init][INFO] 2017-06-10 01:56:35,686: ROS Slave URI: [http://ip-172-31-19-100:38812/]
[rospy.impl.masterslave][INFO] 2017-06-10 01:56:35,689: _ready: http://ip-172-31-19-100:38812/
[xmlrpc][INFO] 2017-06-10 01:56:35,696: xml rpc node: starting XML-RPC server
[rospy.registration][INFO] 2017-06-10 01:56:35,696: Registering with master node http://localhost:40615
[rospy.init][INFO] 2017-06-10 01:56:35,792: registered with master
[rospy.rosout][INFO] 2017-06-10 01:56:35,795: initializing /rosout core topic
[rospy.rosout][INFO] 2017-06-10 01:56:35,809: connected to core topic /rosout
[rospy.simtime][INFO] 2017-06-10 01:56:35,814: /use_sim_time is not set, will not subscribe to simulated time [/clock] topic
[rosout][INFO] 2017-06-10 01:56:35,852: Rosbridge WebSocket server started on port 47339
[rospy.internal][INFO] 2017-06-10 01:56:36,091: topic[/rosout] adding connection to [/rosout], count 0
[rosout][INFO] 2017-06-10 01:56:39,792: Client connected.  1 clients total.
[rosout][INFO] 2017-06-10 01:56:39,924: [Client 0] Subscribed to /tf2_web_republisher/feedback
[rosout][INFO] 2017-06-10 01:56:39,941: [Client 0] Subscribed to /visualization_marker_array
[rosout][INFO] 2017-06-10 01:56:39,956: [Client 0] Subscribed to /control_markers/tunneled/update
[rospy.internal][INFO] 2017-06-10 01:56:39,972: topic[/control_markers/tunneled/update] adding connection to [http://ip-172-31-19-100:41074/], count 0
[rospy.internal][INFO] 2017-06-10 01:56:39,974: topic[/visualization_marker_array] adding connection to [http://ip-172-31-19-100:43715/], count 0
[rospy.internal][INFO] 2017-06-10 01:56:39,975: topic[/tf2_web_republisher/feedback] adding connection to [http://ip-172-31-19-100:32896/], count 0
[rospy.internal][INFO] 2017-06-10 01:56:40,064: topic[/control_markers/feedback] adding connection to [/marker_control_13876_1497084998562], count 0
[rosout][INFO] 2017-06-10 01:56:40,072: [Client 0] Subscribed to /tf2_web_republisher/feedback
[rosout][INFO] 2017-06-10 01:56:40,081: [Client 0] Subscribed to /tf2_web_republisher/feedback
[rosout][INFO] 2017-06-10 01:56:40,088: [Client 0] Subscribed to /tf2_web_republisher/feedback
[rosout][INFO] 2017-06-10 01:56:40,093: [Client 0] Subscribed to /tf2_web_republisher/feedback
[rosout][INFO] 2017-06-10 01:56:40,097: [Client 0] Subscribed to /tf2_web_republisher/feedback
[rosout][INFO] 2017-06-10 01:56:40,102: [Client 0] Subscribed to /tf2_web_republisher/feedback
[rosout][INFO] 2017-06-10 01:56:40,106: [Client 0] Subscribed to /tf2_web_republisher/feedback
[rospy.internal][INFO] 2017-06-10 01:56:40,177: topic[/tf2_web_republisher/goal] adding connection to [/tf2_web_republisher], count 0
[rospy.internal][INFO] 2017-06-10 01:56:40,181: topic[/tf2_web_republisher/cancel] adding connection to [/tf2_web_republisher], count 0
[rospy.internal][INFO] 2017-06-10 01:57:30,731: topic impl's ref count is zero, deleting topic /tf2_web_republisher/cancel...
[rospy.internal][INFO] 2017-06-10 01:57:30,732: topic[/tf2_web_republisher/cancel] removing connection to /tf2_web_republisher
[rospy.internal][INFO] 2017-06-10 01:57:30,741: topic impl's ref count is zero, deleting topic /tf2_web_republisher/goal...
[rospy.internal][INFO] 2017-06-10 01:57:30,744: topic[/tf2_web_republisher/goal] removing connection to /tf2_web_republisher
[rospy.internal][INFO] 2017-06-10 01:57:30,752: topic impl's ref count is zero, deleting topic /control_markers/feedback...
[rospy.internal][INFO] 2017-06-10 01:57:30,758: topic[/control_markers/feedback] removing connection to /marker_control_13876_1497084998562
[rospy.internal][INFO] 2017-06-10 01:57:30,766: topic impl's ref count is zero, deleting topic /control_markers/tunneled/update...
[rospy.internal][INFO] 2017-06-10 01:57:30,770: topic[/control_markers/tunneled/update] removing connection to http://ip-172-31-19-100:41074/
[rospy.internal][INFO] 2017-06-10 01:57:30,786: topic impl's ref count is zero, deleting topic /tf2_web_republisher/feedback...
[rospy.internal][INFO] 2017-06-10 01:57:30,789: topic[/tf2_web_republisher/feedback] removing connection to http://ip-172-31-19-100:32896/
[rospy.internal][INFO] 2017-06-10 01:57:30,797: topic impl's ref count is zero, deleting topic /visualization_marker_array...
[rospy.internal][INFO] 2017-06-10 01:57:30,801: topic[/visualization_marker_array] removing connection to http://ip-172-31-19-100:43715/
[rosout][INFO] 2017-06-10 01:57:30,809: Client disconnected. 0 clients total.
