[roslaunch][INFO] 2017-06-10 20:03:02,074: Checking log directory for disk usage. This may take awhile.
Press Ctrl-C to interrupt
[roslaunch][INFO] 2017-06-10 20:03:02,150: Done checking log file disk usage. Usage is <1GB.
[roslaunch][INFO] 2017-06-10 20:03:02,150: roslaunch starting with args ['roscore', '--core', '-p', '39881']
[roslaunch][INFO] 2017-06-10 20:03:02,154: roslaunch env is {'ROS_DISTRO': 'indigo', 'ASNLIB': '/home/ccc_v1_s54106__48606/asn13529_Project_5/asn13530_Project_4/asnlib', 'LIB': '/home/ccc_v1_s54106__48606/lib', 'PKG_CONFIG_PATH': '/opt/ros/indigo/lib/pkgconfig:/opt/ros/indigo/lib/x86_64-linux-gnu/pkgconfig', 'SSH_CLIENT': '172.31.7.153 39250 22', 'CPATH': '/opt/ros/indigo/include', 'LOGNAME': 'ccc_v1_w_dd4cc_18220', 'USER': 'ccc_v1_w_dd4cc_18220', 'ROS_NODE_PORT': '39881', 'HOME': '/home/ccc_v1_w_dd4cc_18220/asn13529_Project_5/asn13530_Project_4/work', 'PATH': '/opt/ros/indigo/bin:/usr/local/sbin:/usr/local/bin:/usr/sbin:/usr/bin:/sbin:/bin:/usr/games:/usr/local/games:/home/local/bin:/home/ccc_v1_s54106__48606/lib:/home/ccc_v1_s54106__48606/asn13529_Project_5/asn13530_Project_4/asnlib:/home/vlibs:.', 'CMAKE_PREFIX_PATH': '/opt/ros/indigo', 'LD_LIBRARY_PATH': '/opt/ros/indigo/lib:/opt/ros/indigo/lib/x86_64-linux-gnu:/home/ccc_v1_s54106__48606/lib:/home/ccc_v1_s54106__48606/asn13529_Project_5/asn13530_Project_4/asnlib:/home/vlibs', 'LANG': 'en_US.UTF-8', 'TERM': 'xterm-256color', 'SHELL': '/bin/bash', 'HISTFILE': '/home/ccc_v1_w_dd4cc_18220/.bash_history', 'SHLVL': '2', 'VOC_WORKAREA': '/home/ccc_v1_w_dd4cc_18220/asn13529_Project_5/asn13530_Project_4/work', 'ROS_LOG_FILENAME': '/home/ccc_v1_w_dd4cc_18220/asn13529_Project_5/asn13530_Project_4/work/.ros/log/7b41a85c-4e52-11e7-b112-06b0869cc04d/roslaunch-ip-172-31-26-229-20765.log', 'PART1': '/home/ccc_v1_s54106__48606/asn13529_Project_5/asn13530_Project_4', 'ROS_ETC_DIR': '/opt/ros/indigo/etc/ros', 'XDG_RUNTIME_DIR': '/run/user/18220', 'PYTHONPATH': '/opt/ros/indigo/lib/python2.7/dist-packages:/home/vlibs/python', 'VOC_PROXY_WRAPPER_PORT': '5100', 'VOC_XFER_TOKEN': '8973706474354243542135300593cb08a22e184.06698681', 'ROS_ROOT': '/opt/ros/indigo/share/ros', 'OLD_HOME': '/home/ccc_v1_w_dd4cc_18220', 'VOC_PROXY_TOKEN': '57364270943542435421353001593cb08a2a2de6.34510426', 'ROS_PACKAGE_PATH': '/opt/ros/indigo/share:/opt/ros/indigo/stacks', 'XDG_SESSION_ID': '322295', '_': '/usr/bin/stdbuf', 'LD_PRELOAD': '/usr/lib/coreutils/libstdbuf.so', '_STDBUF_O': 'L', 'SSH_TTY': '/dev/pts/7', 'OLDPWD': '/home/ccc_v1_w_dd4cc_18220', 'ROSLISP_PACKAGE_DIRECTORIES': '', 'VLIB': '/home/vlibs', 'PWD': '/home/ccc_v1_w_dd4cc_18220/asn13529_Project_5/asn13530_Project_4/work', 'VOC_PROXY_ID': '43542_43542_13530_0_1', 'ROS_MASTER_URI': 'http://localhost:39881', 'MAIL': '/var/mail/ccc_v1_w_dd4cc_18220', 'SSH_CONNECTION': '172.31.7.153 39250 172.31.26.229 22'}
[roslaunch][INFO] 2017-06-10 20:03:02,158: starting in server mode
[roslaunch.parent][INFO] 2017-06-10 20:03:02,161: starting roslaunch parent run
[roslaunch][INFO] 2017-06-10 20:03:02,165: loading roscore config file /opt/ros/indigo/etc/ros/roscore.xml
[roslaunch][INFO] 2017-06-10 20:03:02,272: Added core node of type [rosout/rosout] in namespace [/]
[roslaunch.pmon][INFO] 2017-06-10 20:03:02,273: start_process_monitor: creating ProcessMonitor
[roslaunch.pmon][INFO] 2017-06-10 20:03:02,277: created process monitor <ProcessMonitor(ProcessMonitor-1, initial daemon)>
[roslaunch.pmon][INFO] 2017-06-10 20:03:02,280: start_process_monitor: ProcessMonitor started
[roslaunch.parent][INFO] 2017-06-10 20:03:02,284: starting parent XML-RPC server
[roslaunch.server][INFO] 2017-06-10 20:03:02,288: starting roslaunch XML-RPC server
[roslaunch.server][INFO] 2017-06-10 20:03:02,292: waiting for roslaunch XML-RPC server to initialize
[xmlrpc][INFO] 2017-06-10 20:03:02,292: XML-RPC server binding to 0.0.0.0:0
[xmlrpc][INFO] 2017-06-10 20:03:02,299: Started XML-RPC server [http://ip-172-31-26-229:37107/]
[xmlrpc][INFO] 2017-06-10 20:03:02,302: xml rpc node: starting XML-RPC server
[roslaunch][INFO] 2017-06-10 20:03:02,309: started roslaunch server http://ip-172-31-26-229:37107/
[roslaunch.parent][INFO] 2017-06-10 20:03:02,312: ... parent XML-RPC server started
[roslaunch][INFO] 2017-06-10 20:03:02,316: master.is_running[http://ip-172-31-26-229:39881/]
[roslaunch][INFO] 2017-06-10 20:03:02,321: auto-starting new master
[roslaunch][INFO] 2017-06-10 20:03:02,325: create_master_process: rosmaster, /opt/ros/indigo/share/ros, 39881, 3, None
[roslaunch][INFO] 2017-06-10 20:03:02,328: process[master]: launching with args [['rosmaster', '--core', '-p', '39881', '-w', '3']]
[roslaunch.pmon][INFO] 2017-06-10 20:03:02,331: ProcessMonitor.register[master]
[roslaunch.pmon][INFO] 2017-06-10 20:03:02,336: ProcessMonitor.register[master] complete
[roslaunch][INFO] 2017-06-10 20:03:02,339: process[master]: starting os process
[roslaunch][INFO] 2017-06-10 20:03:02,344: process[master]: start w/ args [['rosmaster', '--core', '-p', '39881', '-w', '3', '__log:=/home/ccc_v1_w_dd4cc_18220/asn13529_Project_5/asn13530_Project_4/work/.ros/log/7b41a85c-4e52-11e7-b112-06b0869cc04d/master.log']]
[roslaunch][INFO] 2017-06-10 20:03:02,347: process[master]: cwd will be [/home/ccc_v1_w_dd4cc_18220/asn13529_Project_5/asn13530_Project_4/work/.ros]
[roslaunch][INFO] 2017-06-10 20:03:02,355: process[master]: started with pid [20780]
[roslaunch][INFO] 2017-06-10 20:03:02,356: master.is_running[http://ip-172-31-26-229:39881/]
[roslaunch][INFO] 2017-06-10 20:03:02,460: master.is_running[http://ip-172-31-26-229:39881/]
[roslaunch][INFO] 2017-06-10 20:03:02,565: master.is_running[http://ip-172-31-26-229:39881/]
[roslaunch][INFO] 2017-06-10 20:03:02,571: master.is_running[http://ip-172-31-26-229:39881/]
[roslaunch][INFO] 2017-06-10 20:03:02,576: ROS_MASTER_URI=http://ip-172-31-26-229:39881/
[roslaunch][INFO] 2017-06-10 20:03:02,581: setting /run_id to 7b41a85c-4e52-11e7-b112-06b0869cc04d
[roslaunch][INFO] 2017-06-10 20:03:02,589: setting /roslaunch/uris/host_ip_172_31_26_229__37107' to http://ip-172-31-26-229:37107/
[roslaunch][INFO] 2017-06-10 20:03:02,598: ... preparing to launch node of type [rosout/rosout]
[roslaunch][INFO] 2017-06-10 20:03:02,601: create_node_process: package[rosout] type[rosout] machine[Machine(name[] env_loader[None] address[localhost] ssh_port[22] user[None] assignable[True] timeout[10.0])] master_uri[http://ip-172-31-26-229:39881/]
[roslaunch][INFO] 2017-06-10 20:03:02,605: process[rosout-1]: env[{'ROS_DISTRO': 'indigo', 'ASNLIB': '/home/ccc_v1_s54106__48606/asn13529_Project_5/asn13530_Project_4/asnlib', 'LIB': '/home/ccc_v1_s54106__48606/lib', 'VOC_PROXY_TOKEN': '57364270943542435421353001593cb08a2a2de6.34510426', 'SSH_CLIENT': '172.31.7.153 39250 22', 'CPATH': '/opt/ros/indigo/include', 'LOGNAME': 'ccc_v1_w_dd4cc_18220', 'USER': 'ccc_v1_w_dd4cc_18220', 'ROS_NODE_PORT': '39881', 'HOME': '/home/ccc_v1_w_dd4cc_18220/asn13529_Project_5/asn13530_Project_4/work', 'PATH': '/opt/ros/indigo/bin:/usr/local/sbin:/usr/local/bin:/usr/sbin:/usr/bin:/sbin:/bin:/usr/games:/usr/local/games:/home/local/bin:/home/ccc_v1_s54106__48606/lib:/home/ccc_v1_s54106__48606/asn13529_Project_5/asn13530_Project_4/asnlib:/home/vlibs:.', 'CMAKE_PREFIX_PATH': '/opt/ros/indigo', 'ROS_LOG_FILENAME': '/home/ccc_v1_w_dd4cc_18220/asn13529_Project_5/asn13530_Project_4/work/.ros/log/7b41a85c-4e52-11e7-b112-06b0869cc04d/roslaunch-ip-172-31-26-229-20765.log', 'LANG': 'en_US.UTF-8', 'TERM': 'xterm-256color', 'SHELL': '/bin/bash', 'HISTFILE': '/home/ccc_v1_w_dd4cc_18220/.bash_history', 'SHLVL': '2', 'VOC_WORKAREA': '/home/ccc_v1_w_dd4cc_18220/asn13529_Project_5/asn13530_Project_4/work', 'LD_LIBRARY_PATH': '/opt/ros/indigo/lib:/opt/ros/indigo/lib/x86_64-linux-gnu:/home/ccc_v1_s54106__48606/lib:/home/ccc_v1_s54106__48606/asn13529_Project_5/asn13530_Project_4/asnlib:/home/vlibs', 'PART1': '/home/ccc_v1_s54106__48606/asn13529_Project_5/asn13530_Project_4', 'ROS_MASTER_URI': 'http://ip-172-31-26-229:39881/', 'XDG_RUNTIME_DIR': '/run/user/18220', 'PYTHONPATH': '/opt/ros/indigo/lib/python2.7/dist-packages:/home/vlibs/python', 'VOC_PROXY_WRAPPER_PORT': '5100', 'VOC_XFER_TOKEN': '8973706474354243542135300593cb08a22e184.06698681', 'ROS_ROOT': '/opt/ros/indigo/share/ros', 'OLD_HOME': '/home/ccc_v1_w_dd4cc_18220', 'PKG_CONFIG_PATH': '/opt/ros/indigo/lib/pkgconfig:/opt/ros/indigo/lib/x86_64-linux-gnu/pkgconfig', 'ROS_PACKAGE_PATH': '/opt/ros/indigo/share:/opt/ros/indigo/stacks', 'XDG_SESSION_ID': '322295', '_': '/usr/bin/stdbuf', 'LD_PRELOAD': '/usr/lib/coreutils/libstdbuf.so', '_STDBUF_O': 'L', 'SSH_TTY': '/dev/pts/7', 'OLDPWD': '/home/ccc_v1_w_dd4cc_18220', 'ROSLISP_PACKAGE_DIRECTORIES': '', 'VLIB': '/home/vlibs', 'PWD': '/home/ccc_v1_w_dd4cc_18220/asn13529_Project_5/asn13530_Project_4/work', 'VOC_PROXY_ID': '43542_43542_13530_0_1', 'ROS_ETC_DIR': '/opt/ros/indigo/etc/ros', 'MAIL': '/var/mail/ccc_v1_w_dd4cc_18220', 'SSH_CONNECTION': '172.31.7.153 39250 172.31.26.229 22'}]
[roslaunch][INFO] 2017-06-10 20:03:02,639: process[rosout-1]: args[[u'/opt/ros/indigo/lib/rosout/rosout', u'__name:=rosout']]
[roslaunch][INFO] 2017-06-10 20:03:02,643: ... created process [rosout-1]
[roslaunch.pmon][INFO] 2017-06-10 20:03:02,646: ProcessMonitor.register[rosout-1]
[roslaunch.pmon][INFO] 2017-06-10 20:03:02,651: ProcessMonitor.register[rosout-1] complete
[roslaunch][INFO] 2017-06-10 20:03:02,655: ... registered process [rosout-1]
[roslaunch][INFO] 2017-06-10 20:03:02,659: process[rosout-1]: starting os process
[roslaunch][INFO] 2017-06-10 20:03:02,664: process[rosout-1]: start w/ args [[u'/opt/ros/indigo/lib/rosout/rosout', u'__name:=rosout', u'__log:=/home/ccc_v1_w_dd4cc_18220/asn13529_Project_5/asn13530_Project_4/work/.ros/log/7b41a85c-4e52-11e7-b112-06b0869cc04d/rosout-1.log']]
[roslaunch][INFO] 2017-06-10 20:03:02,668: process[rosout-1]: cwd will be [/home/ccc_v1_w_dd4cc_18220/asn13529_Project_5/asn13530_Project_4/work/.ros]
[roslaunch][INFO] 2017-06-10 20:03:02,677: process[rosout-1]: started with pid [20793]
[roslaunch][INFO] 2017-06-10 20:03:02,678: ... successfully launched [rosout-1]
[roslaunch][INFO] 2017-06-10 20:03:02,681: load_parameters starting ...
[roslaunch][INFO] 2017-06-10 20:03:02,708: ... load_parameters complete
[roslaunch][INFO] 2017-06-10 20:03:02,712: launch_nodes: launching local nodes ...
[roslaunch][INFO] 2017-06-10 20:03:02,715: ... launch_nodes complete
[roslaunch.pmon][INFO] 2017-06-10 20:03:02,720: registrations completed <ProcessMonitor(ProcessMonitor-1, started daemon 140377174677248)>
[roslaunch.parent][INFO] 2017-06-10 20:03:02,723: ... roslaunch parent running, waiting for process exit
[roslaunch][INFO] 2017-06-10 20:03:02,727: spin
