[rosmaster.main][INFO] 2017-06-10 00:48:48,340: initialization complete, waiting for shutdown
[rosmaster.main][INFO] 2017-06-10 00:48:48,340: Starting ROS Master Node
[xmlrpc][INFO] 2017-06-10 00:48:48,344: XML-RPC server binding to 0.0.0.0:59149
[xmlrpc][INFO] 2017-06-10 00:48:48,348: Started XML-RPC server [http://ip-172-31-26-229:59149/]
[rosmaster.master][INFO] 2017-06-10 00:48:48,348: Master initialized: port[59149], uri[http://ip-172-31-26-229:59149/]
[xmlrpc][INFO] 2017-06-10 00:48:48,351: xml rpc node: starting XML-RPC server
[rosmaster.master][INFO] 2017-06-10 00:48:48,445: +PARAM [/run_id] by /roslaunch
[rosmaster.master][INFO] 2017-06-10 00:48:48,453: +PARAM [/roslaunch/uris/host_ip_172_31_26_229__51082] by /roslaunch
[rosmaster.master][INFO] 2017-06-10 00:48:48,543: +SERVICE [/rosout/get_loggers] /rosout http://ip-172-31-26-229:34781/
[rosmaster.master][INFO] 2017-06-10 00:48:48,559: +PARAM [/rosversion] by /roslaunch
[rosmaster.master][INFO] 2017-06-10 00:48:48,560: +SERVICE [/rosout/set_logger_level] /rosout http://ip-172-31-26-229:34781/
[rosmaster.master][INFO] 2017-06-10 00:48:48,563: +PARAM [/rosdistro] by /roslaunch
[rosmaster.master][INFO] 2017-06-10 00:48:48,569: +PUB [/rosout_agg] /rosout http://ip-172-31-26-229:34781/
[rosmaster.master][INFO] 2017-06-10 00:48:48,579: +SUB [/rosout] /rosout http://ip-172-31-26-229:34781/
[rosmaster.master][INFO] 2017-06-10 00:48:48,901: +PUB [/rosout] /tf2_web_republisher http://ip-172-31-26-229:44118/
[rosmaster.master][INFO] 2017-06-10 00:48:48,905: +SERVICE [/tf2_web_republisher/get_loggers] /tf2_web_republisher http://ip-172-31-26-229:44118/
[rosmaster.master][INFO] 2017-06-10 00:48:48,911: +SERVICE [/tf2_web_republisher/set_logger_level] /tf2_web_republisher http://ip-172-31-26-229:44118/
[rosmaster.master][INFO] 2017-06-10 00:48:48,919: +SUB [/tf] /tf2_web_republisher http://ip-172-31-26-229:44118/
[rosmaster.master][INFO] 2017-06-10 00:48:48,926: +SUB [/tf_static] /tf2_web_republisher http://ip-172-31-26-229:44118/
[rosmaster.master][INFO] 2017-06-10 00:48:48,931: +SERVICE [/republish_tfs] /tf2_web_republisher http://ip-172-31-26-229:44118/
[rosmaster.master][INFO] 2017-06-10 00:48:48,935: +PUB [/tf2_web_republisher/result] /tf2_web_republisher http://ip-172-31-26-229:44118/
[rosmaster.master][INFO] 2017-06-10 00:48:48,939: +PUB [/tf2_web_republisher/feedback] /tf2_web_republisher http://ip-172-31-26-229:44118/
[rosmaster.master][INFO] 2017-06-10 00:48:48,943: +PUB [/tf2_web_republisher/status] /tf2_web_republisher http://ip-172-31-26-229:44118/
[rosmaster.master][INFO] 2017-06-10 00:48:48,945: publisherUpdate[/rosout] -> http://ip-172-31-26-229:34781/
[rosmaster.master][INFO] 2017-06-10 00:48:48,952: +SUB [/tf2_web_republisher/goal] /tf2_web_republisher http://ip-172-31-26-229:44118/
[rosmaster.master][INFO] 2017-06-10 00:48:48,963: +SUB [/tf2_web_republisher/cancel] /tf2_web_republisher http://ip-172-31-26-229:44118/
[rosmaster.master][INFO] 2017-06-10 00:48:50,359: +PARAM [/roslaunch/uris/host_ip_172_31_26_229__57102] by /roslaunch
[rosmaster.master][INFO] 2017-06-10 00:48:50,366: +PARAM [/rosbridge_websocket/port] by /roslaunch
[rosmaster.master][INFO] 2017-06-10 00:48:50,371: +PARAM [/rosdistro] by /roslaunch
[rosmaster.master][INFO] 2017-06-10 00:48:50,374: +PARAM [/rosbridge_websocket/fragment_timeout] by /roslaunch
[rosmaster.master][INFO] 2017-06-10 00:48:50,378: +PARAM [/rosbridge_websocket/delay_between_messages] by /roslaunch
[rosmaster.master][INFO] 2017-06-10 00:48:50,381: +PARAM [/rosversion] by /roslaunch
[rosmaster.master][INFO] 2017-06-10 00:48:50,385: +PARAM [/rosbridge_websocket/authenticate] by /roslaunch
[rosmaster.master][INFO] 2017-06-10 00:48:50,388: +PARAM [/rosbridge_websocket/retry_startup_delay] by /roslaunch
[rosmaster.master][INFO] 2017-06-10 00:48:50,392: +PARAM [/rosbridge_websocket/address] by /roslaunch
[rosmaster.master][INFO] 2017-06-10 00:48:50,395: +PARAM [/rosbridge_websocket/max_message_size] by /roslaunch
[rosmaster.master][INFO] 2017-06-10 00:48:50,900: +PUB [/rosout] /interactive_marker_proxy http://ip-172-31-26-229:43980/
[rosmaster.master][INFO] 2017-06-10 00:48:50,904: +PUB [/rosout] /rosapi http://ip-172-31-26-229:47464/
[rosmaster.master][INFO] 2017-06-10 00:48:50,909: +SERVICE [/interactive_marker_proxy/get_loggers] /interactive_marker_proxy http://ip-172-31-26-229:43980/
[rosmaster.master][INFO] 2017-06-10 00:48:50,914: +SERVICE [/interactive_marker_proxy/set_logger_level] /interactive_marker_proxy http://ip-172-31-26-229:43980/
[rosmaster.master][INFO] 2017-06-10 00:48:50,918: +SERVICE [/rosapi/get_loggers] /rosapi http://ip-172-31-26-229:47464/
[rosmaster.master][INFO] 2017-06-10 00:48:50,923: +SUB [/tf] /interactive_marker_proxy http://ip-172-31-26-229:43980/
[rosmaster.master][INFO] 2017-06-10 00:48:50,927: +SERVICE [/rosapi/set_logger_level] /rosapi http://ip-172-31-26-229:47464/
[rosmaster.master][INFO] 2017-06-10 00:48:50,931: +SUB [/tf_static] /interactive_marker_proxy http://ip-172-31-26-229:43980/
[rosmaster.master][INFO] 2017-06-10 00:48:50,935: +SERVICE [/rosapi/topics] /rosapi http://ip-172-31-26-229:47464/
[rosmaster.master][INFO] 2017-06-10 00:48:50,939: +SUB [/control_markers/update] /interactive_marker_proxy http://ip-172-31-26-229:43980/
[rosmaster.master][INFO] 2017-06-10 00:48:50,942: +SERVICE [/rosapi/topics_for_type] /rosapi http://ip-172-31-26-229:47464/
[rosmaster.master][INFO] 2017-06-10 00:48:50,947: +SERVICE [/rosapi/services] /rosapi http://ip-172-31-26-229:47464/
[rosmaster.master][INFO] 2017-06-10 00:48:50,948: publisherUpdate[/rosout] -> http://ip-172-31-26-229:34781/
[rosmaster.master][INFO] 2017-06-10 00:48:50,951: +SUB [/control_markers/update_full] /interactive_marker_proxy http://ip-172-31-26-229:43980/
[rosmaster.master][INFO] 2017-06-10 00:48:50,955: publisherUpdate[/rosout] -> http://ip-172-31-26-229:34781/
[rosmaster.master][INFO] 2017-06-10 00:48:50,958: +SERVICE [/rosapi/services_for_type] /rosapi http://ip-172-31-26-229:47464/
[rosmaster.master][INFO] 2017-06-10 00:48:50,965: +PUB [/control_markers/tunneled/update] /interactive_marker_proxy http://ip-172-31-26-229:43980/
[rosmaster.master][INFO] 2017-06-10 00:48:50,968: +SERVICE [/rosapi/nodes] /rosapi http://ip-172-31-26-229:47464/
[rosmaster.master][INFO] 2017-06-10 00:48:50,972: +SERVICE [/control_markers/tunneled/get_init] /interactive_marker_proxy http://ip-172-31-26-229:43980/
[rosmaster.master][INFO] 2017-06-10 00:48:50,976: +SERVICE [/rosapi/node_details] /rosapi http://ip-172-31-26-229:47464/
[rosmaster.master][INFO] 2017-06-10 00:48:50,981: +SERVICE [/rosapi/topic_type] /rosapi http://ip-172-31-26-229:47464/
[rosmaster.master][INFO] 2017-06-10 00:48:50,985: +SERVICE [/rosapi/service_type] /rosapi http://ip-172-31-26-229:47464/
[rosmaster.master][INFO] 2017-06-10 00:48:50,990: +SERVICE [/rosapi/publishers] /rosapi http://ip-172-31-26-229:47464/
[rosmaster.master][INFO] 2017-06-10 00:48:50,994: +SERVICE [/rosapi/subscribers] /rosapi http://ip-172-31-26-229:47464/
[rosmaster.master][INFO] 2017-06-10 00:48:51,007: +SERVICE [/rosapi/service_providers] /rosapi http://ip-172-31-26-229:47464/
[rosmaster.master][INFO] 2017-06-10 00:48:51,011: -SUB [/control_markers/update_full] /interactive_marker_proxy http://ip-172-31-26-229:43980/
[rosmaster.master][INFO] 2017-06-10 00:48:51,015: +SERVICE [/rosapi/service_node] /rosapi http://ip-172-31-26-229:47464/
[rosmaster.master][INFO] 2017-06-10 00:48:51,020: +SERVICE [/rosapi/service_host] /rosapi http://ip-172-31-26-229:47464/
[rosmaster.master][INFO] 2017-06-10 00:48:51,025: +SERVICE [/rosapi/message_details] /rosapi http://ip-172-31-26-229:47464/
[rosmaster.master][INFO] 2017-06-10 00:48:51,029: +SERVICE [/rosapi/service_request_details] /rosapi http://ip-172-31-26-229:47464/
[rosmaster.master][INFO] 2017-06-10 00:48:51,034: +SERVICE [/rosapi/service_response_details] /rosapi http://ip-172-31-26-229:47464/
[rosmaster.master][INFO] 2017-06-10 00:48:51,041: +PUB [/rosout] /rosbridge_websocket http://ip-172-31-26-229:57878/
[rosmaster.master][INFO] 2017-06-10 00:48:51,045: +SERVICE [/rosapi/set_param] /rosapi http://ip-172-31-26-229:47464/
[rosmaster.master][INFO] 2017-06-10 00:48:51,049: publisherUpdate[/rosout] -> http://ip-172-31-26-229:34781/
[rosmaster.master][INFO] 2017-06-10 00:48:51,050: +SERVICE [/rosapi/get_param] /rosapi http://ip-172-31-26-229:47464/
[rosmaster.master][INFO] 2017-06-10 00:48:51,057: +SERVICE [/rosbridge_websocket/get_loggers] /rosbridge_websocket http://ip-172-31-26-229:57878/
[rosmaster.master][INFO] 2017-06-10 00:48:51,061: +SERVICE [/rosapi/has_param] /rosapi http://ip-172-31-26-229:47464/
[rosmaster.master][INFO] 2017-06-10 00:48:51,065: +SERVICE [/rosbridge_websocket/set_logger_level] /rosbridge_websocket http://ip-172-31-26-229:57878/
[rosmaster.master][INFO] 2017-06-10 00:48:51,068: +SERVICE [/rosapi/search_param] /rosapi http://ip-172-31-26-229:47464/
[rosmaster.master][INFO] 2017-06-10 00:48:51,074: +SERVICE [/rosapi/delete_param] /rosapi http://ip-172-31-26-229:47464/
[rosmaster.master][INFO] 2017-06-10 00:48:51,079: +SERVICE [/rosapi/get_param_names] /rosapi http://ip-172-31-26-229:47464/
[rosmaster.master][INFO] 2017-06-10 00:48:51,084: +SERVICE [/rosapi/get_time] /rosapi http://ip-172-31-26-229:47464/
[rosmaster.master][INFO] 2017-06-10 00:48:52,349: +PARAM [/roslaunch/uris/host_ip_172_31_26_229__43022] by /roslaunch
[rosmaster.master][INFO] 2017-06-10 00:48:52,365: +PARAM [/robot_description_kinematics/lwr_arm/kinematics_solver] by /roslaunch
[rosmaster.master][INFO] 2017-06-10 00:48:52,368: +PARAM [/move_group/planner_configs/RRTkConfigDefault/goal_bias] by /roslaunch
[rosmaster.master][INFO] 2017-06-10 00:48:52,372: +PARAM [/robot_description_semantic] by /roslaunch
[rosmaster.master][INFO] 2017-06-10 00:48:52,375: +PARAM [/robot_description_kinematics/lwr_arm/kinematics_solver_attempts] by /roslaunch
[rosmaster.master][INFO] 2017-06-10 00:48:52,381: +PARAM [/robot_description_planning/joint_limits/lwr_arm_6_joint/max_acceleration] by /roslaunch
[rosmaster.master][INFO] 2017-06-10 00:48:52,384: +PARAM [/robot_description_planning/joint_limits/lwr_arm_5_joint/has_acceleration_limits] by /roslaunch
[rosmaster.master][INFO] 2017-06-10 00:48:52,387: +PARAM [/move_group/planner_configs/RRTstarkConfigDefault/range] by /roslaunch
[rosmaster.master][INFO] 2017-06-10 00:48:52,395: +PARAM [/robot_description_planning/joint_limits/lwr_arm_0_joint/max_acceleration] by /roslaunch
[rosmaster.master][INFO] 2017-06-10 00:48:52,398: +PARAM [/robot_description_planning/joint_limits/lwr_arm_0_joint/has_velocity_limits] by /roslaunch
[rosmaster.master][INFO] 2017-06-10 00:48:52,401: +PARAM [/move_group/max_safe_path_cost] by /roslaunch
[rosmaster.master][INFO] 2017-06-10 00:48:52,405: +PARAM [/move_group/planner_configs/RRTstarkConfigDefault/goal_bias] by /roslaunch
[rosmaster.master][INFO] 2017-06-10 00:48:52,408: +PARAM [/move_group/planning_scene_monitor/publish_planning_scene] by /roslaunch
[rosmaster.master][INFO] 2017-06-10 00:48:52,412: +PARAM [/move_group/planner_configs/PRMkConfigDefault/type] by /roslaunch
[rosmaster.master][INFO] 2017-06-10 00:48:52,415: +PARAM [/move_group/planner_configs/ESTkConfigDefault/range] by /roslaunch
[rosmaster.master][INFO] 2017-06-10 00:48:52,419: +PARAM [/robot_description_planning/joint_limits/lwr_arm_2_joint/max_acceleration] by /roslaunch
[rosmaster.master][INFO] 2017-06-10 00:48:52,422: +PARAM [/move_group/planner_configs/KPIECEkConfigDefault/min_valid_path_fraction] by /roslaunch
[rosmaster.master][INFO] 2017-06-10 00:48:52,426: +PARAM [/move_group/planner_configs/BKPIECEkConfigDefault/border_fraction] by /roslaunch
[rosmaster.master][INFO] 2017-06-10 00:48:52,429: +PARAM [/move_group/planner_configs/PRMkConfigDefault/max_nearest_neighbors] by /roslaunch
[rosmaster.master][INFO] 2017-06-10 00:48:52,432: +PARAM [/move_group/planner_configs/TRRTkConfigDefault/goal_bias] by /roslaunch
[rosmaster.master][INFO] 2017-06-10 00:48:52,436: +PARAM [/move_group/planner_configs/BKPIECEkConfigDefault/min_valid_path_fraction] by /roslaunch
[rosmaster.master][INFO] 2017-06-10 00:48:52,439: +PARAM [/robot_description_planning/joint_limits/lwr_arm_2_joint/has_velocity_limits] by /roslaunch
[rosmaster.master][INFO] 2017-06-10 00:48:52,443: +PARAM [/robot_description_planning/joint_limits/lwr_arm_3_joint/max_velocity] by /roslaunch
[rosmaster.master][INFO] 2017-06-10 00:48:52,447: +PARAM [/robot_description_planning/joint_limits/lwr_arm_4_joint/max_acceleration] by /roslaunch
[rosmaster.master][INFO] 2017-06-10 00:48:52,450: +PARAM [/robot_description_planning/joint_limits/lwr_arm_0_joint/max_velocity] by /roslaunch
[rosmaster.master][INFO] 2017-06-10 00:48:52,454: +PARAM [/move_group/planner_configs/SBLkConfigDefault/range] by /roslaunch
[rosmaster.master][INFO] 2017-06-10 00:48:52,457: +PARAM [/move_group/planner_configs/TRRTkConfigDefault/frountierNodeRatio] by /roslaunch
[rosmaster.master][INFO] 2017-06-10 00:48:52,461: +PARAM [/robot_description_planning/joint_limits/lwr_arm_6_joint/has_acceleration_limits] by /roslaunch
[rosmaster.master][INFO] 2017-06-10 00:48:52,464: +PARAM [/move_group/planning_plugin] by /roslaunch
[rosmaster.master][INFO] 2017-06-10 00:48:52,468: +PARAM [/move_group/planning_scene_monitor/publish_geometry_updates] by /roslaunch
[rosmaster.master][INFO] 2017-06-10 00:48:52,471: +PARAM [/robot_description_planning/joint_limits/lwr_arm_3_joint/max_acceleration] by /roslaunch
[rosmaster.master][INFO] 2017-06-10 00:48:52,475: +PARAM [/move_group/planner_configs/TRRTkConfigDefault/max_states_failed] by /roslaunch
[rosmaster.master][INFO] 2017-06-10 00:48:52,478: +PARAM [/robot_description_planning/joint_limits/lwr_arm_3_joint/has_velocity_limits] by /roslaunch
[rosmaster.master][INFO] 2017-06-10 00:48:52,484: +PARAM [/robot_description_kinematics/lwr_arm/kinematics_solver_timeout] by /roslaunch
[rosmaster.master][INFO] 2017-06-10 00:48:52,487: +PARAM [/move_group/lwr_arm/projection_evaluator] by /roslaunch
[rosmaster.master][INFO] 2017-06-10 00:48:52,491: +PARAM [/robot_description_planning/joint_limits/lwr_arm_1_joint/has_acceleration_limits] by /roslaunch
[rosmaster.master][INFO] 2017-06-10 00:48:52,500: +PARAM [/rosdistro] by /roslaunch
[rosmaster.master][INFO] 2017-06-10 00:48:52,503: +PARAM [/robot_description_planning/joint_limits/lwr_arm_5_joint/max_velocity] by /roslaunch
[rosmaster.master][INFO] 2017-06-10 00:48:52,507: +PARAM [/move_group/planner_configs/PRMstarkConfigDefault/type] by /roslaunch
[rosmaster.master][INFO] 2017-06-10 00:48:52,511: +PARAM [/move_group/planner_configs/RRTkConfigDefault/range] by /roslaunch
[rosmaster.master][INFO] 2017-06-10 00:48:52,514: +PARAM [/move_group/allow_trajectory_execution] by /roslaunch
[rosmaster.master][INFO] 2017-06-10 00:48:52,518: +PARAM [/move_group/lwr_arm/planner_configs] by /roslaunch
[rosmaster.master][INFO] 2017-06-10 00:48:52,522: +PARAM [/move_group/planner_configs/ESTkConfigDefault/type] by /roslaunch
[rosmaster.master][INFO] 2017-06-10 00:48:52,525: +PARAM [/move_group/start_state_max_bounds_error] by /roslaunch
[rosmaster.master][INFO] 2017-06-10 00:48:52,529: +PARAM [/move_group/planner_configs/TRRTkConfigDefault/init_temperature] by /roslaunch
[rosmaster.master][INFO] 2017-06-10 00:48:52,533: +PARAM [/move_group/planner_configs/BKPIECEkConfigDefault/type] by /roslaunch
[rosmaster.master][INFO] 2017-06-10 00:48:52,536: +PARAM [/move_group/planner_configs/KPIECEkConfigDefault/border_fraction] by /roslaunch
[rosmaster.master][INFO] 2017-06-10 00:48:52,540: +PARAM [/robot_description_planning/joint_limits/lwr_arm_4_joint/has_velocity_limits] by /roslaunch
[rosmaster.master][INFO] 2017-06-10 00:48:52,543: +PARAM [/move_group/planner_configs/ESTkConfigDefault/goal_bias] by /roslaunch
[rosmaster.master][INFO] 2017-06-10 00:48:52,547: +PARAM [/move_group/planner_configs/LBKPIECEkConfigDefault/border_fraction] by /roslaunch
[rosmaster.master][INFO] 2017-06-10 00:48:52,550: +PARAM [/move_group/jiggle_fraction] by /roslaunch
[rosmaster.master][INFO] 2017-06-10 00:48:52,553: +PARAM [/move_group/planner_configs/TRRTkConfigDefault/range] by /roslaunch
[rosmaster.master][INFO] 2017-06-10 00:48:52,557: +PARAM [/move_group/planning_scene_monitor/publish_state_updates] by /roslaunch
[rosmaster.master][INFO] 2017-06-10 00:48:52,560: +PARAM [/move_group/planner_configs/TRRTkConfigDefault/temp_change_factor] by /roslaunch
[rosmaster.master][INFO] 2017-06-10 00:48:52,564: +PARAM [/robot_description_planning/joint_limits/lwr_arm_6_joint/max_velocity] by /roslaunch
[rosmaster.master][INFO] 2017-06-10 00:48:52,568: +PARAM [/robot_description_planning/joint_limits/lwr_arm_1_joint/max_velocity] by /roslaunch
[rosmaster.master][INFO] 2017-06-10 00:48:52,571: +PARAM [/move_group/planner_configs/SBLkConfigDefault/type] by /roslaunch
[rosmaster.master][INFO] 2017-06-10 00:48:52,574: +PARAM [/robot_description] by /roslaunch
[rosmaster.master][INFO] 2017-06-10 00:48:52,578: +PARAM [/move_group/capabilities] by /roslaunch
[rosmaster.master][INFO] 2017-06-10 00:48:52,581: +PARAM [/move_group/planner_configs/LBKPIECEkConfigDefault/range] by /roslaunch
[rosmaster.master][INFO] 2017-06-10 00:48:52,587: +PARAM [/robot_description_planning/joint_limits/lwr_arm_5_joint/max_acceleration] by /roslaunch
[rosmaster.master][INFO] 2017-06-10 00:48:52,591: +PARAM [/move_group/planner_configs/KPIECEkConfigDefault/range] by /roslaunch
[rosmaster.master][INFO] 2017-06-10 00:48:52,594: +PARAM [/move_group/planner_configs/BKPIECEkConfigDefault/range] by /roslaunch
[rosmaster.master][INFO] 2017-06-10 00:48:52,598: +PARAM [/move_group/planner_configs/TRRTkConfigDefault/type] by /roslaunch
[rosmaster.master][INFO] 2017-06-10 00:48:52,608: +PARAM [/move_group/planner_configs/KPIECEkConfigDefault/goal_bias] by /roslaunch
[rosmaster.master][INFO] 2017-06-10 00:48:52,612: +PARAM [/move_group/planner_configs/RRTConnectkConfigDefault/range] by /roslaunch
[rosmaster.master][INFO] 2017-06-10 00:48:52,616: +PARAM [/move_group/request_adapters] by /roslaunch
[rosmaster.master][INFO] 2017-06-10 00:48:52,619: +PARAM [/move_group/planner_configs/TRRTkConfigDefault/min_temperature] by /roslaunch
[rosmaster.master][INFO] 2017-06-10 00:48:52,622: +PARAM [/robot_description_planning/joint_limits/lwr_arm_6_joint/has_velocity_limits] by /roslaunch
[rosmaster.master][INFO] 2017-06-10 00:48:52,626: +PARAM [/robot_description_planning/joint_limits/lwr_arm_1_joint/has_velocity_limits] by /roslaunch
[rosmaster.master][INFO] 2017-06-10 00:48:52,629: +PARAM [/move_group/planner_configs/KPIECEkConfigDefault/failed_expansion_score_factor] by /roslaunch
[rosmaster.master][INFO] 2017-06-10 00:48:52,633: +PARAM [/move_group/planning_scene_monitor/publish_transforms_updates] by /roslaunch
[rosmaster.master][INFO] 2017-06-10 00:48:52,636: +PARAM [/robot_description_planning/joint_limits/lwr_arm_5_joint/has_velocity_limits] by /roslaunch
[rosmaster.master][INFO] 2017-06-10 00:48:52,639: +PARAM [/robot_description_planning/joint_limits/lwr_arm_3_joint/has_acceleration_limits] by /roslaunch
[rosmaster.master][INFO] 2017-06-10 00:48:52,643: +PARAM [/move_group/planner_configs/RRTstarkConfigDefault/type] by /roslaunch
[rosmaster.master][INFO] 2017-06-10 00:48:52,646: +PARAM [/move_group/lwr_arm/longest_valid_segment_fraction] by /roslaunch
[rosmaster.master][INFO] 2017-06-10 00:48:52,650: +PARAM [/move_group/planner_configs/RRTstarkConfigDefault/delay_collision_checking] by /roslaunch
[rosmaster.master][INFO] 2017-06-10 00:48:52,653: +PARAM [/move_group/planner_configs/KPIECEkConfigDefault/type] by /roslaunch
[rosmaster.master][INFO] 2017-06-10 00:48:52,657: +PARAM [/robot_description_kinematics/lwr_arm/kinematics_solver_search_resolution] by /roslaunch
[rosmaster.master][INFO] 2017-06-10 00:48:52,660: +PARAM [/move_group/planner_configs/RRTConnectkConfigDefault/type] by /roslaunch
[rosmaster.master][INFO] 2017-06-10 00:48:52,664: +PARAM [/robot_description_planning/joint_limits/lwr_arm_2_joint/has_acceleration_limits] by /roslaunch
[rosmaster.master][INFO] 2017-06-10 00:48:52,667: +PARAM [/move_group/planner_configs/BKPIECEkConfigDefault/failed_expansion_score_factor] by /roslaunch
[rosmaster.master][INFO] 2017-06-10 00:48:52,670: +PARAM [/robot_description_planning/joint_limits/lwr_arm_2_joint/max_velocity] by /roslaunch
[rosmaster.master][INFO] 2017-06-10 00:48:52,674: +PARAM [/move_group/planner_configs/LBKPIECEkConfigDefault/min_valid_path_fraction] by /roslaunch
[rosmaster.master][INFO] 2017-06-10 00:48:52,678: +PARAM [/rosversion] by /roslaunch
[rosmaster.master][INFO] 2017-06-10 00:48:52,682: +PARAM [/robot_description_planning/joint_limits/lwr_arm_4_joint/max_velocity] by /roslaunch
[rosmaster.master][INFO] 2017-06-10 00:48:52,685: +PARAM [/robot_description_planning/joint_limits/lwr_arm_4_joint/has_acceleration_limits] by /roslaunch
[rosmaster.master][INFO] 2017-06-10 00:48:52,690: +PARAM [/robot_description_planning/joint_limits/lwr_arm_0_joint/has_acceleration_limits] by /roslaunch
[rosmaster.master][INFO] 2017-06-10 00:48:52,694: +PARAM [/robot_description_planning/joint_limits/lwr_arm_1_joint/max_acceleration] by /roslaunch
[rosmaster.master][INFO] 2017-06-10 00:48:52,697: +PARAM [/move_group/planner_configs/TRRTkConfigDefault/k_constant] by /roslaunch
[rosmaster.master][INFO] 2017-06-10 00:48:52,700: +PARAM [/move_group/planner_configs/TRRTkConfigDefault/frountier_threshold] by /roslaunch
[rosmaster.master][INFO] 2017-06-10 00:48:52,704: +PARAM [/move_group/planner_configs/LBKPIECEkConfigDefault/type] by /roslaunch
[rosmaster.master][INFO] 2017-06-10 00:48:52,714: +PARAM [/move_group/planner_configs/RRTkConfigDefault/type] by /roslaunch
[rosmaster.master][INFO] 2017-06-10 00:48:52,880: +PUB [/rosout] /robot_sim http://ip-172-31-26-229:55033/
[rosmaster.master][INFO] 2017-06-10 00:48:52,885: +SERVICE [/robot_sim/get_loggers] /robot_sim http://ip-172-31-26-229:55033/
[rosmaster.master][INFO] 2017-06-10 00:48:52,889: +SERVICE [/robot_sim/set_logger_level] /robot_sim http://ip-172-31-26-229:55033/
[rosmaster.master][INFO] 2017-06-10 00:48:52,903: +PUB [/joint_states] /robot_sim http://ip-172-31-26-229:55033/
[rosmaster.master][INFO] 2017-06-10 00:48:52,913: +SUB [/joint_velocities] /robot_sim http://ip-172-31-26-229:55033/
[rosmaster.master][INFO] 2017-06-10 00:48:52,922: +SUB [/joint_positions] /robot_sim http://ip-172-31-26-229:55033/
[rosmaster.master][INFO] 2017-06-10 00:48:52,935: +SUB [/joint_command] /robot_sim http://ip-172-31-26-229:55033/
[rosmaster.master][INFO] 2017-06-10 00:48:52,939: +PUB [/rosout] /robot_state_publisher http://ip-172-31-26-229:44454/
[rosmaster.master][INFO] 2017-06-10 00:48:52,944: +SERVICE [/robot_state_publisher/get_loggers] /robot_state_publisher http://ip-172-31-26-229:44454/
[rosmaster.master][INFO] 2017-06-10 00:48:52,949: +SUB [/joint_trajectory] /robot_sim http://ip-172-31-26-229:55033/
[rosmaster.master][INFO] 2017-06-10 00:48:52,954: +SERVICE [/robot_state_publisher/set_logger_level] /robot_state_publisher http://ip-172-31-26-229:44454/
[rosmaster.master][INFO] 2017-06-10 00:48:52,957: publisherUpdate[/rosout] -> http://ip-172-31-26-229:34781/
[rosmaster.master][INFO] 2017-06-10 00:48:52,962: publisherUpdate[/rosout] -> http://ip-172-31-26-229:34781/
[rosmaster.master][INFO] 2017-06-10 00:48:52,964: +PUB [/tf] /robot_state_publisher http://ip-172-31-26-229:44454/
[rosmaster.master][INFO] 2017-06-10 00:48:52,966: publisherUpdate[/tf] -> http://ip-172-31-26-229:44118/
[rosmaster.master][INFO] 2017-06-10 00:48:52,966: publisherUpdate[/tf] -> http://ip-172-31-26-229:43980/
[rosmaster.master][INFO] 2017-06-10 00:48:52,970: +PUB [/tf_static] /robot_state_publisher http://ip-172-31-26-229:44454/
[rosmaster.master][INFO] 2017-06-10 00:48:52,974: publisherUpdate[/tf_static] -> http://ip-172-31-26-229:44118/
[rosmaster.master][INFO] 2017-06-10 00:48:52,977: publisherUpdate[/tf_static] -> http://ip-172-31-26-229:43980/
[rosmaster.master][INFO] 2017-06-10 00:48:52,991: +SUB [/joint_states] /robot_state_publisher http://ip-172-31-26-229:44454/
[rosmaster.master][INFO] 2017-06-10 00:48:53,131: +PUB [/rosout] /move_group http://ip-172-31-26-229:46365/
[rosmaster.master][INFO] 2017-06-10 00:48:53,143: +SERVICE [/move_group/get_loggers] /move_group http://ip-172-31-26-229:46365/
[rosmaster.master][INFO] 2017-06-10 00:48:53,147: +SERVICE [/move_group/set_logger_level] /move_group http://ip-172-31-26-229:46365/
[rosmaster.master][INFO] 2017-06-10 00:48:53,157: +SUB [/tf] /move_group http://ip-172-31-26-229:46365/
[rosmaster.master][INFO] 2017-06-10 00:48:53,167: publisherUpdate[/rosout] -> http://ip-172-31-26-229:34781/
[rosmaster.master][INFO] 2017-06-10 00:48:53,167: +SUB [/tf_static] /move_group http://ip-172-31-26-229:46365/
[rosmaster.master][INFO] 2017-06-10 00:48:53,328: +PUB [/rosout] /move_group_commander_wrappers_1497080933323874111 http://ip-172-31-26-229:58792/
[rosmaster.master][INFO] 2017-06-10 00:48:53,332: +SERVICE [/move_group_commander_wrappers_1497080933323874111/get_loggers] /move_group_commander_wrappers_1497080933323874111 http://ip-172-31-26-229:58792/
[rosmaster.master][INFO] 2017-06-10 00:48:53,336: +SERVICE [/move_group_commander_wrappers_1497080933323874111/set_logger_level] /move_group_commander_wrappers_1497080933323874111 http://ip-172-31-26-229:58792/
[rosmaster.master][INFO] 2017-06-10 00:48:53,375: +SERVICE [/move_group/planning_scene_monitor/set_parameters] /move_group http://ip-172-31-26-229:46365/
[rosmaster.master][INFO] 2017-06-10 00:48:53,380: +PUB [/move_group/planning_scene_monitor/parameter_descriptions] /move_group http://ip-172-31-26-229:46365/
[rosmaster.master][INFO] 2017-06-10 00:48:53,380: publisherUpdate[/rosout] -> http://ip-172-31-26-229:34781/
[rosmaster.master][INFO] 2017-06-10 00:48:53,386: +PUB [/move_group/planning_scene_monitor/parameter_updates] /move_group http://ip-172-31-26-229:46365/
[rosmaster.master][INFO] 2017-06-10 00:48:53,397: +PARAM [/move_group/planning_scene_monitor/publish_planning_scene] by /move_group
[rosmaster.master][INFO] 2017-06-10 00:48:53,401: +PARAM [/move_group/planning_scene_monitor/publish_planning_scene_hz] by /move_group
[rosmaster.master][INFO] 2017-06-10 00:48:53,406: +PARAM [/move_group/planning_scene_monitor/publish_geometry_updates] by /move_group
[rosmaster.master][INFO] 2017-06-10 00:48:53,413: +PARAM [/move_group/planning_scene_monitor/publish_state_updates] by /move_group
[rosmaster.master][INFO] 2017-06-10 00:48:53,417: +PARAM [/move_group/planning_scene_monitor/publish_transforms_updates] by /move_group
[rosmaster.master][INFO] 2017-06-10 00:48:53,422: +PUB [/move_group/monitored_planning_scene] /move_group http://ip-172-31-26-229:46365/
[rosmaster.master][INFO] 2017-06-10 00:48:53,426: +PARAM [/move_group/planning_scene_monitor/publish_planning_scene] by /move_group
[rosmaster.master][INFO] 2017-06-10 00:48:53,430: +PARAM [/move_group/planning_scene_monitor/publish_planning_scene_hz] by /move_group
[rosmaster.master][INFO] 2017-06-10 00:48:53,435: +PARAM [/move_group/planning_scene_monitor/publish_geometry_updates] by /move_group
[rosmaster.master][INFO] 2017-06-10 00:48:53,439: +PARAM [/move_group/planning_scene_monitor/publish_state_updates] by /move_group
[rosmaster.master][INFO] 2017-06-10 00:48:53,444: +PARAM [/move_group/planning_scene_monitor/publish_transforms_updates] by /move_group
[rosmaster.master][INFO] 2017-06-10 00:48:53,452: +SUB [/planning_scene] /move_group http://ip-172-31-26-229:46365/
[rosmaster.master][INFO] 2017-06-10 00:48:53,467: +SUB [/collision_object] /move_group http://ip-172-31-26-229:46365/
[rosmaster.master][INFO] 2017-06-10 00:48:53,477: +SUB [/planning_scene_world] /move_group http://ip-172-31-26-229:46365/
[rosmaster.master][INFO] 2017-06-10 00:48:53,484: +SERVICE [/move_group/save_map] /move_group http://ip-172-31-26-229:46365/
[rosmaster.master][INFO] 2017-06-10 00:48:53,488: +SERVICE [/move_group/load_map] /move_group http://ip-172-31-26-229:46365/
[rosmaster.master][INFO] 2017-06-10 00:48:53,497: +SUB [/joint_states] /move_group http://ip-172-31-26-229:46365/
[rosmaster.master][INFO] 2017-06-10 00:48:53,506: +SUB [/attached_collision_object] /move_group http://ip-172-31-26-229:46365/
[rosmaster.master][INFO] 2017-06-10 00:48:53,517: +PUB [/rosout] /marker_control_16365_1497080933341 http://ip-172-31-26-229:40392/
[rosmaster.master][INFO] 2017-06-10 00:48:53,533: +SERVICE [/marker_control_16365_1497080933341/get_loggers] /marker_control_16365_1497080933341 http://ip-172-31-26-229:40392/
[rosmaster.master][INFO] 2017-06-10 00:48:53,539: +SERVICE [/marker_control_16365_1497080933341/set_logger_level] /marker_control_16365_1497080933341 http://ip-172-31-26-229:40392/
[rosmaster.master][INFO] 2017-06-10 00:48:53,543: +PUB [/planning_scene] /move_group_commander_wrappers_1497080933323874111 http://ip-172-31-26-229:58792/
[rosmaster.master][INFO] 2017-06-10 00:48:53,548: +PUB [/collision_object] /marker_control_16365_1497080933341 http://ip-172-31-26-229:40392/
[rosmaster.master][INFO] 2017-06-10 00:48:53,553: +PUB [/attached_collision_object] /marker_control_16365_1497080933341 http://ip-172-31-26-229:40392/
[rosmaster.master][INFO] 2017-06-10 00:48:53,557: +PUB [/visualization_marker_array] /marker_control_16365_1497080933341 http://ip-172-31-26-229:40392/
[rosmaster.master][INFO] 2017-06-10 00:48:53,562: +PUB [/motion_planning_goal] /marker_control_16365_1497080933341 http://ip-172-31-26-229:40392/
[rosmaster.master][INFO] 2017-06-10 00:48:53,569: +SUB [/joint_trajectory] /marker_control_16365_1497080933341 http://ip-172-31-26-229:40392/
[rosmaster.master][INFO] 2017-06-10 00:48:53,574: +PUB [/control_markers/update_full] /marker_control_16365_1497080933341 http://ip-172-31-26-229:40392/
[rosmaster.master][INFO] 2017-06-10 00:48:53,580: +PUB [/control_markers/update] /marker_control_16365_1497080933341 http://ip-172-31-26-229:40392/
[rosmaster.master][INFO] 2017-06-10 00:48:53,586: publisherUpdate[/rosout] -> http://ip-172-31-26-229:34781/
[rosmaster.master][INFO] 2017-06-10 00:48:53,587: +SUB [/control_markers/feedback] /marker_control_16365_1497080933341 http://ip-172-31-26-229:40392/
[rosmaster.master][INFO] 2017-06-10 00:48:53,590: publisherUpdate[/planning_scene] -> http://ip-172-31-26-229:46365/
[rosmaster.master][INFO] 2017-06-10 00:48:53,591: publisherUpdate[/control_markers/update] -> http://ip-172-31-26-229:43980/
[rosmaster.master][INFO] 2017-06-10 00:48:53,598: +SERVICE [/move_group/ompl/set_parameters] /move_group http://ip-172-31-26-229:46365/
[rosmaster.master][INFO] 2017-06-10 00:48:53,599: publisherUpdate[/collision_object] -> http://ip-172-31-26-229:46365/
[rosmaster.master][INFO] 2017-06-10 00:48:53,606: +PUB [/move_group/ompl/parameter_descriptions] /move_group http://ip-172-31-26-229:46365/
[rosmaster.master][INFO] 2017-06-10 00:48:53,610: publisherUpdate[/attached_collision_object] -> http://ip-172-31-26-229:46365/
[rosmaster.master][INFO] 2017-06-10 00:48:53,613: +PUB [/move_group/ompl/parameter_updates] /move_group http://ip-172-31-26-229:46365/
[rosmaster.master][INFO] 2017-06-10 00:48:53,628: +PARAM [/move_group/ompl/simplify_solutions] by /move_group
[rosmaster.master][INFO] 2017-06-10 00:48:53,633: +PARAM [/move_group/ompl/minimum_waypoint_count] by /move_group
[rosmaster.master][INFO] 2017-06-10 00:48:53,637: +PARAM [/move_group/ompl/maximum_waypoint_distance] by /move_group
[rosmaster.master][INFO] 2017-06-10 00:48:53,642: +PARAM [/move_group/ompl/link_for_exploration_tree] by /move_group
[rosmaster.master][INFO] 2017-06-10 00:48:53,647: +PARAM [/move_group/ompl/display_random_valid_states] by /move_group
[rosmaster.master][INFO] 2017-06-10 00:48:53,651: +PARAM [/move_group/ompl/simplify_solutions] by /move_group
[rosmaster.master][INFO] 2017-06-10 00:48:53,656: +PARAM [/move_group/ompl/minimum_waypoint_count] by /move_group
[rosmaster.master][INFO] 2017-06-10 00:48:53,660: +PARAM [/move_group/ompl/maximum_waypoint_distance] by /move_group
[rosmaster.master][INFO] 2017-06-10 00:48:53,665: +PARAM [/move_group/ompl/link_for_exploration_tree] by /move_group
[rosmaster.master][INFO] 2017-06-10 00:48:53,675: +PARAM [/move_group/ompl/display_random_valid_states] by /move_group
[rosmaster.master][INFO] 2017-06-10 00:48:53,719: +PUB [/move_group/display_planned_path] /move_group http://ip-172-31-26-229:46365/
[rosmaster.master][INFO] 2017-06-10 00:48:53,724: +PUB [/move_group/display_contacts] /move_group http://ip-172-31-26-229:46365/
[rosmaster.master][INFO] 2017-06-10 00:48:53,766: +SERVICE [/apply_planning_scene] /move_group http://ip-172-31-26-229:46365/
[rosmaster.master][INFO] 2017-06-10 00:48:53,771: +SERVICE [/clear_octomap] /move_group http://ip-172-31-26-229:46365/
[rosmaster.master][INFO] 2017-06-10 00:48:53,781: +SERVICE [/compute_cartesian_path] /move_group http://ip-172-31-26-229:46365/
[rosmaster.master][INFO] 2017-06-10 00:48:53,786: +SERVICE [/execute_kinematic_path] /move_group http://ip-172-31-26-229:46365/
[rosmaster.master][INFO] 2017-06-10 00:48:53,792: +PUB [/execute_trajectory/result] /move_group http://ip-172-31-26-229:46365/
[rosmaster.master][INFO] 2017-06-10 00:48:53,797: +PUB [/execute_trajectory/feedback] /move_group http://ip-172-31-26-229:46365/
[rosmaster.master][INFO] 2017-06-10 00:48:53,801: +PUB [/execute_trajectory/status] /move_group http://ip-172-31-26-229:46365/
[rosmaster.master][INFO] 2017-06-10 00:48:53,813: +SUB [/execute_trajectory/goal] /move_group http://ip-172-31-26-229:46365/
[rosmaster.master][INFO] 2017-06-10 00:48:53,822: +SUB [/execute_trajectory/cancel] /move_group http://ip-172-31-26-229:46365/
[rosmaster.master][INFO] 2017-06-10 00:48:53,826: +SERVICE [/get_planning_scene] /move_group http://ip-172-31-26-229:46365/
[rosmaster.master][INFO] 2017-06-10 00:48:53,831: +SERVICE [/compute_fk] /move_group http://ip-172-31-26-229:46365/
[rosmaster.master][INFO] 2017-06-10 00:48:53,835: +SERVICE [/compute_ik] /move_group http://ip-172-31-26-229:46365/
[rosmaster.master][INFO] 2017-06-10 00:48:53,841: +PUB [/move_group/result] /move_group http://ip-172-31-26-229:46365/
[rosmaster.master][INFO] 2017-06-10 00:48:53,846: +PUB [/move_group/feedback] /move_group http://ip-172-31-26-229:46365/
[rosmaster.master][INFO] 2017-06-10 00:48:53,850: +PUB [/move_group/status] /move_group http://ip-172-31-26-229:46365/
[rosmaster.master][INFO] 2017-06-10 00:48:53,861: +SUB [/move_group/goal] /move_group http://ip-172-31-26-229:46365/
[rosmaster.master][INFO] 2017-06-10 00:48:53,870: +SUB [/move_group/cancel] /move_group http://ip-172-31-26-229:46365/
[rosmaster.master][INFO] 2017-06-10 00:48:53,915: +PUB [/pickup/result] /move_group http://ip-172-31-26-229:46365/
[rosmaster.master][INFO] 2017-06-10 00:48:53,920: +PUB [/pickup/feedback] /move_group http://ip-172-31-26-229:46365/
[rosmaster.master][INFO] 2017-06-10 00:48:53,926: +PUB [/pickup/status] /move_group http://ip-172-31-26-229:46365/
[rosmaster.master][INFO] 2017-06-10 00:48:53,937: +SUB [/pickup/goal] /move_group http://ip-172-31-26-229:46365/
[rosmaster.master][INFO] 2017-06-10 00:48:53,946: +SUB [/pickup/cancel] /move_group http://ip-172-31-26-229:46365/
[rosmaster.master][INFO] 2017-06-10 00:48:53,953: +PUB [/place/result] /move_group http://ip-172-31-26-229:46365/
[rosmaster.master][INFO] 2017-06-10 00:48:53,957: +PUB [/place/feedback] /move_group http://ip-172-31-26-229:46365/
[rosmaster.master][INFO] 2017-06-10 00:48:53,962: +PUB [/place/status] /move_group http://ip-172-31-26-229:46365/
[rosmaster.master][INFO] 2017-06-10 00:48:53,973: +SUB [/place/goal] /move_group http://ip-172-31-26-229:46365/
[rosmaster.master][INFO] 2017-06-10 00:48:53,982: +SUB [/place/cancel] /move_group http://ip-172-31-26-229:46365/
[rosmaster.master][INFO] 2017-06-10 00:48:53,986: +SERVICE [/plan_kinematic_path] /move_group http://ip-172-31-26-229:46365/
[rosmaster.master][INFO] 2017-06-10 00:48:53,991: +SERVICE [/query_planner_interface] /move_group http://ip-172-31-26-229:46365/
[rosmaster.master][INFO] 2017-06-10 00:48:53,995: +SERVICE [/check_state_validity] /move_group http://ip-172-31-26-229:46365/
[rosmaster.master][INFO] 2017-06-10 00:48:54,100: +SUB [/control_markers/update_full] /interactive_marker_proxy http://ip-172-31-26-229:43980/
[rosmaster.master][INFO] 2017-06-10 00:48:54,211: -SUB [/control_markers/update_full] /interactive_marker_proxy http://ip-172-31-26-229:43980/
[rosmaster.master][INFO] 2017-06-10 00:48:56,627: +PUB [/tf2_web_republisher/goal] /rosbridge_websocket http://ip-172-31-26-229:57878/
[rosmaster.master][INFO] 2017-06-10 00:48:56,637: +PUB [/tf2_web_republisher/cancel] /rosbridge_websocket http://ip-172-31-26-229:57878/
[rosmaster.master][INFO] 2017-06-10 00:48:56,646: +SUB [/tf2_web_republisher/feedback] /rosbridge_websocket http://ip-172-31-26-229:57878/
[rosmaster.master][INFO] 2017-06-10 00:48:56,671: +SUB [/visualization_marker_array] /rosbridge_websocket http://ip-172-31-26-229:57878/
[rosmaster.master][INFO] 2017-06-10 00:48:56,684: +SUB [/control_markers/tunneled/update] /rosbridge_websocket http://ip-172-31-26-229:57878/
[rosmaster.master][INFO] 2017-06-10 00:48:56,696: +PUB [/control_markers/feedback] /rosbridge_websocket http://ip-172-31-26-229:57878/
[rosmaster.master][INFO] 2017-06-10 00:48:56,697: publisherUpdate[/tf2_web_republisher/goal] -> http://ip-172-31-26-229:44118/
[rosmaster.master][INFO] 2017-06-10 00:48:56,704: publisherUpdate[/tf2_web_republisher/cancel] -> http://ip-172-31-26-229:44118/
[rosmaster.master][INFO] 2017-06-10 00:48:56,707: publisherUpdate[/control_markers/feedback] -> http://ip-172-31-26-229:40392/
[rosmaster.master][INFO] 2017-06-10 00:49:07,227: +PUB [/rosout] /move_group_commander_wrappers_1497080947222331617 http://ip-172-31-26-229:40360/
[rosmaster.master][INFO] 2017-06-10 00:49:07,227: +SERVICE [/move_group_commander_wrappers_1497080947222331617/get_loggers] /move_group_commander_wrappers_1497080947222331617 http://ip-172-31-26-229:40360/
[rosmaster.master][INFO] 2017-06-10 00:49:07,229: publisherUpdate[/rosout] -> http://ip-172-31-26-229:34781/
[rosmaster.master][INFO] 2017-06-10 00:49:07,232: +SERVICE [/move_group_commander_wrappers_1497080947222331617/set_logger_level] /move_group_commander_wrappers_1497080947222331617 http://ip-172-31-26-229:40360/
[rosmaster.master][INFO] 2017-06-10 00:49:07,402: +PUB [/rosout] /move_arm_17281_1497080947240 http://ip-172-31-26-229:49152/
[rosmaster.master][INFO] 2017-06-10 00:49:07,416: +SERVICE [/move_arm_17281_1497080947240/get_loggers] /move_arm_17281_1497080947240 http://ip-172-31-26-229:49152/
[rosmaster.master][INFO] 2017-06-10 00:49:07,426: +SERVICE [/move_arm_17281_1497080947240/set_logger_level] /move_arm_17281_1497080947240 http://ip-172-31-26-229:49152/
[rosmaster.master][INFO] 2017-06-10 00:49:07,432: +SUB [/joint_states] /move_arm_17281_1497080947240 http://ip-172-31-26-229:49152/
[rosmaster.master][INFO] 2017-06-10 00:49:07,433: publisherUpdate[/rosout] -> http://ip-172-31-26-229:34781/
[rosmaster.master][INFO] 2017-06-10 00:49:07,439: +SUB [/motion_planning_goal] /move_arm_17281_1497080947240 http://ip-172-31-26-229:49152/
[rosmaster.master][INFO] 2017-06-10 00:49:07,444: +PUB [/joint_trajectory] /move_arm_17281_1497080947240 http://ip-172-31-26-229:49152/
[rosmaster.master][INFO] 2017-06-10 00:49:07,537: publisherUpdate[/joint_trajectory] -> http://ip-172-31-26-229:55033/
[rosmaster.master][INFO] 2017-06-10 00:49:07,541: publisherUpdate[/joint_trajectory] -> http://ip-172-31-26-229:40392/
[rosmaster.master][INFO] 2017-06-10 00:49:07,630: +SUB [/tf] /move_group_commander_wrappers_1497080947222331617 http://ip-172-31-26-229:40360/
[rosmaster.master][INFO] 2017-06-10 00:49:07,643: +SUB [/tf_static] /move_group_commander_wrappers_1497080947222331617 http://ip-172-31-26-229:40360/
[rosmaster.master][INFO] 2017-06-10 00:49:07,648: +PUB [/planning_scene] /move_group_commander_wrappers_1497080947222331617 http://ip-172-31-26-229:40360/
[rosmaster.master][INFO] 2017-06-10 00:49:07,655: +PUB [/collision_object] /move_arm_17281_1497080947240 http://ip-172-31-26-229:49152/
[rosmaster.master][INFO] 2017-06-10 00:49:07,657: publisherUpdate[/planning_scene] -> http://ip-172-31-26-229:46365/
[rosmaster.master][INFO] 2017-06-10 00:49:07,662: +PUB [/attached_collision_object] /move_arm_17281_1497080947240 http://ip-172-31-26-229:49152/
[rosmaster.master][INFO] 2017-06-10 00:49:07,664: publisherUpdate[/collision_object] -> http://ip-172-31-26-229:46365/
[rosmaster.master][INFO] 2017-06-10 00:49:07,668: +PUB [/trajectory_execution_event] /move_group_commander_wrappers_1497080947222331617 http://ip-172-31-26-229:40360/
[rosmaster.master][INFO] 2017-06-10 00:49:07,671: publisherUpdate[/attached_collision_object] -> http://ip-172-31-26-229:46365/
[rosmaster.master][INFO] 2017-06-10 00:49:07,674: +PUB [/attached_collision_object] /move_group_commander_wrappers_1497080947222331617 http://ip-172-31-26-229:40360/
[rosmaster.master][INFO] 2017-06-10 00:49:07,679: publisherUpdate[/attached_collision_object] -> http://ip-172-31-26-229:46365/
[rosmaster.master][INFO] 2017-06-10 00:49:07,688: +SUB [/move_group/status] /move_group_commander_wrappers_1497080947222331617 http://ip-172-31-26-229:40360/
[rosmaster.master][INFO] 2017-06-10 00:49:07,697: +SUB [/move_group/feedback] /move_group_commander_wrappers_1497080947222331617 http://ip-172-31-26-229:40360/
[rosmaster.master][INFO] 2017-06-10 00:49:07,705: +SUB [/move_group/result] /move_group_commander_wrappers_1497080947222331617 http://ip-172-31-26-229:40360/
[rosmaster.master][INFO] 2017-06-10 00:49:07,712: +PUB [/move_group/goal] /move_group_commander_wrappers_1497080947222331617 http://ip-172-31-26-229:40360/
[rosmaster.master][INFO] 2017-06-10 00:49:07,716: +PUB [/move_group/cancel] /move_group_commander_wrappers_1497080947222331617 http://ip-172-31-26-229:40360/
[rosmaster.master][INFO] 2017-06-10 00:49:07,743: publisherUpdate[/move_group/goal] -> http://ip-172-31-26-229:46365/
[rosmaster.master][INFO] 2017-06-10 00:49:07,747: publisherUpdate[/move_group/cancel] -> http://ip-172-31-26-229:46365/
[rosmaster.master][INFO] 2017-06-10 00:49:07,963: +SUB [/pickup/status] /move_group_commander_wrappers_1497080947222331617 http://ip-172-31-26-229:40360/
[rosmaster.master][INFO] 2017-06-10 00:49:07,972: +SUB [/pickup/feedback] /move_group_commander_wrappers_1497080947222331617 http://ip-172-31-26-229:40360/
[rosmaster.master][INFO] 2017-06-10 00:49:07,981: +SUB [/pickup/result] /move_group_commander_wrappers_1497080947222331617 http://ip-172-31-26-229:40360/
[rosmaster.master][INFO] 2017-06-10 00:49:07,986: +PUB [/pickup/goal] /move_group_commander_wrappers_1497080947222331617 http://ip-172-31-26-229:40360/
[rosmaster.master][INFO] 2017-06-10 00:49:07,988: publisherUpdate[/pickup/goal] -> http://ip-172-31-26-229:46365/
[rosmaster.master][INFO] 2017-06-10 00:49:07,990: +PUB [/pickup/cancel] /move_group_commander_wrappers_1497080947222331617 http://ip-172-31-26-229:40360/
[rosmaster.master][INFO] 2017-06-10 00:49:07,994: publisherUpdate[/pickup/cancel] -> http://ip-172-31-26-229:46365/
[rosmaster.master][INFO] 2017-06-10 00:49:08,210: +SUB [/place/status] /move_group_commander_wrappers_1497080947222331617 http://ip-172-31-26-229:40360/
[rosmaster.master][INFO] 2017-06-10 00:49:08,215: +SUB [/place/feedback] /move_group_commander_wrappers_1497080947222331617 http://ip-172-31-26-229:40360/
[rosmaster.master][INFO] 2017-06-10 00:49:08,223: +SUB [/place/result] /move_group_commander_wrappers_1497080947222331617 http://ip-172-31-26-229:40360/
[rosmaster.master][INFO] 2017-06-10 00:49:08,227: +PUB [/place/goal] /move_group_commander_wrappers_1497080947222331617 http://ip-172-31-26-229:40360/
[rosmaster.master][INFO] 2017-06-10 00:49:08,231: +PUB [/place/cancel] /move_group_commander_wrappers_1497080947222331617 http://ip-172-31-26-229:40360/
[rosmaster.master][INFO] 2017-06-10 00:49:08,246: publisherUpdate[/place/goal] -> http://ip-172-31-26-229:46365/
[rosmaster.master][INFO] 2017-06-10 00:49:08,253: publisherUpdate[/place/cancel] -> http://ip-172-31-26-229:46365/
