[roslaunch][INFO] 2017-06-10 00:48:51,649: Checking log directory for disk usage. This may take awhile.
Press Ctrl-C to interrupt
[roslaunch][INFO] 2017-06-10 00:48:51,793: Done checking log file disk usage. Usage is <1GB.
[roslaunch][INFO] 2017-06-10 00:48:51,793: roslaunch starting with args ['/opt/ros/indigo/bin/roslaunch', '-p', '59149', 'motion_planning', 'mp.launch']
[roslaunch][INFO] 2017-06-10 00:48:51,797: roslaunch env is {'ROS_DISTRO': 'indigo', 'ASNLIB': '/home/ccc_v1_s54106__48606/asn13529_Project_5/asn13530_Project_4/asnlib', 'LIB': '/home/ccc_v1_s54106__48606/lib', 'PKG_CONFIG_PATH': '/home/ccc_v1_w_dd4cc_18220/asn13529_Project_5/asn13530_Project_4/work/catkin_ws/devel/lib/pkgconfig:/opt/ros/indigo/lib/x86_64-linux-gnu/pkgconfig:/opt/ros/indigo/lib/pkgconfig', 'SSH_CLIENT': '172.31.7.153 48480 22', 'CPATH': '/opt/ros/indigo/include', 'LOGNAME': 'ccc_v1_w_dd4cc_18220', 'USER': 'ccc_v1_w_dd4cc_18220', 'ROS_NODE_PORT': '59149', 'HOME': '/home/ccc_v1_w_dd4cc_18220/asn13529_Project_5/asn13530_Project_4/work', 'PATH': '/opt/ros/indigo/bin:/usr/local/sbin:/usr/local/bin:/usr/sbin:/usr/bin:/sbin:/bin:/usr/games:/usr/local/games:/home/local/bin:/home/ccc_v1_s54106__48606/lib:/home/ccc_v1_s54106__48606/asn13529_Project_5/asn13530_Project_4/asnlib:/home/vlibs:.', 'CMAKE_PREFIX_PATH': '/home/ccc_v1_w_dd4cc_18220/asn13529_Project_5/asn13530_Project_4/work/catkin_ws/devel:/opt/ros/indigo', 'LD_LIBRARY_PATH': '/home/ccc_v1_w_dd4cc_18220/asn13529_Project_5/asn13530_Project_4/work/catkin_ws/devel/lib:/opt/ros/indigo/lib/x86_64-linux-gnu:/opt/ros/indigo/lib:/home/ccc_v1_s54106__48606/lib:/home/ccc_v1_s54106__48606/asn13529_Project_5/asn13530_Project_4/asnlib:/home/vlibs', 'LANG': 'en_US.UTF-8', 'TERM': 'xterm-256color', 'SHELL': '/bin/bash', 'HISTFILE': '/home/ccc_v1_w_dd4cc_18220/.bash_history', 'SHLVL': '2', 'VOC_WORKAREA': '/home/ccc_v1_w_dd4cc_18220/asn13529_Project_5/asn13530_Project_4/work', 'ROS_LOG_FILENAME': '/home/ccc_v1_w_dd4cc_18220/asn13529_Project_5/asn13530_Project_4/work/.ros/log/3c96121a-4db1-11e7-b23b-06b0869cc04d/roslaunch-ip-172-31-26-229-16340.log', 'PART1': '/home/ccc_v1_s54106__48606/asn13529_Project_5/asn13530_Project_4', 'ROS_ETC_DIR': '/opt/ros/indigo/etc/ros', 'XDG_RUNTIME_DIR': '/run/user/18220', 'PYTHONPATH': '/opt/ros/indigo/lib/python2.7/dist-packages:/home/vlibs/python', 'VOC_PROXY_WRAPPER_PORT': '5100', 'VOC_XFER_TOKEN': '13385958524354243542135300593ba458f33454.12157762', 'ROS_ROOT': '/opt/ros/indigo/share/ros', 'OLD_HOME': '/home/ccc_v1_w_dd4cc_18220', 'VOC_PROXY_TOKEN': '32046022643542435421353001593ba45907a495.53340569', 'ROS_PACKAGE_PATH': '/home/ccc_v1_w_dd4cc_18220/asn13529_Project_5/asn13530_Project_4/work/catkin_ws/src:/opt/ros/indigo/share:/opt/ros/indigo/stacks', 'XDG_SESSION_ID': '317208', '_': '/usr/bin/stdbuf', 'LD_PRELOAD': '/usr/lib/coreutils/libstdbuf.so', '_STDBUF_O': 'L', 'SSH_TTY': '/dev/pts/3', 'OLDPWD': '/home/ccc_v1_w_dd4cc_18220/asn13529_Project_5/asn13530_Project_4/work/catkin_ws', 'ROSLISP_PACKAGE_DIRECTORIES': '/home/ccc_v1_w_dd4cc_18220/asn13529_Project_5/asn13530_Project_4/work/catkin_ws/devel/share/common-lisp', 'VLIB': '/home/vlibs', 'PWD': '/home/ccc_v1_w_dd4cc_18220/asn13529_Project_5/asn13530_Project_4/work', 'VOC_PROXY_ID': '43542_43542_13530_0_1', 'ROS_MASTER_URI': 'http://localhost:59149', 'MAIL': '/var/mail/ccc_v1_w_dd4cc_18220', 'SSH_CONNECTION': '172.31.7.153 48480 172.31.26.229 22'}
[roslaunch][INFO] 2017-06-10 00:48:51,800: starting in server mode
[roslaunch.parent][INFO] 2017-06-10 00:48:51,804: starting roslaunch parent run
[roslaunch][INFO] 2017-06-10 00:48:51,807: loading roscore config file /opt/ros/indigo/etc/ros/roscore.xml
[roslaunch][INFO] 2017-06-10 00:48:51,931: Added core node of type [rosout/rosout] in namespace [/]
[roslaunch.config][INFO] 2017-06-10 00:48:51,932: loading config file /home/ccc_v1_w_dd4cc_18220/asn13529_Project_5/asn13530_Project_4/work/catkin_ws/src/motion_planning/launch/mp.launch
[roslaunch][INFO] 2017-06-10 00:48:52,225: Added node of type [robot_sim/robot_sim_bringup] in namespace [/]
[roslaunch][INFO] 2017-06-10 00:48:52,226: Added node of type [robot_state_publisher/robot_state_publisher] in namespace [/]
[roslaunch][INFO] 2017-06-10 00:48:52,267: Added node of type [moveit_ros_move_group/move_group] in namespace [/]
[roslaunch][INFO] 2017-06-10 00:48:52,271: ... selected machine [] for node of type [robot_sim/robot_sim_bringup]
[roslaunch][INFO] 2017-06-10 00:48:52,275: ... selected machine [] for node of type [robot_state_publisher/robot_state_publisher]
[roslaunch][INFO] 2017-06-10 00:48:52,278: ... selected machine [] for node of type [moveit_ros_move_group/move_group]
[roslaunch.pmon][INFO] 2017-06-10 00:48:52,282: start_process_monitor: creating ProcessMonitor
[roslaunch.pmon][INFO] 2017-06-10 00:48:52,289: created process monitor <ProcessMonitor(ProcessMonitor-1, initial daemon)>
[roslaunch.pmon][INFO] 2017-06-10 00:48:52,293: start_process_monitor: ProcessMonitor started
[roslaunch.parent][INFO] 2017-06-10 00:48:52,296: starting parent XML-RPC server
[roslaunch.server][INFO] 2017-06-10 00:48:52,300: starting roslaunch XML-RPC server
[roslaunch.server][INFO] 2017-06-10 00:48:52,304: waiting for roslaunch XML-RPC server to initialize
[xmlrpc][INFO] 2017-06-10 00:48:52,304: XML-RPC server binding to 0.0.0.0:0
[xmlrpc][INFO] 2017-06-10 00:48:52,311: Started XML-RPC server [http://ip-172-31-26-229:43022/]
[xmlrpc][INFO] 2017-06-10 00:48:52,315: xml rpc node: starting XML-RPC server
[roslaunch][INFO] 2017-06-10 00:48:52,321: started roslaunch server http://ip-172-31-26-229:43022/
[roslaunch.parent][INFO] 2017-06-10 00:48:52,324: ... parent XML-RPC server started
[roslaunch][INFO] 2017-06-10 00:48:52,328: master.is_running[http://ip-172-31-26-229:59149/]
[roslaunch][INFO] 2017-06-10 00:48:52,334: master.is_running[http://ip-172-31-26-229:59149/]
[roslaunch][INFO] 2017-06-10 00:48:52,338: ROS_MASTER_URI=http://ip-172-31-26-229:59149/
[roslaunch][INFO] 2017-06-10 00:48:52,344: setting /roslaunch/uris/host_ip_172_31_26_229__43022' to http://ip-172-31-26-229:43022/
[roslaunch][INFO] 2017-06-10 00:48:52,350: load_parameters starting ...
[roslaunch][INFO] 2017-06-10 00:48:52,722: ... load_parameters complete
[roslaunch][INFO] 2017-06-10 00:48:52,726: launch_nodes: launching local nodes ...
[roslaunch][INFO] 2017-06-10 00:48:52,729: ... preparing to launch node of type [robot_sim/robot_sim_bringup]
[roslaunch][INFO] 2017-06-10 00:48:52,732: create_node_process: package[robot_sim] type[robot_sim_bringup] machine[Machine(name[] env_loader[None] address[localhost] ssh_port[22] user[None] assignable[True] timeout[10.0])] master_uri[http://ip-172-31-26-229:59149/]
[roslaunch][INFO] 2017-06-10 00:48:52,736: process[robot_sim-1]: env[{'ROS_DISTRO': 'indigo', 'ASNLIB': '/home/ccc_v1_s54106__48606/asn13529_Project_5/asn13530_Project_4/asnlib', 'LIB': '/home/ccc_v1_s54106__48606/lib', 'VOC_PROXY_TOKEN': '32046022643542435421353001593ba45907a495.53340569', 'SSH_CLIENT': '172.31.7.153 48480 22', 'CPATH': '/opt/ros/indigo/include', 'LOGNAME': 'ccc_v1_w_dd4cc_18220', 'USER': 'ccc_v1_w_dd4cc_18220', 'ROS_NODE_PORT': '59149', 'HOME': '/home/ccc_v1_w_dd4cc_18220/asn13529_Project_5/asn13530_Project_4/work', 'PATH': '/opt/ros/indigo/bin:/usr/local/sbin:/usr/local/bin:/usr/sbin:/usr/bin:/sbin:/bin:/usr/games:/usr/local/games:/home/local/bin:/home/ccc_v1_s54106__48606/lib:/home/ccc_v1_s54106__48606/asn13529_Project_5/asn13530_Project_4/asnlib:/home/vlibs:.', 'CMAKE_PREFIX_PATH': '/home/ccc_v1_w_dd4cc_18220/asn13529_Project_5/asn13530_Project_4/work/catkin_ws/devel:/opt/ros/indigo', 'ROS_LOG_FILENAME': '/home/ccc_v1_w_dd4cc_18220/asn13529_Project_5/asn13530_Project_4/work/.ros/log/3c96121a-4db1-11e7-b23b-06b0869cc04d/roslaunch-ip-172-31-26-229-16340.log', 'LANG': 'en_US.UTF-8', 'TERM': 'xterm-256color', 'SHELL': '/bin/bash', 'HISTFILE': '/home/ccc_v1_w_dd4cc_18220/.bash_history', 'SHLVL': '2', 'VOC_WORKAREA': '/home/ccc_v1_w_dd4cc_18220/asn13529_Project_5/asn13530_Project_4/work', 'LD_LIBRARY_PATH': '/home/ccc_v1_w_dd4cc_18220/asn13529_Project_5/asn13530_Project_4/work/catkin_ws/devel/lib:/opt/ros/indigo/lib/x86_64-linux-gnu:/opt/ros/indigo/lib:/home/ccc_v1_s54106__48606/lib:/home/ccc_v1_s54106__48606/asn13529_Project_5/asn13530_Project_4/asnlib:/home/vlibs', 'PART1': '/home/ccc_v1_s54106__48606/asn13529_Project_5/asn13530_Project_4', 'ROS_MASTER_URI': 'http://ip-172-31-26-229:59149/', 'XDG_RUNTIME_DIR': '/run/user/18220', 'PYTHONPATH': '/opt/ros/indigo/lib/python2.7/dist-packages:/home/vlibs/python', 'VOC_PROXY_WRAPPER_PORT': '5100', 'VOC_XFER_TOKEN': '13385958524354243542135300593ba458f33454.12157762', 'ROS_ROOT': '/opt/ros/indigo/share/ros', 'OLD_HOME': '/home/ccc_v1_w_dd4cc_18220', 'PKG_CONFIG_PATH': '/home/ccc_v1_w_dd4cc_18220/asn13529_Project_5/asn13530_Project_4/work/catkin_ws/devel/lib/pkgconfig:/opt/ros/indigo/lib/x86_64-linux-gnu/pkgconfig:/opt/ros/indigo/lib/pkgconfig', 'ROS_PACKAGE_PATH': '/home/ccc_v1_w_dd4cc_18220/asn13529_Project_5/asn13530_Project_4/work/catkin_ws/src:/opt/ros/indigo/share:/opt/ros/indigo/stacks', 'XDG_SESSION_ID': '317208', '_': '/usr/bin/stdbuf', 'LD_PRELOAD': '/usr/lib/coreutils/libstdbuf.so', '_STDBUF_O': 'L', 'SSH_TTY': '/dev/pts/3', 'OLDPWD': '/home/ccc_v1_w_dd4cc_18220/asn13529_Project_5/asn13530_Project_4/work/catkin_ws', 'ROSLISP_PACKAGE_DIRECTORIES': '/home/ccc_v1_w_dd4cc_18220/asn13529_Project_5/asn13530_Project_4/work/catkin_ws/devel/share/common-lisp', 'VLIB': '/home/vlibs', 'PWD': '/home/ccc_v1_w_dd4cc_18220/asn13529_Project_5/asn13530_Project_4/work', 'VOC_PROXY_ID': '43542_43542_13530_0_1', 'ROS_ETC_DIR': '/opt/ros/indigo/etc/ros', 'MAIL': '/var/mail/ccc_v1_w_dd4cc_18220', 'SSH_CONNECTION': '172.31.7.153 48480 172.31.26.229 22'}]
[roslaunch][INFO] 2017-06-10 00:48:52,802: process[robot_sim-1]: args[[u'/home/ccc_v1_w_dd4cc_18220/asn13529_Project_5/asn13530_Project_4/work/catkin_ws/devel/lib/robot_sim/robot_sim_bringup', u'__name:=robot_sim']]
[roslaunch][INFO] 2017-06-10 00:48:52,806: ... created process [robot_sim-1]
[roslaunch.pmon][INFO] 2017-06-10 00:48:52,811: ProcessMonitor.register[robot_sim-1]
[roslaunch.pmon][INFO] 2017-06-10 00:48:52,820: ProcessMonitor.register[robot_sim-1] complete
[roslaunch][INFO] 2017-06-10 00:48:52,823: ... registered process [robot_sim-1]
[roslaunch][INFO] 2017-06-10 00:48:52,827: process[robot_sim-1]: starting os process
[roslaunch][INFO] 2017-06-10 00:48:52,831: process[robot_sim-1]: start w/ args [[u'/home/ccc_v1_w_dd4cc_18220/asn13529_Project_5/asn13530_Project_4/work/catkin_ws/devel/lib/robot_sim/robot_sim_bringup', u'__name:=robot_sim', u'__log:=/home/ccc_v1_w_dd4cc_18220/asn13529_Project_5/asn13530_Project_4/work/.ros/log/3c96121a-4db1-11e7-b23b-06b0869cc04d/robot_sim-1.log']]
[roslaunch][INFO] 2017-06-10 00:48:52,834: process[robot_sim-1]: cwd will be [/home/ccc_v1_w_dd4cc_18220/asn13529_Project_5/asn13530_Project_4/work/.ros]
[roslaunch][INFO] 2017-06-10 00:48:52,844: process[robot_sim-1]: started with pid [16374]
[roslaunch][INFO] 2017-06-10 00:48:52,845: ... successfully launched [robot_sim-1]
[roslaunch][INFO] 2017-06-10 00:48:52,848: ... preparing to launch node of type [robot_state_publisher/robot_state_publisher]
[roslaunch][INFO] 2017-06-10 00:48:52,852: create_node_process: package[robot_state_publisher] type[robot_state_publisher] machine[Machine(name[] env_loader[None] address[localhost] ssh_port[22] user[None] assignable[True] timeout[10.0])] master_uri[http://ip-172-31-26-229:59149/]
[roslaunch][INFO] 2017-06-10 00:48:52,855: process[robot_state_publisher-2]: env[{'ROS_DISTRO': 'indigo', 'ASNLIB': '/home/ccc_v1_s54106__48606/asn13529_Project_5/asn13530_Project_4/asnlib', 'LIB': '/home/ccc_v1_s54106__48606/lib', 'VOC_PROXY_TOKEN': '32046022643542435421353001593ba45907a495.53340569', 'SSH_CLIENT': '172.31.7.153 48480 22', 'CPATH': '/opt/ros/indigo/include', 'LOGNAME': 'ccc_v1_w_dd4cc_18220', 'USER': 'ccc_v1_w_dd4cc_18220', 'ROS_NODE_PORT': '59149', 'HOME': '/home/ccc_v1_w_dd4cc_18220/asn13529_Project_5/asn13530_Project_4/work', 'PATH': '/opt/ros/indigo/bin:/usr/local/sbin:/usr/local/bin:/usr/sbin:/usr/bin:/sbin:/bin:/usr/games:/usr/local/games:/home/local/bin:/home/ccc_v1_s54106__48606/lib:/home/ccc_v1_s54106__48606/asn13529_Project_5/asn13530_Project_4/asnlib:/home/vlibs:.', 'CMAKE_PREFIX_PATH': '/home/ccc_v1_w_dd4cc_18220/asn13529_Project_5/asn13530_Project_4/work/catkin_ws/devel:/opt/ros/indigo', 'ROS_LOG_FILENAME': '/home/ccc_v1_w_dd4cc_18220/asn13529_Project_5/asn13530_Project_4/work/.ros/log/3c96121a-4db1-11e7-b23b-06b0869cc04d/roslaunch-ip-172-31-26-229-16340.log', 'LANG': 'en_US.UTF-8', 'TERM': 'xterm-256color', 'SHELL': '/bin/bash', 'HISTFILE': '/home/ccc_v1_w_dd4cc_18220/.bash_history', 'SHLVL': '2', 'VOC_WORKAREA': '/home/ccc_v1_w_dd4cc_18220/asn13529_Project_5/asn13530_Project_4/work', 'LD_LIBRARY_PATH': '/home/ccc_v1_w_dd4cc_18220/asn13529_Project_5/asn13530_Project_4/work/catkin_ws/devel/lib:/opt/ros/indigo/lib/x86_64-linux-gnu:/opt/ros/indigo/lib:/home/ccc_v1_s54106__48606/lib:/home/ccc_v1_s54106__48606/asn13529_Project_5/asn13530_Project_4/asnlib:/home/vlibs', 'PART1': '/home/ccc_v1_s54106__48606/asn13529_Project_5/asn13530_Project_4', 'ROS_MASTER_URI': 'http://ip-172-31-26-229:59149/', 'XDG_RUNTIME_DIR': '/run/user/18220', 'PYTHONPATH': '/opt/ros/indigo/lib/python2.7/dist-packages:/home/vlibs/python', 'VOC_PROXY_WRAPPER_PORT': '5100', 'VOC_XFER_TOKEN': '13385958524354243542135300593ba458f33454.12157762', 'ROS_ROOT': '/opt/ros/indigo/share/ros', 'OLD_HOME': '/home/ccc_v1_w_dd4cc_18220', 'PKG_CONFIG_PATH': '/home/ccc_v1_w_dd4cc_18220/asn13529_Project_5/asn13530_Project_4/work/catkin_ws/devel/lib/pkgconfig:/opt/ros/indigo/lib/x86_64-linux-gnu/pkgconfig:/opt/ros/indigo/lib/pkgconfig', 'ROS_PACKAGE_PATH': '/home/ccc_v1_w_dd4cc_18220/asn13529_Project_5/asn13530_Project_4/work/catkin_ws/src:/opt/ros/indigo/share:/opt/ros/indigo/stacks', 'XDG_SESSION_ID': '317208', '_': '/usr/bin/stdbuf', 'LD_PRELOAD': '/usr/lib/coreutils/libstdbuf.so', '_STDBUF_O': 'L', 'SSH_TTY': '/dev/pts/3', 'OLDPWD': '/home/ccc_v1_w_dd4cc_18220/asn13529_Project_5/asn13530_Project_4/work/catkin_ws', 'ROSLISP_PACKAGE_DIRECTORIES': '/home/ccc_v1_w_dd4cc_18220/asn13529_Project_5/asn13530_Project_4/work/catkin_ws/devel/share/common-lisp', 'VLIB': '/home/vlibs', 'PWD': '/home/ccc_v1_w_dd4cc_18220/asn13529_Project_5/asn13530_Project_4/work', 'VOC_PROXY_ID': '43542_43542_13530_0_1', 'ROS_ETC_DIR': '/opt/ros/indigo/etc/ros', 'MAIL': '/var/mail/ccc_v1_w_dd4cc_18220', 'SSH_CONNECTION': '172.31.7.153 48480 172.31.26.229 22'}]
[roslaunch][INFO] 2017-06-10 00:48:52,863: process[robot_state_publisher-2]: args[[u'/opt/ros/indigo/lib/robot_state_publisher/robot_state_publisher', u'__name:=robot_state_publisher']]
[roslaunch][INFO] 2017-06-10 00:48:52,866: ... created process [robot_state_publisher-2]
[roslaunch.pmon][INFO] 2017-06-10 00:48:52,870: ProcessMonitor.register[robot_state_publisher-2]
[roslaunch.pmon][INFO] 2017-06-10 00:48:52,873: ProcessMonitor.register[robot_state_publisher-2] complete
[roslaunch][INFO] 2017-06-10 00:48:52,877: ... registered process [robot_state_publisher-2]
[roslaunch][INFO] 2017-06-10 00:48:52,880: process[robot_state_publisher-2]: starting os process
[roslaunch][INFO] 2017-06-10 00:48:52,884: process[robot_state_publisher-2]: start w/ args [[u'/opt/ros/indigo/lib/robot_state_publisher/robot_state_publisher', u'__name:=robot_state_publisher', u'__log:=/home/ccc_v1_w_dd4cc_18220/asn13529_Project_5/asn13530_Project_4/work/.ros/log/3c96121a-4db1-11e7-b23b-06b0869cc04d/robot_state_publisher-2.log']]
[roslaunch][INFO] 2017-06-10 00:48:52,887: process[robot_state_publisher-2]: cwd will be [/home/ccc_v1_w_dd4cc_18220/asn13529_Project_5/asn13530_Project_4/work/.ros]
[roslaunch][INFO] 2017-06-10 00:48:52,897: process[robot_state_publisher-2]: started with pid [16382]
[roslaunch][INFO] 2017-06-10 00:48:52,898: ... successfully launched [robot_state_publisher-2]
[roslaunch][INFO] 2017-06-10 00:48:52,902: ... preparing to launch node of type [moveit_ros_move_group/move_group]
[roslaunch][INFO] 2017-06-10 00:48:52,906: create_node_process: package[moveit_ros_move_group] type[move_group] machine[Machine(name[] env_loader[None] address[localhost] ssh_port[22] user[None] assignable[True] timeout[10.0])] master_uri[http://ip-172-31-26-229:59149/]
[roslaunch][INFO] 2017-06-10 00:48:52,909: process[move_group-3]: env[{'ROS_DISTRO': 'indigo', 'ASNLIB': '/home/ccc_v1_s54106__48606/asn13529_Project_5/asn13530_Project_4/asnlib', 'LIB': '/home/ccc_v1_s54106__48606/lib', 'VOC_PROXY_TOKEN': '32046022643542435421353001593ba45907a495.53340569', 'SSH_CLIENT': '172.31.7.153 48480 22', 'CPATH': '/opt/ros/indigo/include', 'LOGNAME': 'ccc_v1_w_dd4cc_18220', 'USER': 'ccc_v1_w_dd4cc_18220', 'ROS_NODE_PORT': '59149', 'HOME': '/home/ccc_v1_w_dd4cc_18220/asn13529_Project_5/asn13530_Project_4/work', 'PATH': '/opt/ros/indigo/bin:/usr/local/sbin:/usr/local/bin:/usr/sbin:/usr/bin:/sbin:/bin:/usr/games:/usr/local/games:/home/local/bin:/home/ccc_v1_s54106__48606/lib:/home/ccc_v1_s54106__48606/asn13529_Project_5/asn13530_Project_4/asnlib:/home/vlibs:.', 'CMAKE_PREFIX_PATH': '/home/ccc_v1_w_dd4cc_18220/asn13529_Project_5/asn13530_Project_4/work/catkin_ws/devel:/opt/ros/indigo', 'ROS_LOG_FILENAME': '/home/ccc_v1_w_dd4cc_18220/asn13529_Project_5/asn13530_Project_4/work/.ros/log/3c96121a-4db1-11e7-b23b-06b0869cc04d/roslaunch-ip-172-31-26-229-16340.log', 'LANG': 'en_US.UTF-8', 'TERM': 'xterm-256color', 'SHELL': '/bin/bash', 'HISTFILE': '/home/ccc_v1_w_dd4cc_18220/.bash_history', 'SHLVL': '2', 'VOC_WORKAREA': '/home/ccc_v1_w_dd4cc_18220/asn13529_Project_5/asn13530_Project_4/work', 'LD_LIBRARY_PATH': '/home/ccc_v1_w_dd4cc_18220/asn13529_Project_5/asn13530_Project_4/work/catkin_ws/devel/lib:/opt/ros/indigo/lib/x86_64-linux-gnu:/opt/ros/indigo/lib:/home/ccc_v1_s54106__48606/lib:/home/ccc_v1_s54106__48606/asn13529_Project_5/asn13530_Project_4/asnlib:/home/vlibs', 'PART1': '/home/ccc_v1_s54106__48606/asn13529_Project_5/asn13530_Project_4', 'ROS_MASTER_URI': 'http://ip-172-31-26-229:59149/', 'XDG_RUNTIME_DIR': '/run/user/18220', 'PYTHONPATH': '/opt/ros/indigo/lib/python2.7/dist-packages:/home/vlibs/python', 'VOC_PROXY_WRAPPER_PORT': '5100', 'VOC_XFER_TOKEN': '13385958524354243542135300593ba458f33454.12157762', 'ROS_ROOT': '/opt/ros/indigo/share/ros', 'OLD_HOME': '/home/ccc_v1_w_dd4cc_18220', 'PKG_CONFIG_PATH': '/home/ccc_v1_w_dd4cc_18220/asn13529_Project_5/asn13530_Project_4/work/catkin_ws/devel/lib/pkgconfig:/opt/ros/indigo/lib/x86_64-linux-gnu/pkgconfig:/opt/ros/indigo/lib/pkgconfig', 'ROS_PACKAGE_PATH': '/home/ccc_v1_w_dd4cc_18220/asn13529_Project_5/asn13530_Project_4/work/catkin_ws/src:/opt/ros/indigo/share:/opt/ros/indigo/stacks', 'XDG_SESSION_ID': '317208', '_': '/usr/bin/stdbuf', 'LD_PRELOAD': '/usr/lib/coreutils/libstdbuf.so', '_STDBUF_O': 'L', u'DISPLAY': u':0', 'SSH_TTY': '/dev/pts/3', 'OLDPWD': '/home/ccc_v1_w_dd4cc_18220/asn13529_Project_5/asn13530_Project_4/work/catkin_ws', 'ROSLISP_PACKAGE_DIRECTORIES': '/home/ccc_v1_w_dd4cc_18220/asn13529_Project_5/asn13530_Project_4/work/catkin_ws/devel/share/common-lisp', 'VLIB': '/home/vlibs', 'PWD': '/home/ccc_v1_w_dd4cc_18220/asn13529_Project_5/asn13530_Project_4/work', 'VOC_PROXY_ID': '43542_43542_13530_0_1', 'ROS_ETC_DIR': '/opt/ros/indigo/etc/ros', 'MAIL': '/var/mail/ccc_v1_w_dd4cc_18220', 'SSH_CONNECTION': '172.31.7.153 48480 172.31.26.229 22'}]
[roslaunch][INFO] 2017-06-10 00:48:52,917: process[move_group-3]: args[[u'/opt/ros/indigo/lib/moveit_ros_move_group/move_group', u'__name:=move_group']]
[roslaunch][INFO] 2017-06-10 00:48:52,920: ... created process [move_group-3]
[roslaunch.pmon][INFO] 2017-06-10 00:48:52,928: ProcessMonitor.register[move_group-3]
[roslaunch.pmon][INFO] 2017-06-10 00:48:52,932: ProcessMonitor.register[move_group-3] complete
[roslaunch][INFO] 2017-06-10 00:48:52,935: ... registered process [move_group-3]
[roslaunch][INFO] 2017-06-10 00:48:52,940: process[move_group-3]: starting os process
[roslaunch][INFO] 2017-06-10 00:48:52,946: process[move_group-3]: start w/ args [[u'/opt/ros/indigo/lib/moveit_ros_move_group/move_group', u'__name:=move_group', u'__log:=/home/ccc_v1_w_dd4cc_18220/asn13529_Project_5/asn13530_Project_4/work/.ros/log/3c96121a-4db1-11e7-b23b-06b0869cc04d/move_group-3.log']]
[roslaunch][INFO] 2017-06-10 00:48:52,950: process[move_group-3]: cwd will be [/home/ccc_v1_w_dd4cc_18220/asn13529_Project_5/asn13530_Project_4/work/.ros]
[roslaunch][INFO] 2017-06-10 00:48:52,959: process[move_group-3]: started with pid [16425]
[roslaunch][INFO] 2017-06-10 00:48:52,960: ... successfully launched [move_group-3]
[roslaunch][INFO] 2017-06-10 00:48:52,964: ... launch_nodes complete
[roslaunch.pmon][INFO] 2017-06-10 00:48:52,967: registrations completed <ProcessMonitor(ProcessMonitor-1, started daemon 139710289118976)>
[roslaunch.parent][INFO] 2017-06-10 00:48:52,970: ... roslaunch parent running, waiting for process exit
[roslaunch][INFO] 2017-06-10 00:48:52,974: spin
