[rosmaster.main][INFO] 2017-06-10 00:50:46,782: initialization complete, waiting for shutdown
[rosmaster.main][INFO] 2017-06-10 00:50:46,782: Starting ROS Master Node
[xmlrpc][INFO] 2017-06-10 00:50:46,786: XML-RPC server binding to 0.0.0.0:35711
[xmlrpc][INFO] 2017-06-10 00:50:46,790: Started XML-RPC server [http://ip-172-31-19-100:35711/]
[rosmaster.master][INFO] 2017-06-10 00:50:46,790: Master initialized: port[35711], uri[http://ip-172-31-19-100:35711/]
[xmlrpc][INFO] 2017-06-10 00:50:46,793: xml rpc node: starting XML-RPC server
[rosmaster.master][INFO] 2017-06-10 00:50:46,888: +PARAM [/run_id] by /roslaunch
[rosmaster.master][INFO] 2017-06-10 00:50:46,896: +PARAM [/roslaunch/uris/host_ip_172_31_19_100__60848] by /roslaunch
[rosmaster.master][INFO] 2017-06-10 00:50:46,985: +PARAM [/rosversion] by /roslaunch
[rosmaster.master][INFO] 2017-06-10 00:50:46,989: +PARAM [/rosdistro] by /roslaunch
[rosmaster.master][INFO] 2017-06-10 00:50:47,017: +SERVICE [/rosout/get_loggers] /rosout http://ip-172-31-19-100:38936/
[rosmaster.master][INFO] 2017-06-10 00:50:47,021: +SERVICE [/rosout/set_logger_level] /rosout http://ip-172-31-19-100:38936/
[rosmaster.master][INFO] 2017-06-10 00:50:47,027: +PUB [/rosout_agg] /rosout http://ip-172-31-19-100:38936/
[rosmaster.master][INFO] 2017-06-10 00:50:47,035: +SUB [/rosout] /rosout http://ip-172-31-19-100:38936/
[rosmaster.master][INFO] 2017-06-10 00:50:47,372: +PUB [/rosout] /tf2_web_republisher http://ip-172-31-19-100:45099/
[rosmaster.master][INFO] 2017-06-10 00:50:47,376: +SERVICE [/tf2_web_republisher/get_loggers] /tf2_web_republisher http://ip-172-31-19-100:45099/
[rosmaster.master][INFO] 2017-06-10 00:50:47,381: +SERVICE [/tf2_web_republisher/set_logger_level] /tf2_web_republisher http://ip-172-31-19-100:45099/
[rosmaster.master][INFO] 2017-06-10 00:50:47,387: publisherUpdate[/rosout] -> http://ip-172-31-19-100:38936/
[rosmaster.master][INFO] 2017-06-10 00:50:47,388: +SUB [/tf] /tf2_web_republisher http://ip-172-31-19-100:45099/
[rosmaster.master][INFO] 2017-06-10 00:50:47,398: +SUB [/tf_static] /tf2_web_republisher http://ip-172-31-19-100:45099/
[rosmaster.master][INFO] 2017-06-10 00:50:47,402: +SERVICE [/republish_tfs] /tf2_web_republisher http://ip-172-31-19-100:45099/
[rosmaster.master][INFO] 2017-06-10 00:50:47,406: +PUB [/tf2_web_republisher/result] /tf2_web_republisher http://ip-172-31-19-100:45099/
[rosmaster.master][INFO] 2017-06-10 00:50:47,410: +PUB [/tf2_web_republisher/feedback] /tf2_web_republisher http://ip-172-31-19-100:45099/
[rosmaster.master][INFO] 2017-06-10 00:50:47,414: +PUB [/tf2_web_republisher/status] /tf2_web_republisher http://ip-172-31-19-100:45099/
[rosmaster.master][INFO] 2017-06-10 00:50:47,423: +SUB [/tf2_web_republisher/goal] /tf2_web_republisher http://ip-172-31-19-100:45099/
[rosmaster.master][INFO] 2017-06-10 00:50:47,429: +SUB [/tf2_web_republisher/cancel] /tf2_web_republisher http://ip-172-31-19-100:45099/
[rosmaster.master][INFO] 2017-06-10 00:50:48,795: +PARAM [/roslaunch/uris/host_ip_172_31_19_100__59338] by /roslaunch
[rosmaster.master][INFO] 2017-06-10 00:50:48,801: +PARAM [/rosbridge_websocket/port] by /roslaunch
[rosmaster.master][INFO] 2017-06-10 00:50:48,805: +PARAM [/rosdistro] by /roslaunch
[rosmaster.master][INFO] 2017-06-10 00:50:48,808: +PARAM [/rosbridge_websocket/fragment_timeout] by /roslaunch
[rosmaster.master][INFO] 2017-06-10 00:50:48,812: +PARAM [/rosbridge_websocket/delay_between_messages] by /roslaunch
[rosmaster.master][INFO] 2017-06-10 00:50:48,815: +PARAM [/rosversion] by /roslaunch
[rosmaster.master][INFO] 2017-06-10 00:50:48,818: +PARAM [/rosbridge_websocket/authenticate] by /roslaunch
[rosmaster.master][INFO] 2017-06-10 00:50:48,822: +PARAM [/rosbridge_websocket/retry_startup_delay] by /roslaunch
[rosmaster.master][INFO] 2017-06-10 00:50:48,825: +PARAM [/rosbridge_websocket/address] by /roslaunch
[rosmaster.master][INFO] 2017-06-10 00:50:48,829: +PARAM [/rosbridge_websocket/max_message_size] by /roslaunch
[rosmaster.master][INFO] 2017-06-10 00:50:49,299: +PUB [/rosout] /rosapi http://ip-172-31-19-100:41207/
[rosmaster.master][INFO] 2017-06-10 00:50:49,300: publisherUpdate[/rosout] -> http://ip-172-31-19-100:38936/
[rosmaster.master][INFO] 2017-06-10 00:50:49,313: +SERVICE [/rosapi/get_loggers] /rosapi http://ip-172-31-19-100:41207/
[rosmaster.master][INFO] 2017-06-10 00:50:49,318: +SERVICE [/rosapi/set_logger_level] /rosapi http://ip-172-31-19-100:41207/
[rosmaster.master][INFO] 2017-06-10 00:50:49,323: +SERVICE [/rosapi/topics] /rosapi http://ip-172-31-19-100:41207/
[rosmaster.master][INFO] 2017-06-10 00:50:49,328: +SERVICE [/rosapi/topics_for_type] /rosapi http://ip-172-31-19-100:41207/
[rosmaster.master][INFO] 2017-06-10 00:50:49,332: +SERVICE [/rosapi/services] /rosapi http://ip-172-31-19-100:41207/
[rosmaster.master][INFO] 2017-06-10 00:50:49,337: +SERVICE [/rosapi/services_for_type] /rosapi http://ip-172-31-19-100:41207/
[rosmaster.master][INFO] 2017-06-10 00:50:49,341: +SERVICE [/rosapi/nodes] /rosapi http://ip-172-31-19-100:41207/
[rosmaster.master][INFO] 2017-06-10 00:50:49,346: +SERVICE [/rosapi/node_details] /rosapi http://ip-172-31-19-100:41207/
[rosmaster.master][INFO] 2017-06-10 00:50:49,350: +SERVICE [/rosapi/topic_type] /rosapi http://ip-172-31-19-100:41207/
[rosmaster.master][INFO] 2017-06-10 00:50:49,354: +SERVICE [/rosapi/service_type] /rosapi http://ip-172-31-19-100:41207/
[rosmaster.master][INFO] 2017-06-10 00:50:49,359: +SERVICE [/rosapi/publishers] /rosapi http://ip-172-31-19-100:41207/
[rosmaster.master][INFO] 2017-06-10 00:50:49,363: +SERVICE [/rosapi/subscribers] /rosapi http://ip-172-31-19-100:41207/
[rosmaster.master][INFO] 2017-06-10 00:50:49,368: +SERVICE [/rosapi/service_providers] /rosapi http://ip-172-31-19-100:41207/
[rosmaster.master][INFO] 2017-06-10 00:50:49,372: +SERVICE [/rosapi/service_node] /rosapi http://ip-172-31-19-100:41207/
[rosmaster.master][INFO] 2017-06-10 00:50:49,378: +SERVICE [/rosapi/service_host] /rosapi http://ip-172-31-19-100:41207/
[rosmaster.master][INFO] 2017-06-10 00:50:49,382: +PUB [/rosout] /interactive_marker_proxy http://ip-172-31-19-100:40995/
[rosmaster.master][INFO] 2017-06-10 00:50:49,391: publisherUpdate[/rosout] -> http://ip-172-31-19-100:38936/
[rosmaster.master][INFO] 2017-06-10 00:50:49,394: +SERVICE [/rosapi/message_details] /rosapi http://ip-172-31-19-100:41207/
[rosmaster.master][INFO] 2017-06-10 00:50:49,401: +SERVICE [/interactive_marker_proxy/get_loggers] /interactive_marker_proxy http://ip-172-31-19-100:40995/
[rosmaster.master][INFO] 2017-06-10 00:50:49,405: +SERVICE [/rosapi/service_request_details] /rosapi http://ip-172-31-19-100:41207/
[rosmaster.master][INFO] 2017-06-10 00:50:49,409: +SERVICE [/interactive_marker_proxy/set_logger_level] /interactive_marker_proxy http://ip-172-31-19-100:40995/
[rosmaster.master][INFO] 2017-06-10 00:50:49,412: +SERVICE [/rosapi/service_response_details] /rosapi http://ip-172-31-19-100:41207/
[rosmaster.master][INFO] 2017-06-10 00:50:49,417: +SUB [/tf] /interactive_marker_proxy http://ip-172-31-19-100:40995/
[rosmaster.master][INFO] 2017-06-10 00:50:49,421: +SERVICE [/rosapi/set_param] /rosapi http://ip-172-31-19-100:41207/
[rosmaster.master][INFO] 2017-06-10 00:50:49,424: +SUB [/tf_static] /interactive_marker_proxy http://ip-172-31-19-100:40995/
[rosmaster.master][INFO] 2017-06-10 00:50:49,428: +SERVICE [/rosapi/get_param] /rosapi http://ip-172-31-19-100:41207/
[rosmaster.master][INFO] 2017-06-10 00:50:49,432: +SUB [/control_markers/update] /interactive_marker_proxy http://ip-172-31-19-100:40995/
[rosmaster.master][INFO] 2017-06-10 00:50:49,437: +SERVICE [/rosapi/has_param] /rosapi http://ip-172-31-19-100:41207/
[rosmaster.master][INFO] 2017-06-10 00:50:49,440: +PUB [/rosout] /rosbridge_websocket http://ip-172-31-19-100:55247/
[rosmaster.master][INFO] 2017-06-10 00:50:49,444: +SUB [/control_markers/update_full] /interactive_marker_proxy http://ip-172-31-19-100:40995/
[rosmaster.master][INFO] 2017-06-10 00:50:49,448: +SERVICE [/rosapi/search_param] /rosapi http://ip-172-31-19-100:41207/
[rosmaster.master][INFO] 2017-06-10 00:50:49,453: +SERVICE [/rosapi/delete_param] /rosapi http://ip-172-31-19-100:41207/
[rosmaster.master][INFO] 2017-06-10 00:50:49,456: +PUB [/control_markers/tunneled/update] /interactive_marker_proxy http://ip-172-31-19-100:40995/
[rosmaster.master][INFO] 2017-06-10 00:50:49,460: +SERVICE [/rosbridge_websocket/get_loggers] /rosbridge_websocket http://ip-172-31-19-100:55247/
[rosmaster.master][INFO] 2017-06-10 00:50:49,464: +SERVICE [/rosapi/get_param_names] /rosapi http://ip-172-31-19-100:41207/
[rosmaster.master][INFO] 2017-06-10 00:50:49,468: +SERVICE [/control_markers/tunneled/get_init] /interactive_marker_proxy http://ip-172-31-19-100:40995/
[rosmaster.master][INFO] 2017-06-10 00:50:49,471: +SERVICE [/rosbridge_websocket/set_logger_level] /rosbridge_websocket http://ip-172-31-19-100:55247/
[rosmaster.master][INFO] 2017-06-10 00:50:49,475: +SERVICE [/rosapi/get_time] /rosapi http://ip-172-31-19-100:41207/
[rosmaster.master][INFO] 2017-06-10 00:50:49,491: publisherUpdate[/rosout] -> http://ip-172-31-19-100:38936/
[rosmaster.master][INFO] 2017-06-10 00:50:49,507: -SUB [/control_markers/update_full] /interactive_marker_proxy http://ip-172-31-19-100:40995/
[rosmaster.master][INFO] 2017-06-10 00:50:51,072: +PARAM [/roslaunch/uris/host_ip_172_31_19_100__60314] by /roslaunch
[rosmaster.master][INFO] 2017-06-10 00:50:51,090: +PARAM [/robot_description_kinematics/lwr_arm/kinematics_solver] by /roslaunch
[rosmaster.master][INFO] 2017-06-10 00:50:51,098: +PARAM [/move_group/planner_configs/RRTkConfigDefault/goal_bias] by /roslaunch
[rosmaster.master][INFO] 2017-06-10 00:50:51,102: +PARAM [/robot_description_semantic] by /roslaunch
[rosmaster.master][INFO] 2017-06-10 00:50:51,105: +PARAM [/robot_description_kinematics/lwr_arm/kinematics_solver_attempts] by /roslaunch
[rosmaster.master][INFO] 2017-06-10 00:50:51,109: +PARAM [/robot_description_planning/joint_limits/lwr_arm_6_joint/max_acceleration] by /roslaunch
[rosmaster.master][INFO] 2017-06-10 00:50:51,113: +PARAM [/robot_description_planning/joint_limits/lwr_arm_5_joint/has_acceleration_limits] by /roslaunch
[rosmaster.master][INFO] 2017-06-10 00:50:51,116: +PARAM [/move_group/planner_configs/RRTstarkConfigDefault/range] by /roslaunch
[rosmaster.master][INFO] 2017-06-10 00:50:51,120: +PARAM [/robot_description_planning/joint_limits/lwr_arm_0_joint/max_acceleration] by /roslaunch
[rosmaster.master][INFO] 2017-06-10 00:50:51,126: +PARAM [/robot_description_planning/joint_limits/lwr_arm_0_joint/has_velocity_limits] by /roslaunch
[rosmaster.master][INFO] 2017-06-10 00:50:51,129: +PARAM [/move_group/max_safe_path_cost] by /roslaunch
[rosmaster.master][INFO] 2017-06-10 00:50:51,133: +PARAM [/move_group/planner_configs/RRTstarkConfigDefault/goal_bias] by /roslaunch
[rosmaster.master][INFO] 2017-06-10 00:50:51,137: +PARAM [/move_group/planning_scene_monitor/publish_planning_scene] by /roslaunch
[rosmaster.master][INFO] 2017-06-10 00:50:51,140: +PARAM [/move_group/planner_configs/PRMkConfigDefault/type] by /roslaunch
[rosmaster.master][INFO] 2017-06-10 00:50:51,143: +PARAM [/move_group/planner_configs/ESTkConfigDefault/range] by /roslaunch
[rosmaster.master][INFO] 2017-06-10 00:50:51,147: +PARAM [/robot_description_planning/joint_limits/lwr_arm_2_joint/max_acceleration] by /roslaunch
[rosmaster.master][INFO] 2017-06-10 00:50:51,150: +PARAM [/move_group/planner_configs/KPIECEkConfigDefault/min_valid_path_fraction] by /roslaunch
[rosmaster.master][INFO] 2017-06-10 00:50:51,153: +PARAM [/move_group/planner_configs/BKPIECEkConfigDefault/border_fraction] by /roslaunch
[rosmaster.master][INFO] 2017-06-10 00:50:51,157: +PARAM [/move_group/planner_configs/PRMkConfigDefault/max_nearest_neighbors] by /roslaunch
[rosmaster.master][INFO] 2017-06-10 00:50:51,160: +PARAM [/move_group/planner_configs/TRRTkConfigDefault/goal_bias] by /roslaunch
[rosmaster.master][INFO] 2017-06-10 00:50:51,164: +PARAM [/move_group/planner_configs/BKPIECEkConfigDefault/min_valid_path_fraction] by /roslaunch
[rosmaster.master][INFO] 2017-06-10 00:50:51,167: +PARAM [/robot_description_planning/joint_limits/lwr_arm_2_joint/has_velocity_limits] by /roslaunch
[rosmaster.master][INFO] 2017-06-10 00:50:51,170: +PARAM [/robot_description_planning/joint_limits/lwr_arm_3_joint/max_velocity] by /roslaunch
[rosmaster.master][INFO] 2017-06-10 00:50:51,173: +PARAM [/robot_description_planning/joint_limits/lwr_arm_4_joint/max_acceleration] by /roslaunch
[rosmaster.master][INFO] 2017-06-10 00:50:51,178: +PARAM [/robot_description_planning/joint_limits/lwr_arm_0_joint/max_velocity] by /roslaunch
[rosmaster.master][INFO] 2017-06-10 00:50:51,181: +PARAM [/move_group/planner_configs/SBLkConfigDefault/range] by /roslaunch
[rosmaster.master][INFO] 2017-06-10 00:50:51,184: +PARAM [/move_group/planner_configs/TRRTkConfigDefault/frountierNodeRatio] by /roslaunch
[rosmaster.master][INFO] 2017-06-10 00:50:51,188: +PARAM [/robot_description_planning/joint_limits/lwr_arm_6_joint/has_acceleration_limits] by /roslaunch
[rosmaster.master][INFO] 2017-06-10 00:50:51,191: +PARAM [/move_group/planning_plugin] by /roslaunch
[rosmaster.master][INFO] 2017-06-10 00:50:51,195: +PARAM [/move_group/planning_scene_monitor/publish_geometry_updates] by /roslaunch
[rosmaster.master][INFO] 2017-06-10 00:50:51,198: +PARAM [/robot_description_planning/joint_limits/lwr_arm_3_joint/max_acceleration] by /roslaunch
[rosmaster.master][INFO] 2017-06-10 00:50:51,201: +PARAM [/move_group/planner_configs/TRRTkConfigDefault/max_states_failed] by /roslaunch
[rosmaster.master][INFO] 2017-06-10 00:50:51,205: +PARAM [/robot_description_planning/joint_limits/lwr_arm_3_joint/has_velocity_limits] by /roslaunch
[rosmaster.master][INFO] 2017-06-10 00:50:51,208: +PARAM [/robot_description_kinematics/lwr_arm/kinematics_solver_timeout] by /roslaunch
[rosmaster.master][INFO] 2017-06-10 00:50:51,211: +PARAM [/move_group/lwr_arm/projection_evaluator] by /roslaunch
[rosmaster.master][INFO] 2017-06-10 00:50:51,215: +PARAM [/robot_description_planning/joint_limits/lwr_arm_1_joint/has_acceleration_limits] by /roslaunch
[rosmaster.master][INFO] 2017-06-10 00:50:51,218: +PARAM [/rosdistro] by /roslaunch
[rosmaster.master][INFO] 2017-06-10 00:50:51,222: +PARAM [/robot_description_planning/joint_limits/lwr_arm_5_joint/max_velocity] by /roslaunch
[rosmaster.master][INFO] 2017-06-10 00:50:51,225: +PARAM [/move_group/planner_configs/PRMstarkConfigDefault/type] by /roslaunch
[rosmaster.master][INFO] 2017-06-10 00:50:51,228: +PARAM [/move_group/planner_configs/RRTkConfigDefault/range] by /roslaunch
[rosmaster.master][INFO] 2017-06-10 00:50:51,232: +PARAM [/move_group/allow_trajectory_execution] by /roslaunch
[rosmaster.master][INFO] 2017-06-10 00:50:51,235: +PARAM [/move_group/lwr_arm/planner_configs] by /roslaunch
[rosmaster.master][INFO] 2017-06-10 00:50:51,239: +PARAM [/move_group/planner_configs/ESTkConfigDefault/type] by /roslaunch
[rosmaster.master][INFO] 2017-06-10 00:50:51,242: +PARAM [/move_group/start_state_max_bounds_error] by /roslaunch
[rosmaster.master][INFO] 2017-06-10 00:50:51,245: +PARAM [/move_group/planner_configs/TRRTkConfigDefault/init_temperature] by /roslaunch
[rosmaster.master][INFO] 2017-06-10 00:50:51,249: +PARAM [/move_group/planner_configs/BKPIECEkConfigDefault/type] by /roslaunch
[rosmaster.master][INFO] 2017-06-10 00:50:51,252: +PARAM [/move_group/planner_configs/KPIECEkConfigDefault/border_fraction] by /roslaunch
[rosmaster.master][INFO] 2017-06-10 00:50:51,256: +PARAM [/robot_description_planning/joint_limits/lwr_arm_4_joint/has_velocity_limits] by /roslaunch
[rosmaster.master][INFO] 2017-06-10 00:50:51,259: +PARAM [/move_group/planner_configs/ESTkConfigDefault/goal_bias] by /roslaunch
[rosmaster.master][INFO] 2017-06-10 00:50:51,263: +PARAM [/move_group/planner_configs/LBKPIECEkConfigDefault/border_fraction] by /roslaunch
[rosmaster.master][INFO] 2017-06-10 00:50:51,266: +PARAM [/move_group/jiggle_fraction] by /roslaunch
[rosmaster.master][INFO] 2017-06-10 00:50:51,270: +PARAM [/move_group/planner_configs/TRRTkConfigDefault/range] by /roslaunch
[rosmaster.master][INFO] 2017-06-10 00:50:51,273: +PARAM [/move_group/planning_scene_monitor/publish_state_updates] by /roslaunch
[rosmaster.master][INFO] 2017-06-10 00:50:51,277: +PARAM [/move_group/planner_configs/TRRTkConfigDefault/temp_change_factor] by /roslaunch
[rosmaster.master][INFO] 2017-06-10 00:50:51,280: +PARAM [/robot_description_planning/joint_limits/lwr_arm_6_joint/max_velocity] by /roslaunch
[rosmaster.master][INFO] 2017-06-10 00:50:51,284: +PARAM [/robot_description_planning/joint_limits/lwr_arm_1_joint/max_velocity] by /roslaunch
[rosmaster.master][INFO] 2017-06-10 00:50:51,287: +PARAM [/move_group/planner_configs/SBLkConfigDefault/type] by /roslaunch
[rosmaster.master][INFO] 2017-06-10 00:50:51,290: +PARAM [/robot_description] by /roslaunch
[rosmaster.master][INFO] 2017-06-10 00:50:51,294: +PARAM [/move_group/capabilities] by /roslaunch
[rosmaster.master][INFO] 2017-06-10 00:50:51,297: +PARAM [/move_group/planner_configs/LBKPIECEkConfigDefault/range] by /roslaunch
[rosmaster.master][INFO] 2017-06-10 00:50:51,301: +PARAM [/robot_description_planning/joint_limits/lwr_arm_5_joint/max_acceleration] by /roslaunch
[rosmaster.master][INFO] 2017-06-10 00:50:51,304: +PARAM [/move_group/planner_configs/KPIECEkConfigDefault/range] by /roslaunch
[rosmaster.master][INFO] 2017-06-10 00:50:51,311: +PARAM [/move_group/planner_configs/BKPIECEkConfigDefault/range] by /roslaunch
[rosmaster.master][INFO] 2017-06-10 00:50:51,315: +PARAM [/move_group/planner_configs/TRRTkConfigDefault/type] by /roslaunch
[rosmaster.master][INFO] 2017-06-10 00:50:51,318: +PARAM [/move_group/planner_configs/KPIECEkConfigDefault/goal_bias] by /roslaunch
[rosmaster.master][INFO] 2017-06-10 00:50:51,322: +PARAM [/move_group/planner_configs/RRTConnectkConfigDefault/range] by /roslaunch
[rosmaster.master][INFO] 2017-06-10 00:50:51,325: +PARAM [/move_group/request_adapters] by /roslaunch
[rosmaster.master][INFO] 2017-06-10 00:50:51,330: +PARAM [/move_group/planner_configs/TRRTkConfigDefault/min_temperature] by /roslaunch
[rosmaster.master][INFO] 2017-06-10 00:50:51,335: +PARAM [/robot_description_planning/joint_limits/lwr_arm_6_joint/has_velocity_limits] by /roslaunch
[rosmaster.master][INFO] 2017-06-10 00:50:51,338: +PARAM [/robot_description_planning/joint_limits/lwr_arm_1_joint/has_velocity_limits] by /roslaunch
[rosmaster.master][INFO] 2017-06-10 00:50:51,342: +PARAM [/move_group/planner_configs/KPIECEkConfigDefault/failed_expansion_score_factor] by /roslaunch
[rosmaster.master][INFO] 2017-06-10 00:50:51,345: +PARAM [/move_group/planning_scene_monitor/publish_transforms_updates] by /roslaunch
[rosmaster.master][INFO] 2017-06-10 00:50:51,349: +PARAM [/robot_description_planning/joint_limits/lwr_arm_5_joint/has_velocity_limits] by /roslaunch
[rosmaster.master][INFO] 2017-06-10 00:50:51,352: +PARAM [/robot_description_planning/joint_limits/lwr_arm_3_joint/has_acceleration_limits] by /roslaunch
[rosmaster.master][INFO] 2017-06-10 00:50:51,356: +PARAM [/move_group/planner_configs/RRTstarkConfigDefault/type] by /roslaunch
[rosmaster.master][INFO] 2017-06-10 00:50:51,360: +PARAM [/move_group/lwr_arm/longest_valid_segment_fraction] by /roslaunch
[rosmaster.master][INFO] 2017-06-10 00:50:51,363: +PARAM [/move_group/planner_configs/RRTstarkConfigDefault/delay_collision_checking] by /roslaunch
[rosmaster.master][INFO] 2017-06-10 00:50:51,367: +PARAM [/move_group/planner_configs/KPIECEkConfigDefault/type] by /roslaunch
[rosmaster.master][INFO] 2017-06-10 00:50:51,370: +PARAM [/robot_description_kinematics/lwr_arm/kinematics_solver_search_resolution] by /roslaunch
[rosmaster.master][INFO] 2017-06-10 00:50:51,374: +PARAM [/move_group/planner_configs/RRTConnectkConfigDefault/type] by /roslaunch
[rosmaster.master][INFO] 2017-06-10 00:50:51,378: +PARAM [/robot_description_planning/joint_limits/lwr_arm_2_joint/has_acceleration_limits] by /roslaunch
[rosmaster.master][INFO] 2017-06-10 00:50:51,382: +PARAM [/move_group/planner_configs/BKPIECEkConfigDefault/failed_expansion_score_factor] by /roslaunch
[rosmaster.master][INFO] 2017-06-10 00:50:51,385: +PARAM [/robot_description_planning/joint_limits/lwr_arm_2_joint/max_velocity] by /roslaunch
[rosmaster.master][INFO] 2017-06-10 00:50:51,389: +PARAM [/move_group/planner_configs/LBKPIECEkConfigDefault/min_valid_path_fraction] by /roslaunch
[rosmaster.master][INFO] 2017-06-10 00:50:51,392: +PARAM [/rosversion] by /roslaunch
[rosmaster.master][INFO] 2017-06-10 00:50:51,396: +PARAM [/robot_description_planning/joint_limits/lwr_arm_4_joint/max_velocity] by /roslaunch
[rosmaster.master][INFO] 2017-06-10 00:50:51,400: +PARAM [/robot_description_planning/joint_limits/lwr_arm_4_joint/has_acceleration_limits] by /roslaunch
[rosmaster.master][INFO] 2017-06-10 00:50:51,403: +PARAM [/robot_description_planning/joint_limits/lwr_arm_0_joint/has_acceleration_limits] by /roslaunch
[rosmaster.master][INFO] 2017-06-10 00:50:51,407: +PARAM [/robot_description_planning/joint_limits/lwr_arm_1_joint/max_acceleration] by /roslaunch
[rosmaster.master][INFO] 2017-06-10 00:50:51,410: +PARAM [/move_group/planner_configs/TRRTkConfigDefault/k_constant] by /roslaunch
[rosmaster.master][INFO] 2017-06-10 00:50:51,413: +PARAM [/move_group/planner_configs/TRRTkConfigDefault/frountier_threshold] by /roslaunch
[rosmaster.master][INFO] 2017-06-10 00:50:51,417: +PARAM [/move_group/planner_configs/LBKPIECEkConfigDefault/type] by /roslaunch
[rosmaster.master][INFO] 2017-06-10 00:50:51,420: +PARAM [/move_group/planner_configs/RRTkConfigDefault/type] by /roslaunch
[rosmaster.master][INFO] 2017-06-10 00:50:51,771: +PUB [/rosout] /robot_sim http://ip-172-31-19-100:33200/
[rosmaster.master][INFO] 2017-06-10 00:50:51,776: +SERVICE [/robot_sim/get_loggers] /robot_sim http://ip-172-31-19-100:33200/
[rosmaster.master][INFO] 2017-06-10 00:50:51,780: +SERVICE [/robot_sim/set_logger_level] /robot_sim http://ip-172-31-19-100:33200/
[rosmaster.master][INFO] 2017-06-10 00:50:51,791: +PUB [/joint_states] /robot_sim http://ip-172-31-19-100:33200/
[rosmaster.master][INFO] 2017-06-10 00:50:51,799: +SUB [/joint_velocities] /robot_sim http://ip-172-31-19-100:33200/
[rosmaster.master][INFO] 2017-06-10 00:50:51,800: publisherUpdate[/rosout] -> http://ip-172-31-19-100:38936/
[rosmaster.master][INFO] 2017-06-10 00:50:51,808: +PUB [/rosout] /robot_state_publisher http://ip-172-31-19-100:41513/
[rosmaster.master][INFO] 2017-06-10 00:50:51,808: publisherUpdate[/rosout] -> http://ip-172-31-19-100:38936/
[rosmaster.master][INFO] 2017-06-10 00:50:51,811: +SUB [/joint_positions] /robot_sim http://ip-172-31-19-100:33200/
[rosmaster.master][INFO] 2017-06-10 00:50:51,819: +SERVICE [/robot_state_publisher/get_loggers] /robot_state_publisher http://ip-172-31-19-100:41513/
[rosmaster.master][INFO] 2017-06-10 00:50:51,823: +SERVICE [/robot_state_publisher/set_logger_level] /robot_state_publisher http://ip-172-31-19-100:41513/
[rosmaster.master][INFO] 2017-06-10 00:50:51,827: +SUB [/joint_command] /robot_sim http://ip-172-31-19-100:33200/
[rosmaster.master][INFO] 2017-06-10 00:50:51,833: +PUB [/tf] /robot_state_publisher http://ip-172-31-19-100:41513/
[rosmaster.master][INFO] 2017-06-10 00:50:51,837: +SUB [/joint_trajectory] /robot_sim http://ip-172-31-19-100:33200/
[rosmaster.master][INFO] 2017-06-10 00:50:51,845: +PUB [/tf_static] /robot_state_publisher http://ip-172-31-19-100:41513/
[rosmaster.master][INFO] 2017-06-10 00:50:51,859: +SUB [/joint_states] /robot_state_publisher http://ip-172-31-19-100:41513/
[rosmaster.master][INFO] 2017-06-10 00:50:51,902: publisherUpdate[/tf] -> http://ip-172-31-19-100:45099/
[rosmaster.master][INFO] 2017-06-10 00:50:51,913: publisherUpdate[/tf] -> http://ip-172-31-19-100:40995/
[rosmaster.master][INFO] 2017-06-10 00:50:51,917: publisherUpdate[/tf_static] -> http://ip-172-31-19-100:45099/
[rosmaster.master][INFO] 2017-06-10 00:50:51,921: publisherUpdate[/tf_static] -> http://ip-172-31-19-100:40995/
[rosmaster.master][INFO] 2017-06-10 00:50:52,005: +PUB [/rosout] /move_group http://ip-172-31-19-100:39262/
[rosmaster.master][INFO] 2017-06-10 00:50:52,010: +SERVICE [/move_group/get_loggers] /move_group http://ip-172-31-19-100:39262/
[rosmaster.master][INFO] 2017-06-10 00:50:52,014: +SERVICE [/move_group/set_logger_level] /move_group http://ip-172-31-19-100:39262/
[rosmaster.master][INFO] 2017-06-10 00:50:52,016: publisherUpdate[/rosout] -> http://ip-172-31-19-100:38936/
[rosmaster.master][INFO] 2017-06-10 00:50:52,025: +SUB [/tf] /move_group http://ip-172-31-19-100:39262/
[rosmaster.master][INFO] 2017-06-10 00:50:52,033: +SUB [/tf_static] /move_group http://ip-172-31-19-100:39262/
[rosmaster.master][INFO] 2017-06-10 00:50:52,222: +SERVICE [/move_group/planning_scene_monitor/set_parameters] /move_group http://ip-172-31-19-100:39262/
[rosmaster.master][INFO] 2017-06-10 00:50:52,227: +PUB [/move_group/planning_scene_monitor/parameter_descriptions] /move_group http://ip-172-31-19-100:39262/
[rosmaster.master][INFO] 2017-06-10 00:50:52,231: +PUB [/move_group/planning_scene_monitor/parameter_updates] /move_group http://ip-172-31-19-100:39262/
[rosmaster.master][INFO] 2017-06-10 00:50:52,240: +PARAM [/move_group/planning_scene_monitor/publish_planning_scene] by /move_group
[rosmaster.master][INFO] 2017-06-10 00:50:52,244: +PARAM [/move_group/planning_scene_monitor/publish_planning_scene_hz] by /move_group
[rosmaster.master][INFO] 2017-06-10 00:50:52,248: +PARAM [/move_group/planning_scene_monitor/publish_geometry_updates] by /move_group
[rosmaster.master][INFO] 2017-06-10 00:50:52,253: +PARAM [/move_group/planning_scene_monitor/publish_state_updates] by /move_group
[rosmaster.master][INFO] 2017-06-10 00:50:52,257: +PARAM [/move_group/planning_scene_monitor/publish_transforms_updates] by /move_group
[rosmaster.master][INFO] 2017-06-10 00:50:52,264: +PUB [/move_group/monitored_planning_scene] /move_group http://ip-172-31-19-100:39262/
[rosmaster.master][INFO] 2017-06-10 00:50:52,274: +PARAM [/move_group/planning_scene_monitor/publish_planning_scene] by /move_group
[rosmaster.master][INFO] 2017-06-10 00:50:52,279: +PARAM [/move_group/planning_scene_monitor/publish_planning_scene_hz] by /move_group
[rosmaster.master][INFO] 2017-06-10 00:50:52,283: +PARAM [/move_group/planning_scene_monitor/publish_geometry_updates] by /move_group
[rosmaster.master][INFO] 2017-06-10 00:50:52,287: +PARAM [/move_group/planning_scene_monitor/publish_state_updates] by /move_group
[rosmaster.master][INFO] 2017-06-10 00:50:52,292: +PARAM [/move_group/planning_scene_monitor/publish_transforms_updates] by /move_group
[rosmaster.master][INFO] 2017-06-10 00:50:52,300: +SUB [/planning_scene] /move_group http://ip-172-31-19-100:39262/
[rosmaster.master][INFO] 2017-06-10 00:50:52,311: +SUB [/collision_object] /move_group http://ip-172-31-19-100:39262/
[rosmaster.master][INFO] 2017-06-10 00:50:52,321: +SUB [/planning_scene_world] /move_group http://ip-172-31-19-100:39262/
[rosmaster.master][INFO] 2017-06-10 00:50:52,328: +SERVICE [/move_group/save_map] /move_group http://ip-172-31-19-100:39262/
[rosmaster.master][INFO] 2017-06-10 00:50:52,333: +SERVICE [/move_group/load_map] /move_group http://ip-172-31-19-100:39262/
[rosmaster.master][INFO] 2017-06-10 00:50:52,341: +PUB [/rosout] /move_group_commander_wrappers_1497081052335669148 http://ip-172-31-19-100:54296/
[rosmaster.master][INFO] 2017-06-10 00:50:52,345: +SUB [/joint_states] /move_group http://ip-172-31-19-100:39262/
[rosmaster.master][INFO] 2017-06-10 00:50:52,348: +SERVICE [/move_group_commander_wrappers_1497081052335669148/get_loggers] /move_group_commander_wrappers_1497081052335669148 http://ip-172-31-19-100:54296/
[rosmaster.master][INFO] 2017-06-10 00:50:52,353: +SERVICE [/move_group_commander_wrappers_1497081052335669148/set_logger_level] /move_group_commander_wrappers_1497081052335669148 http://ip-172-31-19-100:54296/
[rosmaster.master][INFO] 2017-06-10 00:50:52,357: +SUB [/attached_collision_object] /move_group http://ip-172-31-19-100:39262/
[rosmaster.master][INFO] 2017-06-10 00:50:52,423: publisherUpdate[/rosout] -> http://ip-172-31-19-100:38936/
[rosmaster.master][INFO] 2017-06-10 00:50:52,448: +SERVICE [/move_group/ompl/set_parameters] /move_group http://ip-172-31-19-100:39262/
[rosmaster.master][INFO] 2017-06-10 00:50:52,453: +PUB [/move_group/ompl/parameter_descriptions] /move_group http://ip-172-31-19-100:39262/
[rosmaster.master][INFO] 2017-06-10 00:50:52,457: +PUB [/move_group/ompl/parameter_updates] /move_group http://ip-172-31-19-100:39262/
[rosmaster.master][INFO] 2017-06-10 00:50:52,465: +PARAM [/move_group/ompl/simplify_solutions] by /move_group
[rosmaster.master][INFO] 2017-06-10 00:50:52,470: +PARAM [/move_group/ompl/minimum_waypoint_count] by /move_group
[rosmaster.master][INFO] 2017-06-10 00:50:52,475: +PARAM [/move_group/ompl/maximum_waypoint_distance] by /move_group
[rosmaster.master][INFO] 2017-06-10 00:50:52,487: +PARAM [/move_group/ompl/link_for_exploration_tree] by /move_group
[rosmaster.master][INFO] 2017-06-10 00:50:52,491: +PARAM [/move_group/ompl/display_random_valid_states] by /move_group
[rosmaster.master][INFO] 2017-06-10 00:50:52,495: +PARAM [/move_group/ompl/simplify_solutions] by /move_group
[rosmaster.master][INFO] 2017-06-10 00:50:52,499: +PARAM [/move_group/ompl/minimum_waypoint_count] by /move_group
[rosmaster.master][INFO] 2017-06-10 00:50:52,504: +PARAM [/move_group/ompl/maximum_waypoint_distance] by /move_group
[rosmaster.master][INFO] 2017-06-10 00:50:52,508: +PARAM [/move_group/ompl/link_for_exploration_tree] by /move_group
[rosmaster.master][INFO] 2017-06-10 00:50:52,512: +PARAM [/move_group/ompl/display_random_valid_states] by /move_group
[rosmaster.master][INFO] 2017-06-10 00:50:52,520: +PUB [/rosout] /marker_control_12653_1497081052358 http://ip-172-31-19-100:51697/
[rosmaster.master][INFO] 2017-06-10 00:50:52,524: publisherUpdate[/rosout] -> http://ip-172-31-19-100:38936/
[rosmaster.master][INFO] 2017-06-10 00:50:52,533: +SERVICE [/marker_control_12653_1497081052358/get_loggers] /marker_control_12653_1497081052358 http://ip-172-31-19-100:51697/
[rosmaster.master][INFO] 2017-06-10 00:50:52,538: +SERVICE [/marker_control_12653_1497081052358/set_logger_level] /marker_control_12653_1497081052358 http://ip-172-31-19-100:51697/
[rosmaster.master][INFO] 2017-06-10 00:50:52,542: +PUB [/planning_scene] /move_group_commander_wrappers_1497081052335669148 http://ip-172-31-19-100:54296/
[rosmaster.master][INFO] 2017-06-10 00:50:52,547: +PUB [/collision_object] /marker_control_12653_1497081052358 http://ip-172-31-19-100:51697/
[rosmaster.master][INFO] 2017-06-10 00:50:52,552: +PUB [/attached_collision_object] /marker_control_12653_1497081052358 http://ip-172-31-19-100:51697/
[rosmaster.master][INFO] 2017-06-10 00:50:52,557: +PUB [/visualization_marker_array] /marker_control_12653_1497081052358 http://ip-172-31-19-100:51697/
[rosmaster.master][INFO] 2017-06-10 00:50:52,562: +PUB [/motion_planning_goal] /marker_control_12653_1497081052358 http://ip-172-31-19-100:51697/
[rosmaster.master][INFO] 2017-06-10 00:50:52,565: +PUB [/move_group/display_planned_path] /move_group http://ip-172-31-19-100:39262/
[rosmaster.master][INFO] 2017-06-10 00:50:52,571: +SUB [/joint_trajectory] /marker_control_12653_1497081052358 http://ip-172-31-19-100:51697/
[rosmaster.master][INFO] 2017-06-10 00:50:52,575: +PUB [/move_group/display_contacts] /move_group http://ip-172-31-19-100:39262/
[rosmaster.master][INFO] 2017-06-10 00:50:52,579: +PUB [/control_markers/update_full] /marker_control_12653_1497081052358 http://ip-172-31-19-100:51697/
[rosmaster.master][INFO] 2017-06-10 00:50:52,584: +PUB [/control_markers/update] /marker_control_12653_1497081052358 http://ip-172-31-19-100:51697/
[rosmaster.master][INFO] 2017-06-10 00:50:52,596: +SUB [/control_markers/feedback] /marker_control_12653_1497081052358 http://ip-172-31-19-100:51697/
[rosmaster.master][INFO] 2017-06-10 00:50:52,621: +SERVICE [/apply_planning_scene] /move_group http://ip-172-31-19-100:39262/
[rosmaster.master][INFO] 2017-06-10 00:50:52,626: +SERVICE [/clear_octomap] /move_group http://ip-172-31-19-100:39262/
[rosmaster.master][INFO] 2017-06-10 00:50:52,627: publisherUpdate[/planning_scene] -> http://ip-172-31-19-100:39262/
[rosmaster.master][INFO] 2017-06-10 00:50:52,628: publisherUpdate[/control_markers/update] -> http://ip-172-31-19-100:40995/
[rosmaster.master][INFO] 2017-06-10 00:50:52,630: +SERVICE [/compute_cartesian_path] /move_group http://ip-172-31-19-100:39262/
[rosmaster.master][INFO] 2017-06-10 00:50:52,634: publisherUpdate[/collision_object] -> http://ip-172-31-19-100:39262/
[rosmaster.master][INFO] 2017-06-10 00:50:52,640: +SERVICE [/execute_kinematic_path] /move_group http://ip-172-31-19-100:39262/
[rosmaster.master][INFO] 2017-06-10 00:50:52,644: publisherUpdate[/attached_collision_object] -> http://ip-172-31-19-100:39262/
[rosmaster.master][INFO] 2017-06-10 00:50:52,649: +PUB [/execute_trajectory/result] /move_group http://ip-172-31-19-100:39262/
[rosmaster.master][INFO] 2017-06-10 00:50:52,655: +PUB [/execute_trajectory/feedback] /move_group http://ip-172-31-19-100:39262/
[rosmaster.master][INFO] 2017-06-10 00:50:52,659: +PUB [/execute_trajectory/status] /move_group http://ip-172-31-19-100:39262/
[rosmaster.master][INFO] 2017-06-10 00:50:52,669: +SUB [/execute_trajectory/goal] /move_group http://ip-172-31-19-100:39262/
[rosmaster.master][INFO] 2017-06-10 00:50:52,678: +SUB [/execute_trajectory/cancel] /move_group http://ip-172-31-19-100:39262/
[rosmaster.master][INFO] 2017-06-10 00:50:52,682: +SERVICE [/get_planning_scene] /move_group http://ip-172-31-19-100:39262/
[rosmaster.master][INFO] 2017-06-10 00:50:52,686: +SERVICE [/compute_fk] /move_group http://ip-172-31-19-100:39262/
[rosmaster.master][INFO] 2017-06-10 00:50:52,690: +SERVICE [/compute_ik] /move_group http://ip-172-31-19-100:39262/
[rosmaster.master][INFO] 2017-06-10 00:50:52,697: +PUB [/move_group/result] /move_group http://ip-172-31-19-100:39262/
[rosmaster.master][INFO] 2017-06-10 00:50:52,701: +PUB [/move_group/feedback] /move_group http://ip-172-31-19-100:39262/
[rosmaster.master][INFO] 2017-06-10 00:50:52,705: +PUB [/move_group/status] /move_group http://ip-172-31-19-100:39262/
[rosmaster.master][INFO] 2017-06-10 00:50:52,716: +SUB [/move_group/goal] /move_group http://ip-172-31-19-100:39262/
[rosmaster.master][INFO] 2017-06-10 00:50:52,724: +SUB [/move_group/cancel] /move_group http://ip-172-31-19-100:39262/
[rosmaster.master][INFO] 2017-06-10 00:50:52,771: +PUB [/pickup/result] /move_group http://ip-172-31-19-100:39262/
[rosmaster.master][INFO] 2017-06-10 00:50:52,775: +PUB [/pickup/feedback] /move_group http://ip-172-31-19-100:39262/
[rosmaster.master][INFO] 2017-06-10 00:50:52,780: +PUB [/pickup/status] /move_group http://ip-172-31-19-100:39262/
[rosmaster.master][INFO] 2017-06-10 00:50:52,790: +SUB [/pickup/goal] /move_group http://ip-172-31-19-100:39262/
[rosmaster.master][INFO] 2017-06-10 00:50:52,798: +SUB [/pickup/cancel] /move_group http://ip-172-31-19-100:39262/
[rosmaster.master][INFO] 2017-06-10 00:50:52,804: +PUB [/place/result] /move_group http://ip-172-31-19-100:39262/
[rosmaster.master][INFO] 2017-06-10 00:50:52,808: +PUB [/place/feedback] /move_group http://ip-172-31-19-100:39262/
[rosmaster.master][INFO] 2017-06-10 00:50:52,813: +PUB [/place/status] /move_group http://ip-172-31-19-100:39262/
[rosmaster.master][INFO] 2017-06-10 00:50:52,823: +SUB [/place/goal] /move_group http://ip-172-31-19-100:39262/
[rosmaster.master][INFO] 2017-06-10 00:50:52,831: +SUB [/place/cancel] /move_group http://ip-172-31-19-100:39262/
[rosmaster.master][INFO] 2017-06-10 00:50:52,835: +SERVICE [/plan_kinematic_path] /move_group http://ip-172-31-19-100:39262/
[rosmaster.master][INFO] 2017-06-10 00:50:52,840: +SERVICE [/query_planner_interface] /move_group http://ip-172-31-19-100:39262/
[rosmaster.master][INFO] 2017-06-10 00:50:52,845: +SERVICE [/check_state_validity] /move_group http://ip-172-31-19-100:39262/
[rosmaster.master][INFO] 2017-06-10 00:50:53,105: +SUB [/control_markers/update_full] /interactive_marker_proxy http://ip-172-31-19-100:40995/
[rosmaster.master][INFO] 2017-06-10 00:50:53,274: -SUB [/control_markers/update_full] /interactive_marker_proxy http://ip-172-31-19-100:40995/
[rosmaster.master][INFO] 2017-06-10 00:50:57,719: +PUB [/tf2_web_republisher/goal] /rosbridge_websocket http://ip-172-31-19-100:55247/
[rosmaster.master][INFO] 2017-06-10 00:50:57,731: +PUB [/tf2_web_republisher/cancel] /rosbridge_websocket http://ip-172-31-19-100:55247/
[rosmaster.master][INFO] 2017-06-10 00:50:57,738: publisherUpdate[/tf2_web_republisher/goal] -> http://ip-172-31-19-100:45099/
[rosmaster.master][INFO] 2017-06-10 00:50:57,739: +SUB [/tf2_web_republisher/feedback] /rosbridge_websocket http://ip-172-31-19-100:55247/
[rosmaster.master][INFO] 2017-06-10 00:50:57,742: publisherUpdate[/tf2_web_republisher/cancel] -> http://ip-172-31-19-100:45099/
[rosmaster.master][INFO] 2017-06-10 00:50:57,757: +SUB [/visualization_marker_array] /rosbridge_websocket http://ip-172-31-19-100:55247/
[rosmaster.master][INFO] 2017-06-10 00:50:57,774: +SUB [/control_markers/tunneled/update] /rosbridge_websocket http://ip-172-31-19-100:55247/
[rosmaster.master][INFO] 2017-06-10 00:50:57,785: +PUB [/control_markers/feedback] /rosbridge_websocket http://ip-172-31-19-100:55247/
[rosmaster.master][INFO] 2017-06-10 00:50:57,846: publisherUpdate[/control_markers/feedback] -> http://ip-172-31-19-100:51697/
[rosmaster.master][INFO] 2017-06-10 00:51:08,458: +PUB [/rosout] /move_group_commander_wrappers_1497081068453523196 http://ip-172-31-19-100:53116/
[rosmaster.master][INFO] 2017-06-10 00:51:08,459: +SERVICE [/move_group_commander_wrappers_1497081068453523196/get_loggers] /move_group_commander_wrappers_1497081068453523196 http://ip-172-31-19-100:53116/
[rosmaster.master][INFO] 2017-06-10 00:51:08,463: +SERVICE [/move_group_commander_wrappers_1497081068453523196/set_logger_level] /move_group_commander_wrappers_1497081068453523196 http://ip-172-31-19-100:53116/
[rosmaster.master][INFO] 2017-06-10 00:51:08,469: publisherUpdate[/rosout] -> http://ip-172-31-19-100:38936/
[rosmaster.master][INFO] 2017-06-10 00:51:08,625: +PUB [/rosout] /move_arm_13576_1497081068468 http://ip-172-31-19-100:54007/
[rosmaster.master][INFO] 2017-06-10 00:51:08,639: +SERVICE [/move_arm_13576_1497081068468/get_loggers] /move_arm_13576_1497081068468 http://ip-172-31-19-100:54007/
[rosmaster.master][INFO] 2017-06-10 00:51:08,644: +SERVICE [/move_arm_13576_1497081068468/set_logger_level] /move_arm_13576_1497081068468 http://ip-172-31-19-100:54007/
[rosmaster.master][INFO] 2017-06-10 00:51:08,649: +SUB [/joint_states] /move_arm_13576_1497081068468 http://ip-172-31-19-100:54007/
[rosmaster.master][INFO] 2017-06-10 00:51:08,654: +SUB [/motion_planning_goal] /move_arm_13576_1497081068468 http://ip-172-31-19-100:54007/
[rosmaster.master][INFO] 2017-06-10 00:51:08,659: +PUB [/joint_trajectory] /move_arm_13576_1497081068468 http://ip-172-31-19-100:54007/
[rosmaster.master][INFO] 2017-06-10 00:51:08,671: publisherUpdate[/rosout] -> http://ip-172-31-19-100:38936/
[rosmaster.master][INFO] 2017-06-10 00:51:08,673: publisherUpdate[/joint_trajectory] -> http://ip-172-31-19-100:33200/
[rosmaster.master][INFO] 2017-06-10 00:51:08,675: publisherUpdate[/joint_trajectory] -> http://ip-172-31-19-100:51697/
[rosmaster.master][INFO] 2017-06-10 00:51:08,819: +SUB [/tf] /move_group_commander_wrappers_1497081068453523196 http://ip-172-31-19-100:53116/
[rosmaster.master][INFO] 2017-06-10 00:51:08,827: +SUB [/tf_static] /move_group_commander_wrappers_1497081068453523196 http://ip-172-31-19-100:53116/
[rosmaster.master][INFO] 2017-06-10 00:51:08,832: +PUB [/planning_scene] /move_group_commander_wrappers_1497081068453523196 http://ip-172-31-19-100:53116/
[rosmaster.master][INFO] 2017-06-10 00:51:08,841: +PUB [/collision_object] /move_arm_13576_1497081068468 http://ip-172-31-19-100:54007/
[rosmaster.master][INFO] 2017-06-10 00:51:08,847: +PUB [/attached_collision_object] /move_arm_13576_1497081068468 http://ip-172-31-19-100:54007/
[rosmaster.master][INFO] 2017-06-10 00:51:08,852: +PUB [/trajectory_execution_event] /move_group_commander_wrappers_1497081068453523196 http://ip-172-31-19-100:53116/
[rosmaster.master][INFO] 2017-06-10 00:51:08,857: +PUB [/attached_collision_object] /move_group_commander_wrappers_1497081068453523196 http://ip-172-31-19-100:53116/
[rosmaster.master][INFO] 2017-06-10 00:51:08,866: +SUB [/move_group/status] /move_group_commander_wrappers_1497081068453523196 http://ip-172-31-19-100:53116/
[rosmaster.master][INFO] 2017-06-10 00:51:08,874: +SUB [/move_group/feedback] /move_group_commander_wrappers_1497081068453523196 http://ip-172-31-19-100:53116/
[rosmaster.master][INFO] 2017-06-10 00:51:08,880: publisherUpdate[/planning_scene] -> http://ip-172-31-19-100:39262/
[rosmaster.master][INFO] 2017-06-10 00:51:08,882: +SUB [/move_group/result] /move_group_commander_wrappers_1497081068453523196 http://ip-172-31-19-100:53116/
[rosmaster.master][INFO] 2017-06-10 00:51:08,884: publisherUpdate[/collision_object] -> http://ip-172-31-19-100:39262/
[rosmaster.master][INFO] 2017-06-10 00:51:08,888: +PUB [/move_group/goal] /move_group_commander_wrappers_1497081068453523196 http://ip-172-31-19-100:53116/
[rosmaster.master][INFO] 2017-06-10 00:51:08,892: publisherUpdate[/attached_collision_object] -> http://ip-172-31-19-100:39262/
[rosmaster.master][INFO] 2017-06-10 00:51:08,896: +PUB [/move_group/cancel] /move_group_commander_wrappers_1497081068453523196 http://ip-172-31-19-100:53116/
[rosmaster.master][INFO] 2017-06-10 00:51:08,899: publisherUpdate[/attached_collision_object] -> http://ip-172-31-19-100:39262/
[rosmaster.master][INFO] 2017-06-10 00:51:08,913: publisherUpdate[/move_group/goal] -> http://ip-172-31-19-100:39262/
[rosmaster.master][INFO] 2017-06-10 00:51:08,918: publisherUpdate[/move_group/cancel] -> http://ip-172-31-19-100:39262/
[rosmaster.master][INFO] 2017-06-10 00:51:09,133: +SUB [/pickup/status] /move_group_commander_wrappers_1497081068453523196 http://ip-172-31-19-100:53116/
[rosmaster.master][INFO] 2017-06-10 00:51:09,142: +SUB [/pickup/feedback] /move_group_commander_wrappers_1497081068453523196 http://ip-172-31-19-100:53116/
[rosmaster.master][INFO] 2017-06-10 00:51:09,150: +SUB [/pickup/result] /move_group_commander_wrappers_1497081068453523196 http://ip-172-31-19-100:53116/
[rosmaster.master][INFO] 2017-06-10 00:51:09,155: +PUB [/pickup/goal] /move_group_commander_wrappers_1497081068453523196 http://ip-172-31-19-100:53116/
[rosmaster.master][INFO] 2017-06-10 00:51:09,160: +PUB [/pickup/cancel] /move_group_commander_wrappers_1497081068453523196 http://ip-172-31-19-100:53116/
[rosmaster.master][INFO] 2017-06-10 00:51:09,181: publisherUpdate[/pickup/goal] -> http://ip-172-31-19-100:39262/
[rosmaster.master][INFO] 2017-06-10 00:51:09,186: publisherUpdate[/pickup/cancel] -> http://ip-172-31-19-100:39262/
[rosmaster.master][INFO] 2017-06-10 00:51:09,398: +SUB [/place/status] /move_group_commander_wrappers_1497081068453523196 http://ip-172-31-19-100:53116/
[rosmaster.master][INFO] 2017-06-10 00:51:09,407: +SUB [/place/feedback] /move_group_commander_wrappers_1497081068453523196 http://ip-172-31-19-100:53116/
[rosmaster.master][INFO] 2017-06-10 00:51:09,415: +SUB [/place/result] /move_group_commander_wrappers_1497081068453523196 http://ip-172-31-19-100:53116/
[rosmaster.master][INFO] 2017-06-10 00:51:09,420: +PUB [/place/goal] /move_group_commander_wrappers_1497081068453523196 http://ip-172-31-19-100:53116/
[rosmaster.master][INFO] 2017-06-10 00:51:09,423: publisherUpdate[/place/goal] -> http://ip-172-31-19-100:39262/
[rosmaster.master][INFO] 2017-06-10 00:51:09,426: +PUB [/place/cancel] /move_group_commander_wrappers_1497081068453523196 http://ip-172-31-19-100:53116/
[rosmaster.master][INFO] 2017-06-10 00:51:09,429: publisherUpdate[/place/cancel] -> http://ip-172-31-19-100:39262/
[rosmaster.master][INFO] 2017-06-10 00:51:09,644: +SUB [/execute_trajectory/status] /move_group_commander_wrappers_1497081068453523196 http://ip-172-31-19-100:53116/
[rosmaster.master][INFO] 2017-06-10 00:51:09,649: +SUB [/execute_trajectory/feedback] /move_group_commander_wrappers_1497081068453523196 http://ip-172-31-19-100:53116/
[rosmaster.master][INFO] 2017-06-10 00:51:09,656: +SUB [/execute_trajectory/result] /move_group_commander_wrappers_1497081068453523196 http://ip-172-31-19-100:53116/
[rosmaster.master][INFO] 2017-06-10 00:51:09,660: +PUB [/execute_trajectory/goal] /move_group_commander_wrappers_1497081068453523196 http://ip-172-31-19-100:53116/
[rosmaster.master][INFO] 2017-06-10 00:51:09,665: +PUB [/execute_trajectory/cancel] /move_group_commander_wrappers_1497081068453523196 http://ip-172-31-19-100:53116/
[rosmaster.master][INFO] 2017-06-10 00:51:09,672: -SUB [/execute_trajectory/status] /move_group_commander_wrappers_1497081068453523196 http://ip-172-31-19-100:53116/
[rosmaster.master][INFO] 2017-06-10 00:51:09,676: -PUB [/execute_trajectory/cancel] /move_group_commander_wrappers_1497081068453523196 http://ip-172-31-19-100:53116/
[rosmaster.master][INFO] 2017-06-10 00:51:09,685: publisherUpdate[/execute_trajectory/goal] -> http://ip-172-31-19-100:39262/
[rosmaster.master][INFO] 2017-06-10 00:51:09,696: -PUB [/execute_trajectory/goal] /move_group_commander_wrappers_1497081068453523196 http://ip-172-31-19-100:53116/
[rosmaster.master][INFO] 2017-06-10 00:51:09,700: publisherUpdate[/execute_trajectory/cancel] -> http://ip-172-31-19-100:39262/
[rosmaster.master][INFO] 2017-06-10 00:51:09,703: -SUB [/execute_trajectory/feedback] /move_group_commander_wrappers_1497081068453523196 http://ip-172-31-19-100:53116/
[rosmaster.master][INFO] 2017-06-10 00:51:09,707: publisherUpdate[/execute_trajectory/cancel] -> http://ip-172-31-19-100:39262/
[rosmaster.master][INFO] 2017-06-10 00:51:09,711: -SUB [/execute_trajectory/result] /move_group_commander_wrappers_1497081068453523196 http://ip-172-31-19-100:53116/
[rosmaster.master][INFO] 2017-06-10 00:51:09,714: publisherUpdate[/execute_trajectory/goal] -> http://ip-172-31-19-100:39262/
