[rospy.client][INFO] 2017-06-10 00:50:49,314: init_node, name[/rosbridge_websocket], pid[12442]
[xmlrpc][INFO] 2017-06-10 00:50:49,315: XML-RPC server binding to 0.0.0.0:0
[xmlrpc][INFO] 2017-06-10 00:50:49,319: Started XML-RPC server [http://ip-172-31-19-100:55247/]
[rospy.init][INFO] 2017-06-10 00:50:49,319: ROS Slave URI: [http://ip-172-31-19-100:55247/]
[rospy.impl.masterslave][INFO] 2017-06-10 00:50:49,322: _ready: http://ip-172-31-19-100:55247/
[rospy.registration][INFO] 2017-06-10 00:50:49,330: Registering with master node http://localhost:35711
[xmlrpc][INFO] 2017-06-10 00:50:49,330: xml rpc node: starting XML-RPC server
[rospy.init][INFO] 2017-06-10 00:50:49,425: registered with master
[rospy.rosout][INFO] 2017-06-10 00:50:49,430: initializing /rosout core topic
[rospy.rosout][INFO] 2017-06-10 00:50:49,444: connected to core topic /rosout
[rospy.simtime][INFO] 2017-06-10 00:50:49,449: /use_sim_time is not set, will not subscribe to simulated time [/clock] topic
[rosout][INFO] 2017-06-10 00:50:49,485: Rosbridge WebSocket server started on port 35613
[rospy.internal][INFO] 2017-06-10 00:50:49,597: topic[/rosout] adding connection to [/rosout], count 0
[rosout][INFO] 2017-06-10 00:50:57,602: Client connected.  1 clients total.
[rosout][INFO] 2017-06-10 00:50:57,745: [Client 0] Subscribed to /tf2_web_republisher/feedback
[rospy.internal][INFO] 2017-06-10 00:50:57,758: topic[/tf2_web_republisher/feedback] adding connection to [http://ip-172-31-19-100:45099/], count 0
[rosout][INFO] 2017-06-10 00:50:57,765: [Client 0] Subscribed to /visualization_marker_array
[rospy.internal][INFO] 2017-06-10 00:50:57,771: topic[/visualization_marker_array] adding connection to [http://ip-172-31-19-100:51697/], count 0
[rosout][INFO] 2017-06-10 00:50:57,778: [Client 0] Subscribed to /control_markers/tunneled/update
[rospy.internal][INFO] 2017-06-10 00:50:57,786: topic[/control_markers/tunneled/update] adding connection to [http://ip-172-31-19-100:40995/], count 0
[rospy.internal][INFO] 2017-06-10 00:50:57,876: topic[/control_markers/feedback] adding connection to [/marker_control_12653_1497081052358], count 0
[rosout][INFO] 2017-06-10 00:50:57,883: [Client 0] Subscribed to /tf2_web_republisher/feedback
[rosout][INFO] 2017-06-10 00:50:57,897: [Client 0] Subscribed to /tf2_web_republisher/feedback
[rosout][INFO] 2017-06-10 00:50:57,902: [Client 0] Subscribed to /tf2_web_republisher/feedback
[rosout][INFO] 2017-06-10 00:50:57,906: [Client 0] Subscribed to /tf2_web_republisher/feedback
[rosout][INFO] 2017-06-10 00:50:57,910: [Client 0] Subscribed to /tf2_web_republisher/feedback
[rosout][INFO] 2017-06-10 00:50:57,917: [Client 0] Subscribed to /tf2_web_republisher/feedback
[rosout][INFO] 2017-06-10 00:50:57,921: [Client 0] Subscribed to /tf2_web_republisher/feedback
[rospy.internal][INFO] 2017-06-10 00:50:57,960: topic[/tf2_web_republisher/goal] adding connection to [/tf2_web_republisher], count 0
[rospy.internal][INFO] 2017-06-10 00:50:57,964: topic[/tf2_web_republisher/cancel] adding connection to [/tf2_web_republisher], count 0
[rospy.internal][INFO] 2017-06-10 00:54:18,702: topic impl's ref count is zero, deleting topic /tf2_web_republisher/cancel...
[rospy.internal][INFO] 2017-06-10 00:54:18,703: topic[/tf2_web_republisher/cancel] removing connection to /tf2_web_republisher
[rospy.internal][INFO] 2017-06-10 00:54:18,709: topic impl's ref count is zero, deleting topic /tf2_web_republisher/goal...
[rospy.internal][INFO] 2017-06-10 00:54:18,712: topic[/tf2_web_republisher/goal] removing connection to /tf2_web_republisher
[rospy.internal][INFO] 2017-06-10 00:54:18,721: topic impl's ref count is zero, deleting topic /control_markers/feedback...
[rospy.internal][INFO] 2017-06-10 00:54:18,724: topic[/control_markers/feedback] removing connection to /marker_control_12653_1497081052358
[rosout][WARNING] 2017-06-10 00:54:18,725: Could not process inbound connection: Internal error processing topic [/control_markers/feedback]{'message_definition': "# Time/frame info.\nHeader header\n\n# Identifying string. Must be unique in the topic namespace.\nstring client_id\n\n# Feedback message sent back from the GUI, e.g.\n# when the status of an interactive marker was modified by the user.\n\n# Specifies which interactive marker and control this message refers to\nstring marker_name\nstring control_name\n\n# Type of the event\n# KEEP_ALIVE: sent while dragging to keep up control of the marker\n# MENU_SELECT: a menu entry has been selected\n# BUTTON_CLICK: a button control has been clicked\n# POSE_UPDATE: the pose has been changed using one of the controls\nuint8 KEEP_ALIVE = 0\nuint8 POSE_UPDATE = 1\nuint8 MENU_SELECT = 2\nuint8 BUTTON_CLICK = 3\n\nuint8 MOUSE_DOWN = 4\nuint8 MOUSE_UP = 5\n\nuint8 event_type\n\n# Current pose of the marker\n# Note: Has to be valid for all feedback types.\ngeometry_msgs/Pose pose\n\n# Contains the ID of the selected menu entry\n# Only valid for MENU_SELECT events.\nuint32 menu_entry_id\n\n# If event_type is BUTTON_CLICK, MOUSE_DOWN, or MOUSE_UP, mouse_point\n# may contain the 3 dimensional position of the event on the\n# control.  If it does, mouse_point_valid will be true.  mouse_point\n# will be relative to the frame listed in the header.\ngeometry_msgs/Point mouse_point\nbool mouse_point_valid\n\n================================================================================\nMSG: std_msgs/Header\n# Standard metadata for higher-level stamped data types.\n# This is generally used to communicate timestamped data \n# in a particular coordinate frame.\n# \n# sequence ID: consecutively increasing ID \nuint32 seq\n#Two-integer timestamp that is expressed as:\n# * stamp.sec: seconds (stamp_secs) since epoch (in Python the variable is called 'secs')\n# * stamp.nsec: nanoseconds since stamp_secs (in Python the variable is called 'nsecs')\n# time-handling sugar is provided by the client library\ntime stamp\n#Frame this data is associated with\n# 0: no frame\n# 1: global frame\nstring frame_id\n\n================================================================================\nMSG: geometry_msgs/Pose\n# A representation of pose in free space, composed of postion and orientation. \nPoint position\nQuaternion orientation\n\n================================================================================\nMSG: geometry_msgs/Point\n# This contains the position of a point in free space\nfloat64 x\nfloat64 y\nfloat64 z\n\n================================================================================\nMSG: geometry_msgs/Quaternion\n# This represents an orientation in free space in quaternion form.\n\nfloat64 x\nfloat64 y\nfloat64 z\nfloat64 w\n", 'callerid': '/marker_control_12653_1497081052358', 'tcp_nodelay': '0', 'md5sum': 'ab0f1eee058667e28c19ff3ffc3f4b78', 'topic': '/control_markers/feedback', 'type': 'visualization_msgs/InteractiveMarkerFeedback'}
[rospy.internal][INFO] 2017-06-10 00:54:18,736: topic impl's ref count is zero, deleting topic /control_markers/tunneled/update...
[rospy.internal][INFO] 2017-06-10 00:54:18,740: topic[/control_markers/tunneled/update] removing connection to http://ip-172-31-19-100:40995/
[rospy.internal][WARNING] 2017-06-10 00:54:18,740: Unknown error initiating TCP/IP socket to ip-172-31-19-100:47577 (http://ip-172-31-19-100:40995/): Traceback (most recent call last):
  File "/opt/ros/indigo/lib/python2.7/dist-packages/rospy/impl/tcpros_base.py", line 558, in connect
    self.local_endpoint = self.socket.getsockname()
AttributeError: 'NoneType' object has no attribute 'getsockname'

[rospy.internal][INFO] 2017-06-10 00:54:18,747: topic impl's ref count is zero, deleting topic /tf2_web_republisher/feedback...
[rospy.internal][INFO] 2017-06-10 00:54:18,751: topic[/tf2_web_republisher/feedback] removing connection to http://ip-172-31-19-100:45099/
[rospy.internal][INFO] 2017-06-10 00:54:18,758: topic impl's ref count is zero, deleting topic /visualization_marker_array...
[rospy.internal][INFO] 2017-06-10 00:54:18,762: topic[/visualization_marker_array] removing connection to http://ip-172-31-19-100:51697/
[rosout][INFO] 2017-06-10 00:54:18,769: Client disconnected. 0 clients total.
[rosout][WARNING] 2017-06-10 00:54:19,728: Could not process inbound connection: [/rosbridge_websocket] is not a publisher of [/control_markers/feedback]. Topics are [['/rosout', 'rosgraph_msgs/Log']]{'message_definition': "# Time/frame info.\nHeader header\n\n# Identifying string. Must be unique in the topic namespace.\nstring client_id\n\n# Feedback message sent back from the GUI, e.g.\n# when the status of an interactive marker was modified by the user.\n\n# Specifies which interactive marker and control this message refers to\nstring marker_name\nstring control_name\n\n# Type of the event\n# KEEP_ALIVE: sent while dragging to keep up control of the marker\n# MENU_SELECT: a menu entry has been selected\n# BUTTON_CLICK: a button control has been clicked\n# POSE_UPDATE: the pose has been changed using one of the controls\nuint8 KEEP_ALIVE = 0\nuint8 POSE_UPDATE = 1\nuint8 MENU_SELECT = 2\nuint8 BUTTON_CLICK = 3\n\nuint8 MOUSE_DOWN = 4\nuint8 MOUSE_UP = 5\n\nuint8 event_type\n\n# Current pose of the marker\n# Note: Has to be valid for all feedback types.\ngeometry_msgs/Pose pose\n\n# Contains the ID of the selected menu entry\n# Only valid for MENU_SELECT events.\nuint32 menu_entry_id\n\n# If event_type is BUTTON_CLICK, MOUSE_DOWN, or MOUSE_UP, mouse_point\n# may contain the 3 dimensional position of the event on the\n# control.  If it does, mouse_point_valid will be true.  mouse_point\n# will be relative to the frame listed in the header.\ngeometry_msgs/Point mouse_point\nbool mouse_point_valid\n\n================================================================================\nMSG: std_msgs/Header\n# Standard metadata for higher-level stamped data types.\n# This is generally used to communicate timestamped data \n# in a particular coordinate frame.\n# \n# sequence ID: consecutively increasing ID \nuint32 seq\n#Two-integer timestamp that is expressed as:\n# * stamp.sec: seconds (stamp_secs) since epoch (in Python the variable is called 'secs')\n# * stamp.nsec: nanoseconds since stamp_secs (in Python the variable is called 'nsecs')\n# time-handling sugar is provided by the client library\ntime stamp\n#Frame this data is associated with\n# 0: no frame\n# 1: global frame\nstring frame_id\n\n================================================================================\nMSG: geometry_msgs/Pose\n# A representation of pose in free space, composed of postion and orientation. \nPoint position\nQuaternion orientation\n\n================================================================================\nMSG: geometry_msgs/Point\n# This contains the position of a point in free space\nfloat64 x\nfloat64 y\nfloat64 z\n\n================================================================================\nMSG: geometry_msgs/Quaternion\n# This represents an orientation in free space in quaternion form.\n\nfloat64 x\nfloat64 y\nfloat64 z\nfloat64 w\n", 'callerid': '/marker_control_12653_1497081052358', 'tcp_nodelay': '0', 'md5sum': 'ab0f1eee058667e28c19ff3ffc3f4b78', 'topic': '/control_markers/feedback', 'type': 'visualization_msgs/InteractiveMarkerFeedback'}
