[roslaunch][INFO] 2017-06-10 00:50:48,554: Checking log directory for disk usage. This may take awhile.
Press Ctrl-C to interrupt
[roslaunch][INFO] 2017-06-10 00:50:48,594: Done checking log file disk usage. Usage is <1GB.
[roslaunch][INFO] 2017-06-10 00:50:48,594: roslaunch starting with args ['/opt/ros/indigo/bin/roslaunch', 'rosbridge_server', 'rosbridge_websocket.launch', 'port:=35613']
[roslaunch][INFO] 2017-06-10 00:50:48,598: roslaunch env is {'ROS_DISTRO': 'indigo', 'ASNLIB': '/home/ccc_v1_s54106__48606/asn13529_Project_5/asn13530_Project_4/asnlib', 'LIB': '/home/ccc_v1_s54106__48606/lib', 'PKG_CONFIG_PATH': '/opt/ros/indigo/lib/pkgconfig:/opt/ros/indigo/lib/x86_64-linux-gnu/pkgconfig', 'SSH_CLIENT': '172.31.7.153 55962 22', 'CPATH': '/opt/ros/indigo/include', 'LOGNAME': 'ccc_v1_w_dd4cc_18220', 'USER': 'ccc_v1_w_dd4cc_18220', 'ROS_NODE_PORT': '35711', 'HOME': '/home/ccc_v1_w_dd4cc_18220/asn13529_Project_5/asn13530_Project_4/work', 'PATH': '/opt/ros/indigo/bin:/usr/local/sbin:/usr/local/bin:/usr/sbin:/usr/bin:/sbin:/bin:/usr/games:/usr/local/games:/home/local/bin:/home/ccc_v1_s54106__48606/lib:/home/ccc_v1_s54106__48606/asn13529_Project_5/asn13530_Project_4/asnlib:/home/vlibs:.', 'CMAKE_PREFIX_PATH': '/opt/ros/indigo', 'LD_LIBRARY_PATH': '/opt/ros/indigo/lib:/opt/ros/indigo/lib/x86_64-linux-gnu:/home/ccc_v1_s54106__48606/lib:/home/ccc_v1_s54106__48606/asn13529_Project_5/asn13530_Project_4/asnlib:/home/vlibs', 'LANG': 'en_US.UTF-8', 'TERM': 'xterm-256color', 'SHELL': '/bin/bash', 'HISTFILE': '/home/ccc_v1_w_dd4cc_18220/.bash_history', 'SHLVL': '2', 'VOC_WORKAREA': '/home/ccc_v1_w_dd4cc_18220/asn13529_Project_5/asn13530_Project_4/work', 'ROS_LOG_FILENAME': '/home/ccc_v1_w_dd4cc_18220/asn13529_Project_5/asn13530_Project_4/work/.ros/log/832d981a-4db1-11e7-a9b0-06f360e4abc1/roslaunch-ip-172-31-19-100-12423.log', 'PART1': '/home/ccc_v1_s54106__48606/asn13529_Project_5/asn13530_Project_4', 'ROS_ETC_DIR': '/opt/ros/indigo/etc/ros', 'XDG_RUNTIME_DIR': '/run/user/18220', 'PYTHONPATH': '/opt/ros/indigo/lib/python2.7/dist-packages:/home/vlibs/python', 'VOC_PROXY_WRAPPER_PORT': '5100', 'VOC_XFER_TOKEN': '8898456174354243542135300593ba4cf7d8752.39456472', 'ROS_ROOT': '/opt/ros/indigo/share/ros', 'OLD_HOME': '/home/ccc_v1_w_dd4cc_18220', 'VOC_PROXY_TOKEN': '138091008043542435421353001593ba4cf8b7400.66689175', 'ROS_PACKAGE_PATH': '/opt/ros/indigo/share:/opt/ros/indigo/stacks', 'XDG_SESSION_ID': '318722', '_': '/usr/bin/stdbuf', 'LD_PRELOAD': '/usr/lib/coreutils/libstdbuf.so', '_STDBUF_O': 'L', 'SSH_TTY': '/dev/pts/1', 'OLDPWD': '/home/ccc_v1_w_dd4cc_18220', 'ROSLISP_PACKAGE_DIRECTORIES': '', 'VLIB': '/home/vlibs', 'PWD': '/home/ccc_v1_w_dd4cc_18220/asn13529_Project_5/asn13530_Project_4/work', 'VOC_PROXY_ID': '43542_43542_13530_0_1', 'ROS_MASTER_URI': 'http://localhost:35711', 'MAIL': '/var/mail/ccc_v1_w_dd4cc_18220', 'SSH_CONNECTION': '172.31.7.153 55962 172.31.19.100 22'}
[roslaunch][INFO] 2017-06-10 00:50:48,601: starting in server mode
[roslaunch.parent][INFO] 2017-06-10 00:50:48,605: starting roslaunch parent run
[roslaunch][INFO] 2017-06-10 00:50:48,609: loading roscore config file /opt/ros/indigo/etc/ros/roscore.xml
[roslaunch][INFO] 2017-06-10 00:50:48,716: Added core node of type [rosout/rosout] in namespace [/]
[roslaunch.config][INFO] 2017-06-10 00:50:48,717: loading config file /opt/ros/indigo/share/rosbridge_server/launch/rosbridge_websocket.launch
[roslaunch][INFO] 2017-06-10 00:50:48,722: Added node of type [rosbridge_server/rosbridge_websocket] in namespace [/]
[roslaunch][INFO] 2017-06-10 00:50:48,726: Added node of type [rosapi/rosapi_node] in namespace [/]
[roslaunch][INFO] 2017-06-10 00:50:48,729: ... selected machine [] for node of type [rosbridge_server/rosbridge_websocket]
[roslaunch][INFO] 2017-06-10 00:50:48,732: ... selected machine [] for node of type [rosapi/rosapi_node]
[roslaunch.pmon][INFO] 2017-06-10 00:50:48,736: start_process_monitor: creating ProcessMonitor
[roslaunch.pmon][INFO] 2017-06-10 00:50:48,740: created process monitor <ProcessMonitor(ProcessMonitor-1, initial daemon)>
[roslaunch.pmon][INFO] 2017-06-10 00:50:48,743: start_process_monitor: ProcessMonitor started
[roslaunch.parent][INFO] 2017-06-10 00:50:48,746: starting parent XML-RPC server
[roslaunch.server][INFO] 2017-06-10 00:50:48,750: starting roslaunch XML-RPC server
[roslaunch.server][INFO] 2017-06-10 00:50:48,753: waiting for roslaunch XML-RPC server to initialize
[xmlrpc][INFO] 2017-06-10 00:50:48,753: XML-RPC server binding to 0.0.0.0:0
[xmlrpc][INFO] 2017-06-10 00:50:48,761: Started XML-RPC server [http://ip-172-31-19-100:59338/]
[xmlrpc][INFO] 2017-06-10 00:50:48,764: xml rpc node: starting XML-RPC server
[roslaunch][INFO] 2017-06-10 00:50:48,770: started roslaunch server http://ip-172-31-19-100:59338/
[roslaunch.parent][INFO] 2017-06-10 00:50:48,773: ... parent XML-RPC server started
[roslaunch][INFO] 2017-06-10 00:50:48,777: master.is_running[http://localhost:35711]
[roslaunch][INFO] 2017-06-10 00:50:48,782: master.is_running[http://localhost:35711]
[roslaunch][INFO] 2017-06-10 00:50:48,786: ROS_MASTER_URI=http://localhost:35711
[roslaunch][INFO] 2017-06-10 00:50:48,791: setting /roslaunch/uris/host_ip_172_31_19_100__59338' to http://ip-172-31-19-100:59338/
[roslaunch][INFO] 2017-06-10 00:50:48,796: load_parameters starting ...
[roslaunch][INFO] 2017-06-10 00:50:48,833: ... load_parameters complete
[roslaunch][INFO] 2017-06-10 00:50:48,837: launch_nodes: launching local nodes ...
[roslaunch][INFO] 2017-06-10 00:50:48,840: ... preparing to launch node of type [rosbridge_server/rosbridge_websocket]
[roslaunch][INFO] 2017-06-10 00:50:48,844: create_node_process: package[rosbridge_server] type[rosbridge_websocket] machine[Machine(name[] env_loader[None] address[localhost] ssh_port[22] user[None] assignable[True] timeout[10.0])] master_uri[http://localhost:35711]
[roslaunch][INFO] 2017-06-10 00:50:48,848: process[rosbridge_websocket-1]: env[{'ROS_DISTRO': 'indigo', 'ASNLIB': '/home/ccc_v1_s54106__48606/asn13529_Project_5/asn13530_Project_4/asnlib', 'LIB': '/home/ccc_v1_s54106__48606/lib', 'VOC_PROXY_TOKEN': '138091008043542435421353001593ba4cf8b7400.66689175', 'SSH_CLIENT': '172.31.7.153 55962 22', 'CPATH': '/opt/ros/indigo/include', 'LOGNAME': 'ccc_v1_w_dd4cc_18220', 'USER': 'ccc_v1_w_dd4cc_18220', 'ROS_NODE_PORT': '35711', 'HOME': '/home/ccc_v1_w_dd4cc_18220/asn13529_Project_5/asn13530_Project_4/work', 'PATH': '/opt/ros/indigo/bin:/usr/local/sbin:/usr/local/bin:/usr/sbin:/usr/bin:/sbin:/bin:/usr/games:/usr/local/games:/home/local/bin:/home/ccc_v1_s54106__48606/lib:/home/ccc_v1_s54106__48606/asn13529_Project_5/asn13530_Project_4/asnlib:/home/vlibs:.', 'CMAKE_PREFIX_PATH': '/opt/ros/indigo', 'ROS_LOG_FILENAME': '/home/ccc_v1_w_dd4cc_18220/asn13529_Project_5/asn13530_Project_4/work/.ros/log/832d981a-4db1-11e7-a9b0-06f360e4abc1/roslaunch-ip-172-31-19-100-12423.log', 'LANG': 'en_US.UTF-8', 'TERM': 'xterm-256color', 'SHELL': '/bin/bash', 'HISTFILE': '/home/ccc_v1_w_dd4cc_18220/.bash_history', 'SHLVL': '2', 'VOC_WORKAREA': '/home/ccc_v1_w_dd4cc_18220/asn13529_Project_5/asn13530_Project_4/work', 'LD_LIBRARY_PATH': '/opt/ros/indigo/lib:/opt/ros/indigo/lib/x86_64-linux-gnu:/home/ccc_v1_s54106__48606/lib:/home/ccc_v1_s54106__48606/asn13529_Project_5/asn13530_Project_4/asnlib:/home/vlibs', 'PART1': '/home/ccc_v1_s54106__48606/asn13529_Project_5/asn13530_Project_4', 'ROS_MASTER_URI': 'http://localhost:35711', 'XDG_RUNTIME_DIR': '/run/user/18220', 'PYTHONPATH': '/opt/ros/indigo/lib/python2.7/dist-packages:/home/vlibs/python', 'VOC_PROXY_WRAPPER_PORT': '5100', 'VOC_XFER_TOKEN': '8898456174354243542135300593ba4cf7d8752.39456472', 'ROS_ROOT': '/opt/ros/indigo/share/ros', 'OLD_HOME': '/home/ccc_v1_w_dd4cc_18220', 'PKG_CONFIG_PATH': '/opt/ros/indigo/lib/pkgconfig:/opt/ros/indigo/lib/x86_64-linux-gnu/pkgconfig', 'ROS_PACKAGE_PATH': '/opt/ros/indigo/share:/opt/ros/indigo/stacks', 'XDG_SESSION_ID': '318722', '_': '/usr/bin/stdbuf', 'LD_PRELOAD': '/usr/lib/coreutils/libstdbuf.so', '_STDBUF_O': 'L', 'SSH_TTY': '/dev/pts/1', 'OLDPWD': '/home/ccc_v1_w_dd4cc_18220', 'ROSLISP_PACKAGE_DIRECTORIES': '', 'VLIB': '/home/vlibs', 'PWD': '/home/ccc_v1_w_dd4cc_18220/asn13529_Project_5/asn13530_Project_4/work', 'VOC_PROXY_ID': '43542_43542_13530_0_1', 'ROS_ETC_DIR': '/opt/ros/indigo/etc/ros', 'MAIL': '/var/mail/ccc_v1_w_dd4cc_18220', 'SSH_CONNECTION': '172.31.7.153 55962 172.31.19.100 22'}]
[roslaunch][INFO] 2017-06-10 00:50:48,884: process[rosbridge_websocket-1]: args[[u'/opt/ros/indigo/lib/rosbridge_server/rosbridge_websocket', u'__name:=rosbridge_websocket']]
[roslaunch][INFO] 2017-06-10 00:50:48,887: ... created process [rosbridge_websocket-1]
[roslaunch.pmon][INFO] 2017-06-10 00:50:48,891: ProcessMonitor.register[rosbridge_websocket-1]
[roslaunch.pmon][INFO] 2017-06-10 00:50:48,894: ProcessMonitor.register[rosbridge_websocket-1] complete
[roslaunch][INFO] 2017-06-10 00:50:48,898: ... registered process [rosbridge_websocket-1]
[roslaunch][INFO] 2017-06-10 00:50:48,902: process[rosbridge_websocket-1]: starting os process
[roslaunch][INFO] 2017-06-10 00:50:48,906: process[rosbridge_websocket-1]: start w/ args [[u'/opt/ros/indigo/lib/rosbridge_server/rosbridge_websocket', u'__name:=rosbridge_websocket', u'__log:=/home/ccc_v1_w_dd4cc_18220/asn13529_Project_5/asn13530_Project_4/work/.ros/log/832d981a-4db1-11e7-a9b0-06f360e4abc1/rosbridge_websocket-1.log']]
[roslaunch][INFO] 2017-06-10 00:50:48,909: process[rosbridge_websocket-1]: cwd will be [/home/ccc_v1_w_dd4cc_18220/asn13529_Project_5/asn13530_Project_4/work/.ros]
[roslaunch][INFO] 2017-06-10 00:50:48,917: process[rosbridge_websocket-1]: started with pid [12442]
[roslaunch][INFO] 2017-06-10 00:50:48,918: ... successfully launched [rosbridge_websocket-1]
[roslaunch][INFO] 2017-06-10 00:50:48,922: ... preparing to launch node of type [rosapi/rosapi_node]
[roslaunch][INFO] 2017-06-10 00:50:48,925: create_node_process: package[rosapi] type[rosapi_node] machine[Machine(name[] env_loader[None] address[localhost] ssh_port[22] user[None] assignable[True] timeout[10.0])] master_uri[http://localhost:35711]
[roslaunch][INFO] 2017-06-10 00:50:48,928: process[rosapi-2]: env[{'ROS_DISTRO': 'indigo', 'ASNLIB': '/home/ccc_v1_s54106__48606/asn13529_Project_5/asn13530_Project_4/asnlib', 'LIB': '/home/ccc_v1_s54106__48606/lib', 'VOC_PROXY_TOKEN': '138091008043542435421353001593ba4cf8b7400.66689175', 'SSH_CLIENT': '172.31.7.153 55962 22', 'CPATH': '/opt/ros/indigo/include', 'LOGNAME': 'ccc_v1_w_dd4cc_18220', 'USER': 'ccc_v1_w_dd4cc_18220', 'ROS_NODE_PORT': '35711', 'HOME': '/home/ccc_v1_w_dd4cc_18220/asn13529_Project_5/asn13530_Project_4/work', 'PATH': '/opt/ros/indigo/bin:/usr/local/sbin:/usr/local/bin:/usr/sbin:/usr/bin:/sbin:/bin:/usr/games:/usr/local/games:/home/local/bin:/home/ccc_v1_s54106__48606/lib:/home/ccc_v1_s54106__48606/asn13529_Project_5/asn13530_Project_4/asnlib:/home/vlibs:.', 'CMAKE_PREFIX_PATH': '/opt/ros/indigo', 'ROS_LOG_FILENAME': '/home/ccc_v1_w_dd4cc_18220/asn13529_Project_5/asn13530_Project_4/work/.ros/log/832d981a-4db1-11e7-a9b0-06f360e4abc1/roslaunch-ip-172-31-19-100-12423.log', 'LANG': 'en_US.UTF-8', 'TERM': 'xterm-256color', 'SHELL': '/bin/bash', 'HISTFILE': '/home/ccc_v1_w_dd4cc_18220/.bash_history', 'SHLVL': '2', 'VOC_WORKAREA': '/home/ccc_v1_w_dd4cc_18220/asn13529_Project_5/asn13530_Project_4/work', 'LD_LIBRARY_PATH': '/opt/ros/indigo/lib:/opt/ros/indigo/lib/x86_64-linux-gnu:/home/ccc_v1_s54106__48606/lib:/home/ccc_v1_s54106__48606/asn13529_Project_5/asn13530_Project_4/asnlib:/home/vlibs', 'PART1': '/home/ccc_v1_s54106__48606/asn13529_Project_5/asn13530_Project_4', 'ROS_MASTER_URI': 'http://localhost:35711', 'XDG_RUNTIME_DIR': '/run/user/18220', 'PYTHONPATH': '/opt/ros/indigo/lib/python2.7/dist-packages:/home/vlibs/python', 'VOC_PROXY_WRAPPER_PORT': '5100', 'VOC_XFER_TOKEN': '8898456174354243542135300593ba4cf7d8752.39456472', 'ROS_ROOT': '/opt/ros/indigo/share/ros', 'OLD_HOME': '/home/ccc_v1_w_dd4cc_18220', 'PKG_CONFIG_PATH': '/opt/ros/indigo/lib/pkgconfig:/opt/ros/indigo/lib/x86_64-linux-gnu/pkgconfig', 'ROS_PACKAGE_PATH': '/opt/ros/indigo/share:/opt/ros/indigo/stacks', 'XDG_SESSION_ID': '318722', '_': '/usr/bin/stdbuf', 'LD_PRELOAD': '/usr/lib/coreutils/libstdbuf.so', '_STDBUF_O': 'L', 'SSH_TTY': '/dev/pts/1', 'OLDPWD': '/home/ccc_v1_w_dd4cc_18220', 'ROSLISP_PACKAGE_DIRECTORIES': '', 'VLIB': '/home/vlibs', 'PWD': '/home/ccc_v1_w_dd4cc_18220/asn13529_Project_5/asn13530_Project_4/work', 'VOC_PROXY_ID': '43542_43542_13530_0_1', 'ROS_ETC_DIR': '/opt/ros/indigo/etc/ros', 'MAIL': '/var/mail/ccc_v1_w_dd4cc_18220', 'SSH_CONNECTION': '172.31.7.153 55962 172.31.19.100 22'}]
[roslaunch][INFO] 2017-06-10 00:50:48,933: process[rosapi-2]: args[[u'/opt/ros/indigo/lib/rosapi/rosapi_node', u'__name:=rosapi']]
[roslaunch][INFO] 2017-06-10 00:50:48,936: ... created process [rosapi-2]
[roslaunch.pmon][INFO] 2017-06-10 00:50:48,940: ProcessMonitor.register[rosapi-2]
[roslaunch.pmon][INFO] 2017-06-10 00:50:48,943: ProcessMonitor.register[rosapi-2] complete
[roslaunch][INFO] 2017-06-10 00:50:48,946: ... registered process [rosapi-2]
[roslaunch][INFO] 2017-06-10 00:50:48,950: process[rosapi-2]: starting os process
[roslaunch][INFO] 2017-06-10 00:50:48,955: process[rosapi-2]: start w/ args [[u'/opt/ros/indigo/lib/rosapi/rosapi_node', u'__name:=rosapi', u'__log:=/home/ccc_v1_w_dd4cc_18220/asn13529_Project_5/asn13530_Project_4/work/.ros/log/832d981a-4db1-11e7-a9b0-06f360e4abc1/rosapi-2.log']]
[roslaunch][INFO] 2017-06-10 00:50:48,959: process[rosapi-2]: cwd will be [/home/ccc_v1_w_dd4cc_18220/asn13529_Project_5/asn13530_Project_4/work/.ros]
[roslaunch][INFO] 2017-06-10 00:50:48,967: process[rosapi-2]: started with pid [12443]
[roslaunch][INFO] 2017-06-10 00:50:48,968: ... successfully launched [rosapi-2]
[roslaunch][INFO] 2017-06-10 00:50:48,971: ... launch_nodes complete
[roslaunch.pmon][INFO] 2017-06-10 00:50:48,975: registrations completed <ProcessMonitor(ProcessMonitor-1, started daemon 140126522406656)>
[roslaunch.parent][INFO] 2017-06-10 00:50:48,978: ... roslaunch parent running, waiting for process exit
[roslaunch][INFO] 2017-06-10 00:50:48,981: spin
