[rosmaster.main][INFO] 2017-06-10 20:04:03,208: initialization complete, waiting for shutdown
[rosmaster.main][INFO] 2017-06-10 20:04:03,209: Starting ROS Master Node
[xmlrpc][INFO] 2017-06-10 20:04:03,215: XML-RPC server binding to 0.0.0.0:52295
[xmlrpc][INFO] 2017-06-10 20:04:03,219: Started XML-RPC server [http://ip-172-31-19-100:52295/]
[xmlrpc][INFO] 2017-06-10 20:04:03,223: xml rpc node: starting XML-RPC server
[rosmaster.master][INFO] 2017-06-10 20:04:03,220: Master initialized: port[52295], uri[http://ip-172-31-19-100:52295/]
[rosmaster.master][INFO] 2017-06-10 20:04:03,272: +PARAM [/run_id] by /roslaunch
[rosmaster.master][INFO] 2017-06-10 20:04:03,282: +PARAM [/roslaunch/uris/host_ip_172_31_19_100__54610] by /roslaunch
[rosmaster.master][INFO] 2017-06-10 20:04:03,399: +PARAM [/rosversion] by /roslaunch
[rosmaster.master][INFO] 2017-06-10 20:04:03,402: +PARAM [/rosdistro] by /roslaunch
[rosmaster.master][INFO] 2017-06-10 20:04:03,425: +SERVICE [/rosout/get_loggers] /rosout http://ip-172-31-19-100:42585/
[rosmaster.master][INFO] 2017-06-10 20:04:03,432: +SERVICE [/rosout/set_logger_level] /rosout http://ip-172-31-19-100:42585/
[rosmaster.master][INFO] 2017-06-10 20:04:03,443: +PUB [/rosout_agg] /rosout http://ip-172-31-19-100:42585/
[rosmaster.master][INFO] 2017-06-10 20:04:03,457: +SUB [/rosout] /rosout http://ip-172-31-19-100:42585/
[rosmaster.master][INFO] 2017-06-10 20:04:03,700: +PUB [/rosout] /tf2_web_republisher http://ip-172-31-19-100:46851/
[rosmaster.master][INFO] 2017-06-10 20:04:03,707: +SERVICE [/tf2_web_republisher/get_loggers] /tf2_web_republisher http://ip-172-31-19-100:46851/
[rosmaster.master][INFO] 2017-06-10 20:04:03,711: +SERVICE [/tf2_web_republisher/set_logger_level] /tf2_web_republisher http://ip-172-31-19-100:46851/
[rosmaster.master][INFO] 2017-06-10 20:04:03,716: publisherUpdate[/rosout] -> http://ip-172-31-19-100:42585/
[rosmaster.master][INFO] 2017-06-10 20:04:03,727: +SUB [/tf] /tf2_web_republisher http://ip-172-31-19-100:46851/
[rosmaster.master][INFO] 2017-06-10 20:04:03,737: +SUB [/tf_static] /tf2_web_republisher http://ip-172-31-19-100:46851/
[rosmaster.master][INFO] 2017-06-10 20:04:03,742: +SERVICE [/republish_tfs] /tf2_web_republisher http://ip-172-31-19-100:46851/
[rosmaster.master][INFO] 2017-06-10 20:04:03,746: +PUB [/tf2_web_republisher/result] /tf2_web_republisher http://ip-172-31-19-100:46851/
[rosmaster.master][INFO] 2017-06-10 20:04:03,750: +PUB [/tf2_web_republisher/feedback] /tf2_web_republisher http://ip-172-31-19-100:46851/
[rosmaster.master][INFO] 2017-06-10 20:04:03,755: +PUB [/tf2_web_republisher/status] /tf2_web_republisher http://ip-172-31-19-100:46851/
[rosmaster.master][INFO] 2017-06-10 20:04:03,767: +SUB [/tf2_web_republisher/goal] /tf2_web_republisher http://ip-172-31-19-100:46851/
[rosmaster.master][INFO] 2017-06-10 20:04:03,779: +SUB [/tf2_web_republisher/cancel] /tf2_web_republisher http://ip-172-31-19-100:46851/
[rosmaster.master][INFO] 2017-06-10 20:04:05,204: +PARAM [/roslaunch/uris/host_ip_172_31_19_100__43006] by /roslaunch
[rosmaster.master][INFO] 2017-06-10 20:04:05,216: +PARAM [/rosbridge_websocket/port] by /roslaunch
[rosmaster.master][INFO] 2017-06-10 20:04:05,220: +PARAM [/rosdistro] by /roslaunch
[rosmaster.master][INFO] 2017-06-10 20:04:05,223: +PARAM [/rosbridge_websocket/fragment_timeout] by /roslaunch
[rosmaster.master][INFO] 2017-06-10 20:04:05,226: +PARAM [/rosbridge_websocket/delay_between_messages] by /roslaunch
[rosmaster.master][INFO] 2017-06-10 20:04:05,232: +PARAM [/rosversion] by /roslaunch
[rosmaster.master][INFO] 2017-06-10 20:04:05,236: +PARAM [/rosbridge_websocket/authenticate] by /roslaunch
[rosmaster.master][INFO] 2017-06-10 20:04:05,239: +PARAM [/rosbridge_websocket/retry_startup_delay] by /roslaunch
[rosmaster.master][INFO] 2017-06-10 20:04:05,243: +PARAM [/rosbridge_websocket/address] by /roslaunch
[rosmaster.master][INFO] 2017-06-10 20:04:05,247: +PARAM [/rosbridge_websocket/max_message_size] by /roslaunch
[rosmaster.master][INFO] 2017-06-10 20:04:05,784: +PUB [/rosout] /interactive_marker_proxy http://ip-172-31-19-100:53658/
[rosmaster.master][INFO] 2017-06-10 20:04:05,789: +SERVICE [/interactive_marker_proxy/get_loggers] /interactive_marker_proxy http://ip-172-31-19-100:53658/
[rosmaster.master][INFO] 2017-06-10 20:04:05,793: +SERVICE [/interactive_marker_proxy/set_logger_level] /interactive_marker_proxy http://ip-172-31-19-100:53658/
[rosmaster.master][INFO] 2017-06-10 20:04:05,803: +SUB [/tf] /interactive_marker_proxy http://ip-172-31-19-100:53658/
[rosmaster.master][INFO] 2017-06-10 20:04:05,821: publisherUpdate[/rosout] -> http://ip-172-31-19-100:42585/
[rosmaster.master][INFO] 2017-06-10 20:04:05,821: +SUB [/tf_static] /interactive_marker_proxy http://ip-172-31-19-100:53658/
[rosmaster.master][INFO] 2017-06-10 20:04:05,837: +SUB [/control_markers/update] /interactive_marker_proxy http://ip-172-31-19-100:53658/
[rosmaster.master][INFO] 2017-06-10 20:04:05,849: +SUB [/control_markers/update_full] /interactive_marker_proxy http://ip-172-31-19-100:53658/
[rosmaster.master][INFO] 2017-06-10 20:04:05,861: +PUB [/control_markers/tunneled/update] /interactive_marker_proxy http://ip-172-31-19-100:53658/
[rosmaster.master][INFO] 2017-06-10 20:04:05,865: +SERVICE [/control_markers/tunneled/get_init] /interactive_marker_proxy http://ip-172-31-19-100:53658/
[rosmaster.master][INFO] 2017-06-10 20:04:05,907: -SUB [/control_markers/update_full] /interactive_marker_proxy http://ip-172-31-19-100:53658/
[rosmaster.master][INFO] 2017-06-10 20:04:06,116: +PUB [/rosout] /rosapi http://ip-172-31-19-100:41265/
[rosmaster.master][INFO] 2017-06-10 20:04:06,121: publisherUpdate[/rosout] -> http://ip-172-31-19-100:42585/
[rosmaster.master][INFO] 2017-06-10 20:04:06,134: +SERVICE [/rosapi/get_loggers] /rosapi http://ip-172-31-19-100:41265/
[rosmaster.master][INFO] 2017-06-10 20:04:06,141: +SERVICE [/rosapi/set_logger_level] /rosapi http://ip-172-31-19-100:41265/
[rosmaster.master][INFO] 2017-06-10 20:04:06,151: +SERVICE [/rosapi/topics] /rosapi http://ip-172-31-19-100:41265/
[rosmaster.master][INFO] 2017-06-10 20:04:06,156: +SERVICE [/rosapi/topics_for_type] /rosapi http://ip-172-31-19-100:41265/
[rosmaster.master][INFO] 2017-06-10 20:04:06,162: +SERVICE [/rosapi/services] /rosapi http://ip-172-31-19-100:41265/
[rosmaster.master][INFO] 2017-06-10 20:04:06,169: +SERVICE [/rosapi/services_for_type] /rosapi http://ip-172-31-19-100:41265/
[rosmaster.master][INFO] 2017-06-10 20:04:06,175: +SERVICE [/rosapi/nodes] /rosapi http://ip-172-31-19-100:41265/
[rosmaster.master][INFO] 2017-06-10 20:04:06,183: +SERVICE [/rosapi/node_details] /rosapi http://ip-172-31-19-100:41265/
[rosmaster.master][INFO] 2017-06-10 20:04:06,191: +SERVICE [/rosapi/topic_type] /rosapi http://ip-172-31-19-100:41265/
[rosmaster.master][INFO] 2017-06-10 20:04:06,197: +SERVICE [/rosapi/service_type] /rosapi http://ip-172-31-19-100:41265/
[rosmaster.master][INFO] 2017-06-10 20:04:06,203: +SERVICE [/rosapi/publishers] /rosapi http://ip-172-31-19-100:41265/
[rosmaster.master][INFO] 2017-06-10 20:04:06,209: +SERVICE [/rosapi/subscribers] /rosapi http://ip-172-31-19-100:41265/
[rosmaster.master][INFO] 2017-06-10 20:04:06,214: +SERVICE [/rosapi/service_providers] /rosapi http://ip-172-31-19-100:41265/
[rosmaster.master][INFO] 2017-06-10 20:04:06,221: +SERVICE [/rosapi/service_node] /rosapi http://ip-172-31-19-100:41265/
[rosmaster.master][INFO] 2017-06-10 20:04:06,228: +SERVICE [/rosapi/service_host] /rosapi http://ip-172-31-19-100:41265/
[rosmaster.master][INFO] 2017-06-10 20:04:06,236: +SERVICE [/rosapi/message_details] /rosapi http://ip-172-31-19-100:41265/
[rosmaster.master][INFO] 2017-06-10 20:04:06,241: +SERVICE [/rosapi/service_request_details] /rosapi http://ip-172-31-19-100:41265/
[rosmaster.master][INFO] 2017-06-10 20:04:06,246: +SERVICE [/rosapi/service_response_details] /rosapi http://ip-172-31-19-100:41265/
[rosmaster.master][INFO] 2017-06-10 20:04:06,252: +SERVICE [/rosapi/set_param] /rosapi http://ip-172-31-19-100:41265/
[rosmaster.master][INFO] 2017-06-10 20:04:06,260: +SERVICE [/rosapi/get_param] /rosapi http://ip-172-31-19-100:41265/
[rosmaster.master][INFO] 2017-06-10 20:04:06,266: +SERVICE [/rosapi/has_param] /rosapi http://ip-172-31-19-100:41265/
[rosmaster.master][INFO] 2017-06-10 20:04:06,274: +SERVICE [/rosapi/search_param] /rosapi http://ip-172-31-19-100:41265/
[rosmaster.master][INFO] 2017-06-10 20:04:06,283: +SERVICE [/rosapi/delete_param] /rosapi http://ip-172-31-19-100:41265/
[rosmaster.master][INFO] 2017-06-10 20:04:06,287: +SERVICE [/rosapi/get_param_names] /rosapi http://ip-172-31-19-100:41265/
[rosmaster.master][INFO] 2017-06-10 20:04:06,292: +SERVICE [/rosapi/get_time] /rosapi http://ip-172-31-19-100:41265/
[rosmaster.master][INFO] 2017-06-10 20:04:06,430: +PUB [/rosout] /rosbridge_websocket http://ip-172-31-19-100:37408/
[rosmaster.master][INFO] 2017-06-10 20:04:06,430: publisherUpdate[/rosout] -> http://ip-172-31-19-100:42585/
[rosmaster.master][INFO] 2017-06-10 20:04:06,446: +SERVICE [/rosbridge_websocket/get_loggers] /rosbridge_websocket http://ip-172-31-19-100:37408/
[rosmaster.master][INFO] 2017-06-10 20:04:06,452: +SERVICE [/rosbridge_websocket/set_logger_level] /rosbridge_websocket http://ip-172-31-19-100:37408/
[rosmaster.master][INFO] 2017-06-10 20:04:08,053: +PARAM [/roslaunch/uris/host_ip_172_31_19_100__33355] by /roslaunch
[rosmaster.master][INFO] 2017-06-10 20:04:08,081: +PARAM [/robot_description_kinematics/lwr_arm/kinematics_solver] by /roslaunch
[rosmaster.master][INFO] 2017-06-10 20:04:08,085: +PARAM [/move_group/planner_configs/RRTkConfigDefault/goal_bias] by /roslaunch
[rosmaster.master][INFO] 2017-06-10 20:04:08,089: +PARAM [/robot_description_semantic] by /roslaunch
[rosmaster.master][INFO] 2017-06-10 20:04:08,093: +PARAM [/robot_description_kinematics/lwr_arm/kinematics_solver_attempts] by /roslaunch
[rosmaster.master][INFO] 2017-06-10 20:04:08,097: +PARAM [/robot_description_planning/joint_limits/lwr_arm_6_joint/max_acceleration] by /roslaunch
[rosmaster.master][INFO] 2017-06-10 20:04:08,102: +PARAM [/robot_description_planning/joint_limits/lwr_arm_5_joint/has_acceleration_limits] by /roslaunch
[rosmaster.master][INFO] 2017-06-10 20:04:08,106: +PARAM [/move_group/planner_configs/RRTstarkConfigDefault/range] by /roslaunch
[rosmaster.master][INFO] 2017-06-10 20:04:08,110: +PARAM [/robot_description_planning/joint_limits/lwr_arm_0_joint/max_acceleration] by /roslaunch
[rosmaster.master][INFO] 2017-06-10 20:04:08,114: +PARAM [/robot_description_planning/joint_limits/lwr_arm_0_joint/has_velocity_limits] by /roslaunch
[rosmaster.master][INFO] 2017-06-10 20:04:08,118: +PARAM [/move_group/max_safe_path_cost] by /roslaunch
[rosmaster.master][INFO] 2017-06-10 20:04:08,123: +PARAM [/move_group/planner_configs/RRTstarkConfigDefault/goal_bias] by /roslaunch
[rosmaster.master][INFO] 2017-06-10 20:04:08,127: +PARAM [/move_group/planning_scene_monitor/publish_planning_scene] by /roslaunch
[rosmaster.master][INFO] 2017-06-10 20:04:08,131: +PARAM [/move_group/planner_configs/PRMkConfigDefault/type] by /roslaunch
[rosmaster.master][INFO] 2017-06-10 20:04:08,135: +PARAM [/move_group/planner_configs/ESTkConfigDefault/range] by /roslaunch
[rosmaster.master][INFO] 2017-06-10 20:04:08,138: +PARAM [/robot_description_planning/joint_limits/lwr_arm_2_joint/max_acceleration] by /roslaunch
[rosmaster.master][INFO] 2017-06-10 20:04:08,142: +PARAM [/move_group/planner_configs/KPIECEkConfigDefault/min_valid_path_fraction] by /roslaunch
[rosmaster.master][INFO] 2017-06-10 20:04:08,146: +PARAM [/move_group/planner_configs/BKPIECEkConfigDefault/border_fraction] by /roslaunch
[rosmaster.master][INFO] 2017-06-10 20:04:08,150: +PARAM [/move_group/planner_configs/PRMkConfigDefault/max_nearest_neighbors] by /roslaunch
[rosmaster.master][INFO] 2017-06-10 20:04:08,154: +PARAM [/move_group/planner_configs/TRRTkConfigDefault/goal_bias] by /roslaunch
[rosmaster.master][INFO] 2017-06-10 20:04:08,159: +PARAM [/move_group/planner_configs/BKPIECEkConfigDefault/min_valid_path_fraction] by /roslaunch
[rosmaster.master][INFO] 2017-06-10 20:04:08,165: +PARAM [/robot_description_planning/joint_limits/lwr_arm_2_joint/has_velocity_limits] by /roslaunch
[rosmaster.master][INFO] 2017-06-10 20:04:08,168: +PARAM [/robot_description_planning/joint_limits/lwr_arm_3_joint/max_velocity] by /roslaunch
[rosmaster.master][INFO] 2017-06-10 20:04:08,172: +PARAM [/robot_description_planning/joint_limits/lwr_arm_4_joint/max_acceleration] by /roslaunch
[rosmaster.master][INFO] 2017-06-10 20:04:08,183: +PARAM [/robot_description_planning/joint_limits/lwr_arm_0_joint/max_velocity] by /roslaunch
[rosmaster.master][INFO] 2017-06-10 20:04:08,187: +PARAM [/move_group/planner_configs/SBLkConfigDefault/range] by /roslaunch
[rosmaster.master][INFO] 2017-06-10 20:04:08,190: +PARAM [/move_group/planner_configs/TRRTkConfigDefault/frountierNodeRatio] by /roslaunch
[rosmaster.master][INFO] 2017-06-10 20:04:08,194: +PARAM [/robot_description_planning/joint_limits/lwr_arm_6_joint/has_acceleration_limits] by /roslaunch
[rosmaster.master][INFO] 2017-06-10 20:04:08,197: +PARAM [/move_group/planning_plugin] by /roslaunch
[rosmaster.master][INFO] 2017-06-10 20:04:08,201: +PARAM [/move_group/planning_scene_monitor/publish_geometry_updates] by /roslaunch
[rosmaster.master][INFO] 2017-06-10 20:04:08,205: +PARAM [/robot_description_planning/joint_limits/lwr_arm_3_joint/max_acceleration] by /roslaunch
[rosmaster.master][INFO] 2017-06-10 20:04:08,208: +PARAM [/move_group/planner_configs/TRRTkConfigDefault/max_states_failed] by /roslaunch
[rosmaster.master][INFO] 2017-06-10 20:04:08,212: +PARAM [/robot_description_planning/joint_limits/lwr_arm_3_joint/has_velocity_limits] by /roslaunch
[rosmaster.master][INFO] 2017-06-10 20:04:08,217: +PARAM [/robot_description_kinematics/lwr_arm/kinematics_solver_timeout] by /roslaunch
[rosmaster.master][INFO] 2017-06-10 20:04:08,222: +PARAM [/move_group/lwr_arm/projection_evaluator] by /roslaunch
[rosmaster.master][INFO] 2017-06-10 20:04:08,226: +PARAM [/robot_description_planning/joint_limits/lwr_arm_1_joint/has_acceleration_limits] by /roslaunch
[rosmaster.master][INFO] 2017-06-10 20:04:08,231: +PARAM [/rosdistro] by /roslaunch
[rosmaster.master][INFO] 2017-06-10 20:04:08,235: +PARAM [/robot_description_planning/joint_limits/lwr_arm_5_joint/max_velocity] by /roslaunch
[rosmaster.master][INFO] 2017-06-10 20:04:08,240: +PARAM [/move_group/planner_configs/PRMstarkConfigDefault/type] by /roslaunch
[rosmaster.master][INFO] 2017-06-10 20:04:08,244: +PARAM [/move_group/planner_configs/RRTkConfigDefault/range] by /roslaunch
[rosmaster.master][INFO] 2017-06-10 20:04:08,249: +PARAM [/move_group/allow_trajectory_execution] by /roslaunch
[rosmaster.master][INFO] 2017-06-10 20:04:08,252: +PARAM [/move_group/lwr_arm/planner_configs] by /roslaunch
[rosmaster.master][INFO] 2017-06-10 20:04:08,256: +PARAM [/move_group/planner_configs/ESTkConfigDefault/type] by /roslaunch
[rosmaster.master][INFO] 2017-06-10 20:04:08,260: +PARAM [/move_group/start_state_max_bounds_error] by /roslaunch
[rosmaster.master][INFO] 2017-06-10 20:04:08,264: +PARAM [/move_group/planner_configs/TRRTkConfigDefault/init_temperature] by /roslaunch
[rosmaster.master][INFO] 2017-06-10 20:04:08,268: +PARAM [/move_group/planner_configs/BKPIECEkConfigDefault/type] by /roslaunch
[rosmaster.master][INFO] 2017-06-10 20:04:08,272: +PARAM [/move_group/planner_configs/KPIECEkConfigDefault/border_fraction] by /roslaunch
[rosmaster.master][INFO] 2017-06-10 20:04:08,276: +PARAM [/robot_description_planning/joint_limits/lwr_arm_4_joint/has_velocity_limits] by /roslaunch
[rosmaster.master][INFO] 2017-06-10 20:04:08,280: +PARAM [/move_group/planner_configs/ESTkConfigDefault/goal_bias] by /roslaunch
[rosmaster.master][INFO] 2017-06-10 20:04:08,292: +PARAM [/move_group/planner_configs/LBKPIECEkConfigDefault/border_fraction] by /roslaunch
[rosmaster.master][INFO] 2017-06-10 20:04:08,296: +PARAM [/move_group/jiggle_fraction] by /roslaunch
[rosmaster.master][INFO] 2017-06-10 20:04:08,299: +PARAM [/move_group/planner_configs/TRRTkConfigDefault/range] by /roslaunch
[rosmaster.master][INFO] 2017-06-10 20:04:08,303: +PARAM [/move_group/planning_scene_monitor/publish_state_updates] by /roslaunch
[rosmaster.master][INFO] 2017-06-10 20:04:08,307: +PARAM [/move_group/planner_configs/TRRTkConfigDefault/temp_change_factor] by /roslaunch
[rosmaster.master][INFO] 2017-06-10 20:04:08,311: +PARAM [/robot_description_planning/joint_limits/lwr_arm_6_joint/max_velocity] by /roslaunch
[rosmaster.master][INFO] 2017-06-10 20:04:08,316: +PARAM [/robot_description_planning/joint_limits/lwr_arm_1_joint/max_velocity] by /roslaunch
[rosmaster.master][INFO] 2017-06-10 20:04:08,320: +PARAM [/move_group/planner_configs/SBLkConfigDefault/type] by /roslaunch
[rosmaster.master][INFO] 2017-06-10 20:04:08,323: +PARAM [/robot_description] by /roslaunch
[rosmaster.master][INFO] 2017-06-10 20:04:08,326: +PARAM [/move_group/capabilities] by /roslaunch
[rosmaster.master][INFO] 2017-06-10 20:04:08,330: +PARAM [/move_group/planner_configs/LBKPIECEkConfigDefault/range] by /roslaunch
[rosmaster.master][INFO] 2017-06-10 20:04:08,334: +PARAM [/robot_description_planning/joint_limits/lwr_arm_5_joint/max_acceleration] by /roslaunch
[rosmaster.master][INFO] 2017-06-10 20:04:08,338: +PARAM [/move_group/planner_configs/KPIECEkConfigDefault/range] by /roslaunch
[rosmaster.master][INFO] 2017-06-10 20:04:08,341: +PARAM [/move_group/planner_configs/BKPIECEkConfigDefault/range] by /roslaunch
[rosmaster.master][INFO] 2017-06-10 20:04:08,345: +PARAM [/move_group/planner_configs/TRRTkConfigDefault/type] by /roslaunch
[rosmaster.master][INFO] 2017-06-10 20:04:08,348: +PARAM [/move_group/planner_configs/KPIECEkConfigDefault/goal_bias] by /roslaunch
[rosmaster.master][INFO] 2017-06-10 20:04:08,352: +PARAM [/move_group/planner_configs/RRTConnectkConfigDefault/range] by /roslaunch
[rosmaster.master][INFO] 2017-06-10 20:04:08,355: +PARAM [/move_group/request_adapters] by /roslaunch
[rosmaster.master][INFO] 2017-06-10 20:04:08,359: +PARAM [/move_group/planner_configs/TRRTkConfigDefault/min_temperature] by /roslaunch
[rosmaster.master][INFO] 2017-06-10 20:04:08,364: +PARAM [/robot_description_planning/joint_limits/lwr_arm_6_joint/has_velocity_limits] by /roslaunch
[rosmaster.master][INFO] 2017-06-10 20:04:08,368: +PARAM [/robot_description_planning/joint_limits/lwr_arm_1_joint/has_velocity_limits] by /roslaunch
[rosmaster.master][INFO] 2017-06-10 20:04:08,373: +PARAM [/move_group/planner_configs/KPIECEkConfigDefault/failed_expansion_score_factor] by /roslaunch
[rosmaster.master][INFO] 2017-06-10 20:04:08,377: +PARAM [/move_group/planning_scene_monitor/publish_transforms_updates] by /roslaunch
[rosmaster.master][INFO] 2017-06-10 20:04:08,382: +PARAM [/robot_description_planning/joint_limits/lwr_arm_5_joint/has_velocity_limits] by /roslaunch
[rosmaster.master][INFO] 2017-06-10 20:04:08,387: +PARAM [/robot_description_planning/joint_limits/lwr_arm_3_joint/has_acceleration_limits] by /roslaunch
[rosmaster.master][INFO] 2017-06-10 20:04:08,390: +PARAM [/move_group/planner_configs/RRTstarkConfigDefault/type] by /roslaunch
[rosmaster.master][INFO] 2017-06-10 20:04:08,394: +PARAM [/move_group/lwr_arm/longest_valid_segment_fraction] by /roslaunch
[rosmaster.master][INFO] 2017-06-10 20:04:08,397: +PARAM [/move_group/planner_configs/RRTstarkConfigDefault/delay_collision_checking] by /roslaunch
[rosmaster.master][INFO] 2017-06-10 20:04:08,403: +PARAM [/move_group/planner_configs/KPIECEkConfigDefault/type] by /roslaunch
[rosmaster.master][INFO] 2017-06-10 20:04:08,407: +PARAM [/robot_description_kinematics/lwr_arm/kinematics_solver_search_resolution] by /roslaunch
[rosmaster.master][INFO] 2017-06-10 20:04:08,412: +PARAM [/move_group/planner_configs/RRTConnectkConfigDefault/type] by /roslaunch
[rosmaster.master][INFO] 2017-06-10 20:04:08,417: +PARAM [/robot_description_planning/joint_limits/lwr_arm_2_joint/has_acceleration_limits] by /roslaunch
[rosmaster.master][INFO] 2017-06-10 20:04:08,421: +PARAM [/move_group/planner_configs/BKPIECEkConfigDefault/failed_expansion_score_factor] by /roslaunch
[rosmaster.master][INFO] 2017-06-10 20:04:08,425: +PARAM [/robot_description_planning/joint_limits/lwr_arm_2_joint/max_velocity] by /roslaunch
[rosmaster.master][INFO] 2017-06-10 20:04:08,429: +PARAM [/move_group/planner_configs/LBKPIECEkConfigDefault/min_valid_path_fraction] by /roslaunch
[rosmaster.master][INFO] 2017-06-10 20:04:08,434: +PARAM [/rosversion] by /roslaunch
[rosmaster.master][INFO] 2017-06-10 20:04:08,438: +PARAM [/robot_description_planning/joint_limits/lwr_arm_4_joint/max_velocity] by /roslaunch
[rosmaster.master][INFO] 2017-06-10 20:04:08,442: +PARAM [/robot_description_planning/joint_limits/lwr_arm_4_joint/has_acceleration_limits] by /roslaunch
[rosmaster.master][INFO] 2017-06-10 20:04:08,446: +PARAM [/robot_description_planning/joint_limits/lwr_arm_0_joint/has_acceleration_limits] by /roslaunch
[rosmaster.master][INFO] 2017-06-10 20:04:08,450: +PARAM [/robot_description_planning/joint_limits/lwr_arm_1_joint/max_acceleration] by /roslaunch
[rosmaster.master][INFO] 2017-06-10 20:04:08,453: +PARAM [/move_group/planner_configs/TRRTkConfigDefault/k_constant] by /roslaunch
[rosmaster.master][INFO] 2017-06-10 20:04:08,457: +PARAM [/move_group/planner_configs/TRRTkConfigDefault/frountier_threshold] by /roslaunch
[rosmaster.master][INFO] 2017-06-10 20:04:08,460: +PARAM [/move_group/planner_configs/LBKPIECEkConfigDefault/type] by /roslaunch
[rosmaster.master][INFO] 2017-06-10 20:04:08,464: +PARAM [/move_group/planner_configs/RRTkConfigDefault/type] by /roslaunch
[rosmaster.master][INFO] 2017-06-10 20:04:08,953: +PUB [/rosout] /robot_state_publisher http://ip-172-31-19-100:48904/
[rosmaster.master][INFO] 2017-06-10 20:04:08,959: +SERVICE [/robot_state_publisher/get_loggers] /robot_state_publisher http://ip-172-31-19-100:48904/
[rosmaster.master][INFO] 2017-06-10 20:04:08,964: +PUB [/rosout] /robot_sim http://ip-172-31-19-100:52574/
[rosmaster.master][INFO] 2017-06-10 20:04:08,968: +SERVICE [/robot_state_publisher/set_logger_level] /robot_state_publisher http://ip-172-31-19-100:48904/
[rosmaster.master][INFO] 2017-06-10 20:04:08,973: +SERVICE [/robot_sim/get_loggers] /robot_sim http://ip-172-31-19-100:52574/
[rosmaster.master][INFO] 2017-06-10 20:04:08,981: +SERVICE [/robot_sim/set_logger_level] /robot_sim http://ip-172-31-19-100:52574/
[rosmaster.master][INFO] 2017-06-10 20:04:08,985: +PUB [/tf] /robot_state_publisher http://ip-172-31-19-100:48904/
[rosmaster.master][INFO] 2017-06-10 20:04:08,994: +PUB [/joint_states] /robot_sim http://ip-172-31-19-100:52574/
[rosmaster.master][INFO] 2017-06-10 20:04:08,998: +PUB [/tf_static] /robot_state_publisher http://ip-172-31-19-100:48904/
[rosmaster.master][INFO] 2017-06-10 20:04:09,011: +SUB [/joint_velocities] /robot_sim http://ip-172-31-19-100:52574/
[rosmaster.master][INFO] 2017-06-10 20:04:09,027: +SUB [/joint_states] /robot_state_publisher http://ip-172-31-19-100:48904/
[rosmaster.master][INFO] 2017-06-10 20:04:09,033: +SUB [/joint_positions] /robot_sim http://ip-172-31-19-100:52574/
[rosmaster.master][INFO] 2017-06-10 20:04:09,039: publisherUpdate[/rosout] -> http://ip-172-31-19-100:42585/
[rosmaster.master][INFO] 2017-06-10 20:04:09,041: publisherUpdate[/tf] -> http://ip-172-31-19-100:46851/
[rosmaster.master][INFO] 2017-06-10 20:04:09,046: publisherUpdate[/tf] -> http://ip-172-31-19-100:53658/
[rosmaster.master][INFO] 2017-06-10 20:04:09,046: publisherUpdate[/rosout] -> http://ip-172-31-19-100:42585/
[rosmaster.master][INFO] 2017-06-10 20:04:09,052: +SUB [/joint_command] /robot_sim http://ip-172-31-19-100:52574/
[rosmaster.master][INFO] 2017-06-10 20:04:09,055: publisherUpdate[/tf_static] -> http://ip-172-31-19-100:46851/
[rosmaster.master][INFO] 2017-06-10 20:04:09,060: publisherUpdate[/tf_static] -> http://ip-172-31-19-100:53658/
[rosmaster.master][INFO] 2017-06-10 20:04:09,074: +SUB [/joint_trajectory] /robot_sim http://ip-172-31-19-100:52574/
[rosmaster.master][INFO] 2017-06-10 20:04:09,191: +PUB [/rosout] /move_group http://ip-172-31-19-100:46869/
[rosmaster.master][INFO] 2017-06-10 20:04:09,196: +SERVICE [/move_group/get_loggers] /move_group http://ip-172-31-19-100:46869/
[rosmaster.master][INFO] 2017-06-10 20:04:09,203: +SERVICE [/move_group/set_logger_level] /move_group http://ip-172-31-19-100:46869/
[rosmaster.master][INFO] 2017-06-10 20:04:09,218: +SUB [/tf] /move_group http://ip-172-31-19-100:46869/
[rosmaster.master][INFO] 2017-06-10 20:04:09,232: +SUB [/tf_static] /move_group http://ip-172-31-19-100:46869/
[rosmaster.master][INFO] 2017-06-10 20:04:09,262: publisherUpdate[/rosout] -> http://ip-172-31-19-100:42585/
[rosmaster.master][INFO] 2017-06-10 20:04:09,343: +PUB [/rosout] /move_group_commander_wrappers_1497150249337538188 http://ip-172-31-19-100:55102/
[rosmaster.master][INFO] 2017-06-10 20:04:09,348: +SERVICE [/move_group_commander_wrappers_1497150249337538188/get_loggers] /move_group_commander_wrappers_1497150249337538188 http://ip-172-31-19-100:55102/
[rosmaster.master][INFO] 2017-06-10 20:04:09,353: +SERVICE [/move_group_commander_wrappers_1497150249337538188/set_logger_level] /move_group_commander_wrappers_1497150249337538188 http://ip-172-31-19-100:55102/
[rosmaster.master][INFO] 2017-06-10 20:04:09,371: publisherUpdate[/rosout] -> http://ip-172-31-19-100:42585/
[rosmaster.master][INFO] 2017-06-10 20:04:09,561: +SERVICE [/move_group/planning_scene_monitor/set_parameters] /move_group http://ip-172-31-19-100:46869/
[rosmaster.master][INFO] 2017-06-10 20:04:09,566: +PUB [/move_group/planning_scene_monitor/parameter_descriptions] /move_group http://ip-172-31-19-100:46869/
[rosmaster.master][INFO] 2017-06-10 20:04:09,578: +PUB [/move_group/planning_scene_monitor/parameter_updates] /move_group http://ip-172-31-19-100:46869/
[rosmaster.master][INFO] 2017-06-10 20:04:09,584: +PUB [/rosout] /marker_control_26317_1497150249363 http://ip-172-31-19-100:53836/
[rosmaster.master][INFO] 2017-06-10 20:04:09,595: +PARAM [/move_group/planning_scene_monitor/publish_planning_scene] by /move_group
[rosmaster.master][INFO] 2017-06-10 20:04:09,599: +SERVICE [/marker_control_26317_1497150249363/get_loggers] /marker_control_26317_1497150249363 http://ip-172-31-19-100:53836/
[rosmaster.master][INFO] 2017-06-10 20:04:09,600: +PARAM [/move_group/planning_scene_monitor/publish_planning_scene_hz] by /move_group
[rosmaster.master][INFO] 2017-06-10 20:04:09,606: +SERVICE [/marker_control_26317_1497150249363/set_logger_level] /marker_control_26317_1497150249363 http://ip-172-31-19-100:53836/
[rosmaster.master][INFO] 2017-06-10 20:04:09,609: +PARAM [/move_group/planning_scene_monitor/publish_geometry_updates] by /move_group
[rosmaster.master][INFO] 2017-06-10 20:04:09,614: +PUB [/planning_scene] /move_group_commander_wrappers_1497150249337538188 http://ip-172-31-19-100:55102/
[rosmaster.master][INFO] 2017-06-10 20:04:09,617: +PARAM [/move_group/planning_scene_monitor/publish_state_updates] by /move_group
[rosmaster.master][INFO] 2017-06-10 20:04:09,622: +PUB [/collision_object] /marker_control_26317_1497150249363 http://ip-172-31-19-100:53836/
[rosmaster.master][INFO] 2017-06-10 20:04:09,625: +PARAM [/move_group/planning_scene_monitor/publish_transforms_updates] by /move_group
[rosmaster.master][INFO] 2017-06-10 20:04:09,629: +PUB [/attached_collision_object] /marker_control_26317_1497150249363 http://ip-172-31-19-100:53836/
[rosmaster.master][INFO] 2017-06-10 20:04:09,640: +PUB [/move_group/monitored_planning_scene] /move_group http://ip-172-31-19-100:46869/
[rosmaster.master][INFO] 2017-06-10 20:04:09,644: +PUB [/visualization_marker_array] /marker_control_26317_1497150249363 http://ip-172-31-19-100:53836/
[rosmaster.master][INFO] 2017-06-10 20:04:09,645: +PARAM [/move_group/planning_scene_monitor/publish_planning_scene] by /move_group
[rosmaster.master][INFO] 2017-06-10 20:04:09,649: +PUB [/motion_planning_goal] /marker_control_26317_1497150249363 http://ip-172-31-19-100:53836/
[rosmaster.master][INFO] 2017-06-10 20:04:09,654: +PARAM [/move_group/planning_scene_monitor/publish_planning_scene_hz] by /move_group
[rosmaster.master][INFO] 2017-06-10 20:04:09,659: +SUB [/joint_trajectory] /marker_control_26317_1497150249363 http://ip-172-31-19-100:53836/
[rosmaster.master][INFO] 2017-06-10 20:04:09,663: +PARAM [/move_group/planning_scene_monitor/publish_geometry_updates] by /move_group
[rosmaster.master][INFO] 2017-06-10 20:04:09,665: +PUB [/control_markers/update_full] /marker_control_26317_1497150249363 http://ip-172-31-19-100:53836/
[rosmaster.master][INFO] 2017-06-10 20:04:09,669: +PARAM [/move_group/planning_scene_monitor/publish_state_updates] by /move_group
[rosmaster.master][INFO] 2017-06-10 20:04:09,673: publisherUpdate[/rosout] -> http://ip-172-31-19-100:42585/
[rosmaster.master][INFO] 2017-06-10 20:04:09,674: +PUB [/control_markers/update] /marker_control_26317_1497150249363 http://ip-172-31-19-100:53836/
[rosmaster.master][INFO] 2017-06-10 20:04:09,675: publisherUpdate[/control_markers/update] -> http://ip-172-31-19-100:53658/
[rosmaster.master][INFO] 2017-06-10 20:04:09,683: +PARAM [/move_group/planning_scene_monitor/publish_transforms_updates] by /move_group
[rosmaster.master][INFO] 2017-06-10 20:04:09,694: +SUB [/control_markers/feedback] /marker_control_26317_1497150249363 http://ip-172-31-19-100:53836/
[rosmaster.master][INFO] 2017-06-10 20:04:09,706: +SUB [/planning_scene] /move_group http://ip-172-31-19-100:46869/
[rosmaster.master][INFO] 2017-06-10 20:04:09,718: +SUB [/collision_object] /move_group http://ip-172-31-19-100:46869/
[rosmaster.master][INFO] 2017-06-10 20:04:09,729: +SUB [/planning_scene_world] /move_group http://ip-172-31-19-100:46869/
[rosmaster.master][INFO] 2017-06-10 20:04:09,737: +SERVICE [/move_group/save_map] /move_group http://ip-172-31-19-100:46869/
[rosmaster.master][INFO] 2017-06-10 20:04:09,742: +SERVICE [/move_group/load_map] /move_group http://ip-172-31-19-100:46869/
[rosmaster.master][INFO] 2017-06-10 20:04:09,756: +SUB [/joint_states] /move_group http://ip-172-31-19-100:46869/
[rosmaster.master][INFO] 2017-06-10 20:04:09,767: +SUB [/attached_collision_object] /move_group http://ip-172-31-19-100:46869/
[rosmaster.master][INFO] 2017-06-10 20:04:09,908: +SERVICE [/move_group/ompl/set_parameters] /move_group http://ip-172-31-19-100:46869/
[rosmaster.master][INFO] 2017-06-10 20:04:09,913: +PUB [/move_group/ompl/parameter_descriptions] /move_group http://ip-172-31-19-100:46869/
[rosmaster.master][INFO] 2017-06-10 20:04:09,917: +PUB [/move_group/ompl/parameter_updates] /move_group http://ip-172-31-19-100:46869/
[rosmaster.master][INFO] 2017-06-10 20:04:09,927: +PARAM [/move_group/ompl/simplify_solutions] by /move_group
[rosmaster.master][INFO] 2017-06-10 20:04:09,932: +PARAM [/move_group/ompl/minimum_waypoint_count] by /move_group
[rosmaster.master][INFO] 2017-06-10 20:04:09,937: +PARAM [/move_group/ompl/maximum_waypoint_distance] by /move_group
[rosmaster.master][INFO] 2017-06-10 20:04:09,942: +PARAM [/move_group/ompl/link_for_exploration_tree] by /move_group
[rosmaster.master][INFO] 2017-06-10 20:04:09,947: +PARAM [/move_group/ompl/display_random_valid_states] by /move_group
[rosmaster.master][INFO] 2017-06-10 20:04:09,951: +PARAM [/move_group/ompl/simplify_solutions] by /move_group
[rosmaster.master][INFO] 2017-06-10 20:04:09,957: +PARAM [/move_group/ompl/minimum_waypoint_count] by /move_group
[rosmaster.master][INFO] 2017-06-10 20:04:09,961: +PARAM [/move_group/ompl/maximum_waypoint_distance] by /move_group
[rosmaster.master][INFO] 2017-06-10 20:04:09,966: +PARAM [/move_group/ompl/link_for_exploration_tree] by /move_group
[rosmaster.master][INFO] 2017-06-10 20:04:09,971: +PARAM [/move_group/ompl/display_random_valid_states] by /move_group
[rosmaster.master][INFO] 2017-06-10 20:04:10,035: +PUB [/move_group/display_planned_path] /move_group http://ip-172-31-19-100:46869/
[rosmaster.master][INFO] 2017-06-10 20:04:10,043: +PUB [/move_group/display_contacts] /move_group http://ip-172-31-19-100:46869/
[rosmaster.master][INFO] 2017-06-10 20:04:10,106: +SERVICE [/apply_planning_scene] /move_group http://ip-172-31-19-100:46869/
[rosmaster.master][INFO] 2017-06-10 20:04:10,113: +SERVICE [/clear_octomap] /move_group http://ip-172-31-19-100:46869/
[rosmaster.master][INFO] 2017-06-10 20:04:10,117: +SERVICE [/compute_cartesian_path] /move_group http://ip-172-31-19-100:46869/
[rosmaster.master][INFO] 2017-06-10 20:04:10,122: +SERVICE [/execute_kinematic_path] /move_group http://ip-172-31-19-100:46869/
[rosmaster.master][INFO] 2017-06-10 20:04:10,128: +PUB [/execute_trajectory/result] /move_group http://ip-172-31-19-100:46869/
[rosmaster.master][INFO] 2017-06-10 20:04:10,133: +PUB [/execute_trajectory/feedback] /move_group http://ip-172-31-19-100:46869/
[rosmaster.master][INFO] 2017-06-10 20:04:10,138: +PUB [/execute_trajectory/status] /move_group http://ip-172-31-19-100:46869/
[rosmaster.master][INFO] 2017-06-10 20:04:10,153: +SUB [/execute_trajectory/goal] /move_group http://ip-172-31-19-100:46869/
[rosmaster.master][INFO] 2017-06-10 20:04:10,162: +SUB [/execute_trajectory/cancel] /move_group http://ip-172-31-19-100:46869/
[rosmaster.master][INFO] 2017-06-10 20:04:10,167: +SERVICE [/get_planning_scene] /move_group http://ip-172-31-19-100:46869/
[rosmaster.master][INFO] 2017-06-10 20:04:10,172: +SERVICE [/compute_fk] /move_group http://ip-172-31-19-100:46869/
[rosmaster.master][INFO] 2017-06-10 20:04:10,176: +SERVICE [/compute_ik] /move_group http://ip-172-31-19-100:46869/
[rosmaster.master][INFO] 2017-06-10 20:04:10,183: +PUB [/move_group/result] /move_group http://ip-172-31-19-100:46869/
[rosmaster.master][INFO] 2017-06-10 20:04:10,189: +PUB [/move_group/feedback] /move_group http://ip-172-31-19-100:46869/
[rosmaster.master][INFO] 2017-06-10 20:04:10,193: +PUB [/move_group/status] /move_group http://ip-172-31-19-100:46869/
[rosmaster.master][INFO] 2017-06-10 20:04:10,214: +SUB [/control_markers/update_full] /interactive_marker_proxy http://ip-172-31-19-100:53658/
[rosmaster.master][INFO] 2017-06-10 20:04:10,219: +SUB [/move_group/goal] /move_group http://ip-172-31-19-100:46869/
[rosmaster.master][INFO] 2017-06-10 20:04:10,228: +SUB [/move_group/cancel] /move_group http://ip-172-31-19-100:46869/
[rosmaster.master][INFO] 2017-06-10 20:04:10,299: +PUB [/pickup/result] /move_group http://ip-172-31-19-100:46869/
[rosmaster.master][INFO] 2017-06-10 20:04:10,305: +PUB [/pickup/feedback] /move_group http://ip-172-31-19-100:46869/
[rosmaster.master][INFO] 2017-06-10 20:04:10,311: +PUB [/pickup/status] /move_group http://ip-172-31-19-100:46869/
[rosmaster.master][INFO] 2017-06-10 20:04:10,328: +SUB [/pickup/goal] /move_group http://ip-172-31-19-100:46869/
[rosmaster.master][INFO] 2017-06-10 20:04:10,344: +SUB [/pickup/cancel] /move_group http://ip-172-31-19-100:46869/
[rosmaster.master][INFO] 2017-06-10 20:04:10,353: +PUB [/place/result] /move_group http://ip-172-31-19-100:46869/
[rosmaster.master][INFO] 2017-06-10 20:04:10,357: +PUB [/place/feedback] /move_group http://ip-172-31-19-100:46869/
[rosmaster.master][INFO] 2017-06-10 20:04:10,362: +PUB [/place/status] /move_group http://ip-172-31-19-100:46869/
[rosmaster.master][INFO] 2017-06-10 20:04:10,378: +SUB [/place/goal] /move_group http://ip-172-31-19-100:46869/
[rosmaster.master][INFO] 2017-06-10 20:04:10,389: +SUB [/place/cancel] /move_group http://ip-172-31-19-100:46869/
[rosmaster.master][INFO] 2017-06-10 20:04:10,394: +SERVICE [/plan_kinematic_path] /move_group http://ip-172-31-19-100:46869/
[rosmaster.master][INFO] 2017-06-10 20:04:10,399: +SERVICE [/query_planner_interface] /move_group http://ip-172-31-19-100:46869/
[rosmaster.master][INFO] 2017-06-10 20:04:10,404: +SERVICE [/check_state_validity] /move_group http://ip-172-31-19-100:46869/
[rosmaster.master][INFO] 2017-06-10 20:04:10,442: -SUB [/control_markers/update_full] /interactive_marker_proxy http://ip-172-31-19-100:53658/
[rosmaster.master][INFO] 2017-06-10 20:04:46,904: +PUB [/tf2_web_republisher/goal] /rosbridge_websocket http://ip-172-31-19-100:37408/
[rosmaster.master][INFO] 2017-06-10 20:04:46,915: +PUB [/tf2_web_republisher/cancel] /rosbridge_websocket http://ip-172-31-19-100:37408/
[rosmaster.master][INFO] 2017-06-10 20:04:46,927: +SUB [/tf2_web_republisher/feedback] /rosbridge_websocket http://ip-172-31-19-100:37408/
[rosmaster.master][INFO] 2017-06-10 20:04:46,958: +SUB [/visualization_marker_array] /rosbridge_websocket http://ip-172-31-19-100:37408/
[rosmaster.master][INFO] 2017-06-10 20:04:46,964: publisherUpdate[/tf2_web_republisher/goal] -> http://ip-172-31-19-100:46851/
[rosmaster.master][INFO] 2017-06-10 20:04:46,977: publisherUpdate[/tf2_web_republisher/cancel] -> http://ip-172-31-19-100:46851/
[rosmaster.master][INFO] 2017-06-10 20:04:46,986: +SUB [/control_markers/tunneled/update] /rosbridge_websocket http://ip-172-31-19-100:37408/
[rosmaster.master][INFO] 2017-06-10 20:04:47,002: +PUB [/control_markers/feedback] /rosbridge_websocket http://ip-172-31-19-100:37408/
[rosmaster.master][INFO] 2017-06-10 20:04:47,072: publisherUpdate[/control_markers/feedback] -> http://ip-172-31-19-100:53836/
[rosmaster.master][INFO] 2017-06-10 20:05:20,950: +PUB [/rosout] /move_group_commander_wrappers_1497150320937020432 http://ip-172-31-19-100:58753/
[rosmaster.master][INFO] 2017-06-10 20:05:20,952: +SERVICE [/move_group_commander_wrappers_1497150320937020432/get_loggers] /move_group_commander_wrappers_1497150320937020432 http://ip-172-31-19-100:58753/
[rosmaster.master][INFO] 2017-06-10 20:05:20,958: +SERVICE [/move_group_commander_wrappers_1497150320937020432/set_logger_level] /move_group_commander_wrappers_1497150320937020432 http://ip-172-31-19-100:58753/
[rosmaster.master][INFO] 2017-06-10 20:05:20,985: publisherUpdate[/rosout] -> http://ip-172-31-19-100:42585/
[rosmaster.master][INFO] 2017-06-10 20:05:21,223: +PUB [/rosout] /move_arm_28450_1497150320965 http://ip-172-31-19-100:36005/
[rosmaster.master][INFO] 2017-06-10 20:05:21,240: +SERVICE [/move_arm_28450_1497150320965/get_loggers] /move_arm_28450_1497150320965 http://ip-172-31-19-100:36005/
[rosmaster.master][INFO] 2017-06-10 20:05:21,248: +SERVICE [/move_arm_28450_1497150320965/set_logger_level] /move_arm_28450_1497150320965 http://ip-172-31-19-100:36005/
[rosmaster.master][INFO] 2017-06-10 20:05:21,257: +SUB [/joint_states] /move_arm_28450_1497150320965 http://ip-172-31-19-100:36005/
[rosmaster.master][INFO] 2017-06-10 20:05:21,264: +SUB [/motion_planning_goal] /move_arm_28450_1497150320965 http://ip-172-31-19-100:36005/
[rosmaster.master][INFO] 2017-06-10 20:05:21,269: +PUB [/joint_trajectory] /move_arm_28450_1497150320965 http://ip-172-31-19-100:36005/
[rosmaster.master][INFO] 2017-06-10 20:05:21,300: publisherUpdate[/rosout] -> http://ip-172-31-19-100:42585/
[rosmaster.master][INFO] 2017-06-10 20:05:21,303: publisherUpdate[/joint_trajectory] -> http://ip-172-31-19-100:52574/
[rosmaster.master][INFO] 2017-06-10 20:05:21,307: publisherUpdate[/joint_trajectory] -> http://ip-172-31-19-100:53836/
[rosmaster.master][INFO] 2017-06-10 20:05:21,724: +SUB [/tf] /move_group_commander_wrappers_1497150320937020432 http://ip-172-31-19-100:58753/
[rosmaster.master][INFO] 2017-06-10 20:05:21,736: +SUB [/tf_static] /move_group_commander_wrappers_1497150320937020432 http://ip-172-31-19-100:58753/
[rosmaster.master][INFO] 2017-06-10 20:05:21,744: +PUB [/planning_scene] /move_group_commander_wrappers_1497150320937020432 http://ip-172-31-19-100:58753/
[rosmaster.master][INFO] 2017-06-10 20:05:21,753: +PUB [/collision_object] /move_arm_28450_1497150320965 http://ip-172-31-19-100:36005/
[rosmaster.master][INFO] 2017-06-10 20:05:21,761: +PUB [/attached_collision_object] /move_arm_28450_1497150320965 http://ip-172-31-19-100:36005/
[rosmaster.master][INFO] 2017-06-10 20:05:21,767: +PUB [/trajectory_execution_event] /move_group_commander_wrappers_1497150320937020432 http://ip-172-31-19-100:58753/
[rosmaster.master][INFO] 2017-06-10 20:05:21,773: +PUB [/attached_collision_object] /move_group_commander_wrappers_1497150320937020432 http://ip-172-31-19-100:58753/
[rosmaster.master][INFO] 2017-06-10 20:05:21,786: +SUB [/move_group/status] /move_group_commander_wrappers_1497150320937020432 http://ip-172-31-19-100:58753/
[rosmaster.master][INFO] 2017-06-10 20:05:21,797: +SUB [/move_group/feedback] /move_group_commander_wrappers_1497150320937020432 http://ip-172-31-19-100:58753/
[rosmaster.master][INFO] 2017-06-10 20:05:21,807: +SUB [/move_group/result] /move_group_commander_wrappers_1497150320937020432 http://ip-172-31-19-100:58753/
[rosmaster.master][INFO] 2017-06-10 20:05:21,813: +PUB [/move_group/goal] /move_group_commander_wrappers_1497150320937020432 http://ip-172-31-19-100:58753/
[rosmaster.master][INFO] 2017-06-10 20:05:21,813: publisherUpdate[/planning_scene] -> http://ip-172-31-19-100:46869/
[rosmaster.master][INFO] 2017-06-10 20:05:21,817: +PUB [/move_group/cancel] /move_group_commander_wrappers_1497150320937020432 http://ip-172-31-19-100:58753/
[rosmaster.master][INFO] 2017-06-10 20:05:21,822: publisherUpdate[/collision_object] -> http://ip-172-31-19-100:46869/
[rosmaster.master][INFO] 2017-06-10 20:05:21,829: publisherUpdate[/attached_collision_object] -> http://ip-172-31-19-100:46869/
[rosmaster.master][INFO] 2017-06-10 20:05:21,834: publisherUpdate[/attached_collision_object] -> http://ip-172-31-19-100:46869/
[rosmaster.master][INFO] 2017-06-10 20:05:21,840: publisherUpdate[/move_group/goal] -> http://ip-172-31-19-100:46869/
[rosmaster.master][INFO] 2017-06-10 20:05:21,845: publisherUpdate[/move_group/cancel] -> http://ip-172-31-19-100:46869/
[rosmaster.master][INFO] 2017-06-10 20:05:22,066: +SUB [/pickup/status] /move_group_commander_wrappers_1497150320937020432 http://ip-172-31-19-100:58753/
[rosmaster.master][INFO] 2017-06-10 20:05:22,083: +SUB [/pickup/feedback] /move_group_commander_wrappers_1497150320937020432 http://ip-172-31-19-100:58753/
[rosmaster.master][INFO] 2017-06-10 20:05:22,093: +SUB [/pickup/result] /move_group_commander_wrappers_1497150320937020432 http://ip-172-31-19-100:58753/
[rosmaster.master][INFO] 2017-06-10 20:05:22,102: +PUB [/pickup/goal] /move_group_commander_wrappers_1497150320937020432 http://ip-172-31-19-100:58753/
[rosmaster.master][INFO] 2017-06-10 20:05:22,107: +PUB [/pickup/cancel] /move_group_commander_wrappers_1497150320937020432 http://ip-172-31-19-100:58753/
[rosmaster.master][INFO] 2017-06-10 20:05:22,118: publisherUpdate[/pickup/goal] -> http://ip-172-31-19-100:46869/
[rosmaster.master][INFO] 2017-06-10 20:05:22,123: publisherUpdate[/pickup/cancel] -> http://ip-172-31-19-100:46869/
[rosmaster.master][INFO] 2017-06-10 20:05:22,344: +SUB [/place/status] /move_group_commander_wrappers_1497150320937020432 http://ip-172-31-19-100:58753/
[rosmaster.master][INFO] 2017-06-10 20:05:22,356: +SUB [/place/feedback] /move_group_commander_wrappers_1497150320937020432 http://ip-172-31-19-100:58753/
[rosmaster.master][INFO] 2017-06-10 20:05:22,367: +SUB [/place/result] /move_group_commander_wrappers_1497150320937020432 http://ip-172-31-19-100:58753/
[rosmaster.master][INFO] 2017-06-10 20:05:22,374: +PUB [/place/goal] /move_group_commander_wrappers_1497150320937020432 http://ip-172-31-19-100:58753/
[rosmaster.master][INFO] 2017-06-10 20:05:22,384: +PUB [/place/cancel] /move_group_commander_wrappers_1497150320937020432 http://ip-172-31-19-100:58753/
[rosmaster.master][INFO] 2017-06-10 20:05:22,430: publisherUpdate[/place/goal] -> http://ip-172-31-19-100:46869/
[rosmaster.master][INFO] 2017-06-10 20:05:22,439: publisherUpdate[/place/cancel] -> http://ip-172-31-19-100:46869/
[rosmaster.master][INFO] 2017-06-10 20:05:22,662: +SUB [/execute_trajectory/status] /move_group_commander_wrappers_1497150320937020432 http://ip-172-31-19-100:58753/
[rosmaster.master][INFO] 2017-06-10 20:05:22,678: +SUB [/execute_trajectory/feedback] /move_group_commander_wrappers_1497150320937020432 http://ip-172-31-19-100:58753/
[rosmaster.master][INFO] 2017-06-10 20:05:22,693: +SUB [/execute_trajectory/result] /move_group_commander_wrappers_1497150320937020432 http://ip-172-31-19-100:58753/
[rosmaster.master][INFO] 2017-06-10 20:05:22,700: +PUB [/execute_trajectory/goal] /move_group_commander_wrappers_1497150320937020432 http://ip-172-31-19-100:58753/
[rosmaster.master][INFO] 2017-06-10 20:05:22,705: +PUB [/execute_trajectory/cancel] /move_group_commander_wrappers_1497150320937020432 http://ip-172-31-19-100:58753/
[rosmaster.master][INFO] 2017-06-10 20:05:22,713: -SUB [/execute_trajectory/status] /move_group_commander_wrappers_1497150320937020432 http://ip-172-31-19-100:58753/
[rosmaster.master][INFO] 2017-06-10 20:05:22,723: -PUB [/execute_trajectory/cancel] /move_group_commander_wrappers_1497150320937020432 http://ip-172-31-19-100:58753/
[rosmaster.master][INFO] 2017-06-10 20:05:22,730: -PUB [/execute_trajectory/goal] /move_group_commander_wrappers_1497150320937020432 http://ip-172-31-19-100:58753/
[rosmaster.master][INFO] 2017-06-10 20:05:22,734: publisherUpdate[/execute_trajectory/goal] -> http://ip-172-31-19-100:46869/
[rosmaster.master][INFO] 2017-06-10 20:05:22,734: -SUB [/execute_trajectory/feedback] /move_group_commander_wrappers_1497150320937020432 http://ip-172-31-19-100:58753/
[rosmaster.master][INFO] 2017-06-10 20:05:22,742: publisherUpdate[/execute_trajectory/cancel] -> http://ip-172-31-19-100:46869/
[rosmaster.master][INFO] 2017-06-10 20:05:22,744: -SUB [/execute_trajectory/result] /move_group_commander_wrappers_1497150320937020432 http://ip-172-31-19-100:58753/
[rosmaster.master][INFO] 2017-06-10 20:05:22,751: publisherUpdate[/execute_trajectory/cancel] -> http://ip-172-31-19-100:46869/
[rosmaster.master][INFO] 2017-06-10 20:05:22,758: publisherUpdate[/execute_trajectory/goal] -> http://ip-172-31-19-100:46869/
[rosmaster.master][INFO] 2017-06-10 20:05:27,869: +SUB [/tf] /marker_control_26317_1497150249363 http://ip-172-31-19-100:53836/
[rosmaster.master][INFO] 2017-06-10 20:05:27,884: +SUB [/joint_states] /marker_control_26317_1497150249363 http://ip-172-31-19-100:53836/
[rosmaster.master][INFO] 2017-06-10 20:05:27,888: +PUB [/joint_command] /marker_control_26317_1497150249363 http://ip-172-31-19-100:53836/
[rosmaster.master][INFO] 2017-06-10 20:05:27,898: +SERVICE [/marker_control_26317_1497150249363/tf_frames] /marker_control_26317_1497150249363 http://ip-172-31-19-100:53836/
[rosmaster.master][INFO] 2017-06-10 20:05:27,963: publisherUpdate[/joint_command] -> http://ip-172-31-19-100:52574/
[rosmaster.master][INFO] 2017-06-10 20:06:17,468: -SUB [/motion_planning_goal] /move_arm_28450_1497150320965 http://ip-172-31-19-100:36005/
[rosmaster.master][INFO] 2017-06-10 20:06:17,469: -SUB [/joint_states] /move_arm_28450_1497150320965 http://ip-172-31-19-100:36005/
[rosmaster.master][INFO] 2017-06-10 20:06:17,473: -PUB [/collision_object] /move_arm_28450_1497150320965 http://ip-172-31-19-100:36005/
[rosmaster.master][INFO] 2017-06-10 20:06:17,475: publisherUpdate[/collision_object] -> http://ip-172-31-19-100:46869/
[rosmaster.master][INFO] 2017-06-10 20:06:17,481: publisherUpdate[/joint_trajectory] -> http://ip-172-31-19-100:53836/
[rosmaster.master][INFO] 2017-06-10 20:06:17,478: publisherUpdate[/joint_trajectory] -> http://ip-172-31-19-100:52574/
[rosmaster.master][INFO] 2017-06-10 20:06:17,477: -PUB [/joint_trajectory] /move_arm_28450_1497150320965 http://ip-172-31-19-100:36005/
[rosmaster.master][INFO] 2017-06-10 20:06:17,492: -PUB [/rosout] /move_arm_28450_1497150320965 http://ip-172-31-19-100:36005/
[rosmaster.master][INFO] 2017-06-10 20:06:17,496: -PUB [/attached_collision_object] /move_arm_28450_1497150320965 http://ip-172-31-19-100:36005/
[rosmaster.master][INFO] 2017-06-10 20:06:17,499: -SERVICE [/move_arm_28450_1497150320965/get_loggers] /move_arm_28450_1497150320965 rosrpc://ip-172-31-19-100:57443
[rosmaster.master][INFO] 2017-06-10 20:06:17,503: -SERVICE [/move_arm_28450_1497150320965/set_logger_level] /move_arm_28450_1497150320965 rosrpc://ip-172-31-19-100:57443
[rosmaster.master][INFO] 2017-06-10 20:06:17,575: publisherUpdate[/rosout] -> http://ip-172-31-19-100:42585/
[rosmaster.master][INFO] 2017-06-10 20:06:17,581: publisherUpdate[/attached_collision_object] -> http://ip-172-31-19-100:46869/
[rosmaster.master][INFO] 2017-06-10 20:06:18,134: -PUB [/attached_collision_object] /move_group_commander_wrappers_1497150320937020432 http://ip-172-31-19-100:58753/
[rosmaster.master][INFO] 2017-06-10 20:06:18,139: -PUB [/trajectory_execution_event] /move_group_commander_wrappers_1497150320937020432 http://ip-172-31-19-100:58753/
[rosmaster.master][INFO] 2017-06-10 20:06:18,144: -SUB [/place/status] /move_group_commander_wrappers_1497150320937020432 http://ip-172-31-19-100:58753/
[rosmaster.master][INFO] 2017-06-10 20:06:18,149: -PUB [/place/cancel] /move_group_commander_wrappers_1497150320937020432 http://ip-172-31-19-100:58753/
[rosmaster.master][INFO] 2017-06-10 20:06:18,153: -PUB [/place/goal] /move_group_commander_wrappers_1497150320937020432 http://ip-172-31-19-100:58753/
[rosmaster.master][INFO] 2017-06-10 20:06:18,158: -SUB [/place/feedback] /move_group_commander_wrappers_1497150320937020432 http://ip-172-31-19-100:58753/
[rosmaster.master][INFO] 2017-06-10 20:06:18,164: -SUB [/place/result] /move_group_commander_wrappers_1497150320937020432 http://ip-172-31-19-100:58753/
[rosmaster.master][INFO] 2017-06-10 20:06:18,168: -SUB [/pickup/status] /move_group_commander_wrappers_1497150320937020432 http://ip-172-31-19-100:58753/
[rosmaster.master][INFO] 2017-06-10 20:06:18,173: -PUB [/pickup/cancel] /move_group_commander_wrappers_1497150320937020432 http://ip-172-31-19-100:58753/
[rosmaster.master][INFO] 2017-06-10 20:06:18,177: -PUB [/pickup/goal] /move_group_commander_wrappers_1497150320937020432 http://ip-172-31-19-100:58753/
[rosmaster.master][INFO] 2017-06-10 20:06:18,184: -SUB [/pickup/feedback] /move_group_commander_wrappers_1497150320937020432 http://ip-172-31-19-100:58753/
[rosmaster.master][INFO] 2017-06-10 20:06:18,187: publisherUpdate[/attached_collision_object] -> http://ip-172-31-19-100:46869/
[rosmaster.master][INFO] 2017-06-10 20:06:18,189: -SUB [/pickup/result] /move_group_commander_wrappers_1497150320937020432 http://ip-172-31-19-100:58753/
[rosmaster.master][INFO] 2017-06-10 20:06:18,192: publisherUpdate[/place/cancel] -> http://ip-172-31-19-100:46869/
[rosmaster.master][INFO] 2017-06-10 20:06:18,198: -SUB [/move_group/status] /move_group_commander_wrappers_1497150320937020432 http://ip-172-31-19-100:58753/
[rosmaster.master][INFO] 2017-06-10 20:06:18,212: publisherUpdate[/place/goal] -> http://ip-172-31-19-100:46869/
[rosmaster.master][INFO] 2017-06-10 20:06:18,216: -PUB [/move_group/cancel] /move_group_commander_wrappers_1497150320937020432 http://ip-172-31-19-100:58753/
[rosmaster.master][INFO] 2017-06-10 20:06:18,220: publisherUpdate[/pickup/cancel] -> http://ip-172-31-19-100:46869/
[rosmaster.master][INFO] 2017-06-10 20:06:18,223: -PUB [/move_group/goal] /move_group_commander_wrappers_1497150320937020432 http://ip-172-31-19-100:58753/
[rosmaster.master][INFO] 2017-06-10 20:06:18,227: publisherUpdate[/pickup/goal] -> http://ip-172-31-19-100:46869/
[rosmaster.master][INFO] 2017-06-10 20:06:18,232: -SUB [/move_group/feedback] /move_group_commander_wrappers_1497150320937020432 http://ip-172-31-19-100:58753/
[rosmaster.master][INFO] 2017-06-10 20:06:18,238: publisherUpdate[/move_group/cancel] -> http://ip-172-31-19-100:46869/
[rosmaster.master][INFO] 2017-06-10 20:06:18,242: -SUB [/move_group/result] /move_group_commander_wrappers_1497150320937020432 http://ip-172-31-19-100:58753/
[rosmaster.master][INFO] 2017-06-10 20:06:18,246: publisherUpdate[/move_group/goal] -> http://ip-172-31-19-100:46869/
[rosmaster.master][INFO] 2017-06-10 20:06:18,250: -PUB [/planning_scene] /move_group_commander_wrappers_1497150320937020432 http://ip-172-31-19-100:58753/
[rosmaster.master][INFO] 2017-06-10 20:06:18,254: publisherUpdate[/planning_scene] -> http://ip-172-31-19-100:46869/
[rosmaster.master][INFO] 2017-06-10 20:06:18,399: -PUB [/rosout] /move_group_commander_wrappers_1497150320937020432 http://ip-172-31-19-100:58753/
[rosmaster.master][INFO] 2017-06-10 20:06:18,404: -SUB [/tf] /move_group_commander_wrappers_1497150320937020432 http://ip-172-31-19-100:58753/
[rosmaster.master][INFO] 2017-06-10 20:06:18,409: -SUB [/tf_static] /move_group_commander_wrappers_1497150320937020432 http://ip-172-31-19-100:58753/
[rosmaster.master][INFO] 2017-06-10 20:06:18,415: -SERVICE [/move_group_commander_wrappers_1497150320937020432/get_loggers] /move_group_commander_wrappers_1497150320937020432 rosrpc://ip-172-31-19-100:41603
[rosmaster.master][INFO] 2017-06-10 20:06:18,425: -SERVICE [/move_group_commander_wrappers_1497150320937020432/set_logger_level] /move_group_commander_wrappers_1497150320937020432 rosrpc://ip-172-31-19-100:41603
[rosmaster.master][INFO] 2017-06-10 20:06:18,461: publisherUpdate[/rosout] -> http://ip-172-31-19-100:42585/
[rosmaster.master][INFO] 2017-06-10 20:07:14,774: +PUB [/rosout] /move_group_commander_wrappers_1497150434762148137 http://ip-172-31-19-100:60024/
[rosmaster.master][INFO] 2017-06-10 20:07:14,775: +SERVICE [/move_group_commander_wrappers_1497150434762148137/get_loggers] /move_group_commander_wrappers_1497150434762148137 http://ip-172-31-19-100:60024/
[rosmaster.master][INFO] 2017-06-10 20:07:14,783: +SERVICE [/move_group_commander_wrappers_1497150434762148137/set_logger_level] /move_group_commander_wrappers_1497150434762148137 http://ip-172-31-19-100:60024/
[rosmaster.master][INFO] 2017-06-10 20:07:14,798: publisherUpdate[/rosout] -> http://ip-172-31-19-100:42585/
[rosmaster.master][INFO] 2017-06-10 20:07:14,981: +PUB [/rosout] /move_arm_7125_1497150434788 http://ip-172-31-19-100:60205/
[rosmaster.master][INFO] 2017-06-10 20:07:14,995: +SERVICE [/move_arm_7125_1497150434788/get_loggers] /move_arm_7125_1497150434788 http://ip-172-31-19-100:60205/
[rosmaster.master][INFO] 2017-06-10 20:07:14,999: +SERVICE [/move_arm_7125_1497150434788/set_logger_level] /move_arm_7125_1497150434788 http://ip-172-31-19-100:60205/
[rosmaster.master][INFO] 2017-06-10 20:07:15,004: publisherUpdate[/rosout] -> http://ip-172-31-19-100:42585/
[rosmaster.master][INFO] 2017-06-10 20:07:15,006: +SUB [/joint_states] /move_arm_7125_1497150434788 http://ip-172-31-19-100:60205/
[rosmaster.master][INFO] 2017-06-10 20:07:15,022: +SUB [/motion_planning_goal] /move_arm_7125_1497150434788 http://ip-172-31-19-100:60205/
[rosmaster.master][INFO] 2017-06-10 20:07:15,027: +PUB [/joint_trajectory] /move_arm_7125_1497150434788 http://ip-172-31-19-100:60205/
[rosmaster.master][INFO] 2017-06-10 20:07:15,115: publisherUpdate[/joint_trajectory] -> http://ip-172-31-19-100:52574/
[rosmaster.master][INFO] 2017-06-10 20:07:15,118: publisherUpdate[/joint_trajectory] -> http://ip-172-31-19-100:53836/
[rosmaster.master][INFO] 2017-06-10 20:07:15,285: +SUB [/tf] /move_group_commander_wrappers_1497150434762148137 http://ip-172-31-19-100:60024/
[rosmaster.master][INFO] 2017-06-10 20:07:15,294: +SUB [/tf_static] /move_group_commander_wrappers_1497150434762148137 http://ip-172-31-19-100:60024/
[rosmaster.master][INFO] 2017-06-10 20:07:15,299: +PUB [/planning_scene] /move_group_commander_wrappers_1497150434762148137 http://ip-172-31-19-100:60024/
[rosmaster.master][INFO] 2017-06-10 20:07:15,308: +PUB [/collision_object] /move_arm_7125_1497150434788 http://ip-172-31-19-100:60205/
[rosmaster.master][INFO] 2017-06-10 20:07:15,314: +PUB [/attached_collision_object] /move_arm_7125_1497150434788 http://ip-172-31-19-100:60205/
[rosmaster.master][INFO] 2017-06-10 20:07:15,321: +PUB [/trajectory_execution_event] /move_group_commander_wrappers_1497150434762148137 http://ip-172-31-19-100:60024/
[rosmaster.master][INFO] 2017-06-10 20:07:15,325: publisherUpdate[/planning_scene] -> http://ip-172-31-19-100:46869/
[rosmaster.master][INFO] 2017-06-10 20:07:15,325: +PUB [/attached_collision_object] /move_group_commander_wrappers_1497150434762148137 http://ip-172-31-19-100:60024/
[rosmaster.master][INFO] 2017-06-10 20:07:15,329: publisherUpdate[/collision_object] -> http://ip-172-31-19-100:46869/
[rosmaster.master][INFO] 2017-06-10 20:07:15,346: publisherUpdate[/attached_collision_object] -> http://ip-172-31-19-100:46869/
[rosmaster.master][INFO] 2017-06-10 20:07:15,347: +SUB [/move_group/status] /move_group_commander_wrappers_1497150434762148137 http://ip-172-31-19-100:60024/
[rosmaster.master][INFO] 2017-06-10 20:07:15,350: publisherUpdate[/attached_collision_object] -> http://ip-172-31-19-100:46869/
[rosmaster.master][INFO] 2017-06-10 20:07:15,361: +SUB [/move_group/feedback] /move_group_commander_wrappers_1497150434762148137 http://ip-172-31-19-100:60024/
[rosmaster.master][INFO] 2017-06-10 20:07:15,370: +SUB [/move_group/result] /move_group_commander_wrappers_1497150434762148137 http://ip-172-31-19-100:60024/
[rosmaster.master][INFO] 2017-06-10 20:07:15,375: +PUB [/move_group/goal] /move_group_commander_wrappers_1497150434762148137 http://ip-172-31-19-100:60024/
[rosmaster.master][INFO] 2017-06-10 20:07:15,379: +PUB [/move_group/cancel] /move_group_commander_wrappers_1497150434762148137 http://ip-172-31-19-100:60024/
[rosmaster.master][INFO] 2017-06-10 20:07:15,426: publisherUpdate[/move_group/goal] -> http://ip-172-31-19-100:46869/
[rosmaster.master][INFO] 2017-06-10 20:07:15,433: publisherUpdate[/move_group/cancel] -> http://ip-172-31-19-100:46869/
[rosmaster.master][INFO] 2017-06-10 20:07:15,652: +SUB [/pickup/status] /move_group_commander_wrappers_1497150434762148137 http://ip-172-31-19-100:60024/
[rosmaster.master][INFO] 2017-06-10 20:07:15,670: +SUB [/pickup/feedback] /move_group_commander_wrappers_1497150434762148137 http://ip-172-31-19-100:60024/
[rosmaster.master][INFO] 2017-06-10 20:07:15,678: +SUB [/pickup/result] /move_group_commander_wrappers_1497150434762148137 http://ip-172-31-19-100:60024/
[rosmaster.master][INFO] 2017-06-10 20:07:15,684: +PUB [/pickup/goal] /move_group_commander_wrappers_1497150434762148137 http://ip-172-31-19-100:60024/
[rosmaster.master][INFO] 2017-06-10 20:07:15,688: +PUB [/pickup/cancel] /move_group_commander_wrappers_1497150434762148137 http://ip-172-31-19-100:60024/
[rosmaster.master][INFO] 2017-06-10 20:07:15,732: publisherUpdate[/pickup/goal] -> http://ip-172-31-19-100:46869/
[rosmaster.master][INFO] 2017-06-10 20:07:15,738: publisherUpdate[/pickup/cancel] -> http://ip-172-31-19-100:46869/
[rosmaster.master][INFO] 2017-06-10 20:07:15,956: +SUB [/place/status] /move_group_commander_wrappers_1497150434762148137 http://ip-172-31-19-100:60024/
[rosmaster.master][INFO] 2017-06-10 20:07:15,966: +SUB [/place/feedback] /move_group_commander_wrappers_1497150434762148137 http://ip-172-31-19-100:60024/
[rosmaster.master][INFO] 2017-06-10 20:07:15,975: +SUB [/place/result] /move_group_commander_wrappers_1497150434762148137 http://ip-172-31-19-100:60024/
[rosmaster.master][INFO] 2017-06-10 20:07:15,980: +PUB [/place/goal] /move_group_commander_wrappers_1497150434762148137 http://ip-172-31-19-100:60024/
[rosmaster.master][INFO] 2017-06-10 20:07:15,987: +PUB [/place/cancel] /move_group_commander_wrappers_1497150434762148137 http://ip-172-31-19-100:60024/
[rosmaster.master][INFO] 2017-06-10 20:07:16,039: publisherUpdate[/place/goal] -> http://ip-172-31-19-100:46869/
[rosmaster.master][INFO] 2017-06-10 20:07:16,046: publisherUpdate[/place/cancel] -> http://ip-172-31-19-100:46869/
[rosmaster.master][INFO] 2017-06-10 20:07:16,161: +SUB [/execute_trajectory/status] /move_group_commander_wrappers_1497150434762148137 http://ip-172-31-19-100:60024/
[rosmaster.master][INFO] 2017-06-10 20:07:16,170: +SUB [/execute_trajectory/feedback] /move_group_commander_wrappers_1497150434762148137 http://ip-172-31-19-100:60024/
[rosmaster.master][INFO] 2017-06-10 20:07:16,180: +SUB [/execute_trajectory/result] /move_group_commander_wrappers_1497150434762148137 http://ip-172-31-19-100:60024/
[rosmaster.master][INFO] 2017-06-10 20:07:16,185: +PUB [/execute_trajectory/goal] /move_group_commander_wrappers_1497150434762148137 http://ip-172-31-19-100:60024/
[rosmaster.master][INFO] 2017-06-10 20:07:16,189: +PUB [/execute_trajectory/cancel] /move_group_commander_wrappers_1497150434762148137 http://ip-172-31-19-100:60024/
[rosmaster.master][INFO] 2017-06-10 20:07:16,195: -SUB [/execute_trajectory/status] /move_group_commander_wrappers_1497150434762148137 http://ip-172-31-19-100:60024/
[rosmaster.master][INFO] 2017-06-10 20:07:16,201: -PUB [/execute_trajectory/cancel] /move_group_commander_wrappers_1497150434762148137 http://ip-172-31-19-100:60024/
[rosmaster.master][INFO] 2017-06-10 20:07:16,207: -PUB [/execute_trajectory/goal] /move_group_commander_wrappers_1497150434762148137 http://ip-172-31-19-100:60024/
[rosmaster.master][INFO] 2017-06-10 20:07:16,213: -SUB [/execute_trajectory/feedback] /move_group_commander_wrappers_1497150434762148137 http://ip-172-31-19-100:60024/
[rosmaster.master][INFO] 2017-06-10 20:07:16,217: -SUB [/execute_trajectory/result] /move_group_commander_wrappers_1497150434762148137 http://ip-172-31-19-100:60024/
[rosmaster.master][INFO] 2017-06-10 20:07:16,244: publisherUpdate[/execute_trajectory/goal] -> http://ip-172-31-19-100:46869/
[rosmaster.master][INFO] 2017-06-10 20:07:16,248: publisherUpdate[/execute_trajectory/cancel] -> http://ip-172-31-19-100:46869/
[rosmaster.master][INFO] 2017-06-10 20:07:16,253: publisherUpdate[/execute_trajectory/cancel] -> http://ip-172-31-19-100:46869/
[rosmaster.master][INFO] 2017-06-10 20:07:16,256: publisherUpdate[/execute_trajectory/goal] -> http://ip-172-31-19-100:46869/
[rosmaster.master][INFO] 2017-06-10 20:08:48,941: -SUB [/motion_planning_goal] /move_arm_7125_1497150434788 http://ip-172-31-19-100:60205/
[rosmaster.master][INFO] 2017-06-10 20:08:48,942: -SUB [/joint_states] /move_arm_7125_1497150434788 http://ip-172-31-19-100:60205/
[rosmaster.master][INFO] 2017-06-10 20:08:48,945: -PUB [/collision_object] /move_arm_7125_1497150434788 http://ip-172-31-19-100:60205/
[rosmaster.master][INFO] 2017-06-10 20:08:48,950: -PUB [/joint_trajectory] /move_arm_7125_1497150434788 http://ip-172-31-19-100:60205/
[rosmaster.master][INFO] 2017-06-10 20:08:48,953: publisherUpdate[/collision_object] -> http://ip-172-31-19-100:46869/
[rosmaster.master][INFO] 2017-06-10 20:08:48,954: -PUB [/rosout] /move_arm_7125_1497150434788 http://ip-172-31-19-100:60205/
[rosmaster.master][INFO] 2017-06-10 20:08:48,958: publisherUpdate[/joint_trajectory] -> http://ip-172-31-19-100:52574/
[rosmaster.master][INFO] 2017-06-10 20:08:48,961: -PUB [/attached_collision_object] /move_arm_7125_1497150434788 http://ip-172-31-19-100:60205/
[rosmaster.master][INFO] 2017-06-10 20:08:48,965: publisherUpdate[/joint_trajectory] -> http://ip-172-31-19-100:53836/
[rosmaster.master][INFO] 2017-06-10 20:08:48,968: -SERVICE [/move_arm_7125_1497150434788/get_loggers] /move_arm_7125_1497150434788 rosrpc://ip-172-31-19-100:60381
[rosmaster.master][INFO] 2017-06-10 20:08:48,974: publisherUpdate[/rosout] -> http://ip-172-31-19-100:42585/
[rosmaster.master][INFO] 2017-06-10 20:08:48,975: publisherUpdate[/attached_collision_object] -> http://ip-172-31-19-100:46869/
[rosmaster.master][INFO] 2017-06-10 20:08:48,977: -SERVICE [/move_arm_7125_1497150434788/set_logger_level] /move_arm_7125_1497150434788 rosrpc://ip-172-31-19-100:60381
[rosmaster.master][INFO] 2017-06-10 20:08:49,626: -PUB [/attached_collision_object] /move_group_commander_wrappers_1497150434762148137 http://ip-172-31-19-100:60024/
[rosmaster.master][INFO] 2017-06-10 20:08:49,631: -PUB [/trajectory_execution_event] /move_group_commander_wrappers_1497150434762148137 http://ip-172-31-19-100:60024/
[rosmaster.master][INFO] 2017-06-10 20:08:49,634: publisherUpdate[/attached_collision_object] -> http://ip-172-31-19-100:46869/
[rosmaster.master][INFO] 2017-06-10 20:08:49,635: -SUB [/place/status] /move_group_commander_wrappers_1497150434762148137 http://ip-172-31-19-100:60024/
[rosmaster.master][INFO] 2017-06-10 20:08:49,652: -PUB [/place/cancel] /move_group_commander_wrappers_1497150434762148137 http://ip-172-31-19-100:60024/
[rosmaster.master][INFO] 2017-06-10 20:08:49,656: -PUB [/place/goal] /move_group_commander_wrappers_1497150434762148137 http://ip-172-31-19-100:60024/
[rosmaster.master][INFO] 2017-06-10 20:08:49,661: -SUB [/place/feedback] /move_group_commander_wrappers_1497150434762148137 http://ip-172-31-19-100:60024/
[rosmaster.master][INFO] 2017-06-10 20:08:49,665: -SUB [/place/result] /move_group_commander_wrappers_1497150434762148137 http://ip-172-31-19-100:60024/
[rosmaster.master][INFO] 2017-06-10 20:08:49,670: -SUB [/pickup/status] /move_group_commander_wrappers_1497150434762148137 http://ip-172-31-19-100:60024/
[rosmaster.master][INFO] 2017-06-10 20:08:49,674: -PUB [/pickup/cancel] /move_group_commander_wrappers_1497150434762148137 http://ip-172-31-19-100:60024/
[rosmaster.master][INFO] 2017-06-10 20:08:49,679: -PUB [/pickup/goal] /move_group_commander_wrappers_1497150434762148137 http://ip-172-31-19-100:60024/
[rosmaster.master][INFO] 2017-06-10 20:08:49,683: -SUB [/pickup/feedback] /move_group_commander_wrappers_1497150434762148137 http://ip-172-31-19-100:60024/
[rosmaster.master][INFO] 2017-06-10 20:08:49,684: publisherUpdate[/place/cancel] -> http://ip-172-31-19-100:46869/
[rosmaster.master][INFO] 2017-06-10 20:08:49,688: -SUB [/pickup/result] /move_group_commander_wrappers_1497150434762148137 http://ip-172-31-19-100:60024/
[rosmaster.master][INFO] 2017-06-10 20:08:49,692: publisherUpdate[/place/goal] -> http://ip-172-31-19-100:46869/
[rosmaster.master][INFO] 2017-06-10 20:08:49,699: publisherUpdate[/pickup/cancel] -> http://ip-172-31-19-100:46869/
[rosmaster.master][INFO] 2017-06-10 20:08:49,696: -SUB [/move_group/status] /move_group_commander_wrappers_1497150434762148137 http://ip-172-31-19-100:60024/
[rosmaster.master][INFO] 2017-06-10 20:08:49,704: publisherUpdate[/pickup/goal] -> http://ip-172-31-19-100:46869/
[rosmaster.master][INFO] 2017-06-10 20:08:49,710: -PUB [/move_group/cancel] /move_group_commander_wrappers_1497150434762148137 http://ip-172-31-19-100:60024/
[rosmaster.master][INFO] 2017-06-10 20:08:49,716: -PUB [/move_group/goal] /move_group_commander_wrappers_1497150434762148137 http://ip-172-31-19-100:60024/
[rosmaster.master][INFO] 2017-06-10 20:08:49,712: publisherUpdate[/move_group/cancel] -> http://ip-172-31-19-100:46869/
[rosmaster.master][INFO] 2017-06-10 20:08:49,721: -SUB [/move_group/feedback] /move_group_commander_wrappers_1497150434762148137 http://ip-172-31-19-100:60024/
[rosmaster.master][INFO] 2017-06-10 20:08:49,724: publisherUpdate[/move_group/goal] -> http://ip-172-31-19-100:46869/
[rosmaster.master][INFO] 2017-06-10 20:08:49,728: -SUB [/move_group/result] /move_group_commander_wrappers_1497150434762148137 http://ip-172-31-19-100:60024/
[rosmaster.master][INFO] 2017-06-10 20:08:49,736: -PUB [/planning_scene] /move_group_commander_wrappers_1497150434762148137 http://ip-172-31-19-100:60024/
[rosmaster.master][INFO] 2017-06-10 20:08:49,742: publisherUpdate[/planning_scene] -> http://ip-172-31-19-100:46869/
[rosmaster.master][INFO] 2017-06-10 20:08:49,858: -PUB [/rosout] /move_group_commander_wrappers_1497150434762148137 http://ip-172-31-19-100:60024/
[rosmaster.master][INFO] 2017-06-10 20:08:49,866: -SUB [/tf] /move_group_commander_wrappers_1497150434762148137 http://ip-172-31-19-100:60024/
[rosmaster.master][INFO] 2017-06-10 20:08:49,870: -SUB [/tf_static] /move_group_commander_wrappers_1497150434762148137 http://ip-172-31-19-100:60024/
[rosmaster.master][INFO] 2017-06-10 20:08:49,874: -SERVICE [/move_group_commander_wrappers_1497150434762148137/get_loggers] /move_group_commander_wrappers_1497150434762148137 rosrpc://ip-172-31-19-100:51051
[rosmaster.master][INFO] 2017-06-10 20:08:49,879: -SERVICE [/move_group_commander_wrappers_1497150434762148137/set_logger_level] /move_group_commander_wrappers_1497150434762148137 rosrpc://ip-172-31-19-100:51051
[rosmaster.master][INFO] 2017-06-10 20:08:49,887: publisherUpdate[/rosout] -> http://ip-172-31-19-100:42585/
