[rospy.client][INFO] 2017-06-10 02:10:20,113: init_node, name[/rosbridge_websocket], pid[18648]
[xmlrpc][INFO] 2017-06-10 02:10:20,114: XML-RPC server binding to 0.0.0.0:0
[xmlrpc][INFO] 2017-06-10 02:10:20,118: Started XML-RPC server [http://ip-172-31-19-100:48085/]
[rospy.init][INFO] 2017-06-10 02:10:20,118: ROS Slave URI: [http://ip-172-31-19-100:48085/]
[rospy.impl.masterslave][INFO] 2017-06-10 02:10:20,122: _ready: http://ip-172-31-19-100:48085/
[xmlrpc][INFO] 2017-06-10 02:10:20,129: xml rpc node: starting XML-RPC server
[rospy.registration][INFO] 2017-06-10 02:10:20,130: Registering with master node http://localhost:52165
[rospy.init][INFO] 2017-06-10 02:10:20,226: registered with master
[rospy.rosout][INFO] 2017-06-10 02:10:20,229: initializing /rosout core topic
[rospy.rosout][INFO] 2017-06-10 02:10:20,247: connected to core topic /rosout
[rospy.simtime][INFO] 2017-06-10 02:10:20,252: /use_sim_time is not set, will not subscribe to simulated time [/clock] topic
[rosout][INFO] 2017-06-10 02:10:20,279: Rosbridge WebSocket server started on port 47669
[rospy.internal][INFO] 2017-06-10 02:10:20,510: topic[/rosout] adding connection to [/rosout], count 0
[rosout][INFO] 2017-06-10 02:10:46,164: Client connected.  1 clients total.
[rosout][INFO] 2017-06-10 02:10:46,312: [Client 0] Subscribed to /tf2_web_republisher/feedback
[rosout][INFO] 2017-06-10 02:10:46,329: [Client 0] Subscribed to /visualization_marker_array
[rosout][INFO] 2017-06-10 02:10:46,342: [Client 0] Subscribed to /control_markers/tunneled/update
[rospy.internal][INFO] 2017-06-10 02:10:46,367: topic[/control_markers/tunneled/update] adding connection to [http://ip-172-31-19-100:50213/], count 0
[rospy.internal][INFO] 2017-06-10 02:10:46,374: topic[/visualization_marker_array] adding connection to [http://ip-172-31-19-100:44981/], count 0
[rospy.internal][INFO] 2017-06-10 02:10:46,373: topic[/tf2_web_republisher/feedback] adding connection to [http://ip-172-31-19-100:60822/], count 0
[rospy.internal][INFO] 2017-06-10 02:10:46,444: topic[/control_markers/feedback] adding connection to [/marker_control_18873_1497085823104], count 0
[rosout][INFO] 2017-06-10 02:10:46,487: [Client 0] Subscribed to /tf2_web_republisher/feedback
[rosout][INFO] 2017-06-10 02:10:46,491: [Client 0] Subscribed to /tf2_web_republisher/feedback
[rosout][INFO] 2017-06-10 02:10:46,495: [Client 0] Subscribed to /tf2_web_republisher/feedback
[rosout][INFO] 2017-06-10 02:10:46,500: [Client 0] Subscribed to /tf2_web_republisher/feedback
[rosout][INFO] 2017-06-10 02:10:46,504: [Client 0] Subscribed to /tf2_web_republisher/feedback
[rosout][INFO] 2017-06-10 02:10:46,508: [Client 0] Subscribed to /tf2_web_republisher/feedback
[rosout][INFO] 2017-06-10 02:10:46,512: [Client 0] Subscribed to /tf2_web_republisher/feedback
[rospy.internal][INFO] 2017-06-10 02:10:46,575: topic[/tf2_web_republisher/goal] adding connection to [/tf2_web_republisher], count 0
[rospy.internal][INFO] 2017-06-10 02:10:46,579: topic[/tf2_web_republisher/cancel] adding connection to [/tf2_web_republisher], count 0
[rospy.internal][INFO] 2017-06-10 02:12:19,699: topic impl's ref count is zero, deleting topic /tf2_web_republisher/cancel...
[rospy.internal][INFO] 2017-06-10 02:12:19,699: topic[/tf2_web_republisher/cancel] removing connection to /tf2_web_republisher
[rospy.internal][INFO] 2017-06-10 02:12:19,706: topic impl's ref count is zero, deleting topic /tf2_web_republisher/goal...
[rospy.internal][INFO] 2017-06-10 02:12:19,709: topic[/tf2_web_republisher/goal] removing connection to /tf2_web_republisher
[rospy.internal][INFO] 2017-06-10 02:12:19,719: topic impl's ref count is zero, deleting topic /control_markers/feedback...
[rospy.internal][INFO] 2017-06-10 02:12:19,722: topic[/control_markers/feedback] removing connection to /marker_control_18873_1497085823104
[rospy.internal][INFO] 2017-06-10 02:12:19,730: topic impl's ref count is zero, deleting topic /control_markers/tunneled/update...
[rospy.internal][INFO] 2017-06-10 02:12:19,734: topic[/control_markers/tunneled/update] removing connection to http://ip-172-31-19-100:50213/
[rospy.internal][INFO] 2017-06-10 02:12:19,742: topic impl's ref count is zero, deleting topic /tf2_web_republisher/feedback...
[rospy.internal][INFO] 2017-06-10 02:12:19,746: topic[/tf2_web_republisher/feedback] removing connection to http://ip-172-31-19-100:60822/
[rospy.internal][INFO] 2017-06-10 02:12:19,753: topic impl's ref count is zero, deleting topic /visualization_marker_array...
[rospy.internal][INFO] 2017-06-10 02:12:19,757: topic[/visualization_marker_array] removing connection to http://ip-172-31-19-100:44981/
[rosout][INFO] 2017-06-10 02:12:19,765: Client disconnected. 0 clients total.
