

1497085817.728125595  Node Startup
1497085820.149631160 INFO [/tmp/binarydeb/ros-indigo-interactive-marker-proxy-0.1.2/src/proxy.cpp:143(statusCb) [topics: /rosout] (INFO) General: Waiting for messages.
1497085820.311008930 INFO [rosapi_node:184(<module>) [topics: /rosout] Rosapi started
1497085820.279396057 INFO [rosbridge_websocket:141(<module>) [topics: /rosout] Rosbridge WebSocket server started on port 47669
1497085822.590084789 WARN [/tmp/binarydeb/ros-indigo-kdl-parser-1.11.11/src/kdl_parser.cpp:196(treeFromUrdfModel) [topics: /rosout] The root link world_link has an inertia specified in the URDF, but KDL does not support a root link with an inertia.  As a workaround, you can add an extra dummy link to your URDF.
1497085822.598214443 INFO [/home/ccc_v1_w_dd4cc_18220/asn13529_Project_5/asn13530_Project_4/work/catkin_ws/src/robot_sim/src/robot_sim_bringup.cpp:100(main) [topics: /rosout, /joint_states] Simulated robot spinning
1497085823.026578534 INFO [/tmp/binarydeb/ros-indigo-moveit-ros-planning-0.7.9/planning_scene_monitor/src/planning_scene_monitor.cpp:318(PlanningSceneMonitor::startPublishingPlanningScene) [topics: /rosout, /move_group/planning_scene_monitor/parameter_descriptions, /move_group/planning_scene_monitor/parameter_updates, /move_group/monitored_planning_scene] Publishing maintained planning scene on 'monitored_planning_scene'
1497085823.049794164 INFO [/tmp/binarydeb/ros-indigo-moveit-ros-move-group-0.7.9/src/move_group.cpp:193(main) [topics: /rosout, /move_group/planning_scene_monitor/parameter_descriptions, /move_group/planning_scene_monitor/parameter_updates, /move_group/monitored_planning_scene] MoveGroup debug mode is OFF
1497085823.049835997 INFO [/tmp/binarydeb/ros-indigo-moveit-ros-planning-0.7.9/planning_scene_monitor/src/planning_scene_monitor.cpp:885(PlanningSceneMonitor::startSceneMonitor) [topics: /rosout, /move_group/planning_scene_monitor/parameter_descriptions, /move_group/planning_scene_monitor/parameter_updates, /move_group/monitored_planning_scene] Starting scene monitor
1497085823.058327362 INFO [/tmp/binarydeb/ros-indigo-moveit-ros-planning-0.7.9/planning_scene_monitor/src/planning_scene_monitor.cpp:891(PlanningSceneMonitor::startSceneMonitor) [topics: /rosout, /move_group/planning_scene_monitor/parameter_descriptions, /move_group/planning_scene_monitor/parameter_updates, /move_group/monitored_planning_scene] Listening to '/planning_scene'
1497085823.058367578 INFO [/tmp/binarydeb/ros-indigo-moveit-ros-planning-0.7.9/planning_scene_monitor/src/planning_scene_monitor.cpp:962(PlanningSceneMonitor::startWorldGeometryMonitor) [topics: /rosout, /move_group/planning_scene_monitor/parameter_descriptions, /move_group/planning_scene_monitor/parameter_updates, /move_group/monitored_planning_scene] Starting world geometry monitor
1497085823.067119010 INFO [/tmp/binarydeb/ros-indigo-moveit-ros-planning-0.7.9/planning_scene_monitor/src/planning_scene_monitor.cpp:978(PlanningSceneMonitor::startWorldGeometryMonitor) [topics: /rosout, /move_group/planning_scene_monitor/parameter_descriptions, /move_group/planning_scene_monitor/parameter_updates, /move_group/monitored_planning_scene] Listening to '/collision_object' using message notifier with target frame '/world_link '
1497085823.075407134 INFO [/tmp/binarydeb/ros-indigo-moveit-ros-planning-0.7.9/planning_scene_monitor/src/planning_scene_monitor.cpp:993(PlanningSceneMonitor::startWorldGeometryMonitor) [topics: /rosout, /move_group/planning_scene_monitor/parameter_descriptions, /move_group/planning_scene_monitor/parameter_updates, /move_group/monitored_planning_scene] Listening to '/planning_scene_world' for planning scene world geometry
1497085823.076383983 WARN [/tmp/binarydeb/ros-indigo-moveit-ros-perception-0.7.9/occupancy_map_monitor/src/occupancy_map_monitor.cpp:73(OccupancyMapMonitor::initialize) [topics: /rosout, /move_group/planning_scene_monitor/parameter_descriptions, /move_group/planning_scene_monitor/parameter_updates, /move_group/monitored_planning_scene] Resolution not specified for Octomap. Assuming resolution = 0.1 instead
1497085823.108805354 INFO [/tmp/binarydeb/ros-indigo-moveit-ros-planning-0.7.9/planning_scene_monitor/src/planning_scene_monitor.cpp:1055(PlanningSceneMonitor::startStateMonitor) [topics: /rosout, /move_group/planning_scene_monitor/parameter_descriptions, /move_group/planning_scene_monitor/parameter_updates, /move_group/monitored_planning_scene] Listening to '/attached_collision_object' for attached collision objects
1497085823.178557855 INFO [/tmp/binarydeb/ros-indigo-moveit-planners-ompl-0.7.9/ompl_interface/src/ompl_interface.cpp:53(OMPLInterface::OMPLInterface) [topics: /rosout, /move_group/planning_scene_monitor/parameter_descriptions, /move_group/planning_scene_monitor/parameter_updates, /move_group/monitored_planning_scene] Initializing OMPL interface using ROS parameters
1497085823.255451464 INFO [/tmp/binarydeb/ros-indigo-moveit-ros-planning-0.7.9/planning_pipeline/src/planning_pipeline.cpp:119(PlanningPipeline::configure) [topics: /rosout, /move_group/planning_scene_monitor/parameter_descriptions, /move_group/planning_scene_monitor/parameter_updates, /move_group/monitored_planning_scene, /move_group/ompl/parameter_descriptions, /move_group/ompl/parameter_updates] Using planning interface 'OMPL'
1497085823.294750322 INFO [/tmp/binarydeb/ros-indigo-moveit-ros-planning-0.7.9/planning_request_adapter_plugins/src/fix_workspace_bounds.cpp:53(FixWorkspaceBounds::FixWorkspaceBounds) [topics: /rosout, /move_group/planning_scene_monitor/parameter_descriptions, /move_group/planning_scene_monitor/parameter_updates, /move_group/monitored_planning_scene, /move_group/ompl/parameter_descriptions, /move_group/ompl/parameter_updates] Param 'default_workspace_bounds' was not set. Using default value: 10
1497085823.295625493 INFO [/tmp/binarydeb/ros-indigo-moveit-ros-planning-0.7.9/planning_request_adapter_plugins/src/fix_start_state_bounds.cpp:60(FixStartStateBounds::FixStartStateBounds) [topics: /rosout, /move_group/planning_scene_monitor/parameter_descriptions, /move_group/planning_scene_monitor/parameter_updates, /move_group/monitored_planning_scene, /move_group/ompl/parameter_descriptions, /move_group/ompl/parameter_updates] Param 'start_state_max_bounds_error' was set to 0.1
1497085823.296419280 INFO [/tmp/binarydeb/ros-indigo-moveit-ros-planning-0.7.9/planning_request_adapter_plugins/src/fix_start_state_bounds.cpp:65(FixStartStateBounds::FixStartStateBounds) [topics: /rosout, /move_group/planning_scene_monitor/parameter_descriptions, /move_group/planning_scene_monitor/parameter_updates, /move_group/monitored_planning_scene, /move_group/ompl/parameter_descriptions, /move_group/ompl/parameter_updates] Param 'start_state_max_dt' was not set. Using default value: 0.5
1497085823.297256379 INFO [/tmp/binarydeb/ros-indigo-moveit-ros-planning-0.7.9/planning_request_adapter_plugins/src/fix_start_state_collision.cpp:57(FixStartStateCollision::FixStartStateCollision) [topics: /rosout, /move_group/planning_scene_monitor/parameter_descriptions, /move_group/planning_scene_monitor/parameter_updates, /move_group/monitored_planning_scene, /move_group/ompl/parameter_descriptions, /move_group/ompl/parameter_updates] Param 'start_state_max_dt' was not set. Using default value: 0.5
1497085823.298104585 INFO [/tmp/binarydeb/ros-indigo-moveit-ros-planning-0.7.9/planning_request_adapter_plugins/src/fix_start_state_collision.cpp:68(FixStartStateCollision::FixStartStateCollision) [topics: /rosout, /move_group/planning_scene_monitor/parameter_descriptions, /move_group/planning_scene_monitor/parameter_updates, /move_group/monitored_planning_scene, /move_group/ompl/parameter_descriptions, /move_group/ompl/parameter_updates] Param 'jiggle_fraction' was set to 0.05
1497085823.298945522 INFO [/tmp/binarydeb/ros-indigo-moveit-ros-planning-0.7.9/planning_request_adapter_plugins/src/fix_start_state_collision.cpp:73(FixStartStateCollision::FixStartStateCollision) [topics: /rosout, /move_group/planning_scene_monitor/parameter_descriptions, /move_group/planning_scene_monitor/parameter_updates, /move_group/monitored_planning_scene, /move_group/ompl/parameter_descriptions, /move_group/ompl/parameter_updates] Param 'max_sampling_attempts' was not set. Using default value: 100
1497085823.299018547 INFO [/tmp/binarydeb/ros-indigo-moveit-ros-planning-0.7.9/planning_pipeline/src/planning_pipeline.cpp:163(PlanningPipeline::configure) [topics: /rosout, /move_group/planning_scene_monitor/parameter_descriptions, /move_group/planning_scene_monitor/parameter_updates, /move_group/monitored_planning_scene, /move_group/ompl/parameter_descriptions, /move_group/ompl/parameter_updates] Using planning request adapter 'Add Time Parameterization'
1497085823.299044793 INFO [/tmp/binarydeb/ros-indigo-moveit-ros-planning-0.7.9/planning_pipeline/src/planning_pipeline.cpp:163(PlanningPipeline::configure) [topics: /rosout, /move_group/planning_scene_monitor/parameter_descriptions, /move_group/planning_scene_monitor/parameter_updates, /move_group/monitored_planning_scene, /move_group/ompl/parameter_descriptions, /move_group/ompl/parameter_updates] Using planning request adapter 'Fix Workspace Bounds'
1497085823.299056600 INFO [/tmp/binarydeb/ros-indigo-moveit-ros-planning-0.7.9/planning_pipeline/src/planning_pipeline.cpp:163(PlanningPipeline::configure) [topics: /rosout, /move_group/planning_scene_monitor/parameter_descriptions, /move_group/planning_scene_monitor/parameter_updates, /move_group/monitored_planning_scene, /move_group/ompl/parameter_descriptions, /move_group/ompl/parameter_updates] Using planning request adapter 'Fix Start State Bounds'
1497085823.299073176 INFO [/tmp/binarydeb/ros-indigo-moveit-ros-planning-0.7.9/planning_pipeline/src/planning_pipeline.cpp:163(PlanningPipeline::configure) [topics: /rosout, /move_group/planning_scene_monitor/parameter_descriptions, /move_group/planning_scene_monitor/parameter_updates, /move_group/monitored_planning_scene, /move_group/ompl/parameter_descriptions, /move_group/ompl/parameter_updates] Using planning request adapter 'Fix Start State In Collision'
1497085823.299083024 INFO [/tmp/binarydeb/ros-indigo-moveit-ros-planning-0.7.9/planning_pipeline/src/planning_pipeline.cpp:163(PlanningPipeline::configure) [topics: /rosout, /move_group/planning_scene_monitor/parameter_descriptions, /move_group/planning_scene_monitor/parameter_updates, /move_group/monitored_planning_scene, /move_group/ompl/parameter_descriptions, /move_group/ompl/parameter_updates] Using planning request adapter 'Fix Start State Path Constraints'
1497085823.579103908 INFO [/tmp/binarydeb/ros-indigo-moveit-ros-move-group-0.7.9/src/move_group.cpp:159(MoveGroupExe::configureCapabilities) [topics: /rosout, /move_group/planning_scene_monitor/parameter_descriptions, /move_group/planning_scene_monitor/parameter_updates, /move_group/monitored_planning_scene, /move_group/ompl/parameter_descriptions, /move_group/ompl/parameter_updates, /move_group/display_planned_path, /move_group/display_contacts, /execute_trajectory/result, /execute_trajectory/feedback, /execute_trajectory/status, /move_group/result, /move_group/feedback, /move_group/status, /pickup/result, /pickup/feedback, /pickup/status, /place/result, /place/feedback, /place/status] 

********************************************************
* MoveGroup using: 
*     - ApplyPlanningSceneService
*     - ClearOctomapService
*     - CartesianPathService
*     - ExecuteTrajectoryService
*     - ExecuteTrajectoryAction
*     - GetPlanningSceneService
*     - KinematicsService
*     - MoveAction
*     - PickPlaceAction
*     - MotionPlanService
*     - QueryPlannersService
*     - StateValidationService
********************************************************

1497085823.579183265 INFO [/tmp/binarydeb/ros-indigo-moveit-ros-move-group-0.7.9/src/move_group_context.cpp:84(MoveGroupContext::status) [topics: /rosout, /move_group/planning_scene_monitor/parameter_descriptions, /move_group/planning_scene_monitor/parameter_updates, /move_group/monitored_planning_scene, /move_group/ompl/parameter_descriptions, /move_group/ompl/parameter_updates, /move_group/display_planned_path, /move_group/display_contacts, /execute_trajectory/result, /execute_trajectory/feedback, /execute_trajectory/status, /move_group/result, /move_group/feedback, /move_group/status, /pickup/result, /pickup/feedback, /pickup/status, /place/result, /place/feedback, /place/status] MoveGroup context using planning plugin ompl_interface/OMPLPlanner
1497085823.857309159 INFO [/tmp/binarydeb/ros-indigo-interactive-marker-proxy-0.1.2/src/proxy.cpp:143(statusCb) [topics: /rosout, /control_markers/tunneled/update] (INFO) General: Receiving messages.
1497085823.857364699 INFO [/tmp/binarydeb/ros-indigo-interactive-marker-proxy-0.1.2/src/proxy.cpp:143(statusCb) [topics: /rosout, /control_markers/tunneled/update] (INFO) /marker_control_18873_1497085823104: Waiting for init message.
1497085824.060541483 INFO [/tmp/binarydeb/ros-indigo-interactive-marker-proxy-0.1.2/src/proxy.cpp:143(statusCb) [topics: /rosout, /control_markers/tunneled/update] (INFO) /marker_control_18873_1497085823104: Init message received.
1497085824.061926008 INFO [/tmp/binarydeb/ros-indigo-interactive-marker-proxy-0.1.2/src/proxy.cpp:143(statusCb) [topics: /rosout, /control_markers/tunneled/update] (INFO) /marker_control_18873_1497085823104: Receiving updates.
1497085846.164923906 INFO [websocket_handler.py:74(open) [topics: /rosout] Client connected.  1 clients total.
1497085846.313019037 INFO [protocol.py:367(log) [topics: /tf2_web_republisher/cancel, /tf2_web_republisher/goal, /rosout, /tf2_web_republisher/feedback] [Client 0] Subscribed to /tf2_web_republisher/feedback
1497085846.330025911 INFO [protocol.py:367(log) [topics: /tf2_web_republisher/cancel, /tf2_web_republisher/goal, /visualization_marker_array, /rosout, /tf2_web_republisher/feedback] [Client 0] Subscribed to /visualization_marker_array
1497085846.342154026 INFO [protocol.py:367(log) [topics: /visualization_marker_array, /tf2_web_republisher/feedback, /rosout, /control_markers/tunneled/update, /tf2_web_republisher/cancel, /tf2_web_republisher/goal] [Client 0] Subscribed to /control_markers/tunneled/update
1497085846.357818064 INFO [/tmp/binarydeb/ros-indigo-interactive-marker-proxy-0.1.2/src/proxy.cpp:89(getInit) [topics: /rosout, /control_markers/tunneled/update] Init requested.
1497085846.487663984 INFO [protocol.py:367(log) [topics: /control_markers/feedback, /visualization_marker_array, /tf2_web_republisher/feedback, /rosout, /control_markers/tunneled/update, /tf2_web_republisher/cancel, /tf2_web_republisher/goal] [Client 0] Subscribed to /tf2_web_republisher/feedback
1497085846.491808891 INFO [protocol.py:367(log) [topics: /control_markers/feedback, /visualization_marker_array, /tf2_web_republisher/feedback, /rosout, /control_markers/tunneled/update, /tf2_web_republisher/cancel, /tf2_web_republisher/goal] [Client 0] Subscribed to /tf2_web_republisher/feedback
1497085846.496058940 INFO [protocol.py:367(log) [topics: /control_markers/feedback, /visualization_marker_array, /tf2_web_republisher/feedback, /rosout, /control_markers/tunneled/update, /tf2_web_republisher/cancel, /tf2_web_republisher/goal] [Client 0] Subscribed to /tf2_web_republisher/feedback
1497085846.500549077 INFO [protocol.py:367(log) [topics: /control_markers/feedback, /visualization_marker_array, /tf2_web_republisher/feedback, /rosout, /control_markers/tunneled/update, /tf2_web_republisher/cancel, /tf2_web_republisher/goal] [Client 0] Subscribed to /tf2_web_republisher/feedback
1497085846.504537105 INFO [protocol.py:367(log) [topics: /control_markers/feedback, /visualization_marker_array, /tf2_web_republisher/feedback, /rosout, /control_markers/tunneled/update, /tf2_web_republisher/cancel, /tf2_web_republisher/goal] [Client 0] Subscribed to /tf2_web_republisher/feedback
1497085846.508651018 INFO [protocol.py:367(log) [topics: /control_markers/feedback, /visualization_marker_array, /tf2_web_republisher/feedback, /rosout, /control_markers/tunneled/update, /tf2_web_republisher/cancel, /tf2_web_republisher/goal] [Client 0] Subscribed to /tf2_web_republisher/feedback
1497085846.512665033 INFO [protocol.py:367(log) [topics: /control_markers/feedback, /visualization_marker_array, /tf2_web_republisher/feedback, /rosout, /control_markers/tunneled/update, /tf2_web_republisher/cancel, /tf2_web_republisher/goal] [Client 0] Subscribed to /tf2_web_republisher/feedback
1497085858.093700939 WARN [/tmp/binarydeb/ros-indigo-moveit-core-0.7.9/robot_model/src/robot_model.cpp:634() [topics: /rosout] Could not identify parent group for end-effector 'end_effector'
1497085858.211454017 INFO [/tmp/binarydeb/ros-indigo-moveit-core-0.7.9/robot_model/src/robot_model.cpp:89() [topics: /rosout] Loading robot model 'lwr'...
1497085858.211487910 INFO [/tmp/binarydeb/ros-indigo-moveit-core-0.7.9/robot_model/src/robot_model.cpp:932() [topics: /rosout] No root/virtual joint specified in SRDF. Assuming fixed joint
1497085858.212081640 WARN [/tmp/binarydeb/ros-indigo-moveit-core-0.7.9/robot_model/src/robot_model.cpp:634() [topics: /rosout] Could not identify parent group for end-effector 'end_effector'
1497085858.212185395 WARN [/tmp/binarydeb/ros-indigo-kdl-parser-1.11.11/src/kdl_parser.cpp:196(treeFromUrdfModel) [topics: /rosout] The root link world_link has an inertia specified in the URDF, but KDL does not support a root link with an inertia.  As a workaround, you can add an extra dummy link to your URDF.
1497085859.210895390 INFO [/tmp/binarydeb/ros-indigo-moveit-ros-planning-interface-0.7.9/move_group_interface/src/move_group.cpp:293(planning_interface::MoveGroup::MoveGroupImpl::waitForExecuteActionOrService) [topics: /rosout, /planning_scene, /trajectory_execution_event, /attached_collision_object, /move_group/goal, /move_group/cancel, /pickup/goal, /pickup/cancel, /place/goal, /place/cancel] TrajectoryExecution will use old service capability.
1497085859.210985429 INFO [/tmp/binarydeb/ros-indigo-moveit-ros-planning-interface-0.7.9/move_group_interface/src/move_group.cpp:171(planning_interface::MoveGroup::MoveGroupImpl::MoveGroupImpl) [topics: /rosout, /planning_scene, /trajectory_execution_event, /attached_collision_object, /move_group/goal, /move_group/cancel, /pickup/goal, /pickup/cancel, /place/goal, /place/cancel] Ready to take MoveGroup commands for group lwr_arm.
1497085823.579211670 INFO [/tmp/binarydeb/ros-indigo-moveit-ros-move-group-0.7.9/src/move_group_context.cpp:85(MoveGroupContext::status) [topics: /rosout, /move_group/planning_scene_monitor/parameter_descriptions, /move_group/planning_scene_monitor/parameter_updates, /move_group/monitored_planning_scene, /move_group/ompl/parameter_descriptions, /move_group/ompl/parameter_updates, /move_group/display_planned_path, /move_group/display_contacts, /execute_trajectory/result, /execute_trajectory/feedback, /execute_trajectory/status, /move_group/result, /move_group/feedback, /move_group/status, /pickup/result, /pickup/feedback, /pickup/status, /place/result, /place/feedback, /place/status] MoveGroup context initialization complete
1497085865.686662324 WARN [/opt/ros/indigo/include/tf/message_filter.h:354(MessageFilter<M>::testMessage) [topics: /rosout, /move_group/planning_scene_monitor/parameter_descriptions, /move_group/planning_scene_monitor/parameter_updates, /move_group/monitored_planning_scene, /move_group/ompl/parameter_descriptions, /move_group/ompl/parameter_updates, /move_group/display_planned_path, /move_group/display_contacts, /execute_trajectory/result, /execute_trajectory/feedback, /execute_trajectory/status, /move_group/result, /move_group/feedback, /move_group/status, /pickup/result, /pickup/feedback, /pickup/status, /place/result, /place/feedback, /place/status] MessageFilter [target=/world_link ]: Discarding message from [/marker_control_18873_1497085823104] due to empty frame_id.  This message will only print once.
1497085903.123805046 ERROR [topics.py:723(_invoke_callback) [topics: /joint_trajectory, /collision_object, /joint_states, /rosout, /motion_planning_goal, /attached_collision_object] bad callback: <bound method MoveArm.move_arm_cb of <__main__.MoveArm object at 0x7f3184537590>>
Traceback (most recent call last):
  File "/opt/ros/indigo/lib/python2.7/dist-packages/rospy/topics.py", line 720, in _invoke_callback
    cb(msg)
  File "/home/ccc_v1_w_dd4cc_18220/asn13529_Project_5/asn13530_Project_4/work/catkin_ws/src/motion_planning/scripts/motion_planning.py", line 393, in move_arm_cb
    trajectory = self.project_plan(numpy.array(q_start), q_goal, self.q_min, self.q_max)
  File "/home/ccc_v1_w_dd4cc_18220/asn13529_Project_5/asn13530_Project_4/work/catkin_ws/src/motion_planning/scripts/motion_planning.py", line 378, in project_plan
    q_list = self.motion_plan(q_start, q_goal, q_min, q_max)
  File "/home/ccc_v1_w_dd4cc_18220/asn13529_Project_5/asn13530_Project_4/work/catkin_ws/src/motion_planning/scripts/motion_planning.py", line 326, in motion_plan
    if self.is_collision_free(closest_node.value, point):
  File "/home/ccc_v1_w_dd4cc_18220/asn13529_Project_5/asn13530_Project_4/work/catkin_ws/src/motion_planning/scripts/motion_planning.py", line 277, in is_collision_free
    k = numpy.amax(numpy.absolute(numpy.divide(w, numpy.asarray(self.qsample))))
AttributeError: 'MoveArm' object has no attribute 'qsample'

1497085903.128628425 INFO [/tmp/binarydeb/ros-indigo-interactive-marker-proxy-0.1.2/src/proxy.cpp:143(statusCb) [topics: /rosout, /control_markers/tunneled/update] (INFO) /marker_control_18873_1497085823104: OK
1497085939.765139102 INFO [websocket_handler.py:109(on_close) [topics: /rosout] Client disconnected. 0 clients total.
