[roslaunch][INFO] 2017-06-05 17:35:43,349: Checking log directory for disk usage. This may take awhile.
Press Ctrl-C to interrupt
[roslaunch][INFO] 2017-06-05 17:35:43,375: Done checking log file disk usage. Usage is <1GB.
[roslaunch][INFO] 2017-06-05 17:35:43,375: roslaunch starting with args ['/opt/ros/indigo/bin/roslaunch', 'rosbridge_server', 'rosbridge_websocket.launch', 'port:=60170']
[roslaunch][INFO] 2017-06-05 17:35:43,379: roslaunch env is {'ROS_DISTRO': 'indigo', 'ASNLIB': '/home/ccc_v1_s54106__48606/asn13354_Project_4/asn13355_Project_4/asnlib', 'LIB': '/home/ccc_v1_s54106__48606/lib', 'PKG_CONFIG_PATH': '/opt/ros/indigo/lib/pkgconfig:/opt/ros/indigo/lib/x86_64-linux-gnu/pkgconfig', 'SSH_CLIENT': '172.31.7.153 46692 22', 'CPATH': '/opt/ros/indigo/include', 'LOGNAME': 'ccc_v1_w_dd4cc_18220', 'USER': 'ccc_v1_w_dd4cc_18220', 'ROS_NODE_PORT': '52855', 'HOME': '/home/ccc_v1_w_dd4cc_18220/asn13354_Project_4/asn13355_Project_4/work', 'PATH': '/opt/ros/indigo/bin:/usr/local/sbin:/usr/local/bin:/usr/sbin:/usr/bin:/sbin:/bin:/usr/games:/usr/local/games:/home/local/bin:/home/ccc_v1_s54106__48606/lib:/home/ccc_v1_s54106__48606/asn13354_Project_4/asn13355_Project_4/asnlib:/home/vlibs:.', 'CMAKE_PREFIX_PATH': '/opt/ros/indigo', 'LD_LIBRARY_PATH': '/opt/ros/indigo/lib:/opt/ros/indigo/lib/x86_64-linux-gnu:/home/ccc_v1_s54106__48606/lib:/home/ccc_v1_s54106__48606/asn13354_Project_4/asn13355_Project_4/asnlib:/home/vlibs', 'LANG': 'en_US.UTF-8', 'TERM': 'xterm-256color', 'SHELL': '/bin/bash', 'HISTFILE': '/home/ccc_v1_w_dd4cc_18220/.bash_history', 'SHLVL': '2', 'VOC_WORKAREA': '/home/ccc_v1_w_dd4cc_18220/asn13354_Project_4/asn13355_Project_4/work', 'ROS_LOG_FILENAME': '/home/ccc_v1_w_dd4cc_18220/asn13354_Project_4/asn13355_Project_4/work/.ros/log/1197ff60-4a50-11e7-a4ba-06f360e4abc1/roslaunch-ip-172-31-19-100-21498.log', 'PART1': '/home/ccc_v1_s54106__48606/asn13354_Project_4/asn13355_Project_4', 'ROS_ETC_DIR': '/opt/ros/indigo/etc/ros', 'XDG_RUNTIME_DIR': '/run/user/18220', 'PYTHONPATH': '/opt/ros/indigo/lib/python2.7/dist-packages:/home/vlibs/python', 'VOC_PROXY_WRAPPER_PORT': '5100', 'VOC_XFER_TOKEN': '29372252643542435421335505935f8d53c5f78.22714163', 'ROS_ROOT': '/opt/ros/indigo/share/ros', 'OLD_HOME': '/home/ccc_v1_w_dd4cc_18220', 'VOC_PROXY_TOKEN': '136771411435424354213355015935f8d54803b9.62945007', 'ROS_PACKAGE_PATH': '/opt/ros/indigo/share:/opt/ros/indigo/stacks', 'XDG_SESSION_ID': '297804', '_': '/usr/bin/stdbuf', 'LD_PRELOAD': '/usr/lib/coreutils/libstdbuf.so', '_STDBUF_O': 'L', 'SSH_TTY': '/dev/pts/0', 'OLDPWD': '/home/ccc_v1_w_dd4cc_18220', 'ROSLISP_PACKAGE_DIRECTORIES': '', 'VLIB': '/home/vlibs', 'PWD': '/home/ccc_v1_w_dd4cc_18220/asn13354_Project_4/asn13355_Project_4/work', 'VOC_PROXY_ID': '43542_43542_13355_0_1', 'ROS_MASTER_URI': 'http://localhost:52855', 'MAIL': '/var/mail/ccc_v1_w_dd4cc_18220', 'SSH_CONNECTION': '172.31.7.153 46692 172.31.19.100 22'}
[roslaunch][INFO] 2017-06-05 17:35:43,382: starting in server mode
[roslaunch.parent][INFO] 2017-06-05 17:35:43,386: starting roslaunch parent run
[roslaunch][INFO] 2017-06-05 17:35:43,389: loading roscore config file /opt/ros/indigo/etc/ros/roscore.xml
[roslaunch][INFO] 2017-06-05 17:35:43,521: Added core node of type [rosout/rosout] in namespace [/]
[roslaunch.config][INFO] 2017-06-05 17:35:43,522: loading config file /opt/ros/indigo/share/rosbridge_server/launch/rosbridge_websocket.launch
[roslaunch][INFO] 2017-06-05 17:35:43,529: Added node of type [rosbridge_server/rosbridge_websocket] in namespace [/]
[roslaunch][INFO] 2017-06-05 17:35:43,533: Added node of type [rosapi/rosapi_node] in namespace [/]
[roslaunch][INFO] 2017-06-05 17:35:43,542: ... selected machine [] for node of type [rosbridge_server/rosbridge_websocket]
[roslaunch][INFO] 2017-06-05 17:35:43,545: ... selected machine [] for node of type [rosapi/rosapi_node]
[roslaunch.pmon][INFO] 2017-06-05 17:35:43,549: start_process_monitor: creating ProcessMonitor
[roslaunch.pmon][INFO] 2017-06-05 17:35:43,552: created process monitor <ProcessMonitor(ProcessMonitor-1, initial daemon)>
[roslaunch.pmon][INFO] 2017-06-05 17:35:43,556: start_process_monitor: ProcessMonitor started
[roslaunch.parent][INFO] 2017-06-05 17:35:43,559: starting parent XML-RPC server
[roslaunch.server][INFO] 2017-06-05 17:35:43,563: starting roslaunch XML-RPC server
[roslaunch.server][INFO] 2017-06-05 17:35:43,566: waiting for roslaunch XML-RPC server to initialize
[xmlrpc][INFO] 2017-06-05 17:35:43,566: XML-RPC server binding to 0.0.0.0:0
[xmlrpc][INFO] 2017-06-05 17:35:43,573: Started XML-RPC server [http://ip-172-31-19-100:42563/]
[xmlrpc][INFO] 2017-06-05 17:35:43,577: xml rpc node: starting XML-RPC server
[roslaunch][INFO] 2017-06-05 17:35:43,585: started roslaunch server http://ip-172-31-19-100:42563/
[roslaunch.parent][INFO] 2017-06-05 17:35:43,589: ... parent XML-RPC server started
[roslaunch][INFO] 2017-06-05 17:35:43,593: master.is_running[http://localhost:52855]
[roslaunch][INFO] 2017-06-05 17:35:43,597: master.is_running[http://localhost:52855]
[roslaunch][INFO] 2017-06-05 17:35:43,601: ROS_MASTER_URI=http://localhost:52855
[roslaunch][INFO] 2017-06-05 17:35:43,607: setting /roslaunch/uris/host_ip_172_31_19_100__42563' to http://ip-172-31-19-100:42563/
[roslaunch][INFO] 2017-06-05 17:35:43,613: load_parameters starting ...
[roslaunch][INFO] 2017-06-05 17:35:43,652: ... load_parameters complete
[roslaunch][INFO] 2017-06-05 17:35:43,655: launch_nodes: launching local nodes ...
[roslaunch][INFO] 2017-06-05 17:35:43,659: ... preparing to launch node of type [rosbridge_server/rosbridge_websocket]
[roslaunch][INFO] 2017-06-05 17:35:43,662: create_node_process: package[rosbridge_server] type[rosbridge_websocket] machine[Machine(name[] env_loader[None] address[localhost] ssh_port[22] user[None] assignable[True] timeout[10.0])] master_uri[http://localhost:52855]
[roslaunch][INFO] 2017-06-05 17:35:43,666: process[rosbridge_websocket-1]: env[{'ROS_DISTRO': 'indigo', 'ASNLIB': '/home/ccc_v1_s54106__48606/asn13354_Project_4/asn13355_Project_4/asnlib', 'LIB': '/home/ccc_v1_s54106__48606/lib', 'VOC_PROXY_TOKEN': '136771411435424354213355015935f8d54803b9.62945007', 'SSH_CLIENT': '172.31.7.153 46692 22', 'CPATH': '/opt/ros/indigo/include', 'LOGNAME': 'ccc_v1_w_dd4cc_18220', 'USER': 'ccc_v1_w_dd4cc_18220', 'ROS_NODE_PORT': '52855', 'HOME': '/home/ccc_v1_w_dd4cc_18220/asn13354_Project_4/asn13355_Project_4/work', 'PATH': '/opt/ros/indigo/bin:/usr/local/sbin:/usr/local/bin:/usr/sbin:/usr/bin:/sbin:/bin:/usr/games:/usr/local/games:/home/local/bin:/home/ccc_v1_s54106__48606/lib:/home/ccc_v1_s54106__48606/asn13354_Project_4/asn13355_Project_4/asnlib:/home/vlibs:.', 'CMAKE_PREFIX_PATH': '/opt/ros/indigo', 'ROS_LOG_FILENAME': '/home/ccc_v1_w_dd4cc_18220/asn13354_Project_4/asn13355_Project_4/work/.ros/log/1197ff60-4a50-11e7-a4ba-06f360e4abc1/roslaunch-ip-172-31-19-100-21498.log', 'LANG': 'en_US.UTF-8', 'TERM': 'xterm-256color', 'SHELL': '/bin/bash', 'HISTFILE': '/home/ccc_v1_w_dd4cc_18220/.bash_history', 'SHLVL': '2', 'VOC_WORKAREA': '/home/ccc_v1_w_dd4cc_18220/asn13354_Project_4/asn13355_Project_4/work', 'LD_LIBRARY_PATH': '/opt/ros/indigo/lib:/opt/ros/indigo/lib/x86_64-linux-gnu:/home/ccc_v1_s54106__48606/lib:/home/ccc_v1_s54106__48606/asn13354_Project_4/asn13355_Project_4/asnlib:/home/vlibs', 'PART1': '/home/ccc_v1_s54106__48606/asn13354_Project_4/asn13355_Project_4', 'ROS_MASTER_URI': 'http://localhost:52855', 'XDG_RUNTIME_DIR': '/run/user/18220', 'PYTHONPATH': '/opt/ros/indigo/lib/python2.7/dist-packages:/home/vlibs/python', 'VOC_PROXY_WRAPPER_PORT': '5100', 'VOC_XFER_TOKEN': '29372252643542435421335505935f8d53c5f78.22714163', 'ROS_ROOT': '/opt/ros/indigo/share/ros', 'OLD_HOME': '/home/ccc_v1_w_dd4cc_18220', 'PKG_CONFIG_PATH': '/opt/ros/indigo/lib/pkgconfig:/opt/ros/indigo/lib/x86_64-linux-gnu/pkgconfig', 'ROS_PACKAGE_PATH': '/opt/ros/indigo/share:/opt/ros/indigo/stacks', 'XDG_SESSION_ID': '297804', '_': '/usr/bin/stdbuf', 'LD_PRELOAD': '/usr/lib/coreutils/libstdbuf.so', '_STDBUF_O': 'L', 'SSH_TTY': '/dev/pts/0', 'OLDPWD': '/home/ccc_v1_w_dd4cc_18220', 'ROSLISP_PACKAGE_DIRECTORIES': '', 'VLIB': '/home/vlibs', 'PWD': '/home/ccc_v1_w_dd4cc_18220/asn13354_Project_4/asn13355_Project_4/work', 'VOC_PROXY_ID': '43542_43542_13355_0_1', 'ROS_ETC_DIR': '/opt/ros/indigo/etc/ros', 'MAIL': '/var/mail/ccc_v1_w_dd4cc_18220', 'SSH_CONNECTION': '172.31.7.153 46692 172.31.19.100 22'}]
[roslaunch][INFO] 2017-06-05 17:35:43,698: process[rosbridge_websocket-1]: args[[u'/opt/ros/indigo/lib/rosbridge_server/rosbridge_websocket', u'__name:=rosbridge_websocket']]
[roslaunch][INFO] 2017-06-05 17:35:43,701: ... created process [rosbridge_websocket-1]
[roslaunch.pmon][INFO] 2017-06-05 17:35:43,705: ProcessMonitor.register[rosbridge_websocket-1]
[roslaunch.pmon][INFO] 2017-06-05 17:35:43,708: ProcessMonitor.register[rosbridge_websocket-1] complete
[roslaunch][INFO] 2017-06-05 17:35:43,713: ... registered process [rosbridge_websocket-1]
[roslaunch][INFO] 2017-06-05 17:35:43,717: process[rosbridge_websocket-1]: starting os process
[roslaunch][INFO] 2017-06-05 17:35:43,721: process[rosbridge_websocket-1]: start w/ args [[u'/opt/ros/indigo/lib/rosbridge_server/rosbridge_websocket', u'__name:=rosbridge_websocket', u'__log:=/home/ccc_v1_w_dd4cc_18220/asn13354_Project_4/asn13355_Project_4/work/.ros/log/1197ff60-4a50-11e7-a4ba-06f360e4abc1/rosbridge_websocket-1.log']]
[roslaunch][INFO] 2017-06-05 17:35:43,724: process[rosbridge_websocket-1]: cwd will be [/home/ccc_v1_w_dd4cc_18220/asn13354_Project_4/asn13355_Project_4/work/.ros]
[roslaunch][INFO] 2017-06-05 17:35:43,733: process[rosbridge_websocket-1]: started with pid [21516]
[roslaunch][INFO] 2017-06-05 17:35:43,734: ... successfully launched [rosbridge_websocket-1]
[roslaunch][INFO] 2017-06-05 17:35:43,737: ... preparing to launch node of type [rosapi/rosapi_node]
[roslaunch][INFO] 2017-06-05 17:35:43,741: create_node_process: package[rosapi] type[rosapi_node] machine[Machine(name[] env_loader[None] address[localhost] ssh_port[22] user[None] assignable[True] timeout[10.0])] master_uri[http://localhost:52855]
[roslaunch][INFO] 2017-06-05 17:35:43,744: process[rosapi-2]: env[{'ROS_DISTRO': 'indigo', 'ASNLIB': '/home/ccc_v1_s54106__48606/asn13354_Project_4/asn13355_Project_4/asnlib', 'LIB': '/home/ccc_v1_s54106__48606/lib', 'VOC_PROXY_TOKEN': '136771411435424354213355015935f8d54803b9.62945007', 'SSH_CLIENT': '172.31.7.153 46692 22', 'CPATH': '/opt/ros/indigo/include', 'LOGNAME': 'ccc_v1_w_dd4cc_18220', 'USER': 'ccc_v1_w_dd4cc_18220', 'ROS_NODE_PORT': '52855', 'HOME': '/home/ccc_v1_w_dd4cc_18220/asn13354_Project_4/asn13355_Project_4/work', 'PATH': '/opt/ros/indigo/bin:/usr/local/sbin:/usr/local/bin:/usr/sbin:/usr/bin:/sbin:/bin:/usr/games:/usr/local/games:/home/local/bin:/home/ccc_v1_s54106__48606/lib:/home/ccc_v1_s54106__48606/asn13354_Project_4/asn13355_Project_4/asnlib:/home/vlibs:.', 'CMAKE_PREFIX_PATH': '/opt/ros/indigo', 'ROS_LOG_FILENAME': '/home/ccc_v1_w_dd4cc_18220/asn13354_Project_4/asn13355_Project_4/work/.ros/log/1197ff60-4a50-11e7-a4ba-06f360e4abc1/roslaunch-ip-172-31-19-100-21498.log', 'LANG': 'en_US.UTF-8', 'TERM': 'xterm-256color', 'SHELL': '/bin/bash', 'HISTFILE': '/home/ccc_v1_w_dd4cc_18220/.bash_history', 'SHLVL': '2', 'VOC_WORKAREA': '/home/ccc_v1_w_dd4cc_18220/asn13354_Project_4/asn13355_Project_4/work', 'LD_LIBRARY_PATH': '/opt/ros/indigo/lib:/opt/ros/indigo/lib/x86_64-linux-gnu:/home/ccc_v1_s54106__48606/lib:/home/ccc_v1_s54106__48606/asn13354_Project_4/asn13355_Project_4/asnlib:/home/vlibs', 'PART1': '/home/ccc_v1_s54106__48606/asn13354_Project_4/asn13355_Project_4', 'ROS_MASTER_URI': 'http://localhost:52855', 'XDG_RUNTIME_DIR': '/run/user/18220', 'PYTHONPATH': '/opt/ros/indigo/lib/python2.7/dist-packages:/home/vlibs/python', 'VOC_PROXY_WRAPPER_PORT': '5100', 'VOC_XFER_TOKEN': '29372252643542435421335505935f8d53c5f78.22714163', 'ROS_ROOT': '/opt/ros/indigo/share/ros', 'OLD_HOME': '/home/ccc_v1_w_dd4cc_18220', 'PKG_CONFIG_PATH': '/opt/ros/indigo/lib/pkgconfig:/opt/ros/indigo/lib/x86_64-linux-gnu/pkgconfig', 'ROS_PACKAGE_PATH': '/opt/ros/indigo/share:/opt/ros/indigo/stacks', 'XDG_SESSION_ID': '297804', '_': '/usr/bin/stdbuf', 'LD_PRELOAD': '/usr/lib/coreutils/libstdbuf.so', '_STDBUF_O': 'L', 'SSH_TTY': '/dev/pts/0', 'OLDPWD': '/home/ccc_v1_w_dd4cc_18220', 'ROSLISP_PACKAGE_DIRECTORIES': '', 'VLIB': '/home/vlibs', 'PWD': '/home/ccc_v1_w_dd4cc_18220/asn13354_Project_4/asn13355_Project_4/work', 'VOC_PROXY_ID': '43542_43542_13355_0_1', 'ROS_ETC_DIR': '/opt/ros/indigo/etc/ros', 'MAIL': '/var/mail/ccc_v1_w_dd4cc_18220', 'SSH_CONNECTION': '172.31.7.153 46692 172.31.19.100 22'}]
[roslaunch][INFO] 2017-06-05 17:35:43,755: process[rosapi-2]: args[[u'/opt/ros/indigo/lib/rosapi/rosapi_node', u'__name:=rosapi']]
[roslaunch][INFO] 2017-06-05 17:35:43,758: ... created process [rosapi-2]
[roslaunch.pmon][INFO] 2017-06-05 17:35:43,762: ProcessMonitor.register[rosapi-2]
[roslaunch.pmon][INFO] 2017-06-05 17:35:43,765: ProcessMonitor.register[rosapi-2] complete
[roslaunch][INFO] 2017-06-05 17:35:43,769: ... registered process [rosapi-2]
[roslaunch][INFO] 2017-06-05 17:35:43,772: process[rosapi-2]: starting os process
[roslaunch][INFO] 2017-06-05 17:35:43,778: process[rosapi-2]: start w/ args [[u'/opt/ros/indigo/lib/rosapi/rosapi_node', u'__name:=rosapi', u'__log:=/home/ccc_v1_w_dd4cc_18220/asn13354_Project_4/asn13355_Project_4/work/.ros/log/1197ff60-4a50-11e7-a4ba-06f360e4abc1/rosapi-2.log']]
[roslaunch][INFO] 2017-06-05 17:35:43,782: process[rosapi-2]: cwd will be [/home/ccc_v1_w_dd4cc_18220/asn13354_Project_4/asn13355_Project_4/work/.ros]
[roslaunch][INFO] 2017-06-05 17:35:43,791: process[rosapi-2]: started with pid [21518]
[roslaunch][INFO] 2017-06-05 17:35:43,792: ... successfully launched [rosapi-2]
[roslaunch][INFO] 2017-06-05 17:35:43,797: ... launch_nodes complete
[roslaunch.pmon][INFO] 2017-06-05 17:35:43,801: registrations completed <ProcessMonitor(ProcessMonitor-1, started daemon 139897374865152)>
[roslaunch.parent][INFO] 2017-06-05 17:35:43,805: ... roslaunch parent running, waiting for process exit
[roslaunch][INFO] 2017-06-05 17:35:43,809: spin
