

1496709341.803804943  Node Startup
1496709344.309709534 INFO [/tmp/binarydeb/ros-indigo-interactive-marker-proxy-0.1.2/src/proxy.cpp:143(statusCb) [topics: /rosout] (INFO) General: Waiting for messages.
1496709344.407572031 INFO [rosapi_node:184(<module>) [topics: /rosout] Rosapi started
1496709344.411930084 INFO [rosbridge_websocket:141(<module>) [topics: /rosout] Rosbridge WebSocket server started on port 60170
1496709345.518571153 INFO [/home/ccc_v1_w_dd4cc_18220/asn13354_Project_4/asn13355_Project_4/work/catkin_ws/src/robot_sim/src/robot_sim_bringup.cpp:93(main) [topics: /rosout, /joint_states] Simulated robot spinning
1496709346.474518589 WARN [/tmp/binarydeb/ros-indigo-kdl-parser-1.11.11/src/kdl_parser.cpp:196(treeFromUrdfModel) [topics: /rosout] The root link world_link has an inertia specified in the URDF, but KDL does not support a root link with an inertia.  As a workaround, you can add an extra dummy link to your URDF.
1496709348.427671940 INFO [/tmp/binarydeb/ros-indigo-interactive-marker-proxy-0.1.2/src/proxy.cpp:143(statusCb) [topics: /rosout, /control_markers/tunneled/update] (INFO) General: Receiving messages.
1496709348.427713118 INFO [/tmp/binarydeb/ros-indigo-interactive-marker-proxy-0.1.2/src/proxy.cpp:143(statusCb) [topics: /rosout, /control_markers/tunneled/update] (INFO) /cartesian_control_21762_1496709347972: Waiting for init message.
1496709348.627763387 INFO [/tmp/binarydeb/ros-indigo-interactive-marker-proxy-0.1.2/src/proxy.cpp:143(statusCb) [topics: /rosout, /control_markers/tunneled/update] (INFO) /cartesian_control_21762_1496709347972: Init message received.
1496709348.655987349 INFO [/tmp/binarydeb/ros-indigo-interactive-marker-proxy-0.1.2/src/proxy.cpp:143(statusCb) [topics: /rosout, /control_markers/tunneled/update] (INFO) /cartesian_control_21762_1496709347972: Receiving updates.
1496709348.689389775 INFO [/tmp/binarydeb/ros-indigo-interactive-marker-proxy-0.1.2/src/proxy.cpp:143(statusCb) [topics: /rosout, /control_markers/tunneled/update] (INFO) /cartesian_control_21762_1496709347972: OK
1496709357.616736888 INFO [websocket_handler.py:74(open) [topics: /rosout] Client connected.  1 clients total.
1496709357.772356986 INFO [protocol.py:367(log) [topics: /tf2_web_republisher/cancel, /tf2_web_republisher/goal, /rosout, /tf2_web_republisher/feedback] [Client 0] Subscribed to /tf2_web_republisher/feedback
1496709357.802016019 INFO [protocol.py:367(log) [topics: /tf2_web_republisher/cancel, /tf2_web_republisher/goal, /control_markers/tunneled/update, /rosout, /tf2_web_republisher/feedback] [Client 0] Subscribed to /control_markers/tunneled/update
1496709357.822773132 INFO [/tmp/binarydeb/ros-indigo-interactive-marker-proxy-0.1.2/src/proxy.cpp:89(getInit) [topics: /rosout, /control_markers/tunneled/update] Init requested.
1496709357.956149101 INFO [protocol.py:367(log) [topics: /control_markers/feedback, /tf2_web_republisher/feedback, /rosout, /control_markers/tunneled/update, /tf2_web_republisher/cancel, /tf2_web_republisher/goal] [Client 0] Subscribed to /tf2_web_republisher/feedback
1496709357.966432094 INFO [protocol.py:367(log) [topics: /control_markers/feedback, /tf2_web_republisher/feedback, /rosout, /control_markers/tunneled/update, /tf2_web_republisher/cancel, /tf2_web_republisher/goal] [Client 0] Subscribed to /tf2_web_republisher/feedback
1496709357.972233057 INFO [protocol.py:367(log) [topics: /control_markers/feedback, /tf2_web_republisher/feedback, /rosout, /control_markers/tunneled/update, /tf2_web_republisher/cancel, /tf2_web_republisher/goal] [Client 0] Subscribed to /tf2_web_republisher/feedback
1496709357.976741075 INFO [protocol.py:367(log) [topics: /control_markers/feedback, /tf2_web_republisher/feedback, /rosout, /control_markers/tunneled/update, /tf2_web_republisher/cancel, /tf2_web_republisher/goal] [Client 0] Subscribed to /tf2_web_republisher/feedback
1496709357.980951070 INFO [protocol.py:367(log) [topics: /control_markers/feedback, /tf2_web_republisher/feedback, /rosout, /control_markers/tunneled/update, /tf2_web_republisher/cancel, /tf2_web_republisher/goal] [Client 0] Subscribed to /tf2_web_republisher/feedback
1496709357.985605955 INFO [protocol.py:367(log) [topics: /control_markers/feedback, /tf2_web_republisher/feedback, /rosout, /control_markers/tunneled/update, /tf2_web_republisher/cancel, /tf2_web_republisher/goal] [Client 0] Subscribed to /tf2_web_republisher/feedback
1496709357.990067958 INFO [protocol.py:367(log) [topics: /control_markers/feedback, /tf2_web_republisher/feedback, /rosout, /control_markers/tunneled/update, /tf2_web_republisher/cancel, /tf2_web_republisher/goal] [Client 0] Subscribed to /tf2_web_republisher/feedback
1496709357.994752883 INFO [protocol.py:367(log) [topics: /control_markers/feedback, /tf2_web_republisher/feedback, /rosout, /control_markers/tunneled/update, /tf2_web_republisher/cancel, /tf2_web_republisher/goal] [Client 0] Subscribed to /tf2_web_republisher/feedback
1496709407.558808088 WARN [tcpros_base.py:351(_tcp_server_callback) [topics: /control_markers/feedback, /redundancy_command, /cartesian_command, /joint_states, /rosout, /joint_command, /control_markers/update, /control_markers/update_full] Inbound TCP/IP connection failed: connection from sender terminated before handshake header received. 0 bytes were received. Please check sender for additional details.
1496709782.076365947 WARN [tcpros_base.py:351(_tcp_server_callback) [topics: /control_markers/feedback, /redundancy_command, /cartesian_command, /joint_states, /rosout, /joint_command, /control_markers/update, /control_markers/update_full] Inbound TCP/IP connection failed: connection from sender terminated before handshake header received. 0 bytes were received. Please check sender for additional details.
