[rospy.client][INFO] 2017-06-10 01:12:28,319: init_node, name[/rosbridge_websocket], pid[32127]
[xmlrpc][INFO] 2017-06-10 01:12:28,319: XML-RPC server binding to 0.0.0.0:0
[xmlrpc][INFO] 2017-06-10 01:12:28,323: Started XML-RPC server [http://ip-172-31-19-100:51189/]
[rospy.init][INFO] 2017-06-10 01:12:28,323: ROS Slave URI: [http://ip-172-31-19-100:51189/]
[rospy.impl.masterslave][INFO] 2017-06-10 01:12:28,328: _ready: http://ip-172-31-19-100:51189/
[rospy.registration][INFO] 2017-06-10 01:12:28,336: Registering with master node http://localhost:55339
[xmlrpc][INFO] 2017-06-10 01:12:28,336: xml rpc node: starting XML-RPC server
[rospy.init][INFO] 2017-06-10 01:12:28,432: registered with master
[rospy.rosout][INFO] 2017-06-10 01:12:28,436: initializing /rosout core topic
[rospy.rosout][INFO] 2017-06-10 01:12:28,455: connected to core topic /rosout
[rospy.simtime][INFO] 2017-06-10 01:12:28,459: /use_sim_time is not set, will not subscribe to simulated time [/clock] topic
[rosout][INFO] 2017-06-10 01:12:28,497: Rosbridge WebSocket server started on port 42336
[rospy.internal][INFO] 2017-06-10 01:12:28,689: topic[/rosout] adding connection to [/rosout], count 0
[rosout][INFO] 2017-06-10 01:12:34,079: Client connected.  1 clients total.
[rosout][INFO] 2017-06-10 01:12:34,215: [Client 0] Subscribed to /tf2_web_republisher/feedback
[rosout][INFO] 2017-06-10 01:12:34,233: [Client 0] Subscribed to /visualization_marker_array
[rosout][INFO] 2017-06-10 01:12:34,247: [Client 0] Subscribed to /control_markers/tunneled/update
[rospy.internal][INFO] 2017-06-10 01:12:34,259: topic[/control_markers/tunneled/update] adding connection to [http://ip-172-31-19-100:34374/], count 0
[rospy.internal][INFO] 2017-06-10 01:12:34,261: topic[/visualization_marker_array] adding connection to [http://ip-172-31-19-100:48015/], count 0
[rospy.internal][INFO] 2017-06-10 01:12:34,262: topic[/tf2_web_republisher/feedback] adding connection to [http://ip-172-31-19-100:46346/], count 0
[rospy.internal][INFO] 2017-06-10 01:12:34,343: topic[/control_markers/feedback] adding connection to [/marker_control_32312_1497082351450], count 0
[rosout][INFO] 2017-06-10 01:12:34,375: [Client 0] Subscribed to /tf2_web_republisher/feedback
[rosout][INFO] 2017-06-10 01:12:34,380: [Client 0] Subscribed to /tf2_web_republisher/feedback
[rosout][INFO] 2017-06-10 01:12:34,391: [Client 0] Subscribed to /tf2_web_republisher/feedback
[rosout][INFO] 2017-06-10 01:12:34,395: [Client 0] Subscribed to /tf2_web_republisher/feedback
[rosout][INFO] 2017-06-10 01:12:34,400: [Client 0] Subscribed to /tf2_web_republisher/feedback
[rosout][INFO] 2017-06-10 01:12:34,404: [Client 0] Subscribed to /tf2_web_republisher/feedback
[rosout][INFO] 2017-06-10 01:12:34,408: [Client 0] Subscribed to /tf2_web_republisher/feedback
[rospy.internal][INFO] 2017-06-10 01:12:34,464: topic[/tf2_web_republisher/goal] adding connection to [/tf2_web_republisher], count 0
[rospy.internal][INFO] 2017-06-10 01:12:34,468: topic[/tf2_web_republisher/cancel] adding connection to [/tf2_web_republisher], count 0
[rospy.internal][INFO] 2017-06-10 01:13:47,486: topic impl's ref count is zero, deleting topic /tf2_web_republisher/cancel...
[rospy.internal][INFO] 2017-06-10 01:13:47,487: topic[/tf2_web_republisher/cancel] removing connection to /tf2_web_republisher
[rospy.internal][INFO] 2017-06-10 01:13:47,493: topic impl's ref count is zero, deleting topic /tf2_web_republisher/goal...
[rospy.internal][INFO] 2017-06-10 01:13:47,501: topic[/tf2_web_republisher/goal] removing connection to /tf2_web_republisher
[rospy.internal][INFO] 2017-06-10 01:13:47,509: topic impl's ref count is zero, deleting topic /control_markers/feedback...
[rospy.internal][INFO] 2017-06-10 01:13:47,512: topic[/control_markers/feedback] removing connection to /marker_control_32312_1497082351450
[rospy.internal][INFO] 2017-06-10 01:13:47,520: topic impl's ref count is zero, deleting topic /control_markers/tunneled/update...
[rospy.internal][INFO] 2017-06-10 01:13:47,524: topic[/control_markers/tunneled/update] removing connection to http://ip-172-31-19-100:34374/
[rospy.internal][INFO] 2017-06-10 01:13:47,535: topic impl's ref count is zero, deleting topic /tf2_web_republisher/feedback...
[rospy.internal][INFO] 2017-06-10 01:13:47,539: topic[/tf2_web_republisher/feedback] removing connection to http://ip-172-31-19-100:46346/
[rospy.internal][INFO] 2017-06-10 01:13:47,547: topic impl's ref count is zero, deleting topic /visualization_marker_array...
[rospy.internal][INFO] 2017-06-10 01:13:47,550: topic[/visualization_marker_array] removing connection to http://ip-172-31-19-100:48015/
[rosout][INFO] 2017-06-10 01:13:47,558: Client disconnected. 0 clients total.
