[roslaunch][INFO] 2017-06-10 01:12:29,544: Checking log directory for disk usage. This may take awhile.
Press Ctrl-C to interrupt
[roslaunch][INFO] 2017-06-10 01:12:29,598: Done checking log file disk usage. Usage is <1GB.
[roslaunch][INFO] 2017-06-10 01:12:29,598: roslaunch starting with args ['/opt/ros/indigo/bin/roslaunch', '-p', '55339', 'motion_planning', 'mp.launch']
[roslaunch][INFO] 2017-06-10 01:12:29,601: roslaunch env is {'ROS_DISTRO': 'indigo', 'ASNLIB': '/home/ccc_v1_s54106__48606/asn13529_Project_5/asn13530_Project_4/asnlib', 'LIB': '/home/ccc_v1_s54106__48606/lib', 'PKG_CONFIG_PATH': '/home/ccc_v1_w_dd4cc_18220/asn13529_Project_5/asn13530_Project_4/work/catkin_ws/devel/lib/pkgconfig:/opt/ros/indigo/lib/x86_64-linux-gnu/pkgconfig:/opt/ros/indigo/lib/pkgconfig', 'SSH_CLIENT': '172.31.7.153 57998 22', 'CPATH': '/opt/ros/indigo/include', 'LOGNAME': 'ccc_v1_w_dd4cc_18220', 'USER': 'ccc_v1_w_dd4cc_18220', 'ROS_NODE_PORT': '55339', 'HOME': '/home/ccc_v1_w_dd4cc_18220/asn13529_Project_5/asn13530_Project_4/work', 'PATH': '/opt/ros/indigo/bin:/usr/local/sbin:/usr/local/bin:/usr/sbin:/usr/bin:/sbin:/bin:/usr/games:/usr/local/games:/home/local/bin:/home/ccc_v1_s54106__48606/lib:/home/ccc_v1_s54106__48606/asn13529_Project_5/asn13530_Project_4/asnlib:/home/vlibs:.', 'CMAKE_PREFIX_PATH': '/home/ccc_v1_w_dd4cc_18220/asn13529_Project_5/asn13530_Project_4/work/catkin_ws/devel:/opt/ros/indigo', 'LD_LIBRARY_PATH': '/home/ccc_v1_w_dd4cc_18220/asn13529_Project_5/asn13530_Project_4/work/catkin_ws/devel/lib:/opt/ros/indigo/lib/x86_64-linux-gnu:/opt/ros/indigo/lib:/home/ccc_v1_s54106__48606/lib:/home/ccc_v1_s54106__48606/asn13529_Project_5/asn13530_Project_4/asnlib:/home/vlibs', 'LANG': 'en_US.UTF-8', 'TERM': 'xterm-256color', 'SHELL': '/bin/bash', 'HISTFILE': '/home/ccc_v1_w_dd4cc_18220/.bash_history', 'SHLVL': '2', 'VOC_WORKAREA': '/home/ccc_v1_w_dd4cc_18220/asn13529_Project_5/asn13530_Project_4/work', 'ROS_LOG_FILENAME': '/home/ccc_v1_w_dd4cc_18220/asn13529_Project_5/asn13530_Project_4/work/.ros/log/8969c3fe-4db4-11e7-9c6b-06f360e4abc1/roslaunch-ip-172-31-19-100-32287.log', 'PART1': '/home/ccc_v1_s54106__48606/asn13529_Project_5/asn13530_Project_4', 'ROS_ETC_DIR': '/opt/ros/indigo/etc/ros', 'XDG_RUNTIME_DIR': '/run/user/18220', 'PYTHONPATH': '/opt/ros/indigo/lib/python2.7/dist-packages:/home/vlibs/python', 'VOC_PROXY_WRAPPER_PORT': '5100', 'VOC_XFER_TOKEN': '20650157634354243542135300593ba8baf0ce44.69283641', 'ROS_ROOT': '/opt/ros/indigo/share/ros', 'OLD_HOME': '/home/ccc_v1_w_dd4cc_18220', 'VOC_PROXY_TOKEN': '12474586243542435421353001593ba8bb026140.91571909', 'ROS_PACKAGE_PATH': '/home/ccc_v1_w_dd4cc_18220/asn13529_Project_5/asn13530_Project_4/work/catkin_ws/src:/opt/ros/indigo/share:/opt/ros/indigo/stacks', 'XDG_SESSION_ID': '318797', '_': '/usr/bin/stdbuf', 'LD_PRELOAD': '/usr/lib/coreutils/libstdbuf.so', '_STDBUF_O': 'L', 'SSH_TTY': '/dev/pts/4', 'OLDPWD': '/home/ccc_v1_w_dd4cc_18220/asn13529_Project_5/asn13530_Project_4/work/catkin_ws', 'ROSLISP_PACKAGE_DIRECTORIES': '/home/ccc_v1_w_dd4cc_18220/asn13529_Project_5/asn13530_Project_4/work/catkin_ws/devel/share/common-lisp', 'VLIB': '/home/vlibs', 'PWD': '/home/ccc_v1_w_dd4cc_18220/asn13529_Project_5/asn13530_Project_4/work', 'VOC_PROXY_ID': '43542_43542_13530_0_1', 'ROS_MASTER_URI': 'http://localhost:55339', 'MAIL': '/var/mail/ccc_v1_w_dd4cc_18220', 'SSH_CONNECTION': '172.31.7.153 57998 172.31.19.100 22'}
[roslaunch][INFO] 2017-06-10 01:12:29,605: starting in server mode
[roslaunch.parent][INFO] 2017-06-10 01:12:29,608: starting roslaunch parent run
[roslaunch][INFO] 2017-06-10 01:12:29,612: loading roscore config file /opt/ros/indigo/etc/ros/roscore.xml
[roslaunch][INFO] 2017-06-10 01:12:29,748: Added core node of type [rosout/rosout] in namespace [/]
[roslaunch.config][INFO] 2017-06-10 01:12:29,749: loading config file /home/ccc_v1_w_dd4cc_18220/asn13529_Project_5/asn13530_Project_4/work/catkin_ws/src/motion_planning/launch/mp.launch
[roslaunch][INFO] 2017-06-10 01:12:30,049: Added node of type [robot_sim/robot_sim_bringup] in namespace [/]
[roslaunch][INFO] 2017-06-10 01:12:30,050: Added node of type [robot_state_publisher/robot_state_publisher] in namespace [/]
[roslaunch][INFO] 2017-06-10 01:12:30,106: Added node of type [moveit_ros_move_group/move_group] in namespace [/]
[roslaunch][INFO] 2017-06-10 01:12:30,110: ... selected machine [] for node of type [robot_sim/robot_sim_bringup]
[roslaunch][INFO] 2017-06-10 01:12:30,114: ... selected machine [] for node of type [robot_state_publisher/robot_state_publisher]
[roslaunch][INFO] 2017-06-10 01:12:30,117: ... selected machine [] for node of type [moveit_ros_move_group/move_group]
[roslaunch.pmon][INFO] 2017-06-10 01:12:30,121: start_process_monitor: creating ProcessMonitor
[roslaunch.pmon][INFO] 2017-06-10 01:12:30,124: created process monitor <ProcessMonitor(ProcessMonitor-1, initial daemon)>
[roslaunch.pmon][INFO] 2017-06-10 01:12:30,128: start_process_monitor: ProcessMonitor started
[roslaunch.parent][INFO] 2017-06-10 01:12:30,131: starting parent XML-RPC server
[roslaunch.server][INFO] 2017-06-10 01:12:30,135: starting roslaunch XML-RPC server
[xmlrpc][INFO] 2017-06-10 01:12:30,140: XML-RPC server binding to 0.0.0.0:0
[roslaunch.server][INFO] 2017-06-10 01:12:30,140: waiting for roslaunch XML-RPC server to initialize
[xmlrpc][INFO] 2017-06-10 01:12:30,144: Started XML-RPC server [http://ip-172-31-19-100:52808/]
[xmlrpc][INFO] 2017-06-10 01:12:30,151: xml rpc node: starting XML-RPC server
[roslaunch][INFO] 2017-06-10 01:12:30,156: started roslaunch server http://ip-172-31-19-100:52808/
[roslaunch.parent][INFO] 2017-06-10 01:12:30,159: ... parent XML-RPC server started
[roslaunch][INFO] 2017-06-10 01:12:30,164: master.is_running[http://ip-172-31-19-100:55339/]
[roslaunch][INFO] 2017-06-10 01:12:30,168: master.is_running[http://ip-172-31-19-100:55339/]
[roslaunch][INFO] 2017-06-10 01:12:30,174: ROS_MASTER_URI=http://ip-172-31-19-100:55339/
[roslaunch][INFO] 2017-06-10 01:12:30,180: setting /roslaunch/uris/host_ip_172_31_19_100__52808' to http://ip-172-31-19-100:52808/
[roslaunch][INFO] 2017-06-10 01:12:30,186: load_parameters starting ...
[roslaunch][INFO] 2017-06-10 01:12:30,565: ... load_parameters complete
[roslaunch][INFO] 2017-06-10 01:12:30,568: launch_nodes: launching local nodes ...
[roslaunch][INFO] 2017-06-10 01:12:30,572: ... preparing to launch node of type [robot_sim/robot_sim_bringup]
[roslaunch][INFO] 2017-06-10 01:12:30,576: create_node_process: package[robot_sim] type[robot_sim_bringup] machine[Machine(name[] env_loader[None] address[localhost] ssh_port[22] user[None] assignable[True] timeout[10.0])] master_uri[http://ip-172-31-19-100:55339/]
[roslaunch][INFO] 2017-06-10 01:12:30,580: process[robot_sim-1]: env[{'ROS_DISTRO': 'indigo', 'ASNLIB': '/home/ccc_v1_s54106__48606/asn13529_Project_5/asn13530_Project_4/asnlib', 'LIB': '/home/ccc_v1_s54106__48606/lib', 'VOC_PROXY_TOKEN': '12474586243542435421353001593ba8bb026140.91571909', 'SSH_CLIENT': '172.31.7.153 57998 22', 'CPATH': '/opt/ros/indigo/include', 'LOGNAME': 'ccc_v1_w_dd4cc_18220', 'USER': 'ccc_v1_w_dd4cc_18220', 'ROS_NODE_PORT': '55339', 'HOME': '/home/ccc_v1_w_dd4cc_18220/asn13529_Project_5/asn13530_Project_4/work', 'PATH': '/opt/ros/indigo/bin:/usr/local/sbin:/usr/local/bin:/usr/sbin:/usr/bin:/sbin:/bin:/usr/games:/usr/local/games:/home/local/bin:/home/ccc_v1_s54106__48606/lib:/home/ccc_v1_s54106__48606/asn13529_Project_5/asn13530_Project_4/asnlib:/home/vlibs:.', 'CMAKE_PREFIX_PATH': '/home/ccc_v1_w_dd4cc_18220/asn13529_Project_5/asn13530_Project_4/work/catkin_ws/devel:/opt/ros/indigo', 'ROS_LOG_FILENAME': '/home/ccc_v1_w_dd4cc_18220/asn13529_Project_5/asn13530_Project_4/work/.ros/log/8969c3fe-4db4-11e7-9c6b-06f360e4abc1/roslaunch-ip-172-31-19-100-32287.log', 'LANG': 'en_US.UTF-8', 'TERM': 'xterm-256color', 'SHELL': '/bin/bash', 'HISTFILE': '/home/ccc_v1_w_dd4cc_18220/.bash_history', 'SHLVL': '2', 'VOC_WORKAREA': '/home/ccc_v1_w_dd4cc_18220/asn13529_Project_5/asn13530_Project_4/work', 'LD_LIBRARY_PATH': '/home/ccc_v1_w_dd4cc_18220/asn13529_Project_5/asn13530_Project_4/work/catkin_ws/devel/lib:/opt/ros/indigo/lib/x86_64-linux-gnu:/opt/ros/indigo/lib:/home/ccc_v1_s54106__48606/lib:/home/ccc_v1_s54106__48606/asn13529_Project_5/asn13530_Project_4/asnlib:/home/vlibs', 'PART1': '/home/ccc_v1_s54106__48606/asn13529_Project_5/asn13530_Project_4', 'ROS_MASTER_URI': 'http://ip-172-31-19-100:55339/', 'XDG_RUNTIME_DIR': '/run/user/18220', 'PYTHONPATH': '/opt/ros/indigo/lib/python2.7/dist-packages:/home/vlibs/python', 'VOC_PROXY_WRAPPER_PORT': '5100', 'VOC_XFER_TOKEN': '20650157634354243542135300593ba8baf0ce44.69283641', 'ROS_ROOT': '/opt/ros/indigo/share/ros', 'OLD_HOME': '/home/ccc_v1_w_dd4cc_18220', 'PKG_CONFIG_PATH': '/home/ccc_v1_w_dd4cc_18220/asn13529_Project_5/asn13530_Project_4/work/catkin_ws/devel/lib/pkgconfig:/opt/ros/indigo/lib/x86_64-linux-gnu/pkgconfig:/opt/ros/indigo/lib/pkgconfig', 'ROS_PACKAGE_PATH': '/home/ccc_v1_w_dd4cc_18220/asn13529_Project_5/asn13530_Project_4/work/catkin_ws/src:/opt/ros/indigo/share:/opt/ros/indigo/stacks', 'XDG_SESSION_ID': '318797', '_': '/usr/bin/stdbuf', 'LD_PRELOAD': '/usr/lib/coreutils/libstdbuf.so', '_STDBUF_O': 'L', 'SSH_TTY': '/dev/pts/4', 'OLDPWD': '/home/ccc_v1_w_dd4cc_18220/asn13529_Project_5/asn13530_Project_4/work/catkin_ws', 'ROSLISP_PACKAGE_DIRECTORIES': '/home/ccc_v1_w_dd4cc_18220/asn13529_Project_5/asn13530_Project_4/work/catkin_ws/devel/share/common-lisp', 'VLIB': '/home/vlibs', 'PWD': '/home/ccc_v1_w_dd4cc_18220/asn13529_Project_5/asn13530_Project_4/work', 'VOC_PROXY_ID': '43542_43542_13530_0_1', 'ROS_ETC_DIR': '/opt/ros/indigo/etc/ros', 'MAIL': '/var/mail/ccc_v1_w_dd4cc_18220', 'SSH_CONNECTION': '172.31.7.153 57998 172.31.19.100 22'}]
[roslaunch][INFO] 2017-06-10 01:12:30,644: process[robot_sim-1]: args[[u'/home/ccc_v1_w_dd4cc_18220/asn13529_Project_5/asn13530_Project_4/work/catkin_ws/devel/lib/robot_sim/robot_sim_bringup', u'__name:=robot_sim']]
[roslaunch][INFO] 2017-06-10 01:12:30,652: ... created process [robot_sim-1]
[roslaunch.pmon][INFO] 2017-06-10 01:12:30,655: ProcessMonitor.register[robot_sim-1]
[roslaunch.pmon][INFO] 2017-06-10 01:12:30,660: ProcessMonitor.register[robot_sim-1] complete
[roslaunch][INFO] 2017-06-10 01:12:30,664: ... registered process [robot_sim-1]
[roslaunch][INFO] 2017-06-10 01:12:30,667: process[robot_sim-1]: starting os process
[roslaunch][INFO] 2017-06-10 01:12:30,671: process[robot_sim-1]: start w/ args [[u'/home/ccc_v1_w_dd4cc_18220/asn13529_Project_5/asn13530_Project_4/work/catkin_ws/devel/lib/robot_sim/robot_sim_bringup', u'__name:=robot_sim', u'__log:=/home/ccc_v1_w_dd4cc_18220/asn13529_Project_5/asn13530_Project_4/work/.ros/log/8969c3fe-4db4-11e7-9c6b-06f360e4abc1/robot_sim-1.log']]
[roslaunch][INFO] 2017-06-10 01:12:30,675: process[robot_sim-1]: cwd will be [/home/ccc_v1_w_dd4cc_18220/asn13529_Project_5/asn13530_Project_4/work/.ros]
[roslaunch][INFO] 2017-06-10 01:12:30,685: process[robot_sim-1]: started with pid [32320]
[roslaunch][INFO] 2017-06-10 01:12:30,686: ... successfully launched [robot_sim-1]
[roslaunch][INFO] 2017-06-10 01:12:30,689: ... preparing to launch node of type [robot_state_publisher/robot_state_publisher]
[roslaunch][INFO] 2017-06-10 01:12:30,693: create_node_process: package[robot_state_publisher] type[robot_state_publisher] machine[Machine(name[] env_loader[None] address[localhost] ssh_port[22] user[None] assignable[True] timeout[10.0])] master_uri[http://ip-172-31-19-100:55339/]
[roslaunch][INFO] 2017-06-10 01:12:30,696: process[robot_state_publisher-2]: env[{'ROS_DISTRO': 'indigo', 'ASNLIB': '/home/ccc_v1_s54106__48606/asn13529_Project_5/asn13530_Project_4/asnlib', 'LIB': '/home/ccc_v1_s54106__48606/lib', 'VOC_PROXY_TOKEN': '12474586243542435421353001593ba8bb026140.91571909', 'SSH_CLIENT': '172.31.7.153 57998 22', 'CPATH': '/opt/ros/indigo/include', 'LOGNAME': 'ccc_v1_w_dd4cc_18220', 'USER': 'ccc_v1_w_dd4cc_18220', 'ROS_NODE_PORT': '55339', 'HOME': '/home/ccc_v1_w_dd4cc_18220/asn13529_Project_5/asn13530_Project_4/work', 'PATH': '/opt/ros/indigo/bin:/usr/local/sbin:/usr/local/bin:/usr/sbin:/usr/bin:/sbin:/bin:/usr/games:/usr/local/games:/home/local/bin:/home/ccc_v1_s54106__48606/lib:/home/ccc_v1_s54106__48606/asn13529_Project_5/asn13530_Project_4/asnlib:/home/vlibs:.', 'CMAKE_PREFIX_PATH': '/home/ccc_v1_w_dd4cc_18220/asn13529_Project_5/asn13530_Project_4/work/catkin_ws/devel:/opt/ros/indigo', 'ROS_LOG_FILENAME': '/home/ccc_v1_w_dd4cc_18220/asn13529_Project_5/asn13530_Project_4/work/.ros/log/8969c3fe-4db4-11e7-9c6b-06f360e4abc1/roslaunch-ip-172-31-19-100-32287.log', 'LANG': 'en_US.UTF-8', 'TERM': 'xterm-256color', 'SHELL': '/bin/bash', 'HISTFILE': '/home/ccc_v1_w_dd4cc_18220/.bash_history', 'SHLVL': '2', 'VOC_WORKAREA': '/home/ccc_v1_w_dd4cc_18220/asn13529_Project_5/asn13530_Project_4/work', 'LD_LIBRARY_PATH': '/home/ccc_v1_w_dd4cc_18220/asn13529_Project_5/asn13530_Project_4/work/catkin_ws/devel/lib:/opt/ros/indigo/lib/x86_64-linux-gnu:/opt/ros/indigo/lib:/home/ccc_v1_s54106__48606/lib:/home/ccc_v1_s54106__48606/asn13529_Project_5/asn13530_Project_4/asnlib:/home/vlibs', 'PART1': '/home/ccc_v1_s54106__48606/asn13529_Project_5/asn13530_Project_4', 'ROS_MASTER_URI': 'http://ip-172-31-19-100:55339/', 'XDG_RUNTIME_DIR': '/run/user/18220', 'PYTHONPATH': '/opt/ros/indigo/lib/python2.7/dist-packages:/home/vlibs/python', 'VOC_PROXY_WRAPPER_PORT': '5100', 'VOC_XFER_TOKEN': '20650157634354243542135300593ba8baf0ce44.69283641', 'ROS_ROOT': '/opt/ros/indigo/share/ros', 'OLD_HOME': '/home/ccc_v1_w_dd4cc_18220', 'PKG_CONFIG_PATH': '/home/ccc_v1_w_dd4cc_18220/asn13529_Project_5/asn13530_Project_4/work/catkin_ws/devel/lib/pkgconfig:/opt/ros/indigo/lib/x86_64-linux-gnu/pkgconfig:/opt/ros/indigo/lib/pkgconfig', 'ROS_PACKAGE_PATH': '/home/ccc_v1_w_dd4cc_18220/asn13529_Project_5/asn13530_Project_4/work/catkin_ws/src:/opt/ros/indigo/share:/opt/ros/indigo/stacks', 'XDG_SESSION_ID': '318797', '_': '/usr/bin/stdbuf', 'LD_PRELOAD': '/usr/lib/coreutils/libstdbuf.so', '_STDBUF_O': 'L', 'SSH_TTY': '/dev/pts/4', 'OLDPWD': '/home/ccc_v1_w_dd4cc_18220/asn13529_Project_5/asn13530_Project_4/work/catkin_ws', 'ROSLISP_PACKAGE_DIRECTORIES': '/home/ccc_v1_w_dd4cc_18220/asn13529_Project_5/asn13530_Project_4/work/catkin_ws/devel/share/common-lisp', 'VLIB': '/home/vlibs', 'PWD': '/home/ccc_v1_w_dd4cc_18220/asn13529_Project_5/asn13530_Project_4/work', 'VOC_PROXY_ID': '43542_43542_13530_0_1', 'ROS_ETC_DIR': '/opt/ros/indigo/etc/ros', 'MAIL': '/var/mail/ccc_v1_w_dd4cc_18220', 'SSH_CONNECTION': '172.31.7.153 57998 172.31.19.100 22'}]
[roslaunch][INFO] 2017-06-10 01:12:30,702: process[robot_state_publisher-2]: args[[u'/opt/ros/indigo/lib/robot_state_publisher/robot_state_publisher', u'__name:=robot_state_publisher']]
[roslaunch][INFO] 2017-06-10 01:12:30,705: ... created process [robot_state_publisher-2]
[roslaunch.pmon][INFO] 2017-06-10 01:12:30,708: ProcessMonitor.register[robot_state_publisher-2]
[roslaunch.pmon][INFO] 2017-06-10 01:12:30,712: ProcessMonitor.register[robot_state_publisher-2] complete
[roslaunch][INFO] 2017-06-10 01:12:30,716: ... registered process [robot_state_publisher-2]
[roslaunch][INFO] 2017-06-10 01:12:30,719: process[robot_state_publisher-2]: starting os process
[roslaunch][INFO] 2017-06-10 01:12:30,723: process[robot_state_publisher-2]: start w/ args [[u'/opt/ros/indigo/lib/robot_state_publisher/robot_state_publisher', u'__name:=robot_state_publisher', u'__log:=/home/ccc_v1_w_dd4cc_18220/asn13529_Project_5/asn13530_Project_4/work/.ros/log/8969c3fe-4db4-11e7-9c6b-06f360e4abc1/robot_state_publisher-2.log']]
[roslaunch][INFO] 2017-06-10 01:12:30,727: process[robot_state_publisher-2]: cwd will be [/home/ccc_v1_w_dd4cc_18220/asn13529_Project_5/asn13530_Project_4/work/.ros]
[roslaunch][INFO] 2017-06-10 01:12:30,735: process[robot_state_publisher-2]: started with pid [32321]
[roslaunch][INFO] 2017-06-10 01:12:30,736: ... successfully launched [robot_state_publisher-2]
[roslaunch][INFO] 2017-06-10 01:12:30,746: ... preparing to launch node of type [moveit_ros_move_group/move_group]
[roslaunch][INFO] 2017-06-10 01:12:30,751: create_node_process: package[moveit_ros_move_group] type[move_group] machine[Machine(name[] env_loader[None] address[localhost] ssh_port[22] user[None] assignable[True] timeout[10.0])] master_uri[http://ip-172-31-19-100:55339/]
[roslaunch][INFO] 2017-06-10 01:12:30,755: process[move_group-3]: env[{'ROS_DISTRO': 'indigo', 'ASNLIB': '/home/ccc_v1_s54106__48606/asn13529_Project_5/asn13530_Project_4/asnlib', 'LIB': '/home/ccc_v1_s54106__48606/lib', 'VOC_PROXY_TOKEN': '12474586243542435421353001593ba8bb026140.91571909', 'SSH_CLIENT': '172.31.7.153 57998 22', 'CPATH': '/opt/ros/indigo/include', 'LOGNAME': 'ccc_v1_w_dd4cc_18220', 'USER': 'ccc_v1_w_dd4cc_18220', 'ROS_NODE_PORT': '55339', 'HOME': '/home/ccc_v1_w_dd4cc_18220/asn13529_Project_5/asn13530_Project_4/work', 'PATH': '/opt/ros/indigo/bin:/usr/local/sbin:/usr/local/bin:/usr/sbin:/usr/bin:/sbin:/bin:/usr/games:/usr/local/games:/home/local/bin:/home/ccc_v1_s54106__48606/lib:/home/ccc_v1_s54106__48606/asn13529_Project_5/asn13530_Project_4/asnlib:/home/vlibs:.', 'CMAKE_PREFIX_PATH': '/home/ccc_v1_w_dd4cc_18220/asn13529_Project_5/asn13530_Project_4/work/catkin_ws/devel:/opt/ros/indigo', 'ROS_LOG_FILENAME': '/home/ccc_v1_w_dd4cc_18220/asn13529_Project_5/asn13530_Project_4/work/.ros/log/8969c3fe-4db4-11e7-9c6b-06f360e4abc1/roslaunch-ip-172-31-19-100-32287.log', 'LANG': 'en_US.UTF-8', 'TERM': 'xterm-256color', 'SHELL': '/bin/bash', 'HISTFILE': '/home/ccc_v1_w_dd4cc_18220/.bash_history', 'SHLVL': '2', 'VOC_WORKAREA': '/home/ccc_v1_w_dd4cc_18220/asn13529_Project_5/asn13530_Project_4/work', 'LD_LIBRARY_PATH': '/home/ccc_v1_w_dd4cc_18220/asn13529_Project_5/asn13530_Project_4/work/catkin_ws/devel/lib:/opt/ros/indigo/lib/x86_64-linux-gnu:/opt/ros/indigo/lib:/home/ccc_v1_s54106__48606/lib:/home/ccc_v1_s54106__48606/asn13529_Project_5/asn13530_Project_4/asnlib:/home/vlibs', 'PART1': '/home/ccc_v1_s54106__48606/asn13529_Project_5/asn13530_Project_4', 'ROS_MASTER_URI': 'http://ip-172-31-19-100:55339/', 'XDG_RUNTIME_DIR': '/run/user/18220', 'PYTHONPATH': '/opt/ros/indigo/lib/python2.7/dist-packages:/home/vlibs/python', 'VOC_PROXY_WRAPPER_PORT': '5100', 'VOC_XFER_TOKEN': '20650157634354243542135300593ba8baf0ce44.69283641', 'ROS_ROOT': '/opt/ros/indigo/share/ros', 'OLD_HOME': '/home/ccc_v1_w_dd4cc_18220', 'PKG_CONFIG_PATH': '/home/ccc_v1_w_dd4cc_18220/asn13529_Project_5/asn13530_Project_4/work/catkin_ws/devel/lib/pkgconfig:/opt/ros/indigo/lib/x86_64-linux-gnu/pkgconfig:/opt/ros/indigo/lib/pkgconfig', 'ROS_PACKAGE_PATH': '/home/ccc_v1_w_dd4cc_18220/asn13529_Project_5/asn13530_Project_4/work/catkin_ws/src:/opt/ros/indigo/share:/opt/ros/indigo/stacks', 'XDG_SESSION_ID': '318797', '_': '/usr/bin/stdbuf', 'LD_PRELOAD': '/usr/lib/coreutils/libstdbuf.so', '_STDBUF_O': 'L', u'DISPLAY': u':0', 'SSH_TTY': '/dev/pts/4', 'OLDPWD': '/home/ccc_v1_w_dd4cc_18220/asn13529_Project_5/asn13530_Project_4/work/catkin_ws', 'ROSLISP_PACKAGE_DIRECTORIES': '/home/ccc_v1_w_dd4cc_18220/asn13529_Project_5/asn13530_Project_4/work/catkin_ws/devel/share/common-lisp', 'VLIB': '/home/vlibs', 'PWD': '/home/ccc_v1_w_dd4cc_18220/asn13529_Project_5/asn13530_Project_4/work', 'VOC_PROXY_ID': '43542_43542_13530_0_1', 'ROS_ETC_DIR': '/opt/ros/indigo/etc/ros', 'MAIL': '/var/mail/ccc_v1_w_dd4cc_18220', 'SSH_CONNECTION': '172.31.7.153 57998 172.31.19.100 22'}]
[roslaunch][INFO] 2017-06-10 01:12:30,760: process[move_group-3]: args[[u'/opt/ros/indigo/lib/moveit_ros_move_group/move_group', u'__name:=move_group']]
[roslaunch][INFO] 2017-06-10 01:12:30,764: ... created process [move_group-3]
[roslaunch.pmon][INFO] 2017-06-10 01:12:30,768: ProcessMonitor.register[move_group-3]
[roslaunch.pmon][INFO] 2017-06-10 01:12:30,771: ProcessMonitor.register[move_group-3] complete
[roslaunch][INFO] 2017-06-10 01:12:30,774: ... registered process [move_group-3]
[roslaunch][INFO] 2017-06-10 01:12:30,778: process[move_group-3]: starting os process
[roslaunch][INFO] 2017-06-10 01:12:30,782: process[move_group-3]: start w/ args [[u'/opt/ros/indigo/lib/moveit_ros_move_group/move_group', u'__name:=move_group', u'__log:=/home/ccc_v1_w_dd4cc_18220/asn13529_Project_5/asn13530_Project_4/work/.ros/log/8969c3fe-4db4-11e7-9c6b-06f360e4abc1/move_group-3.log']]
[roslaunch][INFO] 2017-06-10 01:12:30,785: process[move_group-3]: cwd will be [/home/ccc_v1_w_dd4cc_18220/asn13529_Project_5/asn13530_Project_4/work/.ros]
[roslaunch][INFO] 2017-06-10 01:12:30,798: process[move_group-3]: started with pid [32323]
[roslaunch][INFO] 2017-06-10 01:12:30,799: ... successfully launched [move_group-3]
[roslaunch][INFO] 2017-06-10 01:12:30,803: ... launch_nodes complete
[roslaunch.pmon][INFO] 2017-06-10 01:12:30,806: registrations completed <ProcessMonitor(ProcessMonitor-1, started daemon 140643881322240)>
[roslaunch.parent][INFO] 2017-06-10 01:12:30,810: ... roslaunch parent running, waiting for process exit
[roslaunch][INFO] 2017-06-10 01:12:30,814: spin
