[rosmaster.main][INFO] 2017-06-10 20:13:44,273: initialization complete, waiting for shutdown
[rosmaster.main][INFO] 2017-06-10 20:13:44,273: Starting ROS Master Node
[xmlrpc][INFO] 2017-06-10 20:13:44,277: XML-RPC server binding to 0.0.0.0:58272
[xmlrpc][INFO] 2017-06-10 20:13:44,281: Started XML-RPC server [http://ip-172-31-19-100:58272/]
[rosmaster.master][INFO] 2017-06-10 20:13:44,282: Master initialized: port[58272], uri[http://ip-172-31-19-100:58272/]
[xmlrpc][INFO] 2017-06-10 20:13:44,285: xml rpc node: starting XML-RPC server
[rosmaster.master][INFO] 2017-06-10 20:13:44,341: +PARAM [/run_id] by /roslaunch
[rosmaster.master][INFO] 2017-06-10 20:13:44,350: +PARAM [/roslaunch/uris/host_ip_172_31_19_100__57403] by /roslaunch
[rosmaster.master][INFO] 2017-06-10 20:13:44,462: +PARAM [/rosversion] by /roslaunch
[rosmaster.master][INFO] 2017-06-10 20:13:44,465: +PARAM [/rosdistro] by /roslaunch
[rosmaster.master][INFO] 2017-06-10 20:13:44,485: +SERVICE [/rosout/get_loggers] /rosout http://ip-172-31-19-100:36213/
[rosmaster.master][INFO] 2017-06-10 20:13:44,491: +SERVICE [/rosout/set_logger_level] /rosout http://ip-172-31-19-100:36213/
[rosmaster.master][INFO] 2017-06-10 20:13:44,499: +PUB [/rosout_agg] /rosout http://ip-172-31-19-100:36213/
[rosmaster.master][INFO] 2017-06-10 20:13:44,508: +SUB [/rosout] /rosout http://ip-172-31-19-100:36213/
[rosmaster.master][INFO] 2017-06-10 20:13:44,701: +PUB [/rosout] /tf2_web_republisher http://ip-172-31-19-100:37087/
[rosmaster.master][INFO] 2017-06-10 20:13:44,706: +SERVICE [/tf2_web_republisher/get_loggers] /tf2_web_republisher http://ip-172-31-19-100:37087/
[rosmaster.master][INFO] 2017-06-10 20:13:44,712: +SERVICE [/tf2_web_republisher/set_logger_level] /tf2_web_republisher http://ip-172-31-19-100:37087/
[rosmaster.master][INFO] 2017-06-10 20:13:44,720: +SUB [/tf] /tf2_web_republisher http://ip-172-31-19-100:37087/
[rosmaster.master][INFO] 2017-06-10 20:13:44,728: +SUB [/tf_static] /tf2_web_republisher http://ip-172-31-19-100:37087/
[rosmaster.master][INFO] 2017-06-10 20:13:44,733: +SERVICE [/republish_tfs] /tf2_web_republisher http://ip-172-31-19-100:37087/
[rosmaster.master][INFO] 2017-06-10 20:13:44,738: +PUB [/tf2_web_republisher/result] /tf2_web_republisher http://ip-172-31-19-100:37087/
[rosmaster.master][INFO] 2017-06-10 20:13:44,743: +PUB [/tf2_web_republisher/feedback] /tf2_web_republisher http://ip-172-31-19-100:37087/
[rosmaster.master][INFO] 2017-06-10 20:13:44,756: +PUB [/tf2_web_republisher/status] /tf2_web_republisher http://ip-172-31-19-100:37087/
[rosmaster.master][INFO] 2017-06-10 20:13:44,767: +SUB [/tf2_web_republisher/goal] /tf2_web_republisher http://ip-172-31-19-100:37087/
[rosmaster.master][INFO] 2017-06-10 20:13:44,775: +SUB [/tf2_web_republisher/cancel] /tf2_web_republisher http://ip-172-31-19-100:37087/
[rosmaster.master][INFO] 2017-06-10 20:13:44,778: publisherUpdate[/rosout] -> http://ip-172-31-19-100:36213/
[rosmaster.master][INFO] 2017-06-10 20:13:46,247: +PARAM [/roslaunch/uris/host_ip_172_31_19_100__60872] by /roslaunch
[rosmaster.master][INFO] 2017-06-10 20:13:46,261: +PARAM [/rosbridge_websocket/port] by /roslaunch
[rosmaster.master][INFO] 2017-06-10 20:13:46,265: +PARAM [/rosdistro] by /roslaunch
[rosmaster.master][INFO] 2017-06-10 20:13:46,268: +PARAM [/rosbridge_websocket/fragment_timeout] by /roslaunch
[rosmaster.master][INFO] 2017-06-10 20:13:46,272: +PARAM [/rosbridge_websocket/delay_between_messages] by /roslaunch
[rosmaster.master][INFO] 2017-06-10 20:13:46,275: +PARAM [/rosversion] by /roslaunch
[rosmaster.master][INFO] 2017-06-10 20:13:46,280: +PARAM [/rosbridge_websocket/authenticate] by /roslaunch
[rosmaster.master][INFO] 2017-06-10 20:13:46,284: +PARAM [/rosbridge_websocket/retry_startup_delay] by /roslaunch
[rosmaster.master][INFO] 2017-06-10 20:13:46,287: +PARAM [/rosbridge_websocket/address] by /roslaunch
[rosmaster.master][INFO] 2017-06-10 20:13:46,291: +PARAM [/rosbridge_websocket/max_message_size] by /roslaunch
[rosmaster.master][INFO] 2017-06-10 20:13:46,859: +PUB [/rosout] /interactive_marker_proxy http://ip-172-31-19-100:58835/
[rosmaster.master][INFO] 2017-06-10 20:13:46,864: +SERVICE [/interactive_marker_proxy/get_loggers] /interactive_marker_proxy http://ip-172-31-19-100:58835/
[rosmaster.master][INFO] 2017-06-10 20:13:46,868: +SERVICE [/interactive_marker_proxy/set_logger_level] /interactive_marker_proxy http://ip-172-31-19-100:58835/
[rosmaster.master][INFO] 2017-06-10 20:13:46,883: publisherUpdate[/rosout] -> http://ip-172-31-19-100:36213/
[rosmaster.master][INFO] 2017-06-10 20:13:46,883: +SUB [/tf] /interactive_marker_proxy http://ip-172-31-19-100:58835/
[rosmaster.master][INFO] 2017-06-10 20:13:46,900: +SUB [/tf_static] /interactive_marker_proxy http://ip-172-31-19-100:58835/
[rosmaster.master][INFO] 2017-06-10 20:13:46,913: +SUB [/control_markers/update] /interactive_marker_proxy http://ip-172-31-19-100:58835/
[rosmaster.master][INFO] 2017-06-10 20:13:46,924: +SUB [/control_markers/update_full] /interactive_marker_proxy http://ip-172-31-19-100:58835/
[rosmaster.master][INFO] 2017-06-10 20:13:46,934: +PUB [/control_markers/tunneled/update] /interactive_marker_proxy http://ip-172-31-19-100:58835/
[rosmaster.master][INFO] 2017-06-10 20:13:46,938: +SERVICE [/control_markers/tunneled/get_init] /interactive_marker_proxy http://ip-172-31-19-100:58835/
[rosmaster.master][INFO] 2017-06-10 20:13:46,979: -SUB [/control_markers/update_full] /interactive_marker_proxy http://ip-172-31-19-100:58835/
[rosmaster.master][INFO] 2017-06-10 20:13:47,105: +PUB [/rosout] /rosapi http://ip-172-31-19-100:36997/
[rosmaster.master][INFO] 2017-06-10 20:13:47,123: +SERVICE [/rosapi/get_loggers] /rosapi http://ip-172-31-19-100:36997/
[rosmaster.master][INFO] 2017-06-10 20:13:47,128: +SERVICE [/rosapi/set_logger_level] /rosapi http://ip-172-31-19-100:36997/
[rosmaster.master][INFO] 2017-06-10 20:13:47,133: +SERVICE [/rosapi/topics] /rosapi http://ip-172-31-19-100:36997/
[rosmaster.master][INFO] 2017-06-10 20:13:47,137: +SERVICE [/rosapi/topics_for_type] /rosapi http://ip-172-31-19-100:36997/
[rosmaster.master][INFO] 2017-06-10 20:13:47,142: +SERVICE [/rosapi/services] /rosapi http://ip-172-31-19-100:36997/
[rosmaster.master][INFO] 2017-06-10 20:13:47,147: +SERVICE [/rosapi/services_for_type] /rosapi http://ip-172-31-19-100:36997/
[rosmaster.master][INFO] 2017-06-10 20:13:47,152: +SERVICE [/rosapi/nodes] /rosapi http://ip-172-31-19-100:36997/
[rosmaster.master][INFO] 2017-06-10 20:13:47,157: +SERVICE [/rosapi/node_details] /rosapi http://ip-172-31-19-100:36997/
[rosmaster.master][INFO] 2017-06-10 20:13:47,162: +SERVICE [/rosapi/topic_type] /rosapi http://ip-172-31-19-100:36997/
[rosmaster.master][INFO] 2017-06-10 20:13:47,167: +SERVICE [/rosapi/service_type] /rosapi http://ip-172-31-19-100:36997/
[rosmaster.master][INFO] 2017-06-10 20:13:47,172: +SERVICE [/rosapi/publishers] /rosapi http://ip-172-31-19-100:36997/
[rosmaster.master][INFO] 2017-06-10 20:13:47,177: +SERVICE [/rosapi/subscribers] /rosapi http://ip-172-31-19-100:36997/
[rosmaster.master][INFO] 2017-06-10 20:13:47,181: +PUB [/rosout] /rosbridge_websocket http://ip-172-31-19-100:59167/
[rosmaster.master][INFO] 2017-06-10 20:13:47,185: publisherUpdate[/rosout] -> http://ip-172-31-19-100:36213/
[rosmaster.master][INFO] 2017-06-10 20:13:47,186: +SERVICE [/rosapi/service_providers] /rosapi http://ip-172-31-19-100:36997/
[rosmaster.master][INFO] 2017-06-10 20:13:47,191: publisherUpdate[/rosout] -> http://ip-172-31-19-100:36213/
[rosmaster.master][INFO] 2017-06-10 20:13:47,195: +SERVICE [/rosapi/service_node] /rosapi http://ip-172-31-19-100:36997/
[rosmaster.master][INFO] 2017-06-10 20:13:47,202: +SERVICE [/rosbridge_websocket/get_loggers] /rosbridge_websocket http://ip-172-31-19-100:59167/
[rosmaster.master][INFO] 2017-06-10 20:13:47,205: +SERVICE [/rosapi/service_host] /rosapi http://ip-172-31-19-100:36997/
[rosmaster.master][INFO] 2017-06-10 20:13:47,211: +SERVICE [/rosbridge_websocket/set_logger_level] /rosbridge_websocket http://ip-172-31-19-100:59167/
[rosmaster.master][INFO] 2017-06-10 20:13:47,217: +SERVICE [/rosapi/message_details] /rosapi http://ip-172-31-19-100:36997/
[rosmaster.master][INFO] 2017-06-10 20:13:47,227: +SERVICE [/rosapi/service_request_details] /rosapi http://ip-172-31-19-100:36997/
[rosmaster.master][INFO] 2017-06-10 20:13:47,235: +SERVICE [/rosapi/service_response_details] /rosapi http://ip-172-31-19-100:36997/
[rosmaster.master][INFO] 2017-06-10 20:13:47,242: +SERVICE [/rosapi/set_param] /rosapi http://ip-172-31-19-100:36997/
[rosmaster.master][INFO] 2017-06-10 20:13:47,247: +SERVICE [/rosapi/get_param] /rosapi http://ip-172-31-19-100:36997/
[rosmaster.master][INFO] 2017-06-10 20:13:47,252: +SERVICE [/rosapi/has_param] /rosapi http://ip-172-31-19-100:36997/
[rosmaster.master][INFO] 2017-06-10 20:13:47,257: +SERVICE [/rosapi/search_param] /rosapi http://ip-172-31-19-100:36997/
[rosmaster.master][INFO] 2017-06-10 20:13:47,262: +SERVICE [/rosapi/delete_param] /rosapi http://ip-172-31-19-100:36997/
[rosmaster.master][INFO] 2017-06-10 20:13:47,266: +SERVICE [/rosapi/get_param_names] /rosapi http://ip-172-31-19-100:36997/
[rosmaster.master][INFO] 2017-06-10 20:13:47,271: +SERVICE [/rosapi/get_time] /rosapi http://ip-172-31-19-100:36997/
[rosmaster.master][INFO] 2017-06-10 20:13:49,025: +PARAM [/roslaunch/uris/host_ip_172_31_19_100__49375] by /roslaunch
[rosmaster.master][INFO] 2017-06-10 20:13:49,047: +PARAM [/robot_description_kinematics/lwr_arm/kinematics_solver] by /roslaunch
[rosmaster.master][INFO] 2017-06-10 20:13:49,051: +PARAM [/move_group/planner_configs/RRTkConfigDefault/goal_bias] by /roslaunch
[rosmaster.master][INFO] 2017-06-10 20:13:49,055: +PARAM [/robot_description_semantic] by /roslaunch
[rosmaster.master][INFO] 2017-06-10 20:13:49,058: +PARAM [/robot_description_kinematics/lwr_arm/kinematics_solver_attempts] by /roslaunch
[rosmaster.master][INFO] 2017-06-10 20:13:49,062: +PARAM [/robot_description_planning/joint_limits/lwr_arm_6_joint/max_acceleration] by /roslaunch
[rosmaster.master][INFO] 2017-06-10 20:13:49,066: +PARAM [/robot_description_planning/joint_limits/lwr_arm_5_joint/has_acceleration_limits] by /roslaunch
[rosmaster.master][INFO] 2017-06-10 20:13:49,070: +PARAM [/move_group/planner_configs/RRTstarkConfigDefault/range] by /roslaunch
[rosmaster.master][INFO] 2017-06-10 20:13:49,074: +PARAM [/robot_description_planning/joint_limits/lwr_arm_0_joint/max_acceleration] by /roslaunch
[rosmaster.master][INFO] 2017-06-10 20:13:49,078: +PARAM [/robot_description_planning/joint_limits/lwr_arm_0_joint/has_velocity_limits] by /roslaunch
[rosmaster.master][INFO] 2017-06-10 20:13:49,082: +PARAM [/move_group/max_safe_path_cost] by /roslaunch
[rosmaster.master][INFO] 2017-06-10 20:13:49,086: +PARAM [/move_group/planner_configs/RRTstarkConfigDefault/goal_bias] by /roslaunch
[rosmaster.master][INFO] 2017-06-10 20:13:49,089: +PARAM [/move_group/planning_scene_monitor/publish_planning_scene] by /roslaunch
[rosmaster.master][INFO] 2017-06-10 20:13:49,092: +PARAM [/move_group/planner_configs/PRMkConfigDefault/type] by /roslaunch
[rosmaster.master][INFO] 2017-06-10 20:13:49,097: +PARAM [/move_group/planner_configs/ESTkConfigDefault/range] by /roslaunch
[rosmaster.master][INFO] 2017-06-10 20:13:49,100: +PARAM [/robot_description_planning/joint_limits/lwr_arm_2_joint/max_acceleration] by /roslaunch
[rosmaster.master][INFO] 2017-06-10 20:13:49,104: +PARAM [/move_group/planner_configs/KPIECEkConfigDefault/min_valid_path_fraction] by /roslaunch
[rosmaster.master][INFO] 2017-06-10 20:13:49,107: +PARAM [/move_group/planner_configs/BKPIECEkConfigDefault/border_fraction] by /roslaunch
[rosmaster.master][INFO] 2017-06-10 20:13:49,111: +PARAM [/move_group/planner_configs/PRMkConfigDefault/max_nearest_neighbors] by /roslaunch
[rosmaster.master][INFO] 2017-06-10 20:13:49,115: +PARAM [/move_group/planner_configs/TRRTkConfigDefault/goal_bias] by /roslaunch
[rosmaster.master][INFO] 2017-06-10 20:13:49,119: +PARAM [/move_group/planner_configs/BKPIECEkConfigDefault/min_valid_path_fraction] by /roslaunch
[rosmaster.master][INFO] 2017-06-10 20:13:49,122: +PARAM [/robot_description_planning/joint_limits/lwr_arm_2_joint/has_velocity_limits] by /roslaunch
[rosmaster.master][INFO] 2017-06-10 20:13:49,126: +PARAM [/robot_description_planning/joint_limits/lwr_arm_3_joint/max_velocity] by /roslaunch
[rosmaster.master][INFO] 2017-06-10 20:13:49,130: +PARAM [/robot_description_planning/joint_limits/lwr_arm_4_joint/max_acceleration] by /roslaunch
[rosmaster.master][INFO] 2017-06-10 20:13:49,136: +PARAM [/robot_description_planning/joint_limits/lwr_arm_0_joint/max_velocity] by /roslaunch
[rosmaster.master][INFO] 2017-06-10 20:13:49,140: +PARAM [/move_group/planner_configs/SBLkConfigDefault/range] by /roslaunch
[rosmaster.master][INFO] 2017-06-10 20:13:49,145: +PARAM [/move_group/planner_configs/TRRTkConfigDefault/frountierNodeRatio] by /roslaunch
[rosmaster.master][INFO] 2017-06-10 20:13:49,156: +PARAM [/robot_description_planning/joint_limits/lwr_arm_6_joint/has_acceleration_limits] by /roslaunch
[rosmaster.master][INFO] 2017-06-10 20:13:49,159: +PARAM [/move_group/planning_plugin] by /roslaunch
[rosmaster.master][INFO] 2017-06-10 20:13:49,163: +PARAM [/move_group/planning_scene_monitor/publish_geometry_updates] by /roslaunch
[rosmaster.master][INFO] 2017-06-10 20:13:49,167: +PARAM [/robot_description_planning/joint_limits/lwr_arm_3_joint/max_acceleration] by /roslaunch
[rosmaster.master][INFO] 2017-06-10 20:13:49,170: +PARAM [/move_group/planner_configs/TRRTkConfigDefault/max_states_failed] by /roslaunch
[rosmaster.master][INFO] 2017-06-10 20:13:49,174: +PARAM [/robot_description_planning/joint_limits/lwr_arm_3_joint/has_velocity_limits] by /roslaunch
[rosmaster.master][INFO] 2017-06-10 20:13:49,179: +PARAM [/robot_description_kinematics/lwr_arm/kinematics_solver_timeout] by /roslaunch
[rosmaster.master][INFO] 2017-06-10 20:13:49,183: +PARAM [/move_group/lwr_arm/projection_evaluator] by /roslaunch
[rosmaster.master][INFO] 2017-06-10 20:13:49,188: +PARAM [/robot_description_planning/joint_limits/lwr_arm_1_joint/has_acceleration_limits] by /roslaunch
[rosmaster.master][INFO] 2017-06-10 20:13:49,191: +PARAM [/rosdistro] by /roslaunch
[rosmaster.master][INFO] 2017-06-10 20:13:49,195: +PARAM [/robot_description_planning/joint_limits/lwr_arm_5_joint/max_velocity] by /roslaunch
[rosmaster.master][INFO] 2017-06-10 20:13:49,198: +PARAM [/move_group/planner_configs/PRMstarkConfigDefault/type] by /roslaunch
[rosmaster.master][INFO] 2017-06-10 20:13:49,202: +PARAM [/move_group/planner_configs/RRTkConfigDefault/range] by /roslaunch
[rosmaster.master][INFO] 2017-06-10 20:13:49,205: +PARAM [/move_group/allow_trajectory_execution] by /roslaunch
[rosmaster.master][INFO] 2017-06-10 20:13:49,209: +PARAM [/move_group/lwr_arm/planner_configs] by /roslaunch
[rosmaster.master][INFO] 2017-06-10 20:13:49,212: +PARAM [/move_group/planner_configs/ESTkConfigDefault/type] by /roslaunch
[rosmaster.master][INFO] 2017-06-10 20:13:49,218: +PARAM [/move_group/start_state_max_bounds_error] by /roslaunch
[rosmaster.master][INFO] 2017-06-10 20:13:49,221: +PARAM [/move_group/planner_configs/TRRTkConfigDefault/init_temperature] by /roslaunch
[rosmaster.master][INFO] 2017-06-10 20:13:49,225: +PARAM [/move_group/planner_configs/BKPIECEkConfigDefault/type] by /roslaunch
[rosmaster.master][INFO] 2017-06-10 20:13:49,230: +PARAM [/move_group/planner_configs/KPIECEkConfigDefault/border_fraction] by /roslaunch
[rosmaster.master][INFO] 2017-06-10 20:13:49,234: +PARAM [/robot_description_planning/joint_limits/lwr_arm_4_joint/has_velocity_limits] by /roslaunch
[rosmaster.master][INFO] 2017-06-10 20:13:49,238: +PARAM [/move_group/planner_configs/ESTkConfigDefault/goal_bias] by /roslaunch
[rosmaster.master][INFO] 2017-06-10 20:13:49,241: +PARAM [/move_group/planner_configs/LBKPIECEkConfigDefault/border_fraction] by /roslaunch
[rosmaster.master][INFO] 2017-06-10 20:13:49,246: +PARAM [/move_group/jiggle_fraction] by /roslaunch
[rosmaster.master][INFO] 2017-06-10 20:13:49,251: +PARAM [/move_group/planner_configs/TRRTkConfigDefault/range] by /roslaunch
[rosmaster.master][INFO] 2017-06-10 20:13:49,262: +PARAM [/move_group/planning_scene_monitor/publish_state_updates] by /roslaunch
[rosmaster.master][INFO] 2017-06-10 20:13:49,268: +PARAM [/move_group/planner_configs/TRRTkConfigDefault/temp_change_factor] by /roslaunch
[rosmaster.master][INFO] 2017-06-10 20:13:49,271: +PARAM [/robot_description_planning/joint_limits/lwr_arm_6_joint/max_velocity] by /roslaunch
[rosmaster.master][INFO] 2017-06-10 20:13:49,275: +PARAM [/robot_description_planning/joint_limits/lwr_arm_1_joint/max_velocity] by /roslaunch
[rosmaster.master][INFO] 2017-06-10 20:13:49,280: +PARAM [/move_group/planner_configs/SBLkConfigDefault/type] by /roslaunch
[rosmaster.master][INFO] 2017-06-10 20:13:49,284: +PARAM [/robot_description] by /roslaunch
[rosmaster.master][INFO] 2017-06-10 20:13:49,288: +PARAM [/move_group/capabilities] by /roslaunch
[rosmaster.master][INFO] 2017-06-10 20:13:49,291: +PARAM [/move_group/planner_configs/LBKPIECEkConfigDefault/range] by /roslaunch
[rosmaster.master][INFO] 2017-06-10 20:13:49,295: +PARAM [/robot_description_planning/joint_limits/lwr_arm_5_joint/max_acceleration] by /roslaunch
[rosmaster.master][INFO] 2017-06-10 20:13:49,299: +PARAM [/move_group/planner_configs/KPIECEkConfigDefault/range] by /roslaunch
[rosmaster.master][INFO] 2017-06-10 20:13:49,302: +PARAM [/move_group/planner_configs/BKPIECEkConfigDefault/range] by /roslaunch
[rosmaster.master][INFO] 2017-06-10 20:13:49,306: +PARAM [/move_group/planner_configs/TRRTkConfigDefault/type] by /roslaunch
[rosmaster.master][INFO] 2017-06-10 20:13:49,312: +PARAM [/move_group/planner_configs/KPIECEkConfigDefault/goal_bias] by /roslaunch
[rosmaster.master][INFO] 2017-06-10 20:13:49,317: +PARAM [/move_group/planner_configs/RRTConnectkConfigDefault/range] by /roslaunch
[rosmaster.master][INFO] 2017-06-10 20:13:49,321: +PARAM [/move_group/request_adapters] by /roslaunch
[rosmaster.master][INFO] 2017-06-10 20:13:49,325: +PARAM [/move_group/planner_configs/TRRTkConfigDefault/min_temperature] by /roslaunch
[rosmaster.master][INFO] 2017-06-10 20:13:49,329: +PARAM [/robot_description_planning/joint_limits/lwr_arm_6_joint/has_velocity_limits] by /roslaunch
[rosmaster.master][INFO] 2017-06-10 20:13:49,332: +PARAM [/robot_description_planning/joint_limits/lwr_arm_1_joint/has_velocity_limits] by /roslaunch
[rosmaster.master][INFO] 2017-06-10 20:13:49,336: +PARAM [/move_group/planner_configs/KPIECEkConfigDefault/failed_expansion_score_factor] by /roslaunch
[rosmaster.master][INFO] 2017-06-10 20:13:49,340: +PARAM [/move_group/planning_scene_monitor/publish_transforms_updates] by /roslaunch
[rosmaster.master][INFO] 2017-06-10 20:13:49,345: +PARAM [/robot_description_planning/joint_limits/lwr_arm_5_joint/has_velocity_limits] by /roslaunch
[rosmaster.master][INFO] 2017-06-10 20:13:49,351: +PARAM [/robot_description_planning/joint_limits/lwr_arm_3_joint/has_acceleration_limits] by /roslaunch
[rosmaster.master][INFO] 2017-06-10 20:13:49,355: +PARAM [/move_group/planner_configs/RRTstarkConfigDefault/type] by /roslaunch
[rosmaster.master][INFO] 2017-06-10 20:13:49,359: +PARAM [/move_group/lwr_arm/longest_valid_segment_fraction] by /roslaunch
[rosmaster.master][INFO] 2017-06-10 20:13:49,371: +PARAM [/move_group/planner_configs/RRTstarkConfigDefault/delay_collision_checking] by /roslaunch
[rosmaster.master][INFO] 2017-06-10 20:13:49,375: +PARAM [/move_group/planner_configs/KPIECEkConfigDefault/type] by /roslaunch
[rosmaster.master][INFO] 2017-06-10 20:13:49,380: +PARAM [/robot_description_kinematics/lwr_arm/kinematics_solver_search_resolution] by /roslaunch
[rosmaster.master][INFO] 2017-06-10 20:13:49,383: +PARAM [/move_group/planner_configs/RRTConnectkConfigDefault/type] by /roslaunch
[rosmaster.master][INFO] 2017-06-10 20:13:49,387: +PARAM [/robot_description_planning/joint_limits/lwr_arm_2_joint/has_acceleration_limits] by /roslaunch
[rosmaster.master][INFO] 2017-06-10 20:13:49,391: +PARAM [/move_group/planner_configs/BKPIECEkConfigDefault/failed_expansion_score_factor] by /roslaunch
[rosmaster.master][INFO] 2017-06-10 20:13:49,395: +PARAM [/robot_description_planning/joint_limits/lwr_arm_2_joint/max_velocity] by /roslaunch
[rosmaster.master][INFO] 2017-06-10 20:13:49,398: +PARAM [/move_group/planner_configs/LBKPIECEkConfigDefault/min_valid_path_fraction] by /roslaunch
[rosmaster.master][INFO] 2017-06-10 20:13:49,402: +PARAM [/rosversion] by /roslaunch
[rosmaster.master][INFO] 2017-06-10 20:13:49,405: +PARAM [/robot_description_planning/joint_limits/lwr_arm_4_joint/max_velocity] by /roslaunch
[rosmaster.master][INFO] 2017-06-10 20:13:49,411: +PARAM [/robot_description_planning/joint_limits/lwr_arm_4_joint/has_acceleration_limits] by /roslaunch
[rosmaster.master][INFO] 2017-06-10 20:13:49,414: +PARAM [/robot_description_planning/joint_limits/lwr_arm_0_joint/has_acceleration_limits] by /roslaunch
[rosmaster.master][INFO] 2017-06-10 20:13:49,418: +PARAM [/robot_description_planning/joint_limits/lwr_arm_1_joint/max_acceleration] by /roslaunch
[rosmaster.master][INFO] 2017-06-10 20:13:49,421: +PARAM [/move_group/planner_configs/TRRTkConfigDefault/k_constant] by /roslaunch
[rosmaster.master][INFO] 2017-06-10 20:13:49,425: +PARAM [/move_group/planner_configs/TRRTkConfigDefault/frountier_threshold] by /roslaunch
[rosmaster.master][INFO] 2017-06-10 20:13:49,428: +PARAM [/move_group/planner_configs/LBKPIECEkConfigDefault/type] by /roslaunch
[rosmaster.master][INFO] 2017-06-10 20:13:49,432: +PARAM [/move_group/planner_configs/RRTkConfigDefault/type] by /roslaunch
[rosmaster.master][INFO] 2017-06-10 20:13:49,799: +PUB [/rosout] /robot_sim http://ip-172-31-19-100:53869/
[rosmaster.master][INFO] 2017-06-10 20:13:49,803: publisherUpdate[/rosout] -> http://ip-172-31-19-100:36213/
[rosmaster.master][INFO] 2017-06-10 20:13:49,806: +SERVICE [/robot_sim/get_loggers] /robot_sim http://ip-172-31-19-100:53869/
[rosmaster.master][INFO] 2017-06-10 20:13:49,814: +SERVICE [/robot_sim/set_logger_level] /robot_sim http://ip-172-31-19-100:53869/
[rosmaster.master][INFO] 2017-06-10 20:13:49,831: +PUB [/joint_states] /robot_sim http://ip-172-31-19-100:53869/
[rosmaster.master][INFO] 2017-06-10 20:13:49,844: +SUB [/joint_velocities] /robot_sim http://ip-172-31-19-100:53869/
[rosmaster.master][INFO] 2017-06-10 20:13:49,855: +SUB [/joint_positions] /robot_sim http://ip-172-31-19-100:53869/
[rosmaster.master][INFO] 2017-06-10 20:13:49,867: +PUB [/rosout] /robot_state_publisher http://ip-172-31-19-100:58205/
[rosmaster.master][INFO] 2017-06-10 20:13:49,872: +SERVICE [/robot_state_publisher/get_loggers] /robot_state_publisher http://ip-172-31-19-100:58205/
[rosmaster.master][INFO] 2017-06-10 20:13:49,876: +SUB [/joint_command] /robot_sim http://ip-172-31-19-100:53869/
[rosmaster.master][INFO] 2017-06-10 20:13:49,884: +SERVICE [/robot_state_publisher/set_logger_level] /robot_state_publisher http://ip-172-31-19-100:58205/
[rosmaster.master][INFO] 2017-06-10 20:13:49,888: +SUB [/joint_trajectory] /robot_sim http://ip-172-31-19-100:53869/
[rosmaster.master][INFO] 2017-06-10 20:13:49,897: publisherUpdate[/rosout] -> http://ip-172-31-19-100:36213/
[rosmaster.master][INFO] 2017-06-10 20:13:49,902: +PUB [/tf] /robot_state_publisher http://ip-172-31-19-100:58205/
[rosmaster.master][INFO] 2017-06-10 20:13:49,902: publisherUpdate[/tf] -> http://ip-172-31-19-100:37087/
[rosmaster.master][INFO] 2017-06-10 20:13:49,911: publisherUpdate[/tf] -> http://ip-172-31-19-100:58835/
[rosmaster.master][INFO] 2017-06-10 20:13:49,913: +PUB [/tf_static] /robot_state_publisher http://ip-172-31-19-100:58205/
[rosmaster.master][INFO] 2017-06-10 20:13:49,919: publisherUpdate[/tf_static] -> http://ip-172-31-19-100:37087/
[rosmaster.master][INFO] 2017-06-10 20:13:49,925: publisherUpdate[/tf_static] -> http://ip-172-31-19-100:58835/
[rosmaster.master][INFO] 2017-06-10 20:13:49,938: +SUB [/joint_states] /robot_state_publisher http://ip-172-31-19-100:58205/
[rosmaster.master][INFO] 2017-06-10 20:13:50,063: +PUB [/rosout] /move_group http://ip-172-31-19-100:49948/
[rosmaster.master][INFO] 2017-06-10 20:13:50,068: +SERVICE [/move_group/get_loggers] /move_group http://ip-172-31-19-100:49948/
[rosmaster.master][INFO] 2017-06-10 20:13:50,072: +SERVICE [/move_group/set_logger_level] /move_group http://ip-172-31-19-100:49948/
[rosmaster.master][INFO] 2017-06-10 20:13:50,087: +SUB [/tf] /move_group http://ip-172-31-19-100:49948/
[rosmaster.master][INFO] 2017-06-10 20:13:50,098: publisherUpdate[/rosout] -> http://ip-172-31-19-100:36213/
[rosmaster.master][INFO] 2017-06-10 20:13:50,100: +SUB [/tf_static] /move_group http://ip-172-31-19-100:49948/
[rosmaster.master][INFO] 2017-06-10 20:13:50,153: +PUB [/rosout] /move_group_commander_wrappers_1497150830146586331 http://ip-172-31-19-100:44574/
[rosmaster.master][INFO] 2017-06-10 20:13:50,157: +SERVICE [/move_group_commander_wrappers_1497150830146586331/get_loggers] /move_group_commander_wrappers_1497150830146586331 http://ip-172-31-19-100:44574/
[rosmaster.master][INFO] 2017-06-10 20:13:50,161: +SERVICE [/move_group_commander_wrappers_1497150830146586331/set_logger_level] /move_group_commander_wrappers_1497150830146586331 http://ip-172-31-19-100:44574/
[rosmaster.master][INFO] 2017-06-10 20:13:50,204: publisherUpdate[/rosout] -> http://ip-172-31-19-100:36213/
[rosmaster.master][INFO] 2017-06-10 20:13:50,358: +PUB [/rosout] /marker_control_27026_1497150830165 http://ip-172-31-19-100:48359/
[rosmaster.master][INFO] 2017-06-10 20:13:50,371: +SERVICE [/move_group/planning_scene_monitor/set_parameters] /move_group http://ip-172-31-19-100:49948/
[rosmaster.master][INFO] 2017-06-10 20:13:50,375: +SERVICE [/marker_control_27026_1497150830165/get_loggers] /marker_control_27026_1497150830165 http://ip-172-31-19-100:48359/
[rosmaster.master][INFO] 2017-06-10 20:13:50,379: +PUB [/move_group/planning_scene_monitor/parameter_descriptions] /move_group http://ip-172-31-19-100:49948/
[rosmaster.master][INFO] 2017-06-10 20:13:50,382: +SERVICE [/marker_control_27026_1497150830165/set_logger_level] /marker_control_27026_1497150830165 http://ip-172-31-19-100:48359/
[rosmaster.master][INFO] 2017-06-10 20:13:50,386: +PUB [/move_group/planning_scene_monitor/parameter_updates] /move_group http://ip-172-31-19-100:49948/
[rosmaster.master][INFO] 2017-06-10 20:13:50,390: +PUB [/planning_scene] /move_group_commander_wrappers_1497150830146586331 http://ip-172-31-19-100:44574/
[rosmaster.master][INFO] 2017-06-10 20:13:50,396: +PUB [/collision_object] /marker_control_27026_1497150830165 http://ip-172-31-19-100:48359/
[rosmaster.master][INFO] 2017-06-10 20:13:50,397: +PARAM [/move_group/planning_scene_monitor/publish_planning_scene] by /move_group
[rosmaster.master][INFO] 2017-06-10 20:13:50,402: +PUB [/attached_collision_object] /marker_control_27026_1497150830165 http://ip-172-31-19-100:48359/
[rosmaster.master][INFO] 2017-06-10 20:13:50,405: +PARAM [/move_group/planning_scene_monitor/publish_planning_scene_hz] by /move_group
[rosmaster.master][INFO] 2017-06-10 20:13:50,410: publisherUpdate[/rosout] -> http://ip-172-31-19-100:36213/
[rosmaster.master][INFO] 2017-06-10 20:13:50,411: +PUB [/visualization_marker_array] /marker_control_27026_1497150830165 http://ip-172-31-19-100:48359/
[rosmaster.master][INFO] 2017-06-10 20:13:50,414: +PARAM [/move_group/planning_scene_monitor/publish_geometry_updates] by /move_group
[rosmaster.master][INFO] 2017-06-10 20:13:50,422: +PUB [/motion_planning_goal] /marker_control_27026_1497150830165 http://ip-172-31-19-100:48359/
[rosmaster.master][INFO] 2017-06-10 20:13:50,427: +PARAM [/move_group/planning_scene_monitor/publish_state_updates] by /move_group
[rosmaster.master][INFO] 2017-06-10 20:13:50,433: +SUB [/joint_trajectory] /marker_control_27026_1497150830165 http://ip-172-31-19-100:48359/
[rosmaster.master][INFO] 2017-06-10 20:13:50,435: +PARAM [/move_group/planning_scene_monitor/publish_transforms_updates] by /move_group
[rosmaster.master][INFO] 2017-06-10 20:13:50,439: +PUB [/control_markers/update_full] /marker_control_27026_1497150830165 http://ip-172-31-19-100:48359/
[rosmaster.master][INFO] 2017-06-10 20:13:50,452: +PUB [/move_group/monitored_planning_scene] /move_group http://ip-172-31-19-100:49948/
[rosmaster.master][INFO] 2017-06-10 20:13:50,456: +PUB [/control_markers/update] /marker_control_27026_1497150830165 http://ip-172-31-19-100:48359/
[rosmaster.master][INFO] 2017-06-10 20:13:50,457: +PARAM [/move_group/planning_scene_monitor/publish_planning_scene] by /move_group
[rosmaster.master][INFO] 2017-06-10 20:13:50,462: +SUB [/control_markers/feedback] /marker_control_27026_1497150830165 http://ip-172-31-19-100:48359/
[rosmaster.master][INFO] 2017-06-10 20:13:50,467: +PARAM [/move_group/planning_scene_monitor/publish_planning_scene_hz] by /move_group
[rosmaster.master][INFO] 2017-06-10 20:13:50,478: +PARAM [/move_group/planning_scene_monitor/publish_geometry_updates] by /move_group
[rosmaster.master][INFO] 2017-06-10 20:13:50,483: +PARAM [/move_group/planning_scene_monitor/publish_state_updates] by /move_group
[rosmaster.master][INFO] 2017-06-10 20:13:50,487: +PARAM [/move_group/planning_scene_monitor/publish_transforms_updates] by /move_group
[rosmaster.master][INFO] 2017-06-10 20:13:50,499: +SUB [/planning_scene] /move_group http://ip-172-31-19-100:49948/
[rosmaster.master][INFO] 2017-06-10 20:13:50,512: +SUB [/collision_object] /move_group http://ip-172-31-19-100:49948/
[rosmaster.master][INFO] 2017-06-10 20:13:50,517: publisherUpdate[/control_markers/update] -> http://ip-172-31-19-100:58835/
[rosmaster.master][INFO] 2017-06-10 20:13:50,525: +SUB [/planning_scene_world] /move_group http://ip-172-31-19-100:49948/
[rosmaster.master][INFO] 2017-06-10 20:13:50,534: +SERVICE [/move_group/save_map] /move_group http://ip-172-31-19-100:49948/
[rosmaster.master][INFO] 2017-06-10 20:13:50,539: +SERVICE [/move_group/load_map] /move_group http://ip-172-31-19-100:49948/
[rosmaster.master][INFO] 2017-06-10 20:13:50,551: +SUB [/joint_states] /move_group http://ip-172-31-19-100:49948/
[rosmaster.master][INFO] 2017-06-10 20:13:50,568: +SUB [/attached_collision_object] /move_group http://ip-172-31-19-100:49948/
[rosmaster.master][INFO] 2017-06-10 20:13:50,694: +SERVICE [/move_group/ompl/set_parameters] /move_group http://ip-172-31-19-100:49948/
[rosmaster.master][INFO] 2017-06-10 20:13:50,699: +PUB [/move_group/ompl/parameter_descriptions] /move_group http://ip-172-31-19-100:49948/
[rosmaster.master][INFO] 2017-06-10 20:13:50,704: +PUB [/move_group/ompl/parameter_updates] /move_group http://ip-172-31-19-100:49948/
[rosmaster.master][INFO] 2017-06-10 20:13:50,717: +PARAM [/move_group/ompl/simplify_solutions] by /move_group
[rosmaster.master][INFO] 2017-06-10 20:13:50,722: +PARAM [/move_group/ompl/minimum_waypoint_count] by /move_group
[rosmaster.master][INFO] 2017-06-10 20:13:50,726: +PARAM [/move_group/ompl/maximum_waypoint_distance] by /move_group
[rosmaster.master][INFO] 2017-06-10 20:13:50,732: +PARAM [/move_group/ompl/link_for_exploration_tree] by /move_group
[rosmaster.master][INFO] 2017-06-10 20:13:50,737: +PARAM [/move_group/ompl/display_random_valid_states] by /move_group
[rosmaster.master][INFO] 2017-06-10 20:13:50,742: +PARAM [/move_group/ompl/simplify_solutions] by /move_group
[rosmaster.master][INFO] 2017-06-10 20:13:50,748: +PARAM [/move_group/ompl/minimum_waypoint_count] by /move_group
[rosmaster.master][INFO] 2017-06-10 20:13:50,753: +PARAM [/move_group/ompl/maximum_waypoint_distance] by /move_group
[rosmaster.master][INFO] 2017-06-10 20:13:50,757: +PARAM [/move_group/ompl/link_for_exploration_tree] by /move_group
[rosmaster.master][INFO] 2017-06-10 20:13:50,762: +PARAM [/move_group/ompl/display_random_valid_states] by /move_group
[rosmaster.master][INFO] 2017-06-10 20:13:50,834: +PUB [/move_group/display_planned_path] /move_group http://ip-172-31-19-100:49948/
[rosmaster.master][INFO] 2017-06-10 20:13:50,839: +PUB [/move_group/display_contacts] /move_group http://ip-172-31-19-100:49948/
[rosmaster.master][INFO] 2017-06-10 20:13:50,898: +SERVICE [/apply_planning_scene] /move_group http://ip-172-31-19-100:49948/
[rosmaster.master][INFO] 2017-06-10 20:13:50,903: +SERVICE [/clear_octomap] /move_group http://ip-172-31-19-100:49948/
[rosmaster.master][INFO] 2017-06-10 20:13:50,909: +SERVICE [/compute_cartesian_path] /move_group http://ip-172-31-19-100:49948/
[rosmaster.master][INFO] 2017-06-10 20:13:50,914: +SERVICE [/execute_kinematic_path] /move_group http://ip-172-31-19-100:49948/
[rosmaster.master][INFO] 2017-06-10 20:13:50,921: +PUB [/execute_trajectory/result] /move_group http://ip-172-31-19-100:49948/
[rosmaster.master][INFO] 2017-06-10 20:13:50,927: +PUB [/execute_trajectory/feedback] /move_group http://ip-172-31-19-100:49948/
[rosmaster.master][INFO] 2017-06-10 20:13:50,932: +PUB [/execute_trajectory/status] /move_group http://ip-172-31-19-100:49948/
[rosmaster.master][INFO] 2017-06-10 20:13:50,952: +SUB [/execute_trajectory/goal] /move_group http://ip-172-31-19-100:49948/
[rosmaster.master][INFO] 2017-06-10 20:13:50,964: +SUB [/execute_trajectory/cancel] /move_group http://ip-172-31-19-100:49948/
[rosmaster.master][INFO] 2017-06-10 20:13:50,968: +SERVICE [/get_planning_scene] /move_group http://ip-172-31-19-100:49948/
[rosmaster.master][INFO] 2017-06-10 20:13:50,973: +SERVICE [/compute_fk] /move_group http://ip-172-31-19-100:49948/
[rosmaster.master][INFO] 2017-06-10 20:13:50,979: +SUB [/control_markers/update_full] /interactive_marker_proxy http://ip-172-31-19-100:58835/
[rosmaster.master][INFO] 2017-06-10 20:13:50,983: +SERVICE [/compute_ik] /move_group http://ip-172-31-19-100:49948/
[rosmaster.master][INFO] 2017-06-10 20:13:50,990: +PUB [/move_group/result] /move_group http://ip-172-31-19-100:49948/
[rosmaster.master][INFO] 2017-06-10 20:13:50,995: +PUB [/move_group/feedback] /move_group http://ip-172-31-19-100:49948/
[rosmaster.master][INFO] 2017-06-10 20:13:50,999: +PUB [/move_group/status] /move_group http://ip-172-31-19-100:49948/
[rosmaster.master][INFO] 2017-06-10 20:13:51,013: +SUB [/move_group/goal] /move_group http://ip-172-31-19-100:49948/
[rosmaster.master][INFO] 2017-06-10 20:13:51,024: +SUB [/move_group/cancel] /move_group http://ip-172-31-19-100:49948/
[rosmaster.master][INFO] 2017-06-10 20:13:51,086: +PUB [/pickup/result] /move_group http://ip-172-31-19-100:49948/
[rosmaster.master][INFO] 2017-06-10 20:13:51,091: +PUB [/pickup/feedback] /move_group http://ip-172-31-19-100:49948/
[rosmaster.master][INFO] 2017-06-10 20:13:51,096: +PUB [/pickup/status] /move_group http://ip-172-31-19-100:49948/
[rosmaster.master][INFO] 2017-06-10 20:13:51,109: +SUB [/pickup/goal] /move_group http://ip-172-31-19-100:49948/
[rosmaster.master][INFO] 2017-06-10 20:13:51,119: +SUB [/pickup/cancel] /move_group http://ip-172-31-19-100:49948/
[rosmaster.master][INFO] 2017-06-10 20:13:51,126: +PUB [/place/result] /move_group http://ip-172-31-19-100:49948/
[rosmaster.master][INFO] 2017-06-10 20:13:51,133: +PUB [/place/feedback] /move_group http://ip-172-31-19-100:49948/
[rosmaster.master][INFO] 2017-06-10 20:13:51,138: +PUB [/place/status] /move_group http://ip-172-31-19-100:49948/
[rosmaster.master][INFO] 2017-06-10 20:13:51,148: -SUB [/control_markers/update_full] /interactive_marker_proxy http://ip-172-31-19-100:58835/
[rosmaster.master][INFO] 2017-06-10 20:13:51,155: +SUB [/place/goal] /move_group http://ip-172-31-19-100:49948/
[rosmaster.master][INFO] 2017-06-10 20:13:51,165: +SUB [/place/cancel] /move_group http://ip-172-31-19-100:49948/
[rosmaster.master][INFO] 2017-06-10 20:13:51,170: +SERVICE [/plan_kinematic_path] /move_group http://ip-172-31-19-100:49948/
[rosmaster.master][INFO] 2017-06-10 20:13:51,175: +SERVICE [/query_planner_interface] /move_group http://ip-172-31-19-100:49948/
[rosmaster.master][INFO] 2017-06-10 20:13:51,180: +SERVICE [/check_state_validity] /move_group http://ip-172-31-19-100:49948/
