[roslaunch][INFO] 2017-06-10 20:13:43,766: Checking log directory for disk usage. This may take awhile.
Press Ctrl-C to interrupt
[roslaunch][INFO] 2017-06-10 20:13:43,850: Done checking log file disk usage. Usage is <1GB.
[roslaunch][INFO] 2017-06-10 20:13:43,850: roslaunch starting with args ['roscore', '--core', '-p', '58272']
[roslaunch][INFO] 2017-06-10 20:13:43,854: roslaunch env is {'ROS_DISTRO': 'indigo', 'ASNLIB': '/home/ccc_v1_s54106__48606/asn13529_Project_5/asn13530_Project_4/asnlib', 'LIB': '/home/ccc_v1_s54106__48606/lib', 'PKG_CONFIG_PATH': '/opt/ros/indigo/lib/pkgconfig:/opt/ros/indigo/lib/x86_64-linux-gnu/pkgconfig', 'SSH_CLIENT': '172.31.7.153 50136 22', 'CPATH': '/opt/ros/indigo/include', 'LOGNAME': 'ccc_v1_w_dd4cc_18220', 'USER': 'ccc_v1_w_dd4cc_18220', 'ROS_NODE_PORT': '58272', 'HOME': '/home/ccc_v1_w_dd4cc_18220/asn13529_Project_5/asn13530_Project_4/work', 'PATH': '/opt/ros/indigo/bin:/usr/local/sbin:/usr/local/bin:/usr/sbin:/usr/bin:/sbin:/bin:/usr/games:/usr/local/games:/home/local/bin:/home/ccc_v1_s54106__48606/lib:/home/ccc_v1_s54106__48606/asn13529_Project_5/asn13530_Project_4/asnlib:/home/vlibs:.', 'CMAKE_PREFIX_PATH': '/opt/ros/indigo', 'LD_LIBRARY_PATH': '/opt/ros/indigo/lib:/opt/ros/indigo/lib/x86_64-linux-gnu:/home/ccc_v1_s54106__48606/lib:/home/ccc_v1_s54106__48606/asn13529_Project_5/asn13530_Project_4/asnlib:/home/vlibs', 'LANG': 'en_US.UTF-8', 'TERM': 'xterm-256color', 'SHELL': '/bin/bash', 'HISTFILE': '/home/ccc_v1_w_dd4cc_18220/.bash_history', 'SHLVL': '2', 'VOC_WORKAREA': '/home/ccc_v1_w_dd4cc_18220/asn13529_Project_5/asn13530_Project_4/work', 'ROS_LOG_FILENAME': '/home/ccc_v1_w_dd4cc_18220/asn13529_Project_5/asn13530_Project_4/work/.ros/log/f9b982e4-4e53-11e7-b7e7-06f360e4abc1/roslaunch-ip-172-31-19-100-26671.log', 'PART1': '/home/ccc_v1_s54106__48606/asn13529_Project_5/asn13530_Project_4', 'ROS_ETC_DIR': '/opt/ros/indigo/etc/ros', 'XDG_RUNTIME_DIR': '/run/user/18220', 'PYTHONPATH': '/opt/ros/indigo/lib/python2.7/dist-packages:/home/vlibs/python', 'VOC_PROXY_WRAPPER_PORT': '5100', 'VOC_XFER_TOKEN': '13271031134354243542135300593cb54999e537.74252304', 'ROS_ROOT': '/opt/ros/indigo/share/ros', 'OLD_HOME': '/home/ccc_v1_w_dd4cc_18220', 'VOC_PROXY_TOKEN': '138386275243542435421353001593cb5499fced0.08964435', 'ROS_PACKAGE_PATH': '/opt/ros/indigo/share:/opt/ros/indigo/stacks', 'XDG_SESSION_ID': '323909', '_': '/usr/bin/stdbuf', 'LD_PRELOAD': '/usr/lib/coreutils/libstdbuf.so', '_STDBUF_O': 'L', 'SSH_TTY': '/dev/pts/7', 'OLDPWD': '/home/ccc_v1_w_dd4cc_18220', 'ROSLISP_PACKAGE_DIRECTORIES': '', 'VLIB': '/home/vlibs', 'PWD': '/home/ccc_v1_w_dd4cc_18220/asn13529_Project_5/asn13530_Project_4/work', 'VOC_PROXY_ID': '43542_43542_13530_0_1', 'ROS_MASTER_URI': 'http://localhost:58272', 'MAIL': '/var/mail/ccc_v1_w_dd4cc_18220', 'SSH_CONNECTION': '172.31.7.153 50136 172.31.19.100 22'}
[roslaunch][INFO] 2017-06-10 20:13:43,857: starting in server mode
[roslaunch.parent][INFO] 2017-06-10 20:13:43,861: starting roslaunch parent run
[roslaunch][INFO] 2017-06-10 20:13:43,865: loading roscore config file /opt/ros/indigo/etc/ros/roscore.xml
[roslaunch][INFO] 2017-06-10 20:13:44,009: Added core node of type [rosout/rosout] in namespace [/]
[roslaunch.pmon][INFO] 2017-06-10 20:13:44,010: start_process_monitor: creating ProcessMonitor
[roslaunch.pmon][INFO] 2017-06-10 20:13:44,014: created process monitor <ProcessMonitor(ProcessMonitor-1, initial daemon)>
[roslaunch.pmon][INFO] 2017-06-10 20:13:44,018: start_process_monitor: ProcessMonitor started
[roslaunch.parent][INFO] 2017-06-10 20:13:44,021: starting parent XML-RPC server
[roslaunch.server][INFO] 2017-06-10 20:13:44,025: starting roslaunch XML-RPC server
[roslaunch.server][INFO] 2017-06-10 20:13:44,031: waiting for roslaunch XML-RPC server to initialize
[xmlrpc][INFO] 2017-06-10 20:13:44,031: XML-RPC server binding to 0.0.0.0:0
[xmlrpc][INFO] 2017-06-10 20:13:44,039: Started XML-RPC server [http://ip-172-31-19-100:57403/]
[xmlrpc][INFO] 2017-06-10 20:13:44,042: xml rpc node: starting XML-RPC server
[roslaunch][INFO] 2017-06-10 20:13:44,051: started roslaunch server http://ip-172-31-19-100:57403/
[roslaunch.parent][INFO] 2017-06-10 20:13:44,055: ... parent XML-RPC server started
[roslaunch][INFO] 2017-06-10 20:13:44,059: master.is_running[http://ip-172-31-19-100:58272/]
[roslaunch][INFO] 2017-06-10 20:13:44,064: auto-starting new master
[roslaunch][INFO] 2017-06-10 20:13:44,068: create_master_process: rosmaster, /opt/ros/indigo/share/ros, 58272, 3, None
[roslaunch][INFO] 2017-06-10 20:13:44,071: process[master]: launching with args [['rosmaster', '--core', '-p', '58272', '-w', '3']]
[roslaunch.pmon][INFO] 2017-06-10 20:13:44,075: ProcessMonitor.register[master]
[roslaunch.pmon][INFO] 2017-06-10 20:13:44,079: ProcessMonitor.register[master] complete
[roslaunch][INFO] 2017-06-10 20:13:44,082: process[master]: starting os process
[roslaunch][INFO] 2017-06-10 20:13:44,088: process[master]: start w/ args [['rosmaster', '--core', '-p', '58272', '-w', '3', '__log:=/home/ccc_v1_w_dd4cc_18220/asn13529_Project_5/asn13530_Project_4/work/.ros/log/f9b982e4-4e53-11e7-b7e7-06f360e4abc1/master.log']]
[roslaunch][INFO] 2017-06-10 20:13:44,091: process[master]: cwd will be [/home/ccc_v1_w_dd4cc_18220/asn13529_Project_5/asn13530_Project_4/work/.ros]
[roslaunch][INFO] 2017-06-10 20:13:44,109: process[master]: started with pid [26686]
[roslaunch][INFO] 2017-06-10 20:13:44,110: master.is_running[http://ip-172-31-19-100:58272/]
[roslaunch][INFO] 2017-06-10 20:13:44,215: master.is_running[http://ip-172-31-19-100:58272/]
[roslaunch][INFO] 2017-06-10 20:13:44,320: master.is_running[http://ip-172-31-19-100:58272/]
[roslaunch][INFO] 2017-06-10 20:13:44,327: master.is_running[http://ip-172-31-19-100:58272/]
[roslaunch][INFO] 2017-06-10 20:13:44,332: ROS_MASTER_URI=http://ip-172-31-19-100:58272/
[roslaunch][INFO] 2017-06-10 20:13:44,337: setting /run_id to f9b982e4-4e53-11e7-b7e7-06f360e4abc1
[roslaunch][INFO] 2017-06-10 20:13:44,346: setting /roslaunch/uris/host_ip_172_31_19_100__57403' to http://ip-172-31-19-100:57403/
[roslaunch][INFO] 2017-06-10 20:13:44,356: ... preparing to launch node of type [rosout/rosout]
[roslaunch][INFO] 2017-06-10 20:13:44,359: create_node_process: package[rosout] type[rosout] machine[Machine(name[] env_loader[None] address[localhost] ssh_port[22] user[None] assignable[True] timeout[10.0])] master_uri[http://ip-172-31-19-100:58272/]
[roslaunch][INFO] 2017-06-10 20:13:44,364: process[rosout-1]: env[{'ROS_DISTRO': 'indigo', 'ASNLIB': '/home/ccc_v1_s54106__48606/asn13529_Project_5/asn13530_Project_4/asnlib', 'LIB': '/home/ccc_v1_s54106__48606/lib', 'VOC_PROXY_TOKEN': '138386275243542435421353001593cb5499fced0.08964435', 'SSH_CLIENT': '172.31.7.153 50136 22', 'CPATH': '/opt/ros/indigo/include', 'LOGNAME': 'ccc_v1_w_dd4cc_18220', 'USER': 'ccc_v1_w_dd4cc_18220', 'ROS_NODE_PORT': '58272', 'HOME': '/home/ccc_v1_w_dd4cc_18220/asn13529_Project_5/asn13530_Project_4/work', 'PATH': '/opt/ros/indigo/bin:/usr/local/sbin:/usr/local/bin:/usr/sbin:/usr/bin:/sbin:/bin:/usr/games:/usr/local/games:/home/local/bin:/home/ccc_v1_s54106__48606/lib:/home/ccc_v1_s54106__48606/asn13529_Project_5/asn13530_Project_4/asnlib:/home/vlibs:.', 'CMAKE_PREFIX_PATH': '/opt/ros/indigo', 'ROS_LOG_FILENAME': '/home/ccc_v1_w_dd4cc_18220/asn13529_Project_5/asn13530_Project_4/work/.ros/log/f9b982e4-4e53-11e7-b7e7-06f360e4abc1/roslaunch-ip-172-31-19-100-26671.log', 'LANG': 'en_US.UTF-8', 'TERM': 'xterm-256color', 'SHELL': '/bin/bash', 'HISTFILE': '/home/ccc_v1_w_dd4cc_18220/.bash_history', 'SHLVL': '2', 'VOC_WORKAREA': '/home/ccc_v1_w_dd4cc_18220/asn13529_Project_5/asn13530_Project_4/work', 'LD_LIBRARY_PATH': '/opt/ros/indigo/lib:/opt/ros/indigo/lib/x86_64-linux-gnu:/home/ccc_v1_s54106__48606/lib:/home/ccc_v1_s54106__48606/asn13529_Project_5/asn13530_Project_4/asnlib:/home/vlibs', 'PART1': '/home/ccc_v1_s54106__48606/asn13529_Project_5/asn13530_Project_4', 'ROS_MASTER_URI': 'http://ip-172-31-19-100:58272/', 'XDG_RUNTIME_DIR': '/run/user/18220', 'PYTHONPATH': '/opt/ros/indigo/lib/python2.7/dist-packages:/home/vlibs/python', 'VOC_PROXY_WRAPPER_PORT': '5100', 'VOC_XFER_TOKEN': '13271031134354243542135300593cb54999e537.74252304', 'ROS_ROOT': '/opt/ros/indigo/share/ros', 'OLD_HOME': '/home/ccc_v1_w_dd4cc_18220', 'PKG_CONFIG_PATH': '/opt/ros/indigo/lib/pkgconfig:/opt/ros/indigo/lib/x86_64-linux-gnu/pkgconfig', 'ROS_PACKAGE_PATH': '/opt/ros/indigo/share:/opt/ros/indigo/stacks', 'XDG_SESSION_ID': '323909', '_': '/usr/bin/stdbuf', 'LD_PRELOAD': '/usr/lib/coreutils/libstdbuf.so', '_STDBUF_O': 'L', 'SSH_TTY': '/dev/pts/7', 'OLDPWD': '/home/ccc_v1_w_dd4cc_18220', 'ROSLISP_PACKAGE_DIRECTORIES': '', 'VLIB': '/home/vlibs', 'PWD': '/home/ccc_v1_w_dd4cc_18220/asn13529_Project_5/asn13530_Project_4/work', 'VOC_PROXY_ID': '43542_43542_13530_0_1', 'ROS_ETC_DIR': '/opt/ros/indigo/etc/ros', 'MAIL': '/var/mail/ccc_v1_w_dd4cc_18220', 'SSH_CONNECTION': '172.31.7.153 50136 172.31.19.100 22'}]
[roslaunch][INFO] 2017-06-10 20:13:44,406: process[rosout-1]: args[[u'/opt/ros/indigo/lib/rosout/rosout', u'__name:=rosout']]
[roslaunch][INFO] 2017-06-10 20:13:44,410: ... created process [rosout-1]
[roslaunch.pmon][INFO] 2017-06-10 20:13:44,414: ProcessMonitor.register[rosout-1]
[roslaunch.pmon][INFO] 2017-06-10 20:13:44,417: ProcessMonitor.register[rosout-1] complete
[roslaunch][INFO] 2017-06-10 20:13:44,421: ... registered process [rosout-1]
[roslaunch][INFO] 2017-06-10 20:13:44,432: process[rosout-1]: starting os process
[roslaunch][INFO] 2017-06-10 20:13:44,437: process[rosout-1]: start w/ args [[u'/opt/ros/indigo/lib/rosout/rosout', u'__name:=rosout', u'__log:=/home/ccc_v1_w_dd4cc_18220/asn13529_Project_5/asn13530_Project_4/work/.ros/log/f9b982e4-4e53-11e7-b7e7-06f360e4abc1/rosout-1.log']]
[roslaunch][INFO] 2017-06-10 20:13:44,441: process[rosout-1]: cwd will be [/home/ccc_v1_w_dd4cc_18220/asn13529_Project_5/asn13530_Project_4/work/.ros]
[roslaunch][INFO] 2017-06-10 20:13:44,450: process[rosout-1]: started with pid [26700]
[roslaunch][INFO] 2017-06-10 20:13:44,451: ... successfully launched [rosout-1]
[roslaunch][INFO] 2017-06-10 20:13:44,455: load_parameters starting ...
[roslaunch][INFO] 2017-06-10 20:13:44,469: ... load_parameters complete
[roslaunch][INFO] 2017-06-10 20:13:44,473: launch_nodes: launching local nodes ...
[roslaunch][INFO] 2017-06-10 20:13:44,478: ... launch_nodes complete
[roslaunch.pmon][INFO] 2017-06-10 20:13:44,481: registrations completed <ProcessMonitor(ProcessMonitor-1, started daemon 140159611631360)>
[roslaunch.parent][INFO] 2017-06-10 20:13:44,486: ... roslaunch parent running, waiting for process exit
[roslaunch][INFO] 2017-06-10 20:13:44,490: spin
