[rosmaster.main][INFO] 2017-06-10 14:33:35,774: initialization complete, waiting for shutdown
[rosmaster.main][INFO] 2017-06-10 14:33:35,774: Starting ROS Master Node
[xmlrpc][INFO] 2017-06-10 14:33:35,779: XML-RPC server binding to 0.0.0.0:54190
[xmlrpc][INFO] 2017-06-10 14:33:35,783: Started XML-RPC server [http://ip-172-31-19-100:54190/]
[rosmaster.master][INFO] 2017-06-10 14:33:35,783: Master initialized: port[54190], uri[http://ip-172-31-19-100:54190/]
[xmlrpc][INFO] 2017-06-10 14:33:35,787: xml rpc node: starting XML-RPC server
[rosmaster.master][INFO] 2017-06-10 14:33:35,861: +PARAM [/run_id] by /roslaunch
[rosmaster.master][INFO] 2017-06-10 14:33:35,870: +PARAM [/roslaunch/uris/host_ip_172_31_19_100__37702] by /roslaunch
[rosmaster.master][INFO] 2017-06-10 14:33:35,969: +PARAM [/rosversion] by /roslaunch
[rosmaster.master][INFO] 2017-06-10 14:33:35,972: +PARAM [/rosdistro] by /roslaunch
[rosmaster.master][INFO] 2017-06-10 14:33:35,998: +SERVICE [/rosout/get_loggers] /rosout http://ip-172-31-19-100:37260/
[rosmaster.master][INFO] 2017-06-10 14:33:36,002: +SERVICE [/rosout/set_logger_level] /rosout http://ip-172-31-19-100:37260/
[rosmaster.master][INFO] 2017-06-10 14:33:36,008: +PUB [/rosout_agg] /rosout http://ip-172-31-19-100:37260/
[rosmaster.master][INFO] 2017-06-10 14:33:36,018: +SUB [/rosout] /rosout http://ip-172-31-19-100:37260/
[rosmaster.master][INFO] 2017-06-10 14:33:36,282: +PUB [/rosout] /tf2_web_republisher http://ip-172-31-19-100:32909/
[rosmaster.master][INFO] 2017-06-10 14:33:36,286: +SERVICE [/tf2_web_republisher/get_loggers] /tf2_web_republisher http://ip-172-31-19-100:32909/
[rosmaster.master][INFO] 2017-06-10 14:33:36,290: +SERVICE [/tf2_web_republisher/set_logger_level] /tf2_web_republisher http://ip-172-31-19-100:32909/
[rosmaster.master][INFO] 2017-06-10 14:33:36,298: +SUB [/tf] /tf2_web_republisher http://ip-172-31-19-100:32909/
[rosmaster.master][INFO] 2017-06-10 14:33:36,306: +SUB [/tf_static] /tf2_web_republisher http://ip-172-31-19-100:32909/
[rosmaster.master][INFO] 2017-06-10 14:33:36,310: +SERVICE [/republish_tfs] /tf2_web_republisher http://ip-172-31-19-100:32909/
[rosmaster.master][INFO] 2017-06-10 14:33:36,315: +PUB [/tf2_web_republisher/result] /tf2_web_republisher http://ip-172-31-19-100:32909/
[rosmaster.master][INFO] 2017-06-10 14:33:36,319: +PUB [/tf2_web_republisher/feedback] /tf2_web_republisher http://ip-172-31-19-100:32909/
[rosmaster.master][INFO] 2017-06-10 14:33:36,323: +PUB [/tf2_web_republisher/status] /tf2_web_republisher http://ip-172-31-19-100:32909/
[rosmaster.master][INFO] 2017-06-10 14:33:36,337: +SUB [/tf2_web_republisher/goal] /tf2_web_republisher http://ip-172-31-19-100:32909/
[rosmaster.master][INFO] 2017-06-10 14:33:36,345: +SUB [/tf2_web_republisher/cancel] /tf2_web_republisher http://ip-172-31-19-100:32909/
[rosmaster.master][INFO] 2017-06-10 14:33:36,379: publisherUpdate[/rosout] -> http://ip-172-31-19-100:37260/
[rosmaster.master][INFO] 2017-06-10 14:33:37,748: +PARAM [/roslaunch/uris/host_ip_172_31_19_100__45968] by /roslaunch
[rosmaster.master][INFO] 2017-06-10 14:33:37,755: +PARAM [/rosbridge_websocket/port] by /roslaunch
[rosmaster.master][INFO] 2017-06-10 14:33:37,759: +PARAM [/rosdistro] by /roslaunch
[rosmaster.master][INFO] 2017-06-10 14:33:37,763: +PARAM [/rosbridge_websocket/fragment_timeout] by /roslaunch
[rosmaster.master][INFO] 2017-06-10 14:33:37,766: +PARAM [/rosbridge_websocket/delay_between_messages] by /roslaunch
[rosmaster.master][INFO] 2017-06-10 14:33:37,769: +PARAM [/rosversion] by /roslaunch
[rosmaster.master][INFO] 2017-06-10 14:33:37,773: +PARAM [/rosbridge_websocket/authenticate] by /roslaunch
[rosmaster.master][INFO] 2017-06-10 14:33:37,776: +PARAM [/rosbridge_websocket/retry_startup_delay] by /roslaunch
[rosmaster.master][INFO] 2017-06-10 14:33:37,779: +PARAM [/rosbridge_websocket/address] by /roslaunch
[rosmaster.master][INFO] 2017-06-10 14:33:37,783: +PARAM [/rosbridge_websocket/max_message_size] by /roslaunch
[rosmaster.master][INFO] 2017-06-10 14:33:38,336: +PUB [/rosout] /interactive_marker_proxy http://ip-172-31-19-100:32865/
[rosmaster.master][INFO] 2017-06-10 14:33:38,341: +SERVICE [/interactive_marker_proxy/get_loggers] /interactive_marker_proxy http://ip-172-31-19-100:32865/
[rosmaster.master][INFO] 2017-06-10 14:33:38,348: +SERVICE [/interactive_marker_proxy/set_logger_level] /interactive_marker_proxy http://ip-172-31-19-100:32865/
[rosmaster.master][INFO] 2017-06-10 14:33:38,358: +SUB [/tf] /interactive_marker_proxy http://ip-172-31-19-100:32865/
[rosmaster.master][INFO] 2017-06-10 14:33:38,367: +SUB [/tf_static] /interactive_marker_proxy http://ip-172-31-19-100:32865/
[rosmaster.master][INFO] 2017-06-10 14:33:38,371: +PUB [/rosout] /rosapi http://ip-172-31-19-100:38713/
[rosmaster.master][INFO] 2017-06-10 14:33:38,378: +SUB [/control_markers/update] /interactive_marker_proxy http://ip-172-31-19-100:32865/
[rosmaster.master][INFO] 2017-06-10 14:33:38,383: publisherUpdate[/rosout] -> http://ip-172-31-19-100:37260/
[rosmaster.master][INFO] 2017-06-10 14:33:38,386: +SERVICE [/rosapi/get_loggers] /rosapi http://ip-172-31-19-100:38713/
[rosmaster.master][INFO] 2017-06-10 14:33:38,389: publisherUpdate[/rosout] -> http://ip-172-31-19-100:37260/
[rosmaster.master][INFO] 2017-06-10 14:33:38,392: +SUB [/control_markers/update_full] /interactive_marker_proxy http://ip-172-31-19-100:32865/
[rosmaster.master][INFO] 2017-06-10 14:33:38,401: +SERVICE [/rosapi/set_logger_level] /rosapi http://ip-172-31-19-100:38713/
[rosmaster.master][INFO] 2017-06-10 14:33:38,405: +PUB [/control_markers/tunneled/update] /interactive_marker_proxy http://ip-172-31-19-100:32865/
[rosmaster.master][INFO] 2017-06-10 14:33:38,409: +SERVICE [/rosapi/topics] /rosapi http://ip-172-31-19-100:38713/
[rosmaster.master][INFO] 2017-06-10 14:33:38,414: +SERVICE [/control_markers/tunneled/get_init] /interactive_marker_proxy http://ip-172-31-19-100:32865/
[rosmaster.master][INFO] 2017-06-10 14:33:38,417: +SERVICE [/rosapi/topics_for_type] /rosapi http://ip-172-31-19-100:38713/
[rosmaster.master][INFO] 2017-06-10 14:33:38,422: +SERVICE [/rosapi/services] /rosapi http://ip-172-31-19-100:38713/
[rosmaster.master][INFO] 2017-06-10 14:33:38,427: +SERVICE [/rosapi/services_for_type] /rosapi http://ip-172-31-19-100:38713/
[rosmaster.master][INFO] 2017-06-10 14:33:38,434: +SERVICE [/rosapi/nodes] /rosapi http://ip-172-31-19-100:38713/
[rosmaster.master][INFO] 2017-06-10 14:33:38,439: +SERVICE [/rosapi/node_details] /rosapi http://ip-172-31-19-100:38713/
[rosmaster.master][INFO] 2017-06-10 14:33:38,443: +SERVICE [/rosapi/topic_type] /rosapi http://ip-172-31-19-100:38713/
[rosmaster.master][INFO] 2017-06-10 14:33:38,454: -SUB [/control_markers/update_full] /interactive_marker_proxy http://ip-172-31-19-100:32865/
[rosmaster.master][INFO] 2017-06-10 14:33:38,458: +SERVICE [/rosapi/service_type] /rosapi http://ip-172-31-19-100:38713/
[rosmaster.master][INFO] 2017-06-10 14:33:38,463: +SERVICE [/rosapi/publishers] /rosapi http://ip-172-31-19-100:38713/
[rosmaster.master][INFO] 2017-06-10 14:33:38,467: +SERVICE [/rosapi/subscribers] /rosapi http://ip-172-31-19-100:38713/
[rosmaster.master][INFO] 2017-06-10 14:33:38,472: +SERVICE [/rosapi/service_providers] /rosapi http://ip-172-31-19-100:38713/
[rosmaster.master][INFO] 2017-06-10 14:33:38,478: +SERVICE [/rosapi/service_node] /rosapi http://ip-172-31-19-100:38713/
[rosmaster.master][INFO] 2017-06-10 14:33:38,482: +SERVICE [/rosapi/service_host] /rosapi http://ip-172-31-19-100:38713/
[rosmaster.master][INFO] 2017-06-10 14:33:38,487: +SERVICE [/rosapi/message_details] /rosapi http://ip-172-31-19-100:38713/
[rosmaster.master][INFO] 2017-06-10 14:33:38,491: +SERVICE [/rosapi/service_request_details] /rosapi http://ip-172-31-19-100:38713/
[rosmaster.master][INFO] 2017-06-10 14:33:38,496: +SERVICE [/rosapi/service_response_details] /rosapi http://ip-172-31-19-100:38713/
[rosmaster.master][INFO] 2017-06-10 14:33:38,501: +SERVICE [/rosapi/set_param] /rosapi http://ip-172-31-19-100:38713/
[rosmaster.master][INFO] 2017-06-10 14:33:38,506: +SERVICE [/rosapi/get_param] /rosapi http://ip-172-31-19-100:38713/
[rosmaster.master][INFO] 2017-06-10 14:33:38,510: +PUB [/rosout] /rosbridge_websocket http://ip-172-31-19-100:36636/
[rosmaster.master][INFO] 2017-06-10 14:33:38,514: +SERVICE [/rosapi/has_param] /rosapi http://ip-172-31-19-100:38713/
[rosmaster.master][INFO] 2017-06-10 14:33:38,519: +SERVICE [/rosapi/search_param] /rosapi http://ip-172-31-19-100:38713/
[rosmaster.master][INFO] 2017-06-10 14:33:38,523: +SERVICE [/rosapi/delete_param] /rosapi http://ip-172-31-19-100:38713/
[rosmaster.master][INFO] 2017-06-10 14:33:38,527: +SERVICE [/rosbridge_websocket/get_loggers] /rosbridge_websocket http://ip-172-31-19-100:36636/
[rosmaster.master][INFO] 2017-06-10 14:33:38,532: +SERVICE [/rosapi/get_param_names] /rosapi http://ip-172-31-19-100:38713/
[rosmaster.master][INFO] 2017-06-10 14:33:38,536: +SERVICE [/rosbridge_websocket/set_logger_level] /rosbridge_websocket http://ip-172-31-19-100:36636/
[rosmaster.master][INFO] 2017-06-10 14:33:38,540: +SERVICE [/rosapi/get_time] /rosapi http://ip-172-31-19-100:38713/
[rosmaster.master][INFO] 2017-06-10 14:33:38,583: publisherUpdate[/rosout] -> http://ip-172-31-19-100:37260/
[rosmaster.master][INFO] 2017-06-10 14:33:40,164: +PARAM [/roslaunch/uris/host_ip_172_31_19_100__38877] by /roslaunch
[rosmaster.master][INFO] 2017-06-10 14:33:40,181: +PARAM [/robot_description_kinematics/lwr_arm/kinematics_solver] by /roslaunch
[rosmaster.master][INFO] 2017-06-10 14:33:40,184: +PARAM [/move_group/planner_configs/RRTkConfigDefault/goal_bias] by /roslaunch
[rosmaster.master][INFO] 2017-06-10 14:33:40,188: +PARAM [/robot_description_semantic] by /roslaunch
[rosmaster.master][INFO] 2017-06-10 14:33:40,191: +PARAM [/robot_description_kinematics/lwr_arm/kinematics_solver_attempts] by /roslaunch
[rosmaster.master][INFO] 2017-06-10 14:33:40,194: +PARAM [/robot_description_planning/joint_limits/lwr_arm_6_joint/max_acceleration] by /roslaunch
[rosmaster.master][INFO] 2017-06-10 14:33:40,198: +PARAM [/robot_description_planning/joint_limits/lwr_arm_5_joint/has_acceleration_limits] by /roslaunch
[rosmaster.master][INFO] 2017-06-10 14:33:40,203: +PARAM [/move_group/planner_configs/RRTstarkConfigDefault/range] by /roslaunch
[rosmaster.master][INFO] 2017-06-10 14:33:40,206: +PARAM [/robot_description_planning/joint_limits/lwr_arm_0_joint/max_acceleration] by /roslaunch
[rosmaster.master][INFO] 2017-06-10 14:33:40,209: +PARAM [/robot_description_planning/joint_limits/lwr_arm_0_joint/has_velocity_limits] by /roslaunch
[rosmaster.master][INFO] 2017-06-10 14:33:40,213: +PARAM [/move_group/max_safe_path_cost] by /roslaunch
[rosmaster.master][INFO] 2017-06-10 14:33:40,216: +PARAM [/move_group/planner_configs/RRTstarkConfigDefault/goal_bias] by /roslaunch
[rosmaster.master][INFO] 2017-06-10 14:33:40,219: +PARAM [/move_group/planning_scene_monitor/publish_planning_scene] by /roslaunch
[rosmaster.master][INFO] 2017-06-10 14:33:40,223: +PARAM [/move_group/planner_configs/PRMkConfigDefault/type] by /roslaunch
[rosmaster.master][INFO] 2017-06-10 14:33:40,226: +PARAM [/move_group/planner_configs/ESTkConfigDefault/range] by /roslaunch
[rosmaster.master][INFO] 2017-06-10 14:33:40,230: +PARAM [/robot_description_planning/joint_limits/lwr_arm_2_joint/max_acceleration] by /roslaunch
[rosmaster.master][INFO] 2017-06-10 14:33:40,233: +PARAM [/move_group/planner_configs/KPIECEkConfigDefault/min_valid_path_fraction] by /roslaunch
[rosmaster.master][INFO] 2017-06-10 14:33:40,236: +PARAM [/move_group/planner_configs/BKPIECEkConfigDefault/border_fraction] by /roslaunch
[rosmaster.master][INFO] 2017-06-10 14:33:40,240: +PARAM [/move_group/planner_configs/PRMkConfigDefault/max_nearest_neighbors] by /roslaunch
[rosmaster.master][INFO] 2017-06-10 14:33:40,243: +PARAM [/move_group/planner_configs/TRRTkConfigDefault/goal_bias] by /roslaunch
[rosmaster.master][INFO] 2017-06-10 14:33:40,246: +PARAM [/move_group/planner_configs/BKPIECEkConfigDefault/min_valid_path_fraction] by /roslaunch
[rosmaster.master][INFO] 2017-06-10 14:33:40,250: +PARAM [/robot_description_planning/joint_limits/lwr_arm_2_joint/has_velocity_limits] by /roslaunch
[rosmaster.master][INFO] 2017-06-10 14:33:40,253: +PARAM [/robot_description_planning/joint_limits/lwr_arm_3_joint/max_velocity] by /roslaunch
[rosmaster.master][INFO] 2017-06-10 14:33:40,256: +PARAM [/robot_description_planning/joint_limits/lwr_arm_4_joint/max_acceleration] by /roslaunch
[rosmaster.master][INFO] 2017-06-10 14:33:40,265: +PARAM [/robot_description_planning/joint_limits/lwr_arm_0_joint/max_velocity] by /roslaunch
[rosmaster.master][INFO] 2017-06-10 14:33:40,268: +PARAM [/move_group/planner_configs/SBLkConfigDefault/range] by /roslaunch
[rosmaster.master][INFO] 2017-06-10 14:33:40,271: +PARAM [/move_group/planner_configs/TRRTkConfigDefault/frountierNodeRatio] by /roslaunch
[rosmaster.master][INFO] 2017-06-10 14:33:40,275: +PARAM [/robot_description_planning/joint_limits/lwr_arm_6_joint/has_acceleration_limits] by /roslaunch
[rosmaster.master][INFO] 2017-06-10 14:33:40,278: +PARAM [/move_group/planning_plugin] by /roslaunch
[rosmaster.master][INFO] 2017-06-10 14:33:40,282: +PARAM [/move_group/planning_scene_monitor/publish_geometry_updates] by /roslaunch
[rosmaster.master][INFO] 2017-06-10 14:33:40,286: +PARAM [/robot_description_planning/joint_limits/lwr_arm_3_joint/max_acceleration] by /roslaunch
[rosmaster.master][INFO] 2017-06-10 14:33:40,289: +PARAM [/move_group/planner_configs/TRRTkConfigDefault/max_states_failed] by /roslaunch
[rosmaster.master][INFO] 2017-06-10 14:33:40,293: +PARAM [/robot_description_planning/joint_limits/lwr_arm_3_joint/has_velocity_limits] by /roslaunch
[rosmaster.master][INFO] 2017-06-10 14:33:40,296: +PARAM [/robot_description_kinematics/lwr_arm/kinematics_solver_timeout] by /roslaunch
[rosmaster.master][INFO] 2017-06-10 14:33:40,300: +PARAM [/move_group/lwr_arm/projection_evaluator] by /roslaunch
[rosmaster.master][INFO] 2017-06-10 14:33:40,303: +PARAM [/robot_description_planning/joint_limits/lwr_arm_1_joint/has_acceleration_limits] by /roslaunch
[rosmaster.master][INFO] 2017-06-10 14:33:40,307: +PARAM [/rosdistro] by /roslaunch
[rosmaster.master][INFO] 2017-06-10 14:33:40,311: +PARAM [/robot_description_planning/joint_limits/lwr_arm_5_joint/max_velocity] by /roslaunch
[rosmaster.master][INFO] 2017-06-10 14:33:40,314: +PARAM [/move_group/planner_configs/PRMstarkConfigDefault/type] by /roslaunch
[rosmaster.master][INFO] 2017-06-10 14:33:40,317: +PARAM [/move_group/planner_configs/RRTkConfigDefault/range] by /roslaunch
[rosmaster.master][INFO] 2017-06-10 14:33:40,321: +PARAM [/move_group/allow_trajectory_execution] by /roslaunch
[rosmaster.master][INFO] 2017-06-10 14:33:40,324: +PARAM [/move_group/lwr_arm/planner_configs] by /roslaunch
[rosmaster.master][INFO] 2017-06-10 14:33:40,327: +PARAM [/move_group/planner_configs/ESTkConfigDefault/type] by /roslaunch
[rosmaster.master][INFO] 2017-06-10 14:33:40,331: +PARAM [/move_group/start_state_max_bounds_error] by /roslaunch
[rosmaster.master][INFO] 2017-06-10 14:33:40,335: +PARAM [/move_group/planner_configs/TRRTkConfigDefault/init_temperature] by /roslaunch
[rosmaster.master][INFO] 2017-06-10 14:33:40,338: +PARAM [/move_group/planner_configs/BKPIECEkConfigDefault/type] by /roslaunch
[rosmaster.master][INFO] 2017-06-10 14:33:40,342: +PARAM [/move_group/planner_configs/KPIECEkConfigDefault/border_fraction] by /roslaunch
[rosmaster.master][INFO] 2017-06-10 14:33:40,345: +PARAM [/robot_description_planning/joint_limits/lwr_arm_4_joint/has_velocity_limits] by /roslaunch
[rosmaster.master][INFO] 2017-06-10 14:33:40,348: +PARAM [/move_group/planner_configs/ESTkConfigDefault/goal_bias] by /roslaunch
[rosmaster.master][INFO] 2017-06-10 14:33:40,352: +PARAM [/move_group/planner_configs/LBKPIECEkConfigDefault/border_fraction] by /roslaunch
[rosmaster.master][INFO] 2017-06-10 14:33:40,355: +PARAM [/move_group/jiggle_fraction] by /roslaunch
[rosmaster.master][INFO] 2017-06-10 14:33:40,359: +PARAM [/move_group/planner_configs/TRRTkConfigDefault/range] by /roslaunch
[rosmaster.master][INFO] 2017-06-10 14:33:40,363: +PARAM [/move_group/planning_scene_monitor/publish_state_updates] by /roslaunch
[rosmaster.master][INFO] 2017-06-10 14:33:40,366: +PARAM [/move_group/planner_configs/TRRTkConfigDefault/temp_change_factor] by /roslaunch
[rosmaster.master][INFO] 2017-06-10 14:33:40,371: +PARAM [/robot_description_planning/joint_limits/lwr_arm_6_joint/max_velocity] by /roslaunch
[rosmaster.master][INFO] 2017-06-10 14:33:40,375: +PARAM [/robot_description_planning/joint_limits/lwr_arm_1_joint/max_velocity] by /roslaunch
[rosmaster.master][INFO] 2017-06-10 14:33:40,379: +PARAM [/move_group/planner_configs/SBLkConfigDefault/type] by /roslaunch
[rosmaster.master][INFO] 2017-06-10 14:33:40,383: +PARAM [/robot_description] by /roslaunch
[rosmaster.master][INFO] 2017-06-10 14:33:40,387: +PARAM [/move_group/capabilities] by /roslaunch
[rosmaster.master][INFO] 2017-06-10 14:33:40,391: +PARAM [/move_group/planner_configs/LBKPIECEkConfigDefault/range] by /roslaunch
[rosmaster.master][INFO] 2017-06-10 14:33:40,394: +PARAM [/robot_description_planning/joint_limits/lwr_arm_5_joint/max_acceleration] by /roslaunch
[rosmaster.master][INFO] 2017-06-10 14:33:40,398: +PARAM [/move_group/planner_configs/KPIECEkConfigDefault/range] by /roslaunch
[rosmaster.master][INFO] 2017-06-10 14:33:40,401: +PARAM [/move_group/planner_configs/BKPIECEkConfigDefault/range] by /roslaunch
[rosmaster.master][INFO] 2017-06-10 14:33:40,406: +PARAM [/move_group/planner_configs/TRRTkConfigDefault/type] by /roslaunch
[rosmaster.master][INFO] 2017-06-10 14:33:40,409: +PARAM [/move_group/planner_configs/KPIECEkConfigDefault/goal_bias] by /roslaunch
[rosmaster.master][INFO] 2017-06-10 14:33:40,413: +PARAM [/move_group/planner_configs/RRTConnectkConfigDefault/range] by /roslaunch
[rosmaster.master][INFO] 2017-06-10 14:33:40,416: +PARAM [/move_group/request_adapters] by /roslaunch
[rosmaster.master][INFO] 2017-06-10 14:33:40,419: +PARAM [/move_group/planner_configs/TRRTkConfigDefault/min_temperature] by /roslaunch
[rosmaster.master][INFO] 2017-06-10 14:33:40,423: +PARAM [/robot_description_planning/joint_limits/lwr_arm_6_joint/has_velocity_limits] by /roslaunch
[rosmaster.master][INFO] 2017-06-10 14:33:40,426: +PARAM [/robot_description_planning/joint_limits/lwr_arm_1_joint/has_velocity_limits] by /roslaunch
[rosmaster.master][INFO] 2017-06-10 14:33:40,429: +PARAM [/move_group/planner_configs/KPIECEkConfigDefault/failed_expansion_score_factor] by /roslaunch
[rosmaster.master][INFO] 2017-06-10 14:33:40,434: +PARAM [/move_group/planning_scene_monitor/publish_transforms_updates] by /roslaunch
[rosmaster.master][INFO] 2017-06-10 14:33:40,437: +PARAM [/robot_description_planning/joint_limits/lwr_arm_5_joint/has_velocity_limits] by /roslaunch
[rosmaster.master][INFO] 2017-06-10 14:33:40,440: +PARAM [/robot_description_planning/joint_limits/lwr_arm_3_joint/has_acceleration_limits] by /roslaunch
[rosmaster.master][INFO] 2017-06-10 14:33:40,444: +PARAM [/move_group/planner_configs/RRTstarkConfigDefault/type] by /roslaunch
[rosmaster.master][INFO] 2017-06-10 14:33:40,448: +PARAM [/move_group/lwr_arm/longest_valid_segment_fraction] by /roslaunch
[rosmaster.master][INFO] 2017-06-10 14:33:40,451: +PARAM [/move_group/planner_configs/RRTstarkConfigDefault/delay_collision_checking] by /roslaunch
[rosmaster.master][INFO] 2017-06-10 14:33:40,455: +PARAM [/move_group/planner_configs/KPIECEkConfigDefault/type] by /roslaunch
[rosmaster.master][INFO] 2017-06-10 14:33:40,458: +PARAM [/robot_description_kinematics/lwr_arm/kinematics_solver_search_resolution] by /roslaunch
[rosmaster.master][INFO] 2017-06-10 14:33:40,462: +PARAM [/move_group/planner_configs/RRTConnectkConfigDefault/type] by /roslaunch
[rosmaster.master][INFO] 2017-06-10 14:33:40,465: +PARAM [/robot_description_planning/joint_limits/lwr_arm_2_joint/has_acceleration_limits] by /roslaunch
[rosmaster.master][INFO] 2017-06-10 14:33:40,469: +PARAM [/move_group/planner_configs/BKPIECEkConfigDefault/failed_expansion_score_factor] by /roslaunch
[rosmaster.master][INFO] 2017-06-10 14:33:40,476: +PARAM [/robot_description_planning/joint_limits/lwr_arm_2_joint/max_velocity] by /roslaunch
[rosmaster.master][INFO] 2017-06-10 14:33:40,480: +PARAM [/move_group/planner_configs/LBKPIECEkConfigDefault/min_valid_path_fraction] by /roslaunch
[rosmaster.master][INFO] 2017-06-10 14:33:40,483: +PARAM [/rosversion] by /roslaunch
[rosmaster.master][INFO] 2017-06-10 14:33:40,487: +PARAM [/robot_description_planning/joint_limits/lwr_arm_4_joint/max_velocity] by /roslaunch
[rosmaster.master][INFO] 2017-06-10 14:33:40,491: +PARAM [/robot_description_planning/joint_limits/lwr_arm_4_joint/has_acceleration_limits] by /roslaunch
[rosmaster.master][INFO] 2017-06-10 14:33:40,494: +PARAM [/robot_description_planning/joint_limits/lwr_arm_0_joint/has_acceleration_limits] by /roslaunch
[rosmaster.master][INFO] 2017-06-10 14:33:40,498: +PARAM [/robot_description_planning/joint_limits/lwr_arm_1_joint/max_acceleration] by /roslaunch
[rosmaster.master][INFO] 2017-06-10 14:33:40,501: +PARAM [/move_group/planner_configs/TRRTkConfigDefault/k_constant] by /roslaunch
[rosmaster.master][INFO] 2017-06-10 14:33:40,505: +PARAM [/move_group/planner_configs/TRRTkConfigDefault/frountier_threshold] by /roslaunch
[rosmaster.master][INFO] 2017-06-10 14:33:40,508: +PARAM [/move_group/planner_configs/LBKPIECEkConfigDefault/type] by /roslaunch
[rosmaster.master][INFO] 2017-06-10 14:33:40,512: +PARAM [/move_group/planner_configs/RRTkConfigDefault/type] by /roslaunch
[rosmaster.master][INFO] 2017-06-10 14:33:40,866: +PUB [/rosout] /robot_sim http://ip-172-31-19-100:45378/
[rosmaster.master][INFO] 2017-06-10 14:33:40,870: +SERVICE [/robot_sim/get_loggers] /robot_sim http://ip-172-31-19-100:45378/
[rosmaster.master][INFO] 2017-06-10 14:33:40,875: +SERVICE [/robot_sim/set_logger_level] /robot_sim http://ip-172-31-19-100:45378/
[rosmaster.master][INFO] 2017-06-10 14:33:40,886: +PUB [/joint_states] /robot_sim http://ip-172-31-19-100:45378/
[rosmaster.master][INFO] 2017-06-10 14:33:40,892: publisherUpdate[/rosout] -> http://ip-172-31-19-100:37260/
[rosmaster.master][INFO] 2017-06-10 14:33:40,895: +SUB [/joint_velocities] /robot_sim http://ip-172-31-19-100:45378/
[rosmaster.master][INFO] 2017-06-10 14:33:40,903: +PUB [/rosout] /robot_state_publisher http://ip-172-31-19-100:56255/
[rosmaster.master][INFO] 2017-06-10 14:33:40,908: +SERVICE [/robot_state_publisher/get_loggers] /robot_state_publisher http://ip-172-31-19-100:56255/
[rosmaster.master][INFO] 2017-06-10 14:33:40,912: +SUB [/joint_positions] /robot_sim http://ip-172-31-19-100:45378/
[rosmaster.master][INFO] 2017-06-10 14:33:40,916: +SERVICE [/robot_state_publisher/set_logger_level] /robot_state_publisher http://ip-172-31-19-100:56255/
[rosmaster.master][INFO] 2017-06-10 14:33:40,923: +SUB [/joint_command] /robot_sim http://ip-172-31-19-100:45378/
[rosmaster.master][INFO] 2017-06-10 14:33:40,928: +PUB [/tf] /robot_state_publisher http://ip-172-31-19-100:56255/
[rosmaster.master][INFO] 2017-06-10 14:33:40,933: +PUB [/tf_static] /robot_state_publisher http://ip-172-31-19-100:56255/
[rosmaster.master][INFO] 2017-06-10 14:33:40,937: +SUB [/joint_trajectory] /robot_sim http://ip-172-31-19-100:45378/
[rosmaster.master][INFO] 2017-06-10 14:33:40,949: +SUB [/joint_states] /robot_state_publisher http://ip-172-31-19-100:56255/
[rosmaster.master][INFO] 2017-06-10 14:33:40,997: publisherUpdate[/rosout] -> http://ip-172-31-19-100:37260/
[rosmaster.master][INFO] 2017-06-10 14:33:41,000: publisherUpdate[/tf] -> http://ip-172-31-19-100:32909/
[rosmaster.master][INFO] 2017-06-10 14:33:41,002: publisherUpdate[/tf] -> http://ip-172-31-19-100:32865/
[rosmaster.master][INFO] 2017-06-10 14:33:41,015: publisherUpdate[/tf_static] -> http://ip-172-31-19-100:32909/
[rosmaster.master][INFO] 2017-06-10 14:33:41,019: publisherUpdate[/tf_static] -> http://ip-172-31-19-100:32865/
[rosmaster.master][INFO] 2017-06-10 14:33:41,110: +PUB [/rosout] /move_group http://ip-172-31-19-100:40687/
[rosmaster.master][INFO] 2017-06-10 14:33:41,116: +SERVICE [/move_group/get_loggers] /move_group http://ip-172-31-19-100:40687/
[rosmaster.master][INFO] 2017-06-10 14:33:41,120: publisherUpdate[/rosout] -> http://ip-172-31-19-100:37260/
[rosmaster.master][INFO] 2017-06-10 14:33:41,120: +SERVICE [/move_group/set_logger_level] /move_group http://ip-172-31-19-100:40687/
[rosmaster.master][INFO] 2017-06-10 14:33:41,135: +SUB [/tf] /move_group http://ip-172-31-19-100:40687/
[rosmaster.master][INFO] 2017-06-10 14:33:41,145: +SUB [/tf_static] /move_group http://ip-172-31-19-100:40687/
[rosmaster.master][INFO] 2017-06-10 14:33:41,356: +SERVICE [/move_group/planning_scene_monitor/set_parameters] /move_group http://ip-172-31-19-100:40687/
[rosmaster.master][INFO] 2017-06-10 14:33:41,362: +PUB [/move_group/planning_scene_monitor/parameter_descriptions] /move_group http://ip-172-31-19-100:40687/
[rosmaster.master][INFO] 2017-06-10 14:33:41,368: +PUB [/move_group/planning_scene_monitor/parameter_updates] /move_group http://ip-172-31-19-100:40687/
[rosmaster.master][INFO] 2017-06-10 14:33:41,377: +PARAM [/move_group/planning_scene_monitor/publish_planning_scene] by /move_group
[rosmaster.master][INFO] 2017-06-10 14:33:41,381: +PARAM [/move_group/planning_scene_monitor/publish_planning_scene_hz] by /move_group
[rosmaster.master][INFO] 2017-06-10 14:33:41,386: +PARAM [/move_group/planning_scene_monitor/publish_geometry_updates] by /move_group
[rosmaster.master][INFO] 2017-06-10 14:33:41,390: +PARAM [/move_group/planning_scene_monitor/publish_state_updates] by /move_group
[rosmaster.master][INFO] 2017-06-10 14:33:41,395: +PARAM [/move_group/planning_scene_monitor/publish_transforms_updates] by /move_group
[rosmaster.master][INFO] 2017-06-10 14:33:41,397: +PUB [/rosout] /move_group_commander_wrappers_1497130421391981965 http://ip-172-31-19-100:42028/
[rosmaster.master][INFO] 2017-06-10 14:33:41,402: +PUB [/move_group/monitored_planning_scene] /move_group http://ip-172-31-19-100:40687/
[rosmaster.master][INFO] 2017-06-10 14:33:41,406: +SERVICE [/move_group_commander_wrappers_1497130421391981965/get_loggers] /move_group_commander_wrappers_1497130421391981965 http://ip-172-31-19-100:42028/
[rosmaster.master][INFO] 2017-06-10 14:33:41,406: publisherUpdate[/rosout] -> http://ip-172-31-19-100:37260/
[rosmaster.master][INFO] 2017-06-10 14:33:41,407: +PARAM [/move_group/planning_scene_monitor/publish_planning_scene] by /move_group
[rosmaster.master][INFO] 2017-06-10 14:33:41,410: +SERVICE [/move_group_commander_wrappers_1497130421391981965/set_logger_level] /move_group_commander_wrappers_1497130421391981965 http://ip-172-31-19-100:42028/
[rosmaster.master][INFO] 2017-06-10 14:33:41,417: +PARAM [/move_group/planning_scene_monitor/publish_planning_scene_hz] by /move_group
[rosmaster.master][INFO] 2017-06-10 14:33:41,425: +PARAM [/move_group/planning_scene_monitor/publish_geometry_updates] by /move_group
[rosmaster.master][INFO] 2017-06-10 14:33:41,430: +PARAM [/move_group/planning_scene_monitor/publish_state_updates] by /move_group
[rosmaster.master][INFO] 2017-06-10 14:33:41,434: +PARAM [/move_group/planning_scene_monitor/publish_transforms_updates] by /move_group
[rosmaster.master][INFO] 2017-06-10 14:33:41,445: +SUB [/planning_scene] /move_group http://ip-172-31-19-100:40687/
[rosmaster.master][INFO] 2017-06-10 14:33:41,455: +SUB [/collision_object] /move_group http://ip-172-31-19-100:40687/
[rosmaster.master][INFO] 2017-06-10 14:33:41,464: +SUB [/planning_scene_world] /move_group http://ip-172-31-19-100:40687/
[rosmaster.master][INFO] 2017-06-10 14:33:41,472: +SERVICE [/move_group/save_map] /move_group http://ip-172-31-19-100:40687/
[rosmaster.master][INFO] 2017-06-10 14:33:41,477: +SERVICE [/move_group/load_map] /move_group http://ip-172-31-19-100:40687/
[rosmaster.master][INFO] 2017-06-10 14:33:41,485: +SUB [/joint_states] /move_group http://ip-172-31-19-100:40687/
[rosmaster.master][INFO] 2017-06-10 14:33:41,495: +SUB [/attached_collision_object] /move_group http://ip-172-31-19-100:40687/
[rosmaster.master][INFO] 2017-06-10 14:33:41,590: +PUB [/rosout] /marker_control_21804_1497130421421 http://ip-172-31-19-100:54987/
[rosmaster.master][INFO] 2017-06-10 14:33:41,594: +SERVICE [/move_group/ompl/set_parameters] /move_group http://ip-172-31-19-100:40687/
[rosmaster.master][INFO] 2017-06-10 14:33:41,599: +PUB [/move_group/ompl/parameter_descriptions] /move_group http://ip-172-31-19-100:40687/
[rosmaster.master][INFO] 2017-06-10 14:33:41,605: +SERVICE [/marker_control_21804_1497130421421/get_loggers] /marker_control_21804_1497130421421 http://ip-172-31-19-100:54987/
[rosmaster.master][INFO] 2017-06-10 14:33:41,608: +PUB [/move_group/ompl/parameter_updates] /move_group http://ip-172-31-19-100:40687/
[rosmaster.master][INFO] 2017-06-10 14:33:41,612: +SERVICE [/marker_control_21804_1497130421421/set_logger_level] /marker_control_21804_1497130421421 http://ip-172-31-19-100:54987/
[rosmaster.master][INFO] 2017-06-10 14:33:41,615: publisherUpdate[/rosout] -> http://ip-172-31-19-100:37260/
[rosmaster.master][INFO] 2017-06-10 14:33:41,617: +PUB [/planning_scene] /move_group_commander_wrappers_1497130421391981965 http://ip-172-31-19-100:42028/
[rosmaster.master][INFO] 2017-06-10 14:33:41,618: +PARAM [/move_group/ompl/simplify_solutions] by /move_group
[rosmaster.master][INFO] 2017-06-10 14:33:41,620: publisherUpdate[/planning_scene] -> http://ip-172-31-19-100:40687/
[rosmaster.master][INFO] 2017-06-10 14:33:41,625: +PUB [/collision_object] /marker_control_21804_1497130421421 http://ip-172-31-19-100:54987/
[rosmaster.master][INFO] 2017-06-10 14:33:41,628: +PARAM [/move_group/ompl/minimum_waypoint_count] by /move_group
[rosmaster.master][INFO] 2017-06-10 14:33:41,634: publisherUpdate[/collision_object] -> http://ip-172-31-19-100:40687/
[rosmaster.master][INFO] 2017-06-10 14:33:41,638: +PUB [/attached_collision_object] /marker_control_21804_1497130421421 http://ip-172-31-19-100:54987/
[rosmaster.master][INFO] 2017-06-10 14:33:41,641: +PARAM [/move_group/ompl/maximum_waypoint_distance] by /move_group
[rosmaster.master][INFO] 2017-06-10 14:33:41,645: publisherUpdate[/attached_collision_object] -> http://ip-172-31-19-100:40687/
[rosmaster.master][INFO] 2017-06-10 14:33:41,649: +PUB [/visualization_marker_array] /marker_control_21804_1497130421421 http://ip-172-31-19-100:54987/
[rosmaster.master][INFO] 2017-06-10 14:33:41,654: +PARAM [/move_group/ompl/link_for_exploration_tree] by /move_group
[rosmaster.master][INFO] 2017-06-10 14:33:41,661: +PUB [/motion_planning_goal] /marker_control_21804_1497130421421 http://ip-172-31-19-100:54987/
[rosmaster.master][INFO] 2017-06-10 14:33:41,665: +PARAM [/move_group/ompl/display_random_valid_states] by /move_group
[rosmaster.master][INFO] 2017-06-10 14:33:41,669: +SUB [/joint_trajectory] /marker_control_21804_1497130421421 http://ip-172-31-19-100:54987/
[rosmaster.master][INFO] 2017-06-10 14:33:41,672: +PARAM [/move_group/ompl/simplify_solutions] by /move_group
[rosmaster.master][INFO] 2017-06-10 14:33:41,676: +PUB [/control_markers/update_full] /marker_control_21804_1497130421421 http://ip-172-31-19-100:54987/
[rosmaster.master][INFO] 2017-06-10 14:33:41,679: +PARAM [/move_group/ompl/minimum_waypoint_count] by /move_group
[rosmaster.master][INFO] 2017-06-10 14:33:41,683: +PUB [/control_markers/update] /marker_control_21804_1497130421421 http://ip-172-31-19-100:54987/
[rosmaster.master][INFO] 2017-06-10 14:33:41,686: +PARAM [/move_group/ompl/maximum_waypoint_distance] by /move_group
[rosmaster.master][INFO] 2017-06-10 14:33:41,691: +SUB [/control_markers/feedback] /marker_control_21804_1497130421421 http://ip-172-31-19-100:54987/
[rosmaster.master][INFO] 2017-06-10 14:33:41,694: +PARAM [/move_group/ompl/link_for_exploration_tree] by /move_group
[rosmaster.master][INFO] 2017-06-10 14:33:41,701: +PARAM [/move_group/ompl/display_random_valid_states] by /move_group
[rosmaster.master][INFO] 2017-06-10 14:33:41,726: publisherUpdate[/control_markers/update] -> http://ip-172-31-19-100:32865/
[rosmaster.master][INFO] 2017-06-10 14:33:41,752: +PUB [/move_group/display_planned_path] /move_group http://ip-172-31-19-100:40687/
[rosmaster.master][INFO] 2017-06-10 14:33:41,757: +PUB [/move_group/display_contacts] /move_group http://ip-172-31-19-100:40687/
[rosmaster.master][INFO] 2017-06-10 14:33:41,808: +SERVICE [/apply_planning_scene] /move_group http://ip-172-31-19-100:40687/
[rosmaster.master][INFO] 2017-06-10 14:33:41,813: +SERVICE [/clear_octomap] /move_group http://ip-172-31-19-100:40687/
[rosmaster.master][INFO] 2017-06-10 14:33:41,817: +SERVICE [/compute_cartesian_path] /move_group http://ip-172-31-19-100:40687/
[rosmaster.master][INFO] 2017-06-10 14:33:41,822: +SERVICE [/execute_kinematic_path] /move_group http://ip-172-31-19-100:40687/
[rosmaster.master][INFO] 2017-06-10 14:33:41,830: +PUB [/execute_trajectory/result] /move_group http://ip-172-31-19-100:40687/
[rosmaster.master][INFO] 2017-06-10 14:33:41,834: +PUB [/execute_trajectory/feedback] /move_group http://ip-172-31-19-100:40687/
[rosmaster.master][INFO] 2017-06-10 14:33:41,838: +PUB [/execute_trajectory/status] /move_group http://ip-172-31-19-100:40687/
[rosmaster.master][INFO] 2017-06-10 14:33:41,854: +SUB [/execute_trajectory/goal] /move_group http://ip-172-31-19-100:40687/
[rosmaster.master][INFO] 2017-06-10 14:33:41,863: +SUB [/execute_trajectory/cancel] /move_group http://ip-172-31-19-100:40687/
[rosmaster.master][INFO] 2017-06-10 14:33:41,868: +SERVICE [/get_planning_scene] /move_group http://ip-172-31-19-100:40687/
[rosmaster.master][INFO] 2017-06-10 14:33:41,872: +SERVICE [/compute_fk] /move_group http://ip-172-31-19-100:40687/
[rosmaster.master][INFO] 2017-06-10 14:33:41,876: +SERVICE [/compute_ik] /move_group http://ip-172-31-19-100:40687/
[rosmaster.master][INFO] 2017-06-10 14:33:41,883: +PUB [/move_group/result] /move_group http://ip-172-31-19-100:40687/
[rosmaster.master][INFO] 2017-06-10 14:33:41,887: +PUB [/move_group/feedback] /move_group http://ip-172-31-19-100:40687/
[rosmaster.master][INFO] 2017-06-10 14:33:41,891: +PUB [/move_group/status] /move_group http://ip-172-31-19-100:40687/
[rosmaster.master][INFO] 2017-06-10 14:33:41,903: +SUB [/move_group/goal] /move_group http://ip-172-31-19-100:40687/
[rosmaster.master][INFO] 2017-06-10 14:33:41,911: +SUB [/move_group/cancel] /move_group http://ip-172-31-19-100:40687/
[rosmaster.master][INFO] 2017-06-10 14:33:41,960: +PUB [/pickup/result] /move_group http://ip-172-31-19-100:40687/
[rosmaster.master][INFO] 2017-06-10 14:33:41,965: +PUB [/pickup/feedback] /move_group http://ip-172-31-19-100:40687/
[rosmaster.master][INFO] 2017-06-10 14:33:41,969: +PUB [/pickup/status] /move_group http://ip-172-31-19-100:40687/
[rosmaster.master][INFO] 2017-06-10 14:33:41,981: +SUB [/pickup/goal] /move_group http://ip-172-31-19-100:40687/
[rosmaster.master][INFO] 2017-06-10 14:33:41,989: +SUB [/pickup/cancel] /move_group http://ip-172-31-19-100:40687/
[rosmaster.master][INFO] 2017-06-10 14:33:41,995: +PUB [/place/result] /move_group http://ip-172-31-19-100:40687/
[rosmaster.master][INFO] 2017-06-10 14:33:42,000: +PUB [/place/feedback] /move_group http://ip-172-31-19-100:40687/
[rosmaster.master][INFO] 2017-06-10 14:33:42,004: +PUB [/place/status] /move_group http://ip-172-31-19-100:40687/
[rosmaster.master][INFO] 2017-06-10 14:33:42,017: +SUB [/place/goal] /move_group http://ip-172-31-19-100:40687/
[rosmaster.master][INFO] 2017-06-10 14:33:42,025: +SUB [/place/cancel] /move_group http://ip-172-31-19-100:40687/
[rosmaster.master][INFO] 2017-06-10 14:33:42,030: +SERVICE [/plan_kinematic_path] /move_group http://ip-172-31-19-100:40687/
[rosmaster.master][INFO] 2017-06-10 14:33:42,035: +SERVICE [/query_planner_interface] /move_group http://ip-172-31-19-100:40687/
[rosmaster.master][INFO] 2017-06-10 14:33:42,039: +SERVICE [/check_state_validity] /move_group http://ip-172-31-19-100:40687/
[rosmaster.master][INFO] 2017-06-10 14:33:42,202: +SUB [/control_markers/update_full] /interactive_marker_proxy http://ip-172-31-19-100:32865/
[rosmaster.master][INFO] 2017-06-10 14:33:42,353: -SUB [/control_markers/update_full] /interactive_marker_proxy http://ip-172-31-19-100:32865/
[rosmaster.master][INFO] 2017-06-10 14:33:46,947: +PUB [/tf2_web_republisher/goal] /rosbridge_websocket http://ip-172-31-19-100:36636/
[rosmaster.master][INFO] 2017-06-10 14:33:46,955: +PUB [/tf2_web_republisher/cancel] /rosbridge_websocket http://ip-172-31-19-100:36636/
[rosmaster.master][INFO] 2017-06-10 14:33:46,963: +SUB [/tf2_web_republisher/feedback] /rosbridge_websocket http://ip-172-31-19-100:36636/
[rosmaster.master][INFO] 2017-06-10 14:33:46,965: publisherUpdate[/tf2_web_republisher/goal] -> http://ip-172-31-19-100:32909/
[rosmaster.master][INFO] 2017-06-10 14:33:46,975: publisherUpdate[/tf2_web_republisher/cancel] -> http://ip-172-31-19-100:32909/
[rosmaster.master][INFO] 2017-06-10 14:33:46,982: +SUB [/visualization_marker_array] /rosbridge_websocket http://ip-172-31-19-100:36636/
[rosmaster.master][INFO] 2017-06-10 14:33:46,998: +SUB [/control_markers/tunneled/update] /rosbridge_websocket http://ip-172-31-19-100:36636/
[rosmaster.master][INFO] 2017-06-10 14:33:47,012: +PUB [/control_markers/feedback] /rosbridge_websocket http://ip-172-31-19-100:36636/
[rosmaster.master][INFO] 2017-06-10 14:33:47,035: publisherUpdate[/control_markers/feedback] -> http://ip-172-31-19-100:54987/
