[roslaunch][INFO] 2017-06-10 22:58:12,628: Checking log directory for disk usage. This may take awhile.
Press Ctrl-C to interrupt
[roslaunch][INFO] 2017-06-10 22:58:12,686: Done checking log file disk usage. Usage is <1GB.
[roslaunch][INFO] 2017-06-10 22:58:12,686: roslaunch starting with args ['/opt/ros/indigo/bin/roslaunch', '-p', '52840', 'motion_planning', 'mp.launch']
[roslaunch][INFO] 2017-06-10 22:58:12,690: roslaunch env is {'ROS_DISTRO': 'indigo', 'ASNLIB': '/home/ccc_v1_s54106__48606/asn13529_Project_5/asn13530_Project_4/asnlib', 'LIB': '/home/ccc_v1_s54106__48606/lib', 'PKG_CONFIG_PATH': '/home/ccc_v1_w_dd4cc_18220/asn13529_Project_5/asn13530_Project_4/work/catkin_ws/devel/lib/pkgconfig:/opt/ros/indigo/lib/x86_64-linux-gnu/pkgconfig:/opt/ros/indigo/lib/pkgconfig', 'SSH_CLIENT': '172.31.7.153 52074 22', 'CPATH': '/opt/ros/indigo/include', 'LOGNAME': 'ccc_v1_w_dd4cc_18220', 'USER': 'ccc_v1_w_dd4cc_18220', 'ROS_NODE_PORT': '52840', 'HOME': '/home/ccc_v1_w_dd4cc_18220/asn13529_Project_5/asn13530_Project_4/work', 'PATH': '/opt/ros/indigo/bin:/usr/local/sbin:/usr/local/bin:/usr/sbin:/usr/bin:/sbin:/bin:/usr/games:/usr/local/games:/home/local/bin:/home/ccc_v1_s54106__48606/lib:/home/ccc_v1_s54106__48606/asn13529_Project_5/asn13530_Project_4/asnlib:/home/vlibs:.', 'CMAKE_PREFIX_PATH': '/home/ccc_v1_w_dd4cc_18220/asn13529_Project_5/asn13530_Project_4/work/catkin_ws/devel:/opt/ros/indigo', 'LD_LIBRARY_PATH': '/home/ccc_v1_w_dd4cc_18220/asn13529_Project_5/asn13530_Project_4/work/catkin_ws/devel/lib:/opt/ros/indigo/lib/x86_64-linux-gnu:/opt/ros/indigo/lib:/home/ccc_v1_s54106__48606/lib:/home/ccc_v1_s54106__48606/asn13529_Project_5/asn13530_Project_4/asnlib:/home/vlibs', 'LANG': 'en_US.UTF-8', 'TERM': 'xterm-256color', 'SHELL': '/bin/bash', 'HISTFILE': '/home/ccc_v1_w_dd4cc_18220/.bash_history', 'SHLVL': '2', 'VOC_WORKAREA': '/home/ccc_v1_w_dd4cc_18220/asn13529_Project_5/asn13530_Project_4/work', 'ROS_LOG_FILENAME': '/home/ccc_v1_w_dd4cc_18220/asn13529_Project_5/asn13530_Project_4/work/.ros/log/f183c4b0-4e6a-11e7-b2a9-06f360e4abc1/roslaunch-ip-172-31-19-100-13170.log', 'PART1': '/home/ccc_v1_s54106__48606/asn13529_Project_5/asn13530_Project_4', 'ROS_ETC_DIR': '/opt/ros/indigo/etc/ros', 'XDG_RUNTIME_DIR': '/run/user/18220', 'PYTHONPATH': '/opt/ros/indigo/lib/python2.7/dist-packages:/home/vlibs/python', 'VOC_PROXY_WRAPPER_PORT': '5100', 'VOC_XFER_TOKEN': '5697931404354243542135300593cdbe7e50d76.91330001', 'ROS_ROOT': '/opt/ros/indigo/share/ros', 'OLD_HOME': '/home/ccc_v1_w_dd4cc_18220', 'VOC_PROXY_TOKEN': '147192567143542435421353001593cdbe7ee06c6.71838262', 'ROS_PACKAGE_PATH': '/home/ccc_v1_w_dd4cc_18220/asn13529_Project_5/asn13530_Project_4/work/catkin_ws/src:/opt/ros/indigo/share:/opt/ros/indigo/stacks', 'XDG_SESSION_ID': '324636', '_': '/usr/bin/stdbuf', 'LD_PRELOAD': '/usr/lib/coreutils/libstdbuf.so', '_STDBUF_O': 'L', 'SSH_TTY': '/dev/pts/6', 'OLDPWD': '/home/ccc_v1_w_dd4cc_18220/asn13529_Project_5/asn13530_Project_4/work/catkin_ws', 'ROSLISP_PACKAGE_DIRECTORIES': '/home/ccc_v1_w_dd4cc_18220/asn13529_Project_5/asn13530_Project_4/work/catkin_ws/devel/share/common-lisp', 'VLIB': '/home/vlibs', 'PWD': '/home/ccc_v1_w_dd4cc_18220/asn13529_Project_5/asn13530_Project_4/work', 'VOC_PROXY_ID': '43542_43542_13530_0_1', 'ROS_MASTER_URI': 'http://localhost:52840', 'MAIL': '/var/mail/ccc_v1_w_dd4cc_18220', 'SSH_CONNECTION': '172.31.7.153 52074 172.31.19.100 22'}
[roslaunch][INFO] 2017-06-10 22:58:12,693: starting in server mode
[roslaunch.parent][INFO] 2017-06-10 22:58:12,697: starting roslaunch parent run
[roslaunch][INFO] 2017-06-10 22:58:12,700: loading roscore config file /opt/ros/indigo/etc/ros/roscore.xml
[roslaunch][INFO] 2017-06-10 22:58:12,837: Added core node of type [rosout/rosout] in namespace [/]
[roslaunch.config][INFO] 2017-06-10 22:58:12,838: loading config file /home/ccc_v1_w_dd4cc_18220/asn13529_Project_5/asn13530_Project_4/work/catkin_ws/src/motion_planning/launch/mp.launch
[roslaunch][INFO] 2017-06-10 22:58:13,160: Added node of type [robot_sim/robot_sim_bringup] in namespace [/]
[roslaunch][INFO] 2017-06-10 22:58:13,161: Added node of type [robot_state_publisher/robot_state_publisher] in namespace [/]
[roslaunch][INFO] 2017-06-10 22:58:13,221: Added node of type [moveit_ros_move_group/move_group] in namespace [/]
[roslaunch][INFO] 2017-06-10 22:58:13,225: ... selected machine [] for node of type [robot_sim/robot_sim_bringup]
[roslaunch][INFO] 2017-06-10 22:58:13,229: ... selected machine [] for node of type [robot_state_publisher/robot_state_publisher]
[roslaunch][INFO] 2017-06-10 22:58:13,234: ... selected machine [] for node of type [moveit_ros_move_group/move_group]
[roslaunch.pmon][INFO] 2017-06-10 22:58:13,239: start_process_monitor: creating ProcessMonitor
[roslaunch.pmon][INFO] 2017-06-10 22:58:13,242: created process monitor <ProcessMonitor(ProcessMonitor-1, initial daemon)>
[roslaunch.pmon][INFO] 2017-06-10 22:58:13,246: start_process_monitor: ProcessMonitor started
[roslaunch.parent][INFO] 2017-06-10 22:58:13,249: starting parent XML-RPC server
[roslaunch.server][INFO] 2017-06-10 22:58:13,253: starting roslaunch XML-RPC server
[roslaunch.server][INFO] 2017-06-10 22:58:13,256: waiting for roslaunch XML-RPC server to initialize
[xmlrpc][INFO] 2017-06-10 22:58:13,256: XML-RPC server binding to 0.0.0.0:0
[xmlrpc][INFO] 2017-06-10 22:58:13,263: Started XML-RPC server [http://ip-172-31-19-100:48914/]
[xmlrpc][INFO] 2017-06-10 22:58:13,266: xml rpc node: starting XML-RPC server
[roslaunch][INFO] 2017-06-10 22:58:13,274: started roslaunch server http://ip-172-31-19-100:48914/
[roslaunch.parent][INFO] 2017-06-10 22:58:13,278: ... parent XML-RPC server started
[roslaunch][INFO] 2017-06-10 22:58:13,282: master.is_running[http://ip-172-31-19-100:52840/]
[roslaunch][INFO] 2017-06-10 22:58:13,286: master.is_running[http://ip-172-31-19-100:52840/]
[roslaunch][INFO] 2017-06-10 22:58:13,291: ROS_MASTER_URI=http://ip-172-31-19-100:52840/
[roslaunch][INFO] 2017-06-10 22:58:13,297: setting /roslaunch/uris/host_ip_172_31_19_100__48914' to http://ip-172-31-19-100:48914/
[roslaunch][INFO] 2017-06-10 22:58:13,303: load_parameters starting ...
[roslaunch][INFO] 2017-06-10 22:58:13,665: ... load_parameters complete
[roslaunch][INFO] 2017-06-10 22:58:13,669: launch_nodes: launching local nodes ...
[roslaunch][INFO] 2017-06-10 22:58:13,673: ... preparing to launch node of type [robot_sim/robot_sim_bringup]
[roslaunch][INFO] 2017-06-10 22:58:13,676: create_node_process: package[robot_sim] type[robot_sim_bringup] machine[Machine(name[] env_loader[None] address[localhost] ssh_port[22] user[None] assignable[True] timeout[10.0])] master_uri[http://ip-172-31-19-100:52840/]
[roslaunch][INFO] 2017-06-10 22:58:13,680: process[robot_sim-1]: env[{'ROS_DISTRO': 'indigo', 'ASNLIB': '/home/ccc_v1_s54106__48606/asn13529_Project_5/asn13530_Project_4/asnlib', 'LIB': '/home/ccc_v1_s54106__48606/lib', 'VOC_PROXY_TOKEN': '147192567143542435421353001593cdbe7ee06c6.71838262', 'SSH_CLIENT': '172.31.7.153 52074 22', 'CPATH': '/opt/ros/indigo/include', 'LOGNAME': 'ccc_v1_w_dd4cc_18220', 'USER': 'ccc_v1_w_dd4cc_18220', 'ROS_NODE_PORT': '52840', 'HOME': '/home/ccc_v1_w_dd4cc_18220/asn13529_Project_5/asn13530_Project_4/work', 'PATH': '/opt/ros/indigo/bin:/usr/local/sbin:/usr/local/bin:/usr/sbin:/usr/bin:/sbin:/bin:/usr/games:/usr/local/games:/home/local/bin:/home/ccc_v1_s54106__48606/lib:/home/ccc_v1_s54106__48606/asn13529_Project_5/asn13530_Project_4/asnlib:/home/vlibs:.', 'CMAKE_PREFIX_PATH': '/home/ccc_v1_w_dd4cc_18220/asn13529_Project_5/asn13530_Project_4/work/catkin_ws/devel:/opt/ros/indigo', 'ROS_LOG_FILENAME': '/home/ccc_v1_w_dd4cc_18220/asn13529_Project_5/asn13530_Project_4/work/.ros/log/f183c4b0-4e6a-11e7-b2a9-06f360e4abc1/roslaunch-ip-172-31-19-100-13170.log', 'LANG': 'en_US.UTF-8', 'TERM': 'xterm-256color', 'SHELL': '/bin/bash', 'HISTFILE': '/home/ccc_v1_w_dd4cc_18220/.bash_history', 'SHLVL': '2', 'VOC_WORKAREA': '/home/ccc_v1_w_dd4cc_18220/asn13529_Project_5/asn13530_Project_4/work', 'LD_LIBRARY_PATH': '/home/ccc_v1_w_dd4cc_18220/asn13529_Project_5/asn13530_Project_4/work/catkin_ws/devel/lib:/opt/ros/indigo/lib/x86_64-linux-gnu:/opt/ros/indigo/lib:/home/ccc_v1_s54106__48606/lib:/home/ccc_v1_s54106__48606/asn13529_Project_5/asn13530_Project_4/asnlib:/home/vlibs', 'PART1': '/home/ccc_v1_s54106__48606/asn13529_Project_5/asn13530_Project_4', 'ROS_MASTER_URI': 'http://ip-172-31-19-100:52840/', 'XDG_RUNTIME_DIR': '/run/user/18220', 'PYTHONPATH': '/opt/ros/indigo/lib/python2.7/dist-packages:/home/vlibs/python', 'VOC_PROXY_WRAPPER_PORT': '5100', 'VOC_XFER_TOKEN': '5697931404354243542135300593cdbe7e50d76.91330001', 'ROS_ROOT': '/opt/ros/indigo/share/ros', 'OLD_HOME': '/home/ccc_v1_w_dd4cc_18220', 'PKG_CONFIG_PATH': '/home/ccc_v1_w_dd4cc_18220/asn13529_Project_5/asn13530_Project_4/work/catkin_ws/devel/lib/pkgconfig:/opt/ros/indigo/lib/x86_64-linux-gnu/pkgconfig:/opt/ros/indigo/lib/pkgconfig', 'ROS_PACKAGE_PATH': '/home/ccc_v1_w_dd4cc_18220/asn13529_Project_5/asn13530_Project_4/work/catkin_ws/src:/opt/ros/indigo/share:/opt/ros/indigo/stacks', 'XDG_SESSION_ID': '324636', '_': '/usr/bin/stdbuf', 'LD_PRELOAD': '/usr/lib/coreutils/libstdbuf.so', '_STDBUF_O': 'L', 'SSH_TTY': '/dev/pts/6', 'OLDPWD': '/home/ccc_v1_w_dd4cc_18220/asn13529_Project_5/asn13530_Project_4/work/catkin_ws', 'ROSLISP_PACKAGE_DIRECTORIES': '/home/ccc_v1_w_dd4cc_18220/asn13529_Project_5/asn13530_Project_4/work/catkin_ws/devel/share/common-lisp', 'VLIB': '/home/vlibs', 'PWD': '/home/ccc_v1_w_dd4cc_18220/asn13529_Project_5/asn13530_Project_4/work', 'VOC_PROXY_ID': '43542_43542_13530_0_1', 'ROS_ETC_DIR': '/opt/ros/indigo/etc/ros', 'MAIL': '/var/mail/ccc_v1_w_dd4cc_18220', 'SSH_CONNECTION': '172.31.7.153 52074 172.31.19.100 22'}]
[roslaunch][INFO] 2017-06-10 22:58:13,745: process[robot_sim-1]: args[[u'/home/ccc_v1_w_dd4cc_18220/asn13529_Project_5/asn13530_Project_4/work/catkin_ws/devel/lib/robot_sim/robot_sim_bringup', u'__name:=robot_sim']]
[roslaunch][INFO] 2017-06-10 22:58:13,749: ... created process [robot_sim-1]
[roslaunch.pmon][INFO] 2017-06-10 22:58:13,752: ProcessMonitor.register[robot_sim-1]
[roslaunch.pmon][INFO] 2017-06-10 22:58:13,756: ProcessMonitor.register[robot_sim-1] complete
[roslaunch][INFO] 2017-06-10 22:58:13,759: ... registered process [robot_sim-1]
[roslaunch][INFO] 2017-06-10 22:58:13,762: process[robot_sim-1]: starting os process
[roslaunch][INFO] 2017-06-10 22:58:13,768: process[robot_sim-1]: start w/ args [[u'/home/ccc_v1_w_dd4cc_18220/asn13529_Project_5/asn13530_Project_4/work/catkin_ws/devel/lib/robot_sim/robot_sim_bringup', u'__name:=robot_sim', u'__log:=/home/ccc_v1_w_dd4cc_18220/asn13529_Project_5/asn13530_Project_4/work/.ros/log/f183c4b0-4e6a-11e7-b2a9-06f360e4abc1/robot_sim-1.log']]
[roslaunch][INFO] 2017-06-10 22:58:13,771: process[robot_sim-1]: cwd will be [/home/ccc_v1_w_dd4cc_18220/asn13529_Project_5/asn13530_Project_4/work/.ros]
[roslaunch][INFO] 2017-06-10 22:58:13,781: process[robot_sim-1]: started with pid [13206]
[roslaunch][INFO] 2017-06-10 22:58:13,781: ... successfully launched [robot_sim-1]
[roslaunch][INFO] 2017-06-10 22:58:13,785: ... preparing to launch node of type [robot_state_publisher/robot_state_publisher]
[roslaunch][INFO] 2017-06-10 22:58:13,788: create_node_process: package[robot_state_publisher] type[robot_state_publisher] machine[Machine(name[] env_loader[None] address[localhost] ssh_port[22] user[None] assignable[True] timeout[10.0])] master_uri[http://ip-172-31-19-100:52840/]
[roslaunch][INFO] 2017-06-10 22:58:13,792: process[robot_state_publisher-2]: env[{'ROS_DISTRO': 'indigo', 'ASNLIB': '/home/ccc_v1_s54106__48606/asn13529_Project_5/asn13530_Project_4/asnlib', 'LIB': '/home/ccc_v1_s54106__48606/lib', 'VOC_PROXY_TOKEN': '147192567143542435421353001593cdbe7ee06c6.71838262', 'SSH_CLIENT': '172.31.7.153 52074 22', 'CPATH': '/opt/ros/indigo/include', 'LOGNAME': 'ccc_v1_w_dd4cc_18220', 'USER': 'ccc_v1_w_dd4cc_18220', 'ROS_NODE_PORT': '52840', 'HOME': '/home/ccc_v1_w_dd4cc_18220/asn13529_Project_5/asn13530_Project_4/work', 'PATH': '/opt/ros/indigo/bin:/usr/local/sbin:/usr/local/bin:/usr/sbin:/usr/bin:/sbin:/bin:/usr/games:/usr/local/games:/home/local/bin:/home/ccc_v1_s54106__48606/lib:/home/ccc_v1_s54106__48606/asn13529_Project_5/asn13530_Project_4/asnlib:/home/vlibs:.', 'CMAKE_PREFIX_PATH': '/home/ccc_v1_w_dd4cc_18220/asn13529_Project_5/asn13530_Project_4/work/catkin_ws/devel:/opt/ros/indigo', 'ROS_LOG_FILENAME': '/home/ccc_v1_w_dd4cc_18220/asn13529_Project_5/asn13530_Project_4/work/.ros/log/f183c4b0-4e6a-11e7-b2a9-06f360e4abc1/roslaunch-ip-172-31-19-100-13170.log', 'LANG': 'en_US.UTF-8', 'TERM': 'xterm-256color', 'SHELL': '/bin/bash', 'HISTFILE': '/home/ccc_v1_w_dd4cc_18220/.bash_history', 'SHLVL': '2', 'VOC_WORKAREA': '/home/ccc_v1_w_dd4cc_18220/asn13529_Project_5/asn13530_Project_4/work', 'LD_LIBRARY_PATH': '/home/ccc_v1_w_dd4cc_18220/asn13529_Project_5/asn13530_Project_4/work/catkin_ws/devel/lib:/opt/ros/indigo/lib/x86_64-linux-gnu:/opt/ros/indigo/lib:/home/ccc_v1_s54106__48606/lib:/home/ccc_v1_s54106__48606/asn13529_Project_5/asn13530_Project_4/asnlib:/home/vlibs', 'PART1': '/home/ccc_v1_s54106__48606/asn13529_Project_5/asn13530_Project_4', 'ROS_MASTER_URI': 'http://ip-172-31-19-100:52840/', 'XDG_RUNTIME_DIR': '/run/user/18220', 'PYTHONPATH': '/opt/ros/indigo/lib/python2.7/dist-packages:/home/vlibs/python', 'VOC_PROXY_WRAPPER_PORT': '5100', 'VOC_XFER_TOKEN': '5697931404354243542135300593cdbe7e50d76.91330001', 'ROS_ROOT': '/opt/ros/indigo/share/ros', 'OLD_HOME': '/home/ccc_v1_w_dd4cc_18220', 'PKG_CONFIG_PATH': '/home/ccc_v1_w_dd4cc_18220/asn13529_Project_5/asn13530_Project_4/work/catkin_ws/devel/lib/pkgconfig:/opt/ros/indigo/lib/x86_64-linux-gnu/pkgconfig:/opt/ros/indigo/lib/pkgconfig', 'ROS_PACKAGE_PATH': '/home/ccc_v1_w_dd4cc_18220/asn13529_Project_5/asn13530_Project_4/work/catkin_ws/src:/opt/ros/indigo/share:/opt/ros/indigo/stacks', 'XDG_SESSION_ID': '324636', '_': '/usr/bin/stdbuf', 'LD_PRELOAD': '/usr/lib/coreutils/libstdbuf.so', '_STDBUF_O': 'L', 'SSH_TTY': '/dev/pts/6', 'OLDPWD': '/home/ccc_v1_w_dd4cc_18220/asn13529_Project_5/asn13530_Project_4/work/catkin_ws', 'ROSLISP_PACKAGE_DIRECTORIES': '/home/ccc_v1_w_dd4cc_18220/asn13529_Project_5/asn13530_Project_4/work/catkin_ws/devel/share/common-lisp', 'VLIB': '/home/vlibs', 'PWD': '/home/ccc_v1_w_dd4cc_18220/asn13529_Project_5/asn13530_Project_4/work', 'VOC_PROXY_ID': '43542_43542_13530_0_1', 'ROS_ETC_DIR': '/opt/ros/indigo/etc/ros', 'MAIL': '/var/mail/ccc_v1_w_dd4cc_18220', 'SSH_CONNECTION': '172.31.7.153 52074 172.31.19.100 22'}]
[roslaunch][INFO] 2017-06-10 22:58:13,797: process[robot_state_publisher-2]: args[[u'/opt/ros/indigo/lib/robot_state_publisher/robot_state_publisher', u'__name:=robot_state_publisher']]
[roslaunch][INFO] 2017-06-10 22:58:13,801: ... created process [robot_state_publisher-2]
[roslaunch.pmon][INFO] 2017-06-10 22:58:13,806: ProcessMonitor.register[robot_state_publisher-2]
[roslaunch.pmon][INFO] 2017-06-10 22:58:13,810: ProcessMonitor.register[robot_state_publisher-2] complete
[roslaunch][INFO] 2017-06-10 22:58:13,813: ... registered process [robot_state_publisher-2]
[roslaunch][INFO] 2017-06-10 22:58:13,817: process[robot_state_publisher-2]: starting os process
[roslaunch][INFO] 2017-06-10 22:58:13,821: process[robot_state_publisher-2]: start w/ args [[u'/opt/ros/indigo/lib/robot_state_publisher/robot_state_publisher', u'__name:=robot_state_publisher', u'__log:=/home/ccc_v1_w_dd4cc_18220/asn13529_Project_5/asn13530_Project_4/work/.ros/log/f183c4b0-4e6a-11e7-b2a9-06f360e4abc1/robot_state_publisher-2.log']]
[roslaunch][INFO] 2017-06-10 22:58:13,824: process[robot_state_publisher-2]: cwd will be [/home/ccc_v1_w_dd4cc_18220/asn13529_Project_5/asn13530_Project_4/work/.ros]
[roslaunch][INFO] 2017-06-10 22:58:13,832: process[robot_state_publisher-2]: started with pid [13207]
[roslaunch][INFO] 2017-06-10 22:58:13,833: ... successfully launched [robot_state_publisher-2]
[roslaunch][INFO] 2017-06-10 22:58:13,837: ... preparing to launch node of type [moveit_ros_move_group/move_group]
[roslaunch][INFO] 2017-06-10 22:58:13,841: create_node_process: package[moveit_ros_move_group] type[move_group] machine[Machine(name[] env_loader[None] address[localhost] ssh_port[22] user[None] assignable[True] timeout[10.0])] master_uri[http://ip-172-31-19-100:52840/]
[roslaunch][INFO] 2017-06-10 22:58:13,845: process[move_group-3]: env[{'ROS_DISTRO': 'indigo', 'ASNLIB': '/home/ccc_v1_s54106__48606/asn13529_Project_5/asn13530_Project_4/asnlib', 'LIB': '/home/ccc_v1_s54106__48606/lib', 'VOC_PROXY_TOKEN': '147192567143542435421353001593cdbe7ee06c6.71838262', 'SSH_CLIENT': '172.31.7.153 52074 22', 'CPATH': '/opt/ros/indigo/include', 'LOGNAME': 'ccc_v1_w_dd4cc_18220', 'USER': 'ccc_v1_w_dd4cc_18220', 'ROS_NODE_PORT': '52840', 'HOME': '/home/ccc_v1_w_dd4cc_18220/asn13529_Project_5/asn13530_Project_4/work', 'PATH': '/opt/ros/indigo/bin:/usr/local/sbin:/usr/local/bin:/usr/sbin:/usr/bin:/sbin:/bin:/usr/games:/usr/local/games:/home/local/bin:/home/ccc_v1_s54106__48606/lib:/home/ccc_v1_s54106__48606/asn13529_Project_5/asn13530_Project_4/asnlib:/home/vlibs:.', 'CMAKE_PREFIX_PATH': '/home/ccc_v1_w_dd4cc_18220/asn13529_Project_5/asn13530_Project_4/work/catkin_ws/devel:/opt/ros/indigo', 'ROS_LOG_FILENAME': '/home/ccc_v1_w_dd4cc_18220/asn13529_Project_5/asn13530_Project_4/work/.ros/log/f183c4b0-4e6a-11e7-b2a9-06f360e4abc1/roslaunch-ip-172-31-19-100-13170.log', 'LANG': 'en_US.UTF-8', 'TERM': 'xterm-256color', 'SHELL': '/bin/bash', 'HISTFILE': '/home/ccc_v1_w_dd4cc_18220/.bash_history', 'SHLVL': '2', 'VOC_WORKAREA': '/home/ccc_v1_w_dd4cc_18220/asn13529_Project_5/asn13530_Project_4/work', 'LD_LIBRARY_PATH': '/home/ccc_v1_w_dd4cc_18220/asn13529_Project_5/asn13530_Project_4/work/catkin_ws/devel/lib:/opt/ros/indigo/lib/x86_64-linux-gnu:/opt/ros/indigo/lib:/home/ccc_v1_s54106__48606/lib:/home/ccc_v1_s54106__48606/asn13529_Project_5/asn13530_Project_4/asnlib:/home/vlibs', 'PART1': '/home/ccc_v1_s54106__48606/asn13529_Project_5/asn13530_Project_4', 'ROS_MASTER_URI': 'http://ip-172-31-19-100:52840/', 'XDG_RUNTIME_DIR': '/run/user/18220', 'PYTHONPATH': '/opt/ros/indigo/lib/python2.7/dist-packages:/home/vlibs/python', 'VOC_PROXY_WRAPPER_PORT': '5100', 'VOC_XFER_TOKEN': '5697931404354243542135300593cdbe7e50d76.91330001', 'ROS_ROOT': '/opt/ros/indigo/share/ros', 'OLD_HOME': '/home/ccc_v1_w_dd4cc_18220', 'PKG_CONFIG_PATH': '/home/ccc_v1_w_dd4cc_18220/asn13529_Project_5/asn13530_Project_4/work/catkin_ws/devel/lib/pkgconfig:/opt/ros/indigo/lib/x86_64-linux-gnu/pkgconfig:/opt/ros/indigo/lib/pkgconfig', 'ROS_PACKAGE_PATH': '/home/ccc_v1_w_dd4cc_18220/asn13529_Project_5/asn13530_Project_4/work/catkin_ws/src:/opt/ros/indigo/share:/opt/ros/indigo/stacks', 'XDG_SESSION_ID': '324636', '_': '/usr/bin/stdbuf', 'LD_PRELOAD': '/usr/lib/coreutils/libstdbuf.so', '_STDBUF_O': 'L', u'DISPLAY': u':0', 'SSH_TTY': '/dev/pts/6', 'OLDPWD': '/home/ccc_v1_w_dd4cc_18220/asn13529_Project_5/asn13530_Project_4/work/catkin_ws', 'ROSLISP_PACKAGE_DIRECTORIES': '/home/ccc_v1_w_dd4cc_18220/asn13529_Project_5/asn13530_Project_4/work/catkin_ws/devel/share/common-lisp', 'VLIB': '/home/vlibs', 'PWD': '/home/ccc_v1_w_dd4cc_18220/asn13529_Project_5/asn13530_Project_4/work', 'VOC_PROXY_ID': '43542_43542_13530_0_1', 'ROS_ETC_DIR': '/opt/ros/indigo/etc/ros', 'MAIL': '/var/mail/ccc_v1_w_dd4cc_18220', 'SSH_CONNECTION': '172.31.7.153 52074 172.31.19.100 22'}]
[roslaunch][INFO] 2017-06-10 22:58:13,850: process[move_group-3]: args[[u'/opt/ros/indigo/lib/moveit_ros_move_group/move_group', u'__name:=move_group']]
[roslaunch][INFO] 2017-06-10 22:58:13,854: ... created process [move_group-3]
[roslaunch.pmon][INFO] 2017-06-10 22:58:13,858: ProcessMonitor.register[move_group-3]
[roslaunch.pmon][INFO] 2017-06-10 22:58:13,862: ProcessMonitor.register[move_group-3] complete
[roslaunch][INFO] 2017-06-10 22:58:13,865: ... registered process [move_group-3]
[roslaunch][INFO] 2017-06-10 22:58:13,869: process[move_group-3]: starting os process
[roslaunch][INFO] 2017-06-10 22:58:13,873: process[move_group-3]: start w/ args [[u'/opt/ros/indigo/lib/moveit_ros_move_group/move_group', u'__name:=move_group', u'__log:=/home/ccc_v1_w_dd4cc_18220/asn13529_Project_5/asn13530_Project_4/work/.ros/log/f183c4b0-4e6a-11e7-b2a9-06f360e4abc1/move_group-3.log']]
[roslaunch][INFO] 2017-06-10 22:58:13,876: process[move_group-3]: cwd will be [/home/ccc_v1_w_dd4cc_18220/asn13529_Project_5/asn13530_Project_4/work/.ros]
[roslaunch][INFO] 2017-06-10 22:58:13,885: process[move_group-3]: started with pid [13208]
[roslaunch][INFO] 2017-06-10 22:58:13,885: ... successfully launched [move_group-3]
[roslaunch][INFO] 2017-06-10 22:58:13,889: ... launch_nodes complete
[roslaunch.pmon][INFO] 2017-06-10 22:58:13,893: registrations completed <ProcessMonitor(ProcessMonitor-1, started daemon 139808954955520)>
[roslaunch.parent][INFO] 2017-06-10 22:58:13,896: ... roslaunch parent running, waiting for process exit
[roslaunch][INFO] 2017-06-10 22:58:13,900: spin
[roslaunch.pmon][INFO] 2017-06-10 23:03:12,251: ProcessMonitor.shutdown <ProcessMonitor(ProcessMonitor-1, started daemon 139808954955520)>
[roslaunch.pmon][INFO] 2017-06-10 23:03:12,337: ProcessMonitor._post_run <ProcessMonitor(ProcessMonitor-1, started daemon 139808954955520)>
[roslaunch.pmon][INFO] 2017-06-10 23:03:12,341: ProcessMonitor._post_run <ProcessMonitor(ProcessMonitor-1, started daemon 139808954955520)>: remaining procs are [<roslaunch.nodeprocess.LocalProcess object at 0x7f27cf3c2150>, <roslaunch.nodeprocess.LocalProcess object at 0x7f27cf3c2710>, <roslaunch.nodeprocess.LocalProcess object at 0x7f27cf3c2a90>]
[roslaunch.pmon][INFO] 2017-06-10 23:03:12,344: ProcessMonitor exit: killing move_group-3
[roslaunch.pmon][INFO] 2017-06-10 23:03:12,345: ProcessMonitor exit: killing robot_state_publisher-2
[roslaunch.pmon][INFO] 2017-06-10 23:03:12,345: ProcessMonitor exit: killing robot_sim-1
[roslaunch][INFO] 2017-06-10 23:03:12,355: [robot_sim-1] killing on exit
[roslaunch][INFO] 2017-06-10 23:03:12,359: process[robot_sim-1]: killing os process with pid[13206] pgid[13206]
[roslaunch][INFO] 2017-06-10 23:03:12,348: [move_group-3] killing on exit
[roslaunch][INFO] 2017-06-10 23:03:12,351: [robot_state_publisher-2] killing on exit
[roslaunch][INFO] 2017-06-10 23:03:12,371: process[robot_state_publisher-2]: killing os process with pid[13207] pgid[13207]
[roslaunch][INFO] 2017-06-10 23:03:12,380: [robot_state_publisher-2] sending SIGINT to pgid [13207]
[roslaunch][INFO] 2017-06-10 23:03:12,384: [robot_state_publisher-2] sent SIGINT to pgid [13207]
[roslaunch][INFO] 2017-06-10 23:03:12,368: process[move_group-3]: killing os process with pid[13208] pgid[13208]
[roslaunch][INFO] 2017-06-10 23:03:12,363: [robot_sim-1] sending SIGINT to pgid [13206]
[roslaunch][INFO] 2017-06-10 23:03:12,401: [robot_sim-1] sent SIGINT to pgid [13206]
[roslaunch][INFO] 2017-06-10 23:03:12,398: [move_group-3] sending SIGINT to pgid [13208]
[roslaunch][INFO] 2017-06-10 23:03:12,410: [move_group-3] sent SIGINT to pgid [13208]
[roslaunch][INFO] 2017-06-10 23:03:12,797: process[robot_state_publisher-2]: SIGINT killed with return value 0
[roslaunch][INFO] 2017-06-10 23:03:12,807: process[robot_sim-1]: SIGINT killed with return value 0
[roslaunch][INFO] 2017-06-10 23:03:13,114: process[move_group-3]: SIGINT killed with return value 0
[roslaunch.pmon][INFO] 2017-06-10 23:03:13,118: ProcessMonitor exit: cleaning up data structures and signals
[roslaunch.pmon][INFO] 2017-06-10 23:03:13,122: ProcessMonitor exit: pmon has shutdown
[roslaunch][INFO] 2017-06-10 23:03:13,168: process monitor is done spinning, initiating full shutdown
[roslaunch][INFO] 2017-06-10 23:03:13,171: runner.stop()
[roslaunch][INFO] 2017-06-10 23:03:13,176: shutting down processing monitor...
[roslaunch][INFO] 2017-06-10 23:03:13,180: shutting down processing monitor <ProcessMonitor(ProcessMonitor-1, stopped daemon 139808954955520)>
[roslaunch.pmon][INFO] 2017-06-10 23:03:13,183: ProcessMonitor.shutdown <ProcessMonitor(ProcessMonitor-1, stopped daemon 139808954955520)>
[roslaunch][INFO] 2017-06-10 23:03:13,187: ... shutting down processing monitor complete
[roslaunch][INFO] 2017-06-10 23:03:13,190: done
[roslaunch.pmon][INFO] 2017-06-10 23:03:13,193: ProcessMonitor.shutdown <ProcessMonitor(ProcessMonitor-1, stopped daemon 139808954955520)>
[rospy.core][INFO] 2017-06-10 23:03:13,196: signal_shutdown [atexit]
