[roslaunch][INFO] 2017-06-10 22:58:08,403: Checking log directory for disk usage. This may take awhile.
Press Ctrl-C to interrupt
[roslaunch][INFO] 2017-06-10 22:58:08,500: Done checking log file disk usage. Usage is <1GB.
[roslaunch][INFO] 2017-06-10 22:58:08,501: roslaunch starting with args ['roscore', '--core', '-p', '52840']
[roslaunch][INFO] 2017-06-10 22:58:08,504: roslaunch env is {'ROS_DISTRO': 'indigo', 'ASNLIB': '/home/ccc_v1_s54106__48606/asn13529_Project_5/asn13530_Project_4/asnlib', 'LIB': '/home/ccc_v1_s54106__48606/lib', 'PKG_CONFIG_PATH': '/opt/ros/indigo/lib/pkgconfig:/opt/ros/indigo/lib/x86_64-linux-gnu/pkgconfig', 'SSH_CLIENT': '172.31.7.153 52074 22', 'CPATH': '/opt/ros/indigo/include', 'LOGNAME': 'ccc_v1_w_dd4cc_18220', 'USER': 'ccc_v1_w_dd4cc_18220', 'ROS_NODE_PORT': '52840', 'HOME': '/home/ccc_v1_w_dd4cc_18220/asn13529_Project_5/asn13530_Project_4/work', 'PATH': '/opt/ros/indigo/bin:/usr/local/sbin:/usr/local/bin:/usr/sbin:/usr/bin:/sbin:/bin:/usr/games:/usr/local/games:/home/local/bin:/home/ccc_v1_s54106__48606/lib:/home/ccc_v1_s54106__48606/asn13529_Project_5/asn13530_Project_4/asnlib:/home/vlibs:.', 'CMAKE_PREFIX_PATH': '/opt/ros/indigo', 'LD_LIBRARY_PATH': '/opt/ros/indigo/lib:/opt/ros/indigo/lib/x86_64-linux-gnu:/home/ccc_v1_s54106__48606/lib:/home/ccc_v1_s54106__48606/asn13529_Project_5/asn13530_Project_4/asnlib:/home/vlibs', 'LANG': 'en_US.UTF-8', 'TERM': 'xterm-256color', 'SHELL': '/bin/bash', 'HISTFILE': '/home/ccc_v1_w_dd4cc_18220/.bash_history', 'SHLVL': '2', 'VOC_WORKAREA': '/home/ccc_v1_w_dd4cc_18220/asn13529_Project_5/asn13530_Project_4/work', 'ROS_LOG_FILENAME': '/home/ccc_v1_w_dd4cc_18220/asn13529_Project_5/asn13530_Project_4/work/.ros/log/f183c4b0-4e6a-11e7-b2a9-06f360e4abc1/roslaunch-ip-172-31-19-100-12832.log', 'PART1': '/home/ccc_v1_s54106__48606/asn13529_Project_5/asn13530_Project_4', 'ROS_ETC_DIR': '/opt/ros/indigo/etc/ros', 'XDG_RUNTIME_DIR': '/run/user/18220', 'PYTHONPATH': '/opt/ros/indigo/lib/python2.7/dist-packages:/home/vlibs/python', 'VOC_PROXY_WRAPPER_PORT': '5100', 'VOC_XFER_TOKEN': '5697931404354243542135300593cdbe7e50d76.91330001', 'ROS_ROOT': '/opt/ros/indigo/share/ros', 'OLD_HOME': '/home/ccc_v1_w_dd4cc_18220', 'VOC_PROXY_TOKEN': '147192567143542435421353001593cdbe7ee06c6.71838262', 'ROS_PACKAGE_PATH': '/opt/ros/indigo/share:/opt/ros/indigo/stacks', 'XDG_SESSION_ID': '324636', '_': '/usr/bin/stdbuf', 'LD_PRELOAD': '/usr/lib/coreutils/libstdbuf.so', '_STDBUF_O': 'L', 'SSH_TTY': '/dev/pts/6', 'OLDPWD': '/home/ccc_v1_w_dd4cc_18220', 'ROSLISP_PACKAGE_DIRECTORIES': '', 'VLIB': '/home/vlibs', 'PWD': '/home/ccc_v1_w_dd4cc_18220/asn13529_Project_5/asn13530_Project_4/work', 'VOC_PROXY_ID': '43542_43542_13530_0_1', 'ROS_MASTER_URI': 'http://localhost:52840', 'MAIL': '/var/mail/ccc_v1_w_dd4cc_18220', 'SSH_CONNECTION': '172.31.7.153 52074 172.31.19.100 22'}
[roslaunch][INFO] 2017-06-10 22:58:08,508: starting in server mode
[roslaunch.parent][INFO] 2017-06-10 22:58:08,511: starting roslaunch parent run
[roslaunch][INFO] 2017-06-10 22:58:08,515: loading roscore config file /opt/ros/indigo/etc/ros/roscore.xml
[roslaunch][INFO] 2017-06-10 22:58:08,629: Added core node of type [rosout/rosout] in namespace [/]
[roslaunch.pmon][INFO] 2017-06-10 22:58:08,630: start_process_monitor: creating ProcessMonitor
[roslaunch.pmon][INFO] 2017-06-10 22:58:08,634: created process monitor <ProcessMonitor(ProcessMonitor-1, initial daemon)>
[roslaunch.pmon][INFO] 2017-06-10 22:58:08,638: start_process_monitor: ProcessMonitor started
[roslaunch.parent][INFO] 2017-06-10 22:58:08,641: starting parent XML-RPC server
[roslaunch.server][INFO] 2017-06-10 22:58:08,644: starting roslaunch XML-RPC server
[roslaunch.server][INFO] 2017-06-10 22:58:08,648: waiting for roslaunch XML-RPC server to initialize
[xmlrpc][INFO] 2017-06-10 22:58:08,648: XML-RPC server binding to 0.0.0.0:0
[xmlrpc][INFO] 2017-06-10 22:58:08,655: Started XML-RPC server [http://ip-172-31-19-100:41935/]
[xmlrpc][INFO] 2017-06-10 22:58:08,658: xml rpc node: starting XML-RPC server
[roslaunch][INFO] 2017-06-10 22:58:08,667: started roslaunch server http://ip-172-31-19-100:41935/
[roslaunch.parent][INFO] 2017-06-10 22:58:08,670: ... parent XML-RPC server started
[roslaunch][INFO] 2017-06-10 22:58:08,674: master.is_running[http://ip-172-31-19-100:52840/]
[roslaunch][INFO] 2017-06-10 22:58:08,679: auto-starting new master
[roslaunch][INFO] 2017-06-10 22:58:08,682: create_master_process: rosmaster, /opt/ros/indigo/share/ros, 52840, 3, None
[roslaunch][INFO] 2017-06-10 22:58:08,686: process[master]: launching with args [['rosmaster', '--core', '-p', '52840', '-w', '3']]
[roslaunch.pmon][INFO] 2017-06-10 22:58:08,690: ProcessMonitor.register[master]
[roslaunch.pmon][INFO] 2017-06-10 22:58:08,693: ProcessMonitor.register[master] complete
[roslaunch][INFO] 2017-06-10 22:58:08,697: process[master]: starting os process
[roslaunch][INFO] 2017-06-10 22:58:08,701: process[master]: start w/ args [['rosmaster', '--core', '-p', '52840', '-w', '3', '__log:=/home/ccc_v1_w_dd4cc_18220/asn13529_Project_5/asn13530_Project_4/work/.ros/log/f183c4b0-4e6a-11e7-b2a9-06f360e4abc1/master.log']]
[roslaunch][INFO] 2017-06-10 22:58:08,704: process[master]: cwd will be [/home/ccc_v1_w_dd4cc_18220/asn13529_Project_5/asn13530_Project_4/work/.ros]
[roslaunch][INFO] 2017-06-10 22:58:08,713: process[master]: started with pid [12848]
[roslaunch][INFO] 2017-06-10 22:58:08,714: master.is_running[http://ip-172-31-19-100:52840/]
[roslaunch][INFO] 2017-06-10 22:58:08,818: master.is_running[http://ip-172-31-19-100:52840/]
[roslaunch][INFO] 2017-06-10 22:58:08,923: master.is_running[http://ip-172-31-19-100:52840/]
[roslaunch][INFO] 2017-06-10 22:58:08,929: master.is_running[http://ip-172-31-19-100:52840/]
[roslaunch][INFO] 2017-06-10 22:58:08,933: ROS_MASTER_URI=http://ip-172-31-19-100:52840/
[roslaunch][INFO] 2017-06-10 22:58:08,938: setting /run_id to f183c4b0-4e6a-11e7-b2a9-06f360e4abc1
[roslaunch][INFO] 2017-06-10 22:58:08,947: setting /roslaunch/uris/host_ip_172_31_19_100__41935' to http://ip-172-31-19-100:41935/
[roslaunch][INFO] 2017-06-10 22:58:08,956: ... preparing to launch node of type [rosout/rosout]
[roslaunch][INFO] 2017-06-10 22:58:08,959: create_node_process: package[rosout] type[rosout] machine[Machine(name[] env_loader[None] address[localhost] ssh_port[22] user[None] assignable[True] timeout[10.0])] master_uri[http://ip-172-31-19-100:52840/]
[roslaunch][INFO] 2017-06-10 22:58:08,963: process[rosout-1]: env[{'ROS_DISTRO': 'indigo', 'ASNLIB': '/home/ccc_v1_s54106__48606/asn13529_Project_5/asn13530_Project_4/asnlib', 'LIB': '/home/ccc_v1_s54106__48606/lib', 'VOC_PROXY_TOKEN': '147192567143542435421353001593cdbe7ee06c6.71838262', 'SSH_CLIENT': '172.31.7.153 52074 22', 'CPATH': '/opt/ros/indigo/include', 'LOGNAME': 'ccc_v1_w_dd4cc_18220', 'USER': 'ccc_v1_w_dd4cc_18220', 'ROS_NODE_PORT': '52840', 'HOME': '/home/ccc_v1_w_dd4cc_18220/asn13529_Project_5/asn13530_Project_4/work', 'PATH': '/opt/ros/indigo/bin:/usr/local/sbin:/usr/local/bin:/usr/sbin:/usr/bin:/sbin:/bin:/usr/games:/usr/local/games:/home/local/bin:/home/ccc_v1_s54106__48606/lib:/home/ccc_v1_s54106__48606/asn13529_Project_5/asn13530_Project_4/asnlib:/home/vlibs:.', 'CMAKE_PREFIX_PATH': '/opt/ros/indigo', 'ROS_LOG_FILENAME': '/home/ccc_v1_w_dd4cc_18220/asn13529_Project_5/asn13530_Project_4/work/.ros/log/f183c4b0-4e6a-11e7-b2a9-06f360e4abc1/roslaunch-ip-172-31-19-100-12832.log', 'LANG': 'en_US.UTF-8', 'TERM': 'xterm-256color', 'SHELL': '/bin/bash', 'HISTFILE': '/home/ccc_v1_w_dd4cc_18220/.bash_history', 'SHLVL': '2', 'VOC_WORKAREA': '/home/ccc_v1_w_dd4cc_18220/asn13529_Project_5/asn13530_Project_4/work', 'LD_LIBRARY_PATH': '/opt/ros/indigo/lib:/opt/ros/indigo/lib/x86_64-linux-gnu:/home/ccc_v1_s54106__48606/lib:/home/ccc_v1_s54106__48606/asn13529_Project_5/asn13530_Project_4/asnlib:/home/vlibs', 'PART1': '/home/ccc_v1_s54106__48606/asn13529_Project_5/asn13530_Project_4', 'ROS_MASTER_URI': 'http://ip-172-31-19-100:52840/', 'XDG_RUNTIME_DIR': '/run/user/18220', 'PYTHONPATH': '/opt/ros/indigo/lib/python2.7/dist-packages:/home/vlibs/python', 'VOC_PROXY_WRAPPER_PORT': '5100', 'VOC_XFER_TOKEN': '5697931404354243542135300593cdbe7e50d76.91330001', 'ROS_ROOT': '/opt/ros/indigo/share/ros', 'OLD_HOME': '/home/ccc_v1_w_dd4cc_18220', 'PKG_CONFIG_PATH': '/opt/ros/indigo/lib/pkgconfig:/opt/ros/indigo/lib/x86_64-linux-gnu/pkgconfig', 'ROS_PACKAGE_PATH': '/opt/ros/indigo/share:/opt/ros/indigo/stacks', 'XDG_SESSION_ID': '324636', '_': '/usr/bin/stdbuf', 'LD_PRELOAD': '/usr/lib/coreutils/libstdbuf.so', '_STDBUF_O': 'L', 'SSH_TTY': '/dev/pts/6', 'OLDPWD': '/home/ccc_v1_w_dd4cc_18220', 'ROSLISP_PACKAGE_DIRECTORIES': '', 'VLIB': '/home/vlibs', 'PWD': '/home/ccc_v1_w_dd4cc_18220/asn13529_Project_5/asn13530_Project_4/work', 'VOC_PROXY_ID': '43542_43542_13530_0_1', 'ROS_ETC_DIR': '/opt/ros/indigo/etc/ros', 'MAIL': '/var/mail/ccc_v1_w_dd4cc_18220', 'SSH_CONNECTION': '172.31.7.153 52074 172.31.19.100 22'}]
[roslaunch][INFO] 2017-06-10 22:58:08,998: process[rosout-1]: args[[u'/opt/ros/indigo/lib/rosout/rosout', u'__name:=rosout']]
[roslaunch][INFO] 2017-06-10 22:58:09,002: ... created process [rosout-1]
[roslaunch.pmon][INFO] 2017-06-10 22:58:09,005: ProcessMonitor.register[rosout-1]
[roslaunch.pmon][INFO] 2017-06-10 22:58:09,008: ProcessMonitor.register[rosout-1] complete
[roslaunch][INFO] 2017-06-10 22:58:09,012: ... registered process [rosout-1]
[roslaunch][INFO] 2017-06-10 22:58:09,015: process[rosout-1]: starting os process
[roslaunch][INFO] 2017-06-10 22:58:09,021: process[rosout-1]: start w/ args [[u'/opt/ros/indigo/lib/rosout/rosout', u'__name:=rosout', u'__log:=/home/ccc_v1_w_dd4cc_18220/asn13529_Project_5/asn13530_Project_4/work/.ros/log/f183c4b0-4e6a-11e7-b2a9-06f360e4abc1/rosout-1.log']]
[roslaunch][INFO] 2017-06-10 22:58:09,024: process[rosout-1]: cwd will be [/home/ccc_v1_w_dd4cc_18220/asn13529_Project_5/asn13530_Project_4/work/.ros]
[roslaunch][INFO] 2017-06-10 22:58:09,032: process[rosout-1]: started with pid [12861]
[roslaunch][INFO] 2017-06-10 22:58:09,033: ... successfully launched [rosout-1]
[roslaunch][INFO] 2017-06-10 22:58:09,037: load_parameters starting ...
[roslaunch][INFO] 2017-06-10 22:58:09,051: ... load_parameters complete
[roslaunch][INFO] 2017-06-10 22:58:09,054: launch_nodes: launching local nodes ...
[roslaunch][INFO] 2017-06-10 22:58:09,058: ... launch_nodes complete
[roslaunch.pmon][INFO] 2017-06-10 22:58:09,061: registrations completed <ProcessMonitor(ProcessMonitor-1, started daemon 139992545851136)>
[roslaunch.parent][INFO] 2017-06-10 22:58:09,065: ... roslaunch parent running, waiting for process exit
[roslaunch][INFO] 2017-06-10 22:58:09,068: spin
[roslaunch.pmon][INFO] 2017-06-10 23:03:12,251: ProcessMonitor.shutdown <ProcessMonitor(ProcessMonitor-1, started daemon 139992545851136)>
[roslaunch.pmon][INFO] 2017-06-10 23:03:12,339: ProcessMonitor._post_run <ProcessMonitor(ProcessMonitor-1, started daemon 139992545851136)>
[roslaunch.pmon][INFO] 2017-06-10 23:03:12,342: ProcessMonitor._post_run <ProcessMonitor(ProcessMonitor-1, started daemon 139992545851136)>: remaining procs are [<roslaunch.nodeprocess.LocalProcess object at 0x7f528df9f750>, <roslaunch.nodeprocess.LocalProcess object at 0x7f528df9fe90>]
[roslaunch.pmon][INFO] 2017-06-10 23:03:12,347: ProcessMonitor exit: killing rosout-1
[roslaunch][INFO] 2017-06-10 23:03:12,351: [rosout-1] killing on exit
[roslaunch][INFO] 2017-06-10 23:03:12,355: process[rosout-1]: killing os process with pid[12861] pgid[12861]
[roslaunch][INFO] 2017-06-10 23:03:12,359: [rosout-1] sending SIGINT to pgid [12861]
[roslaunch][INFO] 2017-06-10 23:03:12,363: [rosout-1] sent SIGINT to pgid [12861]
[roslaunch][INFO] 2017-06-10 23:03:12,768: process[rosout-1]: SIGINT killed with return value 0
[roslaunch.pmon][INFO] 2017-06-10 23:03:12,773: ProcessMonitor exit: killing master
[roslaunch][INFO] 2017-06-10 23:03:12,777: [master] killing on exit
[roslaunch][INFO] 2017-06-10 23:03:12,780: process[master]: killing os process with pid[12848] pgid[12848]
[roslaunch][INFO] 2017-06-10 23:03:12,783: [master] sending SIGINT to pgid [12848]
[roslaunch][INFO] 2017-06-10 23:03:12,787: [master] sent SIGINT to pgid [12848]
[roslaunch][INFO] 2017-06-10 23:03:12,991: process[master]: SIGINT killed with return value 0
[roslaunch.pmon][INFO] 2017-06-10 23:03:12,995: ProcessMonitor exit: cleaning up data structures and signals
[roslaunch.pmon][INFO] 2017-06-10 23:03:12,999: ProcessMonitor exit: pmon has shutdown
[roslaunch][INFO] 2017-06-10 23:03:13,018: process monitor is done spinning, initiating full shutdown
[roslaunch][INFO] 2017-06-10 23:03:13,022: runner.stop()
[roslaunch][INFO] 2017-06-10 23:03:13,026: shutting down processing monitor...
[roslaunch][INFO] 2017-06-10 23:03:13,038: shutting down processing monitor <ProcessMonitor(ProcessMonitor-1, stopped daemon 139992545851136)>
[roslaunch.pmon][INFO] 2017-06-10 23:03:13,043: ProcessMonitor.shutdown <ProcessMonitor(ProcessMonitor-1, stopped daemon 139992545851136)>
[roslaunch][INFO] 2017-06-10 23:03:13,046: ... shutting down processing monitor complete
[roslaunch][INFO] 2017-06-10 23:03:13,050: done
[roslaunch.pmon][INFO] 2017-06-10 23:03:13,054: ProcessMonitor.shutdown <ProcessMonitor(ProcessMonitor-1, stopped daemon 139992545851136)>
[rospy.core][INFO] 2017-06-10 23:03:13,058: signal_shutdown [atexit]
