[rosmaster.main][INFO] 2017-06-10 23:14:39,773: initialization complete, waiting for shutdown
[rosmaster.main][INFO] 2017-06-10 23:14:39,773: Starting ROS Master Node
[xmlrpc][INFO] 2017-06-10 23:14:39,777: XML-RPC server binding to 0.0.0.0:55108
[xmlrpc][INFO] 2017-06-10 23:14:39,781: Started XML-RPC server [http://ip-172-31-26-229:55108/]
[rosmaster.master][INFO] 2017-06-10 23:14:39,781: Master initialized: port[55108], uri[http://ip-172-31-26-229:55108/]
[xmlrpc][INFO] 2017-06-10 23:14:39,784: xml rpc node: starting XML-RPC server
[rosmaster.master][INFO] 2017-06-10 23:14:39,870: +PARAM [/run_id] by /roslaunch
[rosmaster.master][INFO] 2017-06-10 23:14:39,879: +PARAM [/roslaunch/uris/host_ip_172_31_26_229__36362] by /roslaunch
[rosmaster.master][INFO] 2017-06-10 23:14:39,968: +PARAM [/rosversion] by /roslaunch
[rosmaster.master][INFO] 2017-06-10 23:14:39,972: +PARAM [/rosdistro] by /roslaunch
[rosmaster.master][INFO] 2017-06-10 23:14:39,985: +SERVICE [/rosout/get_loggers] /rosout http://ip-172-31-26-229:39757/
[rosmaster.master][INFO] 2017-06-10 23:14:39,990: +SERVICE [/rosout/set_logger_level] /rosout http://ip-172-31-26-229:39757/
[rosmaster.master][INFO] 2017-06-10 23:14:39,996: +PUB [/rosout_agg] /rosout http://ip-172-31-26-229:39757/
[rosmaster.master][INFO] 2017-06-10 23:14:40,005: +SUB [/rosout] /rosout http://ip-172-31-26-229:39757/
[rosmaster.master][INFO] 2017-06-10 23:14:40,278: +PUB [/rosout] /tf2_web_republisher http://ip-172-31-26-229:51486/
[rosmaster.master][INFO] 2017-06-10 23:14:40,283: +SERVICE [/tf2_web_republisher/get_loggers] /tf2_web_republisher http://ip-172-31-26-229:51486/
[rosmaster.master][INFO] 2017-06-10 23:14:40,287: +SERVICE [/tf2_web_republisher/set_logger_level] /tf2_web_republisher http://ip-172-31-26-229:51486/
[rosmaster.master][INFO] 2017-06-10 23:14:40,295: +SUB [/tf] /tf2_web_republisher http://ip-172-31-26-229:51486/
[rosmaster.master][INFO] 2017-06-10 23:14:40,302: +SUB [/tf_static] /tf2_web_republisher http://ip-172-31-26-229:51486/
[rosmaster.master][INFO] 2017-06-10 23:14:40,306: +SERVICE [/republish_tfs] /tf2_web_republisher http://ip-172-31-26-229:51486/
[rosmaster.master][INFO] 2017-06-10 23:14:40,310: +PUB [/tf2_web_republisher/result] /tf2_web_republisher http://ip-172-31-26-229:51486/
[rosmaster.master][INFO] 2017-06-10 23:14:40,314: +PUB [/tf2_web_republisher/feedback] /tf2_web_republisher http://ip-172-31-26-229:51486/
[rosmaster.master][INFO] 2017-06-10 23:14:40,318: +PUB [/tf2_web_republisher/status] /tf2_web_republisher http://ip-172-31-26-229:51486/
[rosmaster.master][INFO] 2017-06-10 23:14:40,327: +SUB [/tf2_web_republisher/goal] /tf2_web_republisher http://ip-172-31-26-229:51486/
[rosmaster.master][INFO] 2017-06-10 23:14:40,334: +SUB [/tf2_web_republisher/cancel] /tf2_web_republisher http://ip-172-31-26-229:51486/
[rosmaster.master][INFO] 2017-06-10 23:14:40,378: publisherUpdate[/rosout] -> http://ip-172-31-26-229:39757/
[rosmaster.master][INFO] 2017-06-10 23:14:41,771: +PARAM [/roslaunch/uris/host_ip_172_31_26_229__49188] by /roslaunch
[rosmaster.master][INFO] 2017-06-10 23:14:41,777: +PARAM [/rosbridge_websocket/port] by /roslaunch
[rosmaster.master][INFO] 2017-06-10 23:14:41,781: +PARAM [/rosdistro] by /roslaunch
[rosmaster.master][INFO] 2017-06-10 23:14:41,784: +PARAM [/rosbridge_websocket/fragment_timeout] by /roslaunch
[rosmaster.master][INFO] 2017-06-10 23:14:41,788: +PARAM [/rosbridge_websocket/delay_between_messages] by /roslaunch
[rosmaster.master][INFO] 2017-06-10 23:14:41,791: +PARAM [/rosversion] by /roslaunch
[rosmaster.master][INFO] 2017-06-10 23:14:41,795: +PARAM [/rosbridge_websocket/authenticate] by /roslaunch
[rosmaster.master][INFO] 2017-06-10 23:14:41,798: +PARAM [/rosbridge_websocket/retry_startup_delay] by /roslaunch
[rosmaster.master][INFO] 2017-06-10 23:14:41,801: +PARAM [/rosbridge_websocket/address] by /roslaunch
[rosmaster.master][INFO] 2017-06-10 23:14:41,805: +PARAM [/rosbridge_websocket/max_message_size] by /roslaunch
[rosmaster.master][INFO] 2017-06-10 23:14:42,295: +PUB [/rosout] /interactive_marker_proxy http://ip-172-31-26-229:40371/
[rosmaster.master][INFO] 2017-06-10 23:14:42,299: +SERVICE [/interactive_marker_proxy/get_loggers] /interactive_marker_proxy http://ip-172-31-26-229:40371/
[rosmaster.master][INFO] 2017-06-10 23:14:42,304: +SERVICE [/interactive_marker_proxy/set_logger_level] /interactive_marker_proxy http://ip-172-31-26-229:40371/
[rosmaster.master][INFO] 2017-06-10 23:14:42,313: +SUB [/tf] /interactive_marker_proxy http://ip-172-31-26-229:40371/
[rosmaster.master][INFO] 2017-06-10 23:14:42,320: +SUB [/tf_static] /interactive_marker_proxy http://ip-172-31-26-229:40371/
[rosmaster.master][INFO] 2017-06-10 23:14:42,329: +SUB [/control_markers/update] /interactive_marker_proxy http://ip-172-31-26-229:40371/
[rosmaster.master][INFO] 2017-06-10 23:14:42,338: +SUB [/control_markers/update_full] /interactive_marker_proxy http://ip-172-31-26-229:40371/
[rosmaster.master][INFO] 2017-06-10 23:14:42,347: +PUB [/control_markers/tunneled/update] /interactive_marker_proxy http://ip-172-31-26-229:40371/
[rosmaster.master][INFO] 2017-06-10 23:14:42,351: +SERVICE [/control_markers/tunneled/get_init] /interactive_marker_proxy http://ip-172-31-26-229:40371/
[rosmaster.master][INFO] 2017-06-10 23:14:42,370: +PUB [/rosout] /rosapi http://ip-172-31-26-229:51287/
[rosmaster.master][INFO] 2017-06-10 23:14:42,381: publisherUpdate[/rosout] -> http://ip-172-31-26-229:39757/
[rosmaster.master][INFO] 2017-06-10 23:14:42,384: +SERVICE [/rosapi/get_loggers] /rosapi http://ip-172-31-26-229:51287/
[rosmaster.master][INFO] 2017-06-10 23:14:42,386: publisherUpdate[/rosout] -> http://ip-172-31-26-229:39757/
[rosmaster.master][INFO] 2017-06-10 23:14:42,390: +SERVICE [/rosapi/set_logger_level] /rosapi http://ip-172-31-26-229:51287/
[rosmaster.master][INFO] 2017-06-10 23:14:42,404: -SUB [/control_markers/update_full] /interactive_marker_proxy http://ip-172-31-26-229:40371/
[rosmaster.master][INFO] 2017-06-10 23:14:42,407: +SERVICE [/rosapi/topics] /rosapi http://ip-172-31-26-229:51287/
[rosmaster.master][INFO] 2017-06-10 23:14:42,412: +SERVICE [/rosapi/topics_for_type] /rosapi http://ip-172-31-26-229:51287/
[rosmaster.master][INFO] 2017-06-10 23:14:42,416: +SERVICE [/rosapi/services] /rosapi http://ip-172-31-26-229:51287/
[rosmaster.master][INFO] 2017-06-10 23:14:42,421: +SERVICE [/rosapi/services_for_type] /rosapi http://ip-172-31-26-229:51287/
[rosmaster.master][INFO] 2017-06-10 23:14:42,425: +SERVICE [/rosapi/nodes] /rosapi http://ip-172-31-26-229:51287/
[rosmaster.master][INFO] 2017-06-10 23:14:42,430: +SERVICE [/rosapi/node_details] /rosapi http://ip-172-31-26-229:51287/
[rosmaster.master][INFO] 2017-06-10 23:14:42,434: +SERVICE [/rosapi/topic_type] /rosapi http://ip-172-31-26-229:51287/
[rosmaster.master][INFO] 2017-06-10 23:14:42,439: +SERVICE [/rosapi/service_type] /rosapi http://ip-172-31-26-229:51287/
[rosmaster.master][INFO] 2017-06-10 23:14:42,443: +SERVICE [/rosapi/publishers] /rosapi http://ip-172-31-26-229:51287/
[rosmaster.master][INFO] 2017-06-10 23:14:42,448: +SERVICE [/rosapi/subscribers] /rosapi http://ip-172-31-26-229:51287/
[rosmaster.master][INFO] 2017-06-10 23:14:42,453: +SERVICE [/rosapi/service_providers] /rosapi http://ip-172-31-26-229:51287/
[rosmaster.master][INFO] 2017-06-10 23:14:42,457: +SERVICE [/rosapi/service_node] /rosapi http://ip-172-31-26-229:51287/
[rosmaster.master][INFO] 2017-06-10 23:14:42,462: +SERVICE [/rosapi/service_host] /rosapi http://ip-172-31-26-229:51287/
[rosmaster.master][INFO] 2017-06-10 23:14:42,468: +SERVICE [/rosapi/message_details] /rosapi http://ip-172-31-26-229:51287/
[rosmaster.master][INFO] 2017-06-10 23:14:42,472: +SERVICE [/rosapi/service_request_details] /rosapi http://ip-172-31-26-229:51287/
[rosmaster.master][INFO] 2017-06-10 23:14:42,477: +SERVICE [/rosapi/service_response_details] /rosapi http://ip-172-31-26-229:51287/
[rosmaster.master][INFO] 2017-06-10 23:14:42,483: +PUB [/rosout] /rosbridge_websocket http://ip-172-31-26-229:41501/
[rosmaster.master][INFO] 2017-06-10 23:14:42,487: +SERVICE [/rosapi/set_param] /rosapi http://ip-172-31-26-229:51287/
[rosmaster.master][INFO] 2017-06-10 23:14:42,490: publisherUpdate[/rosout] -> http://ip-172-31-26-229:39757/
[rosmaster.master][INFO] 2017-06-10 23:14:42,492: +SERVICE [/rosapi/get_param] /rosapi http://ip-172-31-26-229:51287/
[rosmaster.master][INFO] 2017-06-10 23:14:42,507: +SERVICE [/rosbridge_websocket/get_loggers] /rosbridge_websocket http://ip-172-31-26-229:41501/
[rosmaster.master][INFO] 2017-06-10 23:14:42,510: +SERVICE [/rosapi/has_param] /rosapi http://ip-172-31-26-229:51287/
[rosmaster.master][INFO] 2017-06-10 23:14:42,516: +SERVICE [/rosbridge_websocket/set_logger_level] /rosbridge_websocket http://ip-172-31-26-229:41501/
[rosmaster.master][INFO] 2017-06-10 23:14:42,520: +SERVICE [/rosapi/search_param] /rosapi http://ip-172-31-26-229:51287/
[rosmaster.master][INFO] 2017-06-10 23:14:42,525: +SERVICE [/rosapi/delete_param] /rosapi http://ip-172-31-26-229:51287/
[rosmaster.master][INFO] 2017-06-10 23:14:42,530: +SERVICE [/rosapi/get_param_names] /rosapi http://ip-172-31-26-229:51287/
[rosmaster.master][INFO] 2017-06-10 23:14:42,534: +SERVICE [/rosapi/get_time] /rosapi http://ip-172-31-26-229:51287/
[rosmaster.master][INFO] 2017-06-10 23:14:43,886: +PARAM [/roslaunch/uris/host_ip_172_31_26_229__54096] by /roslaunch
[rosmaster.master][INFO] 2017-06-10 23:14:43,903: +PARAM [/robot_description_kinematics/lwr_arm/kinematics_solver] by /roslaunch
[rosmaster.master][INFO] 2017-06-10 23:14:43,910: +PARAM [/move_group/planner_configs/RRTkConfigDefault/goal_bias] by /roslaunch
[rosmaster.master][INFO] 2017-06-10 23:14:43,913: +PARAM [/robot_description_semantic] by /roslaunch
[rosmaster.master][INFO] 2017-06-10 23:14:43,917: +PARAM [/robot_description_kinematics/lwr_arm/kinematics_solver_attempts] by /roslaunch
[rosmaster.master][INFO] 2017-06-10 23:14:43,920: +PARAM [/robot_description_planning/joint_limits/lwr_arm_6_joint/max_acceleration] by /roslaunch
[rosmaster.master][INFO] 2017-06-10 23:14:43,924: +PARAM [/robot_description_planning/joint_limits/lwr_arm_5_joint/has_acceleration_limits] by /roslaunch
[rosmaster.master][INFO] 2017-06-10 23:14:43,927: +PARAM [/move_group/planner_configs/RRTstarkConfigDefault/range] by /roslaunch
[rosmaster.master][INFO] 2017-06-10 23:14:43,931: +PARAM [/robot_description_planning/joint_limits/lwr_arm_0_joint/max_acceleration] by /roslaunch
[rosmaster.master][INFO] 2017-06-10 23:14:43,934: +PARAM [/robot_description_planning/joint_limits/lwr_arm_0_joint/has_velocity_limits] by /roslaunch
[rosmaster.master][INFO] 2017-06-10 23:14:43,938: +PARAM [/move_group/max_safe_path_cost] by /roslaunch
[rosmaster.master][INFO] 2017-06-10 23:14:43,941: +PARAM [/move_group/planner_configs/RRTstarkConfigDefault/goal_bias] by /roslaunch
[rosmaster.master][INFO] 2017-06-10 23:14:43,945: +PARAM [/move_group/planning_scene_monitor/publish_planning_scene] by /roslaunch
[rosmaster.master][INFO] 2017-06-10 23:14:43,948: +PARAM [/move_group/planner_configs/PRMkConfigDefault/type] by /roslaunch
[rosmaster.master][INFO] 2017-06-10 23:14:43,952: +PARAM [/move_group/planner_configs/ESTkConfigDefault/range] by /roslaunch
[rosmaster.master][INFO] 2017-06-10 23:14:43,956: +PARAM [/robot_description_planning/joint_limits/lwr_arm_2_joint/max_acceleration] by /roslaunch
[rosmaster.master][INFO] 2017-06-10 23:14:43,959: +PARAM [/move_group/planner_configs/KPIECEkConfigDefault/min_valid_path_fraction] by /roslaunch
[rosmaster.master][INFO] 2017-06-10 23:14:43,963: +PARAM [/move_group/planner_configs/BKPIECEkConfigDefault/border_fraction] by /roslaunch
[rosmaster.master][INFO] 2017-06-10 23:14:43,966: +PARAM [/move_group/planner_configs/PRMkConfigDefault/max_nearest_neighbors] by /roslaunch
[rosmaster.master][INFO] 2017-06-10 23:14:43,969: +PARAM [/move_group/planner_configs/TRRTkConfigDefault/goal_bias] by /roslaunch
[rosmaster.master][INFO] 2017-06-10 23:14:43,973: +PARAM [/move_group/planner_configs/BKPIECEkConfigDefault/min_valid_path_fraction] by /roslaunch
[rosmaster.master][INFO] 2017-06-10 23:14:43,976: +PARAM [/robot_description_planning/joint_limits/lwr_arm_2_joint/has_velocity_limits] by /roslaunch
[rosmaster.master][INFO] 2017-06-10 23:14:43,980: +PARAM [/robot_description_planning/joint_limits/lwr_arm_3_joint/max_velocity] by /roslaunch
[rosmaster.master][INFO] 2017-06-10 23:14:43,984: +PARAM [/robot_description_planning/joint_limits/lwr_arm_4_joint/max_acceleration] by /roslaunch
[rosmaster.master][INFO] 2017-06-10 23:14:43,988: +PARAM [/robot_description_planning/joint_limits/lwr_arm_0_joint/max_velocity] by /roslaunch
[rosmaster.master][INFO] 2017-06-10 23:14:43,991: +PARAM [/move_group/planner_configs/SBLkConfigDefault/range] by /roslaunch
[rosmaster.master][INFO] 2017-06-10 23:14:43,995: +PARAM [/move_group/planner_configs/TRRTkConfigDefault/frountierNodeRatio] by /roslaunch
[rosmaster.master][INFO] 2017-06-10 23:14:43,999: +PARAM [/robot_description_planning/joint_limits/lwr_arm_6_joint/has_acceleration_limits] by /roslaunch
[rosmaster.master][INFO] 2017-06-10 23:14:44,002: +PARAM [/move_group/planning_plugin] by /roslaunch
[rosmaster.master][INFO] 2017-06-10 23:14:44,006: +PARAM [/move_group/planning_scene_monitor/publish_geometry_updates] by /roslaunch
[rosmaster.master][INFO] 2017-06-10 23:14:44,017: +PARAM [/robot_description_planning/joint_limits/lwr_arm_3_joint/max_acceleration] by /roslaunch
[rosmaster.master][INFO] 2017-06-10 23:14:44,020: +PARAM [/move_group/planner_configs/TRRTkConfigDefault/max_states_failed] by /roslaunch
[rosmaster.master][INFO] 2017-06-10 23:14:44,024: +PARAM [/robot_description_planning/joint_limits/lwr_arm_3_joint/has_velocity_limits] by /roslaunch
[rosmaster.master][INFO] 2017-06-10 23:14:44,027: +PARAM [/robot_description_kinematics/lwr_arm/kinematics_solver_timeout] by /roslaunch
[rosmaster.master][INFO] 2017-06-10 23:14:44,031: +PARAM [/move_group/lwr_arm/projection_evaluator] by /roslaunch
[rosmaster.master][INFO] 2017-06-10 23:14:44,034: +PARAM [/robot_description_planning/joint_limits/lwr_arm_1_joint/has_acceleration_limits] by /roslaunch
[rosmaster.master][INFO] 2017-06-10 23:14:44,038: +PARAM [/rosdistro] by /roslaunch
[rosmaster.master][INFO] 2017-06-10 23:14:44,041: +PARAM [/robot_description_planning/joint_limits/lwr_arm_5_joint/max_velocity] by /roslaunch
[rosmaster.master][INFO] 2017-06-10 23:14:44,045: +PARAM [/move_group/planner_configs/PRMstarkConfigDefault/type] by /roslaunch
[rosmaster.master][INFO] 2017-06-10 23:14:44,049: +PARAM [/move_group/planner_configs/RRTkConfigDefault/range] by /roslaunch
[rosmaster.master][INFO] 2017-06-10 23:14:44,052: +PARAM [/move_group/allow_trajectory_execution] by /roslaunch
[rosmaster.master][INFO] 2017-06-10 23:14:44,056: +PARAM [/move_group/lwr_arm/planner_configs] by /roslaunch
[rosmaster.master][INFO] 2017-06-10 23:14:44,059: +PARAM [/move_group/planner_configs/ESTkConfigDefault/type] by /roslaunch
[rosmaster.master][INFO] 2017-06-10 23:14:44,063: +PARAM [/move_group/start_state_max_bounds_error] by /roslaunch
[rosmaster.master][INFO] 2017-06-10 23:14:44,067: +PARAM [/move_group/planner_configs/TRRTkConfigDefault/init_temperature] by /roslaunch
[rosmaster.master][INFO] 2017-06-10 23:14:44,070: +PARAM [/move_group/planner_configs/BKPIECEkConfigDefault/type] by /roslaunch
[rosmaster.master][INFO] 2017-06-10 23:14:44,074: +PARAM [/move_group/planner_configs/KPIECEkConfigDefault/border_fraction] by /roslaunch
[rosmaster.master][INFO] 2017-06-10 23:14:44,077: +PARAM [/robot_description_planning/joint_limits/lwr_arm_4_joint/has_velocity_limits] by /roslaunch
[rosmaster.master][INFO] 2017-06-10 23:14:44,081: +PARAM [/move_group/planner_configs/ESTkConfigDefault/goal_bias] by /roslaunch
[rosmaster.master][INFO] 2017-06-10 23:14:44,085: +PARAM [/move_group/planner_configs/LBKPIECEkConfigDefault/border_fraction] by /roslaunch
[rosmaster.master][INFO] 2017-06-10 23:14:44,089: +PARAM [/move_group/jiggle_fraction] by /roslaunch
[rosmaster.master][INFO] 2017-06-10 23:14:44,092: +PARAM [/move_group/planner_configs/TRRTkConfigDefault/range] by /roslaunch
[rosmaster.master][INFO] 2017-06-10 23:14:44,096: +PARAM [/move_group/planning_scene_monitor/publish_state_updates] by /roslaunch
[rosmaster.master][INFO] 2017-06-10 23:14:44,099: +PARAM [/move_group/planner_configs/TRRTkConfigDefault/temp_change_factor] by /roslaunch
[rosmaster.master][INFO] 2017-06-10 23:14:44,103: +PARAM [/robot_description_planning/joint_limits/lwr_arm_6_joint/max_velocity] by /roslaunch
[rosmaster.master][INFO] 2017-06-10 23:14:44,107: +PARAM [/robot_description_planning/joint_limits/lwr_arm_1_joint/max_velocity] by /roslaunch
[rosmaster.master][INFO] 2017-06-10 23:14:44,110: +PARAM [/move_group/planner_configs/SBLkConfigDefault/type] by /roslaunch
[rosmaster.master][INFO] 2017-06-10 23:14:44,114: +PARAM [/robot_description] by /roslaunch
[rosmaster.master][INFO] 2017-06-10 23:14:44,117: +PARAM [/move_group/capabilities] by /roslaunch
[rosmaster.master][INFO] 2017-06-10 23:14:44,121: +PARAM [/move_group/planner_configs/LBKPIECEkConfigDefault/range] by /roslaunch
[rosmaster.master][INFO] 2017-06-10 23:14:44,124: +PARAM [/robot_description_planning/joint_limits/lwr_arm_5_joint/max_acceleration] by /roslaunch
[rosmaster.master][INFO] 2017-06-10 23:14:44,128: +PARAM [/move_group/planner_configs/KPIECEkConfigDefault/range] by /roslaunch
[rosmaster.master][INFO] 2017-06-10 23:14:44,131: +PARAM [/move_group/planner_configs/BKPIECEkConfigDefault/range] by /roslaunch
[rosmaster.master][INFO] 2017-06-10 23:14:44,135: +PARAM [/move_group/planner_configs/TRRTkConfigDefault/type] by /roslaunch
[rosmaster.master][INFO] 2017-06-10 23:14:44,139: +PARAM [/move_group/planner_configs/KPIECEkConfigDefault/goal_bias] by /roslaunch
[rosmaster.master][INFO] 2017-06-10 23:14:44,144: +PARAM [/move_group/planner_configs/RRTConnectkConfigDefault/range] by /roslaunch
[rosmaster.master][INFO] 2017-06-10 23:14:44,148: +PARAM [/move_group/request_adapters] by /roslaunch
[rosmaster.master][INFO] 2017-06-10 23:14:44,152: +PARAM [/move_group/planner_configs/TRRTkConfigDefault/min_temperature] by /roslaunch
[rosmaster.master][INFO] 2017-06-10 23:14:44,156: +PARAM [/robot_description_planning/joint_limits/lwr_arm_6_joint/has_velocity_limits] by /roslaunch
[rosmaster.master][INFO] 2017-06-10 23:14:44,159: +PARAM [/robot_description_planning/joint_limits/lwr_arm_1_joint/has_velocity_limits] by /roslaunch
[rosmaster.master][INFO] 2017-06-10 23:14:44,163: +PARAM [/move_group/planner_configs/KPIECEkConfigDefault/failed_expansion_score_factor] by /roslaunch
[rosmaster.master][INFO] 2017-06-10 23:14:44,166: +PARAM [/move_group/planning_scene_monitor/publish_transforms_updates] by /roslaunch
[rosmaster.master][INFO] 2017-06-10 23:14:44,170: +PARAM [/robot_description_planning/joint_limits/lwr_arm_5_joint/has_velocity_limits] by /roslaunch
[rosmaster.master][INFO] 2017-06-10 23:14:44,174: +PARAM [/robot_description_planning/joint_limits/lwr_arm_3_joint/has_acceleration_limits] by /roslaunch
[rosmaster.master][INFO] 2017-06-10 23:14:44,178: +PARAM [/move_group/planner_configs/RRTstarkConfigDefault/type] by /roslaunch
[rosmaster.master][INFO] 2017-06-10 23:14:44,181: +PARAM [/move_group/lwr_arm/longest_valid_segment_fraction] by /roslaunch
[rosmaster.master][INFO] 2017-06-10 23:14:44,185: +PARAM [/move_group/planner_configs/RRTstarkConfigDefault/delay_collision_checking] by /roslaunch
[rosmaster.master][INFO] 2017-06-10 23:14:44,189: +PARAM [/move_group/planner_configs/KPIECEkConfigDefault/type] by /roslaunch
[rosmaster.master][INFO] 2017-06-10 23:14:44,192: +PARAM [/robot_description_kinematics/lwr_arm/kinematics_solver_search_resolution] by /roslaunch
[rosmaster.master][INFO] 2017-06-10 23:14:44,196: +PARAM [/move_group/planner_configs/RRTConnectkConfigDefault/type] by /roslaunch
[rosmaster.master][INFO] 2017-06-10 23:14:44,199: +PARAM [/robot_description_planning/joint_limits/lwr_arm_2_joint/has_acceleration_limits] by /roslaunch
[rosmaster.master][INFO] 2017-06-10 23:14:44,203: +PARAM [/move_group/planner_configs/BKPIECEkConfigDefault/failed_expansion_score_factor] by /roslaunch
[rosmaster.master][INFO] 2017-06-10 23:14:44,206: +PARAM [/robot_description_planning/joint_limits/lwr_arm_2_joint/max_velocity] by /roslaunch
[rosmaster.master][INFO] 2017-06-10 23:14:44,209: +PARAM [/move_group/planner_configs/LBKPIECEkConfigDefault/min_valid_path_fraction] by /roslaunch
[rosmaster.master][INFO] 2017-06-10 23:14:44,213: +PARAM [/rosversion] by /roslaunch
[rosmaster.master][INFO] 2017-06-10 23:14:44,216: +PARAM [/robot_description_planning/joint_limits/lwr_arm_4_joint/max_velocity] by /roslaunch
[rosmaster.master][INFO] 2017-06-10 23:14:44,220: +PARAM [/robot_description_planning/joint_limits/lwr_arm_4_joint/has_acceleration_limits] by /roslaunch
[rosmaster.master][INFO] 2017-06-10 23:14:44,223: +PARAM [/robot_description_planning/joint_limits/lwr_arm_0_joint/has_acceleration_limits] by /roslaunch
[rosmaster.master][INFO] 2017-06-10 23:14:44,233: +PARAM [/robot_description_planning/joint_limits/lwr_arm_1_joint/max_acceleration] by /roslaunch
[rosmaster.master][INFO] 2017-06-10 23:14:44,236: +PARAM [/move_group/planner_configs/TRRTkConfigDefault/k_constant] by /roslaunch
[rosmaster.master][INFO] 2017-06-10 23:14:44,240: +PARAM [/move_group/planner_configs/TRRTkConfigDefault/frountier_threshold] by /roslaunch
[rosmaster.master][INFO] 2017-06-10 23:14:44,243: +PARAM [/move_group/planner_configs/LBKPIECEkConfigDefault/type] by /roslaunch
[rosmaster.master][INFO] 2017-06-10 23:14:44,247: +PARAM [/move_group/planner_configs/RRTkConfigDefault/type] by /roslaunch
[rosmaster.master][INFO] 2017-06-10 23:14:44,433: +PUB [/rosout] /robot_sim http://ip-172-31-26-229:57002/
[rosmaster.master][INFO] 2017-06-10 23:14:44,437: +SERVICE [/robot_sim/get_loggers] /robot_sim http://ip-172-31-26-229:57002/
[rosmaster.master][INFO] 2017-06-10 23:14:44,450: +SERVICE [/robot_sim/set_logger_level] /robot_sim http://ip-172-31-26-229:57002/
[rosmaster.master][INFO] 2017-06-10 23:14:44,461: +PUB [/joint_states] /robot_sim http://ip-172-31-26-229:57002/
[rosmaster.master][INFO] 2017-06-10 23:14:44,471: +SUB [/joint_velocities] /robot_sim http://ip-172-31-26-229:57002/
[rosmaster.master][INFO] 2017-06-10 23:14:44,482: +SUB [/joint_positions] /robot_sim http://ip-172-31-26-229:57002/
[rosmaster.master][INFO] 2017-06-10 23:14:44,485: publisherUpdate[/rosout] -> http://ip-172-31-26-229:39757/
[rosmaster.master][INFO] 2017-06-10 23:14:44,489: +PUB [/rosout] /robot_state_publisher http://ip-172-31-26-229:50004/
[rosmaster.master][INFO] 2017-06-10 23:14:44,495: publisherUpdate[/rosout] -> http://ip-172-31-26-229:39757/
[rosmaster.master][INFO] 2017-06-10 23:14:44,498: +SUB [/joint_command] /robot_sim http://ip-172-31-26-229:57002/
[rosmaster.master][INFO] 2017-06-10 23:14:44,505: +SERVICE [/robot_state_publisher/get_loggers] /robot_state_publisher http://ip-172-31-26-229:50004/
[rosmaster.master][INFO] 2017-06-10 23:14:44,510: +SERVICE [/robot_state_publisher/set_logger_level] /robot_state_publisher http://ip-172-31-26-229:50004/
[rosmaster.master][INFO] 2017-06-10 23:14:44,515: +SUB [/joint_trajectory] /robot_sim http://ip-172-31-26-229:57002/
[rosmaster.master][INFO] 2017-06-10 23:14:44,520: +PUB [/tf] /robot_state_publisher http://ip-172-31-26-229:50004/
[rosmaster.master][INFO] 2017-06-10 23:14:44,524: +PUB [/tf_static] /robot_state_publisher http://ip-172-31-26-229:50004/
[rosmaster.master][INFO] 2017-06-10 23:14:44,536: +SUB [/joint_states] /robot_state_publisher http://ip-172-31-26-229:50004/
[rosmaster.master][INFO] 2017-06-10 23:14:44,602: publisherUpdate[/tf] -> http://ip-172-31-26-229:51486/
[rosmaster.master][INFO] 2017-06-10 23:14:44,602: publisherUpdate[/tf] -> http://ip-172-31-26-229:40371/
[rosmaster.master][INFO] 2017-06-10 23:14:44,611: publisherUpdate[/tf_static] -> http://ip-172-31-26-229:51486/
[rosmaster.master][INFO] 2017-06-10 23:14:44,617: publisherUpdate[/tf_static] -> http://ip-172-31-26-229:40371/
[rosmaster.master][INFO] 2017-06-10 23:14:44,685: +PUB [/rosout] /move_group http://ip-172-31-26-229:52277/
[rosmaster.master][INFO] 2017-06-10 23:14:44,690: +SERVICE [/move_group/get_loggers] /move_group http://ip-172-31-26-229:52277/
[rosmaster.master][INFO] 2017-06-10 23:14:44,695: +SERVICE [/move_group/set_logger_level] /move_group http://ip-172-31-26-229:52277/
[rosmaster.master][INFO] 2017-06-10 23:14:44,705: publisherUpdate[/rosout] -> http://ip-172-31-26-229:39757/
[rosmaster.master][INFO] 2017-06-10 23:14:44,705: +SUB [/tf] /move_group http://ip-172-31-26-229:52277/
[rosmaster.master][INFO] 2017-06-10 23:14:44,720: +SUB [/tf_static] /move_group http://ip-172-31-26-229:52277/
[rosmaster.master][INFO] 2017-06-10 23:14:44,857: +PUB [/rosout] /move_group_commander_wrappers_1497161684851459585 http://ip-172-31-26-229:42212/
[rosmaster.master][INFO] 2017-06-10 23:14:44,864: +SERVICE [/move_group_commander_wrappers_1497161684851459585/get_loggers] /move_group_commander_wrappers_1497161684851459585 http://ip-172-31-26-229:42212/
[rosmaster.master][INFO] 2017-06-10 23:14:44,868: +SERVICE [/move_group_commander_wrappers_1497161684851459585/set_logger_level] /move_group_commander_wrappers_1497161684851459585 http://ip-172-31-26-229:42212/
[rosmaster.master][INFO] 2017-06-10 23:14:44,910: publisherUpdate[/rosout] -> http://ip-172-31-26-229:39757/
[rosmaster.master][INFO] 2017-06-10 23:14:44,932: +SERVICE [/move_group/planning_scene_monitor/set_parameters] /move_group http://ip-172-31-26-229:52277/
[rosmaster.master][INFO] 2017-06-10 23:14:44,936: +PUB [/move_group/planning_scene_monitor/parameter_descriptions] /move_group http://ip-172-31-26-229:52277/
[rosmaster.master][INFO] 2017-06-10 23:14:44,940: +PUB [/move_group/planning_scene_monitor/parameter_updates] /move_group http://ip-172-31-26-229:52277/
[rosmaster.master][INFO] 2017-06-10 23:14:44,949: +PARAM [/move_group/planning_scene_monitor/publish_planning_scene] by /move_group
[rosmaster.master][INFO] 2017-06-10 23:14:44,954: +PARAM [/move_group/planning_scene_monitor/publish_planning_scene_hz] by /move_group
[rosmaster.master][INFO] 2017-06-10 23:14:44,958: +PARAM [/move_group/planning_scene_monitor/publish_geometry_updates] by /move_group
[rosmaster.master][INFO] 2017-06-10 23:14:44,963: +PARAM [/move_group/planning_scene_monitor/publish_state_updates] by /move_group
[rosmaster.master][INFO] 2017-06-10 23:14:44,967: +PARAM [/move_group/planning_scene_monitor/publish_transforms_updates] by /move_group
[rosmaster.master][INFO] 2017-06-10 23:14:44,971: +PUB [/move_group/monitored_planning_scene] /move_group http://ip-172-31-26-229:52277/
[rosmaster.master][INFO] 2017-06-10 23:14:44,976: +PARAM [/move_group/planning_scene_monitor/publish_planning_scene] by /move_group
[rosmaster.master][INFO] 2017-06-10 23:14:44,988: +PARAM [/move_group/planning_scene_monitor/publish_planning_scene_hz] by /move_group
[rosmaster.master][INFO] 2017-06-10 23:14:44,993: +PARAM [/move_group/planning_scene_monitor/publish_geometry_updates] by /move_group
[rosmaster.master][INFO] 2017-06-10 23:14:44,997: +PARAM [/move_group/planning_scene_monitor/publish_state_updates] by /move_group
[rosmaster.master][INFO] 2017-06-10 23:14:45,002: +PARAM [/move_group/planning_scene_monitor/publish_transforms_updates] by /move_group
[rosmaster.master][INFO] 2017-06-10 23:14:45,011: +SUB [/planning_scene] /move_group http://ip-172-31-26-229:52277/
[rosmaster.master][INFO] 2017-06-10 23:14:45,020: +SUB [/collision_object] /move_group http://ip-172-31-26-229:52277/
[rosmaster.master][INFO] 2017-06-10 23:14:45,031: +SUB [/planning_scene_world] /move_group http://ip-172-31-26-229:52277/
[rosmaster.master][INFO] 2017-06-10 23:14:45,038: +SERVICE [/move_group/save_map] /move_group http://ip-172-31-26-229:52277/
[rosmaster.master][INFO] 2017-06-10 23:14:45,042: +SERVICE [/move_group/load_map] /move_group http://ip-172-31-26-229:52277/
[rosmaster.master][INFO] 2017-06-10 23:14:45,046: +PUB [/rosout] /marker_control_4128_1497161684873 http://ip-172-31-26-229:59401/
[rosmaster.master][INFO] 2017-06-10 23:14:45,051: +SUB [/joint_states] /move_group http://ip-172-31-26-229:52277/
[rosmaster.master][INFO] 2017-06-10 23:14:45,059: +SERVICE [/marker_control_4128_1497161684873/get_loggers] /marker_control_4128_1497161684873 http://ip-172-31-26-229:59401/
[rosmaster.master][INFO] 2017-06-10 23:14:45,062: +SUB [/attached_collision_object] /move_group http://ip-172-31-26-229:52277/
[rosmaster.master][INFO] 2017-06-10 23:14:45,066: +SERVICE [/marker_control_4128_1497161684873/set_logger_level] /marker_control_4128_1497161684873 http://ip-172-31-26-229:59401/
[rosmaster.master][INFO] 2017-06-10 23:14:45,071: +PUB [/planning_scene] /move_group_commander_wrappers_1497161684851459585 http://ip-172-31-26-229:42212/
[rosmaster.master][INFO] 2017-06-10 23:14:45,076: +PUB [/collision_object] /marker_control_4128_1497161684873 http://ip-172-31-26-229:59401/
[rosmaster.master][INFO] 2017-06-10 23:14:45,081: +PUB [/attached_collision_object] /marker_control_4128_1497161684873 http://ip-172-31-26-229:59401/
[rosmaster.master][INFO] 2017-06-10 23:14:45,086: +PUB [/visualization_marker_array] /marker_control_4128_1497161684873 http://ip-172-31-26-229:59401/
[rosmaster.master][INFO] 2017-06-10 23:14:45,099: +PUB [/motion_planning_goal] /marker_control_4128_1497161684873 http://ip-172-31-26-229:59401/
[rosmaster.master][INFO] 2017-06-10 23:14:45,105: +SUB [/joint_trajectory] /marker_control_4128_1497161684873 http://ip-172-31-26-229:59401/
[rosmaster.master][INFO] 2017-06-10 23:14:45,110: +PUB [/control_markers/update_full] /marker_control_4128_1497161684873 http://ip-172-31-26-229:59401/
[rosmaster.master][INFO] 2017-06-10 23:14:45,117: +PUB [/control_markers/update] /marker_control_4128_1497161684873 http://ip-172-31-26-229:59401/
[rosmaster.master][INFO] 2017-06-10 23:14:45,117: publisherUpdate[/rosout] -> http://ip-172-31-26-229:39757/
[rosmaster.master][INFO] 2017-06-10 23:14:45,118: publisherUpdate[/planning_scene] -> http://ip-172-31-26-229:52277/
[rosmaster.master][INFO] 2017-06-10 23:14:45,122: publisherUpdate[/control_markers/update] -> http://ip-172-31-26-229:40371/
[rosmaster.master][INFO] 2017-06-10 23:14:45,123: +SUB [/control_markers/feedback] /marker_control_4128_1497161684873 http://ip-172-31-26-229:59401/
[rosmaster.master][INFO] 2017-06-10 23:14:45,129: publisherUpdate[/collision_object] -> http://ip-172-31-26-229:52277/
[rosmaster.master][INFO] 2017-06-10 23:14:45,140: publisherUpdate[/attached_collision_object] -> http://ip-172-31-26-229:52277/
[rosmaster.master][INFO] 2017-06-10 23:14:45,155: +SERVICE [/move_group/ompl/set_parameters] /move_group http://ip-172-31-26-229:52277/
[rosmaster.master][INFO] 2017-06-10 23:14:45,160: +PUB [/move_group/ompl/parameter_descriptions] /move_group http://ip-172-31-26-229:52277/
[rosmaster.master][INFO] 2017-06-10 23:14:45,165: +PUB [/move_group/ompl/parameter_updates] /move_group http://ip-172-31-26-229:52277/
[rosmaster.master][INFO] 2017-06-10 23:14:45,173: +PARAM [/move_group/ompl/simplify_solutions] by /move_group
[rosmaster.master][INFO] 2017-06-10 23:14:45,177: +PARAM [/move_group/ompl/minimum_waypoint_count] by /move_group
[rosmaster.master][INFO] 2017-06-10 23:14:45,182: +PARAM [/move_group/ompl/maximum_waypoint_distance] by /move_group
[rosmaster.master][INFO] 2017-06-10 23:14:45,186: +PARAM [/move_group/ompl/link_for_exploration_tree] by /move_group
[rosmaster.master][INFO] 2017-06-10 23:14:45,191: +PARAM [/move_group/ompl/display_random_valid_states] by /move_group
[rosmaster.master][INFO] 2017-06-10 23:14:45,195: +PARAM [/move_group/ompl/simplify_solutions] by /move_group
[rosmaster.master][INFO] 2017-06-10 23:14:45,205: +PARAM [/move_group/ompl/minimum_waypoint_count] by /move_group
[rosmaster.master][INFO] 2017-06-10 23:14:45,210: +PARAM [/move_group/ompl/maximum_waypoint_distance] by /move_group
[rosmaster.master][INFO] 2017-06-10 23:14:45,215: +PARAM [/move_group/ompl/link_for_exploration_tree] by /move_group
[rosmaster.master][INFO] 2017-06-10 23:14:45,219: +PARAM [/move_group/ompl/display_random_valid_states] by /move_group
[rosmaster.master][INFO] 2017-06-10 23:14:45,268: +PUB [/move_group/display_planned_path] /move_group http://ip-172-31-26-229:52277/
[rosmaster.master][INFO] 2017-06-10 23:14:45,272: +PUB [/move_group/display_contacts] /move_group http://ip-172-31-26-229:52277/
[rosmaster.master][INFO] 2017-06-10 23:14:45,318: +SERVICE [/apply_planning_scene] /move_group http://ip-172-31-26-229:52277/
[rosmaster.master][INFO] 2017-06-10 23:14:45,323: +SERVICE [/clear_octomap] /move_group http://ip-172-31-26-229:52277/
[rosmaster.master][INFO] 2017-06-10 23:14:45,327: +SERVICE [/compute_cartesian_path] /move_group http://ip-172-31-26-229:52277/
[rosmaster.master][INFO] 2017-06-10 23:14:45,331: +SERVICE [/execute_kinematic_path] /move_group http://ip-172-31-26-229:52277/
[rosmaster.master][INFO] 2017-06-10 23:14:45,338: +PUB [/execute_trajectory/result] /move_group http://ip-172-31-26-229:52277/
[rosmaster.master][INFO] 2017-06-10 23:14:45,342: +PUB [/execute_trajectory/feedback] /move_group http://ip-172-31-26-229:52277/
[rosmaster.master][INFO] 2017-06-10 23:14:45,347: +PUB [/execute_trajectory/status] /move_group http://ip-172-31-26-229:52277/
[rosmaster.master][INFO] 2017-06-10 23:14:45,358: +SUB [/execute_trajectory/goal] /move_group http://ip-172-31-26-229:52277/
[rosmaster.master][INFO] 2017-06-10 23:14:45,367: +SUB [/execute_trajectory/cancel] /move_group http://ip-172-31-26-229:52277/
[rosmaster.master][INFO] 2017-06-10 23:14:45,372: +SERVICE [/get_planning_scene] /move_group http://ip-172-31-26-229:52277/
[rosmaster.master][INFO] 2017-06-10 23:14:45,377: +SERVICE [/compute_fk] /move_group http://ip-172-31-26-229:52277/
[rosmaster.master][INFO] 2017-06-10 23:14:45,382: +SERVICE [/compute_ik] /move_group http://ip-172-31-26-229:52277/
[rosmaster.master][INFO] 2017-06-10 23:14:45,388: +PUB [/move_group/result] /move_group http://ip-172-31-26-229:52277/
[rosmaster.master][INFO] 2017-06-10 23:14:45,392: +PUB [/move_group/feedback] /move_group http://ip-172-31-26-229:52277/
[rosmaster.master][INFO] 2017-06-10 23:14:45,396: +PUB [/move_group/status] /move_group http://ip-172-31-26-229:52277/
[rosmaster.master][INFO] 2017-06-10 23:14:45,411: +SUB [/move_group/goal] /move_group http://ip-172-31-26-229:52277/
[rosmaster.master][INFO] 2017-06-10 23:14:45,426: +SUB [/move_group/cancel] /move_group http://ip-172-31-26-229:52277/
[rosmaster.master][INFO] 2017-06-10 23:14:45,473: +PUB [/pickup/result] /move_group http://ip-172-31-26-229:52277/
[rosmaster.master][INFO] 2017-06-10 23:14:45,477: +PUB [/pickup/feedback] /move_group http://ip-172-31-26-229:52277/
[rosmaster.master][INFO] 2017-06-10 23:14:45,482: +PUB [/pickup/status] /move_group http://ip-172-31-26-229:52277/
[rosmaster.master][INFO] 2017-06-10 23:14:45,494: +SUB [/pickup/goal] /move_group http://ip-172-31-26-229:52277/
[rosmaster.master][INFO] 2017-06-10 23:14:45,503: +SUB [/pickup/cancel] /move_group http://ip-172-31-26-229:52277/
[rosmaster.master][INFO] 2017-06-10 23:14:45,510: +PUB [/place/result] /move_group http://ip-172-31-26-229:52277/
[rosmaster.master][INFO] 2017-06-10 23:14:45,515: +PUB [/place/feedback] /move_group http://ip-172-31-26-229:52277/
[rosmaster.master][INFO] 2017-06-10 23:14:45,528: +PUB [/place/status] /move_group http://ip-172-31-26-229:52277/
[rosmaster.master][INFO] 2017-06-10 23:14:45,540: +SUB [/place/goal] /move_group http://ip-172-31-26-229:52277/
[rosmaster.master][INFO] 2017-06-10 23:14:45,550: +SUB [/place/cancel] /move_group http://ip-172-31-26-229:52277/
[rosmaster.master][INFO] 2017-06-10 23:14:45,555: +SERVICE [/plan_kinematic_path] /move_group http://ip-172-31-26-229:52277/
[rosmaster.master][INFO] 2017-06-10 23:14:45,560: +SERVICE [/query_planner_interface] /move_group http://ip-172-31-26-229:52277/
[rosmaster.master][INFO] 2017-06-10 23:14:45,565: +SERVICE [/check_state_validity] /move_group http://ip-172-31-26-229:52277/
[rosmaster.master][INFO] 2017-06-10 23:14:45,640: +SUB [/control_markers/update_full] /interactive_marker_proxy http://ip-172-31-26-229:40371/
[rosmaster.master][INFO] 2017-06-10 23:14:45,857: -SUB [/control_markers/update_full] /interactive_marker_proxy http://ip-172-31-26-229:40371/
[rosmaster.master][INFO] 2017-06-10 23:14:46,185: +PUB [/tf2_web_republisher/goal] /rosbridge_websocket http://ip-172-31-26-229:41501/
[rosmaster.master][INFO] 2017-06-10 23:14:46,197: +PUB [/tf2_web_republisher/cancel] /rosbridge_websocket http://ip-172-31-26-229:41501/
[rosmaster.master][INFO] 2017-06-10 23:14:46,206: +SUB [/tf2_web_republisher/feedback] /rosbridge_websocket http://ip-172-31-26-229:41501/
[rosmaster.master][INFO] 2017-06-10 23:14:46,223: +SUB [/visualization_marker_array] /rosbridge_websocket http://ip-172-31-26-229:41501/
[rosmaster.master][INFO] 2017-06-10 23:14:46,227: publisherUpdate[/tf2_web_republisher/goal] -> http://ip-172-31-26-229:51486/
[rosmaster.master][INFO] 2017-06-10 23:14:46,232: publisherUpdate[/tf2_web_republisher/cancel] -> http://ip-172-31-26-229:51486/
[rosmaster.master][INFO] 2017-06-10 23:14:46,239: +SUB [/control_markers/tunneled/update] /rosbridge_websocket http://ip-172-31-26-229:41501/
[rosmaster.master][INFO] 2017-06-10 23:14:46,250: +PUB [/control_markers/feedback] /rosbridge_websocket http://ip-172-31-26-229:41501/
[rosmaster.master][INFO] 2017-06-10 23:14:46,334: publisherUpdate[/control_markers/feedback] -> http://ip-172-31-26-229:59401/
[rosmaster.master][INFO] 2017-06-10 23:14:53,083: +PUB [/rosout] /move_group_commander_wrappers_1497161693077939679 http://ip-172-31-26-229:50264/
[rosmaster.master][INFO] 2017-06-10 23:14:53,084: +SERVICE [/move_group_commander_wrappers_1497161693077939679/get_loggers] /move_group_commander_wrappers_1497161693077939679 http://ip-172-31-26-229:50264/
[rosmaster.master][INFO] 2017-06-10 23:14:53,089: +SERVICE [/move_group_commander_wrappers_1497161693077939679/set_logger_level] /move_group_commander_wrappers_1497161693077939679 http://ip-172-31-26-229:50264/
[rosmaster.master][INFO] 2017-06-10 23:14:53,148: publisherUpdate[/rosout] -> http://ip-172-31-26-229:39757/
[rosmaster.master][INFO] 2017-06-10 23:14:53,262: +PUB [/rosout] /move_arm_4871_1497161693095 http://ip-172-31-26-229:33558/
[rosmaster.master][INFO] 2017-06-10 23:14:53,282: +SERVICE [/move_arm_4871_1497161693095/get_loggers] /move_arm_4871_1497161693095 http://ip-172-31-26-229:33558/
[rosmaster.master][INFO] 2017-06-10 23:14:53,287: +SERVICE [/move_arm_4871_1497161693095/set_logger_level] /move_arm_4871_1497161693095 http://ip-172-31-26-229:33558/
[rosmaster.master][INFO] 2017-06-10 23:14:53,293: +SUB [/joint_states] /move_arm_4871_1497161693095 http://ip-172-31-26-229:33558/
[rosmaster.master][INFO] 2017-06-10 23:14:53,298: +SUB [/motion_planning_goal] /move_arm_4871_1497161693095 http://ip-172-31-26-229:33558/
[rosmaster.master][INFO] 2017-06-10 23:14:53,303: +PUB [/joint_trajectory] /move_arm_4871_1497161693095 http://ip-172-31-26-229:33558/
[rosmaster.master][INFO] 2017-06-10 23:14:53,351: publisherUpdate[/rosout] -> http://ip-172-31-26-229:39757/
[rosmaster.master][INFO] 2017-06-10 23:14:53,353: publisherUpdate[/joint_trajectory] -> http://ip-172-31-26-229:57002/
[rosmaster.master][INFO] 2017-06-10 23:14:53,356: publisherUpdate[/joint_trajectory] -> http://ip-172-31-26-229:59401/
[rosmaster.master][INFO] 2017-06-10 23:14:53,499: +SUB [/tf] /move_group_commander_wrappers_1497161693077939679 http://ip-172-31-26-229:50264/
[rosmaster.master][INFO] 2017-06-10 23:14:53,510: +SUB [/tf_static] /move_group_commander_wrappers_1497161693077939679 http://ip-172-31-26-229:50264/
[rosmaster.master][INFO] 2017-06-10 23:14:53,516: +PUB [/planning_scene] /move_group_commander_wrappers_1497161693077939679 http://ip-172-31-26-229:50264/
[rosmaster.master][INFO] 2017-06-10 23:14:53,522: +PUB [/collision_object] /move_arm_4871_1497161693095 http://ip-172-31-26-229:33558/
[rosmaster.master][INFO] 2017-06-10 23:14:53,530: +PUB [/attached_collision_object] /move_arm_4871_1497161693095 http://ip-172-31-26-229:33558/
[rosmaster.master][INFO] 2017-06-10 23:14:53,535: +PUB [/trajectory_execution_event] /move_group_commander_wrappers_1497161693077939679 http://ip-172-31-26-229:50264/
[rosmaster.master][INFO] 2017-06-10 23:14:53,540: +PUB [/attached_collision_object] /move_group_commander_wrappers_1497161693077939679 http://ip-172-31-26-229:50264/
[rosmaster.master][INFO] 2017-06-10 23:14:53,550: +SUB [/move_group/status] /move_group_commander_wrappers_1497161693077939679 http://ip-172-31-26-229:50264/
[rosmaster.master][INFO] 2017-06-10 23:14:53,559: +SUB [/move_group/feedback] /move_group_commander_wrappers_1497161693077939679 http://ip-172-31-26-229:50264/
[rosmaster.master][INFO] 2017-06-10 23:14:53,559: publisherUpdate[/planning_scene] -> http://ip-172-31-26-229:52277/
[rosmaster.master][INFO] 2017-06-10 23:14:53,567: +SUB [/move_group/result] /move_group_commander_wrappers_1497161693077939679 http://ip-172-31-26-229:50264/
[rosmaster.master][INFO] 2017-06-10 23:14:53,567: publisherUpdate[/collision_object] -> http://ip-172-31-26-229:52277/
[rosmaster.master][INFO] 2017-06-10 23:14:53,572: +PUB [/move_group/goal] /move_group_commander_wrappers_1497161693077939679 http://ip-172-31-26-229:50264/
[rosmaster.master][INFO] 2017-06-10 23:14:53,576: publisherUpdate[/attached_collision_object] -> http://ip-172-31-26-229:52277/
[rosmaster.master][INFO] 2017-06-10 23:14:53,580: +PUB [/move_group/cancel] /move_group_commander_wrappers_1497161693077939679 http://ip-172-31-26-229:50264/
[rosmaster.master][INFO] 2017-06-10 23:14:53,583: publisherUpdate[/attached_collision_object] -> http://ip-172-31-26-229:52277/
[rosmaster.master][INFO] 2017-06-10 23:14:53,591: publisherUpdate[/move_group/goal] -> http://ip-172-31-26-229:52277/
[rosmaster.master][INFO] 2017-06-10 23:14:53,595: publisherUpdate[/move_group/cancel] -> http://ip-172-31-26-229:52277/
[rosmaster.master][INFO] 2017-06-10 23:14:53,815: +SUB [/pickup/status] /move_group_commander_wrappers_1497161693077939679 http://ip-172-31-26-229:50264/
[rosmaster.master][INFO] 2017-06-10 23:14:53,820: +SUB [/pickup/feedback] /move_group_commander_wrappers_1497161693077939679 http://ip-172-31-26-229:50264/
[rosmaster.master][INFO] 2017-06-10 23:14:53,827: +SUB [/pickup/result] /move_group_commander_wrappers_1497161693077939679 http://ip-172-31-26-229:50264/
[rosmaster.master][INFO] 2017-06-10 23:14:53,834: +PUB [/pickup/goal] /move_group_commander_wrappers_1497161693077939679 http://ip-172-31-26-229:50264/
[rosmaster.master][INFO] 2017-06-10 23:14:53,838: +PUB [/pickup/cancel] /move_group_commander_wrappers_1497161693077939679 http://ip-172-31-26-229:50264/
[rosmaster.master][INFO] 2017-06-10 23:14:53,861: publisherUpdate[/pickup/goal] -> http://ip-172-31-26-229:52277/
[rosmaster.master][INFO] 2017-06-10 23:14:53,866: publisherUpdate[/pickup/cancel] -> http://ip-172-31-26-229:52277/
