[rospy.client][INFO] 2017-06-10 23:14:42,361: init_node, name[/rosbridge_websocket], pid[3944]
[xmlrpc][INFO] 2017-06-10 23:14:42,362: XML-RPC server binding to 0.0.0.0:0
[xmlrpc][INFO] 2017-06-10 23:14:42,365: Started XML-RPC server [http://ip-172-31-26-229:41501/]
[rospy.init][INFO] 2017-06-10 23:14:42,366: ROS Slave URI: [http://ip-172-31-26-229:41501/]
[rospy.impl.masterslave][INFO] 2017-06-10 23:14:42,369: _ready: http://ip-172-31-26-229:41501/
[xmlrpc][INFO] 2017-06-10 23:14:42,378: xml rpc node: starting XML-RPC server
[rospy.registration][INFO] 2017-06-10 23:14:42,378: Registering with master node http://localhost:55108
[rospy.init][INFO] 2017-06-10 23:14:42,473: registered with master
[rospy.rosout][INFO] 2017-06-10 23:14:42,476: initializing /rosout core topic
[rospy.rosout][INFO] 2017-06-10 23:14:42,487: connected to core topic /rosout
[rospy.simtime][INFO] 2017-06-10 23:14:42,493: /use_sim_time is not set, will not subscribe to simulated time [/clock] topic
[rosout][INFO] 2017-06-10 23:14:42,532: Rosbridge WebSocket server started on port 35001
[rospy.internal][INFO] 2017-06-10 23:14:42,699: topic[/rosout] adding connection to [/rosout], count 0
[rosout][INFO] 2017-06-10 23:14:46,067: Client connected.  1 clients total.
[rosout][INFO] 2017-06-10 23:14:46,210: [Client 0] Subscribed to /tf2_web_republisher/feedback
[rosout][INFO] 2017-06-10 23:14:46,228: [Client 0] Subscribed to /visualization_marker_array
[rosout][INFO] 2017-06-10 23:14:46,243: [Client 0] Subscribed to /control_markers/tunneled/update
[rospy.internal][INFO] 2017-06-10 23:14:46,253: topic[/control_markers/tunneled/update] adding connection to [http://ip-172-31-26-229:40371/], count 0
[rospy.internal][INFO] 2017-06-10 23:14:46,255: topic[/visualization_marker_array] adding connection to [http://ip-172-31-26-229:59401/], count 0
[rospy.internal][INFO] 2017-06-10 23:14:46,256: topic[/tf2_web_republisher/feedback] adding connection to [http://ip-172-31-26-229:51486/], count 0
[rosout][INFO] 2017-06-10 23:14:46,351: [Client 0] Subscribed to /tf2_web_republisher/feedback
[rosout][INFO] 2017-06-10 23:14:46,362: [Client 0] Subscribed to /tf2_web_republisher/feedback
[rosout][INFO] 2017-06-10 23:14:46,366: [Client 0] Subscribed to /tf2_web_republisher/feedback
[rosout][INFO] 2017-06-10 23:14:46,370: [Client 0] Subscribed to /tf2_web_republisher/feedback
[rosout][INFO] 2017-06-10 23:14:46,376: [Client 0] Subscribed to /tf2_web_republisher/feedback
[rosout][INFO] 2017-06-10 23:14:46,389: [Client 0] Subscribed to /tf2_web_republisher/feedback
[rospy.internal][INFO] 2017-06-10 23:14:46,391: topic[/control_markers/feedback] adding connection to [/marker_control_4128_1497161684873], count 0
[rosout][INFO] 2017-06-10 23:14:46,394: [Client 0] Subscribed to /tf2_web_republisher/feedback
[rospy.internal][INFO] 2017-06-10 23:14:46,458: topic[/tf2_web_republisher/goal] adding connection to [/tf2_web_republisher], count 0
[rospy.internal][INFO] 2017-06-10 23:14:46,463: topic[/tf2_web_republisher/cancel] adding connection to [/tf2_web_republisher], count 0
