[roslaunch][INFO] 2017-06-10 23:14:39,309: Checking log directory for disk usage. This may take awhile.
Press Ctrl-C to interrupt
[roslaunch][INFO] 2017-06-10 23:14:39,422: Done checking log file disk usage. Usage is <1GB.
[roslaunch][INFO] 2017-06-10 23:14:39,423: roslaunch starting with args ['roscore', '--core', '-p', '55108']
[roslaunch][INFO] 2017-06-10 23:14:39,426: roslaunch env is {'ROS_DISTRO': 'indigo', 'ASNLIB': '/home/ccc_v1_s54106__48606/asn13529_Project_5/asn13530_Project_4/asnlib', 'LIB': '/home/ccc_v1_s54106__48606/lib', 'PKG_CONFIG_PATH': '/opt/ros/indigo/lib/pkgconfig:/opt/ros/indigo/lib/x86_64-linux-gnu/pkgconfig', 'SSH_CLIENT': '172.31.7.153 48844 22', 'CPATH': '/opt/ros/indigo/include', 'LOGNAME': 'ccc_v1_w_dd4cc_18220', 'USER': 'ccc_v1_w_dd4cc_18220', 'ROS_NODE_PORT': '55108', 'HOME': '/home/ccc_v1_w_dd4cc_18220/asn13529_Project_5/asn13530_Project_4/work', 'PATH': '/opt/ros/indigo/bin:/usr/local/sbin:/usr/local/bin:/usr/sbin:/usr/bin:/sbin:/bin:/usr/games:/usr/local/games:/home/local/bin:/home/ccc_v1_s54106__48606/lib:/home/ccc_v1_s54106__48606/asn13529_Project_5/asn13530_Project_4/asnlib:/home/vlibs:.', 'CMAKE_PREFIX_PATH': '/opt/ros/indigo', 'LD_LIBRARY_PATH': '/opt/ros/indigo/lib:/opt/ros/indigo/lib/x86_64-linux-gnu:/home/ccc_v1_s54106__48606/lib:/home/ccc_v1_s54106__48606/asn13529_Project_5/asn13530_Project_4/asnlib:/home/vlibs', 'LANG': 'en_US.UTF-8', 'TERM': 'xterm-256color', 'SHELL': '/bin/bash', 'HISTFILE': '/home/ccc_v1_w_dd4cc_18220/.bash_history', 'SHLVL': '2', 'VOC_WORKAREA': '/home/ccc_v1_w_dd4cc_18220/asn13529_Project_5/asn13530_Project_4/work', 'ROS_LOG_FILENAME': '/home/ccc_v1_w_dd4cc_18220/asn13529_Project_5/asn13530_Project_4/work/.ros/log/4023db9e-4e6d-11e7-98db-06b0869cc04d/roslaunch-ip-172-31-26-229-3823.log', 'PART1': '/home/ccc_v1_s54106__48606/asn13529_Project_5/asn13530_Project_4', 'ROS_ETC_DIR': '/opt/ros/indigo/etc/ros', 'XDG_RUNTIME_DIR': '/run/user/18220', 'PYTHONPATH': '/opt/ros/indigo/lib/python2.7/dist-packages:/home/vlibs/python', 'VOC_PROXY_WRAPPER_PORT': '5100', 'VOC_XFER_TOKEN': '15262689194354243542135300593cdfc84d8414.12393097', 'ROS_ROOT': '/opt/ros/indigo/share/ros', 'OLD_HOME': '/home/ccc_v1_w_dd4cc_18220', 'VOC_PROXY_TOKEN': '17759367143542435421353001593cdfc8558633.72888551', 'ROS_PACKAGE_PATH': '/opt/ros/indigo/share:/opt/ros/indigo/stacks', 'XDG_SESSION_ID': '322981', '_': '/usr/bin/stdbuf', 'LD_PRELOAD': '/usr/lib/coreutils/libstdbuf.so', '_STDBUF_O': 'L', 'SSH_TTY': '/dev/pts/0', 'OLDPWD': '/home/ccc_v1_w_dd4cc_18220', 'ROSLISP_PACKAGE_DIRECTORIES': '', 'VLIB': '/home/vlibs', 'PWD': '/home/ccc_v1_w_dd4cc_18220/asn13529_Project_5/asn13530_Project_4/work', 'VOC_PROXY_ID': '43542_43542_13530_0_1', 'ROS_MASTER_URI': 'http://localhost:55108', 'MAIL': '/var/mail/ccc_v1_w_dd4cc_18220', 'SSH_CONNECTION': '172.31.7.153 48844 172.31.26.229 22'}
[roslaunch][INFO] 2017-06-10 23:14:39,430: starting in server mode
[roslaunch.parent][INFO] 2017-06-10 23:14:39,433: starting roslaunch parent run
[roslaunch][INFO] 2017-06-10 23:14:39,437: loading roscore config file /opt/ros/indigo/etc/ros/roscore.xml
[roslaunch][INFO] 2017-06-10 23:14:39,552: Added core node of type [rosout/rosout] in namespace [/]
[roslaunch.pmon][INFO] 2017-06-10 23:14:39,553: start_process_monitor: creating ProcessMonitor
[roslaunch.pmon][INFO] 2017-06-10 23:14:39,557: created process monitor <ProcessMonitor(ProcessMonitor-1, initial daemon)>
[roslaunch.pmon][INFO] 2017-06-10 23:14:39,560: start_process_monitor: ProcessMonitor started
[roslaunch.parent][INFO] 2017-06-10 23:14:39,564: starting parent XML-RPC server
[roslaunch.server][INFO] 2017-06-10 23:14:39,567: starting roslaunch XML-RPC server
[roslaunch.server][INFO] 2017-06-10 23:14:39,571: waiting for roslaunch XML-RPC server to initialize
[xmlrpc][INFO] 2017-06-10 23:14:39,571: XML-RPC server binding to 0.0.0.0:0
[xmlrpc][INFO] 2017-06-10 23:14:39,578: Started XML-RPC server [http://ip-172-31-26-229:36362/]
[xmlrpc][INFO] 2017-06-10 23:14:39,582: xml rpc node: starting XML-RPC server
[roslaunch][INFO] 2017-06-10 23:14:39,595: started roslaunch server http://ip-172-31-26-229:36362/
[roslaunch.parent][INFO] 2017-06-10 23:14:39,599: ... parent XML-RPC server started
[roslaunch][INFO] 2017-06-10 23:14:39,602: master.is_running[http://ip-172-31-26-229:55108/]
[roslaunch][INFO] 2017-06-10 23:14:39,607: auto-starting new master
[roslaunch][INFO] 2017-06-10 23:14:39,610: create_master_process: rosmaster, /opt/ros/indigo/share/ros, 55108, 3, None
[roslaunch][INFO] 2017-06-10 23:14:39,614: process[master]: launching with args [['rosmaster', '--core', '-p', '55108', '-w', '3']]
[roslaunch.pmon][INFO] 2017-06-10 23:14:39,617: ProcessMonitor.register[master]
[roslaunch.pmon][INFO] 2017-06-10 23:14:39,621: ProcessMonitor.register[master] complete
[roslaunch][INFO] 2017-06-10 23:14:39,626: process[master]: starting os process
[roslaunch][INFO] 2017-06-10 23:14:39,630: process[master]: start w/ args [['rosmaster', '--core', '-p', '55108', '-w', '3', '__log:=/home/ccc_v1_w_dd4cc_18220/asn13529_Project_5/asn13530_Project_4/work/.ros/log/4023db9e-4e6d-11e7-98db-06b0869cc04d/master.log']]
[roslaunch][INFO] 2017-06-10 23:14:39,633: process[master]: cwd will be [/home/ccc_v1_w_dd4cc_18220/asn13529_Project_5/asn13530_Project_4/work/.ros]
[roslaunch][INFO] 2017-06-10 23:14:39,641: process[master]: started with pid [3839]
[roslaunch][INFO] 2017-06-10 23:14:39,642: master.is_running[http://ip-172-31-26-229:55108/]
[roslaunch][INFO] 2017-06-10 23:14:39,746: master.is_running[http://ip-172-31-26-229:55108/]
[roslaunch][INFO] 2017-06-10 23:14:39,851: master.is_running[http://ip-172-31-26-229:55108/]
[roslaunch][INFO] 2017-06-10 23:14:39,857: master.is_running[http://ip-172-31-26-229:55108/]
[roslaunch][INFO] 2017-06-10 23:14:39,862: ROS_MASTER_URI=http://ip-172-31-26-229:55108/
[roslaunch][INFO] 2017-06-10 23:14:39,866: setting /run_id to 4023db9e-4e6d-11e7-98db-06b0869cc04d
[roslaunch][INFO] 2017-06-10 23:14:39,874: setting /roslaunch/uris/host_ip_172_31_26_229__36362' to http://ip-172-31-26-229:36362/
[roslaunch][INFO] 2017-06-10 23:14:39,884: ... preparing to launch node of type [rosout/rosout]
[roslaunch][INFO] 2017-06-10 23:14:39,887: create_node_process: package[rosout] type[rosout] machine[Machine(name[] env_loader[None] address[localhost] ssh_port[22] user[None] assignable[True] timeout[10.0])] master_uri[http://ip-172-31-26-229:55108/]
[roslaunch][INFO] 2017-06-10 23:14:39,891: process[rosout-1]: env[{'ROS_DISTRO': 'indigo', 'ASNLIB': '/home/ccc_v1_s54106__48606/asn13529_Project_5/asn13530_Project_4/asnlib', 'LIB': '/home/ccc_v1_s54106__48606/lib', 'VOC_PROXY_TOKEN': '17759367143542435421353001593cdfc8558633.72888551', 'SSH_CLIENT': '172.31.7.153 48844 22', 'CPATH': '/opt/ros/indigo/include', 'LOGNAME': 'ccc_v1_w_dd4cc_18220', 'USER': 'ccc_v1_w_dd4cc_18220', 'ROS_NODE_PORT': '55108', 'HOME': '/home/ccc_v1_w_dd4cc_18220/asn13529_Project_5/asn13530_Project_4/work', 'PATH': '/opt/ros/indigo/bin:/usr/local/sbin:/usr/local/bin:/usr/sbin:/usr/bin:/sbin:/bin:/usr/games:/usr/local/games:/home/local/bin:/home/ccc_v1_s54106__48606/lib:/home/ccc_v1_s54106__48606/asn13529_Project_5/asn13530_Project_4/asnlib:/home/vlibs:.', 'CMAKE_PREFIX_PATH': '/opt/ros/indigo', 'ROS_LOG_FILENAME': '/home/ccc_v1_w_dd4cc_18220/asn13529_Project_5/asn13530_Project_4/work/.ros/log/4023db9e-4e6d-11e7-98db-06b0869cc04d/roslaunch-ip-172-31-26-229-3823.log', 'LANG': 'en_US.UTF-8', 'TERM': 'xterm-256color', 'SHELL': '/bin/bash', 'HISTFILE': '/home/ccc_v1_w_dd4cc_18220/.bash_history', 'SHLVL': '2', 'VOC_WORKAREA': '/home/ccc_v1_w_dd4cc_18220/asn13529_Project_5/asn13530_Project_4/work', 'LD_LIBRARY_PATH': '/opt/ros/indigo/lib:/opt/ros/indigo/lib/x86_64-linux-gnu:/home/ccc_v1_s54106__48606/lib:/home/ccc_v1_s54106__48606/asn13529_Project_5/asn13530_Project_4/asnlib:/home/vlibs', 'PART1': '/home/ccc_v1_s54106__48606/asn13529_Project_5/asn13530_Project_4', 'ROS_MASTER_URI': 'http://ip-172-31-26-229:55108/', 'XDG_RUNTIME_DIR': '/run/user/18220', 'PYTHONPATH': '/opt/ros/indigo/lib/python2.7/dist-packages:/home/vlibs/python', 'VOC_PROXY_WRAPPER_PORT': '5100', 'VOC_XFER_TOKEN': '15262689194354243542135300593cdfc84d8414.12393097', 'ROS_ROOT': '/opt/ros/indigo/share/ros', 'OLD_HOME': '/home/ccc_v1_w_dd4cc_18220', 'PKG_CONFIG_PATH': '/opt/ros/indigo/lib/pkgconfig:/opt/ros/indigo/lib/x86_64-linux-gnu/pkgconfig', 'ROS_PACKAGE_PATH': '/opt/ros/indigo/share:/opt/ros/indigo/stacks', 'XDG_SESSION_ID': '322981', '_': '/usr/bin/stdbuf', 'LD_PRELOAD': '/usr/lib/coreutils/libstdbuf.so', '_STDBUF_O': 'L', 'SSH_TTY': '/dev/pts/0', 'OLDPWD': '/home/ccc_v1_w_dd4cc_18220', 'ROSLISP_PACKAGE_DIRECTORIES': '', 'VLIB': '/home/vlibs', 'PWD': '/home/ccc_v1_w_dd4cc_18220/asn13529_Project_5/asn13530_Project_4/work', 'VOC_PROXY_ID': '43542_43542_13530_0_1', 'ROS_ETC_DIR': '/opt/ros/indigo/etc/ros', 'MAIL': '/var/mail/ccc_v1_w_dd4cc_18220', 'SSH_CONNECTION': '172.31.7.153 48844 172.31.26.229 22'}]
[roslaunch][INFO] 2017-06-10 23:14:39,922: process[rosout-1]: args[[u'/opt/ros/indigo/lib/rosout/rosout', u'__name:=rosout']]
[roslaunch][INFO] 2017-06-10 23:14:39,926: ... created process [rosout-1]
[roslaunch.pmon][INFO] 2017-06-10 23:14:39,931: ProcessMonitor.register[rosout-1]
[roslaunch.pmon][INFO] 2017-06-10 23:14:39,934: ProcessMonitor.register[rosout-1] complete
[roslaunch][INFO] 2017-06-10 23:14:39,937: ... registered process [rosout-1]
[roslaunch][INFO] 2017-06-10 23:14:39,941: process[rosout-1]: starting os process
[roslaunch][INFO] 2017-06-10 23:14:39,946: process[rosout-1]: start w/ args [[u'/opt/ros/indigo/lib/rosout/rosout', u'__name:=rosout', u'__log:=/home/ccc_v1_w_dd4cc_18220/asn13529_Project_5/asn13530_Project_4/work/.ros/log/4023db9e-4e6d-11e7-98db-06b0869cc04d/rosout-1.log']]
[roslaunch][INFO] 2017-06-10 23:14:39,949: process[rosout-1]: cwd will be [/home/ccc_v1_w_dd4cc_18220/asn13529_Project_5/asn13530_Project_4/work/.ros]
[roslaunch][INFO] 2017-06-10 23:14:39,958: process[rosout-1]: started with pid [3852]
[roslaunch][INFO] 2017-06-10 23:14:39,959: ... successfully launched [rosout-1]
[roslaunch][INFO] 2017-06-10 23:14:39,962: load_parameters starting ...
[roslaunch][INFO] 2017-06-10 23:14:39,979: ... load_parameters complete
[roslaunch][INFO] 2017-06-10 23:14:39,982: launch_nodes: launching local nodes ...
[roslaunch][INFO] 2017-06-10 23:14:39,986: ... launch_nodes complete
[roslaunch.pmon][INFO] 2017-06-10 23:14:39,989: registrations completed <ProcessMonitor(ProcessMonitor-1, started daemon 139938210346752)>
[roslaunch.parent][INFO] 2017-06-10 23:14:39,992: ... roslaunch parent running, waiting for process exit
[roslaunch][INFO] 2017-06-10 23:14:39,996: spin
