[rospy.client][INFO] 2017-06-08 22:13:29,176: init_node, name[/rosbridge_websocket], pid[6787]
[xmlrpc][INFO] 2017-06-08 22:13:29,177: XML-RPC server binding to 0.0.0.0:0
[xmlrpc][INFO] 2017-06-08 22:13:29,181: Started XML-RPC server [http://ip-172-31-19-100:37944/]
[rospy.init][INFO] 2017-06-08 22:13:29,181: ROS Slave URI: [http://ip-172-31-19-100:37944/]
[rospy.impl.masterslave][INFO] 2017-06-08 22:13:29,186: _ready: http://ip-172-31-19-100:37944/
[rospy.registration][INFO] 2017-06-08 22:13:29,193: Registering with master node http://localhost:40944
[xmlrpc][INFO] 2017-06-08 22:13:29,193: xml rpc node: starting XML-RPC server
[rospy.init][INFO] 2017-06-08 22:13:29,289: registered with master
[rospy.rosout][INFO] 2017-06-08 22:13:29,293: initializing /rosout core topic
[rospy.rosout][INFO] 2017-06-08 22:13:29,305: connected to core topic /rosout
[rospy.simtime][INFO] 2017-06-08 22:13:29,310: /use_sim_time is not set, will not subscribe to simulated time [/clock] topic
[rosout][INFO] 2017-06-08 22:13:29,345: Rosbridge WebSocket server started on port 40589
[rospy.internal][INFO] 2017-06-08 22:13:29,468: topic[/rosout] adding connection to [/rosout], count 0
[rosout][INFO] 2017-06-08 22:15:04,684: Client connected.  1 clients total.
[rosout][INFO] 2017-06-08 22:15:04,823: [Client 0] Subscribed to /tf2_web_republisher/feedback
[rosout][INFO] 2017-06-08 22:15:04,840: [Client 0] Subscribed to /control_markers/tunneled/update
[rospy.internal][INFO] 2017-06-08 22:15:04,844: topic[/tf2_web_republisher/feedback] adding connection to [http://ip-172-31-19-100:38984/], count 0
[rospy.internal][INFO] 2017-06-08 22:15:04,844: topic[/control_markers/tunneled/update] adding connection to [http://ip-172-31-19-100:33299/], count 0
[rospy.internal][INFO] 2017-06-08 22:15:04,883: topic[/control_markers/feedback] adding connection to [/cartesian_control_7085_1496985212896], count 0
[rosout][INFO] 2017-06-08 22:15:04,994: [Client 0] Subscribed to /tf2_web_republisher/feedback
[rosout][INFO] 2017-06-08 22:15:05,000: [Client 0] Subscribed to /tf2_web_republisher/feedback
[rosout][INFO] 2017-06-08 22:15:05,006: [Client 0] Subscribed to /tf2_web_republisher/feedback
[rosout][INFO] 2017-06-08 22:15:05,010: [Client 0] Subscribed to /tf2_web_republisher/feedback
[rosout][INFO] 2017-06-08 22:15:05,014: [Client 0] Subscribed to /tf2_web_republisher/feedback
[rosout][INFO] 2017-06-08 22:15:05,018: [Client 0] Subscribed to /tf2_web_republisher/feedback
[rosout][INFO] 2017-06-08 22:15:05,025: [Client 0] Subscribed to /tf2_web_republisher/feedback
[rosout][INFO] 2017-06-08 22:15:05,029: [Client 0] Subscribed to /tf2_web_republisher/feedback
[rospy.internal][INFO] 2017-06-08 22:15:05,066: topic[/tf2_web_republisher/goal] adding connection to [/tf2_web_republisher], count 0
[rospy.internal][INFO] 2017-06-08 22:15:05,070: topic[/tf2_web_republisher/cancel] adding connection to [/tf2_web_republisher], count 0
