[roslaunch][INFO] 2017-06-08 22:13:26,174: Checking log directory for disk usage. This may take awhile.
Press Ctrl-C to interrupt
[roslaunch][INFO] 2017-06-08 22:13:26,195: Done checking log file disk usage. Usage is <1GB.
[roslaunch][INFO] 2017-06-08 22:13:26,195: roslaunch starting with args ['roscore', '--core', '-p', '40944']
[roslaunch][INFO] 2017-06-08 22:13:26,199: roslaunch env is {'ROS_DISTRO': 'indigo', 'ASNLIB': '/home/ccc_v1_s54106__48606/asn13354_Project_4/asn13355_Project_4/asnlib', 'LIB': '/home/ccc_v1_s54106__48606/lib', 'PKG_CONFIG_PATH': '/opt/ros/indigo/lib/pkgconfig:/opt/ros/indigo/lib/x86_64-linux-gnu/pkgconfig', 'SSH_CLIENT': '172.31.7.153 33516 22', 'CPATH': '/opt/ros/indigo/include', 'LOGNAME': 'ccc_v1_w_dd4cc_18220', 'USER': 'ccc_v1_w_dd4cc_18220', 'ROS_NODE_PORT': '40944', 'HOME': '/home/ccc_v1_w_dd4cc_18220/asn13354_Project_4/asn13355_Project_4/work', 'PATH': '/opt/ros/indigo/bin:/usr/local/sbin:/usr/local/bin:/usr/sbin:/usr/bin:/sbin:/bin:/usr/games:/usr/local/games:/home/local/bin:/home/ccc_v1_s54106__48606/lib:/home/ccc_v1_s54106__48606/asn13354_Project_4/asn13355_Project_4/asnlib:/home/vlibs:.', 'CMAKE_PREFIX_PATH': '/opt/ros/indigo', 'LD_LIBRARY_PATH': '/opt/ros/indigo/lib:/opt/ros/indigo/lib/x86_64-linux-gnu:/home/ccc_v1_s54106__48606/lib:/home/ccc_v1_s54106__48606/asn13354_Project_4/asn13355_Project_4/asnlib:/home/vlibs', 'LANG': 'en_US.UTF-8', 'TERM': 'xterm-256color', 'SHELL': '/bin/bash', 'HISTFILE': '/home/ccc_v1_w_dd4cc_18220/.bash_history', 'SHLVL': '2', 'VOC_WORKAREA': '/home/ccc_v1_w_dd4cc_18220/asn13354_Project_4/asn13355_Project_4/work', 'ROS_LOG_FILENAME': '/home/ccc_v1_w_dd4cc_18220/asn13354_Project_4/asn13355_Project_4/work/.ros/log/5df5b026-4cd2-11e7-b81f-06f360e4abc1/roslaunch-ip-172-31-19-100-6664.log', 'PART1': '/home/ccc_v1_s54106__48606/asn13354_Project_4/asn13355_Project_4', 'ROS_ETC_DIR': '/opt/ros/indigo/etc/ros', 'XDG_RUNTIME_DIR': '/run/user/18220', 'PYTHONPATH': '/opt/ros/indigo/lib/python2.7/dist-packages:/home/vlibs/python', 'VOC_PROXY_WRAPPER_PORT': '5100', 'VOC_XFER_TOKEN': '5079649944354243542133550593a2d23a9f3a1.21065491', 'ROS_ROOT': '/opt/ros/indigo/share/ros', 'OLD_HOME': '/home/ccc_v1_w_dd4cc_18220', 'VOC_PROXY_TOKEN': '26080541543542435421335501593a2d23af91c8.95649228', 'ROS_PACKAGE_PATH': '/opt/ros/indigo/share:/opt/ros/indigo/stacks', 'XDG_SESSION_ID': '313300', '_': '/usr/bin/stdbuf', 'LD_PRELOAD': '/usr/lib/coreutils/libstdbuf.so', '_STDBUF_O': 'L', 'SSH_TTY': '/dev/pts/0', 'OLDPWD': '/home/ccc_v1_w_dd4cc_18220', 'ROSLISP_PACKAGE_DIRECTORIES': '', 'VLIB': '/home/vlibs', 'PWD': '/home/ccc_v1_w_dd4cc_18220/asn13354_Project_4/asn13355_Project_4/work', 'VOC_PROXY_ID': '43542_43542_13355_0_1', 'ROS_MASTER_URI': 'http://localhost:40944', 'MAIL': '/var/mail/ccc_v1_w_dd4cc_18220', 'SSH_CONNECTION': '172.31.7.153 33516 172.31.19.100 22'}
[roslaunch][INFO] 2017-06-08 22:13:26,203: starting in server mode
[roslaunch.parent][INFO] 2017-06-08 22:13:26,207: starting roslaunch parent run
[roslaunch][INFO] 2017-06-08 22:13:26,210: loading roscore config file /opt/ros/indigo/etc/ros/roscore.xml
[roslaunch][INFO] 2017-06-08 22:13:26,327: Added core node of type [rosout/rosout] in namespace [/]
[roslaunch.pmon][INFO] 2017-06-08 22:13:26,328: start_process_monitor: creating ProcessMonitor
[roslaunch.pmon][INFO] 2017-06-08 22:13:26,332: created process monitor <ProcessMonitor(ProcessMonitor-1, initial daemon)>
[roslaunch.pmon][INFO] 2017-06-08 22:13:26,335: start_process_monitor: ProcessMonitor started
[roslaunch.parent][INFO] 2017-06-08 22:13:26,339: starting parent XML-RPC server
[roslaunch.server][INFO] 2017-06-08 22:13:26,343: starting roslaunch XML-RPC server
[roslaunch.server][INFO] 2017-06-08 22:13:26,346: waiting for roslaunch XML-RPC server to initialize
[xmlrpc][INFO] 2017-06-08 22:13:26,346: XML-RPC server binding to 0.0.0.0:0
[xmlrpc][INFO] 2017-06-08 22:13:26,353: Started XML-RPC server [http://ip-172-31-19-100:54033/]
[xmlrpc][INFO] 2017-06-08 22:13:26,357: xml rpc node: starting XML-RPC server
[roslaunch][INFO] 2017-06-08 22:13:26,368: started roslaunch server http://ip-172-31-19-100:54033/
[roslaunch.parent][INFO] 2017-06-08 22:13:26,372: ... parent XML-RPC server started
[roslaunch][INFO] 2017-06-08 22:13:26,376: master.is_running[http://ip-172-31-19-100:40944/]
[roslaunch][INFO] 2017-06-08 22:13:26,380: auto-starting new master
[roslaunch][INFO] 2017-06-08 22:13:26,386: create_master_process: rosmaster, /opt/ros/indigo/share/ros, 40944, 3, None
[roslaunch][INFO] 2017-06-08 22:13:26,389: process[master]: launching with args [['rosmaster', '--core', '-p', '40944', '-w', '3']]
[roslaunch.pmon][INFO] 2017-06-08 22:13:26,393: ProcessMonitor.register[master]
[roslaunch.pmon][INFO] 2017-06-08 22:13:26,396: ProcessMonitor.register[master] complete
[roslaunch][INFO] 2017-06-08 22:13:26,400: process[master]: starting os process
[roslaunch][INFO] 2017-06-08 22:13:26,404: process[master]: start w/ args [['rosmaster', '--core', '-p', '40944', '-w', '3', '__log:=/home/ccc_v1_w_dd4cc_18220/asn13354_Project_4/asn13355_Project_4/work/.ros/log/5df5b026-4cd2-11e7-b81f-06f360e4abc1/master.log']]
[roslaunch][INFO] 2017-06-08 22:13:26,407: process[master]: cwd will be [/home/ccc_v1_w_dd4cc_18220/asn13354_Project_4/asn13355_Project_4/work/.ros]
[roslaunch][INFO] 2017-06-08 22:13:26,415: process[master]: started with pid [6679]
[roslaunch][INFO] 2017-06-08 22:13:26,416: master.is_running[http://ip-172-31-19-100:40944/]
[roslaunch][INFO] 2017-06-08 22:13:26,520: master.is_running[http://ip-172-31-19-100:40944/]
[roslaunch][INFO] 2017-06-08 22:13:26,625: master.is_running[http://ip-172-31-19-100:40944/]
[roslaunch][INFO] 2017-06-08 22:13:26,630: master.is_running[http://ip-172-31-19-100:40944/]
[roslaunch][INFO] 2017-06-08 22:13:26,635: ROS_MASTER_URI=http://ip-172-31-19-100:40944/
[roslaunch][INFO] 2017-06-08 22:13:26,639: setting /run_id to 5df5b026-4cd2-11e7-b81f-06f360e4abc1
[roslaunch][INFO] 2017-06-08 22:13:26,648: setting /roslaunch/uris/host_ip_172_31_19_100__54033' to http://ip-172-31-19-100:54033/
[roslaunch][INFO] 2017-06-08 22:13:26,656: ... preparing to launch node of type [rosout/rosout]
[roslaunch][INFO] 2017-06-08 22:13:26,660: create_node_process: package[rosout] type[rosout] machine[Machine(name[] env_loader[None] address[localhost] ssh_port[22] user[None] assignable[True] timeout[10.0])] master_uri[http://ip-172-31-19-100:40944/]
[roslaunch][INFO] 2017-06-08 22:13:26,663: process[rosout-1]: env[{'ROS_DISTRO': 'indigo', 'ASNLIB': '/home/ccc_v1_s54106__48606/asn13354_Project_4/asn13355_Project_4/asnlib', 'LIB': '/home/ccc_v1_s54106__48606/lib', 'VOC_PROXY_TOKEN': '26080541543542435421335501593a2d23af91c8.95649228', 'SSH_CLIENT': '172.31.7.153 33516 22', 'CPATH': '/opt/ros/indigo/include', 'LOGNAME': 'ccc_v1_w_dd4cc_18220', 'USER': 'ccc_v1_w_dd4cc_18220', 'ROS_NODE_PORT': '40944', 'HOME': '/home/ccc_v1_w_dd4cc_18220/asn13354_Project_4/asn13355_Project_4/work', 'PATH': '/opt/ros/indigo/bin:/usr/local/sbin:/usr/local/bin:/usr/sbin:/usr/bin:/sbin:/bin:/usr/games:/usr/local/games:/home/local/bin:/home/ccc_v1_s54106__48606/lib:/home/ccc_v1_s54106__48606/asn13354_Project_4/asn13355_Project_4/asnlib:/home/vlibs:.', 'CMAKE_PREFIX_PATH': '/opt/ros/indigo', 'ROS_LOG_FILENAME': '/home/ccc_v1_w_dd4cc_18220/asn13354_Project_4/asn13355_Project_4/work/.ros/log/5df5b026-4cd2-11e7-b81f-06f360e4abc1/roslaunch-ip-172-31-19-100-6664.log', 'LANG': 'en_US.UTF-8', 'TERM': 'xterm-256color', 'SHELL': '/bin/bash', 'HISTFILE': '/home/ccc_v1_w_dd4cc_18220/.bash_history', 'SHLVL': '2', 'VOC_WORKAREA': '/home/ccc_v1_w_dd4cc_18220/asn13354_Project_4/asn13355_Project_4/work', 'LD_LIBRARY_PATH': '/opt/ros/indigo/lib:/opt/ros/indigo/lib/x86_64-linux-gnu:/home/ccc_v1_s54106__48606/lib:/home/ccc_v1_s54106__48606/asn13354_Project_4/asn13355_Project_4/asnlib:/home/vlibs', 'PART1': '/home/ccc_v1_s54106__48606/asn13354_Project_4/asn13355_Project_4', 'ROS_MASTER_URI': 'http://ip-172-31-19-100:40944/', 'XDG_RUNTIME_DIR': '/run/user/18220', 'PYTHONPATH': '/opt/ros/indigo/lib/python2.7/dist-packages:/home/vlibs/python', 'VOC_PROXY_WRAPPER_PORT': '5100', 'VOC_XFER_TOKEN': '5079649944354243542133550593a2d23a9f3a1.21065491', 'ROS_ROOT': '/opt/ros/indigo/share/ros', 'OLD_HOME': '/home/ccc_v1_w_dd4cc_18220', 'PKG_CONFIG_PATH': '/opt/ros/indigo/lib/pkgconfig:/opt/ros/indigo/lib/x86_64-linux-gnu/pkgconfig', 'ROS_PACKAGE_PATH': '/opt/ros/indigo/share:/opt/ros/indigo/stacks', 'XDG_SESSION_ID': '313300', '_': '/usr/bin/stdbuf', 'LD_PRELOAD': '/usr/lib/coreutils/libstdbuf.so', '_STDBUF_O': 'L', 'SSH_TTY': '/dev/pts/0', 'OLDPWD': '/home/ccc_v1_w_dd4cc_18220', 'ROSLISP_PACKAGE_DIRECTORIES': '', 'VLIB': '/home/vlibs', 'PWD': '/home/ccc_v1_w_dd4cc_18220/asn13354_Project_4/asn13355_Project_4/work', 'VOC_PROXY_ID': '43542_43542_13355_0_1', 'ROS_ETC_DIR': '/opt/ros/indigo/etc/ros', 'MAIL': '/var/mail/ccc_v1_w_dd4cc_18220', 'SSH_CONNECTION': '172.31.7.153 33516 172.31.19.100 22'}]
[roslaunch][INFO] 2017-06-08 22:13:26,692: process[rosout-1]: args[[u'/opt/ros/indigo/lib/rosout/rosout', u'__name:=rosout']]
[roslaunch][INFO] 2017-06-08 22:13:26,696: ... created process [rosout-1]
[roslaunch.pmon][INFO] 2017-06-08 22:13:26,699: ProcessMonitor.register[rosout-1]
[roslaunch.pmon][INFO] 2017-06-08 22:13:26,702: ProcessMonitor.register[rosout-1] complete
[roslaunch][INFO] 2017-06-08 22:13:26,706: ... registered process [rosout-1]
[roslaunch][INFO] 2017-06-08 22:13:26,709: process[rosout-1]: starting os process
[roslaunch][INFO] 2017-06-08 22:13:26,714: process[rosout-1]: start w/ args [[u'/opt/ros/indigo/lib/rosout/rosout', u'__name:=rosout', u'__log:=/home/ccc_v1_w_dd4cc_18220/asn13354_Project_4/asn13355_Project_4/work/.ros/log/5df5b026-4cd2-11e7-b81f-06f360e4abc1/rosout-1.log']]
[roslaunch][INFO] 2017-06-08 22:13:26,718: process[rosout-1]: cwd will be [/home/ccc_v1_w_dd4cc_18220/asn13354_Project_4/asn13355_Project_4/work/.ros]
[roslaunch][INFO] 2017-06-08 22:13:26,726: process[rosout-1]: started with pid [6693]
[roslaunch][INFO] 2017-06-08 22:13:26,727: ... successfully launched [rosout-1]
[roslaunch][INFO] 2017-06-08 22:13:26,731: load_parameters starting ...
[roslaunch][INFO] 2017-06-08 22:13:26,744: ... load_parameters complete
[roslaunch][INFO] 2017-06-08 22:13:26,747: launch_nodes: launching local nodes ...
[roslaunch][INFO] 2017-06-08 22:13:26,751: ... launch_nodes complete
[roslaunch.pmon][INFO] 2017-06-08 22:13:26,754: registrations completed <ProcessMonitor(ProcessMonitor-1, started daemon 139746179192576)>
[roslaunch.parent][INFO] 2017-06-08 22:13:26,758: ... roslaunch parent running, waiting for process exit
[roslaunch][INFO] 2017-06-08 22:13:26,761: spin
