[roslaunch][INFO] 2017-06-08 22:13:28,346: Checking log directory for disk usage. This may take awhile.
Press Ctrl-C to interrupt
[roslaunch][INFO] 2017-06-08 22:13:28,378: Done checking log file disk usage. Usage is <1GB.
[roslaunch][INFO] 2017-06-08 22:13:28,378: roslaunch starting with args ['/opt/ros/indigo/bin/roslaunch', 'rosbridge_server', 'rosbridge_websocket.launch', 'port:=40589']
[roslaunch][INFO] 2017-06-08 22:13:28,382: roslaunch env is {'ROS_DISTRO': 'indigo', 'ASNLIB': '/home/ccc_v1_s54106__48606/asn13354_Project_4/asn13355_Project_4/asnlib', 'LIB': '/home/ccc_v1_s54106__48606/lib', 'PKG_CONFIG_PATH': '/opt/ros/indigo/lib/pkgconfig:/opt/ros/indigo/lib/x86_64-linux-gnu/pkgconfig', 'SSH_CLIENT': '172.31.7.153 33516 22', 'CPATH': '/opt/ros/indigo/include', 'LOGNAME': 'ccc_v1_w_dd4cc_18220', 'USER': 'ccc_v1_w_dd4cc_18220', 'ROS_NODE_PORT': '40944', 'HOME': '/home/ccc_v1_w_dd4cc_18220/asn13354_Project_4/asn13355_Project_4/work', 'PATH': '/opt/ros/indigo/bin:/usr/local/sbin:/usr/local/bin:/usr/sbin:/usr/bin:/sbin:/bin:/usr/games:/usr/local/games:/home/local/bin:/home/ccc_v1_s54106__48606/lib:/home/ccc_v1_s54106__48606/asn13354_Project_4/asn13355_Project_4/asnlib:/home/vlibs:.', 'CMAKE_PREFIX_PATH': '/opt/ros/indigo', 'LD_LIBRARY_PATH': '/opt/ros/indigo/lib:/opt/ros/indigo/lib/x86_64-linux-gnu:/home/ccc_v1_s54106__48606/lib:/home/ccc_v1_s54106__48606/asn13354_Project_4/asn13355_Project_4/asnlib:/home/vlibs', 'LANG': 'en_US.UTF-8', 'TERM': 'xterm-256color', 'SHELL': '/bin/bash', 'HISTFILE': '/home/ccc_v1_w_dd4cc_18220/.bash_history', 'SHLVL': '2', 'VOC_WORKAREA': '/home/ccc_v1_w_dd4cc_18220/asn13354_Project_4/asn13355_Project_4/work', 'ROS_LOG_FILENAME': '/home/ccc_v1_w_dd4cc_18220/asn13354_Project_4/asn13355_Project_4/work/.ros/log/5df5b026-4cd2-11e7-b81f-06f360e4abc1/roslaunch-ip-172-31-19-100-6768.log', 'PART1': '/home/ccc_v1_s54106__48606/asn13354_Project_4/asn13355_Project_4', 'ROS_ETC_DIR': '/opt/ros/indigo/etc/ros', 'XDG_RUNTIME_DIR': '/run/user/18220', 'PYTHONPATH': '/opt/ros/indigo/lib/python2.7/dist-packages:/home/vlibs/python', 'VOC_PROXY_WRAPPER_PORT': '5100', 'VOC_XFER_TOKEN': '5079649944354243542133550593a2d23a9f3a1.21065491', 'ROS_ROOT': '/opt/ros/indigo/share/ros', 'OLD_HOME': '/home/ccc_v1_w_dd4cc_18220', 'VOC_PROXY_TOKEN': '26080541543542435421335501593a2d23af91c8.95649228', 'ROS_PACKAGE_PATH': '/opt/ros/indigo/share:/opt/ros/indigo/stacks', 'XDG_SESSION_ID': '313300', '_': '/usr/bin/stdbuf', 'LD_PRELOAD': '/usr/lib/coreutils/libstdbuf.so', '_STDBUF_O': 'L', 'SSH_TTY': '/dev/pts/0', 'OLDPWD': '/home/ccc_v1_w_dd4cc_18220', 'ROSLISP_PACKAGE_DIRECTORIES': '', 'VLIB': '/home/vlibs', 'PWD': '/home/ccc_v1_w_dd4cc_18220/asn13354_Project_4/asn13355_Project_4/work', 'VOC_PROXY_ID': '43542_43542_13355_0_1', 'ROS_MASTER_URI': 'http://localhost:40944', 'MAIL': '/var/mail/ccc_v1_w_dd4cc_18220', 'SSH_CONNECTION': '172.31.7.153 33516 172.31.19.100 22'}
[roslaunch][INFO] 2017-06-08 22:13:28,385: starting in server mode
[roslaunch.parent][INFO] 2017-06-08 22:13:28,389: starting roslaunch parent run
[roslaunch][INFO] 2017-06-08 22:13:28,393: loading roscore config file /opt/ros/indigo/etc/ros/roscore.xml
[roslaunch][INFO] 2017-06-08 22:13:28,507: Added core node of type [rosout/rosout] in namespace [/]
[roslaunch.config][INFO] 2017-06-08 22:13:28,508: loading config file /opt/ros/indigo/share/rosbridge_server/launch/rosbridge_websocket.launch
[roslaunch][INFO] 2017-06-08 22:13:28,513: Added node of type [rosbridge_server/rosbridge_websocket] in namespace [/]
[roslaunch][INFO] 2017-06-08 22:13:28,525: Added node of type [rosapi/rosapi_node] in namespace [/]
[roslaunch][INFO] 2017-06-08 22:13:28,529: ... selected machine [] for node of type [rosbridge_server/rosbridge_websocket]
[roslaunch][INFO] 2017-06-08 22:13:28,533: ... selected machine [] for node of type [rosapi/rosapi_node]
[roslaunch.pmon][INFO] 2017-06-08 22:13:28,537: start_process_monitor: creating ProcessMonitor
[roslaunch.pmon][INFO] 2017-06-08 22:13:28,540: created process monitor <ProcessMonitor(ProcessMonitor-1, initial daemon)>
[roslaunch.pmon][INFO] 2017-06-08 22:13:28,544: start_process_monitor: ProcessMonitor started
[roslaunch.parent][INFO] 2017-06-08 22:13:28,548: starting parent XML-RPC server
[roslaunch.server][INFO] 2017-06-08 22:13:28,552: starting roslaunch XML-RPC server
[roslaunch.server][INFO] 2017-06-08 22:13:28,555: waiting for roslaunch XML-RPC server to initialize
[xmlrpc][INFO] 2017-06-08 22:13:28,556: XML-RPC server binding to 0.0.0.0:0
[xmlrpc][INFO] 2017-06-08 22:13:28,563: Started XML-RPC server [http://ip-172-31-19-100:47306/]
[xmlrpc][INFO] 2017-06-08 22:13:28,566: xml rpc node: starting XML-RPC server
[roslaunch][INFO] 2017-06-08 22:13:28,574: started roslaunch server http://ip-172-31-19-100:47306/
[roslaunch.parent][INFO] 2017-06-08 22:13:28,577: ... parent XML-RPC server started
[roslaunch][INFO] 2017-06-08 22:13:28,581: master.is_running[http://localhost:40944]
[roslaunch][INFO] 2017-06-08 22:13:28,586: master.is_running[http://localhost:40944]
[roslaunch][INFO] 2017-06-08 22:13:28,590: ROS_MASTER_URI=http://localhost:40944
[roslaunch][INFO] 2017-06-08 22:13:28,596: setting /roslaunch/uris/host_ip_172_31_19_100__47306' to http://ip-172-31-19-100:47306/
[roslaunch][INFO] 2017-06-08 22:13:28,601: load_parameters starting ...
[roslaunch][INFO] 2017-06-08 22:13:28,654: ... load_parameters complete
[roslaunch][INFO] 2017-06-08 22:13:28,658: launch_nodes: launching local nodes ...
[roslaunch][INFO] 2017-06-08 22:13:28,662: ... preparing to launch node of type [rosbridge_server/rosbridge_websocket]
[roslaunch][INFO] 2017-06-08 22:13:28,666: create_node_process: package[rosbridge_server] type[rosbridge_websocket] machine[Machine(name[] env_loader[None] address[localhost] ssh_port[22] user[None] assignable[True] timeout[10.0])] master_uri[http://localhost:40944]
[roslaunch][INFO] 2017-06-08 22:13:28,670: process[rosbridge_websocket-1]: env[{'ROS_DISTRO': 'indigo', 'ASNLIB': '/home/ccc_v1_s54106__48606/asn13354_Project_4/asn13355_Project_4/asnlib', 'LIB': '/home/ccc_v1_s54106__48606/lib', 'VOC_PROXY_TOKEN': '26080541543542435421335501593a2d23af91c8.95649228', 'SSH_CLIENT': '172.31.7.153 33516 22', 'CPATH': '/opt/ros/indigo/include', 'LOGNAME': 'ccc_v1_w_dd4cc_18220', 'USER': 'ccc_v1_w_dd4cc_18220', 'ROS_NODE_PORT': '40944', 'HOME': '/home/ccc_v1_w_dd4cc_18220/asn13354_Project_4/asn13355_Project_4/work', 'PATH': '/opt/ros/indigo/bin:/usr/local/sbin:/usr/local/bin:/usr/sbin:/usr/bin:/sbin:/bin:/usr/games:/usr/local/games:/home/local/bin:/home/ccc_v1_s54106__48606/lib:/home/ccc_v1_s54106__48606/asn13354_Project_4/asn13355_Project_4/asnlib:/home/vlibs:.', 'CMAKE_PREFIX_PATH': '/opt/ros/indigo', 'ROS_LOG_FILENAME': '/home/ccc_v1_w_dd4cc_18220/asn13354_Project_4/asn13355_Project_4/work/.ros/log/5df5b026-4cd2-11e7-b81f-06f360e4abc1/roslaunch-ip-172-31-19-100-6768.log', 'LANG': 'en_US.UTF-8', 'TERM': 'xterm-256color', 'SHELL': '/bin/bash', 'HISTFILE': '/home/ccc_v1_w_dd4cc_18220/.bash_history', 'SHLVL': '2', 'VOC_WORKAREA': '/home/ccc_v1_w_dd4cc_18220/asn13354_Project_4/asn13355_Project_4/work', 'LD_LIBRARY_PATH': '/opt/ros/indigo/lib:/opt/ros/indigo/lib/x86_64-linux-gnu:/home/ccc_v1_s54106__48606/lib:/home/ccc_v1_s54106__48606/asn13354_Project_4/asn13355_Project_4/asnlib:/home/vlibs', 'PART1': '/home/ccc_v1_s54106__48606/asn13354_Project_4/asn13355_Project_4', 'ROS_MASTER_URI': 'http://localhost:40944', 'XDG_RUNTIME_DIR': '/run/user/18220', 'PYTHONPATH': '/opt/ros/indigo/lib/python2.7/dist-packages:/home/vlibs/python', 'VOC_PROXY_WRAPPER_PORT': '5100', 'VOC_XFER_TOKEN': '5079649944354243542133550593a2d23a9f3a1.21065491', 'ROS_ROOT': '/opt/ros/indigo/share/ros', 'OLD_HOME': '/home/ccc_v1_w_dd4cc_18220', 'PKG_CONFIG_PATH': '/opt/ros/indigo/lib/pkgconfig:/opt/ros/indigo/lib/x86_64-linux-gnu/pkgconfig', 'ROS_PACKAGE_PATH': '/opt/ros/indigo/share:/opt/ros/indigo/stacks', 'XDG_SESSION_ID': '313300', '_': '/usr/bin/stdbuf', 'LD_PRELOAD': '/usr/lib/coreutils/libstdbuf.so', '_STDBUF_O': 'L', 'SSH_TTY': '/dev/pts/0', 'OLDPWD': '/home/ccc_v1_w_dd4cc_18220', 'ROSLISP_PACKAGE_DIRECTORIES': '', 'VLIB': '/home/vlibs', 'PWD': '/home/ccc_v1_w_dd4cc_18220/asn13354_Project_4/asn13355_Project_4/work', 'VOC_PROXY_ID': '43542_43542_13355_0_1', 'ROS_ETC_DIR': '/opt/ros/indigo/etc/ros', 'MAIL': '/var/mail/ccc_v1_w_dd4cc_18220', 'SSH_CONNECTION': '172.31.7.153 33516 172.31.19.100 22'}]
[roslaunch][INFO] 2017-06-08 22:13:28,700: process[rosbridge_websocket-1]: args[[u'/opt/ros/indigo/lib/rosbridge_server/rosbridge_websocket', u'__name:=rosbridge_websocket']]
[roslaunch][INFO] 2017-06-08 22:13:28,703: ... created process [rosbridge_websocket-1]
[roslaunch.pmon][INFO] 2017-06-08 22:13:28,707: ProcessMonitor.register[rosbridge_websocket-1]
[roslaunch.pmon][INFO] 2017-06-08 22:13:28,710: ProcessMonitor.register[rosbridge_websocket-1] complete
[roslaunch][INFO] 2017-06-08 22:13:28,715: ... registered process [rosbridge_websocket-1]
[roslaunch][INFO] 2017-06-08 22:13:28,719: process[rosbridge_websocket-1]: starting os process
[roslaunch][INFO] 2017-06-08 22:13:28,724: process[rosbridge_websocket-1]: start w/ args [[u'/opt/ros/indigo/lib/rosbridge_server/rosbridge_websocket', u'__name:=rosbridge_websocket', u'__log:=/home/ccc_v1_w_dd4cc_18220/asn13354_Project_4/asn13355_Project_4/work/.ros/log/5df5b026-4cd2-11e7-b81f-06f360e4abc1/rosbridge_websocket-1.log']]
[roslaunch][INFO] 2017-06-08 22:13:28,728: process[rosbridge_websocket-1]: cwd will be [/home/ccc_v1_w_dd4cc_18220/asn13354_Project_4/asn13355_Project_4/work/.ros]
[roslaunch][INFO] 2017-06-08 22:13:28,737: process[rosbridge_websocket-1]: started with pid [6787]
[roslaunch][INFO] 2017-06-08 22:13:28,737: ... successfully launched [rosbridge_websocket-1]
[roslaunch][INFO] 2017-06-08 22:13:28,741: ... preparing to launch node of type [rosapi/rosapi_node]
[roslaunch][INFO] 2017-06-08 22:13:28,744: create_node_process: package[rosapi] type[rosapi_node] machine[Machine(name[] env_loader[None] address[localhost] ssh_port[22] user[None] assignable[True] timeout[10.0])] master_uri[http://localhost:40944]
[roslaunch][INFO] 2017-06-08 22:13:28,748: process[rosapi-2]: env[{'ROS_DISTRO': 'indigo', 'ASNLIB': '/home/ccc_v1_s54106__48606/asn13354_Project_4/asn13355_Project_4/asnlib', 'LIB': '/home/ccc_v1_s54106__48606/lib', 'VOC_PROXY_TOKEN': '26080541543542435421335501593a2d23af91c8.95649228', 'SSH_CLIENT': '172.31.7.153 33516 22', 'CPATH': '/opt/ros/indigo/include', 'LOGNAME': 'ccc_v1_w_dd4cc_18220', 'USER': 'ccc_v1_w_dd4cc_18220', 'ROS_NODE_PORT': '40944', 'HOME': '/home/ccc_v1_w_dd4cc_18220/asn13354_Project_4/asn13355_Project_4/work', 'PATH': '/opt/ros/indigo/bin:/usr/local/sbin:/usr/local/bin:/usr/sbin:/usr/bin:/sbin:/bin:/usr/games:/usr/local/games:/home/local/bin:/home/ccc_v1_s54106__48606/lib:/home/ccc_v1_s54106__48606/asn13354_Project_4/asn13355_Project_4/asnlib:/home/vlibs:.', 'CMAKE_PREFIX_PATH': '/opt/ros/indigo', 'ROS_LOG_FILENAME': '/home/ccc_v1_w_dd4cc_18220/asn13354_Project_4/asn13355_Project_4/work/.ros/log/5df5b026-4cd2-11e7-b81f-06f360e4abc1/roslaunch-ip-172-31-19-100-6768.log', 'LANG': 'en_US.UTF-8', 'TERM': 'xterm-256color', 'SHELL': '/bin/bash', 'HISTFILE': '/home/ccc_v1_w_dd4cc_18220/.bash_history', 'SHLVL': '2', 'VOC_WORKAREA': '/home/ccc_v1_w_dd4cc_18220/asn13354_Project_4/asn13355_Project_4/work', 'LD_LIBRARY_PATH': '/opt/ros/indigo/lib:/opt/ros/indigo/lib/x86_64-linux-gnu:/home/ccc_v1_s54106__48606/lib:/home/ccc_v1_s54106__48606/asn13354_Project_4/asn13355_Project_4/asnlib:/home/vlibs', 'PART1': '/home/ccc_v1_s54106__48606/asn13354_Project_4/asn13355_Project_4', 'ROS_MASTER_URI': 'http://localhost:40944', 'XDG_RUNTIME_DIR': '/run/user/18220', 'PYTHONPATH': '/opt/ros/indigo/lib/python2.7/dist-packages:/home/vlibs/python', 'VOC_PROXY_WRAPPER_PORT': '5100', 'VOC_XFER_TOKEN': '5079649944354243542133550593a2d23a9f3a1.21065491', 'ROS_ROOT': '/opt/ros/indigo/share/ros', 'OLD_HOME': '/home/ccc_v1_w_dd4cc_18220', 'PKG_CONFIG_PATH': '/opt/ros/indigo/lib/pkgconfig:/opt/ros/indigo/lib/x86_64-linux-gnu/pkgconfig', 'ROS_PACKAGE_PATH': '/opt/ros/indigo/share:/opt/ros/indigo/stacks', 'XDG_SESSION_ID': '313300', '_': '/usr/bin/stdbuf', 'LD_PRELOAD': '/usr/lib/coreutils/libstdbuf.so', '_STDBUF_O': 'L', 'SSH_TTY': '/dev/pts/0', 'OLDPWD': '/home/ccc_v1_w_dd4cc_18220', 'ROSLISP_PACKAGE_DIRECTORIES': '', 'VLIB': '/home/vlibs', 'PWD': '/home/ccc_v1_w_dd4cc_18220/asn13354_Project_4/asn13355_Project_4/work', 'VOC_PROXY_ID': '43542_43542_13355_0_1', 'ROS_ETC_DIR': '/opt/ros/indigo/etc/ros', 'MAIL': '/var/mail/ccc_v1_w_dd4cc_18220', 'SSH_CONNECTION': '172.31.7.153 33516 172.31.19.100 22'}]
[roslaunch][INFO] 2017-06-08 22:13:28,752: process[rosapi-2]: args[[u'/opt/ros/indigo/lib/rosapi/rosapi_node', u'__name:=rosapi']]
[roslaunch][INFO] 2017-06-08 22:13:28,756: ... created process [rosapi-2]
[roslaunch.pmon][INFO] 2017-06-08 22:13:28,760: ProcessMonitor.register[rosapi-2]
[roslaunch.pmon][INFO] 2017-06-08 22:13:28,764: ProcessMonitor.register[rosapi-2] complete
[roslaunch][INFO] 2017-06-08 22:13:28,767: ... registered process [rosapi-2]
[roslaunch][INFO] 2017-06-08 22:13:28,771: process[rosapi-2]: starting os process
[roslaunch][INFO] 2017-06-08 22:13:28,778: process[rosapi-2]: start w/ args [[u'/opt/ros/indigo/lib/rosapi/rosapi_node', u'__name:=rosapi', u'__log:=/home/ccc_v1_w_dd4cc_18220/asn13354_Project_4/asn13355_Project_4/work/.ros/log/5df5b026-4cd2-11e7-b81f-06f360e4abc1/rosapi-2.log']]
[roslaunch][INFO] 2017-06-08 22:13:28,782: process[rosapi-2]: cwd will be [/home/ccc_v1_w_dd4cc_18220/asn13354_Project_4/asn13355_Project_4/work/.ros]
[roslaunch][INFO] 2017-06-08 22:13:28,790: process[rosapi-2]: started with pid [6788]
[roslaunch][INFO] 2017-06-08 22:13:28,791: ... successfully launched [rosapi-2]
[roslaunch][INFO] 2017-06-08 22:13:28,795: ... launch_nodes complete
[roslaunch.pmon][INFO] 2017-06-08 22:13:28,799: registrations completed <ProcessMonitor(ProcessMonitor-1, started daemon 140681516046080)>
[roslaunch.parent][INFO] 2017-06-08 22:13:28,803: ... roslaunch parent running, waiting for process exit
[roslaunch][INFO] 2017-06-08 22:13:28,807: spin
