[rosmaster.main][INFO] 2017-06-10 19:04:04,488: initialization complete, waiting for shutdown
[rosmaster.main][INFO] 2017-06-10 19:04:04,488: Starting ROS Master Node
[xmlrpc][INFO] 2017-06-10 19:04:04,492: XML-RPC server binding to 0.0.0.0:54283
[xmlrpc][INFO] 2017-06-10 19:04:04,496: Started XML-RPC server [http://ip-172-31-19-100:54283/]
[rosmaster.master][INFO] 2017-06-10 19:04:04,496: Master initialized: port[54283], uri[http://ip-172-31-19-100:54283/]
[xmlrpc][INFO] 2017-06-10 19:04:04,499: xml rpc node: starting XML-RPC server
[rosmaster.master][INFO] 2017-06-10 19:04:04,579: +PARAM [/run_id] by /roslaunch
[rosmaster.master][INFO] 2017-06-10 19:04:04,587: +PARAM [/roslaunch/uris/host_ip_172_31_19_100__52405] by /roslaunch
[rosmaster.master][INFO] 2017-06-10 19:04:04,681: +PARAM [/rosversion] by /roslaunch
[rosmaster.master][INFO] 2017-06-10 19:04:04,685: +PARAM [/rosdistro] by /roslaunch
[rosmaster.master][INFO] 2017-06-10 19:04:04,713: +SERVICE [/rosout/get_loggers] /rosout http://ip-172-31-19-100:56129/
[rosmaster.master][INFO] 2017-06-10 19:04:04,718: +SERVICE [/rosout/set_logger_level] /rosout http://ip-172-31-19-100:56129/
[rosmaster.master][INFO] 2017-06-10 19:04:04,724: +PUB [/rosout_agg] /rosout http://ip-172-31-19-100:56129/
[rosmaster.master][INFO] 2017-06-10 19:04:04,732: +SUB [/rosout] /rosout http://ip-172-31-19-100:56129/
[rosmaster.master][INFO] 2017-06-10 19:04:05,018: +PUB [/rosout] /tf2_web_republisher http://ip-172-31-19-100:38000/
[rosmaster.master][INFO] 2017-06-10 19:04:05,023: +SERVICE [/tf2_web_republisher/get_loggers] /tf2_web_republisher http://ip-172-31-19-100:38000/
[rosmaster.master][INFO] 2017-06-10 19:04:05,028: +SERVICE [/tf2_web_republisher/set_logger_level] /tf2_web_republisher http://ip-172-31-19-100:38000/
[rosmaster.master][INFO] 2017-06-10 19:04:05,036: +SUB [/tf] /tf2_web_republisher http://ip-172-31-19-100:38000/
[rosmaster.master][INFO] 2017-06-10 19:04:05,043: +SUB [/tf_static] /tf2_web_republisher http://ip-172-31-19-100:38000/
[rosmaster.master][INFO] 2017-06-10 19:04:05,048: +SERVICE [/republish_tfs] /tf2_web_republisher http://ip-172-31-19-100:38000/
[rosmaster.master][INFO] 2017-06-10 19:04:05,052: +PUB [/tf2_web_republisher/result] /tf2_web_republisher http://ip-172-31-19-100:38000/
[rosmaster.master][INFO] 2017-06-10 19:04:05,057: +PUB [/tf2_web_republisher/feedback] /tf2_web_republisher http://ip-172-31-19-100:38000/
[rosmaster.master][INFO] 2017-06-10 19:04:05,061: +PUB [/tf2_web_republisher/status] /tf2_web_republisher http://ip-172-31-19-100:38000/
[rosmaster.master][INFO] 2017-06-10 19:04:05,071: +SUB [/tf2_web_republisher/goal] /tf2_web_republisher http://ip-172-31-19-100:38000/
[rosmaster.master][INFO] 2017-06-10 19:04:05,079: +SUB [/tf2_web_republisher/cancel] /tf2_web_republisher http://ip-172-31-19-100:38000/
[rosmaster.master][INFO] 2017-06-10 19:04:05,093: publisherUpdate[/rosout] -> http://ip-172-31-19-100:56129/
[rosmaster.master][INFO] 2017-06-10 19:04:06,501: +PARAM [/roslaunch/uris/host_ip_172_31_19_100__46632] by /roslaunch
[rosmaster.master][INFO] 2017-06-10 19:04:06,508: +PARAM [/rosbridge_websocket/port] by /roslaunch
[rosmaster.master][INFO] 2017-06-10 19:04:06,512: +PARAM [/rosdistro] by /roslaunch
[rosmaster.master][INFO] 2017-06-10 19:04:06,516: +PARAM [/rosbridge_websocket/fragment_timeout] by /roslaunch
[rosmaster.master][INFO] 2017-06-10 19:04:06,520: +PARAM [/rosbridge_websocket/delay_between_messages] by /roslaunch
[rosmaster.master][INFO] 2017-06-10 19:04:06,524: +PARAM [/rosversion] by /roslaunch
[rosmaster.master][INFO] 2017-06-10 19:04:06,527: +PARAM [/rosbridge_websocket/authenticate] by /roslaunch
[rosmaster.master][INFO] 2017-06-10 19:04:06,531: +PARAM [/rosbridge_websocket/retry_startup_delay] by /roslaunch
[rosmaster.master][INFO] 2017-06-10 19:04:06,535: +PARAM [/rosbridge_websocket/address] by /roslaunch
[rosmaster.master][INFO] 2017-06-10 19:04:06,538: +PARAM [/rosbridge_websocket/max_message_size] by /roslaunch
[rosmaster.master][INFO] 2017-06-10 19:04:07,186: +PUB [/rosout] /interactive_marker_proxy http://ip-172-31-19-100:39799/
[rosmaster.master][INFO] 2017-06-10 19:04:07,191: +SERVICE [/interactive_marker_proxy/get_loggers] /interactive_marker_proxy http://ip-172-31-19-100:39799/
[rosmaster.master][INFO] 2017-06-10 19:04:07,196: +SERVICE [/interactive_marker_proxy/set_logger_level] /interactive_marker_proxy http://ip-172-31-19-100:39799/
[rosmaster.master][INFO] 2017-06-10 19:04:07,197: publisherUpdate[/rosout] -> http://ip-172-31-19-100:56129/
[rosmaster.master][INFO] 2017-06-10 19:04:07,205: +PUB [/rosout] /rosapi http://ip-172-31-19-100:59317/
[rosmaster.master][INFO] 2017-06-10 19:04:07,206: publisherUpdate[/rosout] -> http://ip-172-31-19-100:56129/
[rosmaster.master][INFO] 2017-06-10 19:04:07,213: +SUB [/tf] /interactive_marker_proxy http://ip-172-31-19-100:39799/
[rosmaster.master][INFO] 2017-06-10 19:04:07,224: +SERVICE [/rosapi/get_loggers] /rosapi http://ip-172-31-19-100:59317/
[rosmaster.master][INFO] 2017-06-10 19:04:07,229: +SUB [/tf_static] /interactive_marker_proxy http://ip-172-31-19-100:39799/
[rosmaster.master][INFO] 2017-06-10 19:04:07,233: +SERVICE [/rosapi/set_logger_level] /rosapi http://ip-172-31-19-100:59317/
[rosmaster.master][INFO] 2017-06-10 19:04:07,240: +SERVICE [/rosapi/topics] /rosapi http://ip-172-31-19-100:59317/
[rosmaster.master][INFO] 2017-06-10 19:04:07,244: +SUB [/control_markers/update] /interactive_marker_proxy http://ip-172-31-19-100:39799/
[rosmaster.master][INFO] 2017-06-10 19:04:07,251: +SERVICE [/rosapi/topics_for_type] /rosapi http://ip-172-31-19-100:59317/
[rosmaster.master][INFO] 2017-06-10 19:04:07,257: +SUB [/control_markers/update_full] /interactive_marker_proxy http://ip-172-31-19-100:39799/
[rosmaster.master][INFO] 2017-06-10 19:04:07,261: +SERVICE [/rosapi/services] /rosapi http://ip-172-31-19-100:59317/
[rosmaster.master][INFO] 2017-06-10 19:04:07,270: +SERVICE [/rosapi/services_for_type] /rosapi http://ip-172-31-19-100:59317/
[rosmaster.master][INFO] 2017-06-10 19:04:07,274: +PUB [/control_markers/tunneled/update] /interactive_marker_proxy http://ip-172-31-19-100:39799/
[rosmaster.master][INFO] 2017-06-10 19:04:07,282: +SERVICE [/rosapi/nodes] /rosapi http://ip-172-31-19-100:59317/
[rosmaster.master][INFO] 2017-06-10 19:04:07,286: +SERVICE [/control_markers/tunneled/get_init] /interactive_marker_proxy http://ip-172-31-19-100:39799/
[rosmaster.master][INFO] 2017-06-10 19:04:07,290: +SERVICE [/rosapi/node_details] /rosapi http://ip-172-31-19-100:59317/
[rosmaster.master][INFO] 2017-06-10 19:04:07,302: +SERVICE [/rosapi/topic_type] /rosapi http://ip-172-31-19-100:59317/
[rosmaster.master][INFO] 2017-06-10 19:04:07,307: +SERVICE [/rosapi/service_type] /rosapi http://ip-172-31-19-100:59317/
[rosmaster.master][INFO] 2017-06-10 19:04:07,314: +SERVICE [/rosapi/publishers] /rosapi http://ip-172-31-19-100:59317/
[rosmaster.master][INFO] 2017-06-10 19:04:07,319: +SERVICE [/rosapi/subscribers] /rosapi http://ip-172-31-19-100:59317/
[rosmaster.master][INFO] 2017-06-10 19:04:07,323: +SERVICE [/rosapi/service_providers] /rosapi http://ip-172-31-19-100:59317/
[rosmaster.master][INFO] 2017-06-10 19:04:07,327: -SUB [/control_markers/update_full] /interactive_marker_proxy http://ip-172-31-19-100:39799/
[rosmaster.master][INFO] 2017-06-10 19:04:07,333: +SERVICE [/rosapi/service_node] /rosapi http://ip-172-31-19-100:59317/
[rosmaster.master][INFO] 2017-06-10 19:04:07,338: +SERVICE [/rosapi/service_host] /rosapi http://ip-172-31-19-100:59317/
[rosmaster.master][INFO] 2017-06-10 19:04:07,342: +SERVICE [/rosapi/message_details] /rosapi http://ip-172-31-19-100:59317/
[rosmaster.master][INFO] 2017-06-10 19:04:07,348: +SERVICE [/rosapi/service_request_details] /rosapi http://ip-172-31-19-100:59317/
[rosmaster.master][INFO] 2017-06-10 19:04:07,354: +SERVICE [/rosapi/service_response_details] /rosapi http://ip-172-31-19-100:59317/
[rosmaster.master][INFO] 2017-06-10 19:04:07,362: +SERVICE [/rosapi/set_param] /rosapi http://ip-172-31-19-100:59317/
[rosmaster.master][INFO] 2017-06-10 19:04:07,367: +SERVICE [/rosapi/get_param] /rosapi http://ip-172-31-19-100:59317/
[rosmaster.master][INFO] 2017-06-10 19:04:07,373: +SERVICE [/rosapi/has_param] /rosapi http://ip-172-31-19-100:59317/
[rosmaster.master][INFO] 2017-06-10 19:04:07,379: +SERVICE [/rosapi/search_param] /rosapi http://ip-172-31-19-100:59317/
[rosmaster.master][INFO] 2017-06-10 19:04:07,385: +SERVICE [/rosapi/delete_param] /rosapi http://ip-172-31-19-100:59317/
[rosmaster.master][INFO] 2017-06-10 19:04:07,392: +SERVICE [/rosapi/get_param_names] /rosapi http://ip-172-31-19-100:59317/
[rosmaster.master][INFO] 2017-06-10 19:04:07,397: +SERVICE [/rosapi/get_time] /rosapi http://ip-172-31-19-100:59317/
[rosmaster.master][INFO] 2017-06-10 19:04:07,502: +PUB [/rosout] /rosbridge_websocket http://ip-172-31-19-100:40792/
[rosmaster.master][INFO] 2017-06-10 19:04:07,508: publisherUpdate[/rosout] -> http://ip-172-31-19-100:56129/
[rosmaster.master][INFO] 2017-06-10 19:04:07,521: +SERVICE [/rosbridge_websocket/get_loggers] /rosbridge_websocket http://ip-172-31-19-100:40792/
[rosmaster.master][INFO] 2017-06-10 19:04:07,528: +SERVICE [/rosbridge_websocket/set_logger_level] /rosbridge_websocket http://ip-172-31-19-100:40792/
[rosmaster.master][INFO] 2017-06-10 19:04:09,154: +PARAM [/roslaunch/uris/host_ip_172_31_19_100__39518] by /roslaunch
[rosmaster.master][INFO] 2017-06-10 19:04:09,170: +PARAM [/robot_description_kinematics/lwr_arm/kinematics_solver] by /roslaunch
[rosmaster.master][INFO] 2017-06-10 19:04:09,173: +PARAM [/move_group/planner_configs/RRTkConfigDefault/goal_bias] by /roslaunch
[rosmaster.master][INFO] 2017-06-10 19:04:09,177: +PARAM [/robot_description_semantic] by /roslaunch
[rosmaster.master][INFO] 2017-06-10 19:04:09,181: +PARAM [/robot_description_kinematics/lwr_arm/kinematics_solver_attempts] by /roslaunch
[rosmaster.master][INFO] 2017-06-10 19:04:09,184: +PARAM [/robot_description_planning/joint_limits/lwr_arm_6_joint/max_acceleration] by /roslaunch
[rosmaster.master][INFO] 2017-06-10 19:04:09,187: +PARAM [/robot_description_planning/joint_limits/lwr_arm_5_joint/has_acceleration_limits] by /roslaunch
[rosmaster.master][INFO] 2017-06-10 19:04:09,191: +PARAM [/move_group/planner_configs/RRTstarkConfigDefault/range] by /roslaunch
[rosmaster.master][INFO] 2017-06-10 19:04:09,194: +PARAM [/robot_description_planning/joint_limits/lwr_arm_0_joint/max_acceleration] by /roslaunch
[rosmaster.master][INFO] 2017-06-10 19:04:09,198: +PARAM [/robot_description_planning/joint_limits/lwr_arm_0_joint/has_velocity_limits] by /roslaunch
[rosmaster.master][INFO] 2017-06-10 19:04:09,203: +PARAM [/move_group/max_safe_path_cost] by /roslaunch
[rosmaster.master][INFO] 2017-06-10 19:04:09,206: +PARAM [/move_group/planner_configs/RRTstarkConfigDefault/goal_bias] by /roslaunch
[rosmaster.master][INFO] 2017-06-10 19:04:09,210: +PARAM [/move_group/planning_scene_monitor/publish_planning_scene] by /roslaunch
[rosmaster.master][INFO] 2017-06-10 19:04:09,214: +PARAM [/move_group/planner_configs/PRMkConfigDefault/type] by /roslaunch
[rosmaster.master][INFO] 2017-06-10 19:04:09,218: +PARAM [/move_group/planner_configs/ESTkConfigDefault/range] by /roslaunch
[rosmaster.master][INFO] 2017-06-10 19:04:09,221: +PARAM [/robot_description_planning/joint_limits/lwr_arm_2_joint/max_acceleration] by /roslaunch
[rosmaster.master][INFO] 2017-06-10 19:04:09,224: +PARAM [/move_group/planner_configs/KPIECEkConfigDefault/min_valid_path_fraction] by /roslaunch
[rosmaster.master][INFO] 2017-06-10 19:04:09,228: +PARAM [/move_group/planner_configs/BKPIECEkConfigDefault/border_fraction] by /roslaunch
[rosmaster.master][INFO] 2017-06-10 19:04:09,232: +PARAM [/move_group/planner_configs/PRMkConfigDefault/max_nearest_neighbors] by /roslaunch
[rosmaster.master][INFO] 2017-06-10 19:04:09,235: +PARAM [/move_group/planner_configs/TRRTkConfigDefault/goal_bias] by /roslaunch
[rosmaster.master][INFO] 2017-06-10 19:04:09,238: +PARAM [/move_group/planner_configs/BKPIECEkConfigDefault/min_valid_path_fraction] by /roslaunch
[rosmaster.master][INFO] 2017-06-10 19:04:09,242: +PARAM [/robot_description_planning/joint_limits/lwr_arm_2_joint/has_velocity_limits] by /roslaunch
[rosmaster.master][INFO] 2017-06-10 19:04:09,245: +PARAM [/robot_description_planning/joint_limits/lwr_arm_3_joint/max_velocity] by /roslaunch
[rosmaster.master][INFO] 2017-06-10 19:04:09,249: +PARAM [/robot_description_planning/joint_limits/lwr_arm_4_joint/max_acceleration] by /roslaunch
[rosmaster.master][INFO] 2017-06-10 19:04:09,253: +PARAM [/robot_description_planning/joint_limits/lwr_arm_0_joint/max_velocity] by /roslaunch
[rosmaster.master][INFO] 2017-06-10 19:04:09,256: +PARAM [/move_group/planner_configs/SBLkConfigDefault/range] by /roslaunch
[rosmaster.master][INFO] 2017-06-10 19:04:09,260: +PARAM [/move_group/planner_configs/TRRTkConfigDefault/frountierNodeRatio] by /roslaunch
[rosmaster.master][INFO] 2017-06-10 19:04:09,263: +PARAM [/robot_description_planning/joint_limits/lwr_arm_6_joint/has_acceleration_limits] by /roslaunch
[rosmaster.master][INFO] 2017-06-10 19:04:09,267: +PARAM [/move_group/planning_plugin] by /roslaunch
[rosmaster.master][INFO] 2017-06-10 19:04:09,270: +PARAM [/move_group/planning_scene_monitor/publish_geometry_updates] by /roslaunch
[rosmaster.master][INFO] 2017-06-10 19:04:09,274: +PARAM [/robot_description_planning/joint_limits/lwr_arm_3_joint/max_acceleration] by /roslaunch
[rosmaster.master][INFO] 2017-06-10 19:04:09,277: +PARAM [/move_group/planner_configs/TRRTkConfigDefault/max_states_failed] by /roslaunch
[rosmaster.master][INFO] 2017-06-10 19:04:09,281: +PARAM [/robot_description_planning/joint_limits/lwr_arm_3_joint/has_velocity_limits] by /roslaunch
[rosmaster.master][INFO] 2017-06-10 19:04:09,284: +PARAM [/robot_description_kinematics/lwr_arm/kinematics_solver_timeout] by /roslaunch
[rosmaster.master][INFO] 2017-06-10 19:04:09,288: +PARAM [/move_group/lwr_arm/projection_evaluator] by /roslaunch
[rosmaster.master][INFO] 2017-06-10 19:04:09,291: +PARAM [/robot_description_planning/joint_limits/lwr_arm_1_joint/has_acceleration_limits] by /roslaunch
[rosmaster.master][INFO] 2017-06-10 19:04:09,298: +PARAM [/rosdistro] by /roslaunch
[rosmaster.master][INFO] 2017-06-10 19:04:09,303: +PARAM [/robot_description_planning/joint_limits/lwr_arm_5_joint/max_velocity] by /roslaunch
[rosmaster.master][INFO] 2017-06-10 19:04:09,307: +PARAM [/move_group/planner_configs/PRMstarkConfigDefault/type] by /roslaunch
[rosmaster.master][INFO] 2017-06-10 19:04:09,310: +PARAM [/move_group/planner_configs/RRTkConfigDefault/range] by /roslaunch
[rosmaster.master][INFO] 2017-06-10 19:04:09,314: +PARAM [/move_group/allow_trajectory_execution] by /roslaunch
[rosmaster.master][INFO] 2017-06-10 19:04:09,317: +PARAM [/move_group/lwr_arm/planner_configs] by /roslaunch
[rosmaster.master][INFO] 2017-06-10 19:04:09,321: +PARAM [/move_group/planner_configs/ESTkConfigDefault/type] by /roslaunch
[rosmaster.master][INFO] 2017-06-10 19:04:09,325: +PARAM [/move_group/start_state_max_bounds_error] by /roslaunch
[rosmaster.master][INFO] 2017-06-10 19:04:09,328: +PARAM [/move_group/planner_configs/TRRTkConfigDefault/init_temperature] by /roslaunch
[rosmaster.master][INFO] 2017-06-10 19:04:09,332: +PARAM [/move_group/planner_configs/BKPIECEkConfigDefault/type] by /roslaunch
[rosmaster.master][INFO] 2017-06-10 19:04:09,343: +PARAM [/move_group/planner_configs/KPIECEkConfigDefault/border_fraction] by /roslaunch
[rosmaster.master][INFO] 2017-06-10 19:04:09,347: +PARAM [/robot_description_planning/joint_limits/lwr_arm_4_joint/has_velocity_limits] by /roslaunch
[rosmaster.master][INFO] 2017-06-10 19:04:09,351: +PARAM [/move_group/planner_configs/ESTkConfigDefault/goal_bias] by /roslaunch
[rosmaster.master][INFO] 2017-06-10 19:04:09,355: +PARAM [/move_group/planner_configs/LBKPIECEkConfigDefault/border_fraction] by /roslaunch
[rosmaster.master][INFO] 2017-06-10 19:04:09,359: +PARAM [/move_group/jiggle_fraction] by /roslaunch
[rosmaster.master][INFO] 2017-06-10 19:04:09,362: +PARAM [/move_group/planner_configs/TRRTkConfigDefault/range] by /roslaunch
[rosmaster.master][INFO] 2017-06-10 19:04:09,366: +PARAM [/move_group/planning_scene_monitor/publish_state_updates] by /roslaunch
[rosmaster.master][INFO] 2017-06-10 19:04:09,370: +PARAM [/move_group/planner_configs/TRRTkConfigDefault/temp_change_factor] by /roslaunch
[rosmaster.master][INFO] 2017-06-10 19:04:09,373: +PARAM [/robot_description_planning/joint_limits/lwr_arm_6_joint/max_velocity] by /roslaunch
[rosmaster.master][INFO] 2017-06-10 19:04:09,377: +PARAM [/robot_description_planning/joint_limits/lwr_arm_1_joint/max_velocity] by /roslaunch
[rosmaster.master][INFO] 2017-06-10 19:04:09,381: +PARAM [/move_group/planner_configs/SBLkConfigDefault/type] by /roslaunch
[rosmaster.master][INFO] 2017-06-10 19:04:09,384: +PARAM [/robot_description] by /roslaunch
[rosmaster.master][INFO] 2017-06-10 19:04:09,388: +PARAM [/move_group/capabilities] by /roslaunch
[rosmaster.master][INFO] 2017-06-10 19:04:09,391: +PARAM [/move_group/planner_configs/LBKPIECEkConfigDefault/range] by /roslaunch
[rosmaster.master][INFO] 2017-06-10 19:04:09,395: +PARAM [/robot_description_planning/joint_limits/lwr_arm_5_joint/max_acceleration] by /roslaunch
[rosmaster.master][INFO] 2017-06-10 19:04:09,400: +PARAM [/move_group/planner_configs/KPIECEkConfigDefault/range] by /roslaunch
[rosmaster.master][INFO] 2017-06-10 19:04:09,404: +PARAM [/move_group/planner_configs/BKPIECEkConfigDefault/range] by /roslaunch
[rosmaster.master][INFO] 2017-06-10 19:04:09,407: +PARAM [/move_group/planner_configs/TRRTkConfigDefault/type] by /roslaunch
[rosmaster.master][INFO] 2017-06-10 19:04:09,410: +PARAM [/move_group/planner_configs/KPIECEkConfigDefault/goal_bias] by /roslaunch
[rosmaster.master][INFO] 2017-06-10 19:04:09,414: +PARAM [/move_group/planner_configs/RRTConnectkConfigDefault/range] by /roslaunch
[rosmaster.master][INFO] 2017-06-10 19:04:09,417: +PARAM [/move_group/request_adapters] by /roslaunch
[rosmaster.master][INFO] 2017-06-10 19:04:09,421: +PARAM [/move_group/planner_configs/TRRTkConfigDefault/min_temperature] by /roslaunch
[rosmaster.master][INFO] 2017-06-10 19:04:09,424: +PARAM [/robot_description_planning/joint_limits/lwr_arm_6_joint/has_velocity_limits] by /roslaunch
[rosmaster.master][INFO] 2017-06-10 19:04:09,428: +PARAM [/robot_description_planning/joint_limits/lwr_arm_1_joint/has_velocity_limits] by /roslaunch
[rosmaster.master][INFO] 2017-06-10 19:04:09,431: +PARAM [/move_group/planner_configs/KPIECEkConfigDefault/failed_expansion_score_factor] by /roslaunch
[rosmaster.master][INFO] 2017-06-10 19:04:09,435: +PARAM [/move_group/planning_scene_monitor/publish_transforms_updates] by /roslaunch
[rosmaster.master][INFO] 2017-06-10 19:04:09,438: +PARAM [/robot_description_planning/joint_limits/lwr_arm_5_joint/has_velocity_limits] by /roslaunch
[rosmaster.master][INFO] 2017-06-10 19:04:09,442: +PARAM [/robot_description_planning/joint_limits/lwr_arm_3_joint/has_acceleration_limits] by /roslaunch
[rosmaster.master][INFO] 2017-06-10 19:04:09,451: +PARAM [/move_group/planner_configs/RRTstarkConfigDefault/type] by /roslaunch
[rosmaster.master][INFO] 2017-06-10 19:04:09,454: +PARAM [/move_group/lwr_arm/longest_valid_segment_fraction] by /roslaunch
[rosmaster.master][INFO] 2017-06-10 19:04:09,458: +PARAM [/move_group/planner_configs/RRTstarkConfigDefault/delay_collision_checking] by /roslaunch
[rosmaster.master][INFO] 2017-06-10 19:04:09,462: +PARAM [/move_group/planner_configs/KPIECEkConfigDefault/type] by /roslaunch
[rosmaster.master][INFO] 2017-06-10 19:04:09,465: +PARAM [/robot_description_kinematics/lwr_arm/kinematics_solver_search_resolution] by /roslaunch
[rosmaster.master][INFO] 2017-06-10 19:04:09,469: +PARAM [/move_group/planner_configs/RRTConnectkConfigDefault/type] by /roslaunch
[rosmaster.master][INFO] 2017-06-10 19:04:09,473: +PARAM [/robot_description_planning/joint_limits/lwr_arm_2_joint/has_acceleration_limits] by /roslaunch
[rosmaster.master][INFO] 2017-06-10 19:04:09,476: +PARAM [/move_group/planner_configs/BKPIECEkConfigDefault/failed_expansion_score_factor] by /roslaunch
[rosmaster.master][INFO] 2017-06-10 19:04:09,480: +PARAM [/robot_description_planning/joint_limits/lwr_arm_2_joint/max_velocity] by /roslaunch
[rosmaster.master][INFO] 2017-06-10 19:04:09,483: +PARAM [/move_group/planner_configs/LBKPIECEkConfigDefault/min_valid_path_fraction] by /roslaunch
[rosmaster.master][INFO] 2017-06-10 19:04:09,487: +PARAM [/rosversion] by /roslaunch
[rosmaster.master][INFO] 2017-06-10 19:04:09,492: +PARAM [/robot_description_planning/joint_limits/lwr_arm_4_joint/max_velocity] by /roslaunch
[rosmaster.master][INFO] 2017-06-10 19:04:09,496: +PARAM [/robot_description_planning/joint_limits/lwr_arm_4_joint/has_acceleration_limits] by /roslaunch
[rosmaster.master][INFO] 2017-06-10 19:04:09,499: +PARAM [/robot_description_planning/joint_limits/lwr_arm_0_joint/has_acceleration_limits] by /roslaunch
[rosmaster.master][INFO] 2017-06-10 19:04:09,503: +PARAM [/robot_description_planning/joint_limits/lwr_arm_1_joint/max_acceleration] by /roslaunch
[rosmaster.master][INFO] 2017-06-10 19:04:09,508: +PARAM [/move_group/planner_configs/TRRTkConfigDefault/k_constant] by /roslaunch
[rosmaster.master][INFO] 2017-06-10 19:04:09,512: +PARAM [/move_group/planner_configs/TRRTkConfigDefault/frountier_threshold] by /roslaunch
[rosmaster.master][INFO] 2017-06-10 19:04:09,515: +PARAM [/move_group/planner_configs/LBKPIECEkConfigDefault/type] by /roslaunch
[rosmaster.master][INFO] 2017-06-10 19:04:09,519: +PARAM [/move_group/planner_configs/RRTkConfigDefault/type] by /roslaunch
[rosmaster.master][INFO] 2017-06-10 19:04:09,875: +PUB [/rosout] /robot_sim http://ip-172-31-19-100:57553/
[rosmaster.master][INFO] 2017-06-10 19:04:09,884: +SERVICE [/robot_sim/get_loggers] /robot_sim http://ip-172-31-19-100:57553/
[rosmaster.master][INFO] 2017-06-10 19:04:09,889: +SERVICE [/robot_sim/set_logger_level] /robot_sim http://ip-172-31-19-100:57553/
[rosmaster.master][INFO] 2017-06-10 19:04:09,900: +PUB [/joint_states] /robot_sim http://ip-172-31-19-100:57553/
[rosmaster.master][INFO] 2017-06-10 19:04:09,902: publisherUpdate[/rosout] -> http://ip-172-31-19-100:56129/
[rosmaster.master][INFO] 2017-06-10 19:04:09,905: +PUB [/rosout] /robot_state_publisher http://ip-172-31-19-100:46512/
[rosmaster.master][INFO] 2017-06-10 19:04:09,908: publisherUpdate[/rosout] -> http://ip-172-31-19-100:56129/
[rosmaster.master][INFO] 2017-06-10 19:04:09,913: +SUB [/joint_velocities] /robot_sim http://ip-172-31-19-100:57553/
[rosmaster.master][INFO] 2017-06-10 19:04:09,921: +SERVICE [/robot_state_publisher/get_loggers] /robot_state_publisher http://ip-172-31-19-100:46512/
[rosmaster.master][INFO] 2017-06-10 19:04:09,926: +SERVICE [/robot_state_publisher/set_logger_level] /robot_state_publisher http://ip-172-31-19-100:46512/
[rosmaster.master][INFO] 2017-06-10 19:04:09,930: +SUB [/joint_positions] /robot_sim http://ip-172-31-19-100:57553/
[rosmaster.master][INFO] 2017-06-10 19:04:09,935: +PUB [/tf] /robot_state_publisher http://ip-172-31-19-100:46512/
[rosmaster.master][INFO] 2017-06-10 19:04:09,940: +PUB [/tf_static] /robot_state_publisher http://ip-172-31-19-100:46512/
[rosmaster.master][INFO] 2017-06-10 19:04:09,943: +SUB [/joint_command] /robot_sim http://ip-172-31-19-100:57553/
[rosmaster.master][INFO] 2017-06-10 19:04:09,958: +SUB [/joint_states] /robot_state_publisher http://ip-172-31-19-100:46512/
[rosmaster.master][INFO] 2017-06-10 19:04:09,963: +SUB [/joint_trajectory] /robot_sim http://ip-172-31-19-100:57553/
[rosmaster.master][INFO] 2017-06-10 19:04:10,018: publisherUpdate[/tf] -> http://ip-172-31-19-100:38000/
[rosmaster.master][INFO] 2017-06-10 19:04:10,021: publisherUpdate[/tf] -> http://ip-172-31-19-100:39799/
[rosmaster.master][INFO] 2017-06-10 19:04:10,030: publisherUpdate[/tf_static] -> http://ip-172-31-19-100:38000/
[rosmaster.master][INFO] 2017-06-10 19:04:10,035: publisherUpdate[/tf_static] -> http://ip-172-31-19-100:39799/
[rosmaster.master][INFO] 2017-06-10 19:04:10,153: +PUB [/rosout] /move_group http://ip-172-31-19-100:42672/
[rosmaster.master][INFO] 2017-06-10 19:04:10,158: +SERVICE [/move_group/get_loggers] /move_group http://ip-172-31-19-100:42672/
[rosmaster.master][INFO] 2017-06-10 19:04:10,162: +SERVICE [/move_group/set_logger_level] /move_group http://ip-172-31-19-100:42672/
[rosmaster.master][INFO] 2017-06-10 19:04:10,173: +SUB [/tf] /move_group http://ip-172-31-19-100:42672/
[rosmaster.master][INFO] 2017-06-10 19:04:10,184: +SUB [/tf_static] /move_group http://ip-172-31-19-100:42672/
[rosmaster.master][INFO] 2017-06-10 19:04:10,223: publisherUpdate[/rosout] -> http://ip-172-31-19-100:56129/
[rosmaster.master][INFO] 2017-06-10 19:04:10,410: +SERVICE [/move_group/planning_scene_monitor/set_parameters] /move_group http://ip-172-31-19-100:42672/
[rosmaster.master][INFO] 2017-06-10 19:04:10,416: +PUB [/move_group/planning_scene_monitor/parameter_descriptions] /move_group http://ip-172-31-19-100:42672/
[rosmaster.master][INFO] 2017-06-10 19:04:10,422: +PUB [/move_group/planning_scene_monitor/parameter_updates] /move_group http://ip-172-31-19-100:42672/
[rosmaster.master][INFO] 2017-06-10 19:04:10,434: +PARAM [/move_group/planning_scene_monitor/publish_planning_scene] by /move_group
[rosmaster.master][INFO] 2017-06-10 19:04:10,437: +PUB [/rosout] /move_group_commander_wrappers_1497146650431304869 http://ip-172-31-19-100:33672/
[rosmaster.master][INFO] 2017-06-10 19:04:10,438: +PARAM [/move_group/planning_scene_monitor/publish_planning_scene_hz] by /move_group
[rosmaster.master][INFO] 2017-06-10 19:04:10,440: publisherUpdate[/rosout] -> http://ip-172-31-19-100:56129/
[rosmaster.master][INFO] 2017-06-10 19:04:10,442: +SERVICE [/move_group_commander_wrappers_1497146650431304869/get_loggers] /move_group_commander_wrappers_1497146650431304869 http://ip-172-31-19-100:33672/
[rosmaster.master][INFO] 2017-06-10 19:04:10,446: +PARAM [/move_group/planning_scene_monitor/publish_geometry_updates] by /move_group
[rosmaster.master][INFO] 2017-06-10 19:04:10,454: +SERVICE [/move_group_commander_wrappers_1497146650431304869/set_logger_level] /move_group_commander_wrappers_1497146650431304869 http://ip-172-31-19-100:33672/
[rosmaster.master][INFO] 2017-06-10 19:04:10,457: +PARAM [/move_group/planning_scene_monitor/publish_state_updates] by /move_group
[rosmaster.master][INFO] 2017-06-10 19:04:10,465: +PARAM [/move_group/planning_scene_monitor/publish_transforms_updates] by /move_group
[rosmaster.master][INFO] 2017-06-10 19:04:10,472: +PUB [/move_group/monitored_planning_scene] /move_group http://ip-172-31-19-100:42672/
[rosmaster.master][INFO] 2017-06-10 19:04:10,480: +PARAM [/move_group/planning_scene_monitor/publish_planning_scene] by /move_group
[rosmaster.master][INFO] 2017-06-10 19:04:10,484: +PARAM [/move_group/planning_scene_monitor/publish_planning_scene_hz] by /move_group
[rosmaster.master][INFO] 2017-06-10 19:04:10,489: +PARAM [/move_group/planning_scene_monitor/publish_geometry_updates] by /move_group
[rosmaster.master][INFO] 2017-06-10 19:04:10,494: +PARAM [/move_group/planning_scene_monitor/publish_state_updates] by /move_group
[rosmaster.master][INFO] 2017-06-10 19:04:10,499: +PARAM [/move_group/planning_scene_monitor/publish_transforms_updates] by /move_group
[rosmaster.master][INFO] 2017-06-10 19:04:10,508: +SUB [/planning_scene] /move_group http://ip-172-31-19-100:42672/
[rosmaster.master][INFO] 2017-06-10 19:04:10,519: +SUB [/collision_object] /move_group http://ip-172-31-19-100:42672/
[rosmaster.master][INFO] 2017-06-10 19:04:10,531: +SUB [/planning_scene_world] /move_group http://ip-172-31-19-100:42672/
[rosmaster.master][INFO] 2017-06-10 19:04:10,538: +SERVICE [/move_group/save_map] /move_group http://ip-172-31-19-100:42672/
[rosmaster.master][INFO] 2017-06-10 19:04:10,542: +SERVICE [/move_group/load_map] /move_group http://ip-172-31-19-100:42672/
[rosmaster.master][INFO] 2017-06-10 19:04:10,553: +SUB [/joint_states] /move_group http://ip-172-31-19-100:42672/
[rosmaster.master][INFO] 2017-06-10 19:04:10,562: +SUB [/attached_collision_object] /move_group http://ip-172-31-19-100:42672/
[rosmaster.master][INFO] 2017-06-10 19:04:10,638: +PUB [/rosout] /marker_control_4316_1497146650462 http://ip-172-31-19-100:47112/
[rosmaster.master][INFO] 2017-06-10 19:04:10,651: publisherUpdate[/rosout] -> http://ip-172-31-19-100:56129/
[rosmaster.master][INFO] 2017-06-10 19:04:10,655: +SERVICE [/marker_control_4316_1497146650462/get_loggers] /marker_control_4316_1497146650462 http://ip-172-31-19-100:47112/
[rosmaster.master][INFO] 2017-06-10 19:04:10,663: +SERVICE [/marker_control_4316_1497146650462/set_logger_level] /marker_control_4316_1497146650462 http://ip-172-31-19-100:47112/
[rosmaster.master][INFO] 2017-06-10 19:04:10,668: +PUB [/planning_scene] /move_group_commander_wrappers_1497146650431304869 http://ip-172-31-19-100:33672/
[rosmaster.master][INFO] 2017-06-10 19:04:10,672: +SERVICE [/move_group/ompl/set_parameters] /move_group http://ip-172-31-19-100:42672/
[rosmaster.master][INFO] 2017-06-10 19:04:10,675: +PUB [/collision_object] /marker_control_4316_1497146650462 http://ip-172-31-19-100:47112/
[rosmaster.master][INFO] 2017-06-10 19:04:10,681: +PUB [/move_group/ompl/parameter_descriptions] /move_group http://ip-172-31-19-100:42672/
[rosmaster.master][INFO] 2017-06-10 19:04:10,685: +PUB [/attached_collision_object] /marker_control_4316_1497146650462 http://ip-172-31-19-100:47112/
[rosmaster.master][INFO] 2017-06-10 19:04:10,689: +PUB [/move_group/ompl/parameter_updates] /move_group http://ip-172-31-19-100:42672/
[rosmaster.master][INFO] 2017-06-10 19:04:10,692: +PUB [/visualization_marker_array] /marker_control_4316_1497146650462 http://ip-172-31-19-100:47112/
[rosmaster.master][INFO] 2017-06-10 19:04:10,697: +PUB [/motion_planning_goal] /marker_control_4316_1497146650462 http://ip-172-31-19-100:47112/
[rosmaster.master][INFO] 2017-06-10 19:04:10,699: +PARAM [/move_group/ompl/simplify_solutions] by /move_group
[rosmaster.master][INFO] 2017-06-10 19:04:10,703: +SUB [/joint_trajectory] /marker_control_4316_1497146650462 http://ip-172-31-19-100:47112/
[rosmaster.master][INFO] 2017-06-10 19:04:10,705: +PARAM [/move_group/ompl/minimum_waypoint_count] by /move_group
[rosmaster.master][INFO] 2017-06-10 19:04:10,709: +PUB [/control_markers/update_full] /marker_control_4316_1497146650462 http://ip-172-31-19-100:47112/
[rosmaster.master][INFO] 2017-06-10 19:04:10,713: +PARAM [/move_group/ompl/maximum_waypoint_distance] by /move_group
[rosmaster.master][INFO] 2017-06-10 19:04:10,717: +PUB [/control_markers/update] /marker_control_4316_1497146650462 http://ip-172-31-19-100:47112/
[rosmaster.master][INFO] 2017-06-10 19:04:10,720: +PARAM [/move_group/ompl/link_for_exploration_tree] by /move_group
[rosmaster.master][INFO] 2017-06-10 19:04:10,725: +SUB [/control_markers/feedback] /marker_control_4316_1497146650462 http://ip-172-31-19-100:47112/
[rosmaster.master][INFO] 2017-06-10 19:04:10,729: publisherUpdate[/planning_scene] -> http://ip-172-31-19-100:42672/
[rosmaster.master][INFO] 2017-06-10 19:04:10,734: +PARAM [/move_group/ompl/display_random_valid_states] by /move_group
[rosmaster.master][INFO] 2017-06-10 19:04:10,737: publisherUpdate[/control_markers/update] -> http://ip-172-31-19-100:39799/
[rosmaster.master][INFO] 2017-06-10 19:04:10,741: publisherUpdate[/collision_object] -> http://ip-172-31-19-100:42672/
[rosmaster.master][INFO] 2017-06-10 19:04:10,745: +PARAM [/move_group/ompl/simplify_solutions] by /move_group
[rosmaster.master][INFO] 2017-06-10 19:04:10,753: publisherUpdate[/attached_collision_object] -> http://ip-172-31-19-100:42672/
[rosmaster.master][INFO] 2017-06-10 19:04:10,757: +PARAM [/move_group/ompl/minimum_waypoint_count] by /move_group
[rosmaster.master][INFO] 2017-06-10 19:04:10,764: +PARAM [/move_group/ompl/maximum_waypoint_distance] by /move_group
[rosmaster.master][INFO] 2017-06-10 19:04:10,769: +PARAM [/move_group/ompl/link_for_exploration_tree] by /move_group
[rosmaster.master][INFO] 2017-06-10 19:04:10,774: +PARAM [/move_group/ompl/display_random_valid_states] by /move_group
[rosmaster.master][INFO] 2017-06-10 19:04:10,830: +PUB [/move_group/display_planned_path] /move_group http://ip-172-31-19-100:42672/
[rosmaster.master][INFO] 2017-06-10 19:04:10,842: +PUB [/move_group/display_contacts] /move_group http://ip-172-31-19-100:42672/
[rosmaster.master][INFO] 2017-06-10 19:04:10,894: +SERVICE [/apply_planning_scene] /move_group http://ip-172-31-19-100:42672/
[rosmaster.master][INFO] 2017-06-10 19:04:10,899: +SERVICE [/clear_octomap] /move_group http://ip-172-31-19-100:42672/
[rosmaster.master][INFO] 2017-06-10 19:04:10,904: +SERVICE [/compute_cartesian_path] /move_group http://ip-172-31-19-100:42672/
[rosmaster.master][INFO] 2017-06-10 19:04:10,908: +SERVICE [/execute_kinematic_path] /move_group http://ip-172-31-19-100:42672/
[rosmaster.master][INFO] 2017-06-10 19:04:10,916: +PUB [/execute_trajectory/result] /move_group http://ip-172-31-19-100:42672/
[rosmaster.master][INFO] 2017-06-10 19:04:10,920: +PUB [/execute_trajectory/feedback] /move_group http://ip-172-31-19-100:42672/
[rosmaster.master][INFO] 2017-06-10 19:04:10,925: +PUB [/execute_trajectory/status] /move_group http://ip-172-31-19-100:42672/
[rosmaster.master][INFO] 2017-06-10 19:04:10,936: +SUB [/execute_trajectory/goal] /move_group http://ip-172-31-19-100:42672/
[rosmaster.master][INFO] 2017-06-10 19:04:10,946: +SUB [/execute_trajectory/cancel] /move_group http://ip-172-31-19-100:42672/
[rosmaster.master][INFO] 2017-06-10 19:04:10,951: +SERVICE [/get_planning_scene] /move_group http://ip-172-31-19-100:42672/
[rosmaster.master][INFO] 2017-06-10 19:04:10,956: +SERVICE [/compute_fk] /move_group http://ip-172-31-19-100:42672/
[rosmaster.master][INFO] 2017-06-10 19:04:10,960: +SERVICE [/compute_ik] /move_group http://ip-172-31-19-100:42672/
[rosmaster.master][INFO] 2017-06-10 19:04:10,966: +PUB [/move_group/result] /move_group http://ip-172-31-19-100:42672/
[rosmaster.master][INFO] 2017-06-10 19:04:10,971: +PUB [/move_group/feedback] /move_group http://ip-172-31-19-100:42672/
[rosmaster.master][INFO] 2017-06-10 19:04:10,975: +PUB [/move_group/status] /move_group http://ip-172-31-19-100:42672/
[rosmaster.master][INFO] 2017-06-10 19:04:10,987: +SUB [/move_group/goal] /move_group http://ip-172-31-19-100:42672/
[rosmaster.master][INFO] 2017-06-10 19:04:10,996: +SUB [/move_group/cancel] /move_group http://ip-172-31-19-100:42672/
[rosmaster.master][INFO] 2017-06-10 19:04:11,052: +PUB [/pickup/result] /move_group http://ip-172-31-19-100:42672/
[rosmaster.master][INFO] 2017-06-10 19:04:11,058: +PUB [/pickup/feedback] /move_group http://ip-172-31-19-100:42672/
[rosmaster.master][INFO] 2017-06-10 19:04:11,062: +PUB [/pickup/status] /move_group http://ip-172-31-19-100:42672/
[rosmaster.master][INFO] 2017-06-10 19:04:11,074: +SUB [/pickup/goal] /move_group http://ip-172-31-19-100:42672/
[rosmaster.master][INFO] 2017-06-10 19:04:11,085: +SUB [/pickup/cancel] /move_group http://ip-172-31-19-100:42672/
[rosmaster.master][INFO] 2017-06-10 19:04:11,092: +PUB [/place/result] /move_group http://ip-172-31-19-100:42672/
[rosmaster.master][INFO] 2017-06-10 19:04:11,096: +PUB [/place/feedback] /move_group http://ip-172-31-19-100:42672/
[rosmaster.master][INFO] 2017-06-10 19:04:11,107: +PUB [/place/status] /move_group http://ip-172-31-19-100:42672/
[rosmaster.master][INFO] 2017-06-10 19:04:11,120: +SUB [/place/goal] /move_group http://ip-172-31-19-100:42672/
[rosmaster.master][INFO] 2017-06-10 19:04:11,129: +SUB [/place/cancel] /move_group http://ip-172-31-19-100:42672/
[rosmaster.master][INFO] 2017-06-10 19:04:11,134: +SERVICE [/plan_kinematic_path] /move_group http://ip-172-31-19-100:42672/
[rosmaster.master][INFO] 2017-06-10 19:04:11,138: +SERVICE [/query_planner_interface] /move_group http://ip-172-31-19-100:42672/
[rosmaster.master][INFO] 2017-06-10 19:04:11,143: +SERVICE [/check_state_validity] /move_group http://ip-172-31-19-100:42672/
[rosmaster.master][INFO] 2017-06-10 19:04:11,242: +SUB [/control_markers/update_full] /interactive_marker_proxy http://ip-172-31-19-100:39799/
[rosmaster.master][INFO] 2017-06-10 19:04:11,359: -SUB [/control_markers/update_full] /interactive_marker_proxy http://ip-172-31-19-100:39799/
[rosmaster.master][INFO] 2017-06-10 19:07:20,597: +PUB [/tf2_web_republisher/goal] /rosbridge_websocket http://ip-172-31-19-100:40792/
[rosmaster.master][INFO] 2017-06-10 19:07:20,605: +PUB [/tf2_web_republisher/cancel] /rosbridge_websocket http://ip-172-31-19-100:40792/
[rosmaster.master][INFO] 2017-06-10 19:07:20,615: +SUB [/tf2_web_republisher/feedback] /rosbridge_websocket http://ip-172-31-19-100:40792/
[rosmaster.master][INFO] 2017-06-10 19:07:20,629: +SUB [/visualization_marker_array] /rosbridge_websocket http://ip-172-31-19-100:40792/
[rosmaster.master][INFO] 2017-06-10 19:07:20,652: +SUB [/control_markers/tunneled/update] /rosbridge_websocket http://ip-172-31-19-100:40792/
[rosmaster.master][INFO] 2017-06-10 19:07:20,659: publisherUpdate[/tf2_web_republisher/goal] -> http://ip-172-31-19-100:38000/
[rosmaster.master][INFO] 2017-06-10 19:07:20,663: publisherUpdate[/tf2_web_republisher/cancel] -> http://ip-172-31-19-100:38000/
[rosmaster.master][INFO] 2017-06-10 19:07:20,666: +PUB [/control_markers/feedback] /rosbridge_websocket http://ip-172-31-19-100:40792/
[rosmaster.master][INFO] 2017-06-10 19:07:20,668: publisherUpdate[/control_markers/feedback] -> http://ip-172-31-19-100:47112/
