[roslaunch][INFO] 2017-06-10 19:04:04,036: Checking log directory for disk usage. This may take awhile.
Press Ctrl-C to interrupt
[roslaunch][INFO] 2017-06-10 19:04:04,117: Done checking log file disk usage. Usage is <1GB.
[roslaunch][INFO] 2017-06-10 19:04:04,117: roslaunch starting with args ['roscore', '--core', '-p', '54283']
[roslaunch][INFO] 2017-06-10 19:04:04,121: roslaunch env is {'ROS_DISTRO': 'indigo', 'ASNLIB': '/home/ccc_v1_s54106__48606/asn13529_Project_5/asn13530_Project_4/asnlib', 'LIB': '/home/ccc_v1_s54106__48606/lib', 'PKG_CONFIG_PATH': '/opt/ros/indigo/lib/pkgconfig:/opt/ros/indigo/lib/x86_64-linux-gnu/pkgconfig', 'SSH_CLIENT': '172.31.7.153 55378 22', 'CPATH': '/opt/ros/indigo/include', 'LOGNAME': 'ccc_v1_w_dd4cc_18220', 'USER': 'ccc_v1_w_dd4cc_18220', 'ROS_NODE_PORT': '54283', 'HOME': '/home/ccc_v1_w_dd4cc_18220/asn13529_Project_5/asn13530_Project_4/work', 'PATH': '/opt/ros/indigo/bin:/usr/local/sbin:/usr/local/bin:/usr/sbin:/usr/bin:/sbin:/bin:/usr/games:/usr/local/games:/home/local/bin:/home/ccc_v1_s54106__48606/lib:/home/ccc_v1_s54106__48606/asn13529_Project_5/asn13530_Project_4/asnlib:/home/vlibs:.', 'CMAKE_PREFIX_PATH': '/opt/ros/indigo', 'LD_LIBRARY_PATH': '/opt/ros/indigo/lib:/opt/ros/indigo/lib/x86_64-linux-gnu:/home/ccc_v1_s54106__48606/lib:/home/ccc_v1_s54106__48606/asn13529_Project_5/asn13530_Project_4/asnlib:/home/vlibs', 'LANG': 'en_US.UTF-8', 'TERM': 'xterm-256color', 'SHELL': '/bin/bash', 'HISTFILE': '/home/ccc_v1_w_dd4cc_18220/.bash_history', 'SHLVL': '2', 'VOC_WORKAREA': '/home/ccc_v1_w_dd4cc_18220/asn13529_Project_5/asn13530_Project_4/work', 'ROS_LOG_FILENAME': '/home/ccc_v1_w_dd4cc_18220/asn13529_Project_5/asn13530_Project_4/work/.ros/log/3e6b0ed0-4e4a-11e7-8b4b-06f360e4abc1/roslaunch-ip-172-31-19-100-3949.log', 'PART1': '/home/ccc_v1_s54106__48606/asn13529_Project_5/asn13530_Project_4', 'ROS_ETC_DIR': '/opt/ros/indigo/etc/ros', 'XDG_RUNTIME_DIR': '/run/user/18220', 'PYTHONPATH': '/opt/ros/indigo/lib/python2.7/dist-packages:/home/vlibs/python', 'VOC_PROXY_WRAPPER_PORT': '5100', 'VOC_XFER_TOKEN': '13620700414354243542135300593ca50988af49.82945354', 'ROS_ROOT': '/opt/ros/indigo/share/ros', 'OLD_HOME': '/home/ccc_v1_w_dd4cc_18220', 'VOC_PROXY_TOKEN': '58104945743542435421353001593ca5098eb1b9.62375301', 'ROS_PACKAGE_PATH': '/opt/ros/indigo/share:/opt/ros/indigo/stacks', 'XDG_SESSION_ID': '323510', '_': '/usr/bin/stdbuf', 'LD_PRELOAD': '/usr/lib/coreutils/libstdbuf.so', '_STDBUF_O': 'L', 'SSH_TTY': '/dev/pts/7', 'OLDPWD': '/home/ccc_v1_w_dd4cc_18220', 'ROSLISP_PACKAGE_DIRECTORIES': '', 'VLIB': '/home/vlibs', 'PWD': '/home/ccc_v1_w_dd4cc_18220/asn13529_Project_5/asn13530_Project_4/work', 'VOC_PROXY_ID': '43542_43542_13530_0_1', 'ROS_MASTER_URI': 'http://localhost:54283', 'MAIL': '/var/mail/ccc_v1_w_dd4cc_18220', 'SSH_CONNECTION': '172.31.7.153 55378 172.31.19.100 22'}
[roslaunch][INFO] 2017-06-10 19:04:04,125: starting in server mode
[roslaunch.parent][INFO] 2017-06-10 19:04:04,128: starting roslaunch parent run
[roslaunch][INFO] 2017-06-10 19:04:04,132: loading roscore config file /opt/ros/indigo/etc/ros/roscore.xml
[roslaunch][INFO] 2017-06-10 19:04:04,257: Added core node of type [rosout/rosout] in namespace [/]
[roslaunch.pmon][INFO] 2017-06-10 19:04:04,258: start_process_monitor: creating ProcessMonitor
[roslaunch.pmon][INFO] 2017-06-10 19:04:04,262: created process monitor <ProcessMonitor(ProcessMonitor-1, initial daemon)>
[roslaunch.pmon][INFO] 2017-06-10 19:04:04,265: start_process_monitor: ProcessMonitor started
[roslaunch.parent][INFO] 2017-06-10 19:04:04,269: starting parent XML-RPC server
[roslaunch.server][INFO] 2017-06-10 19:04:04,272: starting roslaunch XML-RPC server
[roslaunch.server][INFO] 2017-06-10 19:04:04,276: waiting for roslaunch XML-RPC server to initialize
[xmlrpc][INFO] 2017-06-10 19:04:04,276: XML-RPC server binding to 0.0.0.0:0
[xmlrpc][INFO] 2017-06-10 19:04:04,286: Started XML-RPC server [http://ip-172-31-19-100:52405/]
[xmlrpc][INFO] 2017-06-10 19:04:04,289: xml rpc node: starting XML-RPC server
[roslaunch][INFO] 2017-06-10 19:04:04,300: started roslaunch server http://ip-172-31-19-100:52405/
[roslaunch.parent][INFO] 2017-06-10 19:04:04,303: ... parent XML-RPC server started
[roslaunch][INFO] 2017-06-10 19:04:04,307: master.is_running[http://ip-172-31-19-100:54283/]
[roslaunch][INFO] 2017-06-10 19:04:04,315: auto-starting new master
[roslaunch][INFO] 2017-06-10 19:04:04,319: create_master_process: rosmaster, /opt/ros/indigo/share/ros, 54283, 3, None
[roslaunch][INFO] 2017-06-10 19:04:04,322: process[master]: launching with args [['rosmaster', '--core', '-p', '54283', '-w', '3']]
[roslaunch.pmon][INFO] 2017-06-10 19:04:04,326: ProcessMonitor.register[master]
[roslaunch.pmon][INFO] 2017-06-10 19:04:04,329: ProcessMonitor.register[master] complete
[roslaunch][INFO] 2017-06-10 19:04:04,332: process[master]: starting os process
[roslaunch][INFO] 2017-06-10 19:04:04,337: process[master]: start w/ args [['rosmaster', '--core', '-p', '54283', '-w', '3', '__log:=/home/ccc_v1_w_dd4cc_18220/asn13529_Project_5/asn13530_Project_4/work/.ros/log/3e6b0ed0-4e4a-11e7-8b4b-06f360e4abc1/master.log']]
[roslaunch][INFO] 2017-06-10 19:04:04,340: process[master]: cwd will be [/home/ccc_v1_w_dd4cc_18220/asn13529_Project_5/asn13530_Project_4/work/.ros]
[roslaunch][INFO] 2017-06-10 19:04:04,349: process[master]: started with pid [3964]
[roslaunch][INFO] 2017-06-10 19:04:04,350: master.is_running[http://ip-172-31-19-100:54283/]
[roslaunch][INFO] 2017-06-10 19:04:04,455: master.is_running[http://ip-172-31-19-100:54283/]
[roslaunch][INFO] 2017-06-10 19:04:04,559: master.is_running[http://ip-172-31-19-100:54283/]
[roslaunch][INFO] 2017-06-10 19:04:04,565: master.is_running[http://ip-172-31-19-100:54283/]
[roslaunch][INFO] 2017-06-10 19:04:04,570: ROS_MASTER_URI=http://ip-172-31-19-100:54283/
[roslaunch][INFO] 2017-06-10 19:04:04,574: setting /run_id to 3e6b0ed0-4e4a-11e7-8b4b-06f360e4abc1
[roslaunch][INFO] 2017-06-10 19:04:04,582: setting /roslaunch/uris/host_ip_172_31_19_100__52405' to http://ip-172-31-19-100:52405/
[roslaunch][INFO] 2017-06-10 19:04:04,592: ... preparing to launch node of type [rosout/rosout]
[roslaunch][INFO] 2017-06-10 19:04:04,595: create_node_process: package[rosout] type[rosout] machine[Machine(name[] env_loader[None] address[localhost] ssh_port[22] user[None] assignable[True] timeout[10.0])] master_uri[http://ip-172-31-19-100:54283/]
[roslaunch][INFO] 2017-06-10 19:04:04,599: process[rosout-1]: env[{'ROS_DISTRO': 'indigo', 'ASNLIB': '/home/ccc_v1_s54106__48606/asn13529_Project_5/asn13530_Project_4/asnlib', 'LIB': '/home/ccc_v1_s54106__48606/lib', 'VOC_PROXY_TOKEN': '58104945743542435421353001593ca5098eb1b9.62375301', 'SSH_CLIENT': '172.31.7.153 55378 22', 'CPATH': '/opt/ros/indigo/include', 'LOGNAME': 'ccc_v1_w_dd4cc_18220', 'USER': 'ccc_v1_w_dd4cc_18220', 'ROS_NODE_PORT': '54283', 'HOME': '/home/ccc_v1_w_dd4cc_18220/asn13529_Project_5/asn13530_Project_4/work', 'PATH': '/opt/ros/indigo/bin:/usr/local/sbin:/usr/local/bin:/usr/sbin:/usr/bin:/sbin:/bin:/usr/games:/usr/local/games:/home/local/bin:/home/ccc_v1_s54106__48606/lib:/home/ccc_v1_s54106__48606/asn13529_Project_5/asn13530_Project_4/asnlib:/home/vlibs:.', 'CMAKE_PREFIX_PATH': '/opt/ros/indigo', 'ROS_LOG_FILENAME': '/home/ccc_v1_w_dd4cc_18220/asn13529_Project_5/asn13530_Project_4/work/.ros/log/3e6b0ed0-4e4a-11e7-8b4b-06f360e4abc1/roslaunch-ip-172-31-19-100-3949.log', 'LANG': 'en_US.UTF-8', 'TERM': 'xterm-256color', 'SHELL': '/bin/bash', 'HISTFILE': '/home/ccc_v1_w_dd4cc_18220/.bash_history', 'SHLVL': '2', 'VOC_WORKAREA': '/home/ccc_v1_w_dd4cc_18220/asn13529_Project_5/asn13530_Project_4/work', 'LD_LIBRARY_PATH': '/opt/ros/indigo/lib:/opt/ros/indigo/lib/x86_64-linux-gnu:/home/ccc_v1_s54106__48606/lib:/home/ccc_v1_s54106__48606/asn13529_Project_5/asn13530_Project_4/asnlib:/home/vlibs', 'PART1': '/home/ccc_v1_s54106__48606/asn13529_Project_5/asn13530_Project_4', 'ROS_MASTER_URI': 'http://ip-172-31-19-100:54283/', 'XDG_RUNTIME_DIR': '/run/user/18220', 'PYTHONPATH': '/opt/ros/indigo/lib/python2.7/dist-packages:/home/vlibs/python', 'VOC_PROXY_WRAPPER_PORT': '5100', 'VOC_XFER_TOKEN': '13620700414354243542135300593ca50988af49.82945354', 'ROS_ROOT': '/opt/ros/indigo/share/ros', 'OLD_HOME': '/home/ccc_v1_w_dd4cc_18220', 'PKG_CONFIG_PATH': '/opt/ros/indigo/lib/pkgconfig:/opt/ros/indigo/lib/x86_64-linux-gnu/pkgconfig', 'ROS_PACKAGE_PATH': '/opt/ros/indigo/share:/opt/ros/indigo/stacks', 'XDG_SESSION_ID': '323510', '_': '/usr/bin/stdbuf', 'LD_PRELOAD': '/usr/lib/coreutils/libstdbuf.so', '_STDBUF_O': 'L', 'SSH_TTY': '/dev/pts/7', 'OLDPWD': '/home/ccc_v1_w_dd4cc_18220', 'ROSLISP_PACKAGE_DIRECTORIES': '', 'VLIB': '/home/vlibs', 'PWD': '/home/ccc_v1_w_dd4cc_18220/asn13529_Project_5/asn13530_Project_4/work', 'VOC_PROXY_ID': '43542_43542_13530_0_1', 'ROS_ETC_DIR': '/opt/ros/indigo/etc/ros', 'MAIL': '/var/mail/ccc_v1_w_dd4cc_18220', 'SSH_CONNECTION': '172.31.7.153 55378 172.31.19.100 22'}]
[roslaunch][INFO] 2017-06-10 19:04:04,634: process[rosout-1]: args[[u'/opt/ros/indigo/lib/rosout/rosout', u'__name:=rosout']]
[roslaunch][INFO] 2017-06-10 19:04:04,638: ... created process [rosout-1]
[roslaunch.pmon][INFO] 2017-06-10 19:04:04,641: ProcessMonitor.register[rosout-1]
[roslaunch.pmon][INFO] 2017-06-10 19:04:04,645: ProcessMonitor.register[rosout-1] complete
[roslaunch][INFO] 2017-06-10 19:04:04,649: ... registered process [rosout-1]
[roslaunch][INFO] 2017-06-10 19:04:04,653: process[rosout-1]: starting os process
[roslaunch][INFO] 2017-06-10 19:04:04,658: process[rosout-1]: start w/ args [[u'/opt/ros/indigo/lib/rosout/rosout', u'__name:=rosout', u'__log:=/home/ccc_v1_w_dd4cc_18220/asn13529_Project_5/asn13530_Project_4/work/.ros/log/3e6b0ed0-4e4a-11e7-8b4b-06f360e4abc1/rosout-1.log']]
[roslaunch][INFO] 2017-06-10 19:04:04,662: process[rosout-1]: cwd will be [/home/ccc_v1_w_dd4cc_18220/asn13529_Project_5/asn13530_Project_4/work/.ros]
[roslaunch][INFO] 2017-06-10 19:04:04,670: process[rosout-1]: started with pid [3978]
[roslaunch][INFO] 2017-06-10 19:04:04,671: ... successfully launched [rosout-1]
[roslaunch][INFO] 2017-06-10 19:04:04,675: load_parameters starting ...
[roslaunch][INFO] 2017-06-10 19:04:04,689: ... load_parameters complete
[roslaunch][INFO] 2017-06-10 19:04:04,692: launch_nodes: launching local nodes ...
[roslaunch][INFO] 2017-06-10 19:04:04,696: ... launch_nodes complete
[roslaunch.pmon][INFO] 2017-06-10 19:04:04,699: registrations completed <ProcessMonitor(ProcessMonitor-1, started daemon 139877197215488)>
[roslaunch.parent][INFO] 2017-06-10 19:04:04,703: ... roslaunch parent running, waiting for process exit
[roslaunch][INFO] 2017-06-10 19:04:04,706: spin
