[rosmaster.main][INFO] 2017-06-09 23:40:51,776: initialization complete, waiting for shutdown
[rosmaster.main][INFO] 2017-06-09 23:40:51,777: Starting ROS Master Node
[xmlrpc][INFO] 2017-06-09 23:40:51,781: XML-RPC server binding to 0.0.0.0:60180
[xmlrpc][INFO] 2017-06-09 23:40:51,784: Started XML-RPC server [http://ip-172-31-19-100:60180/]
[rosmaster.master][INFO] 2017-06-09 23:40:51,785: Master initialized: port[60180], uri[http://ip-172-31-19-100:60180/]
[xmlrpc][INFO] 2017-06-09 23:40:51,788: xml rpc node: starting XML-RPC server
[rosmaster.master][INFO] 2017-06-09 23:40:51,879: +PARAM [/run_id] by /roslaunch
[rosmaster.master][INFO] 2017-06-09 23:40:51,887: +PARAM [/roslaunch/uris/host_ip_172_31_19_100__43491] by /roslaunch
[rosmaster.master][INFO] 2017-06-09 23:40:51,977: +PARAM [/rosversion] by /roslaunch
[rosmaster.master][INFO] 2017-06-09 23:40:51,980: +PARAM [/rosdistro] by /roslaunch
[rosmaster.master][INFO] 2017-06-09 23:40:52,004: +SERVICE [/rosout/get_loggers] /rosout http://ip-172-31-19-100:35430/
[rosmaster.master][INFO] 2017-06-09 23:40:52,015: +SERVICE [/rosout/set_logger_level] /rosout http://ip-172-31-19-100:35430/
[rosmaster.master][INFO] 2017-06-09 23:40:52,021: +PUB [/rosout_agg] /rosout http://ip-172-31-19-100:35430/
[rosmaster.master][INFO] 2017-06-09 23:40:52,029: +SUB [/rosout] /rosout http://ip-172-31-19-100:35430/
[rosmaster.master][INFO] 2017-06-09 23:40:52,389: +PUB [/rosout] /tf2_web_republisher http://ip-172-31-19-100:60732/
[rosmaster.master][INFO] 2017-06-09 23:40:52,394: +SERVICE [/tf2_web_republisher/get_loggers] /tf2_web_republisher http://ip-172-31-19-100:60732/
[rosmaster.master][INFO] 2017-06-09 23:40:52,398: +SERVICE [/tf2_web_republisher/set_logger_level] /tf2_web_republisher http://ip-172-31-19-100:60732/
[rosmaster.master][INFO] 2017-06-09 23:40:52,405: +SUB [/tf] /tf2_web_republisher http://ip-172-31-19-100:60732/
[rosmaster.master][INFO] 2017-06-09 23:40:52,412: +SUB [/tf_static] /tf2_web_republisher http://ip-172-31-19-100:60732/
[rosmaster.master][INFO] 2017-06-09 23:40:52,416: +SERVICE [/republish_tfs] /tf2_web_republisher http://ip-172-31-19-100:60732/
[rosmaster.master][INFO] 2017-06-09 23:40:52,421: +PUB [/tf2_web_republisher/result] /tf2_web_republisher http://ip-172-31-19-100:60732/
[rosmaster.master][INFO] 2017-06-09 23:40:52,425: +PUB [/tf2_web_republisher/feedback] /tf2_web_republisher http://ip-172-31-19-100:60732/
[rosmaster.master][INFO] 2017-06-09 23:40:52,429: +PUB [/tf2_web_republisher/status] /tf2_web_republisher http://ip-172-31-19-100:60732/
[rosmaster.master][INFO] 2017-06-09 23:40:52,438: +SUB [/tf2_web_republisher/goal] /tf2_web_republisher http://ip-172-31-19-100:60732/
[rosmaster.master][INFO] 2017-06-09 23:40:52,445: +SUB [/tf2_web_republisher/cancel] /tf2_web_republisher http://ip-172-31-19-100:60732/
[rosmaster.master][INFO] 2017-06-09 23:40:52,482: publisherUpdate[/rosout] -> http://ip-172-31-19-100:35430/
[rosmaster.master][INFO] 2017-06-09 23:40:53,855: +PARAM [/roslaunch/uris/host_ip_172_31_19_100__37839] by /roslaunch
[rosmaster.master][INFO] 2017-06-09 23:40:53,862: +PARAM [/rosbridge_websocket/port] by /roslaunch
[rosmaster.master][INFO] 2017-06-09 23:40:53,866: +PARAM [/rosdistro] by /roslaunch
[rosmaster.master][INFO] 2017-06-09 23:40:53,869: +PARAM [/rosbridge_websocket/fragment_timeout] by /roslaunch
[rosmaster.master][INFO] 2017-06-09 23:40:53,872: +PARAM [/rosbridge_websocket/delay_between_messages] by /roslaunch
[rosmaster.master][INFO] 2017-06-09 23:40:53,876: +PARAM [/rosversion] by /roslaunch
[rosmaster.master][INFO] 2017-06-09 23:40:53,879: +PARAM [/rosbridge_websocket/authenticate] by /roslaunch
[rosmaster.master][INFO] 2017-06-09 23:40:53,883: +PARAM [/rosbridge_websocket/retry_startup_delay] by /roslaunch
[rosmaster.master][INFO] 2017-06-09 23:40:53,887: +PARAM [/rosbridge_websocket/address] by /roslaunch
[rosmaster.master][INFO] 2017-06-09 23:40:53,890: +PARAM [/rosbridge_websocket/max_message_size] by /roslaunch
[rosmaster.master][INFO] 2017-06-09 23:40:54,403: +PUB [/rosout] /interactive_marker_proxy http://ip-172-31-19-100:43383/
[rosmaster.master][INFO] 2017-06-09 23:40:54,408: +SERVICE [/interactive_marker_proxy/get_loggers] /interactive_marker_proxy http://ip-172-31-19-100:43383/
[rosmaster.master][INFO] 2017-06-09 23:40:54,412: +SERVICE [/interactive_marker_proxy/set_logger_level] /interactive_marker_proxy http://ip-172-31-19-100:43383/
[rosmaster.master][INFO] 2017-06-09 23:40:54,416: +PUB [/rosout] /rosapi http://ip-172-31-19-100:55552/
[rosmaster.master][INFO] 2017-06-09 23:40:54,421: +SUB [/tf] /interactive_marker_proxy http://ip-172-31-19-100:43383/
[rosmaster.master][INFO] 2017-06-09 23:40:54,429: +SUB [/tf_static] /interactive_marker_proxy http://ip-172-31-19-100:43383/
[rosmaster.master][INFO] 2017-06-09 23:40:54,433: +SERVICE [/rosapi/get_loggers] /rosapi http://ip-172-31-19-100:55552/
[rosmaster.master][INFO] 2017-06-09 23:40:54,438: +SUB [/control_markers/update] /interactive_marker_proxy http://ip-172-31-19-100:43383/
[rosmaster.master][INFO] 2017-06-09 23:40:54,441: +SERVICE [/rosapi/set_logger_level] /rosapi http://ip-172-31-19-100:55552/
[rosmaster.master][INFO] 2017-06-09 23:40:54,445: +SUB [/control_markers/update_full] /interactive_marker_proxy http://ip-172-31-19-100:43383/
[rosmaster.master][INFO] 2017-06-09 23:40:54,449: +SERVICE [/rosapi/topics] /rosapi http://ip-172-31-19-100:55552/
[rosmaster.master][INFO] 2017-06-09 23:40:54,453: +PUB [/control_markers/tunneled/update] /interactive_marker_proxy http://ip-172-31-19-100:43383/
[rosmaster.master][INFO] 2017-06-09 23:40:54,457: +SERVICE [/rosapi/topics_for_type] /rosapi http://ip-172-31-19-100:55552/
[rosmaster.master][INFO] 2017-06-09 23:40:54,461: +SERVICE [/control_markers/tunneled/get_init] /interactive_marker_proxy http://ip-172-31-19-100:43383/
[rosmaster.master][INFO] 2017-06-09 23:40:54,465: +SERVICE [/rosapi/services] /rosapi http://ip-172-31-19-100:55552/
[rosmaster.master][INFO] 2017-06-09 23:40:54,470: +SERVICE [/rosapi/services_for_type] /rosapi http://ip-172-31-19-100:55552/
[rosmaster.master][INFO] 2017-06-09 23:40:54,474: +SERVICE [/rosapi/nodes] /rosapi http://ip-172-31-19-100:55552/
[rosmaster.master][INFO] 2017-06-09 23:40:54,479: +SERVICE [/rosapi/node_details] /rosapi http://ip-172-31-19-100:55552/
[rosmaster.master][INFO] 2017-06-09 23:40:54,484: +SERVICE [/rosapi/topic_type] /rosapi http://ip-172-31-19-100:55552/
[rosmaster.master][INFO] 2017-06-09 23:40:54,485: publisherUpdate[/rosout] -> http://ip-172-31-19-100:35430/
[rosmaster.master][INFO] 2017-06-09 23:40:54,494: +SERVICE [/rosapi/service_type] /rosapi http://ip-172-31-19-100:55552/
[rosmaster.master][INFO] 2017-06-09 23:40:54,497: publisherUpdate[/rosout] -> http://ip-172-31-19-100:35430/
[rosmaster.master][INFO] 2017-06-09 23:40:54,501: -SUB [/control_markers/update_full] /interactive_marker_proxy http://ip-172-31-19-100:43383/
[rosmaster.master][INFO] 2017-06-09 23:40:54,508: +SERVICE [/rosapi/publishers] /rosapi http://ip-172-31-19-100:55552/
[rosmaster.master][INFO] 2017-06-09 23:40:54,513: +SERVICE [/rosapi/subscribers] /rosapi http://ip-172-31-19-100:55552/
[rosmaster.master][INFO] 2017-06-09 23:40:54,517: +SERVICE [/rosapi/service_providers] /rosapi http://ip-172-31-19-100:55552/
[rosmaster.master][INFO] 2017-06-09 23:40:54,522: +SERVICE [/rosapi/service_node] /rosapi http://ip-172-31-19-100:55552/
[rosmaster.master][INFO] 2017-06-09 23:40:54,527: +SERVICE [/rosapi/service_host] /rosapi http://ip-172-31-19-100:55552/
[rosmaster.master][INFO] 2017-06-09 23:40:54,532: +SERVICE [/rosapi/message_details] /rosapi http://ip-172-31-19-100:55552/
[rosmaster.master][INFO] 2017-06-09 23:40:54,536: +SERVICE [/rosapi/service_request_details] /rosapi http://ip-172-31-19-100:55552/
[rosmaster.master][INFO] 2017-06-09 23:40:54,541: +PUB [/rosout] /rosbridge_websocket http://ip-172-31-19-100:42488/
[rosmaster.master][INFO] 2017-06-09 23:40:54,545: +SERVICE [/rosapi/service_response_details] /rosapi http://ip-172-31-19-100:55552/
[rosmaster.master][INFO] 2017-06-09 23:40:54,550: +SERVICE [/rosapi/set_param] /rosapi http://ip-172-31-19-100:55552/
[rosmaster.master][INFO] 2017-06-09 23:40:54,556: +SERVICE [/rosapi/get_param] /rosapi http://ip-172-31-19-100:55552/
[rosmaster.master][INFO] 2017-06-09 23:40:54,560: +SERVICE [/rosbridge_websocket/get_loggers] /rosbridge_websocket http://ip-172-31-19-100:42488/
[rosmaster.master][INFO] 2017-06-09 23:40:54,564: +SERVICE [/rosapi/has_param] /rosapi http://ip-172-31-19-100:55552/
[rosmaster.master][INFO] 2017-06-09 23:40:54,567: +SERVICE [/rosbridge_websocket/set_logger_level] /rosbridge_websocket http://ip-172-31-19-100:42488/
[rosmaster.master][INFO] 2017-06-09 23:40:54,571: +SERVICE [/rosapi/search_param] /rosapi http://ip-172-31-19-100:55552/
[rosmaster.master][INFO] 2017-06-09 23:40:54,576: +SERVICE [/rosapi/delete_param] /rosapi http://ip-172-31-19-100:55552/
[rosmaster.master][INFO] 2017-06-09 23:40:54,581: +SERVICE [/rosapi/get_param_names] /rosapi http://ip-172-31-19-100:55552/
[rosmaster.master][INFO] 2017-06-09 23:40:54,585: +SERVICE [/rosapi/get_time] /rosapi http://ip-172-31-19-100:55552/
[rosmaster.master][INFO] 2017-06-09 23:40:54,586: publisherUpdate[/rosout] -> http://ip-172-31-19-100:35430/
[rosmaster.master][INFO] 2017-06-09 23:40:56,184: +PARAM [/roslaunch/uris/host_ip_172_31_19_100__35150] by /roslaunch
[rosmaster.master][INFO] 2017-06-09 23:40:56,200: +PARAM [/robot_description_kinematics/lwr_arm/kinematics_solver] by /roslaunch
[rosmaster.master][INFO] 2017-06-09 23:40:56,203: +PARAM [/move_group/planner_configs/RRTkConfigDefault/goal_bias] by /roslaunch
[rosmaster.master][INFO] 2017-06-09 23:40:56,207: +PARAM [/robot_description_semantic] by /roslaunch
[rosmaster.master][INFO] 2017-06-09 23:40:56,217: +PARAM [/robot_description_kinematics/lwr_arm/kinematics_solver_attempts] by /roslaunch
[rosmaster.master][INFO] 2017-06-09 23:40:56,220: +PARAM [/robot_description_planning/joint_limits/lwr_arm_6_joint/max_acceleration] by /roslaunch
[rosmaster.master][INFO] 2017-06-09 23:40:56,224: +PARAM [/robot_description_planning/joint_limits/lwr_arm_5_joint/has_acceleration_limits] by /roslaunch
[rosmaster.master][INFO] 2017-06-09 23:40:56,227: +PARAM [/move_group/planner_configs/RRTstarkConfigDefault/range] by /roslaunch
[rosmaster.master][INFO] 2017-06-09 23:40:56,231: +PARAM [/robot_description_planning/joint_limits/lwr_arm_0_joint/max_acceleration] by /roslaunch
[rosmaster.master][INFO] 2017-06-09 23:40:56,234: +PARAM [/robot_description_planning/joint_limits/lwr_arm_0_joint/has_velocity_limits] by /roslaunch
[rosmaster.master][INFO] 2017-06-09 23:40:56,238: +PARAM [/move_group/max_safe_path_cost] by /roslaunch
[rosmaster.master][INFO] 2017-06-09 23:40:56,241: +PARAM [/move_group/planner_configs/RRTstarkConfigDefault/goal_bias] by /roslaunch
[rosmaster.master][INFO] 2017-06-09 23:40:56,245: +PARAM [/move_group/planning_scene_monitor/publish_planning_scene] by /roslaunch
[rosmaster.master][INFO] 2017-06-09 23:40:56,248: +PARAM [/move_group/planner_configs/PRMkConfigDefault/type] by /roslaunch
[rosmaster.master][INFO] 2017-06-09 23:40:56,251: +PARAM [/move_group/planner_configs/ESTkConfigDefault/range] by /roslaunch
[rosmaster.master][INFO] 2017-06-09 23:40:56,255: +PARAM [/robot_description_planning/joint_limits/lwr_arm_2_joint/max_acceleration] by /roslaunch
[rosmaster.master][INFO] 2017-06-09 23:40:56,258: +PARAM [/move_group/planner_configs/KPIECEkConfigDefault/min_valid_path_fraction] by /roslaunch
[rosmaster.master][INFO] 2017-06-09 23:40:56,262: +PARAM [/move_group/planner_configs/BKPIECEkConfigDefault/border_fraction] by /roslaunch
[rosmaster.master][INFO] 2017-06-09 23:40:56,265: +PARAM [/move_group/planner_configs/PRMkConfigDefault/max_nearest_neighbors] by /roslaunch
[rosmaster.master][INFO] 2017-06-09 23:40:56,269: +PARAM [/move_group/planner_configs/TRRTkConfigDefault/goal_bias] by /roslaunch
[rosmaster.master][INFO] 2017-06-09 23:40:56,272: +PARAM [/move_group/planner_configs/BKPIECEkConfigDefault/min_valid_path_fraction] by /roslaunch
[rosmaster.master][INFO] 2017-06-09 23:40:56,275: +PARAM [/robot_description_planning/joint_limits/lwr_arm_2_joint/has_velocity_limits] by /roslaunch
[rosmaster.master][INFO] 2017-06-09 23:40:56,279: +PARAM [/robot_description_planning/joint_limits/lwr_arm_3_joint/max_velocity] by /roslaunch
[rosmaster.master][INFO] 2017-06-09 23:40:56,283: +PARAM [/robot_description_planning/joint_limits/lwr_arm_4_joint/max_acceleration] by /roslaunch
[rosmaster.master][INFO] 2017-06-09 23:40:56,287: +PARAM [/robot_description_planning/joint_limits/lwr_arm_0_joint/max_velocity] by /roslaunch
[rosmaster.master][INFO] 2017-06-09 23:40:56,291: +PARAM [/move_group/planner_configs/SBLkConfigDefault/range] by /roslaunch
[rosmaster.master][INFO] 2017-06-09 23:40:56,294: +PARAM [/move_group/planner_configs/TRRTkConfigDefault/frountierNodeRatio] by /roslaunch
[rosmaster.master][INFO] 2017-06-09 23:40:56,298: +PARAM [/robot_description_planning/joint_limits/lwr_arm_6_joint/has_acceleration_limits] by /roslaunch
[rosmaster.master][INFO] 2017-06-09 23:40:56,302: +PARAM [/move_group/planning_plugin] by /roslaunch
[rosmaster.master][INFO] 2017-06-09 23:40:56,305: +PARAM [/move_group/planning_scene_monitor/publish_geometry_updates] by /roslaunch
[rosmaster.master][INFO] 2017-06-09 23:40:56,309: +PARAM [/robot_description_planning/joint_limits/lwr_arm_3_joint/max_acceleration] by /roslaunch
[rosmaster.master][INFO] 2017-06-09 23:40:56,312: +PARAM [/move_group/planner_configs/TRRTkConfigDefault/max_states_failed] by /roslaunch
[rosmaster.master][INFO] 2017-06-09 23:40:56,316: +PARAM [/robot_description_planning/joint_limits/lwr_arm_3_joint/has_velocity_limits] by /roslaunch
[rosmaster.master][INFO] 2017-06-09 23:40:56,325: +PARAM [/robot_description_kinematics/lwr_arm/kinematics_solver_timeout] by /roslaunch
[rosmaster.master][INFO] 2017-06-09 23:40:56,328: +PARAM [/move_group/lwr_arm/projection_evaluator] by /roslaunch
[rosmaster.master][INFO] 2017-06-09 23:40:56,332: +PARAM [/robot_description_planning/joint_limits/lwr_arm_1_joint/has_acceleration_limits] by /roslaunch
[rosmaster.master][INFO] 2017-06-09 23:40:56,335: +PARAM [/rosdistro] by /roslaunch
[rosmaster.master][INFO] 2017-06-09 23:40:56,338: +PARAM [/robot_description_planning/joint_limits/lwr_arm_5_joint/max_velocity] by /roslaunch
[rosmaster.master][INFO] 2017-06-09 23:40:56,342: +PARAM [/move_group/planner_configs/PRMstarkConfigDefault/type] by /roslaunch
[rosmaster.master][INFO] 2017-06-09 23:40:56,345: +PARAM [/move_group/planner_configs/RRTkConfigDefault/range] by /roslaunch
[rosmaster.master][INFO] 2017-06-09 23:40:56,348: +PARAM [/move_group/allow_trajectory_execution] by /roslaunch
[rosmaster.master][INFO] 2017-06-09 23:40:56,352: +PARAM [/move_group/lwr_arm/planner_configs] by /roslaunch
[rosmaster.master][INFO] 2017-06-09 23:40:56,355: +PARAM [/move_group/planner_configs/ESTkConfigDefault/type] by /roslaunch
[rosmaster.master][INFO] 2017-06-09 23:40:56,359: +PARAM [/move_group/start_state_max_bounds_error] by /roslaunch
[rosmaster.master][INFO] 2017-06-09 23:40:56,362: +PARAM [/move_group/planner_configs/TRRTkConfigDefault/init_temperature] by /roslaunch
[rosmaster.master][INFO] 2017-06-09 23:40:56,365: +PARAM [/move_group/planner_configs/BKPIECEkConfigDefault/type] by /roslaunch
[rosmaster.master][INFO] 2017-06-09 23:40:56,369: +PARAM [/move_group/planner_configs/KPIECEkConfigDefault/border_fraction] by /roslaunch
[rosmaster.master][INFO] 2017-06-09 23:40:56,373: +PARAM [/robot_description_planning/joint_limits/lwr_arm_4_joint/has_velocity_limits] by /roslaunch
[rosmaster.master][INFO] 2017-06-09 23:40:56,376: +PARAM [/move_group/planner_configs/ESTkConfigDefault/goal_bias] by /roslaunch
[rosmaster.master][INFO] 2017-06-09 23:40:56,380: +PARAM [/move_group/planner_configs/LBKPIECEkConfigDefault/border_fraction] by /roslaunch
[rosmaster.master][INFO] 2017-06-09 23:40:56,384: +PARAM [/move_group/jiggle_fraction] by /roslaunch
[rosmaster.master][INFO] 2017-06-09 23:40:56,388: +PARAM [/move_group/planner_configs/TRRTkConfigDefault/range] by /roslaunch
[rosmaster.master][INFO] 2017-06-09 23:40:56,391: +PARAM [/move_group/planning_scene_monitor/publish_state_updates] by /roslaunch
[rosmaster.master][INFO] 2017-06-09 23:40:56,395: +PARAM [/move_group/planner_configs/TRRTkConfigDefault/temp_change_factor] by /roslaunch
[rosmaster.master][INFO] 2017-06-09 23:40:56,398: +PARAM [/robot_description_planning/joint_limits/lwr_arm_6_joint/max_velocity] by /roslaunch
[rosmaster.master][INFO] 2017-06-09 23:40:56,402: +PARAM [/robot_description_planning/joint_limits/lwr_arm_1_joint/max_velocity] by /roslaunch
[rosmaster.master][INFO] 2017-06-09 23:40:56,405: +PARAM [/move_group/planner_configs/SBLkConfigDefault/type] by /roslaunch
[rosmaster.master][INFO] 2017-06-09 23:40:56,409: +PARAM [/robot_description] by /roslaunch
[rosmaster.master][INFO] 2017-06-09 23:40:56,412: +PARAM [/move_group/capabilities] by /roslaunch
[rosmaster.master][INFO] 2017-06-09 23:40:56,415: +PARAM [/move_group/planner_configs/LBKPIECEkConfigDefault/range] by /roslaunch
[rosmaster.master][INFO] 2017-06-09 23:40:56,419: +PARAM [/robot_description_planning/joint_limits/lwr_arm_5_joint/max_acceleration] by /roslaunch
[rosmaster.master][INFO] 2017-06-09 23:40:56,422: +PARAM [/move_group/planner_configs/KPIECEkConfigDefault/range] by /roslaunch
[rosmaster.master][INFO] 2017-06-09 23:40:56,433: +PARAM [/move_group/planner_configs/BKPIECEkConfigDefault/range] by /roslaunch
[rosmaster.master][INFO] 2017-06-09 23:40:56,436: +PARAM [/move_group/planner_configs/TRRTkConfigDefault/type] by /roslaunch
[rosmaster.master][INFO] 2017-06-09 23:40:56,440: +PARAM [/move_group/planner_configs/KPIECEkConfigDefault/goal_bias] by /roslaunch
[rosmaster.master][INFO] 2017-06-09 23:40:56,443: +PARAM [/move_group/planner_configs/RRTConnectkConfigDefault/range] by /roslaunch
[rosmaster.master][INFO] 2017-06-09 23:40:56,447: +PARAM [/move_group/request_adapters] by /roslaunch
[rosmaster.master][INFO] 2017-06-09 23:40:56,450: +PARAM [/move_group/planner_configs/TRRTkConfigDefault/min_temperature] by /roslaunch
[rosmaster.master][INFO] 2017-06-09 23:40:56,454: +PARAM [/robot_description_planning/joint_limits/lwr_arm_6_joint/has_velocity_limits] by /roslaunch
[rosmaster.master][INFO] 2017-06-09 23:40:56,457: +PARAM [/robot_description_planning/joint_limits/lwr_arm_1_joint/has_velocity_limits] by /roslaunch
[rosmaster.master][INFO] 2017-06-09 23:40:56,461: +PARAM [/move_group/planner_configs/KPIECEkConfigDefault/failed_expansion_score_factor] by /roslaunch
[rosmaster.master][INFO] 2017-06-09 23:40:56,464: +PARAM [/move_group/planning_scene_monitor/publish_transforms_updates] by /roslaunch
[rosmaster.master][INFO] 2017-06-09 23:40:56,468: +PARAM [/robot_description_planning/joint_limits/lwr_arm_5_joint/has_velocity_limits] by /roslaunch
[rosmaster.master][INFO] 2017-06-09 23:40:56,471: +PARAM [/robot_description_planning/joint_limits/lwr_arm_3_joint/has_acceleration_limits] by /roslaunch
[rosmaster.master][INFO] 2017-06-09 23:40:56,475: +PARAM [/move_group/planner_configs/RRTstarkConfigDefault/type] by /roslaunch
[rosmaster.master][INFO] 2017-06-09 23:40:56,479: +PARAM [/move_group/lwr_arm/longest_valid_segment_fraction] by /roslaunch
[rosmaster.master][INFO] 2017-06-09 23:40:56,482: +PARAM [/move_group/planner_configs/RRTstarkConfigDefault/delay_collision_checking] by /roslaunch
[rosmaster.master][INFO] 2017-06-09 23:40:56,487: +PARAM [/move_group/planner_configs/KPIECEkConfigDefault/type] by /roslaunch
[rosmaster.master][INFO] 2017-06-09 23:40:56,491: +PARAM [/robot_description_kinematics/lwr_arm/kinematics_solver_search_resolution] by /roslaunch
[rosmaster.master][INFO] 2017-06-09 23:40:56,494: +PARAM [/move_group/planner_configs/RRTConnectkConfigDefault/type] by /roslaunch
[rosmaster.master][INFO] 2017-06-09 23:40:56,497: +PARAM [/robot_description_planning/joint_limits/lwr_arm_2_joint/has_acceleration_limits] by /roslaunch
[rosmaster.master][INFO] 2017-06-09 23:40:56,501: +PARAM [/move_group/planner_configs/BKPIECEkConfigDefault/failed_expansion_score_factor] by /roslaunch
[rosmaster.master][INFO] 2017-06-09 23:40:56,504: +PARAM [/robot_description_planning/joint_limits/lwr_arm_2_joint/max_velocity] by /roslaunch
[rosmaster.master][INFO] 2017-06-09 23:40:56,508: +PARAM [/move_group/planner_configs/LBKPIECEkConfigDefault/min_valid_path_fraction] by /roslaunch
[rosmaster.master][INFO] 2017-06-09 23:40:56,511: +PARAM [/rosversion] by /roslaunch
[rosmaster.master][INFO] 2017-06-09 23:40:56,515: +PARAM [/robot_description_planning/joint_limits/lwr_arm_4_joint/max_velocity] by /roslaunch
[rosmaster.master][INFO] 2017-06-09 23:40:56,519: +PARAM [/robot_description_planning/joint_limits/lwr_arm_4_joint/has_acceleration_limits] by /roslaunch
[rosmaster.master][INFO] 2017-06-09 23:40:56,522: +PARAM [/robot_description_planning/joint_limits/lwr_arm_0_joint/has_acceleration_limits] by /roslaunch
[rosmaster.master][INFO] 2017-06-09 23:40:56,528: +PARAM [/robot_description_planning/joint_limits/lwr_arm_1_joint/max_acceleration] by /roslaunch
[rosmaster.master][INFO] 2017-06-09 23:40:56,531: +PARAM [/move_group/planner_configs/TRRTkConfigDefault/k_constant] by /roslaunch
[rosmaster.master][INFO] 2017-06-09 23:40:56,535: +PARAM [/move_group/planner_configs/TRRTkConfigDefault/frountier_threshold] by /roslaunch
[rosmaster.master][INFO] 2017-06-09 23:40:56,538: +PARAM [/move_group/planner_configs/LBKPIECEkConfigDefault/type] by /roslaunch
[rosmaster.master][INFO] 2017-06-09 23:40:56,542: +PARAM [/move_group/planner_configs/RRTkConfigDefault/type] by /roslaunch
[rosmaster.master][INFO] 2017-06-09 23:40:56,867: +PUB [/rosout] /robot_sim http://ip-172-31-19-100:57153/
[rosmaster.master][INFO] 2017-06-09 23:40:56,871: +SERVICE [/robot_sim/get_loggers] /robot_sim http://ip-172-31-19-100:57153/
[rosmaster.master][INFO] 2017-06-09 23:40:56,876: +SERVICE [/robot_sim/set_logger_level] /robot_sim http://ip-172-31-19-100:57153/
[rosmaster.master][INFO] 2017-06-09 23:40:56,890: +PUB [/joint_states] /robot_sim http://ip-172-31-19-100:57153/
[rosmaster.master][INFO] 2017-06-09 23:40:56,900: +SUB [/joint_velocities] /robot_sim http://ip-172-31-19-100:57153/
[rosmaster.master][INFO] 2017-06-09 23:40:56,901: publisherUpdate[/rosout] -> http://ip-172-31-19-100:35430/
[rosmaster.master][INFO] 2017-06-09 23:40:56,906: +PUB [/rosout] /robot_state_publisher http://ip-172-31-19-100:40573/
[rosmaster.master][INFO] 2017-06-09 23:40:56,908: publisherUpdate[/rosout] -> http://ip-172-31-19-100:35430/
[rosmaster.master][INFO] 2017-06-09 23:40:56,911: +SUB [/joint_positions] /robot_sim http://ip-172-31-19-100:57153/
[rosmaster.master][INFO] 2017-06-09 23:40:56,919: +SERVICE [/robot_state_publisher/get_loggers] /robot_state_publisher http://ip-172-31-19-100:40573/
[rosmaster.master][INFO] 2017-06-09 23:40:56,924: +SERVICE [/robot_state_publisher/set_logger_level] /robot_state_publisher http://ip-172-31-19-100:40573/
[rosmaster.master][INFO] 2017-06-09 23:40:56,927: +SUB [/joint_command] /robot_sim http://ip-172-31-19-100:57153/
[rosmaster.master][INFO] 2017-06-09 23:40:56,933: +PUB [/tf] /robot_state_publisher http://ip-172-31-19-100:40573/
[rosmaster.master][INFO] 2017-06-09 23:40:56,937: +SUB [/joint_trajectory] /robot_sim http://ip-172-31-19-100:57153/
[rosmaster.master][INFO] 2017-06-09 23:40:56,941: +PUB [/tf_static] /robot_state_publisher http://ip-172-31-19-100:40573/
[rosmaster.master][INFO] 2017-06-09 23:40:56,953: +SUB [/joint_states] /robot_state_publisher http://ip-172-31-19-100:40573/
[rosmaster.master][INFO] 2017-06-09 23:40:57,005: publisherUpdate[/tf] -> http://ip-172-31-19-100:60732/
[rosmaster.master][INFO] 2017-06-09 23:40:57,009: publisherUpdate[/tf] -> http://ip-172-31-19-100:43383/
[rosmaster.master][INFO] 2017-06-09 23:40:57,018: publisherUpdate[/tf_static] -> http://ip-172-31-19-100:60732/
[rosmaster.master][INFO] 2017-06-09 23:40:57,020: publisherUpdate[/tf_static] -> http://ip-172-31-19-100:43383/
[rosmaster.master][INFO] 2017-06-09 23:40:57,104: +PUB [/rosout] /move_group http://ip-172-31-19-100:59061/
[rosmaster.master][INFO] 2017-06-09 23:40:57,108: +SERVICE [/move_group/get_loggers] /move_group http://ip-172-31-19-100:59061/
[rosmaster.master][INFO] 2017-06-09 23:40:57,113: +SERVICE [/move_group/set_logger_level] /move_group http://ip-172-31-19-100:59061/
[rosmaster.master][INFO] 2017-06-09 23:40:57,116: publisherUpdate[/rosout] -> http://ip-172-31-19-100:35430/
[rosmaster.master][INFO] 2017-06-09 23:40:57,126: +SUB [/tf] /move_group http://ip-172-31-19-100:59061/
[rosmaster.master][INFO] 2017-06-09 23:40:57,134: +SUB [/tf_static] /move_group http://ip-172-31-19-100:59061/
[rosmaster.master][INFO] 2017-06-09 23:40:57,322: +SERVICE [/move_group/planning_scene_monitor/set_parameters] /move_group http://ip-172-31-19-100:59061/
[rosmaster.master][INFO] 2017-06-09 23:40:57,327: +PUB [/move_group/planning_scene_monitor/parameter_descriptions] /move_group http://ip-172-31-19-100:59061/
[rosmaster.master][INFO] 2017-06-09 23:40:57,332: +PUB [/move_group/planning_scene_monitor/parameter_updates] /move_group http://ip-172-31-19-100:59061/
[rosmaster.master][INFO] 2017-06-09 23:40:57,340: +PARAM [/move_group/planning_scene_monitor/publish_planning_scene] by /move_group
[rosmaster.master][INFO] 2017-06-09 23:40:57,344: +PARAM [/move_group/planning_scene_monitor/publish_planning_scene_hz] by /move_group
[rosmaster.master][INFO] 2017-06-09 23:40:57,349: +PARAM [/move_group/planning_scene_monitor/publish_geometry_updates] by /move_group
[rosmaster.master][INFO] 2017-06-09 23:40:57,353: +PARAM [/move_group/planning_scene_monitor/publish_state_updates] by /move_group
[rosmaster.master][INFO] 2017-06-09 23:40:57,357: +PARAM [/move_group/planning_scene_monitor/publish_transforms_updates] by /move_group
[rosmaster.master][INFO] 2017-06-09 23:40:57,362: +PUB [/move_group/monitored_planning_scene] /move_group http://ip-172-31-19-100:59061/
[rosmaster.master][INFO] 2017-06-09 23:40:57,366: +PARAM [/move_group/planning_scene_monitor/publish_planning_scene] by /move_group
[rosmaster.master][INFO] 2017-06-09 23:40:57,370: +PARAM [/move_group/planning_scene_monitor/publish_planning_scene_hz] by /move_group
[rosmaster.master][INFO] 2017-06-09 23:40:57,375: +PARAM [/move_group/planning_scene_monitor/publish_geometry_updates] by /move_group
[rosmaster.master][INFO] 2017-06-09 23:40:57,379: +PARAM [/move_group/planning_scene_monitor/publish_state_updates] by /move_group
[rosmaster.master][INFO] 2017-06-09 23:40:57,384: +PARAM [/move_group/planning_scene_monitor/publish_transforms_updates] by /move_group
[rosmaster.master][INFO] 2017-06-09 23:40:57,393: +SUB [/planning_scene] /move_group http://ip-172-31-19-100:59061/
[rosmaster.master][INFO] 2017-06-09 23:40:57,410: +SUB [/collision_object] /move_group http://ip-172-31-19-100:59061/
[rosmaster.master][INFO] 2017-06-09 23:40:57,419: +SUB [/planning_scene_world] /move_group http://ip-172-31-19-100:59061/
[rosmaster.master][INFO] 2017-06-09 23:40:57,426: +SERVICE [/move_group/save_map] /move_group http://ip-172-31-19-100:59061/
[rosmaster.master][INFO] 2017-06-09 23:40:57,431: +SERVICE [/move_group/load_map] /move_group http://ip-172-31-19-100:59061/
[rosmaster.master][INFO] 2017-06-09 23:40:57,434: +PUB [/rosout] /move_group_commander_wrappers_1497076857427945078 http://ip-172-31-19-100:38706/
[rosmaster.master][INFO] 2017-06-09 23:40:57,439: +SERVICE [/move_group_commander_wrappers_1497076857427945078/get_loggers] /move_group_commander_wrappers_1497076857427945078 http://ip-172-31-19-100:38706/
[rosmaster.master][INFO] 2017-06-09 23:40:57,442: +SUB [/joint_states] /move_group http://ip-172-31-19-100:59061/
[rosmaster.master][INFO] 2017-06-09 23:40:57,446: +SERVICE [/move_group_commander_wrappers_1497076857427945078/set_logger_level] /move_group_commander_wrappers_1497076857427945078 http://ip-172-31-19-100:38706/
[rosmaster.master][INFO] 2017-06-09 23:40:57,452: +SUB [/attached_collision_object] /move_group http://ip-172-31-19-100:59061/
[rosmaster.master][INFO] 2017-06-09 23:40:57,523: publisherUpdate[/rosout] -> http://ip-172-31-19-100:35430/
[rosmaster.master][INFO] 2017-06-09 23:40:57,545: +SERVICE [/move_group/ompl/set_parameters] /move_group http://ip-172-31-19-100:59061/
[rosmaster.master][INFO] 2017-06-09 23:40:57,549: +PUB [/move_group/ompl/parameter_descriptions] /move_group http://ip-172-31-19-100:59061/
[rosmaster.master][INFO] 2017-06-09 23:40:57,554: +PUB [/move_group/ompl/parameter_updates] /move_group http://ip-172-31-19-100:59061/
[rosmaster.master][INFO] 2017-06-09 23:40:57,562: +PARAM [/move_group/ompl/simplify_solutions] by /move_group
[rosmaster.master][INFO] 2017-06-09 23:40:57,567: +PARAM [/move_group/ompl/minimum_waypoint_count] by /move_group
[rosmaster.master][INFO] 2017-06-09 23:40:57,572: +PARAM [/move_group/ompl/maximum_waypoint_distance] by /move_group
[rosmaster.master][INFO] 2017-06-09 23:40:57,576: +PARAM [/move_group/ompl/link_for_exploration_tree] by /move_group
[rosmaster.master][INFO] 2017-06-09 23:40:57,580: +PARAM [/move_group/ompl/display_random_valid_states] by /move_group
[rosmaster.master][INFO] 2017-06-09 23:40:57,585: +PARAM [/move_group/ompl/simplify_solutions] by /move_group
[rosmaster.master][INFO] 2017-06-09 23:40:57,589: +PARAM [/move_group/ompl/minimum_waypoint_count] by /move_group
[rosmaster.master][INFO] 2017-06-09 23:40:57,594: +PARAM [/move_group/ompl/maximum_waypoint_distance] by /move_group
[rosmaster.master][INFO] 2017-06-09 23:40:57,599: +PARAM [/move_group/ompl/link_for_exploration_tree] by /move_group
[rosmaster.master][INFO] 2017-06-09 23:40:57,603: +PARAM [/move_group/ompl/display_random_valid_states] by /move_group
[rosmaster.master][INFO] 2017-06-09 23:40:57,623: +PUB [/rosout] /marker_control_8946_1497076857451 http://ip-172-31-19-100:41828/
[rosmaster.master][INFO] 2017-06-09 23:40:57,624: publisherUpdate[/rosout] -> http://ip-172-31-19-100:35430/
[rosmaster.master][INFO] 2017-06-09 23:40:57,636: +SERVICE [/marker_control_8946_1497076857451/get_loggers] /marker_control_8946_1497076857451 http://ip-172-31-19-100:41828/
[rosmaster.master][INFO] 2017-06-09 23:40:57,641: +SERVICE [/marker_control_8946_1497076857451/set_logger_level] /marker_control_8946_1497076857451 http://ip-172-31-19-100:41828/
[rosmaster.master][INFO] 2017-06-09 23:40:57,645: +PUB [/planning_scene] /move_group_commander_wrappers_1497076857427945078 http://ip-172-31-19-100:38706/
[rosmaster.master][INFO] 2017-06-09 23:40:57,650: +PUB [/collision_object] /marker_control_8946_1497076857451 http://ip-172-31-19-100:41828/
[rosmaster.master][INFO] 2017-06-09 23:40:57,654: +PUB [/move_group/display_planned_path] /move_group http://ip-172-31-19-100:59061/
[rosmaster.master][INFO] 2017-06-09 23:40:57,657: +PUB [/attached_collision_object] /marker_control_8946_1497076857451 http://ip-172-31-19-100:41828/
[rosmaster.master][INFO] 2017-06-09 23:40:57,661: +PUB [/move_group/display_contacts] /move_group http://ip-172-31-19-100:59061/
[rosmaster.master][INFO] 2017-06-09 23:40:57,664: +PUB [/visualization_marker_array] /marker_control_8946_1497076857451 http://ip-172-31-19-100:41828/
[rosmaster.master][INFO] 2017-06-09 23:40:57,669: +PUB [/motion_planning_goal] /marker_control_8946_1497076857451 http://ip-172-31-19-100:41828/
[rosmaster.master][INFO] 2017-06-09 23:40:57,674: +SUB [/joint_trajectory] /marker_control_8946_1497076857451 http://ip-172-31-19-100:41828/
[rosmaster.master][INFO] 2017-06-09 23:40:57,679: +PUB [/control_markers/update_full] /marker_control_8946_1497076857451 http://ip-172-31-19-100:41828/
[rosmaster.master][INFO] 2017-06-09 23:40:57,683: +PUB [/control_markers/update] /marker_control_8946_1497076857451 http://ip-172-31-19-100:41828/
[rosmaster.master][INFO] 2017-06-09 23:40:57,689: +SUB [/control_markers/feedback] /marker_control_8946_1497076857451 http://ip-172-31-19-100:41828/
[rosmaster.master][INFO] 2017-06-09 23:40:57,707: +SERVICE [/apply_planning_scene] /move_group http://ip-172-31-19-100:59061/
[rosmaster.master][INFO] 2017-06-09 23:40:57,712: +SERVICE [/clear_octomap] /move_group http://ip-172-31-19-100:59061/
[rosmaster.master][INFO] 2017-06-09 23:40:57,716: +SERVICE [/compute_cartesian_path] /move_group http://ip-172-31-19-100:59061/
[rosmaster.master][INFO] 2017-06-09 23:40:57,727: publisherUpdate[/planning_scene] -> http://ip-172-31-19-100:59061/
[rosmaster.master][INFO] 2017-06-09 23:40:57,728: publisherUpdate[/control_markers/update] -> http://ip-172-31-19-100:43383/
[rosmaster.master][INFO] 2017-06-09 23:40:57,728: +SERVICE [/execute_kinematic_path] /move_group http://ip-172-31-19-100:59061/
[rosmaster.master][INFO] 2017-06-09 23:40:57,732: publisherUpdate[/collision_object] -> http://ip-172-31-19-100:59061/
[rosmaster.master][INFO] 2017-06-09 23:40:57,741: +PUB [/execute_trajectory/result] /move_group http://ip-172-31-19-100:59061/
[rosmaster.master][INFO] 2017-06-09 23:40:57,742: publisherUpdate[/attached_collision_object] -> http://ip-172-31-19-100:59061/
[rosmaster.master][INFO] 2017-06-09 23:40:57,746: +PUB [/execute_trajectory/feedback] /move_group http://ip-172-31-19-100:59061/
[rosmaster.master][INFO] 2017-06-09 23:40:57,752: +PUB [/execute_trajectory/status] /move_group http://ip-172-31-19-100:59061/
[rosmaster.master][INFO] 2017-06-09 23:40:57,762: +SUB [/execute_trajectory/goal] /move_group http://ip-172-31-19-100:59061/
[rosmaster.master][INFO] 2017-06-09 23:40:57,771: +SUB [/execute_trajectory/cancel] /move_group http://ip-172-31-19-100:59061/
[rosmaster.master][INFO] 2017-06-09 23:40:57,775: +SERVICE [/get_planning_scene] /move_group http://ip-172-31-19-100:59061/
[rosmaster.master][INFO] 2017-06-09 23:40:57,779: +SERVICE [/compute_fk] /move_group http://ip-172-31-19-100:59061/
[rosmaster.master][INFO] 2017-06-09 23:40:57,783: +SERVICE [/compute_ik] /move_group http://ip-172-31-19-100:59061/
[rosmaster.master][INFO] 2017-06-09 23:40:57,789: +PUB [/move_group/result] /move_group http://ip-172-31-19-100:59061/
[rosmaster.master][INFO] 2017-06-09 23:40:57,793: +PUB [/move_group/feedback] /move_group http://ip-172-31-19-100:59061/
[rosmaster.master][INFO] 2017-06-09 23:40:57,798: +PUB [/move_group/status] /move_group http://ip-172-31-19-100:59061/
[rosmaster.master][INFO] 2017-06-09 23:40:57,808: +SUB [/move_group/goal] /move_group http://ip-172-31-19-100:59061/
[rosmaster.master][INFO] 2017-06-09 23:40:57,816: +SUB [/move_group/cancel] /move_group http://ip-172-31-19-100:59061/
[rosmaster.master][INFO] 2017-06-09 23:40:57,862: +PUB [/pickup/result] /move_group http://ip-172-31-19-100:59061/
[rosmaster.master][INFO] 2017-06-09 23:40:57,866: +PUB [/pickup/feedback] /move_group http://ip-172-31-19-100:59061/
[rosmaster.master][INFO] 2017-06-09 23:40:57,871: +PUB [/pickup/status] /move_group http://ip-172-31-19-100:59061/
[rosmaster.master][INFO] 2017-06-09 23:40:57,882: +SUB [/pickup/goal] /move_group http://ip-172-31-19-100:59061/
[rosmaster.master][INFO] 2017-06-09 23:40:57,890: +SUB [/pickup/cancel] /move_group http://ip-172-31-19-100:59061/
[rosmaster.master][INFO] 2017-06-09 23:40:57,897: +PUB [/place/result] /move_group http://ip-172-31-19-100:59061/
[rosmaster.master][INFO] 2017-06-09 23:40:57,901: +PUB [/place/feedback] /move_group http://ip-172-31-19-100:59061/
[rosmaster.master][INFO] 2017-06-09 23:40:57,906: +PUB [/place/status] /move_group http://ip-172-31-19-100:59061/
[rosmaster.master][INFO] 2017-06-09 23:40:57,917: +SUB [/place/goal] /move_group http://ip-172-31-19-100:59061/
[rosmaster.master][INFO] 2017-06-09 23:40:57,925: +SUB [/place/cancel] /move_group http://ip-172-31-19-100:59061/
[rosmaster.master][INFO] 2017-06-09 23:40:57,930: +SERVICE [/plan_kinematic_path] /move_group http://ip-172-31-19-100:59061/
[rosmaster.master][INFO] 2017-06-09 23:40:57,934: +SERVICE [/query_planner_interface] /move_group http://ip-172-31-19-100:59061/
[rosmaster.master][INFO] 2017-06-09 23:40:57,942: +SERVICE [/check_state_validity] /move_group http://ip-172-31-19-100:59061/
[rosmaster.master][INFO] 2017-06-09 23:40:58,198: +SUB [/control_markers/update_full] /interactive_marker_proxy http://ip-172-31-19-100:43383/
[rosmaster.master][INFO] 2017-06-09 23:40:58,367: -SUB [/control_markers/update_full] /interactive_marker_proxy http://ip-172-31-19-100:43383/
[rosmaster.master][INFO] 2017-06-09 23:41:09,062: +PUB [/rosout] /move_group_commander_wrappers_1497076869057602400 http://ip-172-31-19-100:47205/
[rosmaster.master][INFO] 2017-06-09 23:41:09,066: +SERVICE [/move_group_commander_wrappers_1497076869057602400/get_loggers] /move_group_commander_wrappers_1497076869057602400 http://ip-172-31-19-100:47205/
[rosmaster.master][INFO] 2017-06-09 23:41:09,067: publisherUpdate[/rosout] -> http://ip-172-31-19-100:35430/
[rosmaster.master][INFO] 2017-06-09 23:41:09,071: +SERVICE [/move_group_commander_wrappers_1497076869057602400/set_logger_level] /move_group_commander_wrappers_1497076869057602400 http://ip-172-31-19-100:47205/
[rosmaster.master][INFO] 2017-06-09 23:41:09,236: +PUB [/rosout] /move_arm_9421_1497076869078 http://ip-172-31-19-100:49358/
[rosmaster.master][INFO] 2017-06-09 23:41:09,252: publisherUpdate[/rosout] -> http://ip-172-31-19-100:35430/
[rosmaster.master][INFO] 2017-06-09 23:41:09,253: +SERVICE [/move_arm_9421_1497076869078/get_loggers] /move_arm_9421_1497076869078 http://ip-172-31-19-100:49358/
[rosmaster.master][INFO] 2017-06-09 23:41:09,259: +SERVICE [/move_arm_9421_1497076869078/set_logger_level] /move_arm_9421_1497076869078 http://ip-172-31-19-100:49358/
[rosmaster.master][INFO] 2017-06-09 23:41:09,265: +SUB [/joint_states] /move_arm_9421_1497076869078 http://ip-172-31-19-100:49358/
[rosmaster.master][INFO] 2017-06-09 23:41:09,270: +SUB [/motion_planning_goal] /move_arm_9421_1497076869078 http://ip-172-31-19-100:49358/
[rosmaster.master][INFO] 2017-06-09 23:41:09,275: +PUB [/joint_trajectory] /move_arm_9421_1497076869078 http://ip-172-31-19-100:49358/
[rosmaster.master][INFO] 2017-06-09 23:41:09,275: publisherUpdate[/joint_trajectory] -> http://ip-172-31-19-100:57153/
[rosmaster.master][INFO] 2017-06-09 23:41:09,283: publisherUpdate[/joint_trajectory] -> http://ip-172-31-19-100:41828/
[rosmaster.master][INFO] 2017-06-09 23:41:09,432: +SUB [/tf] /move_group_commander_wrappers_1497076869057602400 http://ip-172-31-19-100:47205/
[rosmaster.master][INFO] 2017-06-09 23:41:09,439: +SUB [/tf_static] /move_group_commander_wrappers_1497076869057602400 http://ip-172-31-19-100:47205/
[rosmaster.master][INFO] 2017-06-09 23:41:09,444: +PUB [/planning_scene] /move_group_commander_wrappers_1497076869057602400 http://ip-172-31-19-100:47205/
[rosmaster.master][INFO] 2017-06-09 23:41:09,451: +PUB [/collision_object] /move_arm_9421_1497076869078 http://ip-172-31-19-100:49358/
[rosmaster.master][INFO] 2017-06-09 23:41:09,455: publisherUpdate[/planning_scene] -> http://ip-172-31-19-100:59061/
[rosmaster.master][INFO] 2017-06-09 23:41:09,457: +PUB [/attached_collision_object] /move_arm_9421_1497076869078 http://ip-172-31-19-100:49358/
[rosmaster.master][INFO] 2017-06-09 23:41:09,470: publisherUpdate[/collision_object] -> http://ip-172-31-19-100:59061/
[rosmaster.master][INFO] 2017-06-09 23:41:09,473: +PUB [/trajectory_execution_event] /move_group_commander_wrappers_1497076869057602400 http://ip-172-31-19-100:47205/
[rosmaster.master][INFO] 2017-06-09 23:41:09,477: publisherUpdate[/attached_collision_object] -> http://ip-172-31-19-100:59061/
[rosmaster.master][INFO] 2017-06-09 23:41:09,480: +PUB [/attached_collision_object] /move_group_commander_wrappers_1497076869057602400 http://ip-172-31-19-100:47205/
[rosmaster.master][INFO] 2017-06-09 23:41:09,484: publisherUpdate[/attached_collision_object] -> http://ip-172-31-19-100:59061/
[rosmaster.master][INFO] 2017-06-09 23:41:09,492: +SUB [/move_group/status] /move_group_commander_wrappers_1497076869057602400 http://ip-172-31-19-100:47205/
[rosmaster.master][INFO] 2017-06-09 23:41:09,499: +SUB [/move_group/feedback] /move_group_commander_wrappers_1497076869057602400 http://ip-172-31-19-100:47205/
[rosmaster.master][INFO] 2017-06-09 23:41:09,507: +SUB [/move_group/result] /move_group_commander_wrappers_1497076869057602400 http://ip-172-31-19-100:47205/
[rosmaster.master][INFO] 2017-06-09 23:41:09,511: +PUB [/move_group/goal] /move_group_commander_wrappers_1497076869057602400 http://ip-172-31-19-100:47205/
[rosmaster.master][INFO] 2017-06-09 23:41:09,515: +PUB [/move_group/cancel] /move_group_commander_wrappers_1497076869057602400 http://ip-172-31-19-100:47205/
[rosmaster.master][INFO] 2017-06-09 23:41:09,557: publisherUpdate[/move_group/goal] -> http://ip-172-31-19-100:59061/
[rosmaster.master][INFO] 2017-06-09 23:41:09,561: publisherUpdate[/move_group/cancel] -> http://ip-172-31-19-100:59061/
[rosmaster.master][INFO] 2017-06-09 23:41:09,773: +SUB [/pickup/status] /move_group_commander_wrappers_1497076869057602400 http://ip-172-31-19-100:47205/
[rosmaster.master][INFO] 2017-06-09 23:41:09,781: +SUB [/pickup/feedback] /move_group_commander_wrappers_1497076869057602400 http://ip-172-31-19-100:47205/
[rosmaster.master][INFO] 2017-06-09 23:41:09,788: +SUB [/pickup/result] /move_group_commander_wrappers_1497076869057602400 http://ip-172-31-19-100:47205/
[rosmaster.master][INFO] 2017-06-09 23:41:09,793: +PUB [/pickup/goal] /move_group_commander_wrappers_1497076869057602400 http://ip-172-31-19-100:47205/
[rosmaster.master][INFO] 2017-06-09 23:41:09,797: +PUB [/pickup/cancel] /move_group_commander_wrappers_1497076869057602400 http://ip-172-31-19-100:47205/
[rosmaster.master][INFO] 2017-06-09 23:41:09,866: publisherUpdate[/pickup/goal] -> http://ip-172-31-19-100:59061/
[rosmaster.master][INFO] 2017-06-09 23:41:09,871: publisherUpdate[/pickup/cancel] -> http://ip-172-31-19-100:59061/
[rosmaster.master][INFO] 2017-06-09 23:41:10,084: +SUB [/place/status] /move_group_commander_wrappers_1497076869057602400 http://ip-172-31-19-100:47205/
[rosmaster.master][INFO] 2017-06-09 23:41:10,092: +SUB [/place/feedback] /move_group_commander_wrappers_1497076869057602400 http://ip-172-31-19-100:47205/
[rosmaster.master][INFO] 2017-06-09 23:41:10,100: +SUB [/place/result] /move_group_commander_wrappers_1497076869057602400 http://ip-172-31-19-100:47205/
[rosmaster.master][INFO] 2017-06-09 23:41:10,104: +PUB [/place/goal] /move_group_commander_wrappers_1497076869057602400 http://ip-172-31-19-100:47205/
[rosmaster.master][INFO] 2017-06-09 23:41:10,115: +PUB [/place/cancel] /move_group_commander_wrappers_1497076869057602400 http://ip-172-31-19-100:47205/
[rosmaster.master][INFO] 2017-06-09 23:41:10,176: publisherUpdate[/place/goal] -> http://ip-172-31-19-100:59061/
[rosmaster.master][INFO] 2017-06-09 23:41:10,181: publisherUpdate[/place/cancel] -> http://ip-172-31-19-100:59061/
[rosmaster.master][INFO] 2017-06-09 23:41:10,394: +SUB [/execute_trajectory/status] /move_group_commander_wrappers_1497076869057602400 http://ip-172-31-19-100:47205/
[rosmaster.master][INFO] 2017-06-09 23:41:10,401: +SUB [/execute_trajectory/feedback] /move_group_commander_wrappers_1497076869057602400 http://ip-172-31-19-100:47205/
[rosmaster.master][INFO] 2017-06-09 23:41:10,408: +SUB [/execute_trajectory/result] /move_group_commander_wrappers_1497076869057602400 http://ip-172-31-19-100:47205/
[rosmaster.master][INFO] 2017-06-09 23:41:10,413: +PUB [/execute_trajectory/goal] /move_group_commander_wrappers_1497076869057602400 http://ip-172-31-19-100:47205/
[rosmaster.master][INFO] 2017-06-09 23:41:10,417: +PUB [/execute_trajectory/cancel] /move_group_commander_wrappers_1497076869057602400 http://ip-172-31-19-100:47205/
[rosmaster.master][INFO] 2017-06-09 23:41:10,423: -SUB [/execute_trajectory/status] /move_group_commander_wrappers_1497076869057602400 http://ip-172-31-19-100:47205/
[rosmaster.master][INFO] 2017-06-09 23:41:10,433: -PUB [/execute_trajectory/cancel] /move_group_commander_wrappers_1497076869057602400 http://ip-172-31-19-100:47205/
[rosmaster.master][INFO] 2017-06-09 23:41:10,437: -PUB [/execute_trajectory/goal] /move_group_commander_wrappers_1497076869057602400 http://ip-172-31-19-100:47205/
[rosmaster.master][INFO] 2017-06-09 23:41:10,441: -SUB [/execute_trajectory/feedback] /move_group_commander_wrappers_1497076869057602400 http://ip-172-31-19-100:47205/
[rosmaster.master][INFO] 2017-06-09 23:41:10,445: -SUB [/execute_trajectory/result] /move_group_commander_wrappers_1497076869057602400 http://ip-172-31-19-100:47205/
[rosmaster.master][INFO] 2017-06-09 23:41:10,485: publisherUpdate[/execute_trajectory/goal] -> http://ip-172-31-19-100:59061/
[rosmaster.master][INFO] 2017-06-09 23:41:10,490: publisherUpdate[/execute_trajectory/cancel] -> http://ip-172-31-19-100:59061/
[rosmaster.master][INFO] 2017-06-09 23:41:10,494: publisherUpdate[/execute_trajectory/cancel] -> http://ip-172-31-19-100:59061/
[rosmaster.master][INFO] 2017-06-09 23:41:10,498: publisherUpdate[/execute_trajectory/goal] -> http://ip-172-31-19-100:59061/
[rosmaster.master][INFO] 2017-06-09 23:41:15,409: +PUB [/tf2_web_republisher/goal] /rosbridge_websocket http://ip-172-31-19-100:42488/
[rosmaster.master][INFO] 2017-06-09 23:41:15,410: publisherUpdate[/tf2_web_republisher/goal] -> http://ip-172-31-19-100:60732/
[rosmaster.master][INFO] 2017-06-09 23:41:15,418: +PUB [/tf2_web_republisher/cancel] /rosbridge_websocket http://ip-172-31-19-100:42488/
[rosmaster.master][INFO] 2017-06-09 23:41:15,429: +SUB [/tf2_web_republisher/feedback] /rosbridge_websocket http://ip-172-31-19-100:42488/
[rosmaster.master][INFO] 2017-06-09 23:41:15,452: +SUB [/visualization_marker_array] /rosbridge_websocket http://ip-172-31-19-100:42488/
[rosmaster.master][INFO] 2017-06-09 23:41:15,464: +SUB [/control_markers/tunneled/update] /rosbridge_websocket http://ip-172-31-19-100:42488/
[rosmaster.master][INFO] 2017-06-09 23:41:15,475: +PUB [/control_markers/feedback] /rosbridge_websocket http://ip-172-31-19-100:42488/
[rosmaster.master][INFO] 2017-06-09 23:41:15,500: publisherUpdate[/tf2_web_republisher/cancel] -> http://ip-172-31-19-100:60732/
[rosmaster.master][INFO] 2017-06-09 23:41:15,501: publisherUpdate[/control_markers/feedback] -> http://ip-172-31-19-100:41828/
