[roslaunch][INFO] 2017-06-09 23:40:53,553: Checking log directory for disk usage. This may take awhile.
Press Ctrl-C to interrupt
[roslaunch][INFO] 2017-06-09 23:40:53,643: Done checking log file disk usage. Usage is <1GB.
[roslaunch][INFO] 2017-06-09 23:40:53,644: roslaunch starting with args ['/opt/ros/indigo/bin/roslaunch', 'rosbridge_server', 'rosbridge_websocket.launch', 'port:=49149']
[roslaunch][INFO] 2017-06-09 23:40:53,647: roslaunch env is {'ROS_DISTRO': 'indigo', 'ASNLIB': '/home/ccc_v1_s54106__48606/asn13529_Project_5/asn13530_Project_4/asnlib', 'LIB': '/home/ccc_v1_s54106__48606/lib', 'PKG_CONFIG_PATH': '/opt/ros/indigo/lib/pkgconfig:/opt/ros/indigo/lib/x86_64-linux-gnu/pkgconfig', 'SSH_CLIENT': '172.31.7.153 39782 22', 'CPATH': '/opt/ros/indigo/include', 'LOGNAME': 'ccc_v1_w_dd4cc_18220', 'USER': 'ccc_v1_w_dd4cc_18220', 'ROS_NODE_PORT': '60180', 'HOME': '/home/ccc_v1_w_dd4cc_18220/asn13529_Project_5/asn13530_Project_4/work', 'PATH': '/opt/ros/indigo/bin:/usr/local/sbin:/usr/local/bin:/usr/sbin:/usr/bin:/sbin:/bin:/usr/games:/usr/local/games:/home/local/bin:/home/ccc_v1_s54106__48606/lib:/home/ccc_v1_s54106__48606/asn13529_Project_5/asn13530_Project_4/asnlib:/home/vlibs:.', 'CMAKE_PREFIX_PATH': '/opt/ros/indigo', 'LD_LIBRARY_PATH': '/opt/ros/indigo/lib:/opt/ros/indigo/lib/x86_64-linux-gnu:/home/ccc_v1_s54106__48606/lib:/home/ccc_v1_s54106__48606/asn13529_Project_5/asn13530_Project_4/asnlib:/home/vlibs', 'LANG': 'en_US.UTF-8', 'TERM': 'xterm-256color', 'SHELL': '/bin/bash', 'HISTFILE': '/home/ccc_v1_w_dd4cc_18220/.bash_history', 'SHLVL': '2', 'VOC_WORKAREA': '/home/ccc_v1_w_dd4cc_18220/asn13529_Project_5/asn13530_Project_4/work', 'ROS_LOG_FILENAME': '/home/ccc_v1_w_dd4cc_18220/asn13529_Project_5/asn13530_Project_4/work/.ros/log/bec78994-4da7-11e7-abfe-06f360e4abc1/roslaunch-ip-172-31-19-100-8743.log', 'PART1': '/home/ccc_v1_s54106__48606/asn13529_Project_5/asn13530_Project_4', 'ROS_ETC_DIR': '/opt/ros/indigo/etc/ros', 'XDG_RUNTIME_DIR': '/run/user/18220', 'PYTHONPATH': '/opt/ros/indigo/lib/python2.7/dist-packages:/home/vlibs/python', 'VOC_PROXY_WRAPPER_PORT': '5100', 'VOC_XFER_TOKEN': '4357498024354243542135300593b91c679ec00.43380991', 'ROS_ROOT': '/opt/ros/indigo/share/ros', 'OLD_HOME': '/home/ccc_v1_w_dd4cc_18220', 'VOC_PROXY_TOKEN': '23235093743542435421353001593b91c682eab0.39478148', 'ROS_PACKAGE_PATH': '/opt/ros/indigo/share:/opt/ros/indigo/stacks', 'XDG_SESSION_ID': '318477', '_': '/usr/bin/stdbuf', 'LD_PRELOAD': '/usr/lib/coreutils/libstdbuf.so', '_STDBUF_O': 'L', 'SSH_TTY': '/dev/pts/1', 'OLDPWD': '/home/ccc_v1_w_dd4cc_18220', 'ROSLISP_PACKAGE_DIRECTORIES': '', 'VLIB': '/home/vlibs', 'PWD': '/home/ccc_v1_w_dd4cc_18220/asn13529_Project_5/asn13530_Project_4/work', 'VOC_PROXY_ID': '43542_43542_13530_0_1', 'ROS_MASTER_URI': 'http://localhost:60180', 'MAIL': '/var/mail/ccc_v1_w_dd4cc_18220', 'SSH_CONNECTION': '172.31.7.153 39782 172.31.19.100 22'}
[roslaunch][INFO] 2017-06-09 23:40:53,651: starting in server mode
[roslaunch.parent][INFO] 2017-06-09 23:40:53,654: starting roslaunch parent run
[roslaunch][INFO] 2017-06-09 23:40:53,658: loading roscore config file /opt/ros/indigo/etc/ros/roscore.xml
[roslaunch][INFO] 2017-06-09 23:40:53,766: Added core node of type [rosout/rosout] in namespace [/]
[roslaunch.config][INFO] 2017-06-09 23:40:53,767: loading config file /opt/ros/indigo/share/rosbridge_server/launch/rosbridge_websocket.launch
[roslaunch][INFO] 2017-06-09 23:40:53,772: Added node of type [rosbridge_server/rosbridge_websocket] in namespace [/]
[roslaunch][INFO] 2017-06-09 23:40:53,777: Added node of type [rosapi/rosapi_node] in namespace [/]
[roslaunch][INFO] 2017-06-09 23:40:53,780: ... selected machine [] for node of type [rosbridge_server/rosbridge_websocket]
[roslaunch][INFO] 2017-06-09 23:40:53,783: ... selected machine [] for node of type [rosapi/rosapi_node]
[roslaunch.pmon][INFO] 2017-06-09 23:40:53,787: start_process_monitor: creating ProcessMonitor
[roslaunch.pmon][INFO] 2017-06-09 23:40:53,791: created process monitor <ProcessMonitor(ProcessMonitor-1, initial daemon)>
[roslaunch.pmon][INFO] 2017-06-09 23:40:53,794: start_process_monitor: ProcessMonitor started
[roslaunch.parent][INFO] 2017-06-09 23:40:53,798: starting parent XML-RPC server
[roslaunch.server][INFO] 2017-06-09 23:40:53,802: starting roslaunch XML-RPC server
[roslaunch.server][INFO] 2017-06-09 23:40:53,805: waiting for roslaunch XML-RPC server to initialize
[xmlrpc][INFO] 2017-06-09 23:40:53,805: XML-RPC server binding to 0.0.0.0:0
[xmlrpc][INFO] 2017-06-09 23:40:53,812: Started XML-RPC server [http://ip-172-31-19-100:37839/]
[xmlrpc][INFO] 2017-06-09 23:40:53,816: xml rpc node: starting XML-RPC server
[roslaunch][INFO] 2017-06-09 23:40:53,823: started roslaunch server http://ip-172-31-19-100:37839/
[roslaunch.parent][INFO] 2017-06-09 23:40:53,827: ... parent XML-RPC server started
[roslaunch][INFO] 2017-06-09 23:40:53,830: master.is_running[http://localhost:60180]
[roslaunch][INFO] 2017-06-09 23:40:53,835: master.is_running[http://localhost:60180]
[roslaunch][INFO] 2017-06-09 23:40:53,846: ROS_MASTER_URI=http://localhost:60180
[roslaunch][INFO] 2017-06-09 23:40:53,851: setting /roslaunch/uris/host_ip_172_31_19_100__37839' to http://ip-172-31-19-100:37839/
[roslaunch][INFO] 2017-06-09 23:40:53,856: load_parameters starting ...
[roslaunch][INFO] 2017-06-09 23:40:53,895: ... load_parameters complete
[roslaunch][INFO] 2017-06-09 23:40:53,898: launch_nodes: launching local nodes ...
[roslaunch][INFO] 2017-06-09 23:40:53,901: ... preparing to launch node of type [rosbridge_server/rosbridge_websocket]
[roslaunch][INFO] 2017-06-09 23:40:53,905: create_node_process: package[rosbridge_server] type[rosbridge_websocket] machine[Machine(name[] env_loader[None] address[localhost] ssh_port[22] user[None] assignable[True] timeout[10.0])] master_uri[http://localhost:60180]
[roslaunch][INFO] 2017-06-09 23:40:53,908: process[rosbridge_websocket-1]: env[{'ROS_DISTRO': 'indigo', 'ASNLIB': '/home/ccc_v1_s54106__48606/asn13529_Project_5/asn13530_Project_4/asnlib', 'LIB': '/home/ccc_v1_s54106__48606/lib', 'VOC_PROXY_TOKEN': '23235093743542435421353001593b91c682eab0.39478148', 'SSH_CLIENT': '172.31.7.153 39782 22', 'CPATH': '/opt/ros/indigo/include', 'LOGNAME': 'ccc_v1_w_dd4cc_18220', 'USER': 'ccc_v1_w_dd4cc_18220', 'ROS_NODE_PORT': '60180', 'HOME': '/home/ccc_v1_w_dd4cc_18220/asn13529_Project_5/asn13530_Project_4/work', 'PATH': '/opt/ros/indigo/bin:/usr/local/sbin:/usr/local/bin:/usr/sbin:/usr/bin:/sbin:/bin:/usr/games:/usr/local/games:/home/local/bin:/home/ccc_v1_s54106__48606/lib:/home/ccc_v1_s54106__48606/asn13529_Project_5/asn13530_Project_4/asnlib:/home/vlibs:.', 'CMAKE_PREFIX_PATH': '/opt/ros/indigo', 'ROS_LOG_FILENAME': '/home/ccc_v1_w_dd4cc_18220/asn13529_Project_5/asn13530_Project_4/work/.ros/log/bec78994-4da7-11e7-abfe-06f360e4abc1/roslaunch-ip-172-31-19-100-8743.log', 'LANG': 'en_US.UTF-8', 'TERM': 'xterm-256color', 'SHELL': '/bin/bash', 'HISTFILE': '/home/ccc_v1_w_dd4cc_18220/.bash_history', 'SHLVL': '2', 'VOC_WORKAREA': '/home/ccc_v1_w_dd4cc_18220/asn13529_Project_5/asn13530_Project_4/work', 'LD_LIBRARY_PATH': '/opt/ros/indigo/lib:/opt/ros/indigo/lib/x86_64-linux-gnu:/home/ccc_v1_s54106__48606/lib:/home/ccc_v1_s54106__48606/asn13529_Project_5/asn13530_Project_4/asnlib:/home/vlibs', 'PART1': '/home/ccc_v1_s54106__48606/asn13529_Project_5/asn13530_Project_4', 'ROS_MASTER_URI': 'http://localhost:60180', 'XDG_RUNTIME_DIR': '/run/user/18220', 'PYTHONPATH': '/opt/ros/indigo/lib/python2.7/dist-packages:/home/vlibs/python', 'VOC_PROXY_WRAPPER_PORT': '5100', 'VOC_XFER_TOKEN': '4357498024354243542135300593b91c679ec00.43380991', 'ROS_ROOT': '/opt/ros/indigo/share/ros', 'OLD_HOME': '/home/ccc_v1_w_dd4cc_18220', 'PKG_CONFIG_PATH': '/opt/ros/indigo/lib/pkgconfig:/opt/ros/indigo/lib/x86_64-linux-gnu/pkgconfig', 'ROS_PACKAGE_PATH': '/opt/ros/indigo/share:/opt/ros/indigo/stacks', 'XDG_SESSION_ID': '318477', '_': '/usr/bin/stdbuf', 'LD_PRELOAD': '/usr/lib/coreutils/libstdbuf.so', '_STDBUF_O': 'L', 'SSH_TTY': '/dev/pts/1', 'OLDPWD': '/home/ccc_v1_w_dd4cc_18220', 'ROSLISP_PACKAGE_DIRECTORIES': '', 'VLIB': '/home/vlibs', 'PWD': '/home/ccc_v1_w_dd4cc_18220/asn13529_Project_5/asn13530_Project_4/work', 'VOC_PROXY_ID': '43542_43542_13530_0_1', 'ROS_ETC_DIR': '/opt/ros/indigo/etc/ros', 'MAIL': '/var/mail/ccc_v1_w_dd4cc_18220', 'SSH_CONNECTION': '172.31.7.153 39782 172.31.19.100 22'}]
[roslaunch][INFO] 2017-06-09 23:40:53,937: process[rosbridge_websocket-1]: args[[u'/opt/ros/indigo/lib/rosbridge_server/rosbridge_websocket', u'__name:=rosbridge_websocket']]
[roslaunch][INFO] 2017-06-09 23:40:53,941: ... created process [rosbridge_websocket-1]
[roslaunch.pmon][INFO] 2017-06-09 23:40:53,944: ProcessMonitor.register[rosbridge_websocket-1]
[roslaunch.pmon][INFO] 2017-06-09 23:40:53,953: ProcessMonitor.register[rosbridge_websocket-1] complete
[roslaunch][INFO] 2017-06-09 23:40:53,956: ... registered process [rosbridge_websocket-1]
[roslaunch][INFO] 2017-06-09 23:40:53,960: process[rosbridge_websocket-1]: starting os process
[roslaunch][INFO] 2017-06-09 23:40:53,964: process[rosbridge_websocket-1]: start w/ args [[u'/opt/ros/indigo/lib/rosbridge_server/rosbridge_websocket', u'__name:=rosbridge_websocket', u'__log:=/home/ccc_v1_w_dd4cc_18220/asn13529_Project_5/asn13530_Project_4/work/.ros/log/bec78994-4da7-11e7-abfe-06f360e4abc1/rosbridge_websocket-1.log']]
[roslaunch][INFO] 2017-06-09 23:40:53,967: process[rosbridge_websocket-1]: cwd will be [/home/ccc_v1_w_dd4cc_18220/asn13529_Project_5/asn13530_Project_4/work/.ros]
[roslaunch][INFO] 2017-06-09 23:40:53,975: process[rosbridge_websocket-1]: started with pid [8761]
[roslaunch][INFO] 2017-06-09 23:40:53,976: ... successfully launched [rosbridge_websocket-1]
[roslaunch][INFO] 2017-06-09 23:40:53,980: ... preparing to launch node of type [rosapi/rosapi_node]
[roslaunch][INFO] 2017-06-09 23:40:53,983: create_node_process: package[rosapi] type[rosapi_node] machine[Machine(name[] env_loader[None] address[localhost] ssh_port[22] user[None] assignable[True] timeout[10.0])] master_uri[http://localhost:60180]
[roslaunch][INFO] 2017-06-09 23:40:53,996: process[rosapi-2]: env[{'ROS_DISTRO': 'indigo', 'ASNLIB': '/home/ccc_v1_s54106__48606/asn13529_Project_5/asn13530_Project_4/asnlib', 'LIB': '/home/ccc_v1_s54106__48606/lib', 'VOC_PROXY_TOKEN': '23235093743542435421353001593b91c682eab0.39478148', 'SSH_CLIENT': '172.31.7.153 39782 22', 'CPATH': '/opt/ros/indigo/include', 'LOGNAME': 'ccc_v1_w_dd4cc_18220', 'USER': 'ccc_v1_w_dd4cc_18220', 'ROS_NODE_PORT': '60180', 'HOME': '/home/ccc_v1_w_dd4cc_18220/asn13529_Project_5/asn13530_Project_4/work', 'PATH': '/opt/ros/indigo/bin:/usr/local/sbin:/usr/local/bin:/usr/sbin:/usr/bin:/sbin:/bin:/usr/games:/usr/local/games:/home/local/bin:/home/ccc_v1_s54106__48606/lib:/home/ccc_v1_s54106__48606/asn13529_Project_5/asn13530_Project_4/asnlib:/home/vlibs:.', 'CMAKE_PREFIX_PATH': '/opt/ros/indigo', 'ROS_LOG_FILENAME': '/home/ccc_v1_w_dd4cc_18220/asn13529_Project_5/asn13530_Project_4/work/.ros/log/bec78994-4da7-11e7-abfe-06f360e4abc1/roslaunch-ip-172-31-19-100-8743.log', 'LANG': 'en_US.UTF-8', 'TERM': 'xterm-256color', 'SHELL': '/bin/bash', 'HISTFILE': '/home/ccc_v1_w_dd4cc_18220/.bash_history', 'SHLVL': '2', 'VOC_WORKAREA': '/home/ccc_v1_w_dd4cc_18220/asn13529_Project_5/asn13530_Project_4/work', 'LD_LIBRARY_PATH': '/opt/ros/indigo/lib:/opt/ros/indigo/lib/x86_64-linux-gnu:/home/ccc_v1_s54106__48606/lib:/home/ccc_v1_s54106__48606/asn13529_Project_5/asn13530_Project_4/asnlib:/home/vlibs', 'PART1': '/home/ccc_v1_s54106__48606/asn13529_Project_5/asn13530_Project_4', 'ROS_MASTER_URI': 'http://localhost:60180', 'XDG_RUNTIME_DIR': '/run/user/18220', 'PYTHONPATH': '/opt/ros/indigo/lib/python2.7/dist-packages:/home/vlibs/python', 'VOC_PROXY_WRAPPER_PORT': '5100', 'VOC_XFER_TOKEN': '4357498024354243542135300593b91c679ec00.43380991', 'ROS_ROOT': '/opt/ros/indigo/share/ros', 'OLD_HOME': '/home/ccc_v1_w_dd4cc_18220', 'PKG_CONFIG_PATH': '/opt/ros/indigo/lib/pkgconfig:/opt/ros/indigo/lib/x86_64-linux-gnu/pkgconfig', 'ROS_PACKAGE_PATH': '/opt/ros/indigo/share:/opt/ros/indigo/stacks', 'XDG_SESSION_ID': '318477', '_': '/usr/bin/stdbuf', 'LD_PRELOAD': '/usr/lib/coreutils/libstdbuf.so', '_STDBUF_O': 'L', 'SSH_TTY': '/dev/pts/1', 'OLDPWD': '/home/ccc_v1_w_dd4cc_18220', 'ROSLISP_PACKAGE_DIRECTORIES': '', 'VLIB': '/home/vlibs', 'PWD': '/home/ccc_v1_w_dd4cc_18220/asn13529_Project_5/asn13530_Project_4/work', 'VOC_PROXY_ID': '43542_43542_13530_0_1', 'ROS_ETC_DIR': '/opt/ros/indigo/etc/ros', 'MAIL': '/var/mail/ccc_v1_w_dd4cc_18220', 'SSH_CONNECTION': '172.31.7.153 39782 172.31.19.100 22'}]
[roslaunch][INFO] 2017-06-09 23:40:54,000: process[rosapi-2]: args[[u'/opt/ros/indigo/lib/rosapi/rosapi_node', u'__name:=rosapi']]
[roslaunch][INFO] 2017-06-09 23:40:54,004: ... created process [rosapi-2]
[roslaunch.pmon][INFO] 2017-06-09 23:40:54,007: ProcessMonitor.register[rosapi-2]
[roslaunch.pmon][INFO] 2017-06-09 23:40:54,011: ProcessMonitor.register[rosapi-2] complete
[roslaunch][INFO] 2017-06-09 23:40:54,014: ... registered process [rosapi-2]
[roslaunch][INFO] 2017-06-09 23:40:54,018: process[rosapi-2]: starting os process
[roslaunch][INFO] 2017-06-09 23:40:54,023: process[rosapi-2]: start w/ args [[u'/opt/ros/indigo/lib/rosapi/rosapi_node', u'__name:=rosapi', u'__log:=/home/ccc_v1_w_dd4cc_18220/asn13529_Project_5/asn13530_Project_4/work/.ros/log/bec78994-4da7-11e7-abfe-06f360e4abc1/rosapi-2.log']]
[roslaunch][INFO] 2017-06-09 23:40:54,027: process[rosapi-2]: cwd will be [/home/ccc_v1_w_dd4cc_18220/asn13529_Project_5/asn13530_Project_4/work/.ros]
[roslaunch][INFO] 2017-06-09 23:40:54,035: process[rosapi-2]: started with pid [8762]
[roslaunch][INFO] 2017-06-09 23:40:54,036: ... successfully launched [rosapi-2]
[roslaunch][INFO] 2017-06-09 23:40:54,040: ... launch_nodes complete
[roslaunch.pmon][INFO] 2017-06-09 23:40:54,045: registrations completed <ProcessMonitor(ProcessMonitor-1, started daemon 139779767629568)>
[roslaunch.parent][INFO] 2017-06-09 23:40:54,049: ... roslaunch parent running, waiting for process exit
[roslaunch][INFO] 2017-06-09 23:40:54,052: spin
