[roslaunch][INFO] 2017-06-09 23:40:51,416: Checking log directory for disk usage. This may take awhile.
Press Ctrl-C to interrupt
[roslaunch][INFO] 2017-06-09 23:40:51,440: Done checking log file disk usage. Usage is <1GB.
[roslaunch][INFO] 2017-06-09 23:40:51,440: roslaunch starting with args ['roscore', '--core', '-p', '60180']
[roslaunch][INFO] 2017-06-09 23:40:51,444: roslaunch env is {'ROS_DISTRO': 'indigo', 'ASNLIB': '/home/ccc_v1_s54106__48606/asn13529_Project_5/asn13530_Project_4/asnlib', 'LIB': '/home/ccc_v1_s54106__48606/lib', 'PKG_CONFIG_PATH': '/opt/ros/indigo/lib/pkgconfig:/opt/ros/indigo/lib/x86_64-linux-gnu/pkgconfig', 'SSH_CLIENT': '172.31.7.153 39782 22', 'CPATH': '/opt/ros/indigo/include', 'LOGNAME': 'ccc_v1_w_dd4cc_18220', 'USER': 'ccc_v1_w_dd4cc_18220', 'ROS_NODE_PORT': '60180', 'HOME': '/home/ccc_v1_w_dd4cc_18220/asn13529_Project_5/asn13530_Project_4/work', 'PATH': '/opt/ros/indigo/bin:/usr/local/sbin:/usr/local/bin:/usr/sbin:/usr/bin:/sbin:/bin:/usr/games:/usr/local/games:/home/local/bin:/home/ccc_v1_s54106__48606/lib:/home/ccc_v1_s54106__48606/asn13529_Project_5/asn13530_Project_4/asnlib:/home/vlibs:.', 'CMAKE_PREFIX_PATH': '/opt/ros/indigo', 'LD_LIBRARY_PATH': '/opt/ros/indigo/lib:/opt/ros/indigo/lib/x86_64-linux-gnu:/home/ccc_v1_s54106__48606/lib:/home/ccc_v1_s54106__48606/asn13529_Project_5/asn13530_Project_4/asnlib:/home/vlibs', 'LANG': 'en_US.UTF-8', 'TERM': 'xterm-256color', 'SHELL': '/bin/bash', 'HISTFILE': '/home/ccc_v1_w_dd4cc_18220/.bash_history', 'SHLVL': '2', 'VOC_WORKAREA': '/home/ccc_v1_w_dd4cc_18220/asn13529_Project_5/asn13530_Project_4/work', 'ROS_LOG_FILENAME': '/home/ccc_v1_w_dd4cc_18220/asn13529_Project_5/asn13530_Project_4/work/.ros/log/bec78994-4da7-11e7-abfe-06f360e4abc1/roslaunch-ip-172-31-19-100-8639.log', 'PART1': '/home/ccc_v1_s54106__48606/asn13529_Project_5/asn13530_Project_4', 'ROS_ETC_DIR': '/opt/ros/indigo/etc/ros', 'XDG_RUNTIME_DIR': '/run/user/18220', 'PYTHONPATH': '/opt/ros/indigo/lib/python2.7/dist-packages:/home/vlibs/python', 'VOC_PROXY_WRAPPER_PORT': '5100', 'VOC_XFER_TOKEN': '4357498024354243542135300593b91c679ec00.43380991', 'ROS_ROOT': '/opt/ros/indigo/share/ros', 'OLD_HOME': '/home/ccc_v1_w_dd4cc_18220', 'VOC_PROXY_TOKEN': '23235093743542435421353001593b91c682eab0.39478148', 'ROS_PACKAGE_PATH': '/opt/ros/indigo/share:/opt/ros/indigo/stacks', 'XDG_SESSION_ID': '318477', '_': '/usr/bin/stdbuf', 'LD_PRELOAD': '/usr/lib/coreutils/libstdbuf.so', '_STDBUF_O': 'L', 'SSH_TTY': '/dev/pts/1', 'OLDPWD': '/home/ccc_v1_w_dd4cc_18220', 'ROSLISP_PACKAGE_DIRECTORIES': '', 'VLIB': '/home/vlibs', 'PWD': '/home/ccc_v1_w_dd4cc_18220/asn13529_Project_5/asn13530_Project_4/work', 'VOC_PROXY_ID': '43542_43542_13530_0_1', 'ROS_MASTER_URI': 'http://localhost:60180', 'MAIL': '/var/mail/ccc_v1_w_dd4cc_18220', 'SSH_CONNECTION': '172.31.7.153 39782 172.31.19.100 22'}
[roslaunch][INFO] 2017-06-09 23:40:51,447: starting in server mode
[roslaunch.parent][INFO] 2017-06-09 23:40:51,450: starting roslaunch parent run
[roslaunch][INFO] 2017-06-09 23:40:51,454: loading roscore config file /opt/ros/indigo/etc/ros/roscore.xml
[roslaunch][INFO] 2017-06-09 23:40:51,562: Added core node of type [rosout/rosout] in namespace [/]
[roslaunch.pmon][INFO] 2017-06-09 23:40:51,563: start_process_monitor: creating ProcessMonitor
[roslaunch.pmon][INFO] 2017-06-09 23:40:51,566: created process monitor <ProcessMonitor(ProcessMonitor-1, initial daemon)>
[roslaunch.pmon][INFO] 2017-06-09 23:40:51,570: start_process_monitor: ProcessMonitor started
[roslaunch.parent][INFO] 2017-06-09 23:40:51,573: starting parent XML-RPC server
[roslaunch.server][INFO] 2017-06-09 23:40:51,584: starting roslaunch XML-RPC server
[roslaunch.server][INFO] 2017-06-09 23:40:51,587: waiting for roslaunch XML-RPC server to initialize
[xmlrpc][INFO] 2017-06-09 23:40:51,587: XML-RPC server binding to 0.0.0.0:0
[xmlrpc][INFO] 2017-06-09 23:40:51,594: Started XML-RPC server [http://ip-172-31-19-100:43491/]
[xmlrpc][INFO] 2017-06-09 23:40:51,597: xml rpc node: starting XML-RPC server
[roslaunch][INFO] 2017-06-09 23:40:51,607: started roslaunch server http://ip-172-31-19-100:43491/
[roslaunch.parent][INFO] 2017-06-09 23:40:51,610: ... parent XML-RPC server started
[roslaunch][INFO] 2017-06-09 23:40:51,614: master.is_running[http://ip-172-31-19-100:60180/]
[roslaunch][INFO] 2017-06-09 23:40:51,618: auto-starting new master
[roslaunch][INFO] 2017-06-09 23:40:51,622: create_master_process: rosmaster, /opt/ros/indigo/share/ros, 60180, 3, None
[roslaunch][INFO] 2017-06-09 23:40:51,625: process[master]: launching with args [['rosmaster', '--core', '-p', '60180', '-w', '3']]
[roslaunch.pmon][INFO] 2017-06-09 23:40:51,628: ProcessMonitor.register[master]
[roslaunch.pmon][INFO] 2017-06-09 23:40:51,632: ProcessMonitor.register[master] complete
[roslaunch][INFO] 2017-06-09 23:40:51,635: process[master]: starting os process
[roslaunch][INFO] 2017-06-09 23:40:51,639: process[master]: start w/ args [['rosmaster', '--core', '-p', '60180', '-w', '3', '__log:=/home/ccc_v1_w_dd4cc_18220/asn13529_Project_5/asn13530_Project_4/work/.ros/log/bec78994-4da7-11e7-abfe-06f360e4abc1/master.log']]
[roslaunch][INFO] 2017-06-09 23:40:51,643: process[master]: cwd will be [/home/ccc_v1_w_dd4cc_18220/asn13529_Project_5/asn13530_Project_4/work/.ros]
[roslaunch][INFO] 2017-06-09 23:40:51,651: process[master]: started with pid [8655]
[roslaunch][INFO] 2017-06-09 23:40:51,652: master.is_running[http://ip-172-31-19-100:60180/]
[roslaunch][INFO] 2017-06-09 23:40:51,756: master.is_running[http://ip-172-31-19-100:60180/]
[roslaunch][INFO] 2017-06-09 23:40:51,860: master.is_running[http://ip-172-31-19-100:60180/]
[roslaunch][INFO] 2017-06-09 23:40:51,865: master.is_running[http://ip-172-31-19-100:60180/]
[roslaunch][INFO] 2017-06-09 23:40:51,870: ROS_MASTER_URI=http://ip-172-31-19-100:60180/
[roslaunch][INFO] 2017-06-09 23:40:51,874: setting /run_id to bec78994-4da7-11e7-abfe-06f360e4abc1
[roslaunch][INFO] 2017-06-09 23:40:51,882: setting /roslaunch/uris/host_ip_172_31_19_100__43491' to http://ip-172-31-19-100:43491/
[roslaunch][INFO] 2017-06-09 23:40:51,892: ... preparing to launch node of type [rosout/rosout]
[roslaunch][INFO] 2017-06-09 23:40:51,895: create_node_process: package[rosout] type[rosout] machine[Machine(name[] env_loader[None] address[localhost] ssh_port[22] user[None] assignable[True] timeout[10.0])] master_uri[http://ip-172-31-19-100:60180/]
[roslaunch][INFO] 2017-06-09 23:40:51,898: process[rosout-1]: env[{'ROS_DISTRO': 'indigo', 'ASNLIB': '/home/ccc_v1_s54106__48606/asn13529_Project_5/asn13530_Project_4/asnlib', 'LIB': '/home/ccc_v1_s54106__48606/lib', 'VOC_PROXY_TOKEN': '23235093743542435421353001593b91c682eab0.39478148', 'SSH_CLIENT': '172.31.7.153 39782 22', 'CPATH': '/opt/ros/indigo/include', 'LOGNAME': 'ccc_v1_w_dd4cc_18220', 'USER': 'ccc_v1_w_dd4cc_18220', 'ROS_NODE_PORT': '60180', 'HOME': '/home/ccc_v1_w_dd4cc_18220/asn13529_Project_5/asn13530_Project_4/work', 'PATH': '/opt/ros/indigo/bin:/usr/local/sbin:/usr/local/bin:/usr/sbin:/usr/bin:/sbin:/bin:/usr/games:/usr/local/games:/home/local/bin:/home/ccc_v1_s54106__48606/lib:/home/ccc_v1_s54106__48606/asn13529_Project_5/asn13530_Project_4/asnlib:/home/vlibs:.', 'CMAKE_PREFIX_PATH': '/opt/ros/indigo', 'ROS_LOG_FILENAME': '/home/ccc_v1_w_dd4cc_18220/asn13529_Project_5/asn13530_Project_4/work/.ros/log/bec78994-4da7-11e7-abfe-06f360e4abc1/roslaunch-ip-172-31-19-100-8639.log', 'LANG': 'en_US.UTF-8', 'TERM': 'xterm-256color', 'SHELL': '/bin/bash', 'HISTFILE': '/home/ccc_v1_w_dd4cc_18220/.bash_history', 'SHLVL': '2', 'VOC_WORKAREA': '/home/ccc_v1_w_dd4cc_18220/asn13529_Project_5/asn13530_Project_4/work', 'LD_LIBRARY_PATH': '/opt/ros/indigo/lib:/opt/ros/indigo/lib/x86_64-linux-gnu:/home/ccc_v1_s54106__48606/lib:/home/ccc_v1_s54106__48606/asn13529_Project_5/asn13530_Project_4/asnlib:/home/vlibs', 'PART1': '/home/ccc_v1_s54106__48606/asn13529_Project_5/asn13530_Project_4', 'ROS_MASTER_URI': 'http://ip-172-31-19-100:60180/', 'XDG_RUNTIME_DIR': '/run/user/18220', 'PYTHONPATH': '/opt/ros/indigo/lib/python2.7/dist-packages:/home/vlibs/python', 'VOC_PROXY_WRAPPER_PORT': '5100', 'VOC_XFER_TOKEN': '4357498024354243542135300593b91c679ec00.43380991', 'ROS_ROOT': '/opt/ros/indigo/share/ros', 'OLD_HOME': '/home/ccc_v1_w_dd4cc_18220', 'PKG_CONFIG_PATH': '/opt/ros/indigo/lib/pkgconfig:/opt/ros/indigo/lib/x86_64-linux-gnu/pkgconfig', 'ROS_PACKAGE_PATH': '/opt/ros/indigo/share:/opt/ros/indigo/stacks', 'XDG_SESSION_ID': '318477', '_': '/usr/bin/stdbuf', 'LD_PRELOAD': '/usr/lib/coreutils/libstdbuf.so', '_STDBUF_O': 'L', 'SSH_TTY': '/dev/pts/1', 'OLDPWD': '/home/ccc_v1_w_dd4cc_18220', 'ROSLISP_PACKAGE_DIRECTORIES': '', 'VLIB': '/home/vlibs', 'PWD': '/home/ccc_v1_w_dd4cc_18220/asn13529_Project_5/asn13530_Project_4/work', 'VOC_PROXY_ID': '43542_43542_13530_0_1', 'ROS_ETC_DIR': '/opt/ros/indigo/etc/ros', 'MAIL': '/var/mail/ccc_v1_w_dd4cc_18220', 'SSH_CONNECTION': '172.31.7.153 39782 172.31.19.100 22'}]
[roslaunch][INFO] 2017-06-09 23:40:51,932: process[rosout-1]: args[[u'/opt/ros/indigo/lib/rosout/rosout', u'__name:=rosout']]
[roslaunch][INFO] 2017-06-09 23:40:51,936: ... created process [rosout-1]
[roslaunch.pmon][INFO] 2017-06-09 23:40:51,939: ProcessMonitor.register[rosout-1]
[roslaunch.pmon][INFO] 2017-06-09 23:40:51,943: ProcessMonitor.register[rosout-1] complete
[roslaunch][INFO] 2017-06-09 23:40:51,946: ... registered process [rosout-1]
[roslaunch][INFO] 2017-06-09 23:40:51,949: process[rosout-1]: starting os process
[roslaunch][INFO] 2017-06-09 23:40:51,954: process[rosout-1]: start w/ args [[u'/opt/ros/indigo/lib/rosout/rosout', u'__name:=rosout', u'__log:=/home/ccc_v1_w_dd4cc_18220/asn13529_Project_5/asn13530_Project_4/work/.ros/log/bec78994-4da7-11e7-abfe-06f360e4abc1/rosout-1.log']]
[roslaunch][INFO] 2017-06-09 23:40:51,958: process[rosout-1]: cwd will be [/home/ccc_v1_w_dd4cc_18220/asn13529_Project_5/asn13530_Project_4/work/.ros]
[roslaunch][INFO] 2017-06-09 23:40:51,966: process[rosout-1]: started with pid [8668]
[roslaunch][INFO] 2017-06-09 23:40:51,967: ... successfully launched [rosout-1]
[roslaunch][INFO] 2017-06-09 23:40:51,971: load_parameters starting ...
[roslaunch][INFO] 2017-06-09 23:40:51,984: ... load_parameters complete
[roslaunch][INFO] 2017-06-09 23:40:51,987: launch_nodes: launching local nodes ...
[roslaunch][INFO] 2017-06-09 23:40:51,991: ... launch_nodes complete
[roslaunch.pmon][INFO] 2017-06-09 23:40:51,994: registrations completed <ProcessMonitor(ProcessMonitor-1, started daemon 140159513143040)>
[roslaunch.parent][INFO] 2017-06-09 23:40:51,998: ... roslaunch parent running, waiting for process exit
[roslaunch][INFO] 2017-06-09 23:40:52,001: spin
