[roslaunch][INFO] 2017-06-10 18:55:20,146: Checking log directory for disk usage. This may take awhile.
Press Ctrl-C to interrupt
[roslaunch][INFO] 2017-06-10 18:55:20,216: Done checking log file disk usage. Usage is <1GB.
[roslaunch][INFO] 2017-06-10 18:55:20,217: roslaunch starting with args ['roscore', '--core', '-p', '39387']
[roslaunch][INFO] 2017-06-10 18:55:20,220: roslaunch env is {'ROS_DISTRO': 'indigo', 'ASNLIB': '/home/ccc_v1_s54106__48606/asn13529_Project_5/asn13530_Project_4/asnlib', 'LIB': '/home/ccc_v1_s54106__48606/lib', 'PKG_CONFIG_PATH': '/opt/ros/indigo/lib/pkgconfig:/opt/ros/indigo/lib/x86_64-linux-gnu/pkgconfig', 'SSH_CLIENT': '172.31.7.153 52910 22', 'CPATH': '/opt/ros/indigo/include', 'LOGNAME': 'ccc_v1_w_dd4cc_18220', 'USER': 'ccc_v1_w_dd4cc_18220', 'ROS_NODE_PORT': '39387', 'HOME': '/home/ccc_v1_w_dd4cc_18220/asn13529_Project_5/asn13530_Project_4/work', 'PATH': '/opt/ros/indigo/bin:/usr/local/sbin:/usr/local/bin:/usr/sbin:/usr/bin:/sbin:/bin:/usr/games:/usr/local/games:/home/local/bin:/home/ccc_v1_s54106__48606/lib:/home/ccc_v1_s54106__48606/asn13529_Project_5/asn13530_Project_4/asnlib:/home/vlibs:.', 'CMAKE_PREFIX_PATH': '/opt/ros/indigo', 'LD_LIBRARY_PATH': '/opt/ros/indigo/lib:/opt/ros/indigo/lib/x86_64-linux-gnu:/home/ccc_v1_s54106__48606/lib:/home/ccc_v1_s54106__48606/asn13529_Project_5/asn13530_Project_4/asnlib:/home/vlibs', 'LANG': 'en_US.UTF-8', 'TERM': 'xterm-256color', 'SHELL': '/bin/bash', 'HISTFILE': '/home/ccc_v1_w_dd4cc_18220/.bash_history', 'SHLVL': '2', 'VOC_WORKAREA': '/home/ccc_v1_w_dd4cc_18220/asn13529_Project_5/asn13530_Project_4/work', 'ROS_LOG_FILENAME': '/home/ccc_v1_w_dd4cc_18220/asn13529_Project_5/asn13530_Project_4/work/.ros/log/0627ae76-4e49-11e7-b0db-06f360e4abc1/roslaunch-ip-172-31-19-100-24385.log', 'PART1': '/home/ccc_v1_s54106__48606/asn13529_Project_5/asn13530_Project_4', 'ROS_ETC_DIR': '/opt/ros/indigo/etc/ros', 'XDG_RUNTIME_DIR': '/run/user/18220', 'PYTHONPATH': '/opt/ros/indigo/lib/python2.7/dist-packages:/home/vlibs/python', 'VOC_PROXY_WRAPPER_PORT': '5100', 'VOC_XFER_TOKEN': '15076969414354243542135300593c8144dc4446.11083862', 'ROS_ROOT': '/opt/ros/indigo/share/ros', 'OLD_HOME': '/home/ccc_v1_w_dd4cc_18220', 'VOC_PROXY_TOKEN': '119165089343542435421353001593c8144e23c96.83092475', 'ROS_PACKAGE_PATH': '/opt/ros/indigo/share:/opt/ros/indigo/stacks', 'XDG_SESSION_ID': '323450', '_': '/usr/bin/stdbuf', 'LD_PRELOAD': '/usr/lib/coreutils/libstdbuf.so', '_STDBUF_O': 'L', 'SSH_TTY': '/dev/pts/7', 'OLDPWD': '/home/ccc_v1_w_dd4cc_18220', 'ROSLISP_PACKAGE_DIRECTORIES': '', 'VLIB': '/home/vlibs', 'PWD': '/home/ccc_v1_w_dd4cc_18220/asn13529_Project_5/asn13530_Project_4/work', 'VOC_PROXY_ID': '43542_43542_13530_0_1', 'ROS_MASTER_URI': 'http://localhost:39387', 'MAIL': '/var/mail/ccc_v1_w_dd4cc_18220', 'SSH_CONNECTION': '172.31.7.153 52910 172.31.19.100 22'}
[roslaunch][INFO] 2017-06-10 18:55:20,224: starting in server mode
[roslaunch.parent][INFO] 2017-06-10 18:55:20,228: starting roslaunch parent run
[roslaunch][INFO] 2017-06-10 18:55:20,232: loading roscore config file /opt/ros/indigo/etc/ros/roscore.xml
[roslaunch][INFO] 2017-06-10 18:55:20,358: Added core node of type [rosout/rosout] in namespace [/]
[roslaunch.pmon][INFO] 2017-06-10 18:55:20,359: start_process_monitor: creating ProcessMonitor
[roslaunch.pmon][INFO] 2017-06-10 18:55:20,363: created process monitor <ProcessMonitor(ProcessMonitor-1, initial daemon)>
[roslaunch.pmon][INFO] 2017-06-10 18:55:20,367: start_process_monitor: ProcessMonitor started
[roslaunch.parent][INFO] 2017-06-10 18:55:20,371: starting parent XML-RPC server
[roslaunch.server][INFO] 2017-06-10 18:55:20,374: starting roslaunch XML-RPC server
[roslaunch.server][INFO] 2017-06-10 18:55:20,378: waiting for roslaunch XML-RPC server to initialize
[xmlrpc][INFO] 2017-06-10 18:55:20,378: XML-RPC server binding to 0.0.0.0:0
[xmlrpc][INFO] 2017-06-10 18:55:20,385: Started XML-RPC server [http://ip-172-31-19-100:51330/]
[xmlrpc][INFO] 2017-06-10 18:55:20,388: xml rpc node: starting XML-RPC server
[roslaunch][INFO] 2017-06-10 18:55:20,398: started roslaunch server http://ip-172-31-19-100:51330/
[roslaunch.parent][INFO] 2017-06-10 18:55:20,401: ... parent XML-RPC server started
[roslaunch][INFO] 2017-06-10 18:55:20,405: master.is_running[http://ip-172-31-19-100:39387/]
[roslaunch][INFO] 2017-06-10 18:55:20,412: auto-starting new master
[roslaunch][INFO] 2017-06-10 18:55:20,415: create_master_process: rosmaster, /opt/ros/indigo/share/ros, 39387, 3, None
[roslaunch][INFO] 2017-06-10 18:55:20,419: process[master]: launching with args [['rosmaster', '--core', '-p', '39387', '-w', '3']]
[roslaunch.pmon][INFO] 2017-06-10 18:55:20,422: ProcessMonitor.register[master]
[roslaunch.pmon][INFO] 2017-06-10 18:55:20,426: ProcessMonitor.register[master] complete
[roslaunch][INFO] 2017-06-10 18:55:20,429: process[master]: starting os process
[roslaunch][INFO] 2017-06-10 18:55:20,434: process[master]: start w/ args [['rosmaster', '--core', '-p', '39387', '-w', '3', '__log:=/home/ccc_v1_w_dd4cc_18220/asn13529_Project_5/asn13530_Project_4/work/.ros/log/0627ae76-4e49-11e7-b0db-06f360e4abc1/master.log']]
[roslaunch][INFO] 2017-06-10 18:55:20,437: process[master]: cwd will be [/home/ccc_v1_w_dd4cc_18220/asn13529_Project_5/asn13530_Project_4/work/.ros]
[roslaunch][INFO] 2017-06-10 18:55:20,446: process[master]: started with pid [24400]
[roslaunch][INFO] 2017-06-10 18:55:20,447: master.is_running[http://ip-172-31-19-100:39387/]
[roslaunch][INFO] 2017-06-10 18:55:20,551: master.is_running[http://ip-172-31-19-100:39387/]
[roslaunch][INFO] 2017-06-10 18:55:20,656: master.is_running[http://ip-172-31-19-100:39387/]
[roslaunch][INFO] 2017-06-10 18:55:20,661: master.is_running[http://ip-172-31-19-100:39387/]
[roslaunch][INFO] 2017-06-10 18:55:20,666: ROS_MASTER_URI=http://ip-172-31-19-100:39387/
[roslaunch][INFO] 2017-06-10 18:55:20,670: setting /run_id to 0627ae76-4e49-11e7-b0db-06f360e4abc1
[roslaunch][INFO] 2017-06-10 18:55:20,679: setting /roslaunch/uris/host_ip_172_31_19_100__51330' to http://ip-172-31-19-100:51330/
[roslaunch][INFO] 2017-06-10 18:55:20,688: ... preparing to launch node of type [rosout/rosout]
[roslaunch][INFO] 2017-06-10 18:55:20,691: create_node_process: package[rosout] type[rosout] machine[Machine(name[] env_loader[None] address[localhost] ssh_port[22] user[None] assignable[True] timeout[10.0])] master_uri[http://ip-172-31-19-100:39387/]
[roslaunch][INFO] 2017-06-10 18:55:20,695: process[rosout-1]: env[{'ROS_DISTRO': 'indigo', 'ASNLIB': '/home/ccc_v1_s54106__48606/asn13529_Project_5/asn13530_Project_4/asnlib', 'LIB': '/home/ccc_v1_s54106__48606/lib', 'VOC_PROXY_TOKEN': '119165089343542435421353001593c8144e23c96.83092475', 'SSH_CLIENT': '172.31.7.153 52910 22', 'CPATH': '/opt/ros/indigo/include', 'LOGNAME': 'ccc_v1_w_dd4cc_18220', 'USER': 'ccc_v1_w_dd4cc_18220', 'ROS_NODE_PORT': '39387', 'HOME': '/home/ccc_v1_w_dd4cc_18220/asn13529_Project_5/asn13530_Project_4/work', 'PATH': '/opt/ros/indigo/bin:/usr/local/sbin:/usr/local/bin:/usr/sbin:/usr/bin:/sbin:/bin:/usr/games:/usr/local/games:/home/local/bin:/home/ccc_v1_s54106__48606/lib:/home/ccc_v1_s54106__48606/asn13529_Project_5/asn13530_Project_4/asnlib:/home/vlibs:.', 'CMAKE_PREFIX_PATH': '/opt/ros/indigo', 'ROS_LOG_FILENAME': '/home/ccc_v1_w_dd4cc_18220/asn13529_Project_5/asn13530_Project_4/work/.ros/log/0627ae76-4e49-11e7-b0db-06f360e4abc1/roslaunch-ip-172-31-19-100-24385.log', 'LANG': 'en_US.UTF-8', 'TERM': 'xterm-256color', 'SHELL': '/bin/bash', 'HISTFILE': '/home/ccc_v1_w_dd4cc_18220/.bash_history', 'SHLVL': '2', 'VOC_WORKAREA': '/home/ccc_v1_w_dd4cc_18220/asn13529_Project_5/asn13530_Project_4/work', 'LD_LIBRARY_PATH': '/opt/ros/indigo/lib:/opt/ros/indigo/lib/x86_64-linux-gnu:/home/ccc_v1_s54106__48606/lib:/home/ccc_v1_s54106__48606/asn13529_Project_5/asn13530_Project_4/asnlib:/home/vlibs', 'PART1': '/home/ccc_v1_s54106__48606/asn13529_Project_5/asn13530_Project_4', 'ROS_MASTER_URI': 'http://ip-172-31-19-100:39387/', 'XDG_RUNTIME_DIR': '/run/user/18220', 'PYTHONPATH': '/opt/ros/indigo/lib/python2.7/dist-packages:/home/vlibs/python', 'VOC_PROXY_WRAPPER_PORT': '5100', 'VOC_XFER_TOKEN': '15076969414354243542135300593c8144dc4446.11083862', 'ROS_ROOT': '/opt/ros/indigo/share/ros', 'OLD_HOME': '/home/ccc_v1_w_dd4cc_18220', 'PKG_CONFIG_PATH': '/opt/ros/indigo/lib/pkgconfig:/opt/ros/indigo/lib/x86_64-linux-gnu/pkgconfig', 'ROS_PACKAGE_PATH': '/opt/ros/indigo/share:/opt/ros/indigo/stacks', 'XDG_SESSION_ID': '323450', '_': '/usr/bin/stdbuf', 'LD_PRELOAD': '/usr/lib/coreutils/libstdbuf.so', '_STDBUF_O': 'L', 'SSH_TTY': '/dev/pts/7', 'OLDPWD': '/home/ccc_v1_w_dd4cc_18220', 'ROSLISP_PACKAGE_DIRECTORIES': '', 'VLIB': '/home/vlibs', 'PWD': '/home/ccc_v1_w_dd4cc_18220/asn13529_Project_5/asn13530_Project_4/work', 'VOC_PROXY_ID': '43542_43542_13530_0_1', 'ROS_ETC_DIR': '/opt/ros/indigo/etc/ros', 'MAIL': '/var/mail/ccc_v1_w_dd4cc_18220', 'SSH_CONNECTION': '172.31.7.153 52910 172.31.19.100 22'}]
[roslaunch][INFO] 2017-06-10 18:55:20,730: process[rosout-1]: args[[u'/opt/ros/indigo/lib/rosout/rosout', u'__name:=rosout']]
[roslaunch][INFO] 2017-06-10 18:55:20,734: ... created process [rosout-1]
[roslaunch.pmon][INFO] 2017-06-10 18:55:20,739: ProcessMonitor.register[rosout-1]
[roslaunch.pmon][INFO] 2017-06-10 18:55:20,746: ProcessMonitor.register[rosout-1] complete
[roslaunch][INFO] 2017-06-10 18:55:20,750: ... registered process [rosout-1]
[roslaunch][INFO] 2017-06-10 18:55:20,753: process[rosout-1]: starting os process
[roslaunch][INFO] 2017-06-10 18:55:20,758: process[rosout-1]: start w/ args [[u'/opt/ros/indigo/lib/rosout/rosout', u'__name:=rosout', u'__log:=/home/ccc_v1_w_dd4cc_18220/asn13529_Project_5/asn13530_Project_4/work/.ros/log/0627ae76-4e49-11e7-b0db-06f360e4abc1/rosout-1.log']]
[roslaunch][INFO] 2017-06-10 18:55:20,762: process[rosout-1]: cwd will be [/home/ccc_v1_w_dd4cc_18220/asn13529_Project_5/asn13530_Project_4/work/.ros]
[roslaunch][INFO] 2017-06-10 18:55:20,770: process[rosout-1]: started with pid [24414]
[roslaunch][INFO] 2017-06-10 18:55:20,771: ... successfully launched [rosout-1]
[roslaunch][INFO] 2017-06-10 18:55:20,776: load_parameters starting ...
[roslaunch][INFO] 2017-06-10 18:55:20,790: ... load_parameters complete
[roslaunch][INFO] 2017-06-10 18:55:20,794: launch_nodes: launching local nodes ...
[roslaunch][INFO] 2017-06-10 18:55:20,797: ... launch_nodes complete
[roslaunch.pmon][INFO] 2017-06-10 18:55:20,801: registrations completed <ProcessMonitor(ProcessMonitor-1, started daemon 140045948929792)>
[roslaunch.parent][INFO] 2017-06-10 18:55:20,805: ... roslaunch parent running, waiting for process exit
[roslaunch][INFO] 2017-06-10 18:55:20,808: spin
